sec6-res-util-pool-c4m2,,2753,,pool,,2,,435,,528,,164,,7.07839202699e-08,,Cannot find cue ball
sec6-res-util-pool-c4m2,,2758,,pool,,2,,376,,520,,156,,6.50474982195e-07,,Cannot find object ball
sec6-res-util-pool-c4m2,,2764,,pool,,2,,378,,467,,103,,0.95904,,Cannot find cue ball
sec6-res-util-pool-c4m2,,2768,,pool,,2,,375,,495,,132,,0.000504799081786,,Cannot find cue ball
sec6-res-util-pool-c4m2,,2773,,pool,,2,,375,,445,,81,,1.0,,Cannot find cue ball
sec6-res-util-pool-c4m2,,2776,,pool,,2,,374,,465,,101,,0.98704,,Cannot find cue ball
sec6-res-util-pool-c4m2,,2780,,pool,,2,,379,,441,,76,,1.0,,Cannot find object ball
sec6-res-util-pool-c4m2,,2783,,pool,,2,,375,,451,,87,,1.0,,Cannot find object ball
sec6-res-util-pool-c4m2,,2787,,pool,,2,,374,,435,,70,,1.0,,speech: left
sec6-res-util-pool-c4m2,,2790,,pool,,2,,374,,456,,92,,1.0,,Cannot find object ball
sec6-res-util-pool-c4m2,,2794,,pool,,2,,374,,446,,81,,1.0,,Cannot find object ball
sec6-res-util-pool-c4m2,,2797,,pool,,2,,380,,527,,265,,4.87890977618e-20,,Cannot find object ball
sec6-res-util-pool-c4m2,,2806,,pool,,2,,379,,464,,99,,0.99744,,Cannot find object ball
sec6-res-util-pool-c4m2,,2810,,pool,,2,,375,,500,,135,,0.0002197265625,,speech: left
sec6-res-util-pool-c4m2,,2815,,pool,,2,,375,,443,,78,,1.0,,Cannot find object ball
sec6-res-util-pool-c4m2,,2818,,pool,,2,,375,,450,,85,,1.0,,Cannot find object ball
sec6-res-util-pool-c4m2,,2821,,pool,,2,,375,,444,,80,,1.0,,Cannot find object ball
sec6-res-util-pool-c4m2,,2825,,pool,,2,,375,,445,,81,,1.0,,Cannot find object ball
sec6-res-util-pool-c4m2,,2828,,pool,,2,,375,,446,,82,,1.0,,speech: left
sec6-res-util-pool-c4m2,,2831,,pool,,2,,373,,435,,70,,1.0,,Cannot find object ball
sec6-res-util-pool-c4m2,,2834,,pool,,2,,375,,492,,151,,2.60189992878e-06,,Cannot find object ball
sec6-res-util-pool-c4m2,,2840,,pool,,2,,375,,527,,163,,9.33999427517e-08,,Cannot find object ball
sec6-res-util-pool-c4m2,,2845,,pool,,2,,385,,585,,287,,1.09460852228e-22,,Cannot find object ball
sec6-res-util-pool-c4m2,,2855,,pool,,2,,378,,495,,131,,0.000666086381767,,Cannot find object ball
sec6-res-util-pool-c4m2,,2860,,pool,,2,,375,,536,,172,,7.70262270791e-09,,Cannot find object ball
sec6-res-util-pool-c4m2,,2866,,pool,,2,,373,,507,,143,,2.39103853444e-05,,speech: left
sec6-res-util-pool-c4m2,,2871,,pool,,2,,379,,547,,183,,3.64843526374e-10,,Cannot find cue top
sec6-res-util-pool-c4m2,,2877,,pool,,2,,374,,553,,203,,1.4251700249e-12,,Cannot find cue top
sec6-res-util-pool-c4m2,,2884,,pool,,2,,391,,524,,160,,2.14576721191e-07,,Cannot find cue top
sec6-res-util-pool-c4m2,,2890,,pool,,2,,373,,611,,343,,1.97782071956e-29,,Cannot find cue bottom
sec6-res-util-pool-c4m2,,2901,,pool,,2,,377,,447,,84,,1.0,,Cannot find cue top
sec6-res-util-pool-c4m2,,2905,,pool,,2,,378,,447,,83,,1.0,,Cannot find cue top
sec6-res-util-pool-c4m2,,2908,,pool,,2,,376,,508,,143,,2.39103853444e-05,,Cannot find cue bottom
sec6-res-util-pool-c4m2,,2913,,pool,,2,,376,,481,,117,,0.0323071412343,,Cannot find cue top
sec6-res-util-pool-c4m2,,2917,,pool,,2,,387,,542,,244,,1.64806657168e-17,,Cannot find cue bottom
sec6-res-util-pool-c4m2,,2926,,pool,,2,,376,,552,,188,,9.12108815935e-11,,Cannot find cue bottom
sec6-res-util-pool-c4m2,,2932,,pool,,2,,378,,521,,265,,4.87890977618e-20,,Cannot find cue top
sec6-res-util-pool-c4m2,,2941,,pool,,2,,379,,521,,158,,3.73599771007e-07,,Cannot find cue top
sec6-res-util-pool-c4m2,,2962,,pool,,2,,384,,453,,89,,1.0,,Cannot find cue top
sec6-res-util-pool-c4m2,,2965,,pool,,2,,395,,502,,138,,9.56415413777e-05,,Cannot find cue top
sec6-res-util-pool-c4m2,,2970,,pool,,2,,375,,554,,215,,5.11590769747e-14,,Cannot find cue top
sec6-res-util-pool-c4m2,,2978,,pool,,2,,376,,421,,57,,1.0,,Cannot find cue top
sec6-res-util-pool-c4m2,,2980,,pool,,2,,375,,425,,61,,1.0,,Cannot find cue top
sec6-res-util-pool-c4m2,,2983,,pool,,2,,376,,443,,80,,1.0,,Cannot find cue top
sec6-res-util-pool-c4m2,,2987,,pool,,2,,376,,444,,80,,1.0,,Cannot find cue top
sec6-res-util-pool-c4m2,,2990,,pool,,2,,375,,444,,80,,1.0,,Cannot find cue top
sec6-res-util-pool-c4m2,,2993,,pool,,2,,377,,451,,86,,1.0,,Cannot find cue bottom
sec6-res-util-pool-c4m2,,2997,,pool,,2,,377,,454,,90,,1.0,,Cannot find cue top
sec6-res-util-pool-c4m2,,3000,,pool,,2,,375,,457,,93,,1.0,,Cannot find cue top
sec6-res-util-pool-c4m2,,3004,,pool,,2,,375,,531,,225,,3.19744231092e-15,,Cannot find cue ball
sec6-res-util-pool-c4m2,,3014,,pool,,2,,376,,517,,155,,8.58306884766e-07,,Cannot find cue bottom
sec6-res-util-pool-c4m2,,3019,,pool,,2,,381,,455,,92,,1.0,,Cannot find cue top
sec6-res-util-pool-c4m2,,3023,,pool,,2,,375,,486,,122,,0.00807678530857,,Cannot find cue top
sec6-res-util-pool-c4m2,,3027,,pool,,2,,376,,437,,73,,1.0,,Cannot find cue bottom
sec6-res-util-pool-c4m2,,3030,,pool,,2,,376,,454,,89,,1.0,,Cannot find object ball
sec6-res-util-pool-c4m2,,3034,,pool,,2,,374,,507,,144,,1.81206835891e-05,,Cannot find cue ball
sec6-res-util-pool-c4m2,,3039,,pool,,2,,375,,501,,137,,0.000126199770446,,Cannot find cue ball
sec6-res-util-pool-c4m2,,3044,,pool,,2,,375,,593,,322,,6.680960219e-27,,Cannot find cue ball
sec6-res-util-pool-c4m2,,3055,,pool,,2,,375,,555,,190,,5.23868948221e-11,,Cannot find object ball
sec6-res-util-pool-c4m2,,3061,,pool,,2,,394,,576,,263,,8.49467530786e-20,,Cannot find object ball
sec6-res-util-pool-c4m2,,3070,,pool,,2,,376,,544,,180,,8.38190317154e-10,,Cannot find object ball
sec6-res-util-pool-c4m2,,3076,,pool,,2,,389,,574,,271,,9.24380546784e-21,,Cannot find object ball
sec6-res-util-pool-c4m2,,3085,,pool,,2,,381,,608,,270,,1.21972744405e-20,,Cannot find object ball
sec6-res-util-pool-c4m2,,3094,,pool,,2,,375,,562,,197,,7.5220924882e-12,,Cannot find object ball
sec6-res-util-pool-c4m2,,3101,,pool,,2,,374,,678,,356,,5.38060294222e-31,,Cannot find cue bottom
sec6-res-util-pool-c4m2,,3113,,pool,,2,,375,,433,,70,,1.0,,Cannot find cue top
sec6-res-util-pool-c4m2,,3116,,pool,,2,,375,,471,,107,,0.516914259749,,Cannot find cue top
sec6-res-util-pool-c4m2,,3120,,pool,,2,,376,,535,,249,,4.1201664292e-18,,Cannot find cue bottom
sec6-res-util-pool-c4m2,,3128,,pool,,2,,375,,460,,96,,0.99999,,Cannot find cue bottom
sec6-res-util-pool-c4m2,,3132,,pool,,2,,374,,538,,174,,4.42399501687e-09,,Cannot find cue bottom
sec6-res-util-pool-c4m2,,3138,,pool,,2,,375,,425,,61,,1.0,,Cannot find cue bottom
sec6-res-util-pool-c4m2,,3141,,pool,,2,,375,,575,,268,,2.12366882696e-20,,Cannot find cue bottom
sec6-res-util-pool-c4m2,,3182,,pool,,2,,382,,526,,161,,1.62618745549e-07,,Cannot find object ball
sec6-res-util-pool-c4m2,,3187,,pool,,2,,388,,608,,256,,5.91603549942e-19,,Cannot find cue bottom
sec6-res-util-pool-c4m2,,3223,,pool,,2,,382,,566,,202,,1.88052312205e-12,,Cannot find cue bottom
sec6-res-util-pool-c4m2,,3230,,pool,,2,,381,,461,,97,,0.99984,,Cannot find cue bottom
sec6-res-util-pool-c4m2,,3233,,pool,,2,,375,,474,,110,,0.225,,Cannot find cue bottom
sec6-res-util-pool-c4m2,,3254,,pool,,2,,382,,440,,75,,1.0,,Cannot find cue top
sec6-res-util-pool-c4m2,,3257,,pool,,2,,377,,512,,148,,5.97759633611e-06,,Cannot find cue top
sec6-res-util-pool-c4m2,,3262,,pool,,2,,400,,559,,329,,9.59301001671e-28,,Cannot find cue top
sec6-res-util-pool-c4m2,,3273,,pool,,2,,377,,458,,93,,1.0,,Cannot find cue top
sec6-res-util-pool-c4m2,,3276,,pool,,2,,375,,425,,60,,1.0,,Cannot find cue top
sec6-res-util-pool-c4m2,,3279,,pool,,2,,375,,429,,65,,1.0,,Cannot find cue bottom
sec6-res-util-pool-c4m2,,3282,,pool,,2,,375,,424,,70,,1.0,,Cannot find cue bottom
sec6-res-util-pool-c4m2,,3285,,pool,,2,,376,,444,,79,,1.0,,Cannot find cue top
sec6-res-util-pool-c4m2,,3294,,pool,,2,,380,,469,,105,,0.9,,Cannot find cue top
sec6-res-util-pool-c4m2,,3298,,pool,,2,,375,,514,,150,,3.43322753906e-06,,Cannot find cue top
sec6-res-util-pool-c4m2,,3303,,pool,,2,,377,,484,,119,,0.0185555799952,,Cannot find cue top
sec6-res-util-pool-c4m2,,3307,,pool,,2,,397,,455,,132,,0.000504799081786,,Cannot find cue top
sec6-res-util-pool-c4m2,,3312,,pool,,2,,376,,546,,182,,4.81413919245e-10,,Cannot find cue bottom
sec6-res-util-pool-c4m2,,3318,,pool,,2,,380,,559,,291,,3.61086151088e-23,,Cannot find cue ball
sec6-res-util-pool-c4m2,,3328,,pool,,2,,400,,549,,185,,2.09547579288e-10,,Cannot find cue bottom
sec6-res-util-pool-c4m2,,3334,,pool,,2,,384,,540,,267,,2.80219781704e-20,,Cannot find cue bottom
sec6-res-util-pool-c4m2,,3343,,pool,,2,,387,,697,,383,,3.01791491632e-34,,Cannot find cue bottom
sec6-res-util-pool-c4m2,,3356,,pool,,2,,378,,624,,267,,2.80219781704e-20,,Cannot find cue bottom
sec6-res-util-pool-c4m2,,3365,,pool,,2,,377,,523,,159,,2.8313568108e-07,,Cannot find cue bottom
sec6-res-util-pool-c4m2,,3370,,pool,,2,,387,,491,,126,,0.00266434552707,,Cannot find cue bottom
sec6-res-util-pool-c4m2,,3375,,pool,,2,,376,,478,,113,,0.0979369383708,,Cannot find cue bottom
sec6-res-util-pool-c4m2,,3379,,pool,,2,,390,,599,,310,,1.86115637824e-25,,Cannot find cue bottom
sec6-res-util-pool-c4m2,,3389,,pool,,2,,377,,575,,210,,2.04636307899e-13,,Cannot find cue bottom
sec6-res-util-pool-c4m2,,3397,,pool,,2,,376,,528,,246,,9.46565679907e-18,,Cannot find cue bottom
sec6-res-util-pool-c4m2,,3405,,pool,,2,,375,,602,,279,,1.00590000713e-21,,Cannot find cue bottom
sec6-res-util-pool-c4m2,,3414,,pool,,2,,375,,575,,210,,2.04636307899e-13,,Cannot find cue bottom
sec6-res-util-pool-c4m2,,3421,,pool,,2,,377,,502,,138,,9.56415413777e-05,,Cannot find cue bottom
sec6-res-util-pool-c4m2,,3426,,pool,,2,,377,,463,,100,,0.99375,,Cannot find cue bottom
sec6-res-util-pool-c4m2,,3430,,pool,,2,,376,,426,,61,,1.0,,Cannot find cue top
sec6-res-util-pool-c4m2,,3433,,pool,,2,,379,,442,,78,,1.0,,Cannot find cue top
sec6-res-util-pool-c4m2,,3436,,pool,,2,,377,,505,,141,,4.16303988605e-05,,Cannot find cue top
sec6-res-util-pool-c4m2,,3441,,pool,,2,,376,,470,,106,,0.68207245493,,Cannot find cue top
sec6-res-util-pool-c4m2,,3445,,pool,,2,,390,,507,,142,,3.15499426116e-05,,Cannot find cue top
sec6-res-util-pool-c4m2,,3473,,pool,,2,,381,,488,,124,,0.00463889499881,,Cannot find cue top
sec6-res-util-pool-c4m2,,3477,,pool,,2,,374,,438,,74,,1.0,,Cannot find cue top
sec6-res-util-pool-c4m2,,3480,,pool,,2,,373,,438,,73,,1.0,,Cannot find cue top
sec6-res-util-pool-c4m2,,3483,,pool,,2,,375,,441,,76,,1.0,,Cannot find cue top
sec6-res-util-pool-c4m2,,3486,,pool,,2,,376,,444,,80,,1.0,,Cannot find cue top
sec6-res-util-pool-c4m2,,3490,,pool,,2,,377,,441,,76,,1.0,,Cannot find cue top
sec6-res-util-pool-c4m2,,3493,,pool,,2,,377,,435,,71,,1.0,,Cannot find cue top
sec6-res-util-pool-c4m2,,3509,,pool,,2,,384,,446,,82,,1.0,,Cannot find cue top
sec6-res-util-pool-c4m2,,3512,,pool,,2,,376,,485,,121,,0.0106573821083,,Cannot find cue top
sec6-res-util-pool-c4m2,,3516,,pool,,2,,373,,476,,111,,0.170518113732,,Cannot find cue top
sec6-res-util-pool-c4m2,,3520,,pool,,2,,374,,522,,215,,5.11590769747e-14,,Cannot find cue bottom
sec6-res-util-pool-c4m2,,3528,,pool,,2,,376,,585,,280,,7.62329652529e-22,,Cannot find cue bottom
sec6-res-util-pool-c4m2,,3538,,pool,,2,,376,,450,,86,,1.0,,Cannot find cue top
sec6-res-util-pool-c4m2,,3541,,pool,,2,,377,,606,,342,,2.60975008555e-29,,Cannot find cue bottom
sec6-res-util-pool-c4m2,,3552,,pool,,2,,376,,457,,93,,1.0,,Cannot find cue top
sec6-res-util-pool-c4m2,,3556,,pool,,2,,375,,442,,77,,1.0,,Cannot find cue top
sec6-res-util-pool-c4m2,,3559,,pool,,2,,393,,600,,254,,1.0300416073e-18,,Cannot find cue ball
sec6-res-util-pool-c4m2,,3568,,pool,,2,,376,,534,,170,,1.34110450745e-08,,Cannot find cue ball
sec6-res-util-pool-c4m2,,3580,,pool,,2,,376,,540,,176,,2.5409178992e-09,,Cannot find cue ball
sec6-res-util-pool-c4m2,,3586,,pool,,2,,373,,472,,107,,0.516914259749,,Cannot find cue bottom
sec6-res-util-pool-c4m2,,3590,,pool,,2,,373,,450,,86,,1.0,,speech: left
sec6-res-util-pool-c4m2,,3593,,pool,,2,,373,,476,,111,,0.170518113732,,Cannot find cue bottom
sec6-res-util-pool-c4m2,,3598,,pool,,2,,374,,454,,90,,1.0,,Cannot find cue bottom
sec6-res-util-pool-c4m2,,3601,,pool,,2,,375,,470,,105,,0.9,,Cannot find cue bottom
sec6-res-util-pool-c4m2,,3605,,pool,,2,,373,,582,,252,,1.79340660291e-18,,Cannot find cue bottom
sec6-res-util-pool-c4m2,,3614,,pool,,2,,375,,637,,384,,2.28715181749e-34,,Cannot find cue bottom
sec6-res-util-pool-c4m2,,3626,,pool,,2,,379,,604,,278,,1.32729301685e-21,,Cannot find cue bottom
sec6-res-util-pool-c4m2,,3635,,pool,,2,,382,,560,,195,,1.30967237055e-11,,Cannot find cue bottom
sec6-res-util-pool-c4m2,,3642,,pool,,2,,376,,539,,259,,2.57510401825e-19,,Cannot find cue bottom
sec6-res-util-pool-c4m2,,3651,,pool,,2,,374,,562,,198,,5.70068009959e-12,,speech: right
sec6-res-util-pool-c4m2,,3657,,pool,,2,,374,,565,,201,,2.48136513594e-12,,Cannot find cue ball
sec6-res-util-pool-c4m2,,3664,,pool,,2,,390,,457,,92,,1.0,,Cannot find cue top
sec6-res-util-pool-c4m2,,3668,,pool,,2,,373,,447,,92,,1.0,,Cannot find cue top
sec6-res-util-pool-c4m2,,3672,,pool,,2,,375,,469,,105,,0.9,,Cannot find cue top
sec6-res-util-pool-c4m2,,3676,,pool,,2,,400,,600,,249,,4.1201664292e-18,,Cannot find cue top
sec6-res-util-pool-c4m2,,3684,,pool,,2,,378,,444,,82,,1.0,,Cannot find cue top
sec6-res-util-pool-c4m2,,3688,,pool,,2,,376,,453,,88,,1.0,,Cannot find cue bottom
sec6-res-util-pool-c4m2,,3691,,pool,,2,,376,,443,,79,,1.0,,Cannot find cue bottom
sec6-res-util-pool-c4m2,,3694,,pool,,2,,385,,435,,70,,1.0,,Cannot find cue bottom
sec6-res-util-pool-c4m2,,3697,,pool,,2,,377,,585,,252,,1.79340660291e-18,,Cannot find cue ball
sec6-res-util-pool-c4m2,,3706,,pool,,2,,376,,458,,94,,1.0,,Cannot find cue bottom
sec6-res-util-pool-c4m2,,3710,,pool,,2,,379,,508,,143,,2.39103853444e-05,,Cannot find cue bottom
sec6-res-util-pool-c4m2,,3715,,pool,,2,,376,,444,,80,,1.0,,Cannot find cue bottom
sec6-res-util-pool-c4m2,,3718,,pool,,2,,376,,528,,164,,7.07839202699e-08,,Cannot find cue bottom
sec6-res-util-pool-c4m2,,3724,,pool,,2,,376,,634,,292,,2.7365213057e-23,,Cannot find cue bottom
sec6-res-util-pool-c4m2,,3734,,pool,,2,,379,,438,,73,,1.0,,Cannot find cue bottom
sec6-res-util-pool-c4m2,,3737,,pool,,2,,384,,447,,83,,1.0,,Cannot find cue bottom
sec6-res-util-pool-c4m2,,3740,,pool,,2,,378,,483,,119,,0.0185555799952,,Cannot find cue bottom
sec6-res-util-pool-c4m2,,3745,,pool,,2,,376,,539,,174,,4.42399501687e-09,,Cannot find cue bottom
sec6-res-util-pool-c4m2,,3765,,pool,,2,,383,,585,,221,,9.69283256225e-15,,Cannot find cue bottom
sec6-res-util-pool-c4m2,,3772,,pool,,2,,382,,459,,94,,1.0,,Cannot find cue bottom
sec6-res-util-pool-c4m2,,3776,,pool,,2,,376,,584,,302,,1.71032581607e-24,,Cannot find cue bottom
sec6-res-util-pool-c4m2,,3786,,pool,,2,,375,,458,,93,,1.0,,Cannot find cue top
sec6-res-util-pool-c4m2,,3789,,pool,,2,,376,,556,,191,,3.9701842175e-11,,Cannot find cue top
sec6-res-util-pool-c4m2,,3796,,pool,,2,,410,,547,,241,,3.78626271963e-17,,Cannot find cue bottom
sec6-res-util-pool-c4m2,,3817,,pool,,2,,381,,463,,98,,0.99919,,Cannot find cue bottom
sec6-res-util-pool-c4m2,,3820,,pool,,2,,383,,528,,163,,9.33999427517e-08,,Cannot find cue bottom
sec6-res-util-pool-c4m2,,3826,,pool,,2,,376,,454,,90,,1.0,,Cannot find cue bottom
sec6-res-util-pool-c4m2,,3830,,pool,,2,,376,,430,,66,,1.0,,Cannot find cue bottom
sec6-res-util-pool-c4m2,,3833,,pool,,2,,381,,584,,253,,1.35914804926e-18,,Cannot find cue top
sec6-res-util-pool-c4m2,,3841,,pool,,2,,375,,456,,91,,1.0,,Cannot find cue bottom
sec6-res-util-pool-c4m2,,3844,,pool,,2,,375,,466,,101,,0.98704,,Cannot find cue ball
sec6-res-util-pool-c4m2,,3848,,pool,,2,,373,,514,,150,,3.43322753906e-06,,Cannot find object ball
sec6-res-util-pool-c4m2,,3854,,pool,,2,,375,,487,,167,,3.08104908317e-08,,Cannot find cue ball
sec6-res-util-pool-c4m2,,3859,,pool,,2,,376,,474,,110,,0.225,,Cannot find object ball
sec6-res-util-pool-c4m2,,3864,,pool,,2,,374,,477,,113,,0.0979369383708,,speech: right
sec6-res-util-pool-c4m2,,3868,,pool,,2,,375,,508,,144,,1.81206835891e-05,,Cannot find object ball
sec6-res-util-pool-c4m2,,3873,,pool,,2,,376,,537,,239,,6.59226628672e-17,,Cannot find cue ball
sec6-res-util-pool-c4m2,,3881,,pool,,2,,375,,473,,109,,0.296889279924,,Cannot find cue ball
sec6-res-util-pool-c4m2,,3885,,pool,,2,,373,,488,,125,,0.003515625,,Cannot find cue ball
sec6-res-util-pool-c4m2,,3890,,pool,,2,,378,,497,,133,,0.000382566165511,,speech: left
sec6-res-util-pool-c4m2,,3894,,pool,,2,,375,,455,,90,,1.0,,Cannot find object ball
sec6-res-util-pool-c4m2,,3898,,pool,,2,,374,,515,,151,,2.60189992878e-06,,Cannot find object ball
sec6-res-util-pool-c4m2,,3903,,pool,,2,,374,,530,,248,,5.43659219703e-18,,Cannot find cue bottom
sec6-res-util-pool-c4m2,,3912,,pool,,2,,375,,439,,74,,1.0,,Cannot find cue top
sec6-res-util-pool-c4m2,,3915,,pool,,2,,374,,437,,73,,1.0,,Cannot find cue top
sec6-res-util-pool-c4m2,,3918,,pool,,2,,374,,451,,87,,1.0,,Cannot find cue bottom
sec6-res-util-pool-c4m2,,3921,,pool,,2,,377,,455,,91,,1.0,,Cannot find cue top
sec6-res-util-pool-c4m2,,3925,,pool,,2,,375,,435,,73,,1.0,,Cannot find cue top
sec6-res-util-pool-c4m2,,3928,,pool,,2,,375,,518,,154,,1.13254272432e-06,,Cannot find cue top
sec6-res-util-pool-c4m2,,3934,,pool,,2,,376,,627,,263,,8.49467530786e-20,,Cannot find cue bottom
sec6-res-util-pool-c4m2,,3942,,pool,,2,,375,,462,,98,,0.99919,,Cannot find cue bottom
sec6-res-util-pool-c4m2,,3946,,pool,,2,,384,,524,,261,,1.47900887485e-19,,Cannot find cue bottom
sec6-res-util-pool-c4m2,,3955,,pool,,2,,377,,556,,191,,3.9701842175e-11,,Cannot find cue bottom
sec6-res-util-pool-c4m2,,3961,,pool,,2,,380,,539,,263,,8.49467530786e-20,,Cannot find cue top
sec6-res-util-pool-c4m2,,3970,,pool,,2,,375,,446,,82,,1.0,,Cannot find cue top
sec6-res-util-pool-c4m2,,3973,,pool,,2,,375,,609,,269,,1.60944001141e-20,,Cannot find cue top
sec6-res-util-pool-c4m2,,3982,,pool,,2,,378,,450,,86,,1.0,,Cannot find cue top
sec6-res-util-pool-c4m2,,3986,,pool,,2,,379,,512,,149,,4.53017089728e-06,,Cannot find cue top
sec6-res-util-pool-c4m2,,3991,,pool,,2,,395,,453,,89,,1.0,,Cannot find cue top
sec6-res-util-pool-c4m2,,3995,,pool,,2,,375,,576,,275,,3.04931861012e-21,,Cannot find cue top
sec6-res-util-pool-c4m2,,4004,,pool,,2,,385,,498,,133,,0.000382566165511,,Cannot find cue top
sec6-res-util-pool-c4m2,,4009,,pool,,2,,406,,556,,192,,3.00883699528e-11,,Cannot find cue top
sec6-res-util-pool-c4m2,,4015,,pool,,2,,384,,525,,196,,9.92546054374e-12,,Cannot find cue top
sec6-res-util-pool-c4m2,,4022,,pool,,2,,376,,430,,94,,1.0,,Cannot find cue top
sec6-res-util-pool-c4m2,,4026,,pool,,2,,376,,485,,121,,0.0106573821083,,Cannot find cue top
sec6-res-util-pool-c4m2,,4030,,pool,,2,,376,,527,,163,,9.33999427517e-08,,Cannot find cue bottom
sec6-res-util-pool-c4m2,,4036,,pool,,2,,392,,520,,222,,7.3457934455e-15,,Cannot find cue bottom
sec6-res-util-pool-c4m2,,4044,,pool,,2,,376,,485,,120,,0.0140625,,Cannot find cue bottom
sec6-res-util-pool-c4m2,,4048,,pool,,2,,390,,506,,141,,4.16303988605e-05,,Cannot find cue bottom
sec6-res-util-pool-c4m2,,4053,,pool,,2,,383,,551,,186,,1.588073687e-10,,Cannot find cue top
sec6-res-util-pool-c4m2,,4060,,pool,,2,,375,,522,,254,,1.0300416073e-18,,Cannot find cue top
sec6-res-util-pool-c4m2,,4079,,pool,,2,,388,,518,,154,,1.13254272432e-06,,Cannot find cue bottom
sec6-res-util-pool-c4m2,,4084,,pool,,2,,398,,520,,156,,6.50474982195e-07,,Cannot find cue top
sec6-res-util-pool-c4m2,,4090,,pool,,2,,376,,452,,88,,1.0,,Cannot find cue top
sec6-res-util-pool-c4m2,,4093,,pool,,2,,397,,562,,273,,5.30917206741e-21,,Cannot find cue top
sec6-res-util-pool-c4m2,,4102,,pool,,2,,395,,525,,160,,2.14576721191e-07,,Cannot find cue top
sec6-res-util-pool-c4m2,,4108,,pool,,2,,405,,532,,167,,3.08104908317e-08,,Cannot find cue top
sec6-res-util-pool-c4m2,,4114,,pool,,2,,376,,445,,80,,1.0,,Cannot find cue top
sec6-res-util-pool-c4m2,,4117,,pool,,2,,392,,547,,183,,3.64843526374e-10,,Cannot find cue top
sec6-res-util-pool-c4m2,,4124,,pool,,2,,381,,522,,179,,1.10599875422e-09,,Cannot find cue top
sec6-res-util-pool-c4m2,,4130,,pool,,2,,374,,448,,83,,1.0,,Cannot find cue top
sec6-res-util-pool-c4m2,,4133,,pool,,2,,378,,561,,197,,7.5220924882e-12,,Cannot find cue top
sec6-res-util-pool-c4m2,,4140,,pool,,2,,378,,435,,70,,1.0,,Cannot find cue top
sec6-res-util-pool-c4m2,,4143,,pool,,2,,376,,480,,115,,0.05625,,Cannot find cue top
sec6-res-util-pool-c4m2,,4147,,pool,,2,,389,,509,,144,,1.81206835891e-05,,Cannot find cue top
sec6-res-util-pool-c4m2,,3,,pool,,2,,375,,562,,238,,8.69854751525e-17,,Cannot find cue bottom
sec6-res-util-pool-c4m2,,12,,pool,,2,,376,,596,,276,,2.31095136696e-21,,Cannot find cue bottom
sec6-res-util-pool-c4m2,,21,,pool,,2,,375,,581,,276,,2.31095136696e-21,,Cannot find cue bottom
sec6-res-util-pool-c4m2,,30,,pool,,2,,377,,466,,102,,0.97599,,Cannot find cue bottom
sec6-res-util-pool-c4m2,,34,,pool,,2,,375,,544,,180,,8.38190317154e-10,,Cannot find cue bottom
sec6-res-util-pool-c4m2,,40,,pool,,2,,389,,492,,128,,0.00153026466204,,Cannot find cue bottom
sec6-res-util-pool-c4m2,,45,,pool,,2,,376,,457,,92,,1.0,,Cannot find cue bottom
sec6-res-util-pool-c4m2,,49,,pool,,2,,378,,465,,100,,0.99375,,Cannot find cue bottom
sec6-res-util-pool-c4m2,,53,,pool,,2,,377,,477,,113,,0.0979369383708,,Cannot find cue bottom
sec6-res-util-pool-c4m2,,57,,pool,,2,,376,,478,,113,,0.0979369383708,,Cannot find cue bottom
sec6-res-util-pool-c4m2,,61,,pool,,2,,388,,515,,258,,3.39787012314e-19,,Cannot find cue bottom
sec6-res-util-pool-c4m2,,70,,pool,,2,,376,,544,,179,,1.10599875422e-09,,Cannot find cue bottom
sec6-res-util-pool-c4m2,,84,,pool,,2,,380,,580,,215,,5.11590769747e-14,,Cannot find cue bottom
sec6-res-util-pool-c4m2,,90,,pool,,2,,419,,573,,209,,2.70019227104e-13,,Cannot find cue bottom
sec6-res-util-pool-c4m2,,98,,pool,,2,,380,,532,,167,,3.08104908317e-08,,Cannot find cue bottom
sec6-res-util-pool-c4m2,,103,,pool,,2,,375,,519,,154,,1.13254272432e-06,,Cannot find cue bottom
sec6-res-util-pool-c4m2,,109,,pool,,2,,376,,504,,140,,5.4931640625e-05,,Cannot find cue bottom
sec6-res-util-pool-c4m2,,114,,pool,,2,,377,,490,,126,,0.00266434552707,,Cannot find cue bottom
sec6-res-util-pool-c4m2,,119,,pool,,2,,376,,507,,143,,2.39103853444e-05,,Cannot find cue bottom
sec6-res-util-pool-c4m2,,124,,pool,,2,,398,,614,,316,,3.52623194421e-26,,Cannot find cue bottom
sec6-res-util-pool-c4m2,,134,,pool,,2,,378,,501,,137,,0.000126199770446,,Cannot find cue bottom
sec6-res-util-pool-c4m2,,139,,pool,,2,,384,,508,,144,,1.81206835891e-05,,Cannot find cue bottom
sec6-res-util-pool-c4m2,,145,,pool,,2,,377,,465,,101,,0.98704,,Cannot find cue bottom
sec6-res-util-pool-c4m2,,149,,pool,,2,,376,,466,,102,,0.97599,,Cannot find cue bottom
sec6-res-util-pool-c4m2,,153,,pool,,2,,376,,465,,101,,0.98704,,Cannot find cue bottom
sec6-res-util-pool-c4m2,,157,,pool,,2,,376,,472,,255,,7.8062556419e-19,,Cannot find cue bottom
sec6-res-util-pool-c4m2,,165,,pool,,2,,377,,480,,115,,0.05625,,Cannot find cue bottom
sec6-res-util-pool-c4m2,,169,,pool,,2,,382,,519,,154,,1.13254272432e-06,,Cannot find cue bottom
sec6-res-util-pool-c4m2,,175,,pool,,2,,376,,466,,101,,0.98704,,Cannot find cue bottom
sec6-res-util-pool-c4m2,,179,,pool,,2,,380,,441,,76,,1.0,,Cannot find cue bottom
sec6-res-util-pool-c4m2,,182,,pool,,2,,376,,469,,106,,0.68207245493,,Cannot find cue bottom
sec6-res-util-pool-c4m2,,186,,pool,,2,,376,,491,,193,,2.28027203984e-11,,Cannot find cue bottom
sec6-res-util-pool-c4m2,,193,,pool,,2,,375,,456,,92,,1.0,,Cannot find cue bottom
sec6-res-util-pool-c4m2,,196,,pool,,2,,374,,448,,84,,1.0,,speech: left
sec6-res-util-pool-c4m2,,200,,pool,,2,,375,,436,,71,,1.0,,speech: right
sec6-res-util-pool-c4m2,,203,,pool,,2,,375,,477,,112,,0.129228564937,,Cannot find cue ball
sec6-res-util-pool-c4m2,,207,,pool,,2,,375,,431,,66,,1.0,,Cannot find cue ball
sec6-res-util-pool-c4m2,,210,,pool,,2,,377,,442,,77,,1.0,,Cannot find cue top
sec6-res-util-pool-c4m2,,213,,pool,,2,,375,,432,,68,,1.0,,Cannot find cue ball
sec6-res-util-pool-c4m2,,216,,pool,,2,,377,,442,,77,,1.0,,Cannot find cue top
sec6-res-util-pool-c4m2,,219,,pool,,2,,375,,440,,75,,1.0,,Cannot find cue top
sec6-res-util-pool-c4m2,,222,,pool,,2,,377,,568,,204,,1.08007690842e-12,,Cannot find cue bottom
sec6-res-util-pool-c4m2,,229,,pool,,2,,377,,554,,190,,5.23868948221e-11,,Cannot find cue bottom
sec6-res-util-pool-c4m2,,236,,pool,,2,,378,,506,,168,,2.33499856879e-08,,Cannot find cue bottom
sec6-res-util-pool-c4m2,,242,,pool,,2,,382,,573,,209,,2.70019227104e-13,,Cannot find cue bottom
sec6-res-util-pool-c4m2,,249,,pool,,2,,378,,564,,200,,3.27418092638e-12,,Cannot find cue top
sec6-res-util-pool-c4m2,,256,,pool,,2,,399,,617,,324,,3.83720400669e-27,,Cannot find cue bottom
sec6-res-util-pool-c4m2,,267,,pool,,2,,378,,547,,182,,4.81413919245e-10,,Cannot find cue top
sec6-res-util-pool-c4m2,,273,,pool,,2,,376,,483,,163,,9.33999427517e-08,,Cannot find cue top
sec6-res-util-pool-c4m2,,279,,pool,,2,,375,,455,,90,,1.0,,Cannot find cue top
sec6-res-util-pool-c4m2,,282,,pool,,2,,383,,459,,94,,1.0,,Cannot find cue top
sec6-res-util-pool-c4m2,,286,,pool,,2,,376,,524,,160,,2.14576721191e-07,,Cannot find cue bottom
sec6-res-util-pool-c4m2,,292,,pool,,2,,410,,552,,188,,9.12108815935e-11,,Cannot find cue bottom
sec6-res-util-pool-c4m2,,298,,pool,,2,,376,,455,,90,,1.0,,Cannot find cue bottom
sec6-res-util-pool-c4m2,,302,,pool,,2,,376,,505,,141,,4.16303988605e-05,,Cannot find cue bottom
sec6-res-util-pool-c4m2,,307,,pool,,2,,375,,527,,265,,4.87890977618e-20,,Cannot find cue bottom
sec6-res-util-pool-c4m2,,316,,pool,,2,,374,,451,,86,,1.0,,Cannot find cue bottom
sec6-res-util-pool-c4m2,,319,,pool,,2,,375,,440,,75,,1.0,,Cannot find cue bottom
sec6-res-util-pool-c4m2,,322,,pool,,2,,374,,459,,95,,1.0,,Cannot find cue bottom
sec6-res-util-pool-c4m2,,326,,pool,,2,,379,,500,,135,,0.0002197265625,,Cannot find cue bottom
sec6-res-util-pool-c4m2,,331,,pool,,2,,379,,473,,108,,0.391747753483,,Cannot find cue bottom
sec6-res-util-pool-c4m2,,335,,pool,,2,,373,,516,,152,,1.97187141323e-06,,Cannot find cue bottom
sec6-res-util-pool-c4m2,,340,,pool,,2,,374,,532,,180,,8.38190317154e-10,,Cannot find cue bottom
sec6-res-util-pool-c4m2,,346,,pool,,2,,388,,530,,165,,5.36441802979e-08,,Cannot find cue top
sec6-res-util-pool-c4m2,,352,,pool,,2,,395,,529,,164,,7.07839202699e-08,,Cannot find cue top
sec6-res-util-pool-c4m2,,358,,pool,,2,,401,,624,,302,,1.71032581607e-24,,Cannot find cue top
sec6-res-util-pool-c4m2,,368,,pool,,2,,374,,475,,110,,0.225,,Cannot find cue bottom
sec6-res-util-pool-c4m2,,372,,pool,,2,,373,,472,,107,,0.516914259749,,Cannot find cue bottom
sec6-res-util-pool-c4m2,,376,,pool,,2,,373,,498,,133,,0.000382566165511,,Cannot find cue top
sec6-res-util-pool-c4m2,,381,,pool,,2,,373,,465,,100,,0.99375,,Cannot find cue top
sec6-res-util-pool-c4m2,,385,,pool,,2,,374,,556,,231,,6.0580203514e-16,,Cannot find cue top
sec6-res-util-pool-c4m2,,393,,pool,,2,,377,,486,,122,,0.00807678530857,,Cannot find cue top
sec6-res-util-pool-c4m2,,397,,pool,,2,,393,,461,,97,,0.99984,,Cannot find cue top
sec6-res-util-pool-c4m2,,401,,pool,,2,,373,,428,,63,,1.0,,Cannot find cue top
sec6-res-util-pool-c4m2,,404,,pool,,2,,373,,446,,81,,1.0,,Cannot find cue top
sec6-res-util-pool-c4m2,,407,,pool,,2,,374,,446,,82,,1.0,,Cannot find cue top
sec6-res-util-pool-c4m2,,410,,pool,,2,,373,,447,,82,,1.0,,Cannot find cue top
sec6-res-util-pool-c4m2,,414,,pool,,2,,374,,451,,86,,1.0,,Cannot find cue top
sec6-res-util-pool-c4m2,,417,,pool,,2,,376,,466,,101,,0.98704,,Cannot find cue bottom
sec6-res-util-pool-c4m2,,421,,pool,,2,,373,,496,,132,,0.000504799081786,,Cannot find cue bottom
sec6-res-util-pool-c4m2,,426,,pool,,2,,374,,475,,175,,3.35276126862e-09,,Cannot find cue bottom
sec6-res-util-pool-c4m2,,432,,pool,,2,,373,,461,,96,,0.99999,,Cannot find object ball
sec6-res-util-pool-c4m2,,436,,pool,,2,,393,,544,,179,,1.10599875422e-09,,Cannot find object ball
sec6-res-util-pool-c4m2,,442,,pool,,2,,375,,456,,91,,1.0,,Cannot find object ball
sec6-res-util-pool-c4m2,,446,,pool,,2,,382,,502,,137,,0.000126199770446,,Cannot find cue ball
sec6-res-util-pool-c4m2,,451,,pool,,2,,385,,519,,154,,1.13254272432e-06,,Cannot find cue ball
sec6-res-util-pool-c4m2,,457,,pool,,2,,374,,473,,185,,2.09547579288e-10,,Cannot find cue ball
sec6-res-util-pool-c4m2,,463,,pool,,2,,396,,561,,196,,9.92546054374e-12,,Cannot find cue ball
sec6-res-util-pool-c4m2,,470,,pool,,2,,385,,618,,358,,3.09034487431e-31,,speech: left
sec6-res-util-pool-c4m2,,481,,pool,,2,,374,,487,,122,,0.00807678530857,,Cannot find object ball
sec6-res-util-pool-c4m2,,486,,pool,,2,,375,,455,,90,,1.0,,Cannot find object ball
sec6-res-util-pool-c4m2,,490,,pool,,2,,374,,540,,175,,3.35276126862e-09,,speech: left
sec6-res-util-pool-c4m2,,496,,pool,,2,,404,,548,,183,,3.64843526374e-10,,Cannot find object ball
sec6-res-util-pool-c4m2,,502,,pool,,2,,390,,560,,195,,1.30967237055e-11,,Cannot find object ball
sec6-res-util-pool-c4m2,,509,,pool,,2,,374,,608,,284,,2.51475001782e-22,,Cannot find cue ball
sec6-res-util-pool-c4m2,,518,,pool,,2,,375,,584,,278,,1.32729301685e-21,,Cannot find object ball
sec6-res-util-pool-c4m2,,528,,pool,,2,,378,,660,,382,,3.98216260612e-34,,Cannot find object ball
sec6-res-util-pool-c4m2,,544,,pool,,2,,373,,478,,114,,0.074222319981,,Cannot find object ball
sec6-res-util-pool-c4m2,,547,,pool,,2,,374,,534,,240,,4.99600361081e-17,,Cannot find object ball
sec6-res-util-pool-c4m2,,555,,pool,,2,,376,,480,,116,,0.0426295284331,,Cannot find object ball
sec6-res-util-pool-c4m2,,560,,pool,,2,,381,,522,,157,,4.92967853306e-07,,Cannot find cue ball
sec6-res-util-pool-c4m2,,565,,pool,,2,,373,,526,,161,,1.62618745549e-07,,Cannot find object ball
sec6-res-util-pool-c4m2,,571,,pool,,2,,373,,466,,100,,0.99375,,Cannot find cue ball
sec6-res-util-pool-c4m2,,575,,pool,,2,,373,,434,,69,,1.0,,Cannot find object ball
sec6-res-util-pool-c4m2,,578,,pool,,2,,373,,433,,68,,1.0,,Cannot find cue top
sec6-res-util-pool-c4m2,,581,,pool,,2,,373,,428,,63,,1.0,,Cannot find cue top
sec6-res-util-pool-c4m2,,583,,pool,,2,,378,,424,,59,,1.0,,Cannot find cue top
sec6-res-util-pool-c4m2,,586,,pool,,2,,374,,455,,90,,1.0,,Cannot find cue bottom
sec6-res-util-pool-c4m2,,590,,pool,,2,,374,,416,,51,,1.0,,Cannot find cue top
sec6-res-util-pool-c4m2,,592,,pool,,2,,373,,428,,63,,1.0,,Cannot find cue top
sec6-res-util-pool-c4m2,,595,,pool,,2,,373,,425,,60,,1.0,,Cannot find cue bottom
sec6-res-util-pool-c4m2,,597,,pool,,2,,374,,446,,82,,1.0,,Cannot find cue bottom
sec6-res-util-pool-c4m2,,601,,pool,,2,,380,,531,,167,,3.08104908317e-08,,Cannot find cue bottom
sec6-res-util-pool-c4m2,,607,,pool,,2,,374,,515,,150,,3.43322753906e-06,,Cannot find cue bottom
sec6-res-util-pool-c4m2,,623,,pool,,2,,382,,424,,58,,1.0,,Cannot find cue top
sec6-res-util-pool-c4m2,,625,,pool,,2,,373,,416,,60,,1.0,,Cannot find cue top
sec6-res-util-pool-c4m2,,627,,pool,,2,,373,,427,,68,,1.0,,Cannot find cue top
sec6-res-util-pool-c4m2,,630,,pool,,2,,374,,425,,60,,1.0,,Cannot find cue bottom
sec6-res-util-pool-c4m2,,632,,pool,,2,,374,,473,,108,,0.391747753483,,Cannot find cue bottom
sec6-res-util-pool-c4m2,,637,,pool,,2,,373,,452,,87,,1.0,,Cannot find cue bottom
sec6-res-util-pool-c4m2,,640,,pool,,2,,374,,534,,221,,9.69283256225e-15,,Cannot find cue bottom
sec6-res-util-pool-c4m2,,660,,pool,,2,,382,,485,,121,,0.0106573821083,,Cannot find cue top
sec6-res-util-pool-c4m2,,664,,pool,,2,,373,,442,,77,,1.0,,Cannot find cue top
sec6-res-util-pool-c4m2,,667,,pool,,2,,373,,445,,80,,1.0,,Cannot find cue top
sec6-res-util-pool-c4m2,,670,,pool,,2,,375,,443,,78,,1.0,,Cannot find cue top
sec6-res-util-pool-c4m2,,673,,pool,,2,,373,,428,,63,,1.0,,Cannot find cue top
sec6-res-util-pool-c4m2,,676,,pool,,2,,376,,440,,75,,1.0,,Cannot find cue top
sec6-res-util-pool-c4m2,,679,,pool,,2,,398,,529,,165,,5.36441802979e-08,,Cannot find cue top
sec6-res-util-pool-c4m2,,685,,pool,,2,,376,,551,,186,,1.588073687e-10,,Cannot find cue bottom
sec6-res-util-pool-c4m2,,691,,pool,,2,,375,,625,,352,,1.63109380347e-30,,Cannot find cue bottom
sec6-res-util-pool-c4m2,,703,,pool,,2,,377,,469,,141,,4.16303988605e-05,,Cannot find cue bottom
sec6-res-util-pool-c4m2,,708,,pool,,2,,378,,481,,117,,0.0323071412343,,Cannot find cue ball
sec6-res-util-pool-c4m2,,712,,pool,,2,,388,,508,,144,,1.81206835891e-05,,Cannot find cue ball
sec6-res-util-pool-c4m2,,718,,pool,,2,,407,,613,,289,,6.28687504455e-23,,Cannot find cue ball
sec6-res-util-pool-c4m2,,727,,pool,,2,,389,,594,,278,,1.32729301685e-21,,Cannot find cue bottom
sec6-res-util-pool-c4m2,,737,,pool,,2,,375,,617,,266,,3.69752218714e-20,,Cannot find cue ball
sec6-res-util-pool-c4m2,,746,,pool,,2,,379,,526,,161,,1.62618745549e-07,,Cannot find cue bottom
sec6-res-util-pool-c4m2,,752,,pool,,2,,375,,622,,285,,1.90582413132e-22,,Cannot find cue bottom
sec6-res-util-pool-c4m2,,761,,pool,,2,,376,,515,,150,,3.43322753906e-06,,Cannot find cue bottom
sec6-res-util-pool-c4m2,,767,,pool,,2,,380,,622,,299,,3.92929690285e-24,,Cannot find cue bottom
sec6-res-util-pool-c4m2,,776,,pool,,2,,376,,489,,125,,0.003515625,,Cannot find cue bottom
sec6-res-util-pool-c4m2,,781,,pool,,2,,386,,454,,89,,1.0,,Cannot find cue bottom
sec6-res-util-pool-c4m2,,785,,pool,,2,,377,,585,,299,,3.92929690285e-24,,Cannot find cue bottom
sec6-res-util-pool-c4m2,,795,,pool,,2,,375,,541,,177,,1.92565567698e-09,,Cannot find cue bottom
sec6-res-util-pool-c4m2,,801,,pool,,2,,376,,570,,273,,5.30917206741e-21,,Cannot find cue bottom
sec6-res-util-pool-c4m2,,810,,pool,,2,,374,,477,,381,,5.25449506076e-34,,Cannot find object ball
sec6-res-util-pool-c4m2,,822,,pool,,2,,376,,532,,167,,3.08104908317e-08,,Cannot find cue top
sec6-res-util-pool-c4m2,,828,,pool,,2,,377,,472,,108,,0.391747753483,,Cannot find cue bottom
sec6-res-util-pool-c4m2,,832,,pool,,2,,384,,510,,146,,1.04075997151e-05,,Cannot find cue top
sec6-res-util-pool-c4m2,,838,,pool,,2,,376,,564,,285,,1.90582413132e-22,,Cannot find cue bottom
sec6-res-util-pool-c4m2,,847,,pool,,2,,376,,498,,133,,0.000382566165511,,Cannot find cue bottom
sec6-res-util-pool-c4m2,,852,,pool,,2,,376,,468,,104,,0.93439,,Cannot find cue top
sec6-res-util-pool-c4m2,,856,,pool,,2,,400,,643,,291,,3.61086151088e-23,,Cannot find cue bottom
sec6-res-util-pool-c4m2,,866,,pool,,2,,379,,583,,274,,4.02360002851e-21,,Cannot find cue bottom
sec6-res-util-pool-c4m2,,875,,pool,,2,,384,,545,,208,,3.56292506224e-13,,Cannot find cue bottom
sec6-res-util-pool-c4m2,,896,,pool,,2,,380,,541,,176,,2.5409178992e-09,,Cannot find cue top
sec6-res-util-pool-c4m2,,901,,pool,,2,,387,,505,,140,,5.4931640625e-05,,Cannot find cue top
sec6-res-util-pool-c4m2,,906,,pool,,2,,376,,524,,159,,2.8313568108e-07,,Cannot find cue top
sec6-res-util-pool-c4m2,,912,,pool,,2,,378,,491,,126,,0.00266434552707,,Cannot find cue top
sec6-res-util-pool-c4m2,,917,,pool,,2,,373,,490,,125,,0.003515625,,Cannot find cue top
sec6-res-util-pool-c4m2,,921,,pool,,2,,375,,561,,196,,9.92546054374e-12,,Cannot find cue bottom
sec6-res-util-pool-c4m2,,928,,pool,,2,,400,,529,,164,,7.07839202699e-08,,Cannot find cue bottom
sec6-res-util-pool-c4m2,,934,,pool,,2,,382,,439,,75,,1.0,,Cannot find cue top
sec6-res-util-pool-c4m2,,937,,pool,,2,,397,,532,,167,,3.08104908317e-08,,Cannot find cue top
sec6-res-util-pool-c4m2,,943,,pool,,2,,377,,606,,259,,2.57510401825e-19,,Cannot find cue bottom
sec6-res-util-pool-c4m2,,952,,pool,,2,,373,,479,,114,,0.074222319981,,Cannot find cue top
sec6-res-util-pool-c4m2,,956,,pool,,2,,376,,500,,136,,0.000166521595442,,Cannot find cue top
sec6-res-util-pool-c4m2,,967,,pool,,2,,373,,571,,305,,7.44462551298e-25,,Cannot find cue top
sec6-res-util-pool-c4m2,,976,,pool,,2,,397,,566,,201,,2.48136513594e-12,,Cannot find cue top
sec6-res-util-pool-c4m2,,983,,pool,,2,,375,,607,,257,,4.48351650727e-19,,Cannot find cue top
sec6-res-util-pool-c4m2,,991,,pool,,2,,383,,523,,158,,3.73599771007e-07,,Cannot find cue top
sec6-res-util-pool-c4m2,,997,,pool,,2,,376,,446,,81,,1.0,,Cannot find cue top
sec6-res-util-pool-c4m2,,1000,,pool,,2,,386,,515,,150,,3.43322753906e-06,,Cannot find cue top
sec6-res-util-pool-c4m2,,1006,,pool,,2,,376,,451,,86,,1.0,,Cannot find cue top
sec6-res-util-pool-c4m2,,1009,,pool,,2,,394,,443,,78,,1.0,,Cannot find cue top
sec6-res-util-pool-c4m2,,1012,,pool,,2,,373,,493,,128,,0.00153026466204,,Cannot find cue top
sec6-res-util-pool-c4m2,,1017,,pool,,2,,376,,550,,190,,5.23868948221e-11,,Cannot find cue ball
sec6-res-util-pool-c4m2,,1024,,pool,,2,,411,,657,,331,,5.50973741283e-28,,Cannot find cue ball
sec6-res-util-pool-c4m2,,1034,,pool,,2,,376,,592,,280,,7.62329652529e-22,,Cannot find cue ball
sec6-res-util-pool-c4m2,,1044,,pool,,2,,376,,685,,379,,9.14860726997e-34,,speech: left
sec6-res-util-pool-c4m2,,1056,,pool,,2,,376,,467,,102,,0.97599,,Cannot find object ball
sec6-res-util-pool-c4m2,,1060,,pool,,2,,376,,476,,111,,0.170518113732,,Cannot find cue ball
sec6-res-util-pool-c4m2,,1064,,pool,,2,,376,,518,,154,,1.13254272432e-06,,Cannot find object ball
sec6-res-util-pool-c4m2,,1070,,pool,,2,,378,,499,,134,,0.000289930937426,,speech: left
sec6-res-util-pool-c4m2,,1075,,pool,,2,,376,,533,,168,,2.33499856879e-08,,Cannot find cue ball
sec6-res-util-pool-c4m2,,1080,,pool,,2,,375,,441,,80,,1.0,,Cannot find object ball
sec6-res-util-pool-c4m2,,1084,,pool,,2,,376,,457,,92,,1.0,,Cannot find cue ball
sec6-res-util-pool-c4m2,,1087,,pool,,2,,375,,519,,253,,1.35914804926e-18,,Cannot find cue ball
sec6-res-util-pool-c4m2,,1096,,pool,,2,,376,,458,,93,,1.0,,Cannot find cue ball
sec6-res-util-pool-c4m2,,1100,,pool,,2,,376,,475,,110,,0.225,,Cannot find cue ball
sec6-res-util-pool-c4m2,,1104,,pool,,2,,377,,495,,168,,2.33499856879e-08,,Cannot find object ball
sec6-res-util-pool-c4m2,,1110,,pool,,2,,376,,578,,326,,2.20389496513e-27,,Cannot find cue ball
sec6-res-util-pool-c4m2,,1121,,pool,,2,,376,,527,,162,,1.23241963327e-07,,Cannot find cue ball
sec6-res-util-pool-c4m2,,1126,,pool,,2,,376,,521,,157,,4.92967853306e-07,,Cannot find object ball
sec6-res-util-pool-c4m2,,1132,,pool,,2,,376,,522,,158,,3.73599771007e-07,,Cannot find cue ball
sec6-res-util-pool-c4m2,,1138,,pool,,2,,376,,474,,109,,0.296889279924,,Cannot find cue ball
sec6-res-util-pool-c4m2,,1142,,pool,,2,,375,,584,,284,,2.51475001782e-22,,Cannot find cue ball
sec6-res-util-pool-c4m2,,1151,,pool,,2,,376,,519,,157,,4.92967853306e-07,,Cannot find cue ball
sec6-res-util-pool-c4m2,,1157,,pool,,2,,375,,607,,294,,1.57171876114e-23,,Cannot find cue bottom
sec6-res-util-pool-c4m2,,1167,,pool,,2,,376,,555,,199,,4.32030763366e-12,,Cannot find cue top
sec6-res-util-pool-c4m2,,1173,,pool,,2,,377,,438,,153,,1.49439908403e-06,,Cannot find cue top
sec6-res-util-pool-c4m2,,1179,,pool,,2,,378,,447,,91,,1.0,,Cannot find cue top
sec6-res-util-pool-c4m2,,1183,,pool,,2,,376,,461,,97,,0.99984,,Cannot find cue top
sec6-res-util-pool-c4m2,,1186,,pool,,2,,386,,503,,139,,7.24827343564e-05,,Cannot find cue top
sec6-res-util-pool-c4m2,,1191,,pool,,2,,376,,549,,184,,2.76499688554e-10,,Cannot find cue top
sec6-res-util-pool-c4m2,,1198,,pool,,2,,402,,517,,258,,3.39787012314e-19,,Cannot find cue top
sec6-res-util-pool-c4m2,,1207,,pool,,2,,379,,557,,192,,3.00883699528e-11,,Cannot find cue bottom
sec6-res-util-pool-c4m2,,1213,,pool,,2,,395,,509,,144,,1.81206835891e-05,,Cannot find cue bottom
sec6-res-util-pool-c4m2,,1218,,pool,,2,,377,,659,,391,,3.28405941298e-35,,Cannot find cue bottom
sec6-res-util-pool-c4m2,,1231,,pool,,2,,376,,424,,59,,1.0,,Cannot find cue top
sec6-res-util-pool-c4m2,,1234,,pool,,2,,377,,443,,78,,1.0,,Cannot find cue top
sec6-res-util-pool-c4m2,,1246,,pool,,2,,376,,461,,95,,1.0,,Cannot find cue bottom
sec6-res-util-pool-c4m2,,1249,,pool,,2,,376,,465,,101,,0.98704,,Cannot find cue bottom
sec6-res-util-pool-c4m2,,1252,,pool,,2,,378,,441,,83,,1.0,,Cannot find cue top
sec6-res-util-pool-c4m2,,1256,,pool,,2,,378,,439,,74,,1.0,,Cannot find cue top
sec6-res-util-pool-c4m2,,1259,,pool,,2,,377,,449,,84,,1.0,,Cannot find cue top
sec6-res-util-pool-c4m2,,1262,,pool,,2,,381,,433,,69,,1.0,,Cannot find cue top
sec6-res-util-pool-c4m2,,1265,,pool,,2,,379,,432,,68,,1.0,,Cannot find cue top
sec6-res-util-pool-c4m2,,1268,,pool,,2,,376,,465,,100,,0.99375,,Cannot find cue top
sec6-res-util-pool-c4m2,,1272,,pool,,2,,376,,467,,140,,5.4931640625e-05,,Cannot find cue top
sec6-res-util-pool-c4m2,,1277,,pool,,2,,376,,419,,55,,1.0,,Cannot find cue top
sec6-res-util-pool-c4m2,,1280,,pool,,2,,376,,418,,54,,1.0,,Cannot find cue top
sec6-res-util-pool-c4m2,,1282,,pool,,2,,389,,528,,164,,7.07839202699e-08,,Cannot find cue top
sec6-res-util-pool-c4m2,,1288,,pool,,2,,398,,525,,160,,2.14576721191e-07,,Cannot find cue top
sec6-res-util-pool-c4m2,,1294,,pool,,2,,381,,453,,89,,1.0,,Cannot find cue top
sec6-res-util-pool-c4m2,,1297,,pool,,2,,378,,447,,82,,1.0,,Cannot find cue top
sec6-res-util-pool-c4m2,,1301,,pool,,2,,380,,530,,166,,4.06546863872e-08,,Cannot find cue bottom
sec6-res-util-pool-c4m2,,1310,,pool,,2,,374,,438,,72,,1.0,,Cannot find cue bottom
sec6-res-util-pool-c4m2,,1312,,pool,,2,,373,,557,,193,,2.28027203984e-11,,Cannot find cue bottom
sec6-res-util-pool-c4m2,,1318,,pool,,2,,398,,593,,240,,4.99600361081e-17,,Cannot find cue ball
sec6-res-util-pool-c4m2,,1326,,pool,,2,,377,,569,,205,,8.18545231596e-13,,Cannot find cue ball
sec6-res-util-pool-c4m2,,1333,,pool,,2,,385,,472,,107,,0.516914259749,,Cannot find cue bottom
sec6-res-util-pool-c4m2,,1348,,pool,,2,,381,,531,,166,,4.06546863872e-08,,Cannot find cue ball
sec6-res-util-pool-c4m2,,1353,,pool,,2,,376,,560,,195,,1.30967237055e-11,,Cannot find cue bottom
sec6-res-util-pool-c4m2,,1360,,pool,,2,,376,,559,,248,,5.43659219703e-18,,Cannot find cue ball
sec6-res-util-pool-c4m2,,1368,,pool,,2,,375,,518,,153,,1.49439908403e-06,,speech: right
sec6-res-util-pool-c4m2,,1373,,pool,,2,,373,,581,,250,,3.12250225676e-18,,Cannot find cue ball
sec6-res-util-pool-c4m2,,1382,,pool,,2,,380,,584,,219,,1.6876201694e-14,,Cannot find object ball
sec6-res-util-pool-c4m2,,1389,,pool,,2,,373,,466,,123,,0.00612105864818,,Cannot find object ball
sec6-res-util-pool-c4m2,,1394,,pool,,2,,375,,510,,145,,1.37329101563e-05,,Cannot find object ball
sec6-res-util-pool-c4m2,,1399,,pool,,2,,376,,536,,171,,1.01636715968e-08,,Cannot find object ball
sec6-res-util-pool-c4m2,,1405,,pool,,2,,394,,536,,172,,7.70262270791e-09,,Cannot find object ball
sec6-res-util-pool-c4m2,,1411,,pool,,2,,376,,480,,116,,0.0426295284331,,Cannot find object ball
sec6-res-util-pool-c4m2,,1415,,pool,,2,,375,,588,,277,,1.75137363565e-21,,Cannot find object ball
sec6-res-util-pool-c4m2,,1425,,pool,,2,,377,,468,,103,,0.95904,,Cannot find object ball
sec6-res-util-pool-c4m2,,1429,,pool,,2,,377,,490,,125,,0.003515625,,speech: good
sec6-res-util-pool-c4m2,,1433,,pool,,2,,375,,504,,140,,5.4931640625e-05,,speech: right
sec6-res-util-pool-c4m2,,1438,,pool,,2,,374,,543,,242,,2.86945056465e-17,,Cannot find object ball
sec6-res-util-pool-c4m2,,1446,,pool,,2,,375,,489,,125,,0.003515625,,Cannot find object ball
sec6-res-util-pool-c4m2,,1451,,pool,,2,,374,,443,,78,,1.0,,Cannot find cue bottom
sec6-res-util-pool-c4m2,,1454,,pool,,2,,375,,581,,226,,2.42320814056e-15,,Cannot find cue bottom
sec6-res-util-pool-c4m2,,1461,,pool,,2,,375,,515,,150,,3.43322753906e-06,,Cannot find cue bottom
sec6-res-util-pool-c4m2,,1467,,pool,,2,,375,,500,,136,,0.000166521595442,,Cannot find cue top
sec6-res-util-pool-c4m2,,1472,,pool,,2,,375,,534,,169,,1.76959800675e-08,,Cannot find cue top
sec6-res-util-pool-c4m2,,1478,,pool,,2,,379,,474,,110,,0.225,,Cannot find cue top
sec6-res-util-pool-c4m2,,1482,,pool,,2,,376,,455,,90,,1.0,,Cannot find cue bottom
sec6-res-util-pool-c4m2,,1486,,pool,,2,,376,,465,,100,,0.99375,,Cannot find cue bottom
sec6-res-util-pool-c4m2,,1490,,pool,,2,,381,,459,,115,,0.05625,,Cannot find cue ball
sec6-res-util-pool-c4m2,,1494,,pool,,2,,374,,463,,118,,0.0244842345927,,Cannot find cue ball
sec6-res-util-pool-c4m2,,1498,,pool,,2,,376,,495,,130,,0.00087890625,,Cannot find cue ball
sec6-res-util-pool-c4m2,,1503,,pool,,2,,376,,470,,115,,0.05625,,Cannot find cue bottom
sec6-res-util-pool-c4m2,,1508,,pool,,2,,379,,543,,179,,1.10599875422e-09,,Cannot find cue ball
sec6-res-util-pool-c4m2,,1527,,pool,,2,,384,,481,,141,,4.16303988605e-05,,Cannot find cue bottom
sec6-res-util-pool-c4m2,,1532,,pool,,2,,377,,456,,92,,1.0,,Cannot find cue bottom
sec6-res-util-pool-c4m2,,1535,,pool,,2,,373,,466,,100,,0.99375,,Cannot find cue ball
sec6-res-util-pool-c4m2,,1539,,pool,,2,,373,,457,,147,,7.8874856529e-06,,Cannot find cue ball
sec6-res-util-pool-c4m2,,1544,,pool,,2,,376,,588,,279,,1.00590000713e-21,,Cannot find cue bottom
sec6-res-util-pool-c4m2,,1554,,pool,,2,,377,,444,,80,,1.0,,Cannot find cue bottom
sec6-res-util-pool-c4m2,,1557,,pool,,2,,378,,545,,180,,8.38190317154e-10,,Cannot find cue bottom
sec6-res-util-pool-c4m2,,1563,,pool,,2,,374,,478,,114,,0.074222319981,,Cannot find cue bottom
sec6-res-util-pool-c4m2,,1567,,pool,,2,,376,,504,,140,,5.4931640625e-05,,Cannot find cue ball
sec6-res-util-pool-c4m2,,1572,,pool,,2,,380,,460,,95,,1.0,,Cannot find cue bottom
sec6-res-util-pool-c4m2,,1576,,pool,,2,,394,,614,,350,,2.8398992588e-30,,Cannot find cue bottom
sec6-res-util-pool-c4m2,,1588,,pool,,2,,402,,606,,263,,8.49467530786e-20,,Cannot find cue bottom
sec6-res-util-pool-c4m2,,1606,,pool,,2,,384,,623,,289,,6.28687504455e-23,,Cannot find cue bottom
sec6-res-util-pool-c4m2,,1615,,pool,,2,,380,,720,,386,,1.31362376519e-34,,Cannot find cue bottom
sec6-res-util-pool-c4m2,,1640,,pool,,2,,381,,500,,137,,0.000126199770446,,Cannot find cue top
sec6-res-util-pool-c4m2,,1644,,pool,,2,,378,,574,,210,,2.04636307899e-13,,Cannot find cue bottom
sec6-res-util-pool-c4m2,,1651,,pool,,2,,385,,527,,165,,5.36441802979e-08,,Cannot find cue ball
sec6-res-util-pool-c4m2,,1657,,pool,,2,,381,,520,,155,,8.58306884766e-07,,Cannot find cue top
sec6-res-util-pool-c4m2,,1663,,pool,,2,,377,,503,,139,,7.24827343564e-05,,Cannot find cue bottom
sec6-res-util-pool-c4m2,,1668,,pool,,2,,379,,643,,361,,1.34515073556e-31,,Cannot find cue ball
sec6-res-util-pool-c4m2,,1680,,pool,,2,,377,,556,,191,,3.9701842175e-11,,Cannot find cue ball
sec6-res-util-pool-c4m2,,1687,,pool,,2,,379,,466,,146,,1.04075997151e-05,,Cannot find cue ball
sec6-res-util-pool-c4m2,,1692,,pool,,2,,377,,467,,102,,0.97599,,Cannot find cue ball
sec6-res-util-pool-c4m2,,1696,,pool,,2,,378,,608,,349,,3.74726953778e-30,,Cannot find cue ball
sec6-res-util-pool-c4m2,,1707,,pool,,2,,379,,638,,381,,5.25449506076e-34,,Cannot find cue ball
sec6-res-util-pool-c4m2,,1720,,pool,,2,,377,,615,,275,,3.04931861012e-21,,Cannot find cue ball
sec6-res-util-pool-c4m2,,1729,,pool,,2,,379,,521,,157,,4.92967853306e-07,,Cannot find object ball
sec6-res-util-pool-c4m2,,1734,,pool,,2,,375,,565,,200,,3.27418092638e-12,,Cannot find object ball
sec6-res-util-pool-c4m2,,1741,,pool,,2,,388,,622,,271,,9.24380546784e-21,,Cannot find cue ball
sec6-res-util-pool-c4m2,,1750,,pool,,2,,389,,634,,380,,6.93334779979e-34,,Cannot find cue ball
sec6-res-util-pool-c4m2,,1763,,pool,,2,,377,,621,,271,,9.24380546784e-21,,Cannot find cue ball
sec6-res-util-pool-c4m2,,1772,,pool,,2,,376,,611,,276,,2.31095136696e-21,,Cannot find cue ball
sec6-res-util-pool-c4m2,,1781,,pool,,2,,376,,579,,214,,6.7504806776e-14,,Cannot find cue ball
sec6-res-util-pool-c4m2,,1788,,pool,,2,,376,,650,,341,,3.44358588302e-29,,Cannot find cue ball
sec6-res-util-pool-c4m2,,1799,,pool,,2,,378,,494,,129,,0.0011597237497,,Cannot find cue ball
sec6-res-util-pool-c4m2,,1804,,pool,,2,,390,,590,,320,,1.1632227364e-26,,speech: left
sec6-res-util-pool-c4m2,,1815,,pool,,2,,376,,664,,382,,3.98216260612e-34,,Cannot find cue bottom
sec6-res-util-pool-c4m2,,1827,,pool,,2,,379,,470,,106,,0.68207245493,,Cannot find cue top
sec6-res-util-pool-c4m2,,1831,,pool,,2,,394,,442,,77,,1.0,,Cannot find cue top
sec6-res-util-pool-c4m2,,1834,,pool,,2,,384,,487,,122,,0.00807678530857,,Cannot find cue top
sec6-res-util-pool-c4m2,,1839,,pool,,2,,377,,486,,187,,1.20353479811e-10,,Cannot find cue bottom
sec6-res-util-pool-c4m2,,1846,,pool,,2,,376,,446,,81,,1.0,,Cannot find cue bottom
sec6-res-util-pool-c4m2,,1849,,pool,,2,,377,,463,,98,,0.99919,,Cannot find cue bottom
sec6-res-util-pool-c4m2,,1853,,pool,,2,,377,,431,,66,,1.0,,Cannot find cue bottom
sec6-res-util-pool-c4m2,,1870,,pool,,2,,381,,513,,148,,5.97759633611e-06,,Cannot find cue bottom
sec6-res-util-pool-c4m2,,1875,,pool,,2,,377,,470,,105,,0.9,,Cannot find cue top
sec6-res-util-pool-c4m2,,1879,,pool,,2,,398,,447,,82,,1.0,,Cannot find cue top
sec6-res-util-pool-c4m2,,1882,,pool,,2,,386,,440,,75,,1.0,,Cannot find cue top
sec6-res-util-pool-c4m2,,1885,,pool,,2,,381,,436,,71,,1.0,,Cannot find cue top
sec6-res-util-pool-c4m2,,1889,,pool,,2,,380,,496,,131,,0.000666086381767,,Cannot find cue top
sec6-res-util-pool-c4m2,,1893,,pool,,2,,377,,445,,115,,0.05625,,Cannot find cue top
sec6-res-util-pool-c4m2,,1898,,pool,,2,,376,,495,,130,,0.00087890625,,Cannot find cue bottom
sec6-res-util-pool-c4m2,,1903,,pool,,2,,377,,528,,164,,7.07839202699e-08,,Cannot find cue bottom
sec6-res-util-pool-c4m2,,1908,,pool,,2,,419,,497,,132,,0.000504799081786,,Cannot find cue top
sec6-res-util-pool-c4m2,,1913,,pool,,2,,376,,593,,273,,5.30917206741e-21,,Cannot find cue top
sec6-res-util-pool-c4m2,,1922,,pool,,2,,383,,462,,98,,0.99919,,Cannot find cue top
sec6-res-util-pool-c4m2,,1926,,pool,,2,,376,,445,,81,,1.0,,Cannot find cue top
sec6-res-util-pool-c4m2,,1930,,pool,,2,,377,,442,,77,,1.0,,Cannot find cue top
sec6-res-util-pool-c4m2,,1953,,pool,,2,,381,,561,,197,,7.5220924882e-12,,Cannot find cue top
sec6-res-util-pool-c4m2,,1959,,pool,,2,,377,,536,,172,,7.70262270791e-09,,Cannot find cue top
sec6-res-util-pool-c4m2,,1966,,pool,,2,,376,,568,,204,,1.08007690842e-12,,Cannot find cue top
sec6-res-util-pool-c4m2,,1973,,pool,,2,,379,,613,,343,,1.97782071956e-29,,Cannot find cue bottom
sec6-res-util-pool-c4m2,,2000,,pool,,2,,382,,547,,182,,4.81413919245e-10,,Cannot find cue top
sec6-res-util-pool-c4m2,,2032,,pool,,2,,383,,469,,104,,0.93439,,Cannot find cue top
sec6-res-util-pool-c4m2,,2035,,pool,,2,,397,,546,,181,,6.35229474799e-10,,Cannot find cue top
sec6-res-util-pool-c4m2,,2041,,pool,,2,,374,,503,,203,,1.4251700249e-12,,Cannot find cue bottom
sec6-res-util-pool-c4m2,,2048,,pool,,2,,375,,597,,277,,1.75137363565e-21,,Cannot find cue ball
sec6-res-util-pool-c4m2,,2057,,pool,,2,,374,,496,,131,,0.000666086381767,,Cannot find cue top
sec6-res-util-pool-c4m2,,2062,,pool,,2,,376,,449,,83,,1.0,,Cannot find cue ball
sec6-res-util-pool-c4m2,,2066,,pool,,2,,378,,621,,313,,8.10115366731e-26,,Cannot find cue ball
sec6-res-util-pool-c4m2,,2076,,pool,,2,,376,,489,,125,,0.003515625,,Cannot find cue ball
sec6-res-util-pool-c4m2,,2083,,pool,,2,,376,,545,,180,,8.38190317154e-10,,Cannot find cue bottom
sec6-res-util-pool-c4m2,,2089,,pool,,2,,403,,550,,185,,2.09547579288e-10,,Cannot find cue top
sec6-res-util-pool-c4m2,,2095,,pool,,2,,374,,505,,142,,3.15499426116e-05,,speech: right
sec6-res-util-pool-c4m2,,2100,,pool,,2,,375,,536,,171,,1.01636715968e-08,,Cannot find cue ball
sec6-res-util-pool-c4m2,,2107,,pool,,2,,375,,548,,280,,7.62329652529e-22,,speech: left
sec6-res-util-pool-c4m2,,2116,,pool,,2,,404,,627,,278,,1.32729301685e-21,,Cannot find cue ball
sec6-res-util-pool-c4m2,,2125,,pool,,2,,377,,625,,278,,1.32729301685e-21,,Cannot find cue ball
sec6-res-util-pool-c4m2,,2134,,pool,,2,,375,,517,,152,,1.97187141323e-06,,Cannot find object ball
sec6-res-util-pool-c4m2,,2140,,pool,,2,,378,,512,,147,,7.8874856529e-06,,Cannot find cue ball
sec6-res-util-pool-c4m2,,2145,,pool,,2,,376,,487,,122,,0.00807678530857,,Cannot find cue ball
sec6-res-util-pool-c4m2,,2150,,pool,,2,,375,,549,,184,,2.76499688554e-10,,Cannot find object ball
sec6-res-util-pool-c4m2,,2156,,pool,,2,,376,,669,,370,,1.10933564797e-32,,speech: left
sec6-res-util-pool-c4m2,,2168,,pool,,2,,381,,501,,137,,0.000126199770446,,Cannot find cue top
sec6-res-util-pool-c4m2,,2173,,pool,,2,,397,,498,,133,,0.000382566165511,,Cannot find cue top
sec6-res-util-pool-c4m2,,2178,,pool,,2,,376,,486,,121,,0.0106573821083,,Cannot find cue top
sec6-res-util-pool-c4m2,,2182,,pool,,2,,382,,495,,130,,0.00087890625,,Cannot find cue top
sec6-res-util-pool-c4m2,,2187,,pool,,2,,376,,465,,100,,0.99375,,Cannot find cue top
sec6-res-util-pool-c4m2,,2191,,pool,,2,,396,,516,,227,,1.83644836138e-15,,Cannot find cue top
sec6-res-util-pool-c4m2,,2215,,pool,,2,,381,,557,,193,,2.28027203984e-11,,Cannot find cue top
sec6-res-util-pool-c4m2,,2221,,pool,,2,,377,,465,,99,,0.99744,,Cannot find cue top
sec6-res-util-pool-c4m2,,2225,,pool,,2,,379,,531,,167,,3.08104908317e-08,,Cannot find cue top
sec6-res-util-pool-c4m2,,2230,,pool,,2,,381,,448,,83,,1.0,,Cannot find cue top
sec6-res-util-pool-c4m2,,2234,,pool,,2,,378,,435,,70,,1.0,,Cannot find cue top
sec6-res-util-pool-c4m2,,2237,,pool,,2,,377,,510,,146,,1.04075997151e-05,,Cannot find cue top
sec6-res-util-pool-c4m2,,2242,,pool,,2,,388,,490,,125,,0.003515625,,Cannot find cue top
sec6-res-util-pool-c4m2,,2270,,pool,,2,,384,,521,,157,,4.92967853306e-07,,Cannot find cue bottom
sec6-res-util-pool-c4m2,,2275,,pool,,2,,389,,497,,132,,0.000504799081786,,Cannot find cue bottom
sec6-res-util-pool-c4m2,,2280,,pool,,2,,377,,539,,174,,4.42399501687e-09,,Cannot find cue bottom
sec6-res-util-pool-c4m2,,2286,,pool,,2,,424,,532,,230,,7.9936057773e-16,,Cannot find cue ball
sec6-res-util-pool-c4m2,,2312,,pool,,2,,381,,458,,92,,1.0,,Cannot find cue ball
sec6-res-util-pool-c4m2,,2315,,pool,,2,,375,,443,,78,,1.0,,Cannot find object ball
sec6-res-util-pool-c4m2,,2317,,pool,,2,,376,,429,,64,,1.0,,Cannot find object ball
sec6-res-util-pool-c4m2,,2320,,pool,,2,,376,,498,,133,,0.000382566165511,,Cannot find cue ball
sec6-res-util-pool-c4m2,,2325,,pool,,2,,376,,643,,369,,1.46377716319e-32,,Cannot find cue ball
sec6-res-util-pool-c4m2,,2337,,pool,,2,,377,,450,,85,,1.0,,Cannot find cue ball
sec6-res-util-pool-c4m2,,2340,,pool,,2,,379,,474,,109,,0.296889279924,,speech: left
sec6-res-util-pool-c4m2,,2345,,pool,,2,,375,,470,,106,,0.68207245493,,Cannot find cue bottom
sec6-res-util-pool-c4m2,,2349,,pool,,2,,378,,474,,193,,2.28027203984e-11,,Cannot find cue bottom
sec6-res-util-pool-c4m2,,2355,,pool,,2,,377,,522,,158,,3.73599771007e-07,,Cannot find cue bottom
sec6-res-util-pool-c4m2,,2361,,pool,,2,,377,,635,,297,,6.84130326426e-24,,Cannot find cue bottom
sec6-res-util-pool-c4m2,,2371,,pool,,2,,378,,616,,281,,5.7773784174e-22,,Cannot find cue bottom
sec6-res-util-pool-c4m2,,2380,,pool,,2,,375,,463,,99,,0.99744,,Cannot find cue bottom
sec6-res-util-pool-c4m2,,2384,,pool,,2,,375,,463,,98,,0.99919,,Cannot find cue bottom
sec6-res-util-pool-c4m2,,2388,,pool,,2,,377,,569,,205,,8.18545231596e-13,,Cannot find cue bottom
sec6-res-util-pool-c4m2,,2395,,pool,,2,,377,,624,,296,,9.02715377719e-24,,Cannot find cue bottom
sec6-res-util-pool-c4m2,,2405,,pool,,2,,379,,521,,160,,2.14576721191e-07,,Cannot find cue bottom
sec6-res-util-pool-c4m2,,2410,,pool,,2,,376,,599,,292,,2.7365213057e-23,,Cannot find cue bottom
sec6-res-util-pool-c4m2,,2420,,pool,,2,,376,,601,,278,,1.32729301685e-21,,Cannot find cue bottom
sec6-res-util-pool-c4m2,,2429,,pool,,2,,376,,563,,198,,5.70068009959e-12,,Cannot find cue bottom
sec6-res-util-pool-c4m2,,2436,,pool,,2,,375,,450,,150,,3.43322753906e-06,,Cannot find cue bottom
sec6-res-util-pool-c4m2,,2441,,pool,,2,,375,,504,,140,,5.4931640625e-05,,Cannot find cue bottom
sec6-res-util-pool-c4m2,,2447,,pool,,2,,378,,595,,311,,1.41049277769e-25,,Cannot find cue bottom
sec6-res-util-pool-c4m2,,2457,,pool,,2,,374,,541,,176,,2.5409178992e-09,,Cannot find cue bottom
sec6-res-util-pool-c4m2,,2463,,pool,,2,,374,,535,,275,,3.04931861012e-21,,Cannot find cue bottom
sec6-res-util-pool-c4m2,,2472,,pool,,2,,375,,481,,116,,0.0426295284331,,Cannot find cue top
sec6-res-util-pool-c4m2,,2477,,pool,,2,,381,,687,,339,,5.99563126045e-29,,Cannot find cue bottom
sec6-res-util-pool-c4m2,,2488,,pool,,2,,378,,519,,154,,1.13254272432e-06,,Cannot find cue bottom
sec6-res-util-pool-c4m2,,2493,,pool,,2,,374,,582,,217,,2.9383173782e-14,,Cannot find cue ball
sec6-res-util-pool-c4m2,,2500,,pool,,2,,378,,520,,155,,8.58306884766e-07,,Cannot find cue bottom
sec6-res-util-pool-c4m2,,2506,,pool,,2,,376,,510,,146,,1.04075997151e-05,,Cannot find cue bottom
sec6-res-util-pool-c4m2,,2511,,pool,,2,,376,,484,,119,,0.0185555799952,,Cannot find cue bottom
sec6-res-util-pool-c4m2,,2515,,pool,,2,,383,,526,,161,,1.62618745549e-07,,Cannot find cue bottom
sec6-res-util-pool-c4m2,,2521,,pool,,2,,376,,693,,385,,1.73333694995e-34,,Cannot find cue bottom
sec6-res-util-pool-c4m2,,2534,,pool,,2,,377,,624,,274,,4.02360002851e-21,,Cannot find cue bottom
sec6-res-util-pool-c4m2,,2543,,pool,,2,,379,,522,,157,,4.92967853306e-07,,Cannot find cue bottom
sec6-res-util-pool-c4m2,,2548,,pool,,2,,381,,606,,293,,2.07389533883e-23,,Cannot find cue bottom
sec6-res-util-pool-c4m2,,2558,,pool,,2,,375,,490,,125,,0.003515625,,Cannot find cue bottom
sec6-res-util-pool-c4m2,,2563,,pool,,2,,376,,514,,149,,4.53017089728e-06,,Cannot find cue ball
sec6-res-util-pool-c4m2,,2587,,pool,,2,,385,,441,,74,,1.0,,Cannot find cue bottom
sec6-res-util-pool-c4m2,,2589,,pool,,2,,375,,427,,63,,1.0,,Cannot find cue bottom
sec6-res-util-pool-c4m2,,2592,,pool,,2,,375,,429,,64,,1.0,,Cannot find cue bottom
sec6-res-util-pool-c4m2,,2594,,pool,,2,,375,,464,,99,,0.99744,,Cannot find cue bottom
sec6-res-util-pool-c4m2,,2598,,pool,,2,,377,,557,,283,,3.31823254213e-22,,Cannot find cue bottom
sec6-res-util-pool-c4m2,,2607,,pool,,2,,377,,475,,110,,0.225,,Cannot find cue bottom
sec6-res-util-pool-c4m2,,2612,,pool,,2,,377,,498,,133,,0.000382566165511,,Cannot find cue ball
sec6-res-util-pool-c4m2,,2637,,pool,,2,,382,,506,,141,,4.16303988605e-05,,Cannot find cue top
sec6-res-util-pool-c4m2,,2652,,pool,,2,,385,,448,,82,,1.0,,Cannot find cue top
sec6-res-util-pool-c4m2,,2655,,pool,,2,,376,,458,,93,,1.0,,Cannot find cue bottom
sec6-res-util-pool-c4m2,,2659,,pool,,2,,376,,443,,78,,1.0,,Cannot find cue bottom
sec6-res-util-pool-c4m2,,2662,,pool,,2,,376,,514,,149,,4.53017089728e-06,,Cannot find cue top
sec6-res-util-pool-c4m2,,2667,,pool,,2,,376,,560,,221,,9.69283256225e-15,,Cannot find cue bottom
sec6-res-util-pool-c4m2,,2675,,pool,,2,,376,,473,,109,,0.296889279924,,Cannot find cue top
sec6-res-util-pool-c4m2,,2679,,pool,,2,,375,,538,,173,,5.83749642198e-09,,Cannot find cue top
sec6-res-util-pool-c4m2,,2685,,pool,,2,,375,,428,,62,,1.0,,Cannot find cue top
sec6-res-util-pool-c4m2,,2688,,pool,,2,,375,,551,,186,,1.588073687e-10,,Cannot find cue bottom
sec6-res-util-pool-c4m2,,2694,,pool,,2,,375,,459,,94,,1.0,,Cannot find cue bottom
sec6-res-util-pool-c4m2,,2698,,pool,,2,,395,,553,,188,,9.12108815935e-11,,Cannot find cue top
sec6-res-util-pool-c4m2,,2705,,pool,,2,,377,,511,,146,,1.04075997151e-05,,Cannot find cue bottom
sec6-res-util-pool-c4m2,,2710,,pool,,2,,402,,618,,342,,2.60975008555e-29,,Cannot find cue ball
sec6-res-util-pool-c4m2,,2721,,pool,,2,,376,,461,,96,,0.99999,,Cannot find cue bottom
sec6-res-util-pool-c4m2,,2725,,pool,,2,,376,,521,,156,,6.50474982195e-07,,Cannot find cue top
sec6-res-util-pool-c4m2,,2730,,pool,,2,,435,,492,,127,,0.00201919632714,,Cannot find cue top
sec6-res-util-pool-c4m2,,2735,,pool,,2,,380,,472,,107,,0.516914259749,,Cannot find cue ball
sec6-res-util-pool-c4m2,,2739,,pool,,2,,375,,450,,85,,1.0,,Cannot find cue bottom
sec6-res-util-pool-c4m2,,2743,,pool,,2,,376,,458,,93,,1.0,,Cannot find cue bottom
sec6-res-util-pool-c4m2,,2746,,pool,,2,,378,,500,,135,,0.0002197265625,,Cannot find object ball
sec6-res-util-pool-c4m2,,2751,,pool,,2,,376,,478,,113,,0.0979369383708,,Cannot find object ball
sec6-res-util-pool-c4m2,,2756,,pool,,2,,380,,592,,256,,5.91603549942e-19,,speech: right
sec6-res-util-pool-c4m2,,2764,,pool,,2,,378,,502,,137,,0.000126199770446,,Cannot find cue ball
sec6-res-util-pool-c4m2,,2769,,pool,,2,,375,,581,,317,,2.6723840876e-26,,Cannot find cue ball
sec6-res-util-pool-c4m2,,2779,,pool,,2,,380,,517,,152,,1.97187141323e-06,,Cannot find object ball
sec6-res-util-pool-c4m2,,2785,,pool,,2,,376,,621,,300,,2.97785020519e-24,,Cannot find object ball
sec6-res-util-pool-c4m2,,2795,,pool,,2,,376,,495,,130,,0.00087890625,,Cannot find object ball
sec6-res-util-pool-c4m2,,2800,,pool,,2,,374,,455,,90,,1.0,,speech: left
sec6-res-util-pool-c4m2,,2803,,pool,,2,,376,,468,,122,,0.00807678530857,,speech: left
sec6-res-util-pool-c4m2,,2808,,pool,,2,,376,,453,,88,,1.0,,speech: left
sec6-res-util-pool-c4m2,,2811,,pool,,2,,375,,452,,88,,1.0,,speech: left
sec6-res-util-pool-c4m2,,2815,,pool,,2,,375,,610,,328,,1.26580526052e-27,,Cannot find object ball
sec6-res-util-pool-c4m2,,2826,,pool,,2,,375,,584,,275,,3.04931861012e-21,,Cannot find object ball
sec6-res-util-pool-c4m2,,2835,,pool,,2,,375,,659,,384,,2.28715181749e-34,,Cannot find object ball
sec6-res-util-pool-c4m2,,2847,,pool,,2,,376,,476,,111,,0.170518113732,,Cannot find object ball
sec6-res-util-pool-c4m2,,2851,,pool,,2,,380,,466,,127,,0.00201919632714,,Cannot find object ball
sec6-res-util-pool-c4m2,,2856,,pool,,2,,376,,571,,289,,6.28687504455e-23,,Cannot find object ball
sec6-res-util-pool-c4m2,,2865,,pool,,2,,375,,648,,380,,6.93334779979e-34,,speech: left
sec6-res-util-pool-c4m2,,2878,,pool,,2,,374,,445,,80,,1.0,,Cannot find cue top
sec6-res-util-pool-c4m2,,2881,,pool,,2,,399,,465,,100,,0.99375,,Cannot find cue top
sec6-res-util-pool-c4m2,,2885,,pool,,2,,376,,420,,55,,1.0,,Cannot find cue top
sec6-res-util-pool-c4m2,,2887,,pool,,2,,376,,428,,65,,1.0,,Cannot find cue top
sec6-res-util-pool-c4m2,,2890,,pool,,2,,375,,527,,218,,2.2268281639e-14,,Cannot find cue bottom
sec6-res-util-pool-c4m2,,2898,,pool,,2,,377,,561,,195,,1.30967237055e-11,,Cannot find cue top
sec6-res-util-pool-c4m2,,2904,,pool,,2,,383,,435,,68,,1.0,,Cannot find cue top
sec6-res-util-pool-c4m2,,2907,,pool,,2,,374,,465,,100,,0.99375,,Cannot find cue bottom
sec6-res-util-pool-c4m2,,2911,,pool,,2,,377,,525,,181,,6.35229474799e-10,,Cannot find cue bottom
sec6-res-util-pool-c4m2,,2917,,pool,,2,,375,,522,,162,,1.23241963327e-07,,Cannot find cue bottom
sec6-res-util-pool-c4m2,,2922,,pool,,2,,376,,489,,124,,0.00463889499881,,Cannot find cue bottom
sec6-res-util-pool-c4m2,,2927,,pool,,2,,376,,504,,140,,5.4931640625e-05,,Cannot find cue top
sec6-res-util-pool-c4m2,,2932,,pool,,2,,395,,498,,132,,0.000504799081786,,Cannot find cue top
sec6-res-util-pool-c4m2,,2937,,pool,,2,,375,,536,,172,,7.70262270791e-09,,Cannot find cue top
sec6-res-util-pool-c4m2,,2943,,pool,,2,,376,,576,,253,,1.35914804926e-18,,Cannot find cue top
sec6-res-util-pool-c4m2,,2962,,pool,,2,,383,,534,,168,,2.33499856879e-08,,Cannot find cue top
sec6-res-util-pool-c4m2,,2967,,pool,,2,,374,,436,,71,,1.0,,Cannot find cue top
sec6-res-util-pool-c4m2,,2970,,pool,,2,,376,,445,,80,,1.0,,Cannot find cue top
sec6-res-util-pool-c4m2,,2973,,pool,,2,,377,,460,,95,,1.0,,Cannot find cue top
sec6-res-util-pool-c4m2,,2977,,pool,,2,,403,,509,,145,,1.37329101563e-05,,Cannot find cue top
sec6-res-util-pool-c4m2,,2982,,pool,,2,,376,,478,,113,,0.0979369383708,,Cannot find cue top
sec6-res-util-pool-c4m2,,2986,,pool,,2,,389,,443,,78,,1.0,,Cannot find cue top
sec6-res-util-pool-c4m2,,2990,,pool,,2,,374,,586,,233,,3.4794190061e-16,,Cannot find cue top
sec6-res-util-pool-c4m2,,2998,,pool,,2,,378,,441,,76,,1.0,,Cannot find cue top
sec6-res-util-pool-c4m2,,3001,,pool,,2,,378,,453,,88,,1.0,,Cannot find cue top
sec6-res-util-pool-c4m2,,3005,,pool,,2,,375,,453,,88,,1.0,,Cannot find cue ball
sec6-res-util-pool-c4m2,,3014,,pool,,2,,384,,496,,133,,0.000382566165511,,Cannot find cue bottom
sec6-res-util-pool-c4m2,,3018,,pool,,2,,376,,436,,73,,1.0,,Cannot find cue top
sec6-res-util-pool-c4m2,,3022,,pool,,2,,374,,451,,86,,1.0,,Cannot find cue top
sec6-res-util-pool-c4m2,,3025,,pool,,2,,374,,545,,279,,1.00590000713e-21,,Cannot find cue bottom
sec6-res-util-pool-c4m2,,3034,,pool,,2,,373,,437,,71,,1.0,,Cannot find cue ball
sec6-res-util-pool-c4m2,,3037,,pool,,2,,376,,510,,145,,1.37329101563e-05,,Cannot find cue ball
sec6-res-util-pool-c4m2,,3043,,pool,,2,,376,,554,,191,,3.9701842175e-11,,Cannot find cue ball
sec6-res-util-pool-c4m2,,3049,,pool,,2,,393,,498,,134,,0.000289930937426,,Cannot find cue ball
sec6-res-util-pool-c4m2,,3054,,pool,,2,,375,,571,,334,,2.39825250418e-28,,Cannot find cue ball
sec6-res-util-pool-c4m2,,3065,,pool,,2,,444,,611,,246,,9.46565679907e-18,,Cannot find object ball
sec6-res-util-pool-c4m2,,3073,,pool,,2,,375,,711,,516,,2.91683069962e-50,,Cannot find object ball
sec6-res-util-pool-c4m2,,3090,,pool,,2,,377,,653,,379,,9.14860726997e-34,,Cannot find cue ball
sec6-res-util-pool-c4m2,,3102,,pool,,2,,378,,549,,184,,2.76499688554e-10,,Cannot find cue bottom
sec6-res-util-pool-c4m2,,3108,,pool,,2,,376,,631,,373,,4.82866386611e-33,,Cannot find cue bottom
sec6-res-util-pool-c4m2,,3120,,pool,,2,,376,,520,,155,,8.58306884766e-07,,Cannot find cue bottom
sec6-res-util-pool-c4m2,,3126,,pool,,2,,375,,531,,165,,5.36441802979e-08,,Cannot find cue top
sec6-res-util-pool-c4m2,,3132,,pool,,2,,377,,455,,91,,1.0,,Cannot find cue bottom
sec6-res-util-pool-c4m2,,3136,,pool,,2,,376,,566,,202,,1.88052312205e-12,,Cannot find cue bottom
sec6-res-util-pool-c4m2,,3143,,pool,,2,,376,,537,,172,,7.70262270791e-09,,Cannot find cue ball
sec6-res-util-pool-c4m2,,3182,,pool,,2,,381,,500,,136,,0.000166521595442,,Cannot find object ball
sec6-res-util-pool-c4m2,,3186,,pool,,2,,377,,545,,179,,1.10599875422e-09,,Cannot find cue bottom
sec6-res-util-pool-c4m2,,3192,,pool,,2,,421,,492,,127,,0.00201919632714,,Cannot find cue bottom
sec6-res-util-pool-c4m2,,3223,,pool,,2,,382,,456,,91,,1.0,,Cannot find cue bottom
sec6-res-util-pool-c4m2,,3226,,pool,,2,,376,,435,,70,,1.0,,Cannot find cue bottom
sec6-res-util-pool-c4m2,,3229,,pool,,2,,379,,447,,82,,1.0,,Cannot find cue bottom
sec6-res-util-pool-c4m2,,3233,,pool,,2,,380,,444,,79,,1.0,,Cannot find cue bottom
sec6-res-util-pool-c4m2,,3236,,pool,,2,,377,,509,,145,,1.37329101563e-05,,Cannot find cue bottom
sec6-res-util-pool-c4m2,,3254,,pool,,2,,383,,533,,169,,1.76959800675e-08,,Cannot find cue top
sec6-res-util-pool-c4m2,,3259,,pool,,2,,398,,538,,173,,5.83749642198e-09,,Cannot find cue top
sec6-res-util-pool-c4m2,,3265,,pool,,2,,396,,475,,110,,0.225,,Cannot find cue bottom
sec6-res-util-pool-c4m2,,3269,,pool,,2,,378,,589,,334,,2.39825250418e-28,,Cannot find cue top
sec6-res-util-pool-c4m2,,3280,,pool,,2,,376,,442,,77,,1.0,,Cannot find cue top
sec6-res-util-pool-c4m2,,3283,,pool,,2,,378,,626,,274,,4.02360002851e-21,,Cannot find cue top
sec6-res-util-pool-c4m2,,3294,,pool,,2,,378,,484,,119,,0.0185555799952,,Cannot find cue top
sec6-res-util-pool-c4m2,,3298,,pool,,2,,412,,537,,172,,7.70262270791e-09,,Cannot find cue top
sec6-res-util-pool-c4m2,,3304,,pool,,2,,412,,522,,157,,4.92967853306e-07,,Cannot find cue top
sec6-res-util-pool-c4m2,,3309,,pool,,2,,379,,631,,340,,4.54383881407e-29,,Cannot find cue top
sec6-res-util-pool-c4m2,,3320,,pool,,2,,378,,576,,211,,1.55085320996e-13,,Cannot find cue bottom
sec6-res-util-pool-c4m2,,3327,,pool,,2,,377,,549,,237,,1.14778022586e-16,,Cannot find cue bottom
sec6-res-util-pool-c4m2,,3335,,pool,,2,,376,,605,,276,,2.31095136696e-21,,Cannot find cue bottom
sec6-res-util-pool-c4m2,,3345,,pool,,2,,377,,490,,124,,0.00463889499881,,Cannot find cue bottom
sec6-res-util-pool-c4m2,,3349,,pool,,2,,393,,596,,334,,2.39825250418e-28,,Cannot find cue bottom
sec6-res-util-pool-c4m2,,3360,,pool,,2,,378,,579,,214,,6.7504806776e-14,,Cannot find cue bottom
sec6-res-util-pool-c4m2,,3367,,pool,,2,,376,,520,,218,,2.2268281639e-14,,Cannot find cue bottom
sec6-res-util-pool-c4m2,,3375,,pool,,2,,377,,459,,95,,1.0,,Cannot find cue bottom
sec6-res-util-pool-c4m2,,3379,,pool,,2,,390,,629,,355,,7.09974814699e-31,,Cannot find cue bottom
sec6-res-util-pool-c4m2,,3391,,pool,,2,,378,,535,,170,,1.34110450745e-08,,Cannot find cue bottom
sec6-res-util-pool-c4m2,,3397,,pool,,2,,376,,487,,122,,0.00807678530857,,Cannot find cue bottom
sec6-res-util-pool-c4m2,,3401,,pool,,2,,379,,584,,220,,1.27897692437e-14,,Cannot find cue bottom
sec6-res-util-pool-c4m2,,3409,,pool,,2,,375,,627,,290,,4.76456032831e-23,,speech: right
sec6-res-util-pool-c4m2,,3418,,pool,,2,,378,,531,,166,,4.06546863872e-08,,Cannot find cue bottom
sec6-res-util-pool-c4m2,,3424,,pool,,2,,388,,474,,123,,0.00612105864818,,Cannot find cue bottom
sec6-res-util-pool-c4m2,,3429,,pool,,2,,378,,466,,100,,0.99375,,Cannot find cue top
sec6-res-util-pool-c4m2,,3433,,pool,,2,,379,,462,,97,,0.99984,,Cannot find cue top
sec6-res-util-pool-c4m2,,3437,,pool,,2,,380,,598,,285,,1.90582413132e-22,,Cannot find cue bottom
sec6-res-util-pool-c4m2,,3446,,pool,,2,,376,,437,,72,,1.0,,Cannot find cue top
sec6-res-util-pool-c4m2,,3473,,pool,,2,,382,,519,,154,,1.13254272432e-06,,Cannot find cue top
sec6-res-util-pool-c4m2,,3478,,pool,,2,,378,,469,,146,,1.04075997151e-05,,Cannot find cue top
sec6-res-util-pool-c4m2,,3483,,pool,,2,,377,,460,,95,,1.0,,Cannot find cue top
sec6-res-util-pool-c4m2,,3487,,pool,,2,,411,,512,,146,,1.04075997151e-05,,Cannot find cue top
sec6-res-util-pool-c4m2,,3492,,pool,,2,,377,,578,,213,,8.90731265561e-14,,Cannot find cue ball
sec6-res-util-pool-c4m2,,3509,,pool,,2,,386,,512,,147,,7.8874856529e-06,,Cannot find cue top
sec6-res-util-pool-c4m2,,3514,,pool,,2,,398,,631,,369,,1.46377716319e-32,,Cannot find cue top
sec6-res-util-pool-c4m2,,3526,,pool,,2,,379,,544,,179,,1.10599875422e-09,,Cannot find cue bottom
sec6-res-util-pool-c4m2,,3538,,pool,,2,,384,,477,,112,,0.129228564937,,Cannot find cue top
sec6-res-util-pool-c4m2,,3542,,pool,,2,,379,,686,,364,,5.85510865278e-32,,Cannot find cue bottom
sec6-res-util-pool-c4m2,,3554,,pool,,2,,376,,538,,174,,4.42399501687e-09,,Cannot find cue top
sec6-res-util-pool-c4m2,,3560,,pool,,2,,381,,592,,285,,1.90582413132e-22,,Cannot find cue ball
sec6-res-util-pool-c4m2,,3569,,pool,,2,,377,,490,,125,,0.003515625,,Cannot find cue ball
sec6-res-util-pool-c4m2,,3580,,pool,,2,,374,,539,,174,,4.42399501687e-09,,Cannot find cue ball
sec6-res-util-pool-c4m2,,3585,,pool,,2,,375,,547,,182,,4.81413919245e-10,,Cannot find cue bottom
sec6-res-util-pool-c4m2,,3592,,pool,,2,,377,,469,,104,,0.93439,,Cannot find cue bottom
sec6-res-util-pool-c4m2,,3596,,pool,,2,,378,,500,,134,,0.000289930937426,,Cannot find cue bottom
sec6-res-util-pool-c4m2,,3601,,pool,,2,,377,,475,,110,,0.225,,Cannot find cue bottom
sec6-res-util-pool-c4m2,,3605,,pool,,2,,377,,489,,124,,0.00463889499881,,Cannot find cue bottom
sec6-res-util-pool-c4m2,,3610,,pool,,2,,376,,462,,156,,6.50474982195e-07,,Cannot find cue bottom
sec6-res-util-pool-c4m2,,3615,,pool,,2,,377,,467,,102,,0.97599,,Cannot find cue bottom
sec6-res-util-pool-c4m2,,3619,,pool,,2,,376,,507,,142,,3.15499426116e-05,,Cannot find cue bottom
sec6-res-util-pool-c4m2,,3624,,pool,,2,,377,,502,,161,,1.62618745549e-07,,Cannot find cue bottom
sec6-res-util-pool-c4m2,,3630,,pool,,2,,377,,543,,193,,2.28027203984e-11,,Cannot find cue bottom
sec6-res-util-pool-c4m2,,3637,,pool,,2,,375,,437,,72,,1.0,,Cannot find cue bottom
sec6-res-util-pool-c4m2,,3640,,pool,,2,,377,,449,,84,,1.0,,Cannot find cue bottom
sec6-res-util-pool-c4m2,,3643,,pool,,2,,376,,555,,191,,3.9701842175e-11,,Cannot find cue bottom
sec6-res-util-pool-c4m2,,3650,,pool,,2,,378,,683,,354,,9.36817384445e-31,,speech: left
sec6-res-util-pool-c4m2,,3661,,pool,,2,,375,,444,,79,,1.0,,Cannot find cue top
sec6-res-util-pool-c4m2,,3664,,pool,,2,,375,,440,,75,,1.0,,Cannot find cue top
sec6-res-util-pool-c4m2,,3667,,pool,,2,,376,,432,,67,,1.0,,Cannot find cue top
