sec6-res-util-lego-c6m2,,309,,lego,,3,,424,,460,,80,,1.0,,Cannot locate board border, maybe not the full board is in the scene. Failed at stage 1
sec6-res-util-lego-c6m2,,311,,lego,,3,,388,,418,,38,,1.0,,Cannot locate board border, maybe not the full board is in the scene. Failed at stage 1
sec6-res-util-lego-c6m2,,313,,lego,,3,,391,,424,,46,,1.0,,Cannot locate board border, maybe not the full board is in the scene. Failed at stage 1
sec6-res-util-lego-c6m2,,315,,lego,,3,,389,,447,,68,,1.0,,Cannot locate board border, maybe not the full board is in the scene. Failed at stage 1
sec6-res-util-lego-c6m2,,318,,lego,,3,,389,,848,,547,,1.0,,[[2 2 2 2]]
sec6-res-util-lego-c6m2,,335,,lego,,3,,387,,456,,76,,1.0,,Cannot locate board border, maybe not the full board is in the scene. Failed at stage 2
sec6-res-util-lego-c6m2,,338,,lego,,3,,389,,856,,509,,1.0,,[[2 2 2 2]]
sec6-res-util-lego-c6m2,,354,,lego,,3,,389,,863,,579,,1.0,,[[2 2 2 2]]
sec6-res-util-lego-c6m2,,372,,lego,,3,,394,,867,,588,,1.0,,[[2 2 2 2]]
sec6-res-util-lego-c6m2,,391,,lego,,3,,391,,813,,466,,1.0,,[[2 2 2 2]]!!State Change!!
sec6-res-util-lego-c6m2,,425,,lego,,3,,391,,847,,481,,1.0,,[[2 2 2 2]]
sec6-res-util-lego-c6m2,,457,,lego,,3,,397,,874,,507,,1.0,,[[2 2 2 2]]
sec6-res-util-lego-c6m2,,489,,lego,,3,,396,,843,,483,,1.0,,[[2 2 2 2]]
sec6-res-util-lego-c6m2,,517,,lego,,3,,395,,458,,80,,1.0,,Cannot locate board border, maybe not the full board is in the scene. Failed at stage 1
sec6-res-util-lego-c6m2,,544,,lego,,3,,400,,433,,54,,1.0,,Cannot locate board border, maybe not the full board is in the scene. Failed at stage 1
sec6-res-util-lego-c6m2,,566,,lego,,3,,395,,441,,62,,1.0,,Cannot locate board border, maybe not the full board is in the scene. Failed at stage 1
sec6-res-util-lego-c6m2,,615,,lego,,3,,396,,434,,56,,1.0,,Cannot locate board border, maybe not the full board is in the scene. Failed at stage 1
sec6-res-util-lego-c6m2,,626,,lego,,3,,392,,429,,50,,1.0,,Cannot locate board border, maybe not the full board is in the scene. Failed at stage 1
sec6-res-util-lego-c6m2,,636,,lego,,3,,399,,435,,63,,1.0,,Cannot locate board border, maybe not the full board is in the scene. Failed at stage 1
sec6-res-util-lego-c6m2,,645,,lego,,3,,397,,447,,69,,1.0,,Cannot locate board border, maybe not the full board is in the scene. Failed at stage 1
sec6-res-util-lego-c6m2,,652,,lego,,3,,390,,424,,46,,1.0,,Cannot locate board border, maybe not the full board is in the scene. Failed at stage 1
sec6-res-util-lego-c6m2,,660,,lego,,3,,389,,423,,45,,1.0,,Cannot locate board border, maybe not the full board is in the scene. Failed at stage 1
sec6-res-util-lego-c6m2,,666,,lego,,3,,398,,441,,64,,1.0,,Cannot locate board border, maybe not the full board is in the scene. Failed at stage 1
sec6-res-util-lego-c6m2,,672,,lego,,3,,390,,440,,62,,1.0,,Cannot locate board border, maybe not the full board is in the scene. Failed at stage 1
sec6-res-util-lego-c6m2,,678,,lego,,3,,398,,447,,69,,1.0,,Cannot locate board border, maybe not the full board is in the scene. Failed at stage 1
sec6-res-util-lego-c6m2,,683,,lego,,3,,390,,438,,59,,1.0,,Cannot locate board border, maybe not the full board is in the scene. Failed at stage 1
sec6-res-util-lego-c6m2,,688,,lego,,3,,392,,453,,74,,1.0,,Cannot locate board border, maybe not the full board is in the scene. Failed at stage 1
sec6-res-util-lego-c6m2,,693,,lego,,3,,391,,454,,345,,1.0,,Cannot locate board border, maybe not the full board is in the scene. Failed at stage 1
sec6-res-util-lego-c6m2,,704,,lego,,3,,388,,839,,474,,1.0,,[[0 0 1 0]
 [2 2 2 2]]
sec6-res-util-lego-c6m2,,719,,lego,,3,,389,,841,,482,,1.0,,[[0 0 1 0]
 [2 2 2 2]]
sec6-res-util-lego-c6m2,,735,,lego,,3,,391,,829,,480,,1.0,,[[0 0 1 0]
 [2 2 2 2]]
sec6-res-util-lego-c6m2,,750,,lego,,3,,390,,840,,481,,1.0,,[[0 0 1 0]
 [2 2 2 2]]
sec6-res-util-lego-c6m2,,766,,lego,,3,,390,,869,,582,,1.0,,[[0 0 1 0]
 [2 2 2 2]]!!State Change!!
sec6-res-util-lego-c6m2,,799,,lego,,3,,396,,833,,494,,1.0,,[[0 0 1 0]
 [2 2 2 2]]
sec6-res-util-lego-c6m2,,832,,lego,,3,,396,,862,,531,,1.0,,[[0 0 1 0]
 [2 2 2 2]]
sec6-res-util-lego-c6m2,,863,,lego,,3,,396,,849,,517,,1.0,,[[0 0 1 0]
 [2 2 2 2]]
sec6-res-util-lego-c6m2,,1003,,lego,,3,,396,,437,,58,,1.0,,Cannot locate board border, maybe not the full board is in the scene. Failed at stage 1
sec6-res-util-lego-c6m2,,1013,,lego,,3,,396,,429,,50,,1.0,,Cannot locate board border, maybe not the full board is in the scene. Failed at stage 1
sec6-res-util-lego-c6m2,,1022,,lego,,3,,396,,429,,50,,1.0,,Cannot locate board border, maybe not the full board is in the scene. Failed at stage 1
sec6-res-util-lego-c6m2,,1030,,lego,,3,,397,,429,,51,,1.0,,Cannot locate board border, maybe not the full board is in the scene. Failed at stage 1
sec6-res-util-lego-c6m2,,1037,,lego,,3,,391,,427,,49,,1.0,,Cannot locate board border, maybe not the full board is in the scene. Failed at stage 1
sec6-res-util-lego-c6m2,,1044,,lego,,3,,391,,424,,46,,1.0,,Cannot locate board border, maybe not the full board is in the scene. Failed at stage 1
sec6-res-util-lego-c6m2,,1050,,lego,,3,,389,,423,,42,,1.0,,Cannot locate board border, maybe not the full board is in the scene. Failed at stage 1
sec6-res-util-lego-c6m2,,1055,,lego,,3,,387,,410,,29,,1.0,,Cannot locate board border, maybe not the full board is in the scene. Failed at stage 1
sec6-res-util-lego-c6m2,,1061,,lego,,3,,387,,420,,40,,1.0,,Cannot locate board border, maybe not the full board is in the scene. Failed at stage 1
sec6-res-util-lego-c6m2,,1066,,lego,,3,,390,,420,,41,,1.0,,Cannot locate board border, maybe not the full board is in the scene. Failed at stage 1
sec6-res-util-lego-c6m2,,1070,,lego,,3,,391,,422,,43,,1.0,,Cannot locate board border, maybe not the full board is in the scene. Failed at stage 1
sec6-res-util-lego-c6m2,,1075,,lego,,3,,390,,409,,31,,1.0,,Cannot locate board border, maybe not the full board is in the scene. Failed at stage 1
sec6-res-util-lego-c6m2,,1079,,lego,,3,,390,,431,,52,,1.0,,Cannot locate board border, maybe not the full board is in the scene. Failed at stage 1
sec6-res-util-lego-c6m2,,1083,,lego,,3,,390,,442,,63,,1.0,,Cannot locate board border, maybe not the full board is in the scene. Failed at stage 1
sec6-res-util-lego-c6m2,,1087,,lego,,3,,390,,440,,62,,1.0,,Cannot locate board border, maybe not the full board is in the scene. Failed at stage 1
sec6-res-util-lego-c6m2,,1090,,lego,,3,,391,,439,,61,,1.0,,Cannot locate board border, maybe not the full board is in the scene. Failed at stage 1
sec6-res-util-lego-c6m2,,1093,,lego,,3,,390,,424,,45,,1.0,,Cannot locate board border, maybe not the full board is in the scene. Failed at stage 1
sec6-res-util-lego-c6m2,,1096,,lego,,3,,391,,434,,55,,1.0,,Cannot locate board border, maybe not the full board is in the scene. Failed at stage 1
sec6-res-util-lego-c6m2,,1099,,lego,,3,,390,,426,,47,,1.0,,Cannot locate board border, maybe not the full board is in the scene. Failed at stage 1
sec6-res-util-lego-c6m2,,1101,,lego,,3,,391,,427,,48,,1.0,,Cannot locate board border, maybe not the full board is in the scene. Failed at stage 1
sec6-res-util-lego-c6m2,,1104,,lego,,3,,391,,429,,50,,1.0,,Cannot locate board border, maybe not the full board is in the scene. Failed at stage 1
sec6-res-util-lego-c6m2,,1106,,lego,,3,,390,,439,,60,,1.0,,Cannot locate board border, maybe not the full board is in the scene. Failed at stage 1
sec6-res-util-lego-c6m2,,1109,,lego,,3,,390,,452,,73,,1.0,,Cannot locate board border, maybe not the full board is in the scene. Failed at stage 1
sec6-res-util-lego-c6m2,,1112,,lego,,3,,390,,846,,507,,1.0,,Not confident about reconstruction, maybe too much noise
sec6-res-util-lego-c6m2,,1128,,lego,,3,,388,,855,,579,,1.0,,Not confident about reconstruction, maybe too much noise
sec6-res-util-lego-c6m2,,1146,,lego,,3,,388,,836,,477,,1.0,,[[0 0 1 6]
 [2 2 2 2]]
sec6-res-util-lego-c6m2,,1162,,lego,,3,,389,,833,,473,,1.0,,[[0 0 1 6]
 [2 2 2 2]]
sec6-res-util-lego-c6m2,,1177,,lego,,3,,388,,861,,588,,1.0,,[[0 0 1 6]
 [2 2 2 2]]
sec6-res-util-lego-c6m2,,1196,,lego,,3,,393,,828,,473,,1.0,,[[0 0 1 6]
 [2 2 2 2]]
sec6-res-util-lego-c6m2,,1211,,lego,,3,,388,,839,,574,,1.0,,Not confident about reconstruction, maybe too much noise
sec6-res-util-lego-c6m2,,1229,,lego,,3,,391,,857,,480,,1.0,,[[0 0 1 6]
 [2 2 2 2]]!!State Change!!
sec6-res-util-lego-c6m2,,1263,,lego,,3,,396,,439,,60,,1.0,,Cannot locate board border, maybe not the full board is in the scene. Failed at stage 1
sec6-res-util-lego-c6m2,,1296,,lego,,3,,392,,431,,52,,1.0,,Cannot locate board border, maybe not the full board is in the scene. Failed at stage 1
sec6-res-util-lego-c6m2,,1357,,lego,,3,,398,,438,,59,,1.0,,Cannot locate board border, maybe not the full board is in the scene. Failed at stage 1
sec6-res-util-lego-c6m2,,1384,,lego,,3,,398,,440,,61,,1.0,,Cannot locate board border, maybe not the full board is in the scene. Failed at stage 1
sec6-res-util-lego-c6m2,,1406,,lego,,3,,398,,431,,52,,1.0,,Cannot locate board border, maybe not the full board is in the scene. Failed at stage 1
sec6-res-util-lego-c6m2,,1425,,lego,,3,,397,,422,,43,,1.0,,Cannot locate board border, maybe not the full board is in the scene. Failed at stage 1
sec6-res-util-lego-c6m2,,1440,,lego,,3,,395,,436,,57,,1.0,,Cannot locate board border, maybe not the full board is in the scene. Failed at stage 1
sec6-res-util-lego-c6m2,,1453,,lego,,3,,394,,433,,56,,1.0,,Cannot locate board border, maybe not the full board is in the scene. Failed at stage 1
sec6-res-util-lego-c6m2,,1464,,lego,,3,,398,,447,,68,,1.0,,Cannot locate board border, maybe not the full board is in the scene. Failed at stage 1
sec6-res-util-lego-c6m2,,1474,,lego,,3,,396,,431,,52,,1.0,,Cannot locate board border, maybe not the full board is in the scene. Failed at stage 1
sec6-res-util-lego-c6m2,,1483,,lego,,3,,396,,445,,67,,1.0,,Cannot locate board border, maybe not the full board is in the scene. Failed at stage 1
sec6-res-util-lego-c6m2,,1491,,lego,,3,,390,,444,,65,,1.0,,Cannot locate board border, maybe not the full board is in the scene. Failed at stage 1
sec6-res-util-lego-c6m2,,1498,,lego,,3,,391,,812,,526,,1.0,,[[0 0 1 1]
 [0 0 1 6]
 [2 2 2 2]]
sec6-res-util-lego-c6m2,,1515,,lego,,3,,389,,814,,475,,1.0,,Not confident about reconstruction, maybe too much noise
sec6-res-util-lego-c6m2,,1530,,lego,,3,,391,,441,,62,,1.0,,Cannot locate board border, maybe not the full board is in the scene. Failed at stage 1
sec6-res-util-lego-c6m2,,1535,,lego,,3,,391,,850,,536,,1.0,,Not confident about reconstruction, maybe too much noise
sec6-res-util-lego-c6m2,,1552,,lego,,3,,390,,873,,585,,1.0,,Not confident about reconstruction, maybe too much noise
sec6-res-util-lego-c6m2,,1570,,lego,,3,,388,,882,,590,,1.0,,Not confident about reconstruction, maybe too much noise
sec6-res-util-lego-c6m2,,1589,,lego,,3,,390,,828,,479,,1.0,,Not confident about reconstruction, maybe too much noise
sec6-res-util-lego-c6m2,,1604,,lego,,3,,389,,889,,595,,1.0,,Not confident about reconstruction, maybe too much noise
sec6-res-util-lego-c6m2,,1623,,lego,,3,,388,,850,,481,,1.0,,[[0 0 1 1]
 [0 0 1 3]
 [2 2 2 2]]
sec6-res-util-lego-c6m2,,1638,,lego,,3,,389,,888,,587,,1.0,,Not confident about reconstruction, maybe too much noise
sec6-res-util-lego-c6m2,,1656,,lego,,3,,389,,432,,53,,1.0,,Cannot locate board border, maybe not the full board is in the scene. Failed at stage 1
sec6-res-util-lego-c6m2,,1659,,lego,,3,,388,,418,,39,,1.0,,Cannot locate board border, maybe not the full board is in the scene. Failed at stage 1
sec6-res-util-lego-c6m2,,1661,,lego,,3,,389,,433,,54,,1.0,,Cannot locate board border, maybe not the full board is in the scene. Failed at stage 1
sec6-res-util-lego-c6m2,,1664,,lego,,3,,389,,434,,54,,1.0,,Cannot locate board border, maybe not the full board is in the scene. Failed at stage 1
sec6-res-util-lego-c6m2,,1666,,lego,,3,,388,,431,,52,,1.0,,Cannot locate board border, maybe not the full board is in the scene. Failed at stage 1
sec6-res-util-lego-c6m2,,1669,,lego,,3,,388,,418,,39,,1.0,,Cannot locate board border, maybe not the full board is in the scene. Failed at stage 1
sec6-res-util-lego-c6m2,,1671,,lego,,3,,388,,432,,53,,1.0,,Cannot locate board border, maybe not the full board is in the scene. Failed at stage 1
sec6-res-util-lego-c6m2,,1673,,lego,,3,,388,,433,,54,,1.0,,Cannot locate board border, maybe not the full board is in the scene. Failed at stage 1
sec6-res-util-lego-c6m2,,1676,,lego,,3,,388,,430,,50,,1.0,,Cannot locate board border, maybe not the full board is in the scene. Failed at stage 1
sec6-res-util-lego-c6m2,,1678,,lego,,3,,387,,416,,37,,1.0,,Cannot locate board border, maybe not the full board is in the scene. Failed at stage 1
sec6-res-util-lego-c6m2,,1680,,lego,,3,,387,,416,,35,,1.0,,Cannot locate board border, maybe not the full board is in the scene. Failed at stage 1
sec6-res-util-lego-c6m2,,1682,,lego,,3,,387,,432,,52,,1.0,,Cannot locate board border, maybe not the full board is in the scene. Failed at stage 1
sec6-res-util-lego-c6m2,,1684,,lego,,3,,388,,433,,54,,1.0,,Cannot locate board border, maybe not the full board is in the scene. Failed at stage 1
sec6-res-util-lego-c6m2,,1687,,lego,,3,,388,,432,,53,,1.0,,Cannot locate board border, maybe not the full board is in the scene. Failed at stage 1
sec6-res-util-lego-c6m2,,1689,,lego,,3,,388,,419,,40,,1.0,,Cannot locate board border, maybe not the full board is in the scene. Failed at stage 1
sec6-res-util-lego-c6m2,,1692,,lego,,3,,388,,419,,40,,1.0,,Cannot locate board border, maybe not the full board is in the scene. Failed at stage 1
sec6-res-util-lego-c6m2,,1694,,lego,,3,,388,,434,,54,,1.0,,Cannot locate board border, maybe not the full board is in the scene. Failed at stage 1
sec6-res-util-lego-c6m2,,1696,,lego,,3,,388,,431,,52,,1.0,,Cannot locate board border, maybe not the full board is in the scene. Failed at stage 1
sec6-res-util-lego-c6m2,,1699,,lego,,3,,388,,432,,53,,1.0,,Cannot locate board border, maybe not the full board is in the scene. Failed at stage 1
sec6-res-util-lego-c6m2,,1701,,lego,,3,,387,,432,,53,,1.0,,Cannot locate board border, maybe not the full board is in the scene. Failed at stage 1
sec6-res-util-lego-c6m2,,1704,,lego,,3,,388,,436,,57,,1.0,,Cannot locate board border, maybe not the full board is in the scene. Failed at stage 1
sec6-res-util-lego-c6m2,,1706,,lego,,3,,388,,427,,48,,1.0,,Cannot locate board border, maybe not the full board is in the scene. Failed at stage 1
sec6-res-util-lego-c6m2,,1709,,lego,,3,,388,,433,,54,,1.0,,Cannot locate board border, maybe not the full board is in the scene. Failed at stage 1
sec6-res-util-lego-c6m2,,1711,,lego,,3,,388,,416,,37,,1.0,,Cannot locate board border, maybe not the full board is in the scene. Failed at stage 1
sec6-res-util-lego-c6m2,,1713,,lego,,3,,450,,478,,100,,1.0,,Cannot locate board border, maybe not the full board is in the scene. Failed at stage 1
sec6-res-util-lego-c6m2,,1717,,lego,,3,,388,,427,,48,,1.0,,Cannot locate board border, maybe not the full board is in the scene. Failed at stage 1
sec6-res-util-lego-c6m2,,1720,,lego,,3,,387,,415,,35,,1.0,,Cannot locate board border, maybe not the full board is in the scene. Failed at stage 1
sec6-res-util-lego-c6m2,,1722,,lego,,3,,391,,425,,45,,1.0,,Cannot locate board border, maybe not the full board is in the scene. Failed at stage 1
sec6-res-util-lego-c6m2,,1724,,lego,,3,,388,,418,,39,,1.0,,Cannot locate board border, maybe not the full board is in the scene. Failed at stage 1
sec6-res-util-lego-c6m2,,1726,,lego,,3,,388,,427,,47,,1.0,,Cannot locate board border, maybe not the full board is in the scene. Failed at stage 1
sec6-res-util-lego-c6m2,,1728,,lego,,3,,388,,421,,42,,1.0,,Cannot locate board border, maybe not the full board is in the scene. Failed at stage 1
sec6-res-util-lego-c6m2,,1731,,lego,,3,,388,,426,,47,,1.0,,Cannot locate board border, maybe not the full board is in the scene. Failed at stage 1
sec6-res-util-lego-c6m2,,1733,,lego,,3,,388,,427,,48,,1.0,,Cannot locate board border, maybe not the full board is in the scene. Failed at stage 1
sec6-res-util-lego-c6m2,,1735,,lego,,3,,388,,419,,41,,1.0,,Cannot locate board border, maybe not the full board is in the scene. Failed at stage 1
sec6-res-util-lego-c6m2,,1737,,lego,,3,,387,,423,,44,,1.0,,Cannot locate board border, maybe not the full board is in the scene. Failed at stage 1
sec6-res-util-lego-c6m2,,1740,,lego,,3,,388,,414,,35,,1.0,,Cannot locate board border, maybe not the full board is in the scene. Failed at stage 1
sec6-res-util-lego-c6m2,,1742,,lego,,3,,388,,424,,46,,1.0,,Cannot locate board border, maybe not the full board is in the scene. Failed at stage 1
sec6-res-util-lego-c6m2,,1744,,lego,,3,,388,,423,,44,,1.0,,Cannot locate board border, maybe not the full board is in the scene. Failed at stage 1
sec6-res-util-lego-c6m2,,1746,,lego,,3,,388,,427,,48,,1.0,,Cannot locate board border, maybe not the full board is in the scene. Failed at stage 1
sec6-res-util-lego-c6m2,,1748,,lego,,3,,388,,428,,49,,1.0,,Cannot locate board border, maybe not the full board is in the scene. Failed at stage 1
sec6-res-util-lego-c6m2,,1751,,lego,,3,,388,,423,,44,,1.0,,Cannot locate board border, maybe not the full board is in the scene. Failed at stage 1
sec6-res-util-lego-c6m2,,1753,,lego,,3,,386,,422,,44,,1.0,,Cannot locate board border, maybe not the full board is in the scene. Failed at stage 1
sec6-res-util-lego-c6m2,,1755,,lego,,3,,387,,412,,33,,1.0,,Cannot locate board border, maybe not the full board is in the scene. Failed at stage 1
sec6-res-util-lego-c6m2,,1757,,lego,,3,,388,,426,,47,,1.0,,Cannot locate board border, maybe not the full board is in the scene. Failed at stage 1
sec6-res-util-lego-c6m2,,1759,,lego,,3,,387,,413,,33,,1.0,,Cannot locate board border, maybe not the full board is in the scene. Failed at stage 1
sec6-res-util-lego-c6m2,,1761,,lego,,3,,388,,424,,45,,1.0,,Cannot locate board border, maybe not the full board is in the scene. Failed at stage 1
sec6-res-util-lego-c6m2,,1763,,lego,,3,,390,,429,,51,,1.0,,Cannot locate board border, maybe not the full board is in the scene. Failed at stage 1
sec6-res-util-lego-c6m2,,1766,,lego,,3,,388,,427,,48,,1.0,,Cannot locate board border, maybe not the full board is in the scene. Failed at stage 1
sec6-res-util-lego-c6m2,,1768,,lego,,3,,387,,415,,35,,1.0,,Cannot locate board border, maybe not the full board is in the scene. Failed at stage 1
sec6-res-util-lego-c6m2,,1770,,lego,,3,,388,,415,,35,,1.0,,Cannot locate board border, maybe not the full board is in the scene. Failed at stage 1
sec6-res-util-lego-c6m2,,1772,,lego,,3,,387,,423,,45,,1.0,,Cannot locate board border, maybe not the full board is in the scene. Failed at stage 1
sec6-res-util-lego-c6m2,,1774,,lego,,3,,390,,429,,50,,1.0,,Cannot locate board border, maybe not the full board is in the scene. Failed at stage 1
sec6-res-util-lego-c6m2,,1777,,lego,,3,,387,,417,,37,,1.0,,Cannot locate board border, maybe not the full board is in the scene. Failed at stage 1
sec6-res-util-lego-c6m2,,1779,,lego,,3,,387,,428,,48,,1.0,,Cannot locate board border, maybe not the full board is in the scene. Failed at stage 1
sec6-res-util-lego-c6m2,,1781,,lego,,3,,387,,414,,36,,1.0,,Cannot locate board border, maybe not the full board is in the scene. Failed at stage 1
sec6-res-util-lego-c6m2,,1783,,lego,,3,,388,,426,,50,,1.0,,Cannot locate board border, maybe not the full board is in the scene. Failed at stage 1
sec6-res-util-lego-c6m2,,1785,,lego,,3,,388,,418,,39,,1.0,,Cannot locate board border, maybe not the full board is in the scene. Failed at stage 1
sec6-res-util-lego-c6m2,,1788,,lego,,3,,388,,416,,37,,1.0,,Cannot locate board border, maybe not the full board is in the scene. Failed at stage 1
sec6-res-util-lego-c6m2,,1790,,lego,,3,,387,,428,,48,,1.0,,Cannot locate board border, maybe not the full board is in the scene. Failed at stage 1
sec6-res-util-lego-c6m2,,1792,,lego,,3,,388,,428,,49,,1.0,,Cannot locate board border, maybe not the full board is in the scene. Failed at stage 1
sec6-res-util-lego-c6m2,,1794,,lego,,3,,388,,412,,32,,1.0,,Cannot locate board border, maybe not the full board is in the scene. Failed at stage 1
sec6-res-util-lego-c6m2,,1796,,lego,,3,,389,,412,,33,,1.0,,Cannot locate board border, maybe not the full board is in the scene. Failed at stage 1
sec6-res-util-lego-c6m2,,1798,,lego,,3,,391,,418,,39,,1.0,,Cannot locate board border, maybe not the full board is in the scene. Failed at stage 1
sec6-res-util-lego-c6m2,,1800,,lego,,3,,390,,425,,46,,1.0,,Cannot locate board border, maybe not the full board is in the scene. Failed at stage 1
sec6-res-util-lego-c6m2,,1803,,lego,,3,,390,,412,,32,,1.0,,Cannot locate board border, maybe not the full board is in the scene. Failed at stage 1
sec6-res-util-lego-c6m2,,1804,,lego,,3,,389,,415,,36,,1.0,,Cannot locate board border, maybe not the full board is in the scene. Failed at stage 1
sec6-res-util-lego-c6m2,,1806,,lego,,3,,389,,420,,40,,1.0,,Cannot locate board border, maybe not the full board is in the scene. Failed at stage 1
sec6-res-util-lego-c6m2,,1808,,lego,,3,,388,,422,,44,,1.0,,Cannot locate board border, maybe not the full board is in the scene. Failed at stage 1
sec6-res-util-lego-c6m2,,1811,,lego,,3,,392,,425,,45,,1.0,,Cannot locate board border, maybe not the full board is in the scene. Failed at stage 1
sec6-res-util-lego-c6m2,,1813,,lego,,3,,391,,424,,45,,1.0,,Cannot locate board border, maybe not the full board is in the scene. Failed at stage 1
sec6-res-util-lego-c6m2,,1815,,lego,,3,,388,,423,,43,,1.0,,Cannot locate board border, maybe not the full board is in the scene. Failed at stage 1
sec6-res-util-lego-c6m2,,1817,,lego,,3,,392,,426,,47,,1.0,,Cannot locate board border, maybe not the full board is in the scene. Failed at stage 1
sec6-res-util-lego-c6m2,,1819,,lego,,3,,434,,467,,89,,1.0,,Cannot locate board border, maybe not the full board is in the scene. Failed at stage 1
sec6-res-util-lego-c6m2,,1823,,lego,,3,,389,,424,,45,,1.0,,Cannot locate board border, maybe not the full board is in the scene. Failed at stage 1
sec6-res-util-lego-c6m2,,1825,,lego,,3,,390,,423,,44,,1.0,,Cannot locate board border, maybe not the full board is in the scene. Failed at stage 1
sec6-res-util-lego-c6m2,,1827,,lego,,3,,390,,423,,44,,1.0,,Cannot locate board border, maybe not the full board is in the scene. Failed at stage 1
sec6-res-util-lego-c6m2,,1830,,lego,,3,,389,,414,,35,,1.0,,Cannot locate board border, maybe not the full board is in the scene. Failed at stage 1
sec6-res-util-lego-c6m2,,1832,,lego,,3,,389,,423,,44,,1.0,,Cannot locate board border, maybe not the full board is in the scene. Failed at stage 1
sec6-res-util-lego-c6m2,,1834,,lego,,3,,389,,423,,44,,1.0,,Cannot locate board border, maybe not the full board is in the scene. Failed at stage 1
sec6-res-util-lego-c6m2,,1836,,lego,,3,,390,,425,,47,,1.0,,Cannot locate board border, maybe not the full board is in the scene. Failed at stage 1
sec6-res-util-lego-c6m2,,1838,,lego,,3,,390,,426,,47,,1.0,,Cannot locate board border, maybe not the full board is in the scene. Failed at stage 1
sec6-res-util-lego-c6m2,,1841,,lego,,3,,391,,437,,58,,1.0,,Cannot locate board border, maybe not the full board is in the scene. Failed at stage 1
sec6-res-util-lego-c6m2,,1843,,lego,,3,,391,,443,,64,,1.0,,Cannot locate board border, maybe not the full board is in the scene. Failed at stage 1
sec6-res-util-lego-c6m2,,1846,,lego,,3,,391,,448,,69,,1.0,,Cannot locate board border, maybe not the full board is in the scene. Failed at stage 1
sec6-res-util-lego-c6m2,,1849,,lego,,3,,391,,452,,73,,1.0,,Cannot locate board border, maybe not the full board is in the scene. Failed at stage 1
sec6-res-util-lego-c6m2,,1852,,lego,,3,,391,,455,,77,,1.0,,Cannot locate board border, maybe not the full board is in the scene. Failed at stage 1
sec6-res-util-lego-c6m2,,1856,,lego,,3,,392,,456,,77,,1.0,,Cannot locate board border, maybe not the full board is in the scene. Failed at stage 1
sec6-res-util-lego-c6m2,,1859,,lego,,3,,390,,448,,82,,1.0,,Cannot locate board border, maybe not the full board is in the scene. Failed at stage 1
sec6-res-util-lego-c6m2,,1862,,lego,,3,,391,,452,,74,,1.0,,Cannot locate board border, maybe not the full board is in the scene. Failed at stage 1
sec6-res-util-lego-c6m2,,1865,,lego,,3,,390,,435,,59,,1.0,,Cannot locate board border, maybe not the full board is in the scene. Failed at stage 1
sec6-res-util-lego-c6m2,,1868,,lego,,3,,390,,452,,73,,1.0,,Cannot locate board border, maybe not the full board is in the scene. Failed at stage 1
sec6-res-util-lego-c6m2,,1871,,lego,,3,,389,,879,,592,,1.0,,[[0 0 1 1]
 [0 2 1 6]
 [2 2 2 2]]
sec6-res-util-lego-c6m2,,1890,,lego,,3,,391,,448,,69,,1.0,,Cannot locate board border, maybe not the full board is in the scene. Failed at stage 1
sec6-res-util-lego-c6m2,,1893,,lego,,3,,389,,452,,73,,1.0,,Cannot locate board border, maybe not the full board is in the scene. Failed at stage 1
sec6-res-util-lego-c6m2,,1896,,lego,,3,,391,,847,,580,,1.0,,Not confident about reconstruction, maybe too much noise
sec6-res-util-lego-c6m2,,1914,,lego,,3,,389,,839,,481,,1.0,,[[0 0 1 1]
 [0 2 1 6]
 [2 2 2 2]]
sec6-res-util-lego-c6m2,,1930,,lego,,3,,391,,839,,483,,1.0,,[[0 0 1 1]
 [0 2 1 6]
 [2 2 2 2]]
sec6-res-util-lego-c6m2,,1945,,lego,,3,,390,,805,,483,,1.0,,[[0 0 1 1]
 [0 2 1 6]
 [2 2 2 2]]
sec6-res-util-lego-c6m2,,1961,,lego,,3,,391,,856,,587,,1.0,,[[0 0 1 1]
 [0 2 1 6]
 [2 2 2 2]]!!State Change!!
sec6-res-util-lego-c6m2,,1994,,lego,,3,,397,,889,,591,,1.0,,Not confident about reconstruction, maybe too much noise
sec6-res-util-lego-c6m2,,2027,,lego,,3,,397,,444,,65,,1.0,,Cannot locate board border, maybe not the full board is in the scene. Failed at stage 1
sec6-res-util-lego-c6m2,,2089,,lego,,3,,397,,440,,61,,1.0,,Cannot locate board border, maybe not the full board is in the scene. Failed at stage 1
sec6-res-util-lego-c6m2,,2158,,lego,,3,,398,,435,,56,,1.0,,Cannot locate board border, maybe not the full board is in the scene. Failed at stage 1
sec6-res-util-lego-c6m2,,2251,,lego,,3,,394,,414,,34,,1.0,,Cannot locate board border, maybe not the full board is in the scene. Failed at stage 1
sec6-res-util-lego-c6m2,,2257,,lego,,3,,390,,417,,36,,1.0,,Cannot locate board border, maybe not the full board is in the scene. Failed at stage 1
sec6-res-util-lego-c6m2,,2261,,lego,,3,,389,,430,,51,,1.0,,Cannot locate board border, maybe not the full board is in the scene. Failed at stage 1
sec6-res-util-lego-c6m2,,2266,,lego,,3,,389,,416,,36,,1.0,,Cannot locate board border, maybe not the full board is in the scene. Failed at stage 1
sec6-res-util-lego-c6m2,,2270,,lego,,3,,391,,439,,60,,1.0,,Cannot locate board border, maybe not the full board is in the scene. Failed at stage 1
sec6-res-util-lego-c6m2,,2275,,lego,,3,,391,,448,,69,,1.0,,Cannot locate board border, maybe not the full board is in the scene. Failed at stage 1
sec6-res-util-lego-c6m2,,2278,,lego,,3,,394,,435,,125,,1.0,,Cannot locate board border, maybe not the full board is in the scene. Failed at stage 1
sec6-res-util-lego-c6m2,,2283,,lego,,3,,390,,424,,45,,1.0,,Cannot locate board border, maybe not the full board is in the scene. Failed at stage 1
sec6-res-util-lego-c6m2,,2287,,lego,,3,,391,,444,,65,,1.0,,Cannot locate board border, maybe not the full board is in the scene. Failed at stage 1
sec6-res-util-lego-c6m2,,2289,,lego,,3,,390,,434,,54,,1.0,,Cannot locate board border, maybe not the full board is in the scene. Failed at stage 1
sec6-res-util-lego-c6m2,,2292,,lego,,3,,392,,446,,68,,1.0,,Cannot locate board border, maybe not the full board is in the scene. Failed at stage 1
sec6-res-util-lego-c6m2,,2295,,lego,,3,,391,,434,,55,,1.0,,Cannot locate board border, maybe not the full board is in the scene. Failed at stage 1
sec6-res-util-lego-c6m2,,2297,,lego,,3,,390,,430,,51,,1.0,,Cannot locate board border, maybe not the full board is in the scene. Failed at stage 1
sec6-res-util-lego-c6m2,,2300,,lego,,3,,391,,431,,52,,1.0,,Cannot locate board border, maybe not the full board is in the scene. Failed at stage 1
sec6-res-util-lego-c6m2,,2302,,lego,,3,,390,,430,,51,,1.0,,Cannot locate board border, maybe not the full board is in the scene. Failed at stage 1
sec6-res-util-lego-c6m2,,2304,,lego,,3,,392,,451,,71,,1.0,,Cannot locate board border, maybe not the full board is in the scene. Failed at stage 1
sec6-res-util-lego-c6m2,,2307,,lego,,3,,390,,431,,54,,1.0,,Cannot locate board border, maybe not the full board is in the scene. Failed at stage 1
sec6-res-util-lego-c6m2,,2310,,lego,,3,,391,,451,,106,,1.0,,Cannot locate board border, maybe not the full board is in the scene. Failed at stage 1
sec6-res-util-lego-c6m2,,2314,,lego,,3,,389,,452,,74,,1.0,,Cannot locate board border, maybe not the full board is in the scene. Failed at stage 1
sec6-res-util-lego-c6m2,,2317,,lego,,3,,391,,452,,75,,1.0,,Cannot locate board border, maybe not the full board is in the scene. Failed at stage 1
sec6-res-util-lego-c6m2,,2320,,lego,,3,,390,,830,,467,,1.0,,Not confident about reconstruction, maybe too much noise
sec6-res-util-lego-c6m2,,2335,,lego,,3,,390,,430,,51,,1.0,,Cannot locate board border, maybe not the full board is in the scene. Failed at stage 1
sec6-res-util-lego-c6m2,,2338,,lego,,3,,390,,428,,50,,1.0,,Cannot locate board border, maybe not the full board is in the scene. Failed at stage 1
sec6-res-util-lego-c6m2,,2340,,lego,,3,,390,,842,,523,,1.0,,Not confident about reconstruction, maybe too much noise
sec6-res-util-lego-c6m2,,2357,,lego,,3,,392,,798,,480,,1.0,,[[0 2 1 1]
 [0 2 1 6]
 [2 2 2 2]]
sec6-res-util-lego-c6m2,,2372,,lego,,3,,390,,840,,482,,1.0,,[[0 2 1 1]
 [0 2 1 6]
 [2 2 2 2]]
sec6-res-util-lego-c6m2,,2388,,lego,,3,,390,,844,,478,,1.0,,[[0 2 1 1]
 [0 2 1 6]
 [2 2 2 2]]
sec6-res-util-lego-c6m2,,2403,,lego,,3,,390,,844,,481,,1.0,,Not confident about reconstruction, maybe too much noise
sec6-res-util-lego-c6m2,,2418,,lego,,3,,391,,883,,585,,1.0,,[[0 2 1 1]
 [0 2 1 6]
 [2 2 2 2]]
sec6-res-util-lego-c6m2,,2437,,lego,,3,,390,,855,,570,,1.0,,[[0 2 1 1]
 [0 2 1 6]
 [2 2 2 2]]!!State Change!!
sec6-res-util-lego-c6m2,,2470,,lego,,3,,398,,441,,61,,1.0,,Cannot locate board border, maybe not the full board is in the scene. Failed at stage 1
sec6-res-util-lego-c6m2,,2503,,lego,,3,,397,,442,,63,,1.0,,Cannot locate board border, maybe not the full board is in the scene. Failed at stage 1
sec6-res-util-lego-c6m2,,2535,,lego,,3,,397,,432,,53,,1.0,,Cannot locate board border, maybe not the full board is in the scene. Failed at stage 1
sec6-res-util-lego-c6m2,,2565,,lego,,3,,396,,441,,62,,1.0,,Cannot locate board border, maybe not the full board is in the scene. Failed at stage 1
sec6-res-util-lego-c6m2,,2592,,lego,,3,,397,,438,,59,,1.0,,Cannot locate board border, maybe not the full board is in the scene. Failed at stage 1
sec6-res-util-lego-c6m2,,2614,,lego,,3,,397,,429,,50,,1.0,,Cannot locate board border, maybe not the full board is in the scene. Failed at stage 1
sec6-res-util-lego-c6m2,,2633,,lego,,3,,396,,423,,44,,1.0,,Cannot locate board border, maybe not the full board is in the scene. Failed at stage 1
sec6-res-util-lego-c6m2,,2649,,lego,,3,,396,,435,,56,,1.0,,Cannot locate board border, maybe not the full board is in the scene. Failed at stage 1
sec6-res-util-lego-c6m2,,2662,,lego,,3,,397,,426,,47,,1.0,,Cannot locate board border, maybe not the full board is in the scene. Failed at stage 1
sec6-res-util-lego-c6m2,,2674,,lego,,3,,397,,451,,73,,1.0,,Cannot locate board border, maybe not the full board is in the scene. Failed at stage 1
sec6-res-util-lego-c6m2,,2684,,lego,,3,,396,,865,,529,,1.0,,Not confident about reconstruction, maybe too much noise
sec6-res-util-lego-c6m2,,2701,,lego,,3,,390,,855,,578,,1.0,,Not confident about reconstruction, maybe too much noise
sec6-res-util-lego-c6m2,,2719,,lego,,3,,390,,842,,479,,1.0,,[[0 2 2 2]
 [0 2 1 1]
 [0 2 1 6]
 [2 2 2 2]]
sec6-res-util-lego-c6m2,,2735,,lego,,3,,390,,855,,571,,1.0,,Not confident about reconstruction, maybe too much noise
sec6-res-util-lego-c6m2,,2753,,lego,,3,,391,,873,,582,,1.0,,[[0 2 2 2]
 [0 2 1 1]
 [0 2 1 6]
 [2 2 2 2]]
sec6-res-util-lego-c6m2,,2772,,lego,,3,,390,,822,,480,,1.0,,Not confident about reconstruction, maybe too much noise
sec6-res-util-lego-c6m2,,2787,,lego,,3,,393,,833,,482,,1.0,,Not confident about reconstruction, maybe too much noise
sec6-res-util-lego-c6m2,,2802,,lego,,3,,392,,870,,583,,1.0,,Not confident about reconstruction, maybe too much noise
sec6-res-util-lego-c6m2,,2821,,lego,,3,,390,,860,,583,,1.0,,[[0 2 2 2]
 [0 2 1 1]
 [0 2 1 6]
 [2 2 2 2]]
sec6-res-util-lego-c6m2,,2839,,lego,,3,,391,,866,,587,,1.0,,Not confident about reconstruction, maybe too much noise
sec6-res-util-lego-c6m2,,2858,,lego,,3,,390,,865,,594,,1.0,,Not confident about reconstruction, maybe too much noise
sec6-res-util-lego-c6m2,,17,,lego,,3,,390,,487,,108,,1.0,,Cannot find a large enough foreground near the center of board
sec6-res-util-lego-c6m2,,21,,lego,,3,,390,,486,,107,,1.0,,Cannot find a large enough foreground near the center of board
sec6-res-util-lego-c6m2,,25,,lego,,3,,390,,462,,83,,1.0,,Cannot find a large enough foreground near the center of board
sec6-res-util-lego-c6m2,,29,,lego,,3,,393,,491,,112,,1.0,,Cannot find a large enough foreground near the center of board
sec6-res-util-lego-c6m2,,33,,lego,,3,,390,,461,,82,,1.0,,Cannot find a large enough foreground near the center of board
sec6-res-util-lego-c6m2,,36,,lego,,3,,392,,491,,112,,1.0,,Cannot find a large enough foreground near the center of board
sec6-res-util-lego-c6m2,,41,,lego,,3,,390,,474,,96,,1.0,,Cannot find a large enough foreground near the center of board
sec6-res-util-lego-c6m2,,44,,lego,,3,,390,,486,,182,,1.0,,Cannot find a large enough foreground near the center of board
sec6-res-util-lego-c6m2,,51,,lego,,3,,390,,489,,110,,1.0,,Cannot find a large enough foreground near the center of board
sec6-res-util-lego-c6m2,,55,,lego,,3,,390,,491,,112,,1.0,,Cannot find a large enough foreground near the center of board
sec6-res-util-lego-c6m2,,59,,lego,,3,,392,,489,,111,,1.0,,Cannot find a large enough foreground near the center of board
sec6-res-util-lego-c6m2,,63,,lego,,3,,390,,474,,95,,1.0,,Cannot find a large enough foreground near the center of board
sec6-res-util-lego-c6m2,,67,,lego,,3,,392,,494,,145,,1.0,,Cannot find a large enough foreground near the center of board
sec6-res-util-lego-c6m2,,72,,lego,,3,,393,,492,,113,,1.0,,Cannot find a large enough foreground near the center of board
sec6-res-util-lego-c6m2,,77,,lego,,3,,390,,481,,104,,1.0,,Cannot find a large enough foreground near the center of board
sec6-res-util-lego-c6m2,,81,,lego,,3,,390,,488,,110,,1.0,,Cannot find a large enough foreground near the center of board
sec6-res-util-lego-c6m2,,85,,lego,,3,,391,,464,,85,,1.0,,Cannot find a large enough foreground near the center of board
sec6-res-util-lego-c6m2,,88,,lego,,3,,390,,492,,113,,1.0,,Cannot find a large enough foreground near the center of board
sec6-res-util-lego-c6m2,,92,,lego,,3,,390,,458,,79,,1.0,,Cannot find a large enough foreground near the center of board
sec6-res-util-lego-c6m2,,96,,lego,,3,,391,,471,,117,,1.0,,Cannot find a large enough foreground near the center of board
sec6-res-util-lego-c6m2,,100,,lego,,3,,392,,463,,84,,1.0,,Cannot find a large enough foreground near the center of board
sec6-res-util-lego-c6m2,,104,,lego,,3,,390,,459,,80,,1.0,,Cannot find a large enough foreground near the center of board
sec6-res-util-lego-c6m2,,107,,lego,,3,,391,,461,,82,,1.0,,Cannot find a large enough foreground near the center of board
sec6-res-util-lego-c6m2,,110,,lego,,3,,393,,466,,87,,1.0,,Cannot find a large enough foreground near the center of board
sec6-res-util-lego-c6m2,,114,,lego,,3,,389,,461,,82,,1.0,,Cannot find a large enough foreground near the center of board
sec6-res-util-lego-c6m2,,117,,lego,,3,,392,,482,,103,,1.0,,Cannot find a large enough foreground near the center of board
sec6-res-util-lego-c6m2,,121,,lego,,3,,390,,463,,84,,1.0,,Cannot find a large enough foreground near the center of board
sec6-res-util-lego-c6m2,,124,,lego,,3,,391,,490,,111,,1.0,,Cannot find a large enough foreground near the center of board
sec6-res-util-lego-c6m2,,128,,lego,,3,,391,,490,,111,,1.0,,Cannot find a large enough foreground near the center of board
sec6-res-util-lego-c6m2,,133,,lego,,3,,390,,461,,82,,1.0,,Cannot find a large enough foreground near the center of board
sec6-res-util-lego-c6m2,,136,,lego,,3,,390,,462,,100,,1.0,,Cannot find a large enough foreground near the center of board
sec6-res-util-lego-c6m2,,140,,lego,,3,,390,,487,,108,,1.0,,Cannot find a large enough foreground near the center of board
sec6-res-util-lego-c6m2,,144,,lego,,3,,391,,488,,109,,1.0,,Cannot find a large enough foreground near the center of board
sec6-res-util-lego-c6m2,,148,,lego,,3,,391,,463,,84,,1.0,,Cannot find a large enough foreground near the center of board
sec6-res-util-lego-c6m2,,152,,lego,,3,,392,,485,,106,,1.0,,Cannot find a large enough foreground near the center of board
sec6-res-util-lego-c6m2,,156,,lego,,3,,390,,460,,165,,1.0,,Cannot find a large enough foreground near the center of board
sec6-res-util-lego-c6m2,,161,,lego,,3,,389,,470,,91,,1.0,,Cannot find a large enough foreground near the center of board
sec6-res-util-lego-c6m2,,165,,lego,,3,,391,,467,,87,,1.0,,Cannot find a large enough foreground near the center of board
sec6-res-util-lego-c6m2,,168,,lego,,3,,391,,471,,92,,1.0,,Cannot find a large enough foreground near the center of board
sec6-res-util-lego-c6m2,,172,,lego,,3,,389,,461,,82,,1.0,,Cannot find a large enough foreground near the center of board
sec6-res-util-lego-c6m2,,176,,lego,,3,,391,,491,,112,,1.0,,Cannot find a large enough foreground near the center of board
sec6-res-util-lego-c6m2,,180,,lego,,3,,390,,491,,111,,1.0,,Cannot find a large enough foreground near the center of board
sec6-res-util-lego-c6m2,,184,,lego,,3,,389,,489,,110,,1.0,,Cannot find a large enough foreground near the center of board
sec6-res-util-lego-c6m2,,188,,lego,,3,,390,,497,,118,,1.0,,Cannot find a large enough foreground near the center of board
sec6-res-util-lego-c6m2,,193,,lego,,3,,389,,491,,157,,1.0,,Cannot find a large enough foreground near the center of board
sec6-res-util-lego-c6m2,,198,,lego,,3,,391,,492,,113,,1.0,,Cannot find a large enough foreground near the center of board
sec6-res-util-lego-c6m2,,229,,lego,,3,,397,,488,,109,,1.0,,Cannot find a large enough foreground near the center of board
sec6-res-util-lego-c6m2,,232,,lego,,3,,390,,495,,116,,1.0,,Cannot find a large enough foreground near the center of board
sec6-res-util-lego-c6m2,,236,,lego,,3,,390,,489,,110,,1.0,,Cannot find a large enough foreground near the center of board
sec6-res-util-lego-c6m2,,241,,lego,,3,,390,,492,,113,,1.0,,Cannot find a large enough foreground near the center of board
sec6-res-util-lego-c6m2,,245,,lego,,3,,391,,489,,110,,1.0,,Cannot find a large enough foreground near the center of board
sec6-res-util-lego-c6m2,,249,,lego,,3,,392,,463,,84,,1.0,,Cannot find a large enough foreground near the center of board
sec6-res-util-lego-c6m2,,252,,lego,,3,,390,,491,,213,,1.0,,Cannot find a large enough foreground near the center of board
sec6-res-util-lego-c6m2,,260,,lego,,3,,389,,484,,105,,1.0,,Cannot find a large enough foreground near the center of board
sec6-res-util-lego-c6m2,,264,,lego,,3,,390,,451,,72,,1.0,,Cannot locate board border, maybe not the full board is in the scene. Failed at stage 1
sec6-res-util-lego-c6m2,,267,,lego,,3,,391,,491,,111,,1.0,,Cannot find a large enough foreground near the center of board
sec6-res-util-lego-c6m2,,271,,lego,,3,,390,,488,,108,,1.0,,Cannot find a large enough foreground near the center of board
sec6-res-util-lego-c6m2,,275,,lego,,3,,390,,487,,108,,1.0,,Cannot find a large enough foreground near the center of board
sec6-res-util-lego-c6m2,,279,,lego,,3,,390,,476,,97,,1.0,,Cannot find a large enough foreground near the center of board
sec6-res-util-lego-c6m2,,283,,lego,,3,,391,,488,,109,,1.0,,Cannot find a large enough foreground near the center of board
sec6-res-util-lego-c6m2,,287,,lego,,3,,391,,471,,175,,1.0,,Cannot find a large enough foreground near the center of board
sec6-res-util-lego-c6m2,,293,,lego,,3,,388,,443,,63,,1.0,,Cannot locate board border, maybe not the full board is in the scene. Failed at stage 1
sec6-res-util-lego-c6m2,,296,,lego,,3,,390,,437,,56,,1.0,,Cannot locate board border, maybe not the full board is in the scene. Failed at stage 1
sec6-res-util-lego-c6m2,,298,,lego,,3,,388,,430,,52,,1.0,,Cannot locate board border, maybe not the full board is in the scene. Failed at stage 1
sec6-res-util-lego-c6m2,,301,,lego,,3,,391,,441,,64,,1.0,,Cannot locate board border, maybe not the full board is in the scene. Failed at stage 1
sec6-res-util-lego-c6m2,,303,,lego,,3,,390,,439,,60,,1.0,,Cannot locate board border, maybe not the full board is in the scene. Failed at stage 1
sec6-res-util-lego-c6m2,,306,,lego,,3,,392,,440,,60,,1.0,,Cannot locate board border, maybe not the full board is in the scene. Failed at stage 1
sec6-res-util-lego-c6m2,,309,,lego,,3,,390,,433,,55,,1.0,,Cannot locate board border, maybe not the full board is in the scene. Failed at stage 1
sec6-res-util-lego-c6m2,,311,,lego,,3,,390,,436,,58,,1.0,,Cannot locate board border, maybe not the full board is in the scene. Failed at stage 1
sec6-res-util-lego-c6m2,,314,,lego,,3,,391,,444,,65,,1.0,,Cannot locate board border, maybe not the full board is in the scene. Failed at stage 1
sec6-res-util-lego-c6m2,,317,,lego,,3,,390,,861,,526,,1.0,,[[2 2 2 2]]
sec6-res-util-lego-c6m2,,333,,lego,,3,,390,,828,,452,,1.0,,[[2 2 2 2]]
sec6-res-util-lego-c6m2,,348,,lego,,3,,394,,882,,604,,0.999999999999,,[[2 2 2 2]]
sec6-res-util-lego-c6m2,,367,,lego,,3,,391,,863,,582,,1.0,,[[2 2 2 2]]
sec6-res-util-lego-c6m2,,388,,lego,,3,,391,,870,,492,,1.0,,[[2 2 2 2]]!!State Change!!
sec6-res-util-lego-c6m2,,421,,lego,,3,,399,,853,,527,,1.0,,[[2 2 2 2]]
sec6-res-util-lego-c6m2,,454,,lego,,3,,397,,831,,554,,1.0,,[[2 2 2 2]]
sec6-res-util-lego-c6m2,,485,,lego,,3,,398,,858,,542,,1.0,,[[2 2 2 2]]
sec6-res-util-lego-c6m2,,541,,lego,,3,,397,,442,,63,,1.0,,Cannot locate board border, maybe not the full board is in the scene. Failed at stage 1
sec6-res-util-lego-c6m2,,563,,lego,,3,,398,,444,,65,,1.0,,Cannot locate board border, maybe not the full board is in the scene. Failed at stage 1
sec6-res-util-lego-c6m2,,624,,lego,,3,,397,,420,,41,,1.0,,Cannot locate board border, maybe not the full board is in the scene. Failed at stage 1
sec6-res-util-lego-c6m2,,633,,lego,,3,,397,,433,,54,,1.0,,Cannot locate board border, maybe not the full board is in the scene. Failed at stage 1
sec6-res-util-lego-c6m2,,642,,lego,,3,,397,,433,,53,,1.0,,Cannot locate board border, maybe not the full board is in the scene. Failed at stage 1
sec6-res-util-lego-c6m2,,650,,lego,,3,,397,,430,,51,,1.0,,Cannot locate board border, maybe not the full board is in the scene. Failed at stage 1
sec6-res-util-lego-c6m2,,657,,lego,,3,,390,,424,,45,,1.0,,Cannot locate board border, maybe not the full board is in the scene. Failed at stage 1
sec6-res-util-lego-c6m2,,664,,lego,,3,,392,,432,,53,,1.0,,Cannot locate board border, maybe not the full board is in the scene. Failed at stage 1
sec6-res-util-lego-c6m2,,670,,lego,,3,,388,,422,,43,,1.0,,Cannot locate board border, maybe not the full board is in the scene. Failed at stage 1
sec6-res-util-lego-c6m2,,675,,lego,,3,,392,,438,,59,,1.0,,Cannot locate board border, maybe not the full board is in the scene. Failed at stage 1
sec6-res-util-lego-c6m2,,681,,lego,,3,,390,,438,,57,,1.0,,Cannot locate board border, maybe not the full board is in the scene. Failed at stage 1
sec6-res-util-lego-c6m2,,686,,lego,,3,,390,,436,,57,,1.0,,Cannot locate board border, maybe not the full board is in the scene. Failed at stage 1
sec6-res-util-lego-c6m2,,690,,lego,,3,,391,,445,,66,,1.0,,Cannot locate board border, maybe not the full board is in the scene. Failed at stage 1
sec6-res-util-lego-c6m2,,695,,lego,,3,,392,,454,,75,,1.0,,Cannot locate board border, maybe not the full board is in the scene. Failed at stage 1
sec6-res-util-lego-c6m2,,698,,lego,,3,,390,,452,,73,,1.0,,Cannot locate board border, maybe not the full board is in the scene. Failed at stage 1
sec6-res-util-lego-c6m2,,701,,lego,,3,,390,,447,,107,,1.0,,Cannot locate board border, maybe not the full board is in the scene. Failed at stage 1
sec6-res-util-lego-c6m2,,705,,lego,,3,,392,,831,,482,,1.0,,[[0 0 1 0]
 [2 2 2 2]]
sec6-res-util-lego-c6m2,,721,,lego,,3,,390,,870,,583,,1.0,,[[0 0 1 0]
 [2 2 2 2]]
sec6-res-util-lego-c6m2,,739,,lego,,3,,388,,829,,472,,1.0,,[[0 0 1 0]
 [2 2 2 2]]
sec6-res-util-lego-c6m2,,754,,lego,,3,,390,,871,,584,,1.0,,[[0 0 1 0]
 [2 2 2 2]]
sec6-res-util-lego-c6m2,,773,,lego,,3,,389,,824,,484,,1.0,,Not confident about reconstruction, maybe too much noise
sec6-res-util-lego-c6m2,,788,,lego,,3,,392,,859,,581,,1.0,,[[0 0 1 0]
 [2 2 2 2]]!!State Change!!
sec6-res-util-lego-c6m2,,822,,lego,,3,,397,,887,,592,,1.0,,[[0 0 1 0]
 [2 2 2 2]]
sec6-res-util-lego-c6m2,,854,,lego,,3,,397,,883,,533,,1.0,,[[0 0 1 0]
 [2 2 2 2]]
sec6-res-util-lego-c6m2,,1001,,lego,,3,,398,,441,,62,,1.0,,Cannot locate board border, maybe not the full board is in the scene. Failed at stage 1
sec6-res-util-lego-c6m2,,1014,,lego,,3,,397,,432,,53,,1.0,,Cannot locate board border, maybe not the full board is in the scene. Failed at stage 1
sec6-res-util-lego-c6m2,,1026,,lego,,3,,396,,429,,50,,1.0,,Cannot locate board border, maybe not the full board is in the scene. Failed at stage 1
sec6-res-util-lego-c6m2,,1036,,lego,,3,,393,,434,,55,,1.0,,Cannot locate board border, maybe not the full board is in the scene. Failed at stage 1
sec6-res-util-lego-c6m2,,1045,,lego,,3,,397,,438,,58,,1.0,,Cannot locate board border, maybe not the full board is in the scene. Failed at stage 1
sec6-res-util-lego-c6m2,,1052,,lego,,3,,397,,431,,52,,1.0,,Cannot locate board border, maybe not the full board is in the scene. Failed at stage 1
sec6-res-util-lego-c6m2,,1060,,lego,,3,,391,,424,,45,,1.0,,Cannot locate board border, maybe not the full board is in the scene. Failed at stage 1
sec6-res-util-lego-c6m2,,1066,,lego,,3,,393,,427,,48,,1.0,,Cannot locate board border, maybe not the full board is in the scene. Failed at stage 1
sec6-res-util-lego-c6m2,,1072,,lego,,3,,390,,423,,43,,1.0,,Cannot locate board border, maybe not the full board is in the scene. Failed at stage 1
sec6-res-util-lego-c6m2,,1078,,lego,,3,,390,,429,,50,,1.0,,Cannot locate board border, maybe not the full board is in the scene. Failed at stage 1
sec6-res-util-lego-c6m2,,1083,,lego,,3,,391,,441,,62,,1.0,,Cannot locate board border, maybe not the full board is in the scene. Failed at stage 1
sec6-res-util-lego-c6m2,,1088,,lego,,3,,391,,438,,59,,1.0,,Cannot locate board border, maybe not the full board is in the scene. Failed at stage 1
sec6-res-util-lego-c6m2,,1093,,lego,,3,,392,,426,,46,,1.0,,Cannot locate board border, maybe not the full board is in the scene. Failed at stage 1
sec6-res-util-lego-c6m2,,1098,,lego,,3,,389,,438,,58,,1.0,,Cannot locate board border, maybe not the full board is in the scene. Failed at stage 1
sec6-res-util-lego-c6m2,,1102,,lego,,3,,388,,441,,162,,1.0,,Cannot locate board border, maybe not the full board is in the scene. Failed at stage 1
sec6-res-util-lego-c6m2,,1107,,lego,,3,,387,,450,,71,,1.0,,Cannot locate board border, maybe not the full board is in the scene. Failed at stage 1
sec6-res-util-lego-c6m2,,1110,,lego,,3,,391,,846,,488,,1.0,,[[0 0 1 6]
 [2 2 2 2]]
sec6-res-util-lego-c6m2,,1126,,lego,,3,,391,,849,,481,,1.0,,Not confident about reconstruction, maybe too much noise
sec6-res-util-lego-c6m2,,1141,,lego,,3,,390,,856,,583,,1.0,,[[0 0 1 6]
 [2 2 2 2]]
sec6-res-util-lego-c6m2,,1160,,lego,,3,,390,,875,,585,,1.0,,[[0 0 1 6]
 [2 2 2 2]]
sec6-res-util-lego-c6m2,,1178,,lego,,3,,390,,858,,583,,1.0,,[[0 0 1 6]
 [2 2 2 2]]
sec6-res-util-lego-c6m2,,1197,,lego,,3,,388,,821,,474,,1.0,,[[0 0 1 6]
 [2 2 2 2]]!!State Change!!
sec6-res-util-lego-c6m2,,1230,,lego,,3,,397,,848,,484,,1.0,,[[0 0 1 6]
 [2 2 2 2]]
sec6-res-util-lego-c6m2,,1263,,lego,,3,,397,,436,,57,,1.0,,Cannot locate board border, maybe not the full board is in the scene. Failed at stage 1
sec6-res-util-lego-c6m2,,1295,,lego,,3,,457,,499,,142,,1.0,,Cannot locate board border, maybe not the full board is in the scene. Failed at stage 1
sec6-res-util-lego-c6m2,,1373,,lego,,3,,398,,427,,48,,1.0,,Cannot locate board border, maybe not the full board is in the scene. Failed at stage 1
sec6-res-util-lego-c6m2,,1392,,lego,,3,,397,,425,,45,,1.0,,Cannot locate board border, maybe not the full board is in the scene. Failed at stage 1
sec6-res-util-lego-c6m2,,1408,,lego,,3,,398,,442,,62,,1.0,,Cannot locate board border, maybe not the full board is in the scene. Failed at stage 1
sec6-res-util-lego-c6m2,,1421,,lego,,3,,396,,424,,46,,1.0,,Cannot locate board border, maybe not the full board is in the scene. Failed at stage 1
sec6-res-util-lego-c6m2,,1432,,lego,,3,,394,,421,,41,,1.0,,Cannot locate board border, maybe not the full board is in the scene. Failed at stage 1
sec6-res-util-lego-c6m2,,1442,,lego,,3,,398,,435,,56,,1.0,,Cannot locate board border, maybe not the full board is in the scene. Failed at stage 1
sec6-res-util-lego-c6m2,,1451,,lego,,3,,396,,431,,51,,1.0,,Cannot locate board border, maybe not the full board is in the scene. Failed at stage 1
sec6-res-util-lego-c6m2,,1458,,lego,,3,,402,,449,,69,,1.0,,Cannot locate board border, maybe not the full board is in the scene. Failed at stage 1
sec6-res-util-lego-c6m2,,1466,,lego,,3,,391,,441,,63,,1.0,,Cannot locate board border, maybe not the full board is in the scene. Failed at stage 1
sec6-res-util-lego-c6m2,,1472,,lego,,3,,391,,434,,55,,1.0,,Cannot locate board border, maybe not the full board is in the scene. Failed at stage 1
sec6-res-util-lego-c6m2,,1478,,lego,,3,,391,,434,,55,,1.0,,Cannot locate board border, maybe not the full board is in the scene. Failed at stage 1
sec6-res-util-lego-c6m2,,1484,,lego,,3,,391,,439,,61,,1.0,,Cannot locate board border, maybe not the full board is in the scene. Failed at stage 1
sec6-res-util-lego-c6m2,,1489,,lego,,3,,390,,425,,46,,1.0,,Cannot locate board border, maybe not the full board is in the scene. Failed at stage 1
sec6-res-util-lego-c6m2,,1494,,lego,,3,,392,,830,,504,,1.0,,Not confident about reconstruction, maybe too much noise
sec6-res-util-lego-c6m2,,1510,,lego,,3,,391,,838,,483,,1.0,,Not confident about reconstruction, maybe too much noise
sec6-res-util-lego-c6m2,,1525,,lego,,3,,393,,445,,66,,1.0,,Cannot locate board border, maybe not the full board is in the scene. Failed at stage 1
sec6-res-util-lego-c6m2,,1528,,lego,,3,,391,,456,,77,,1.0,,Cannot locate board border, maybe not the full board is in the scene. Failed at stage 1
sec6-res-util-lego-c6m2,,1531,,lego,,3,,391,,442,,62,,1.0,,Cannot locate board border, maybe not the full board is in the scene. Failed at stage 1
sec6-res-util-lego-c6m2,,1534,,lego,,3,,394,,455,,76,,1.0,,Cannot locate board border, maybe not the full board is in the scene. Failed at stage 1
sec6-res-util-lego-c6m2,,1537,,lego,,3,,392,,867,,598,,1.0,,Not confident about reconstruction, maybe too much noise
sec6-res-util-lego-c6m2,,1556,,lego,,3,,391,,838,,470,,1.0,,Not confident about reconstruction, maybe too much noise
sec6-res-util-lego-c6m2,,1571,,lego,,3,,391,,826,,480,,1.0,,Not confident about reconstruction, maybe too much noise
sec6-res-util-lego-c6m2,,1587,,lego,,3,,393,,871,,584,,1.0,,Not confident about reconstruction, maybe too much noise
sec6-res-util-lego-c6m2,,1605,,lego,,3,,392,,869,,580,,1.0,,Not confident about reconstruction, maybe too much noise
sec6-res-util-lego-c6m2,,1624,,lego,,3,,391,,869,,570,,1.0,,Not confident about reconstruction, maybe too much noise
sec6-res-util-lego-c6m2,,1642,,lego,,3,,390,,444,,65,,1.0,,Cannot locate board border, maybe not the full board is in the scene. Failed at stage 1
sec6-res-util-lego-c6m2,,1645,,lego,,3,,390,,421,,42,,1.0,,Cannot locate board border, maybe not the full board is in the scene. Failed at stage 1
sec6-res-util-lego-c6m2,,1647,,lego,,3,,389,,436,,57,,1.0,,Cannot locate board border, maybe not the full board is in the scene. Failed at stage 1
sec6-res-util-lego-c6m2,,1650,,lego,,3,,393,,430,,50,,1.0,,Cannot locate board border, maybe not the full board is in the scene. Failed at stage 1
sec6-res-util-lego-c6m2,,1652,,lego,,3,,390,,418,,38,,1.0,,Cannot locate board border, maybe not the full board is in the scene. Failed at stage 1
sec6-res-util-lego-c6m2,,1654,,lego,,3,,391,,432,,53,,1.0,,Cannot locate board border, maybe not the full board is in the scene. Failed at stage 1
sec6-res-util-lego-c6m2,,1657,,lego,,3,,393,,423,,42,,1.0,,Cannot locate board border, maybe not the full board is in the scene. Failed at stage 1
sec6-res-util-lego-c6m2,,1659,,lego,,3,,389,,432,,51,,1.0,,Cannot locate board border, maybe not the full board is in the scene. Failed at stage 1
sec6-res-util-lego-c6m2,,1661,,lego,,3,,388,,415,,35,,1.0,,Cannot locate board border, maybe not the full board is in the scene. Failed at stage 1
sec6-res-util-lego-c6m2,,1663,,lego,,3,,387,,415,,34,,1.0,,Cannot locate board border, maybe not the full board is in the scene. Failed at stage 1
sec6-res-util-lego-c6m2,,1665,,lego,,3,,388,,427,,48,,1.0,,Cannot locate board border, maybe not the full board is in the scene. Failed at stage 1
sec6-res-util-lego-c6m2,,1667,,lego,,3,,387,,419,,38,,1.0,,Cannot locate board border, maybe not the full board is in the scene. Failed at stage 1
sec6-res-util-lego-c6m2,,1669,,lego,,3,,388,,432,,53,,1.0,,Cannot locate board border, maybe not the full board is in the scene. Failed at stage 1
sec6-res-util-lego-c6m2,,1671,,lego,,3,,387,,430,,51,,1.0,,Cannot locate board border, maybe not the full board is in the scene. Failed at stage 1
sec6-res-util-lego-c6m2,,1674,,lego,,3,,388,,429,,49,,1.0,,Cannot locate board border, maybe not the full board is in the scene. Failed at stage 1
sec6-res-util-lego-c6m2,,1676,,lego,,3,,389,,434,,54,,1.0,,Cannot locate board border, maybe not the full board is in the scene. Failed at stage 1
sec6-res-util-lego-c6m2,,1678,,lego,,3,,387,,436,,59,,1.0,,Cannot locate board border, maybe not the full board is in the scene. Failed at stage 1
sec6-res-util-lego-c6m2,,1681,,lego,,3,,390,,436,,56,,1.0,,Cannot locate board border, maybe not the full board is in the scene. Failed at stage 1
sec6-res-util-lego-c6m2,,1684,,lego,,3,,387,,433,,55,,1.0,,Cannot locate board border, maybe not the full board is in the scene. Failed at stage 1
sec6-res-util-lego-c6m2,,1686,,lego,,3,,389,,435,,55,,1.0,,Cannot locate board border, maybe not the full board is in the scene. Failed at stage 1
sec6-res-util-lego-c6m2,,1689,,lego,,3,,388,,430,,51,,1.0,,Cannot locate board border, maybe not the full board is in the scene. Failed at stage 1
sec6-res-util-lego-c6m2,,1691,,lego,,3,,387,,423,,46,,1.0,,Cannot locate board border, maybe not the full board is in the scene. Failed at stage 1
sec6-res-util-lego-c6m2,,1693,,lego,,3,,389,,433,,54,,1.0,,Cannot locate board border, maybe not the full board is in the scene. Failed at stage 1
sec6-res-util-lego-c6m2,,1696,,lego,,3,,391,,424,,44,,1.0,,Cannot locate board border, maybe not the full board is in the scene. Failed at stage 1
sec6-res-util-lego-c6m2,,1698,,lego,,3,,391,,437,,58,,1.0,,Cannot locate board border, maybe not the full board is in the scene. Failed at stage 1
sec6-res-util-lego-c6m2,,1701,,lego,,3,,390,,434,,55,,1.0,,Cannot locate board border, maybe not the full board is in the scene. Failed at stage 1
sec6-res-util-lego-c6m2,,1703,,lego,,3,,389,,432,,52,,1.0,,Cannot locate board border, maybe not the full board is in the scene. Failed at stage 1
sec6-res-util-lego-c6m2,,1706,,lego,,3,,388,,435,,55,,1.0,,Cannot locate board border, maybe not the full board is in the scene. Failed at stage 1
sec6-res-util-lego-c6m2,,1708,,lego,,3,,389,,432,,52,,1.0,,Cannot locate board border, maybe not the full board is in the scene. Failed at stage 1
sec6-res-util-lego-c6m2,,1711,,lego,,3,,391,,434,,54,,1.0,,Cannot locate board border, maybe not the full board is in the scene. Failed at stage 1
sec6-res-util-lego-c6m2,,1713,,lego,,3,,390,,430,,52,,1.0,,Cannot locate board border, maybe not the full board is in the scene. Failed at stage 1
sec6-res-util-lego-c6m2,,1716,,lego,,3,,389,,430,,50,,1.0,,Cannot locate board border, maybe not the full board is in the scene. Failed at stage 1
sec6-res-util-lego-c6m2,,1718,,lego,,3,,388,,429,,50,,1.0,,Cannot locate board border, maybe not the full board is in the scene. Failed at stage 1
sec6-res-util-lego-c6m2,,1721,,lego,,3,,388,,427,,48,,1.0,,Cannot locate board border, maybe not the full board is in the scene. Failed at stage 1
sec6-res-util-lego-c6m2,,1723,,lego,,3,,388,,419,,38,,1.0,,Cannot locate board border, maybe not the full board is in the scene. Failed at stage 1
sec6-res-util-lego-c6m2,,1725,,lego,,3,,388,,422,,43,,1.0,,Cannot locate board border, maybe not the full board is in the scene. Failed at stage 1
sec6-res-util-lego-c6m2,,1727,,lego,,3,,393,,426,,47,,1.0,,Cannot locate board border, maybe not the full board is in the scene. Failed at stage 1
sec6-res-util-lego-c6m2,,1730,,lego,,3,,389,,423,,43,,1.0,,Cannot locate board border, maybe not the full board is in the scene. Failed at stage 1
sec6-res-util-lego-c6m2,,1732,,lego,,3,,389,,416,,54,,1.0,,Cannot locate board border, maybe not the full board is in the scene. Failed at stage 1
sec6-res-util-lego-c6m2,,1734,,lego,,3,,390,,428,,48,,1.0,,Cannot locate board border, maybe not the full board is in the scene. Failed at stage 1
sec6-res-util-lego-c6m2,,1737,,lego,,3,,389,,414,,34,,1.0,,Cannot locate board border, maybe not the full board is in the scene. Failed at stage 1
sec6-res-util-lego-c6m2,,1739,,lego,,3,,388,,426,,45,,1.0,,Cannot locate board border, maybe not the full board is in the scene. Failed at stage 1
sec6-res-util-lego-c6m2,,1741,,lego,,3,,388,,427,,47,,1.0,,Cannot locate board border, maybe not the full board is in the scene. Failed at stage 1
sec6-res-util-lego-c6m2,,1743,,lego,,3,,388,,424,,44,,1.0,,Cannot locate board border, maybe not the full board is in the scene. Failed at stage 1
sec6-res-util-lego-c6m2,,1745,,lego,,3,,389,,426,,46,,1.0,,Cannot locate board border, maybe not the full board is in the scene. Failed at stage 1
sec6-res-util-lego-c6m2,,1748,,lego,,3,,388,,425,,46,,1.0,,Cannot locate board border, maybe not the full board is in the scene. Failed at stage 1
sec6-res-util-lego-c6m2,,1750,,lego,,3,,388,,424,,45,,1.0,,Cannot locate board border, maybe not the full board is in the scene. Failed at stage 1
sec6-res-util-lego-c6m2,,1752,,lego,,3,,389,,419,,38,,1.0,,Cannot locate board border, maybe not the full board is in the scene. Failed at stage 1
sec6-res-util-lego-c6m2,,1754,,lego,,3,,387,,425,,46,,1.0,,Cannot locate board border, maybe not the full board is in the scene. Failed at stage 1
sec6-res-util-lego-c6m2,,1756,,lego,,3,,388,,418,,39,,1.0,,Cannot locate board border, maybe not the full board is in the scene. Failed at stage 1
sec6-res-util-lego-c6m2,,1758,,lego,,3,,388,,411,,31,,1.0,,Cannot locate board border, maybe not the full board is in the scene. Failed at stage 1
sec6-res-util-lego-c6m2,,1760,,lego,,3,,390,,423,,44,,1.0,,Cannot locate board border, maybe not the full board is in the scene. Failed at stage 1
sec6-res-util-lego-c6m2,,1762,,lego,,3,,388,,411,,31,,1.0,,Cannot locate board border, maybe not the full board is in the scene. Failed at stage 1
sec6-res-util-lego-c6m2,,1764,,lego,,3,,389,,425,,45,,1.0,,Cannot locate board border, maybe not the full board is in the scene. Failed at stage 1
sec6-res-util-lego-c6m2,,1766,,lego,,3,,388,,423,,44,,1.0,,Cannot locate board border, maybe not the full board is in the scene. Failed at stage 1
sec6-res-util-lego-c6m2,,1768,,lego,,3,,388,,428,,48,,1.0,,Cannot locate board border, maybe not the full board is in the scene. Failed at stage 1
sec6-res-util-lego-c6m2,,1770,,lego,,3,,388,,426,,46,,1.0,,Cannot locate board border, maybe not the full board is in the scene. Failed at stage 1
sec6-res-util-lego-c6m2,,1773,,lego,,3,,394,,433,,54,,1.0,,Cannot locate board border, maybe not the full board is in the scene. Failed at stage 1
sec6-res-util-lego-c6m2,,1775,,lego,,3,,390,,431,,51,,1.0,,Cannot locate board border, maybe not the full board is in the scene. Failed at stage 1
sec6-res-util-lego-c6m2,,1778,,lego,,3,,388,,427,,48,,1.0,,Cannot locate board border, maybe not the full board is in the scene. Failed at stage 1
sec6-res-util-lego-c6m2,,1780,,lego,,3,,389,,427,,48,,1.0,,Cannot locate board border, maybe not the full board is in the scene. Failed at stage 1
sec6-res-util-lego-c6m2,,1782,,lego,,3,,388,,426,,47,,1.0,,Cannot locate board border, maybe not the full board is in the scene. Failed at stage 1
sec6-res-util-lego-c6m2,,1785,,lego,,3,,388,,412,,31,,1.0,,Cannot locate board border, maybe not the full board is in the scene. Failed at stage 1
sec6-res-util-lego-c6m2,,1786,,lego,,3,,388,,414,,34,,1.0,,Cannot locate board border, maybe not the full board is in the scene. Failed at stage 1
sec6-res-util-lego-c6m2,,1788,,lego,,3,,391,,431,,51,,1.0,,Cannot locate board border, maybe not the full board is in the scene. Failed at stage 1
sec6-res-util-lego-c6m2,,1791,,lego,,3,,388,,419,,39,,1.0,,Cannot locate board border, maybe not the full board is in the scene. Failed at stage 1
sec6-res-util-lego-c6m2,,1793,,lego,,3,,388,,427,,48,,1.0,,Cannot locate board border, maybe not the full board is in the scene. Failed at stage 1
sec6-res-util-lego-c6m2,,1795,,lego,,3,,389,,426,,47,,1.0,,Cannot locate board border, maybe not the full board is in the scene. Failed at stage 1
sec6-res-util-lego-c6m2,,1798,,lego,,3,,389,,412,,32,,1.0,,Cannot locate board border, maybe not the full board is in the scene. Failed at stage 1
sec6-res-util-lego-c6m2,,1800,,lego,,3,,389,,417,,37,,1.0,,Cannot locate board border, maybe not the full board is in the scene. Failed at stage 1
sec6-res-util-lego-c6m2,,1802,,lego,,3,,388,,423,,44,,1.0,,Cannot locate board border, maybe not the full board is in the scene. Failed at stage 1
sec6-res-util-lego-c6m2,,1804,,lego,,3,,389,,416,,36,,1.0,,Cannot locate board border, maybe not the full board is in the scene. Failed at stage 1
sec6-res-util-lego-c6m2,,1806,,lego,,3,,390,,418,,38,,1.0,,Cannot locate board border, maybe not the full board is in the scene. Failed at stage 1
sec6-res-util-lego-c6m2,,1808,,lego,,3,,388,,422,,44,,1.0,,Cannot locate board border, maybe not the full board is in the scene. Failed at stage 1
sec6-res-util-lego-c6m2,,1810,,lego,,3,,388,,415,,34,,1.0,,Cannot locate board border, maybe not the full board is in the scene. Failed at stage 1
sec6-res-util-lego-c6m2,,1812,,lego,,3,,387,,421,,41,,1.0,,Cannot locate board border, maybe not the full board is in the scene. Failed at stage 1
sec6-res-util-lego-c6m2,,1814,,lego,,3,,387,,411,,30,,1.0,,Cannot locate board border, maybe not the full board is in the scene. Failed at stage 1
sec6-res-util-lego-c6m2,,1815,,lego,,3,,388,,417,,37,,1.0,,Cannot locate board border, maybe not the full board is in the scene. Failed at stage 1
sec6-res-util-lego-c6m2,,1817,,lego,,3,,388,,411,,31,,1.0,,Cannot locate board border, maybe not the full board is in the scene. Failed at stage 1
sec6-res-util-lego-c6m2,,1819,,lego,,3,,392,,427,,47,,1.0,,Cannot locate board border, maybe not the full board is in the scene. Failed at stage 1
sec6-res-util-lego-c6m2,,1821,,lego,,3,,389,,412,,31,,1.0,,Cannot locate board border, maybe not the full board is in the scene. Failed at stage 1
sec6-res-util-lego-c6m2,,1823,,lego,,3,,389,,412,,32,,1.0,,Cannot locate board border, maybe not the full board is in the scene. Failed at stage 1
sec6-res-util-lego-c6m2,,1825,,lego,,3,,388,,409,,30,,1.0,,Cannot locate board border, maybe not the full board is in the scene. Failed at stage 1
sec6-res-util-lego-c6m2,,1826,,lego,,3,,389,,421,,42,,1.0,,Cannot locate board border, maybe not the full board is in the scene. Failed at stage 1
sec6-res-util-lego-c6m2,,1829,,lego,,3,,388,,418,,37,,1.0,,Cannot locate board border, maybe not the full board is in the scene. Failed at stage 1
sec6-res-util-lego-c6m2,,1831,,lego,,3,,387,,412,,31,,1.0,,Cannot locate board border, maybe not the full board is in the scene. Failed at stage 1
sec6-res-util-lego-c6m2,,1832,,lego,,3,,387,,411,,31,,1.0,,Cannot locate board border, maybe not the full board is in the scene. Failed at stage 1
sec6-res-util-lego-c6m2,,1834,,lego,,3,,388,,415,,35,,1.0,,Cannot locate board border, maybe not the full board is in the scene. Failed at stage 1
sec6-res-util-lego-c6m2,,1836,,lego,,3,,388,,413,,33,,1.0,,Cannot locate board border, maybe not the full board is in the scene. Failed at stage 1
sec6-res-util-lego-c6m2,,1838,,lego,,3,,388,,418,,38,,1.0,,Cannot locate board border, maybe not the full board is in the scene. Failed at stage 1
sec6-res-util-lego-c6m2,,1840,,lego,,3,,388,,415,,34,,1.0,,Cannot locate board border, maybe not the full board is in the scene. Failed at stage 1
sec6-res-util-lego-c6m2,,1841,,lego,,3,,389,,418,,37,,1.0,,Cannot locate board border, maybe not the full board is in the scene. Failed at stage 1
sec6-res-util-lego-c6m2,,1844,,lego,,3,,389,,441,,62,,1.0,,Cannot locate board border, maybe not the full board is in the scene. Failed at stage 1
sec6-res-util-lego-c6m2,,1846,,lego,,3,,388,,450,,70,,1.0,,Cannot locate board border, maybe not the full board is in the scene. Failed at stage 1
sec6-res-util-lego-c6m2,,1849,,lego,,3,,389,,450,,70,,1.0,,Cannot locate board border, maybe not the full board is in the scene. Failed at stage 1
sec6-res-util-lego-c6m2,,1852,,lego,,3,,389,,457,,77,,1.0,,Cannot locate board border, maybe not the full board is in the scene. Failed at stage 1
sec6-res-util-lego-c6m2,,1856,,lego,,3,,389,,442,,63,,1.0,,Cannot locate board border, maybe not the full board is in the scene. Failed at stage 1
sec6-res-util-lego-c6m2,,1858,,lego,,3,,389,,451,,71,,1.0,,Cannot locate board border, maybe not the full board is in the scene. Failed at stage 1
sec6-res-util-lego-c6m2,,1861,,lego,,3,,388,,446,,66,,1.0,,Cannot locate board border, maybe not the full board is in the scene. Failed at stage 1
sec6-res-util-lego-c6m2,,1864,,lego,,3,,389,,427,,47,,1.0,,Cannot locate board border, maybe not the full board is in the scene. Failed at stage 1
sec6-res-util-lego-c6m2,,1867,,lego,,3,,387,,427,,47,,1.0,,Cannot locate board border, maybe not the full board is in the scene. Failed at stage 1
sec6-res-util-lego-c6m2,,1869,,lego,,3,,390,,432,,55,,1.0,,Cannot locate board border, maybe not the full board is in the scene. Failed at stage 1
sec6-res-util-lego-c6m2,,1871,,lego,,3,,390,,876,,514,,1.0,,[[0 0 1 1]
 [0 2 1 6]
 [2 2 2 2]]
sec6-res-util-lego-c6m2,,1888,,lego,,3,,390,,836,,481,,1.0,,Not confident about reconstruction, maybe too much noise
sec6-res-util-lego-c6m2,,1903,,lego,,3,,390,,812,,480,,1.0,,[[0 0 1 1]
 [0 2 1 6]
 [2 2 2 2]]
sec6-res-util-lego-c6m2,,1919,,lego,,3,,391,,884,,509,,1.0,,Not confident about reconstruction, maybe too much noise
sec6-res-util-lego-c6m2,,1935,,lego,,3,,390,,810,,457,,1.0,,[[0 0 1 1]
 [0 2 1 6]
 [2 2 2 2]]
sec6-res-util-lego-c6m2,,1949,,lego,,3,,390,,456,,76,,1.0,,Cannot locate exact four board corners, probably because of occlusion
sec6-res-util-lego-c6m2,,1953,,lego,,3,,390,,829,,473,,1.0,,Not confident about reconstruction, maybe too much noise
sec6-res-util-lego-c6m2,,1968,,lego,,3,,390,,837,,482,,1.0,,Not confident about reconstruction, maybe too much noise
sec6-res-util-lego-c6m2,,1983,,lego,,3,,391,,837,,483,,1.0,,Not confident about reconstruction, maybe too much noise
sec6-res-util-lego-c6m2,,1998,,lego,,3,,390,,867,,585,,1.0,,Not confident about reconstruction, maybe too much noise
sec6-res-util-lego-c6m2,,2017,,lego,,3,,390,,825,,482,,1.0,,Not confident about reconstruction, maybe too much noise
sec6-res-util-lego-c6m2,,2032,,lego,,3,,390,,428,,49,,1.0,,Cannot locate board border, maybe not the full board is in the scene. Failed at stage 1
sec6-res-util-lego-c6m2,,2035,,lego,,3,,391,,420,,39,,1.0,,Cannot locate board border, maybe not the full board is in the scene. Failed at stage 1
sec6-res-util-lego-c6m2,,2037,,lego,,3,,389,,417,,36,,1.0,,Cannot locate board border, maybe not the full board is in the scene. Failed at stage 1
sec6-res-util-lego-c6m2,,2039,,lego,,3,,393,,423,,44,,1.0,,Cannot locate board border, maybe not the full board is in the scene. Failed at stage 1
sec6-res-util-lego-c6m2,,2041,,lego,,3,,391,,436,,57,,1.0,,Cannot locate board border, maybe not the full board is in the scene. Failed at stage 1
sec6-res-util-lego-c6m2,,2043,,lego,,3,,392,,435,,55,,1.0,,Cannot locate board border, maybe not the full board is in the scene. Failed at stage 1
sec6-res-util-lego-c6m2,,2046,,lego,,3,,390,,433,,53,,1.0,,Cannot locate board border, maybe not the full board is in the scene. Failed at stage 1
sec6-res-util-lego-c6m2,,2049,,lego,,3,,391,,426,,46,,1.0,,Cannot locate board border, maybe not the full board is in the scene. Failed at stage 1
sec6-res-util-lego-c6m2,,2051,,lego,,3,,391,,422,,41,,1.0,,Cannot locate board border, maybe not the full board is in the scene. Failed at stage 1
sec6-res-util-lego-c6m2,,2053,,lego,,3,,391,,433,,53,,1.0,,Cannot locate board border, maybe not the full board is in the scene. Failed at stage 1
sec6-res-util-lego-c6m2,,2055,,lego,,3,,391,,435,,56,,1.0,,Cannot locate board border, maybe not the full board is in the scene. Failed at stage 1
sec6-res-util-lego-c6m2,,2058,,lego,,3,,391,,432,,53,,1.0,,Cannot locate board border, maybe not the full board is in the scene. Failed at stage 1
sec6-res-util-lego-c6m2,,2063,,lego,,3,,388,,430,,50,,1.0,,Cannot locate board border, maybe not the full board is in the scene. Failed at stage 1
sec6-res-util-lego-c6m2,,2083,,lego,,3,,396,,440,,61,,1.0,,Cannot locate board border, maybe not the full board is in the scene. Failed at stage 1
sec6-res-util-lego-c6m2,,2085,,lego,,3,,393,,430,,51,,1.0,,Cannot locate board border, maybe not the full board is in the scene. Failed at stage 1
sec6-res-util-lego-c6m2,,2087,,lego,,3,,392,,436,,58,,1.0,,Cannot locate board border, maybe not the full board is in the scene. Failed at stage 1
sec6-res-util-lego-c6m2,,2090,,lego,,3,,391,,434,,54,,1.0,,Cannot locate board border, maybe not the full board is in the scene. Failed at stage 1
sec6-res-util-lego-c6m2,,2092,,lego,,3,,396,,424,,44,,1.0,,Cannot locate board border, maybe not the full board is in the scene. Failed at stage 1
sec6-res-util-lego-c6m2,,2095,,lego,,3,,392,,432,,53,,1.0,,Cannot locate board border, maybe not the full board is in the scene. Failed at stage 1
sec6-res-util-lego-c6m2,,2097,,lego,,3,,391,,434,,54,,1.0,,Cannot locate board border, maybe not the full board is in the scene. Failed at stage 1
sec6-res-util-lego-c6m2,,2100,,lego,,3,,392,,434,,56,,1.0,,Cannot locate board border, maybe not the full board is in the scene. Failed at stage 1
sec6-res-util-lego-c6m2,,2102,,lego,,3,,393,,436,,59,,1.0,,Cannot locate board border, maybe not the full board is in the scene. Failed at stage 1
sec6-res-util-lego-c6m2,,2105,,lego,,3,,391,,433,,54,,1.0,,Cannot locate board border, maybe not the full board is in the scene. Failed at stage 1
sec6-res-util-lego-c6m2,,2108,,lego,,3,,393,,427,,48,,1.0,,Cannot locate board border, maybe not the full board is in the scene. Failed at stage 1
sec6-res-util-lego-c6m2,,2110,,lego,,3,,394,,438,,60,,1.0,,Cannot locate board border, maybe not the full board is in the scene. Failed at stage 1
sec6-res-util-lego-c6m2,,2144,,lego,,3,,397,,436,,58,,1.0,,Cannot locate board border, maybe not the full board is in the scene. Failed at stage 1
sec6-res-util-lego-c6m2,,2146,,lego,,3,,392,,429,,50,,1.0,,Cannot locate board border, maybe not the full board is in the scene. Failed at stage 1
sec6-res-util-lego-c6m2,,2148,,lego,,3,,392,,429,,49,,1.0,,Cannot locate board border, maybe not the full board is in the scene. Failed at stage 1
sec6-res-util-lego-c6m2,,2158,,lego,,3,,393,,430,,49,,1.0,,Cannot locate board border, maybe not the full board is in the scene. Failed at stage 1
sec6-res-util-lego-c6m2,,2159,,lego,,3,,389,,426,,46,,1.0,,Cannot locate board border, maybe not the full board is in the scene. Failed at stage 1
sec6-res-util-lego-c6m2,,2161,,lego,,3,,389,,427,,50,,1.0,,Cannot locate board border, maybe not the full board is in the scene. Failed at stage 1
sec6-res-util-lego-c6m2,,2163,,lego,,3,,394,,417,,38,,1.0,,Cannot locate board border, maybe not the full board is in the scene. Failed at stage 1
sec6-res-util-lego-c6m2,,2165,,lego,,3,,391,,428,,49,,1.0,,Cannot locate board border, maybe not the full board is in the scene. Failed at stage 1
sec6-res-util-lego-c6m2,,2168,,lego,,3,,391,,428,,48,,1.0,,Cannot locate board border, maybe not the full board is in the scene. Failed at stage 1
sec6-res-util-lego-c6m2,,2170,,lego,,3,,392,,427,,48,,1.0,,Cannot locate board border, maybe not the full board is in the scene. Failed at stage 1
sec6-res-util-lego-c6m2,,2244,,lego,,3,,396,,428,,47,,1.0,,Cannot locate board border, maybe not the full board is in the scene. Failed at stage 1
sec6-res-util-lego-c6m2,,2245,,lego,,3,,389,,416,,35,,1.0,,Cannot locate board border, maybe not the full board is in the scene. Failed at stage 1
sec6-res-util-lego-c6m2,,2247,,lego,,3,,389,,414,,34,,1.0,,Cannot locate board border, maybe not the full board is in the scene. Failed at stage 1
sec6-res-util-lego-c6m2,,2248,,lego,,3,,389,,420,,41,,1.0,,Cannot locate board border, maybe not the full board is in the scene. Failed at stage 1
sec6-res-util-lego-c6m2,,2250,,lego,,3,,390,,420,,40,,1.0,,Cannot locate board border, maybe not the full board is in the scene. Failed at stage 1
sec6-res-util-lego-c6m2,,2252,,lego,,3,,392,,420,,40,,1.0,,Cannot locate board border, maybe not the full board is in the scene. Failed at stage 1
sec6-res-util-lego-c6m2,,2254,,lego,,3,,391,,420,,41,,1.0,,Cannot locate board border, maybe not the full board is in the scene. Failed at stage 1
sec6-res-util-lego-c6m2,,2256,,lego,,3,,392,,430,,50,,1.0,,Cannot locate board border, maybe not the full board is in the scene. Failed at stage 1
sec6-res-util-lego-c6m2,,2259,,lego,,3,,391,,418,,38,,1.0,,Cannot locate board border, maybe not the full board is in the scene. Failed at stage 1
sec6-res-util-lego-c6m2,,2261,,lego,,3,,390,,422,,41,,1.0,,Cannot locate board border, maybe not the full board is in the scene. Failed at stage 1
sec6-res-util-lego-c6m2,,2263,,lego,,3,,390,,420,,40,,1.0,,Cannot locate board border, maybe not the full board is in the scene. Failed at stage 1
sec6-res-util-lego-c6m2,,2265,,lego,,3,,390,,415,,34,,1.0,,Cannot locate board border, maybe not the full board is in the scene. Failed at stage 1
sec6-res-util-lego-c6m2,,2267,,lego,,3,,390,,432,,53,,1.0,,Cannot locate board border, maybe not the full board is in the scene. Failed at stage 1
sec6-res-util-lego-c6m2,,2269,,lego,,3,,392,,441,,62,,1.0,,Cannot locate board border, maybe not the full board is in the scene. Failed at stage 1
sec6-res-util-lego-c6m2,,2272,,lego,,3,,391,,444,,65,,1.0,,Cannot locate board border, maybe not the full board is in the scene. Failed at stage 1
sec6-res-util-lego-c6m2,,2275,,lego,,3,,392,,450,,71,,1.0,,Cannot locate board border, maybe not the full board is in the scene. Failed at stage 1
sec6-res-util-lego-c6m2,,2278,,lego,,3,,392,,444,,64,,1.0,,Cannot locate board border, maybe not the full board is in the scene. Failed at stage 1
sec6-res-util-lego-c6m2,,2281,,lego,,3,,393,,444,,64,,1.0,,Cannot locate board border, maybe not the full board is in the scene. Failed at stage 1
sec6-res-util-lego-c6m2,,2283,,lego,,3,,391,,443,,63,,1.0,,Cannot locate board border, maybe not the full board is in the scene. Failed at stage 1
sec6-res-util-lego-c6m2,,2286,,lego,,3,,390,,440,,61,,1.0,,Cannot locate board border, maybe not the full board is in the scene. Failed at stage 1
sec6-res-util-lego-c6m2,,2289,,lego,,3,,391,,445,,65,,1.0,,Cannot locate board border, maybe not the full board is in the scene. Failed at stage 1
sec6-res-util-lego-c6m2,,2292,,lego,,3,,390,,443,,64,,1.0,,Cannot locate board border, maybe not the full board is in the scene. Failed at stage 1
sec6-res-util-lego-c6m2,,2295,,lego,,3,,391,,445,,65,,1.0,,Cannot locate board border, maybe not the full board is in the scene. Failed at stage 1
sec6-res-util-lego-c6m2,,2298,,lego,,3,,391,,444,,64,,1.0,,Cannot locate board border, maybe not the full board is in the scene. Failed at stage 1
sec6-res-util-lego-c6m2,,2300,,lego,,3,,394,,451,,71,,1.0,,Cannot locate board border, maybe not the full board is in the scene. Failed at stage 1
sec6-res-util-lego-c6m2,,2303,,lego,,3,,394,,455,,76,,1.0,,Cannot locate board border, maybe not the full board is in the scene. Failed at stage 1
sec6-res-util-lego-c6m2,,2307,,lego,,3,,392,,449,,69,,1.0,,Cannot locate board border, maybe not the full board is in the scene. Failed at stage 1
sec6-res-util-lego-c6m2,,2310,,lego,,3,,391,,452,,72,,1.0,,Cannot locate board border, maybe not the full board is in the scene. Failed at stage 1
sec6-res-util-lego-c6m2,,2313,,lego,,3,,391,,452,,72,,1.0,,Cannot locate board border, maybe not the full board is in the scene. Failed at stage 1
sec6-res-util-lego-c6m2,,2316,,lego,,3,,390,,451,,71,,1.0,,Cannot locate board border, maybe not the full board is in the scene. Failed at stage 1
sec6-res-util-lego-c6m2,,2319,,lego,,3,,391,,512,,132,,1.0,,Cannot find a large enough foreground near the center of board
sec6-res-util-lego-c6m2,,2324,,lego,,3,,392,,453,,73,,1.0,,Cannot locate board border, maybe not the full board is in the scene. Failed at stage 1
sec6-res-util-lego-c6m2,,2327,,lego,,3,,391,,454,,74,,1.0,,Cannot locate board border, maybe not the full board is in the scene. Failed at stage 1
sec6-res-util-lego-c6m2,,2330,,lego,,3,,391,,453,,74,,1.0,,Cannot locate board border, maybe not the full board is in the scene. Failed at stage 1
sec6-res-util-lego-c6m2,,2334,,lego,,3,,392,,454,,74,,1.0,,Cannot locate board border, maybe not the full board is in the scene. Failed at stage 1
sec6-res-util-lego-c6m2,,2337,,lego,,3,,391,,451,,72,,1.0,,Cannot locate board border, maybe not the full board is in the scene. Failed at stage 1
sec6-res-util-lego-c6m2,,2340,,lego,,3,,391,,843,,474,,1.0,,Not confident about reconstruction, maybe too much noise
sec6-res-util-lego-c6m2,,2355,,lego,,3,,391,,845,,571,,1.0,,Not confident about reconstruction, maybe too much noise
