sec6-res-util-lego-c2m2,,63,,lego,,3,,429,,517,,136,,1.0,,Cannot find a large enough foreground near the center of board
sec6-res-util-lego-c2m2,,67,,lego,,3,,392,,469,,88,,1.0,,Cannot find a large enough foreground near the center of board
sec6-res-util-lego-c2m2,,70,,lego,,3,,393,,484,,103,,1.0,,Cannot find a large enough foreground near the center of board
sec6-res-util-lego-c2m2,,74,,lego,,3,,394,,470,,89,,1.0,,Cannot find a large enough foreground near the center of board
sec6-res-util-lego-c2m2,,78,,lego,,3,,393,,495,,114,,1.0,,Cannot find a large enough foreground near the center of board
sec6-res-util-lego-c2m2,,82,,lego,,3,,394,,500,,226,,1.0,,Cannot find a large enough foreground near the center of board
sec6-res-util-lego-c2m2,,90,,lego,,3,,391,,497,,116,,1.0,,Cannot find a large enough foreground near the center of board
sec6-res-util-lego-c2m2,,95,,lego,,3,,393,,483,,102,,1.0,,Cannot find a large enough foreground near the center of board
sec6-res-util-lego-c2m2,,99,,lego,,3,,392,,469,,88,,1.0,,Cannot find a large enough foreground near the center of board
sec6-res-util-lego-c2m2,,102,,lego,,3,,392,,471,,89,,1.0,,Cannot find a large enough foreground near the center of board
sec6-res-util-lego-c2m2,,106,,lego,,3,,392,,474,,93,,1.0,,Cannot find a large enough foreground near the center of board
sec6-res-util-lego-c2m2,,109,,lego,,3,,392,,486,,104,,1.0,,Cannot find a large enough foreground near the center of board
sec6-res-util-lego-c2m2,,113,,lego,,3,,393,,474,,93,,1.0,,Cannot find a large enough foreground near the center of board
sec6-res-util-lego-c2m2,,117,,lego,,3,,392,,499,,118,,1.0,,Cannot find a large enough foreground near the center of board
sec6-res-util-lego-c2m2,,122,,lego,,3,,393,,493,,154,,1.0,,Cannot find a large enough foreground near the center of board
sec6-res-util-lego-c2m2,,127,,lego,,3,,393,,500,,119,,1.0,,Cannot find a large enough foreground near the center of board
sec6-res-util-lego-c2m2,,132,,lego,,3,,393,,483,,102,,1.0,,Cannot find a large enough foreground near the center of board
sec6-res-util-lego-c2m2,,136,,lego,,3,,394,,498,,117,,1.0,,Cannot find a large enough foreground near the center of board
sec6-res-util-lego-c2m2,,140,,lego,,3,,392,,478,,98,,1.0,,Cannot find a large enough foreground near the center of board
sec6-res-util-lego-c2m2,,144,,lego,,3,,392,,509,,127,,1.0,,Cannot find a large enough foreground near the center of board
sec6-res-util-lego-c2m2,,148,,lego,,3,,393,,486,,188,,1.0,,Cannot find a large enough foreground near the center of board
sec6-res-util-lego-c2m2,,155,,lego,,3,,398,,476,,95,,1.0,,Cannot find a large enough foreground near the center of board
sec6-res-util-lego-c2m2,,159,,lego,,3,,401,,479,,98,,1.0,,Cannot find a large enough foreground near the center of board
sec6-res-util-lego-c2m2,,163,,lego,,3,,421,,506,,125,,1.0,,Cannot find a large enough foreground near the center of board
sec6-res-util-lego-c2m2,,167,,lego,,3,,391,,476,,95,,1.0,,Cannot find a large enough foreground near the center of board
sec6-res-util-lego-c2m2,,171,,lego,,3,,400,,495,,114,,1.0,,Cannot find a large enough foreground near the center of board
sec6-res-util-lego-c2m2,,175,,lego,,3,,420,,510,,129,,1.0,,Cannot find a large enough foreground near the center of board
sec6-res-util-lego-c2m2,,180,,lego,,3,,437,,529,,148,,1.0,,Cannot find a large enough foreground near the center of board
sec6-res-util-lego-c2m2,,185,,lego,,3,,462,,549,,168,,1.0,,Cannot find a large enough foreground near the center of board
sec6-res-util-lego-c2m2,,191,,lego,,3,,395,,512,,132,,1.0,,Cannot find a large enough foreground near the center of board
sec6-res-util-lego-c2m2,,196,,lego,,3,,458,,541,,168,,1.0,,Cannot find a large enough foreground near the center of board
sec6-res-util-lego-c2m2,,229,,lego,,3,,434,,531,,150,,1.0,,Cannot find a large enough foreground near the center of board
sec6-res-util-lego-c2m2,,234,,lego,,3,,494,,602,,308,,1.0,,Cannot find a large enough foreground near the center of board
sec6-res-util-lego-c2m2,,244,,lego,,3,,391,,484,,103,,1.0,,Cannot find a large enough foreground near the center of board
sec6-res-util-lego-c2m2,,248,,lego,,3,,440,,536,,156,,1.0,,Cannot find a large enough foreground near the center of board
sec6-res-util-lego-c2m2,,253,,lego,,3,,438,,550,,169,,1.0,,Cannot find a large enough foreground near the center of board
sec6-res-util-lego-c2m2,,260,,lego,,3,,431,,538,,157,,1.0,,Cannot find a large enough foreground near the center of board
sec6-res-util-lego-c2m2,,265,,lego,,3,,391,,489,,108,,1.0,,Cannot find a large enough foreground near the center of board
sec6-res-util-lego-c2m2,,269,,lego,,3,,409,,509,,128,,1.0,,Cannot find a large enough foreground near the center of board
sec6-res-util-lego-c2m2,,274,,lego,,3,,392,,495,,114,,1.0,,Cannot find a large enough foreground near the center of board
sec6-res-util-lego-c2m2,,278,,lego,,3,,471,,568,,261,,1.0,,Cannot find a large enough foreground near the center of board
sec6-res-util-lego-c2m2,,287,,lego,,3,,427,,546,,165,,1.0,,Cannot find a large enough foreground near the center of board
sec6-res-util-lego-c2m2,,293,,lego,,3,,444,,485,,103,,1.0,,Cannot locate board border, maybe not the full board is in the scene. Failed at stage 1
sec6-res-util-lego-c2m2,,297,,lego,,3,,422,,458,,77,,1.0,,Cannot locate board border, maybe not the full board is in the scene. Failed at stage 1
sec6-res-util-lego-c2m2,,300,,lego,,3,,457,,515,,134,,1.0,,Cannot locate board border, maybe not the full board is in the scene. Failed at stage 1
sec6-res-util-lego-c2m2,,305,,lego,,3,,395,,442,,61,,1.0,,Cannot locate board border, maybe not the full board is in the scene. Failed at stage 1
sec6-res-util-lego-c2m2,,307,,lego,,3,,393,,439,,58,,1.0,,Cannot locate board border, maybe not the full board is in the scene. Failed at stage 1
sec6-res-util-lego-c2m2,,310,,lego,,3,,398,,435,,53,,1.0,,Cannot locate board border, maybe not the full board is in the scene. Failed at stage 1
sec6-res-util-lego-c2m2,,313,,lego,,3,,407,,493,,111,,1.0,,Cannot locate board border, maybe not the full board is in the scene. Failed at stage 1
sec6-res-util-lego-c2m2,,317,,lego,,3,,393,,973,,619,,0.99999999933,,[[2 2 2 2]]
sec6-res-util-lego-c2m2,,336,,lego,,3,,403,,911,,581,,1.0,,[[2 2 2 2]]
sec6-res-util-lego-c2m2,,355,,lego,,3,,619,,1220,,891,,0.999963128163,,[[2 2 2 2]]
sec6-res-util-lego-c2m2,,382,,lego,,3,,754,,1389,,1099,,0.999681195088,,[[2 2 2 2]]
sec6-res-util-lego-c2m2,,416,,lego,,3,,540,,1164,,891,,0.999963128163,,[[2 2 2 2]]!!State Change!!
sec6-res-util-lego-c2m2,,449,,lego,,3,,656,,1315,,1011,,0.999853279733,,[[2 2 2 2]]
sec6-res-util-lego-c2m2,,482,,lego,,3,,393,,934,,649,,0.999999970358,,[[2 2 2 2]]
sec6-res-util-lego-c2m2,,544,,lego,,3,,457,,495,,114,,1.0,,Cannot locate board border, maybe not the full board is in the scene. Failed at stage 1
sec6-res-util-lego-c2m2,,616,,lego,,3,,400,,441,,60,,1.0,,Cannot locate board border, maybe not the full board is in the scene. Failed at stage 1
sec6-res-util-lego-c2m2,,633,,lego,,3,,394,,433,,51,,1.0,,Cannot locate board border, maybe not the full board is in the scene. Failed at stage 1
sec6-res-util-lego-c2m2,,647,,lego,,3,,397,,439,,57,,1.0,,Cannot locate board border, maybe not the full board is in the scene. Failed at stage 1
sec6-res-util-lego-c2m2,,659,,lego,,3,,398,,441,,59,,1.0,,Cannot locate board border, maybe not the full board is in the scene. Failed at stage 1
sec6-res-util-lego-c2m2,,669,,lego,,3,,398,,440,,58,,1.0,,Cannot locate board border, maybe not the full board is in the scene. Failed at stage 1
sec6-res-util-lego-c2m2,,678,,lego,,3,,397,,452,,71,,1.0,,Cannot locate board border, maybe not the full board is in the scene. Failed at stage 1
sec6-res-util-lego-c2m2,,687,,lego,,3,,436,,506,,168,,1.0,,Cannot locate board border, maybe not the full board is in the scene. Failed at stage 1
sec6-res-util-lego-c2m2,,694,,lego,,3,,474,,520,,139,,1.0,,Cannot locate board border, maybe not the full board is in the scene. Failed at stage 1
sec6-res-util-lego-c2m2,,700,,lego,,3,,399,,476,,96,,1.0,,Cannot locate board border, maybe not the full board is in the scene. Failed at stage 1
sec6-res-util-lego-c2m2,,707,,lego,,3,,393,,956,,619,,0.99999999933,,[[0 0 1 0]
 [0 0 1 0]
 [2 2 2 2]]
sec6-res-util-lego-c2m2,,726,,lego,,3,,415,,1022,,682,,0.999999767524,,[[0 0 1 0]
 [2 2 2 2]]
sec6-res-util-lego-c2m2,,748,,lego,,3,,392,,1012,,686,,0.999999718734,,[[0 0 1 0]
 [2 2 2 2]]
sec6-res-util-lego-c2m2,,769,,lego,,3,,394,,995,,687,,0.999999705422,,[[0 0 1 0]
 [2 2 2 2]]
sec6-res-util-lego-c2m2,,791,,lego,,3,,429,,1042,,687,,0.999999705422,,[[0 0 1 0]
 [2 2 2 2]]
sec6-res-util-lego-c2m2,,812,,lego,,3,,434,,1038,,689,,0.999999677386,,[[0 0 1 0]
 [2 2 2 2]]!!State Change!!
sec6-res-util-lego-c2m2,,846,,lego,,3,,431,,1016,,704,,0.999999398472,,[[0 0 1 0]
 [2 2 2 2]]
sec6-res-util-lego-c2m2,,878,,lego,,3,,399,,935,,633,,0.999999993902,,[[0 0 1 0]
 [2 2 2 2]]
sec6-res-util-lego-c2m2,,1011,,lego,,3,,399,,422,,49,,1.0,,Cannot locate board border, maybe not the full board is in the scene. Failed at stage 1
sec6-res-util-lego-c2m2,,1027,,lego,,3,,425,,444,,84,,1.0,,Cannot locate board border, maybe not the full board is in the scene. Failed at stage 1
sec6-res-util-lego-c2m2,,1040,,lego,,3,,397,,424,,41,,1.0,,Cannot locate board border, maybe not the full board is in the scene. Failed at stage 1
sec6-res-util-lego-c2m2,,1052,,lego,,3,,459,,481,,100,,1.0,,Cannot locate board border, maybe not the full board is in the scene. Failed at stage 1
sec6-res-util-lego-c2m2,,1061,,lego,,3,,475,,529,,148,,1.0,,Cannot locate board border, maybe not the full board is in the scene. Failed at stage 1
sec6-res-util-lego-c2m2,,1070,,lego,,3,,478,,529,,148,,1.0,,Cannot locate board border, maybe not the full board is in the scene. Failed at stage 1
sec6-res-util-lego-c2m2,,1078,,lego,,3,,681,,708,,432,,1.0,,Cannot locate board border, maybe not the full board is in the scene. Failed at stage 1
sec6-res-util-lego-c2m2,,1092,,lego,,3,,394,,448,,67,,1.0,,Cannot locate board border, maybe not the full board is in the scene. Failed at stage 1
sec6-res-util-lego-c2m2,,1098,,lego,,3,,424,,461,,79,,1.0,,Cannot locate board border, maybe not the full board is in the scene. Failed at stage 1
sec6-res-util-lego-c2m2,,1104,,lego,,3,,443,,528,,187,,1.0,,Cannot locate board border, maybe not the full board is in the scene. Failed at stage 1
sec6-res-util-lego-c2m2,,1110,,lego,,3,,393,,967,,679,,0.999999799723,,[[0 0 1 6]
 [2 2 2 2]]
sec6-res-util-lego-c2m2,,1132,,lego,,3,,397,,977,,685,,0.99999973159,,Not confident about reconstruction, maybe too much noise
sec6-res-util-lego-c2m2,,1153,,lego,,3,,392,,979,,680,,0.999999789388,,[[0 0 1 6]
 [2 2 2 2]]
sec6-res-util-lego-c2m2,,1175,,lego,,3,,395,,1046,,687,,0.999999705422,,[[0 0 1 6]
 [2 2 2 2]]
sec6-res-util-lego-c2m2,,1196,,lego,,3,,395,,1012,,686,,0.999999718734,,[[0 0 1 6]
 [2 2 2 2]]
sec6-res-util-lego-c2m2,,1218,,lego,,3,,826,,1457,,1199,,0.999338042495,,Not confident about reconstruction, maybe too much noise
sec6-res-util-lego-c2m2,,1255,,lego,,3,,622,,1211,,893,,0.999962104006,,[[0 0 1 6]
 [2 2 2 2]]!!State Change!!
sec6-res-util-lego-c2m2,,1288,,lego,,3,,522,,573,,192,,1.0,,Cannot locate board border, maybe not the full board is in the scene. Failed at stage 1
sec6-res-util-lego-c2m2,,1354,,lego,,3,,734,,786,,459,,1.0,,Cannot locate board border, maybe not the full board is in the scene. Failed at stage 1
sec6-res-util-lego-c2m2,,1383,,lego,,3,,631,,689,,398,,1.0,,Cannot locate board border, maybe not the full board is in the scene. Failed at stage 1
sec6-res-util-lego-c2m2,,1410,,lego,,3,,523,,593,,212,,1.0,,Cannot locate board border, maybe not the full board is in the scene. Failed at stage 1
sec6-res-util-lego-c2m2,,1433,,lego,,3,,457,,485,,103,,1.0,,Cannot locate board border, maybe not the full board is in the scene. Failed at stage 1
sec6-res-util-lego-c2m2,,1453,,lego,,3,,395,,428,,47,,1.0,,Cannot locate board border, maybe not the full board is in the scene. Failed at stage 1
sec6-res-util-lego-c2m2,,1470,,lego,,3,,487,,523,,142,,1.0,,Cannot locate board border, maybe not the full board is in the scene. Failed at stage 1
sec6-res-util-lego-c2m2,,1484,,lego,,3,,406,,442,,60,,1.0,,Cannot locate board border, maybe not the full board is in the scene. Failed at stage 1
sec6-res-util-lego-c2m2,,1496,,lego,,3,,445,,1139,,833,,0.999984845329,,Not confident about reconstruction, maybe too much noise
sec6-res-util-lego-c2m2,,1522,,lego,,3,,393,,438,,69,,1.0,,Cannot locate board border, maybe not the full board is in the scene. Failed at stage 1
sec6-res-util-lego-c2m2,,1530,,lego,,3,,399,,463,,81,,1.0,,Cannot locate board border, maybe not the full board is in the scene. Failed at stage 1
sec6-res-util-lego-c2m2,,1537,,lego,,3,,392,,981,,703,,0.999999421276,,Not confident about reconstruction, maybe too much noise
sec6-res-util-lego-c2m2,,1559,,lego,,3,,393,,939,,584,,1.0,,Not confident about reconstruction, maybe too much noise
sec6-res-util-lego-c2m2,,1577,,lego,,3,,393,,958,,676,,0.999999828455,,Not confident about reconstruction, maybe too much noise
sec6-res-util-lego-c2m2,,1599,,lego,,3,,393,,934,,570,,1.0,,Not confident about reconstruction, maybe too much noise
sec6-res-util-lego-c2m2,,1617,,lego,,3,,393,,1019,,688,,0.999999691643,,Not confident about reconstruction, maybe too much noise
sec6-res-util-lego-c2m2,,1639,,lego,,3,,393,,961,,688,,0.999999691643,,Not confident about reconstruction, maybe too much noise
sec6-res-util-lego-c2m2,,1660,,lego,,3,,455,,491,,110,,1.0,,Cannot locate board border, maybe not the full board is in the scene. Failed at stage 1
sec6-res-util-lego-c2m2,,1664,,lego,,3,,452,,482,,101,,1.0,,Cannot locate board border, maybe not the full board is in the scene. Failed at stage 1
sec6-res-util-lego-c2m2,,1668,,lego,,3,,414,,444,,62,,1.0,,Cannot locate board border, maybe not the full board is in the scene. Failed at stage 1
sec6-res-util-lego-c2m2,,1671,,lego,,3,,443,,498,,116,,1.0,,Cannot locate board border, maybe not the full board is in the scene. Failed at stage 1
sec6-res-util-lego-c2m2,,1675,,lego,,3,,396,,471,,89,,1.0,,Cannot locate board border, maybe not the full board is in the scene. Failed at stage 1
sec6-res-util-lego-c2m2,,1679,,lego,,3,,393,,439,,58,,1.0,,Cannot locate board border, maybe not the full board is in the scene. Failed at stage 1
sec6-res-util-lego-c2m2,,1682,,lego,,3,,394,,454,,72,,1.0,,Cannot locate board border, maybe not the full board is in the scene. Failed at stage 1
sec6-res-util-lego-c2m2,,1685,,lego,,3,,461,,493,,111,,1.0,,Cannot locate board border, maybe not the full board is in the scene. Failed at stage 1
sec6-res-util-lego-c2m2,,1689,,lego,,3,,445,,500,,251,,1.0,,Cannot locate board border, maybe not the full board is in the scene. Failed at stage 1
sec6-res-util-lego-c2m2,,1697,,lego,,3,,400,,432,,51,,1.0,,Cannot locate board border, maybe not the full board is in the scene. Failed at stage 1
sec6-res-util-lego-c2m2,,1699,,lego,,3,,392,,434,,52,,1.0,,Cannot locate board border, maybe not the full board is in the scene. Failed at stage 1
sec6-res-util-lego-c2m2,,1702,,lego,,3,,407,,440,,76,,1.0,,Cannot locate board border, maybe not the full board is in the scene. Failed at stage 1
sec6-res-util-lego-c2m2,,1705,,lego,,3,,460,,493,,112,,1.0,,Cannot locate board border, maybe not the full board is in the scene. Failed at stage 1
sec6-res-util-lego-c2m2,,1709,,lego,,3,,448,,478,,184,,1.0,,Cannot locate board border, maybe not the full board is in the scene. Failed at stage 1
sec6-res-util-lego-c2m2,,1715,,lego,,3,,418,,447,,65,,1.0,,Cannot locate board border, maybe not the full board is in the scene. Failed at stage 1
sec6-res-util-lego-c2m2,,1718,,lego,,3,,393,,438,,57,,1.0,,Cannot locate board border, maybe not the full board is in the scene. Failed at stage 1
sec6-res-util-lego-c2m2,,1721,,lego,,3,,393,,435,,53,,1.0,,Cannot locate board border, maybe not the full board is in the scene. Failed at stage 1
sec6-res-util-lego-c2m2,,1723,,lego,,3,,393,,425,,44,,1.0,,Cannot locate board border, maybe not the full board is in the scene. Failed at stage 1
sec6-res-util-lego-c2m2,,1725,,lego,,3,,392,,420,,37,,1.0,,Cannot locate board border, maybe not the full board is in the scene. Failed at stage 1
sec6-res-util-lego-c2m2,,1727,,lego,,3,,405,,440,,60,,1.0,,Cannot locate board border, maybe not the full board is in the scene. Failed at stage 1
sec6-res-util-lego-c2m2,,1730,,lego,,3,,394,,435,,54,,1.0,,Cannot locate board border, maybe not the full board is in the scene. Failed at stage 1
sec6-res-util-lego-c2m2,,1732,,lego,,3,,395,,435,,53,,1.0,,Cannot locate board border, maybe not the full board is in the scene. Failed at stage 1
sec6-res-util-lego-c2m2,,1735,,lego,,3,,393,,433,,51,,1.0,,Cannot locate board border, maybe not the full board is in the scene. Failed at stage 1
sec6-res-util-lego-c2m2,,1737,,lego,,3,,392,,431,,50,,1.0,,Cannot locate board border, maybe not the full board is in the scene. Failed at stage 1
sec6-res-util-lego-c2m2,,1740,,lego,,3,,393,,430,,49,,1.0,,Cannot locate board border, maybe not the full board is in the scene. Failed at stage 1
sec6-res-util-lego-c2m2,,1742,,lego,,3,,392,,423,,42,,1.0,,Cannot locate board border, maybe not the full board is in the scene. Failed at stage 1
sec6-res-util-lego-c2m2,,1744,,lego,,3,,391,,423,,42,,1.0,,Cannot locate board border, maybe not the full board is in the scene. Failed at stage 1
sec6-res-util-lego-c2m2,,1746,,lego,,3,,392,,420,,38,,1.0,,Cannot locate board border, maybe not the full board is in the scene. Failed at stage 1
sec6-res-util-lego-c2m2,,1748,,lego,,3,,392,,431,,50,,1.0,,Cannot locate board border, maybe not the full board is in the scene. Failed at stage 1
sec6-res-util-lego-c2m2,,1751,,lego,,3,,392,,426,,45,,1.0,,Cannot locate board border, maybe not the full board is in the scene. Failed at stage 1
sec6-res-util-lego-c2m2,,1753,,lego,,3,,392,,422,,40,,1.0,,Cannot locate board border, maybe not the full board is in the scene. Failed at stage 1
sec6-res-util-lego-c2m2,,1755,,lego,,3,,392,,418,,36,,1.0,,Cannot locate board border, maybe not the full board is in the scene. Failed at stage 1
sec6-res-util-lego-c2m2,,1757,,lego,,3,,393,,430,,49,,1.0,,Cannot locate board border, maybe not the full board is in the scene. Failed at stage 1
sec6-res-util-lego-c2m2,,1760,,lego,,3,,391,,431,,49,,1.0,,Cannot locate board border, maybe not the full board is in the scene. Failed at stage 1
sec6-res-util-lego-c2m2,,1762,,lego,,3,,391,,424,,41,,1.0,,Cannot locate board border, maybe not the full board is in the scene. Failed at stage 1
sec6-res-util-lego-c2m2,,1764,,lego,,3,,393,,433,,51,,1.0,,Cannot locate board border, maybe not the full board is in the scene. Failed at stage 1
sec6-res-util-lego-c2m2,,1767,,lego,,3,,392,,425,,43,,1.0,,Cannot locate board border, maybe not the full board is in the scene. Failed at stage 1
sec6-res-util-lego-c2m2,,1769,,lego,,3,,392,,434,,52,,1.0,,Cannot locate board border, maybe not the full board is in the scene. Failed at stage 1
sec6-res-util-lego-c2m2,,1771,,lego,,3,,392,,426,,43,,1.0,,Cannot locate board border, maybe not the full board is in the scene. Failed at stage 1
sec6-res-util-lego-c2m2,,1774,,lego,,3,,389,,432,,49,,1.0,,Cannot locate board border, maybe not the full board is in the scene. Failed at stage 1
sec6-res-util-lego-c2m2,,1776,,lego,,3,,390,,433,,51,,1.0,,Cannot locate board border, maybe not the full board is in the scene. Failed at stage 1
sec6-res-util-lego-c2m2,,1778,,lego,,3,,401,,447,,66,,1.0,,Cannot locate board border, maybe not the full board is in the scene. Failed at stage 1
sec6-res-util-lego-c2m2,,1781,,lego,,3,,392,,439,,57,,1.0,,Cannot locate board border, maybe not the full board is in the scene. Failed at stage 1
sec6-res-util-lego-c2m2,,1783,,lego,,3,,401,,445,,63,,1.0,,Cannot locate board border, maybe not the full board is in the scene. Failed at stage 1
sec6-res-util-lego-c2m2,,1786,,lego,,3,,418,,475,,93,,1.0,,Cannot locate board border, maybe not the full board is in the scene. Failed at stage 1
sec6-res-util-lego-c2m2,,1790,,lego,,3,,435,,464,,83,,1.0,,Cannot locate board border, maybe not the full board is in the scene. Failed at stage 1
sec6-res-util-lego-c2m2,,1793,,lego,,3,,439,,465,,84,,1.0,,Cannot locate board border, maybe not the full board is in the scene. Failed at stage 1
sec6-res-util-lego-c2m2,,1796,,lego,,3,,429,,454,,73,,1.0,,Cannot locate board border, maybe not the full board is in the scene. Failed at stage 1
sec6-res-util-lego-c2m2,,1799,,lego,,3,,393,,419,,37,,1.0,,Cannot locate board border, maybe not the full board is in the scene. Failed at stage 1
sec6-res-util-lego-c2m2,,1801,,lego,,3,,392,,428,,76,,1.0,,Cannot locate board border, maybe not the full board is in the scene. Failed at stage 1
sec6-res-util-lego-c2m2,,1805,,lego,,3,,392,,415,,33,,1.0,,Cannot locate board border, maybe not the full board is in the scene. Failed at stage 1
sec6-res-util-lego-c2m2,,1807,,lego,,3,,403,,426,,44,,1.0,,Cannot locate board border, maybe not the full board is in the scene. Failed at stage 1
sec6-res-util-lego-c2m2,,1809,,lego,,3,,420,,444,,62,,1.0,,Cannot locate board border, maybe not the full board is in the scene. Failed at stage 1
sec6-res-util-lego-c2m2,,1812,,lego,,3,,421,,444,,63,,1.0,,Cannot locate board border, maybe not the full board is in the scene. Failed at stage 1
sec6-res-util-lego-c2m2,,1814,,lego,,3,,416,,437,,55,,1.0,,Cannot locate board border, maybe not the full board is in the scene. Failed at stage 1
sec6-res-util-lego-c2m2,,1817,,lego,,3,,418,,442,,60,,1.0,,Cannot locate board border, maybe not the full board is in the scene. Failed at stage 1
sec6-res-util-lego-c2m2,,1820,,lego,,3,,392,,421,,39,,1.0,,Cannot locate board border, maybe not the full board is in the scene. Failed at stage 1
sec6-res-util-lego-c2m2,,1822,,lego,,3,,392,,420,,38,,1.0,,Cannot locate board border, maybe not the full board is in the scene. Failed at stage 1
sec6-res-util-lego-c2m2,,1824,,lego,,3,,409,,432,,50,,1.0,,Cannot locate board border, maybe not the full board is in the scene. Failed at stage 1
sec6-res-util-lego-c2m2,,1826,,lego,,3,,422,,446,,64,,1.0,,Cannot locate board border, maybe not the full board is in the scene. Failed at stage 1
sec6-res-util-lego-c2m2,,1829,,lego,,3,,413,,437,,55,,1.0,,Cannot locate board border, maybe not the full board is in the scene. Failed at stage 1
sec6-res-util-lego-c2m2,,1832,,lego,,3,,405,,435,,53,,1.0,,Cannot locate board border, maybe not the full board is in the scene. Failed at stage 1
sec6-res-util-lego-c2m2,,1834,,lego,,3,,400,,456,,75,,1.0,,Cannot locate board border, maybe not the full board is in the scene. Failed at stage 1
sec6-res-util-lego-c2m2,,1837,,lego,,3,,392,,430,,49,,1.0,,Cannot locate board border, maybe not the full board is in the scene. Failed at stage 1
sec6-res-util-lego-c2m2,,1840,,lego,,3,,403,,434,,127,,1.0,,Cannot locate board border, maybe not the full board is in the scene. Failed at stage 1
sec6-res-util-lego-c2m2,,1845,,lego,,3,,467,,520,,139,,1.0,,Cannot locate board border, maybe not the full board is in the scene. Failed at stage 1
sec6-res-util-lego-c2m2,,1850,,lego,,3,,451,,497,,117,,1.0,,Cannot locate board border, maybe not the full board is in the scene. Failed at stage 1
sec6-res-util-lego-c2m2,,1854,,lego,,3,,620,,696,,371,,1.0,,Cannot locate board border, maybe not the full board is in the scene. Failed at stage 1
sec6-res-util-lego-c2m2,,1866,,lego,,3,,663,,725,,382,,1.0,,Cannot locate board border, maybe not the full board is in the scene. Failed at stage 1
sec6-res-util-lego-c2m2,,1878,,lego,,3,,593,,1203,,867,,0.999973868288,,Not confident about reconstruction, maybe too much noise
sec6-res-util-lego-c2m2,,1906,,lego,,3,,515,,1086,,785,,0.999993977043,,[[0 0 1 1]
 [0 2 1 6]
 [2 2 2 2]]
sec6-res-util-lego-c2m2,,1931,,lego,,3,,481,,1076,,791,,0.999993156846,,Not confident about reconstruction, maybe too much noise
sec6-res-util-lego-c2m2,,1955,,lego,,3,,396,,975,,689,,0.999999677386,,Not confident about reconstruction, maybe too much noise
sec6-res-util-lego-c2m2,,1977,,lego,,3,,424,,1048,,689,,0.999999677386,,Not confident about reconstruction, maybe too much noise
sec6-res-util-lego-c2m2,,1998,,lego,,3,,402,,980,,680,,0.999999789388,,Not confident about reconstruction, maybe too much noise
sec6-res-util-lego-c2m2,,2020,,lego,,3,,392,,983,,687,,0.999999705422,,Not confident about reconstruction, maybe too much noise
sec6-res-util-lego-c2m2,,2041,,lego,,3,,443,,481,,99,,1.0,,Cannot locate board border, maybe not the full board is in the scene. Failed at stage 1
sec6-res-util-lego-c2m2,,2045,,lego,,3,,391,,439,,58,,1.0,,Cannot locate board border, maybe not the full board is in the scene. Failed at stage 1
sec6-res-util-lego-c2m2,,2048,,lego,,3,,391,,437,,56,,1.0,,Cannot locate board border, maybe not the full board is in the scene. Failed at stage 1
sec6-res-util-lego-c2m2,,2050,,lego,,3,,391,,439,,58,,1.0,,Cannot locate board border, maybe not the full board is in the scene. Failed at stage 1
sec6-res-util-lego-c2m2,,2053,,lego,,3,,390,,433,,52,,1.0,,Cannot locate board border, maybe not the full board is in the scene. Failed at stage 1
sec6-res-util-lego-c2m2,,2055,,lego,,3,,392,,439,,57,,1.0,,Cannot locate board border, maybe not the full board is in the scene. Failed at stage 1
sec6-res-util-lego-c2m2,,2058,,lego,,3,,390,,431,,52,,1.0,,Cannot locate board border, maybe not the full board is in the scene. Failed at stage 1
sec6-res-util-lego-c2m2,,2063,,lego,,3,,391,,436,,54,,1.0,,Cannot locate board border, maybe not the full board is in the scene. Failed at stage 1
sec6-res-util-lego-c2m2,,2083,,lego,,3,,408,,438,,57,,1.0,,Cannot locate board border, maybe not the full board is in the scene. Failed at stage 1
sec6-res-util-lego-c2m2,,2085,,lego,,3,,392,,433,,52,,1.0,,Cannot locate board border, maybe not the full board is in the scene. Failed at stage 1
sec6-res-util-lego-c2m2,,2088,,lego,,3,,391,,430,,48,,1.0,,Cannot locate board border, maybe not the full board is in the scene. Failed at stage 1
sec6-res-util-lego-c2m2,,2090,,lego,,3,,392,,429,,47,,1.0,,Cannot locate board border, maybe not the full board is in the scene. Failed at stage 1
sec6-res-util-lego-c2m2,,2092,,lego,,3,,392,,430,,49,,1.0,,Cannot locate board border, maybe not the full board is in the scene. Failed at stage 1
sec6-res-util-lego-c2m2,,2095,,lego,,3,,394,,439,,58,,1.0,,Cannot locate board border, maybe not the full board is in the scene. Failed at stage 1
sec6-res-util-lego-c2m2,,2097,,lego,,3,,392,,431,,50,,1.0,,Cannot locate board border, maybe not the full board is in the scene. Failed at stage 1
sec6-res-util-lego-c2m2,,2100,,lego,,3,,392,,440,,58,,1.0,,Cannot locate board border, maybe not the full board is in the scene. Failed at stage 1
sec6-res-util-lego-c2m2,,2103,,lego,,3,,396,,430,,48,,1.0,,Cannot locate board border, maybe not the full board is in the scene. Failed at stage 1
sec6-res-util-lego-c2m2,,2105,,lego,,3,,396,,438,,56,,1.0,,Cannot locate board border, maybe not the full board is in the scene. Failed at stage 1
sec6-res-util-lego-c2m2,,2108,,lego,,3,,393,,466,,85,,1.0,,Cannot locate board border, maybe not the full board is in the scene. Failed at stage 1
sec6-res-util-lego-c2m2,,2111,,lego,,3,,392,,432,,50,,1.0,,Cannot locate board border, maybe not the full board is in the scene. Failed at stage 1
sec6-res-util-lego-c2m2,,2144,,lego,,3,,445,,474,,94,,1.0,,Cannot locate board border, maybe not the full board is in the scene. Failed at stage 1
sec6-res-util-lego-c2m2,,2147,,lego,,3,,398,,432,,50,,1.0,,Cannot locate board border, maybe not the full board is in the scene. Failed at stage 1
sec6-res-util-lego-c2m2,,2158,,lego,,3,,400,,440,,58,,1.0,,Cannot locate board border, maybe not the full board is in the scene. Failed at stage 1
sec6-res-util-lego-c2m2,,2160,,lego,,3,,392,,425,,43,,1.0,,Cannot locate board border, maybe not the full board is in the scene. Failed at stage 1
sec6-res-util-lego-c2m2,,2162,,lego,,3,,391,,420,,37,,1.0,,Cannot locate board border, maybe not the full board is in the scene. Failed at stage 1
sec6-res-util-lego-c2m2,,2164,,lego,,3,,391,,418,,34,,1.0,,Cannot locate board border, maybe not the full board is in the scene. Failed at stage 1
sec6-res-util-lego-c2m2,,2166,,lego,,3,,393,,421,,40,,1.0,,Cannot locate board border, maybe not the full board is in the scene. Failed at stage 1
sec6-res-util-lego-c2m2,,2168,,lego,,3,,392,,427,,45,,1.0,,Cannot locate board border, maybe not the full board is in the scene. Failed at stage 1
sec6-res-util-lego-c2m2,,2170,,lego,,3,,478,,503,,121,,1.0,,Cannot locate board border, maybe not the full board is in the scene. Failed at stage 1
sec6-res-util-lego-c2m2,,2244,,lego,,3,,399,,423,,43,,1.0,,Cannot locate board border, maybe not the full board is in the scene. Failed at stage 1
sec6-res-util-lego-c2m2,,2247,,lego,,3,,403,,424,,42,,1.0,,Cannot locate board border, maybe not the full board is in the scene. Failed at stage 1
sec6-res-util-lego-c2m2,,2249,,lego,,3,,390,,420,,38,,1.0,,Cannot locate board border, maybe not the full board is in the scene. Failed at stage 1
sec6-res-util-lego-c2m2,,2251,,lego,,3,,390,,412,,30,,1.0,,Cannot locate board border, maybe not the full board is in the scene. Failed at stage 1
sec6-res-util-lego-c2m2,,2254,,lego,,3,,391,,416,,34,,1.0,,Cannot locate board border, maybe not the full board is in the scene. Failed at stage 1
sec6-res-util-lego-c2m2,,2255,,lego,,3,,391,,417,,35,,1.0,,Cannot locate board border, maybe not the full board is in the scene. Failed at stage 1
sec6-res-util-lego-c2m2,,2257,,lego,,3,,391,,435,,53,,1.0,,Cannot locate board border, maybe not the full board is in the scene. Failed at stage 1
sec6-res-util-lego-c2m2,,2260,,lego,,3,,391,,423,,40,,1.0,,Cannot locate board border, maybe not the full board is in the scene. Failed at stage 1
sec6-res-util-lego-c2m2,,2262,,lego,,3,,390,,419,,35,,1.0,,Cannot locate board border, maybe not the full board is in the scene. Failed at stage 1
sec6-res-util-lego-c2m2,,2264,,lego,,3,,411,,444,,62,,1.0,,Cannot locate board border, maybe not the full board is in the scene. Failed at stage 1
sec6-res-util-lego-c2m2,,2267,,lego,,3,,390,,421,,39,,1.0,,Cannot locate board border, maybe not the full board is in the scene. Failed at stage 1
sec6-res-util-lego-c2m2,,2269,,lego,,3,,410,,461,,79,,1.0,,Cannot locate board border, maybe not the full board is in the scene. Failed at stage 1
sec6-res-util-lego-c2m2,,2272,,lego,,3,,391,,428,,46,,1.0,,Cannot locate board border, maybe not the full board is in the scene. Failed at stage 1
sec6-res-util-lego-c2m2,,2274,,lego,,3,,395,,437,,55,,1.0,,Cannot locate board border, maybe not the full board is in the scene. Failed at stage 1
sec6-res-util-lego-c2m2,,2277,,lego,,3,,392,,431,,48,,1.0,,Cannot locate board border, maybe not the full board is in the scene. Failed at stage 1
sec6-res-util-lego-c2m2,,2279,,lego,,3,,391,,439,,57,,1.0,,Cannot locate board border, maybe not the full board is in the scene. Failed at stage 1
sec6-res-util-lego-c2m2,,2282,,lego,,3,,435,,473,,91,,1.0,,Cannot locate board border, maybe not the full board is in the scene. Failed at stage 1
sec6-res-util-lego-c2m2,,2285,,lego,,3,,392,,434,,52,,1.0,,Cannot locate board border, maybe not the full board is in the scene. Failed at stage 1
sec6-res-util-lego-c2m2,,2288,,lego,,3,,392,,439,,57,,1.0,,Cannot locate board border, maybe not the full board is in the scene. Failed at stage 1
sec6-res-util-lego-c2m2,,2290,,lego,,3,,391,,431,,49,,1.0,,Cannot locate board border, maybe not the full board is in the scene. Failed at stage 1
sec6-res-util-lego-c2m2,,2293,,lego,,3,,394,,463,,82,,1.0,,Cannot locate board border, maybe not the full board is in the scene. Failed at stage 1
sec6-res-util-lego-c2m2,,2296,,lego,,3,,417,,488,,106,,1.0,,Cannot locate board border, maybe not the full board is in the scene. Failed at stage 1
sec6-res-util-lego-c2m2,,2300,,lego,,3,,391,,450,,68,,1.0,,Cannot locate board border, maybe not the full board is in the scene. Failed at stage 1
sec6-res-util-lego-c2m2,,2303,,lego,,3,,391,,449,,67,,1.0,,Cannot locate board border, maybe not the full board is in the scene. Failed at stage 1
sec6-res-util-lego-c2m2,,2306,,lego,,3,,443,,490,,156,,1.0,,Cannot locate board border, maybe not the full board is in the scene. Failed at stage 1
sec6-res-util-lego-c2m2,,2311,,lego,,3,,391,,462,,80,,1.0,,Cannot locate board border, maybe not the full board is in the scene. Failed at stage 1
sec6-res-util-lego-c2m2,,2315,,lego,,3,,430,,474,,92,,1.0,,Cannot locate board border, maybe not the full board is in the scene. Failed at stage 1
sec6-res-util-lego-c2m2,,2318,,lego,,3,,414,,458,,76,,1.0,,Cannot locate board border, maybe not the full board is in the scene. Failed at stage 1
sec6-res-util-lego-c2m2,,2322,,lego,,3,,391,,955,,656,,0.999999949432,,Not confident about reconstruction, maybe too much noise
sec6-res-util-lego-c2m2,,2342,,lego,,3,,461,,1132,,784,,0.999994106217,,Not confident about reconstruction, maybe too much noise
sec6-res-util-lego-c2m2,,2367,,lego,,3,,391,,1043,,687,,0.999999705422,,[[0 2 1 1]
 [0 2 1 6]
 [2 2 2 2]]
sec6-res-util-lego-c2m2,,2388,,lego,,3,,393,,1004,,686,,0.999999718734,,[[0 2 1 1]
 [0 2 1 6]
 [2 2 2 2]]
sec6-res-util-lego-c2m2,,2410,,lego,,3,,392,,889,,574,,1.0,,Not confident about reconstruction, maybe too much noise
sec6-res-util-lego-c2m2,,2428,,lego,,3,,408,,953,,677,,0.999999819247,,Not confident about reconstruction, maybe too much noise
sec6-res-util-lego-c2m2,,2450,,lego,,3,,393,,473,,91,,1.0,,Cannot locate exact four board corners, probably because of occlusion
sec6-res-util-lego-c2m2,,2453,,lego,,3,,417,,457,,74,,1.0,,Cannot locate board border, maybe not the full board is in the scene. Failed at stage 1
sec6-res-util-lego-c2m2,,2457,,lego,,3,,436,,477,,116,,1.0,,Cannot locate board border, maybe not the full board is in the scene. Failed at stage 1
sec6-res-util-lego-c2m2,,2461,,lego,,3,,392,,423,,39,,1.0,,Cannot locate board border, maybe not the full board is in the scene. Failed at stage 1
sec6-res-util-lego-c2m2,,2463,,lego,,3,,451,,510,,162,,1.0,,Cannot locate board border, maybe not the full board is in the scene. Failed at stage 1
sec6-res-util-lego-c2m2,,2468,,lego,,3,,422,,454,,72,,1.0,,Cannot locate board border, maybe not the full board is in the scene. Failed at stage 1
sec6-res-util-lego-c2m2,,2471,,lego,,3,,458,,518,,136,,1.0,,Cannot locate board border, maybe not the full board is in the scene. Failed at stage 1
sec6-res-util-lego-c2m2,,2476,,lego,,3,,448,,481,,98,,1.0,,Cannot locate board border, maybe not the full board is in the scene. Failed at stage 1
sec6-res-util-lego-c2m2,,2480,,lego,,3,,444,,474,,92,,1.0,,Cannot locate board border, maybe not the full board is in the scene. Failed at stage 1
sec6-res-util-lego-c2m2,,2484,,lego,,3,,432,,464,,82,,1.0,,Cannot locate board border, maybe not the full board is in the scene. Failed at stage 1
sec6-res-util-lego-c2m2,,2487,,lego,,3,,391,,429,,46,,1.0,,Cannot locate board border, maybe not the full board is in the scene. Failed at stage 1
sec6-res-util-lego-c2m2,,2489,,lego,,3,,391,,435,,53,,1.0,,Cannot locate board border, maybe not the full board is in the scene. Failed at stage 1
sec6-res-util-lego-c2m2,,2492,,lego,,3,,429,,461,,78,,1.0,,Cannot locate board border, maybe not the full board is in the scene. Failed at stage 1
sec6-res-util-lego-c2m2,,2495,,lego,,3,,392,,423,,40,,1.0,,Cannot locate board border, maybe not the full board is in the scene. Failed at stage 1
sec6-res-util-lego-c2m2,,2497,,lego,,3,,390,,427,,45,,1.0,,Cannot locate board border, maybe not the full board is in the scene. Failed at stage 1
sec6-res-util-lego-c2m2,,2499,,lego,,3,,391,,422,,39,,1.0,,Cannot locate board border, maybe not the full board is in the scene. Failed at stage 1
sec6-res-util-lego-c2m2,,2501,,lego,,3,,390,,441,,59,,1.0,,Cannot locate board border, maybe not the full board is in the scene. Failed at stage 1
sec6-res-util-lego-c2m2,,2504,,lego,,3,,389,,437,,55,,1.0,,Cannot locate board border, maybe not the full board is in the scene. Failed at stage 1
sec6-res-util-lego-c2m2,,2506,,lego,,3,,390,,422,,39,,1.0,,Cannot locate board border, maybe not the full board is in the scene. Failed at stage 1
sec6-res-util-lego-c2m2,,2508,,lego,,3,,409,,442,,58,,1.0,,Cannot locate board border, maybe not the full board is in the scene. Failed at stage 1
sec6-res-util-lego-c2m2,,2511,,lego,,3,,468,,531,,149,,1.0,,Cannot locate board border, maybe not the full board is in the scene. Failed at stage 1
sec6-res-util-lego-c2m2,,2516,,lego,,3,,399,,464,,81,,1.0,,Cannot locate board border, maybe not the full board is in the scene. Failed at stage 1
sec6-res-util-lego-c2m2,,2519,,lego,,3,,427,,459,,121,,1.0,,Cannot locate board border, maybe not the full board is in the scene. Failed at stage 1
sec6-res-util-lego-c2m2,,2523,,lego,,3,,392,,422,,39,,1.0,,Cannot locate board border, maybe not the full board is in the scene. Failed at stage 1
sec6-res-util-lego-c2m2,,2525,,lego,,3,,410,,441,,59,,1.0,,Cannot locate board border, maybe not the full board is in the scene. Failed at stage 1
sec6-res-util-lego-c2m2,,2528,,lego,,3,,391,,427,,45,,1.0,,Cannot locate board border, maybe not the full board is in the scene. Failed at stage 1
sec6-res-util-lego-c2m2,,2530,,lego,,3,,412,,443,,61,,1.0,,Cannot locate board border, maybe not the full board is in the scene. Failed at stage 1
sec6-res-util-lego-c2m2,,2533,,lego,,3,,405,,431,,49,,1.0,,Cannot locate board border, maybe not the full board is in the scene. Failed at stage 1
sec6-res-util-lego-c2m2,,2535,,lego,,3,,389,,413,,29,,1.0,,Cannot locate board border, maybe not the full board is in the scene. Failed at stage 1
sec6-res-util-lego-c2m2,,2537,,lego,,3,,390,,416,,34,,1.0,,Cannot locate board border, maybe not the full board is in the scene. Failed at stage 1
sec6-res-util-lego-c2m2,,2538,,lego,,3,,393,,417,,34,,1.0,,Cannot locate board border, maybe not the full board is in the scene. Failed at stage 1
sec6-res-util-lego-c2m2,,2540,,lego,,3,,412,,439,,57,,1.0,,Cannot locate board border, maybe not the full board is in the scene. Failed at stage 1
sec6-res-util-lego-c2m2,,2543,,lego,,3,,392,,448,,65,,1.0,,Cannot locate board border, maybe not the full board is in the scene. Failed at stage 1
sec6-res-util-lego-c2m2,,2546,,lego,,3,,394,,436,,54,,1.0,,Cannot locate board border, maybe not the full board is in the scene. Failed at stage 1
sec6-res-util-lego-c2m2,,2548,,lego,,3,,390,,424,,42,,1.0,,Cannot locate board border, maybe not the full board is in the scene. Failed at stage 1
sec6-res-util-lego-c2m2,,2550,,lego,,3,,398,,444,,61,,1.0,,Cannot locate board border, maybe not the full board is in the scene. Failed at stage 1
sec6-res-util-lego-c2m2,,2553,,lego,,3,,411,,444,,61,,1.0,,Cannot locate board border, maybe not the full board is in the scene. Failed at stage 1
sec6-res-util-lego-c2m2,,2556,,lego,,3,,424,,463,,84,,1.0,,Cannot locate board border, maybe not the full board is in the scene. Failed at stage 1
sec6-res-util-lego-c2m2,,2559,,lego,,3,,408,,446,,74,,1.0,,Cannot locate board border, maybe not the full board is in the scene. Failed at stage 1
sec6-res-util-lego-c2m2,,2562,,lego,,3,,410,,445,,63,,1.0,,Cannot locate board border, maybe not the full board is in the scene. Failed at stage 1
sec6-res-util-lego-c2m2,,2565,,lego,,3,,391,,425,,43,,1.0,,Cannot locate board border, maybe not the full board is in the scene. Failed at stage 1
sec6-res-util-lego-c2m2,,2567,,lego,,3,,426,,459,,77,,1.0,,Cannot locate board border, maybe not the full board is in the scene. Failed at stage 1
sec6-res-util-lego-c2m2,,2570,,lego,,3,,399,,448,,65,,1.0,,Cannot locate board border, maybe not the full board is in the scene. Failed at stage 1
sec6-res-util-lego-c2m2,,2573,,lego,,3,,403,,452,,69,,1.0,,Cannot locate board border, maybe not the full board is in the scene. Failed at stage 1
sec6-res-util-lego-c2m2,,2576,,lego,,3,,391,,452,,69,,1.0,,Cannot locate board border, maybe not the full board is in the scene. Failed at stage 1
sec6-res-util-lego-c2m2,,2578,,lego,,3,,391,,447,,64,,1.0,,Cannot locate board border, maybe not the full board is in the scene. Failed at stage 1
sec6-res-util-lego-c2m2,,2581,,lego,,3,,392,,449,,66,,1.0,,Cannot locate board border, maybe not the full board is in the scene. Failed at stage 1
sec6-res-util-lego-c2m2,,2584,,lego,,3,,391,,421,,52,,1.0,,Cannot locate board border, maybe not the full board is in the scene. Failed at stage 1
sec6-res-util-lego-c2m2,,2586,,lego,,3,,403,,433,,51,,1.0,,Cannot locate board border, maybe not the full board is in the scene. Failed at stage 1
sec6-res-util-lego-c2m2,,2589,,lego,,3,,415,,447,,65,,1.0,,Cannot locate board border, maybe not the full board is in the scene. Failed at stage 1
sec6-res-util-lego-c2m2,,2592,,lego,,3,,426,,455,,72,,1.0,,Cannot locate board border, maybe not the full board is in the scene. Failed at stage 1
sec6-res-util-lego-c2m2,,2595,,lego,,3,,423,,449,,67,,1.0,,Cannot locate board border, maybe not the full board is in the scene. Failed at stage 1
sec6-res-util-lego-c2m2,,2597,,lego,,3,,466,,522,,140,,1.0,,Cannot locate board border, maybe not the full board is in the scene. Failed at stage 1
sec6-res-util-lego-c2m2,,2602,,lego,,3,,937,,963,,614,,0.999999999802,,Cannot locate board border, maybe not the full board is in the scene. Failed at stage 1
sec6-res-util-lego-c2m2,,2622,,lego,,3,,392,,419,,36,,1.0,,Cannot locate board border, maybe not the full board is in the scene. Failed at stage 1
sec6-res-util-lego-c2m2,,2624,,lego,,3,,849,,880,,525,,1.0,,Cannot locate board border, maybe not the full board is in the scene. Failed at stage 1
sec6-res-util-lego-c2m2,,2640,,lego,,3,,424,,446,,64,,1.0,,Cannot locate board border, maybe not the full board is in the scene. Failed at stage 1
sec6-res-util-lego-c2m2,,2643,,lego,,3,,393,,417,,34,,1.0,,Cannot locate board border, maybe not the full board is in the scene. Failed at stage 1
sec6-res-util-lego-c2m2,,2645,,lego,,3,,871,,943,,633,,0.999999993902,,Cannot locate board border, maybe not the full board is in the scene. Failed at stage 1
sec6-res-util-lego-c2m2,,2665,,lego,,3,,396,,425,,43,,1.0,,Cannot locate board border, maybe not the full board is in the scene. Failed at stage 1
sec6-res-util-lego-c2m2,,2667,,lego,,3,,392,,426,,44,,1.0,,Cannot locate board border, maybe not the full board is in the scene. Failed at stage 1
sec6-res-util-lego-c2m2,,2669,,lego,,3,,753,,784,,400,,1.0,,Cannot locate board border, maybe not the full board is in the scene. Failed at stage 1
sec6-res-util-lego-c2m2,,2682,,lego,,3,,431,,1042,,737,,0.999998188639,,Not confident about reconstruction, maybe too much noise
sec6-res-util-lego-c2m2,,2705,,lego,,3,,465,,1081,,787,,0.999993712337,,Not confident about reconstruction, maybe too much noise
sec6-res-util-lego-c2m2,,2729,,lego,,3,,945,,1558,,1216,,0.999259635358,,Not confident about reconstruction, maybe too much noise
sec6-res-util-lego-c2m2,,2766,,lego,,3,,431,,1118,,787,,0.999993712337,,Not confident about reconstruction, maybe too much noise
sec6-res-util-lego-c2m2,,2791,,lego,,3,,880,,1510,,1201,,0.999329157283,,Not confident about reconstruction, maybe too much noise
sec6-res-util-lego-c2m2,,2828,,lego,,3,,605,,1293,,993,,0.999877342807,,Not confident about reconstruction, maybe too much noise
sec6-res-util-lego-c2m2,,2858,,lego,,3,,392,,988,,702,,0.999999443425,,Not confident about reconstruction, maybe too much noise
sec6-res-util-lego-c2m2,,21,,lego,,3,,399,,496,,114,,1.0,,Cannot find a large enough foreground near the center of board
sec6-res-util-lego-c2m2,,25,,lego,,3,,399,,499,,117,,1.0,,Cannot find a large enough foreground near the center of board
sec6-res-util-lego-c2m2,,30,,lego,,3,,400,,473,,91,,1.0,,Cannot find a large enough foreground near the center of board
sec6-res-util-lego-c2m2,,33,,lego,,3,,406,,502,,120,,1.0,,Cannot find a large enough foreground near the center of board
sec6-res-util-lego-c2m2,,38,,lego,,3,,394,,492,,110,,1.0,,Cannot find a large enough foreground near the center of board
sec6-res-util-lego-c2m2,,42,,lego,,3,,426,,525,,143,,1.0,,Cannot find a large enough foreground near the center of board
sec6-res-util-lego-c2m2,,47,,lego,,3,,393,,538,,222,,1.0,,Cannot find a large enough foreground near the center of board
sec6-res-util-lego-c2m2,,55,,lego,,3,,393,,472,,91,,1.0,,Cannot find a large enough foreground near the center of board
sec6-res-util-lego-c2m2,,58,,lego,,3,,390,,471,,364,,1.0,,Cannot find a large enough foreground near the center of board
sec6-res-util-lego-c2m2,,70,,lego,,3,,405,,478,,96,,1.0,,Cannot find a large enough foreground near the center of board
sec6-res-util-lego-c2m2,,74,,lego,,3,,392,,482,,100,,1.0,,Cannot find a large enough foreground near the center of board
sec6-res-util-lego-c2m2,,78,,lego,,3,,395,,521,,139,,1.0,,Cannot find a large enough foreground near the center of board
sec6-res-util-lego-c2m2,,83,,lego,,3,,391,,474,,92,,1.0,,Cannot find a large enough foreground near the center of board
sec6-res-util-lego-c2m2,,86,,lego,,3,,391,,469,,86,,1.0,,Cannot find a large enough foreground near the center of board
sec6-res-util-lego-c2m2,,90,,lego,,3,,427,,532,,150,,1.0,,Cannot find a large enough foreground near the center of board
sec6-res-util-lego-c2m2,,95,,lego,,3,,426,,529,,147,,1.0,,Cannot find a large enough foreground near the center of board
sec6-res-util-lego-c2m2,,101,,lego,,3,,397,,494,,110,,1.0,,Cannot find a large enough foreground near the center of board
sec6-res-util-lego-c2m2,,105,,lego,,3,,429,,528,,145,,1.0,,Cannot find a large enough foreground near the center of board
sec6-res-util-lego-c2m2,,110,,lego,,3,,393,,493,,112,,1.0,,Cannot find a large enough foreground near the center of board
sec6-res-util-lego-c2m2,,114,,lego,,3,,410,,506,,124,,1.0,,Cannot find a large enough foreground near the center of board
sec6-res-util-lego-c2m2,,119,,lego,,3,,392,,492,,110,,1.0,,Cannot find a large enough foreground near the center of board
sec6-res-util-lego-c2m2,,123,,lego,,3,,419,,519,,137,,1.0,,Cannot find a large enough foreground near the center of board
sec6-res-util-lego-c2m2,,128,,lego,,3,,394,,521,,140,,1.0,,Cannot find a large enough foreground near the center of board
sec6-res-util-lego-c2m2,,133,,lego,,3,,421,,519,,137,,1.0,,Cannot find a large enough foreground near the center of board
sec6-res-util-lego-c2m2,,138,,lego,,3,,498,,573,,265,,1.0,,Cannot find a large enough foreground near the center of board
sec6-res-util-lego-c2m2,,147,,lego,,3,,605,,699,,383,,1.0,,Cannot find a large enough foreground near the center of board
sec6-res-util-lego-c2m2,,159,,lego,,3,,584,,691,,381,,1.0,,Cannot find a large enough foreground near the center of board
sec6-res-util-lego-c2m2,,171,,lego,,3,,496,,637,,272,,1.0,,Cannot find a large enough foreground near the center of board
sec6-res-util-lego-c2m2,,181,,lego,,3,,767,,880,,586,,1.0,,Cannot find a large enough foreground near the center of board
sec6-res-util-lego-c2m2,,199,,lego,,3,,393,,506,,122,,1.0,,Cannot find a large enough foreground near the center of board
sec6-res-util-lego-c2m2,,229,,lego,,3,,714,,813,,538,,1.0,,Cannot find a large enough foreground near the center of board
sec6-res-util-lego-c2m2,,245,,lego,,3,,415,,550,,167,,1.0,,Cannot find a large enough foreground near the center of board
sec6-res-util-lego-c2m2,,251,,lego,,3,,844,,956,,592,,1.0,,Cannot find a large enough foreground near the center of board
sec6-res-util-lego-c2m2,,270,,lego,,3,,511,,612,,274,,1.0,,Cannot find a large enough foreground near the center of board
sec6-res-util-lego-c2m2,,279,,lego,,3,,789,,897,,585,,1.0,,Cannot find a large enough foreground near the center of board
sec6-res-util-lego-c2m2,,297,,lego,,3,,445,,502,,120,,1.0,,Cannot locate board border, maybe not the full board is in the scene. Failed at stage 1
sec6-res-util-lego-c2m2,,302,,lego,,3,,845,,893,,537,,1.0,,Cannot locate board border, maybe not the full board is in the scene. Failed at stage 1
sec6-res-util-lego-c2m2,,319,,lego,,3,,392,,1005,,684,,0.999999744,,[[2 2 2 2]]
sec6-res-util-lego-c2m2,,340,,lego,,3,,454,,1079,,777,,0.999994953202,,[[2 2 2 2]]
sec6-res-util-lego-c2m2,,365,,lego,,3,,502,,1147,,792,,0.999993012405,,[[2 2 2 2]]
sec6-res-util-lego-c2m2,,389,,lego,,3,,502,,1106,,788,,0.999993576759,,[[2 2 2 2]]
sec6-res-util-lego-c2m2,,414,,lego,,3,,504,,1119,,779,,0.999994721203,,[[2 2 2 2]]!!State Change!!
sec6-res-util-lego-c2m2,,448,,lego,,3,,517,,1178,,899,,0.999958903241,,[[2 2 2 2]]
sec6-res-util-lego-c2m2,,480,,lego,,3,,417,,1025,,732,,0.999998438944,,[[2 2 2 2]]
sec6-res-util-lego-c2m2,,542,,lego,,3,,488,,535,,153,,1.0,,Cannot locate board border, maybe not the full board is in the scene. Failed at stage 1
sec6-res-util-lego-c2m2,,569,,lego,,3,,826,,875,,524,,1.0,,Cannot locate board border, maybe not the full board is in the scene. Failed at stage 1
sec6-res-util-lego-c2m2,,629,,lego,,3,,545,,579,,197,,1.0,,Cannot locate board border, maybe not the full board is in the scene. Failed at stage 1
sec6-res-util-lego-c2m2,,642,,lego,,3,,503,,530,,149,,1.0,,Cannot locate board border, maybe not the full board is in the scene. Failed at stage 1
sec6-res-util-lego-c2m2,,653,,lego,,3,,549,,576,,194,,1.0,,Cannot locate board border, maybe not the full board is in the scene. Failed at stage 1
sec6-res-util-lego-c2m2,,663,,lego,,3,,637,,693,,360,,1.0,,Cannot locate board border, maybe not the full board is in the scene. Failed at stage 1
sec6-res-util-lego-c2m2,,675,,lego,,3,,636,,701,,381,,1.0,,Cannot locate board border, maybe not the full board is in the scene. Failed at stage 1
sec6-res-util-lego-c2m2,,687,,lego,,3,,435,,522,,140,,1.0,,Cannot locate board border, maybe not the full board is in the scene. Failed at stage 1
sec6-res-util-lego-c2m2,,694,,lego,,3,,394,,453,,71,,1.0,,Cannot locate board border, maybe not the full board is in the scene. Failed at stage 1
sec6-res-util-lego-c2m2,,701,,lego,,3,,476,,531,,148,,1.0,,Cannot locate board border, maybe not the full board is in the scene. Failed at stage 1
sec6-res-util-lego-c2m2,,706,,lego,,3,,441,,1001,,672,,0.999999861818,,[[0 0 1 0]
 [0 0 1 0]
 [2 2 2 2]]
sec6-res-util-lego-c2m2,,727,,lego,,3,,400,,929,,572,,1.0,,[[0 0 1 0]
 [2 2 2 2]]
sec6-res-util-lego-c2m2,,746,,lego,,3,,402,,1017,,676,,0.999999828455,,[[0 0 1 0]
 [2 2 2 2]]
sec6-res-util-lego-c2m2,,767,,lego,,3,,392,,917,,584,,1.0,,[[0 0 1 0]
 [2 2 2 2]]
sec6-res-util-lego-c2m2,,786,,lego,,3,,391,,833,,483,,1.0,,[[0 0 1 0]
 [2 2 2 2]]
sec6-res-util-lego-c2m2,,801,,lego,,3,,391,,921,,587,,1.0,,[[0 0 1 0]
 [2 2 2 2]]!!State Change!!
sec6-res-util-lego-c2m2,,834,,lego,,3,,398,,1025,,704,,0.999999398472,,[[0 0 1 0]
 [2 2 2 2]]
sec6-res-util-lego-c2m2,,867,,lego,,3,,400,,931,,642,,0.999999984,,[[0 0 1 0]
 [2 2 2 2]]
sec6-res-util-lego-c2m2,,898,,lego,,3,,399,,1060,,731,,0.999998485714,,[[0 0 1 0]
 [2 2 2 2]]
sec6-res-util-lego-c2m2,,1013,,lego,,3,,399,,437,,55,,1.0,,Cannot locate board border, maybe not the full board is in the scene. Failed at stage 1
sec6-res-util-lego-c2m2,,1026,,lego,,3,,399,,433,,51,,1.0,,Cannot locate board border, maybe not the full board is in the scene. Failed at stage 1
sec6-res-util-lego-c2m2,,1038,,lego,,3,,399,,428,,46,,1.0,,Cannot locate board border, maybe not the full board is in the scene. Failed at stage 1
sec6-res-util-lego-c2m2,,1048,,lego,,3,,400,,434,,54,,1.0,,Cannot locate board border, maybe not the full board is in the scene. Failed at stage 1
sec6-res-util-lego-c2m2,,1057,,lego,,3,,427,,475,,94,,1.0,,Cannot locate board border, maybe not the full board is in the scene. Failed at stage 1
sec6-res-util-lego-c2m2,,1065,,lego,,3,,454,,514,,132,,1.0,,Cannot locate board border, maybe not the full board is in the scene. Failed at stage 1
sec6-res-util-lego-c2m2,,1072,,lego,,3,,706,,763,,474,,1.0,,Cannot locate board border, maybe not the full board is in the scene. Failed at stage 1
sec6-res-util-lego-c2m2,,1087,,lego,,3,,393,,455,,73,,1.0,,Cannot locate board border, maybe not the full board is in the scene. Failed at stage 1
sec6-res-util-lego-c2m2,,1092,,lego,,3,,637,,704,,397,,1.0,,Cannot locate board border, maybe not the full board is in the scene. Failed at stage 1
sec6-res-util-lego-c2m2,,1105,,lego,,3,,552,,594,,212,,1.0,,Cannot locate board border, maybe not the full board is in the scene. Failed at stage 1
sec6-res-util-lego-c2m2,,1112,,lego,,3,,415,,1029,,751,,0.999997326805,,Not confident about reconstruction, maybe too much noise
sec6-res-util-lego-c2m2,,1136,,lego,,3,,567,,1159,,885,,0.999966076374,,[[0 0 1 6]
 [2 2 2 2]]
sec6-res-util-lego-c2m2,,1163,,lego,,3,,399,,971,,604,,0.999999999999,,[[0 0 1 6]
 [2 2 2 2]]
sec6-res-util-lego-c2m2,,1182,,lego,,3,,514,,1119,,777,,0.999994953202,,[[0 0 1 6]
 [2 2 2 2]]
sec6-res-util-lego-c2m2,,1207,,lego,,3,,398,,903,,571,,1.0,,Not confident about reconstruction, maybe too much noise
sec6-res-util-lego-c2m2,,1225,,lego,,3,,398,,863,,583,,1.0,,Not confident about reconstruction, maybe too much noise
sec6-res-util-lego-c2m2,,1243,,lego,,3,,404,,895,,577,,1.0,,[[0 0 1 3]
 [2 2 2 2]]
sec6-res-util-lego-c2m2,,1262,,lego,,3,,393,,431,,49,,1.0,,Cannot locate board border, maybe not the full board is in the scene. Failed at stage 1
sec6-res-util-lego-c2m2,,1264,,lego,,3,,390,,416,,45,,1.0,,Cannot locate board border, maybe not the full board is in the scene. Failed at stage 1
sec6-res-util-lego-c2m2,,1266,,lego,,3,,393,,435,,52,,1.0,,Cannot locate board border, maybe not the full board is in the scene. Failed at stage 1
sec6-res-util-lego-c2m2,,1269,,lego,,3,,393,,428,,46,,1.0,,Cannot locate board border, maybe not the full board is in the scene. Failed at stage 1
sec6-res-util-lego-c2m2,,1271,,lego,,3,,397,,437,,55,,1.0,,Cannot locate board border, maybe not the full board is in the scene. Failed at stage 1
sec6-res-util-lego-c2m2,,1274,,lego,,3,,393,,431,,48,,1.0,,Cannot locate board border, maybe not the full board is in the scene. Failed at stage 1
sec6-res-util-lego-c2m2,,1276,,lego,,3,,390,,422,,38,,1.0,,Cannot locate board border, maybe not the full board is in the scene. Failed at stage 1
sec6-res-util-lego-c2m2,,1278,,lego,,3,,390,,421,,37,,1.0,,Cannot locate board border, maybe not the full board is in the scene. Failed at stage 1
sec6-res-util-lego-c2m2,,1280,,lego,,3,,390,,422,,38,,1.0,,Cannot locate board border, maybe not the full board is in the scene. Failed at stage 1
sec6-res-util-lego-c2m2,,1281,,lego,,3,,391,,421,,38,,1.0,,Cannot locate board border, maybe not the full board is in the scene. Failed at stage 1
sec6-res-util-lego-c2m2,,1283,,lego,,3,,394,,443,,60,,1.0,,Cannot locate board border, maybe not the full board is in the scene. Failed at stage 1
sec6-res-util-lego-c2m2,,1285,,lego,,3,,393,,441,,58,,1.0,,Cannot locate board border, maybe not the full board is in the scene. Failed at stage 1
sec6-res-util-lego-c2m2,,1288,,lego,,3,,394,,438,,56,,1.0,,Cannot locate board border, maybe not the full board is in the scene. Failed at stage 1
sec6-res-util-lego-c2m2,,1291,,lego,,3,,394,,441,,59,,1.0,,Cannot locate board border, maybe not the full board is in the scene. Failed at stage 1
sec6-res-util-lego-c2m2,,1293,,lego,,3,,393,,432,,50,,1.0,,Cannot locate board border, maybe not the full board is in the scene. Failed at stage 1
sec6-res-util-lego-c2m2,,1296,,lego,,3,,408,,454,,72,,1.0,,Cannot locate board border, maybe not the full board is in the scene. Failed at stage 1
sec6-res-util-lego-c2m2,,1299,,lego,,3,,393,,435,,53,,1.0,,Cannot locate board border, maybe not the full board is in the scene. Failed at stage 1
sec6-res-util-lego-c2m2,,1301,,lego,,3,,393,,437,,55,,1.0,,Cannot locate board border, maybe not the full board is in the scene. Failed at stage 1
sec6-res-util-lego-c2m2,,1304,,lego,,3,,393,,432,,52,,1.0,,Cannot locate board border, maybe not the full board is in the scene. Failed at stage 1
sec6-res-util-lego-c2m2,,1306,,lego,,3,,391,,423,,48,,1.0,,Cannot locate board border, maybe not the full board is in the scene. Failed at stage 1
sec6-res-util-lego-c2m2,,1309,,lego,,3,,395,,457,,75,,1.0,,Cannot locate board border, maybe not the full board is in the scene. Failed at stage 1
sec6-res-util-lego-c2m2,,1312,,lego,,3,,399,,428,,46,,1.0,,Cannot locate board border, maybe not the full board is in the scene. Failed at stage 1
sec6-res-util-lego-c2m2,,1314,,lego,,3,,417,,441,,59,,1.0,,Cannot locate board border, maybe not the full board is in the scene. Failed at stage 1
sec6-res-util-lego-c2m2,,1352,,lego,,3,,407,,436,,54,,1.0,,Cannot locate board border, maybe not the full board is in the scene. Failed at stage 1
sec6-res-util-lego-c2m2,,1354,,lego,,3,,412,,440,,58,,1.0,,Cannot locate board border, maybe not the full board is in the scene. Failed at stage 1
sec6-res-util-lego-c2m2,,1357,,lego,,3,,427,,478,,96,,1.0,,Cannot locate board border, maybe not the full board is in the scene. Failed at stage 1
sec6-res-util-lego-c2m2,,1360,,lego,,3,,406,,446,,64,,1.0,,Cannot locate board border, maybe not the full board is in the scene. Failed at stage 1
sec6-res-util-lego-c2m2,,1363,,lego,,3,,391,,444,,62,,1.0,,Cannot locate board border, maybe not the full board is in the scene. Failed at stage 1
sec6-res-util-lego-c2m2,,1366,,lego,,3,,409,,462,,79,,1.0,,Cannot locate board border, maybe not the full board is in the scene. Failed at stage 1
sec6-res-util-lego-c2m2,,1369,,lego,,3,,399,,447,,64,,1.0,,Cannot locate board border, maybe not the full board is in the scene. Failed at stage 1
sec6-res-util-lego-c2m2,,1372,,lego,,3,,399,,460,,78,,1.0,,Cannot locate board border, maybe not the full board is in the scene. Failed at stage 1
sec6-res-util-lego-c2m2,,1375,,lego,,3,,447,,479,,186,,1.0,,Cannot locate board border, maybe not the full board is in the scene. Failed at stage 1
sec6-res-util-lego-c2m2,,1382,,lego,,3,,411,,443,,61,,1.0,,Cannot locate board border, maybe not the full board is in the scene. Failed at stage 1
sec6-res-util-lego-c2m2,,1384,,lego,,3,,395,,449,,67,,1.0,,Cannot locate board border, maybe not the full board is in the scene. Failed at stage 1
sec6-res-util-lego-c2m2,,1387,,lego,,3,,447,,474,,92,,1.0,,Cannot locate board border, maybe not the full board is in the scene. Failed at stage 1
sec6-res-util-lego-c2m2,,1391,,lego,,3,,427,,455,,73,,1.0,,Cannot locate board border, maybe not the full board is in the scene. Failed at stage 1
sec6-res-util-lego-c2m2,,1394,,lego,,3,,420,,449,,67,,1.0,,Cannot locate board border, maybe not the full board is in the scene. Failed at stage 1
sec6-res-util-lego-c2m2,,1397,,lego,,3,,446,,488,,107,,1.0,,Cannot locate board border, maybe not the full board is in the scene. Failed at stage 1
sec6-res-util-lego-c2m2,,1401,,lego,,3,,443,,495,,113,,1.0,,Cannot locate board border, maybe not the full board is in the scene. Failed at stage 1
sec6-res-util-lego-c2m2,,1405,,lego,,3,,394,,447,,65,,1.0,,Cannot locate board border, maybe not the full board is in the scene. Failed at stage 1
sec6-res-util-lego-c2m2,,1408,,lego,,3,,431,,475,,93,,1.0,,Cannot locate board border, maybe not the full board is in the scene. Failed at stage 1
sec6-res-util-lego-c2m2,,1412,,lego,,3,,431,,462,,80,,1.0,,Cannot locate board border, maybe not the full board is in the scene. Failed at stage 1
sec6-res-util-lego-c2m2,,1415,,lego,,3,,390,,457,,75,,1.0,,Cannot locate board border, maybe not the full board is in the scene. Failed at stage 1
sec6-res-util-lego-c2m2,,1418,,lego,,3,,433,,464,,83,,1.0,,Cannot locate board border, maybe not the full board is in the scene. Failed at stage 1
sec6-res-util-lego-c2m2,,1421,,lego,,3,,508,,550,,178,,1.0,,Cannot locate board border, maybe not the full board is in the scene. Failed at stage 1
sec6-res-util-lego-c2m2,,1428,,lego,,3,,500,,528,,146,,1.0,,Cannot locate board border, maybe not the full board is in the scene. Failed at stage 1
sec6-res-util-lego-c2m2,,1433,,lego,,3,,392,,437,,54,,1.0,,Cannot locate board border, maybe not the full board is in the scene. Failed at stage 1
sec6-res-util-lego-c2m2,,1436,,lego,,3,,480,,546,,164,,1.0,,Cannot locate board border, maybe not the full board is in the scene. Failed at stage 1
sec6-res-util-lego-c2m2,,1441,,lego,,3,,453,,480,,128,,1.0,,Cannot locate board border, maybe not the full board is in the scene. Failed at stage 1
sec6-res-util-lego-c2m2,,1446,,lego,,3,,500,,526,,144,,1.0,,Cannot locate board border, maybe not the full board is in the scene. Failed at stage 1
sec6-res-util-lego-c2m2,,1451,,lego,,3,,505,,532,,150,,1.0,,Cannot locate board border, maybe not the full board is in the scene. Failed at stage 1
sec6-res-util-lego-c2m2,,1457,,lego,,3,,478,,534,,152,,1.0,,Cannot locate board border, maybe not the full board is in the scene. Failed at stage 1
sec6-res-util-lego-c2m2,,1462,,lego,,3,,455,,502,,120,,1.0,,Cannot locate board border, maybe not the full board is in the scene. Failed at stage 1
sec6-res-util-lego-c2m2,,1467,,lego,,3,,392,,445,,63,,1.0,,Cannot locate board border, maybe not the full board is in the scene. Failed at stage 1
sec6-res-util-lego-c2m2,,1470,,lego,,3,,460,,508,,126,,1.0,,Cannot locate board border, maybe not the full board is in the scene. Failed at stage 1
sec6-res-util-lego-c2m2,,1474,,lego,,3,,444,,480,,98,,1.0,,Cannot locate board border, maybe not the full board is in the scene. Failed at stage 1
sec6-res-util-lego-c2m2,,1478,,lego,,3,,456,,534,,152,,1.0,,Cannot locate board border, maybe not the full board is in the scene. Failed at stage 1
sec6-res-util-lego-c2m2,,1484,,lego,,3,,391,,456,,73,,1.0,,Cannot locate board border, maybe not the full board is in the scene. Failed at stage 1
sec6-res-util-lego-c2m2,,1487,,lego,,3,,434,,472,,89,,1.0,,Cannot locate board border, maybe not the full board is in the scene. Failed at stage 1
sec6-res-util-lego-c2m2,,1490,,lego,,3,,426,,463,,80,,1.0,,Cannot locate board border, maybe not the full board is in the scene. Failed at stage 1
sec6-res-util-lego-c2m2,,1494,,lego,,3,,424,,921,,551,,1.0,,Not confident about reconstruction, maybe too much noise
sec6-res-util-lego-c2m2,,1511,,lego,,3,,391,,1045,,688,,0.999999691643,,Not confident about reconstruction, maybe too much noise
sec6-res-util-lego-c2m2,,1532,,lego,,3,,392,,453,,73,,1.0,,Cannot locate board border, maybe not the full board is in the scene. Failed at stage 1
sec6-res-util-lego-c2m2,,1535,,lego,,3,,427,,1041,,686,,0.999999718734,,Not confident about reconstruction, maybe too much noise
sec6-res-util-lego-c2m2,,1557,,lego,,3,,926,,1615,,1290,,0.998834481466,,Not confident about reconstruction, maybe too much noise
sec6-res-util-lego-c2m2,,1597,,lego,,3,,626,,1304,,981,,0.999891651545,,Not confident about reconstruction, maybe too much noise
sec6-res-util-lego-c2m2,,1627,,lego,,3,,954,,1627,,1290,,0.998834481466,,Not confident about reconstruction, maybe too much noise
sec6-res-util-lego-c2m2,,1667,,lego,,3,,452,,513,,130,,1.0,,Cannot locate board border, maybe not the full board is in the scene. Failed at stage 1
sec6-res-util-lego-c2m2,,1672,,lego,,3,,401,,461,,79,,1.0,,Cannot locate board border, maybe not the full board is in the scene. Failed at stage 1
sec6-res-util-lego-c2m2,,1676,,lego,,3,,491,,539,,157,,1.0,,Cannot locate board border, maybe not the full board is in the scene. Failed at stage 1
sec6-res-util-lego-c2m2,,1681,,lego,,3,,504,,572,,221,,1.0,,Cannot locate board border, maybe not the full board is in the scene. Failed at stage 1
sec6-res-util-lego-c2m2,,1689,,lego,,3,,392,,425,,43,,1.0,,Cannot locate board border, maybe not the full board is in the scene. Failed at stage 1
sec6-res-util-lego-c2m2,,1691,,lego,,3,,863,,941,,617,,0.999999999571,,Cannot locate board border, maybe not the full board is in the scene. Failed at stage 1
sec6-res-util-lego-c2m2,,1710,,lego,,3,,392,,423,,41,,1.0,,Cannot locate board border, maybe not the full board is in the scene. Failed at stage 1
sec6-res-util-lego-c2m2,,1713,,lego,,3,,393,,419,,37,,1.0,,Cannot locate board border, maybe not the full board is in the scene. Failed at stage 1
sec6-res-util-lego-c2m2,,1715,,lego,,3,,471,,508,,126,,1.0,,Cannot locate board border, maybe not the full board is in the scene. Failed at stage 1
sec6-res-util-lego-c2m2,,1719,,lego,,3,,498,,526,,143,,1.0,,Cannot locate board border, maybe not the full board is in the scene. Failed at stage 1
sec6-res-util-lego-c2m2,,1724,,lego,,3,,568,,630,,323,,1.0,,Cannot locate board border, maybe not the full board is in the scene. Failed at stage 1
sec6-res-util-lego-c2m2,,1735,,lego,,3,,493,,520,,138,,1.0,,Cannot locate board border, maybe not the full board is in the scene. Failed at stage 1
sec6-res-util-lego-c2m2,,1740,,lego,,3,,490,,514,,131,,1.0,,Cannot locate board border, maybe not the full board is in the scene. Failed at stage 1
sec6-res-util-lego-c2m2,,1745,,lego,,3,,437,,461,,79,,1.0,,Cannot locate board border, maybe not the full board is in the scene. Failed at stage 1
sec6-res-util-lego-c2m2,,1748,,lego,,3,,535,,572,,190,,1.0,,Cannot locate board border, maybe not the full board is in the scene. Failed at stage 1
sec6-res-util-lego-c2m2,,1755,,lego,,3,,392,,424,,44,,1.0,,Cannot locate board border, maybe not the full board is in the scene. Failed at stage 1
sec6-res-util-lego-c2m2,,1757,,lego,,3,,392,,420,,37,,1.0,,Cannot locate board border, maybe not the full board is in the scene. Failed at stage 1
sec6-res-util-lego-c2m2,,1759,,lego,,3,,424,,457,,74,,1.0,,Cannot locate board border, maybe not the full board is in the scene. Failed at stage 1
sec6-res-util-lego-c2m2,,1762,,lego,,3,,420,,453,,70,,1.0,,Cannot locate board border, maybe not the full board is in the scene. Failed at stage 1
sec6-res-util-lego-c2m2,,1765,,lego,,3,,400,,427,,44,,1.0,,Cannot locate board border, maybe not the full board is in the scene. Failed at stage 1
sec6-res-util-lego-c2m2,,1768,,lego,,3,,401,,429,,46,,1.0,,Cannot locate board border, maybe not the full board is in the scene. Failed at stage 1
sec6-res-util-lego-c2m2,,1770,,lego,,3,,407,,435,,53,,1.0,,Cannot locate board border, maybe not the full board is in the scene. Failed at stage 1
sec6-res-util-lego-c2m2,,1772,,lego,,3,,390,,424,,42,,1.0,,Cannot locate board border, maybe not the full board is in the scene. Failed at stage 1
sec6-res-util-lego-c2m2,,1774,,lego,,3,,393,,424,,41,,1.0,,Cannot locate board border, maybe not the full board is in the scene. Failed at stage 1
sec6-res-util-lego-c2m2,,1777,,lego,,3,,392,,420,,37,,1.0,,Cannot locate board border, maybe not the full board is in the scene. Failed at stage 1
sec6-res-util-lego-c2m2,,1778,,lego,,3,,390,,417,,35,,1.0,,Cannot locate board border, maybe not the full board is in the scene. Failed at stage 1
sec6-res-util-lego-c2m2,,1780,,lego,,3,,424,,458,,75,,1.0,,Cannot locate board border, maybe not the full board is in the scene. Failed at stage 1
sec6-res-util-lego-c2m2,,1783,,lego,,3,,391,,435,,53,,1.0,,Cannot locate board border, maybe not the full board is in the scene. Failed at stage 1
sec6-res-util-lego-c2m2,,1786,,lego,,3,,391,,420,,37,,1.0,,Cannot locate board border, maybe not the full board is in the scene. Failed at stage 1
sec6-res-util-lego-c2m2,,1788,,lego,,3,,391,,420,,36,,1.0,,Cannot locate board border, maybe not the full board is in the scene. Failed at stage 1
sec6-res-util-lego-c2m2,,1790,,lego,,3,,390,,423,,40,,1.0,,Cannot locate board border, maybe not the full board is in the scene. Failed at stage 1
sec6-res-util-lego-c2m2,,1792,,lego,,3,,390,,432,,52,,1.0,,Cannot locate board border, maybe not the full board is in the scene. Failed at stage 1
sec6-res-util-lego-c2m2,,1794,,lego,,3,,390,,429,,47,,1.0,,Cannot locate board border, maybe not the full board is in the scene. Failed at stage 1
sec6-res-util-lego-c2m2,,1797,,lego,,3,,391,,432,,50,,1.0,,Cannot locate board border, maybe not the full board is in the scene. Failed at stage 1
sec6-res-util-lego-c2m2,,1799,,lego,,3,,393,,434,,51,,1.0,,Cannot locate board border, maybe not the full board is in the scene. Failed at stage 1
sec6-res-util-lego-c2m2,,1801,,lego,,3,,391,,429,,47,,1.0,,Cannot locate board border, maybe not the full board is in the scene. Failed at stage 1
sec6-res-util-lego-c2m2,,1804,,lego,,3,,391,,427,,45,,1.0,,Cannot locate board border, maybe not the full board is in the scene. Failed at stage 1
sec6-res-util-lego-c2m2,,1806,,lego,,3,,390,,424,,41,,1.0,,Cannot locate board border, maybe not the full board is in the scene. Failed at stage 1
sec6-res-util-lego-c2m2,,1808,,lego,,3,,390,,422,,40,,1.0,,Cannot locate board border, maybe not the full board is in the scene. Failed at stage 1
sec6-res-util-lego-c2m2,,1810,,lego,,3,,391,,418,,35,,1.0,,Cannot locate board border, maybe not the full board is in the scene. Failed at stage 1
sec6-res-util-lego-c2m2,,1812,,lego,,3,,391,,422,,38,,1.0,,Cannot locate board border, maybe not the full board is in the scene. Failed at stage 1
sec6-res-util-lego-c2m2,,1814,,lego,,3,,390,,419,,36,,1.0,,Cannot locate board border, maybe not the full board is in the scene. Failed at stage 1
sec6-res-util-lego-c2m2,,1816,,lego,,3,,390,,428,,46,,1.0,,Cannot locate board border, maybe not the full board is in the scene. Failed at stage 1
sec6-res-util-lego-c2m2,,1818,,lego,,3,,391,,417,,34,,1.0,,Cannot locate board border, maybe not the full board is in the scene. Failed at stage 1
sec6-res-util-lego-c2m2,,1820,,lego,,3,,391,,416,,33,,1.0,,Cannot locate board border, maybe not the full board is in the scene. Failed at stage 1
sec6-res-util-lego-c2m2,,1822,,lego,,3,,391,,419,,36,,1.0,,Cannot locate board border, maybe not the full board is in the scene. Failed at stage 1
sec6-res-util-lego-c2m2,,1824,,lego,,3,,391,,422,,38,,1.0,,Cannot locate board border, maybe not the full board is in the scene. Failed at stage 1
sec6-res-util-lego-c2m2,,1826,,lego,,3,,390,,420,,36,,1.0,,Cannot locate board border, maybe not the full board is in the scene. Failed at stage 1
sec6-res-util-lego-c2m2,,1828,,lego,,3,,390,,415,,32,,1.0,,Cannot locate board border, maybe not the full board is in the scene. Failed at stage 1
sec6-res-util-lego-c2m2,,1830,,lego,,3,,390,,419,,37,,1.0,,Cannot locate board border, maybe not the full board is in the scene. Failed at stage 1
sec6-res-util-lego-c2m2,,1831,,lego,,3,,392,,424,,41,,1.0,,Cannot locate board border, maybe not the full board is in the scene. Failed at stage 1
sec6-res-util-lego-c2m2,,1833,,lego,,3,,393,,421,,37,,1.0,,Cannot locate board border, maybe not the full board is in the scene. Failed at stage 1
sec6-res-util-lego-c2m2,,1835,,lego,,3,,402,,426,,44,,1.0,,Cannot locate board border, maybe not the full board is in the scene. Failed at stage 1
sec6-res-util-lego-c2m2,,1838,,lego,,3,,412,,437,,54,,1.0,,Cannot locate board border, maybe not the full board is in the scene. Failed at stage 1
sec6-res-util-lego-c2m2,,1840,,lego,,3,,415,,447,,65,,1.0,,Cannot locate board border, maybe not the full board is in the scene. Failed at stage 1
sec6-res-util-lego-c2m2,,1843,,lego,,3,,402,,439,,56,,1.0,,Cannot locate board border, maybe not the full board is in the scene. Failed at stage 1
sec6-res-util-lego-c2m2,,1846,,lego,,3,,402,,451,,69,,1.0,,Cannot locate board border, maybe not the full board is in the scene. Failed at stage 1
sec6-res-util-lego-c2m2,,1849,,lego,,3,,393,,449,,67,,1.0,,Cannot locate board border, maybe not the full board is in the scene. Failed at stage 1
sec6-res-util-lego-c2m2,,1851,,lego,,3,,392,,444,,62,,1.0,,Cannot locate board border, maybe not the full board is in the scene. Failed at stage 1
sec6-res-util-lego-c2m2,,1854,,lego,,3,,397,,444,,62,,1.0,,Cannot locate board border, maybe not the full board is in the scene. Failed at stage 1
sec6-res-util-lego-c2m2,,1857,,lego,,3,,392,,451,,69,,1.0,,Cannot locate board border, maybe not the full board is in the scene. Failed at stage 1
sec6-res-util-lego-c2m2,,1860,,lego,,3,,392,,439,,56,,1.0,,Cannot locate board border, maybe not the full board is in the scene. Failed at stage 1
sec6-res-util-lego-c2m2,,1863,,lego,,3,,394,,440,,57,,1.0,,Cannot locate board border, maybe not the full board is in the scene. Failed at stage 1
sec6-res-util-lego-c2m2,,1865,,lego,,3,,391,,436,,54,,1.0,,Cannot locate board border, maybe not the full board is in the scene. Failed at stage 1
sec6-res-util-lego-c2m2,,1868,,lego,,3,,391,,438,,55,,1.0,,Cannot locate board border, maybe not the full board is in the scene. Failed at stage 1
sec6-res-util-lego-c2m2,,1870,,lego,,3,,394,,451,,68,,1.0,,Cannot locate board border, maybe not the full board is in the scene. Failed at stage 1
sec6-res-util-lego-c2m2,,1873,,lego,,3,,392,,993,,682,,0.999999767524,,[[0 0 1 1]
 [0 2 1 6]
 [2 2 2 2]]
sec6-res-util-lego-c2m2,,1895,,lego,,3,,393,,452,,70,,1.0,,Cannot locate board border, maybe not the full board is in the scene. Failed at stage 1
sec6-res-util-lego-c2m2,,1898,,lego,,3,,435,,1049,,687,,0.999999705422,,[[0 0 1 1]
 [0 2 1 6]
 [2 2 2 2]]
sec6-res-util-lego-c2m2,,1919,,lego,,3,,428,,979,,703,,0.999999421276,,Not confident about reconstruction, maybe too much noise
sec6-res-util-lego-c2m2,,1941,,lego,,3,,391,,1128,,796,,0.999992411654,,[[0 0 1 1]
 [0 2 1 6]
 [2 2 2 2]]
sec6-res-util-lego-c2m2,,1965,,lego,,3,,391,,936,,572,,1.0,,[[0 0 1 1]
 [0 2 1 6]
 [2 2 2 2]]
sec6-res-util-lego-c2m2,,1984,,lego,,3,,392,,876,,587,,1.0,,Not confident about reconstruction, maybe too much noise
sec6-res-util-lego-c2m2,,2002,,lego,,3,,392,,996,,688,,0.999999691643,,Not confident about reconstruction, maybe too much noise
sec6-res-util-lego-c2m2,,2024,,lego,,3,,392,,433,,50,,1.0,,Cannot locate board border, maybe not the full board is in the scene. Failed at stage 1
sec6-res-util-lego-c2m2,,2026,,lego,,3,,393,,429,,50,,1.0,,Cannot locate board border, maybe not the full board is in the scene. Failed at stage 1
sec6-res-util-lego-c2m2,,2028,,lego,,3,,391,,429,,47,,1.0,,Cannot locate board border, maybe not the full board is in the scene. Failed at stage 1
sec6-res-util-lego-c2m2,,2031,,lego,,3,,391,,412,,30,,1.0,,Cannot locate board border, maybe not the full board is in the scene. Failed at stage 1
sec6-res-util-lego-c2m2,,2032,,lego,,3,,409,,446,,63,,1.0,,Cannot locate board border, maybe not the full board is in the scene. Failed at stage 1
sec6-res-util-lego-c2m2,,2035,,lego,,3,,401,,430,,48,,1.0,,Cannot locate board border, maybe not the full board is in the scene. Failed at stage 1
sec6-res-util-lego-c2m2,,2038,,lego,,3,,392,,423,,40,,1.0,,Cannot locate board border, maybe not the full board is in the scene. Failed at stage 1
sec6-res-util-lego-c2m2,,2040,,lego,,3,,399,,430,,48,,1.0,,Cannot locate board border, maybe not the full board is in the scene. Failed at stage 1
sec6-res-util-lego-c2m2,,2042,,lego,,3,,404,,441,,58,,1.0,,Cannot locate board border, maybe not the full board is in the scene. Failed at stage 1
sec6-res-util-lego-c2m2,,2045,,lego,,3,,394,,428,,46,,1.0,,Cannot locate board border, maybe not the full board is in the scene. Failed at stage 1
sec6-res-util-lego-c2m2,,2047,,lego,,3,,392,,424,,44,,1.0,,Cannot locate board border, maybe not the full board is in the scene. Failed at stage 1
sec6-res-util-lego-c2m2,,2049,,lego,,3,,404,,434,,52,,1.0,,Cannot locate board border, maybe not the full board is in the scene. Failed at stage 1
sec6-res-util-lego-c2m2,,2052,,lego,,3,,400,,431,,49,,1.0,,Cannot locate board border, maybe not the full board is in the scene. Failed at stage 1
sec6-res-util-lego-c2m2,,2054,,lego,,3,,392,,428,,45,,1.0,,Cannot locate board border, maybe not the full board is in the scene. Failed at stage 1
sec6-res-util-lego-c2m2,,2056,,lego,,3,,392,,430,,48,,1.0,,Cannot locate board border, maybe not the full board is in the scene. Failed at stage 1
sec6-res-util-lego-c2m2,,2063,,lego,,3,,390,,426,,42,,1.0,,Cannot locate board border, maybe not the full board is in the scene. Failed at stage 1
sec6-res-util-lego-c2m2,,2083,,lego,,3,,402,,434,,50,,1.0,,Cannot locate board border, maybe not the full board is in the scene. Failed at stage 1
sec6-res-util-lego-c2m2,,2084,,lego,,3,,391,,451,,69,,1.0,,Cannot locate board border, maybe not the full board is in the scene. Failed at stage 1
sec6-res-util-lego-c2m2,,2087,,lego,,3,,393,,441,,69,,1.0,,Cannot locate board border, maybe not the full board is in the scene. Failed at stage 1
sec6-res-util-lego-c2m2,,2090,,lego,,3,,423,,453,,71,,1.0,,Cannot locate board border, maybe not the full board is in the scene. Failed at stage 1
sec6-res-util-lego-c2m2,,2093,,lego,,3,,465,,494,,111,,1.0,,Cannot locate board border, maybe not the full board is in the scene. Failed at stage 1
sec6-res-util-lego-c2m2,,2097,,lego,,3,,494,,523,,141,,1.0,,Cannot locate board border, maybe not the full board is in the scene. Failed at stage 1
sec6-res-util-lego-c2m2,,2102,,lego,,3,,515,,545,,221,,1.0,,Cannot locate board border, maybe not the full board is in the scene. Failed at stage 1
sec6-res-util-lego-c2m2,,2110,,lego,,3,,392,,422,,39,,1.0,,Cannot locate board border, maybe not the full board is in the scene. Failed at stage 1
sec6-res-util-lego-c2m2,,2144,,lego,,3,,455,,499,,116,,1.0,,Cannot locate board border, maybe not the full board is in the scene. Failed at stage 1
sec6-res-util-lego-c2m2,,2148,,lego,,3,,867,,916,,556,,1.0,,Cannot locate board border, maybe not the full board is in the scene. Failed at stage 1
sec6-res-util-lego-c2m2,,2165,,lego,,3,,420,,446,,63,,1.0,,Cannot locate board border, maybe not the full board is in the scene. Failed at stage 1
sec6-res-util-lego-c2m2,,2168,,lego,,3,,479,,540,,157,,1.0,,Cannot locate board border, maybe not the full board is in the scene. Failed at stage 1
