sec6-res-util-lego-c4m2,,1001,,lego,,3,,452,,500,,121,,1.0,,Cannot locate board border, maybe not the full board is in the scene. Failed at stage 1
sec6-res-util-lego-c4m2,,1005,,lego,,3,,393,,427,,47,,1.0,,Cannot locate board border, maybe not the full board is in the scene. Failed at stage 1
sec6-res-util-lego-c4m2,,1007,,lego,,3,,392,,422,,42,,1.0,,Cannot locate board border, maybe not the full board is in the scene. Failed at stage 1
sec6-res-util-lego-c4m2,,1010,,lego,,3,,391,,412,,32,,1.0,,Cannot locate board border, maybe not the full board is in the scene. Failed at stage 1
sec6-res-util-lego-c4m2,,1011,,lego,,3,,391,,412,,32,,1.0,,Cannot locate board border, maybe not the full board is in the scene. Failed at stage 1
sec6-res-util-lego-c4m2,,1013,,lego,,3,,392,,416,,36,,1.0,,Cannot locate board border, maybe not the full board is in the scene. Failed at stage 1
sec6-res-util-lego-c4m2,,1015,,lego,,3,,391,,428,,50,,1.0,,Cannot locate board border, maybe not the full board is in the scene. Failed at stage 1
sec6-res-util-lego-c4m2,,1017,,lego,,3,,391,,412,,32,,1.0,,Cannot locate board border, maybe not the full board is in the scene. Failed at stage 1
sec6-res-util-lego-c4m2,,1019,,lego,,3,,389,,420,,39,,1.0,,Cannot locate board border, maybe not the full board is in the scene. Failed at stage 1
sec6-res-util-lego-c4m2,,1021,,lego,,3,,388,,421,,39,,1.0,,Cannot locate board border, maybe not the full board is in the scene. Failed at stage 1
sec6-res-util-lego-c4m2,,1023,,lego,,3,,388,,420,,41,,1.0,,Cannot locate board border, maybe not the full board is in the scene. Failed at stage 1
sec6-res-util-lego-c4m2,,1025,,lego,,3,,391,,420,,40,,1.0,,Cannot locate board border, maybe not the full board is in the scene. Failed at stage 1
sec6-res-util-lego-c4m2,,1027,,lego,,3,,393,,425,,45,,1.0,,Cannot locate board border, maybe not the full board is in the scene. Failed at stage 1
sec6-res-util-lego-c4m2,,1029,,lego,,3,,388,,421,,39,,1.0,,Cannot locate board border, maybe not the full board is in the scene. Failed at stage 1
sec6-res-util-lego-c4m2,,1032,,lego,,3,,388,,422,,42,,1.0,,Cannot locate board border, maybe not the full board is in the scene. Failed at stage 1
sec6-res-util-lego-c4m2,,1034,,lego,,3,,393,,427,,47,,1.0,,Cannot locate board border, maybe not the full board is in the scene. Failed at stage 1
sec6-res-util-lego-c4m2,,1036,,lego,,3,,391,,431,,51,,1.0,,Cannot locate board border, maybe not the full board is in the scene. Failed at stage 1
sec6-res-util-lego-c4m2,,1038,,lego,,3,,391,,426,,46,,1.0,,Cannot locate board border, maybe not the full board is in the scene. Failed at stage 1
sec6-res-util-lego-c4m2,,1041,,lego,,3,,390,,424,,44,,1.0,,Cannot locate board border, maybe not the full board is in the scene. Failed at stage 1
sec6-res-util-lego-c4m2,,1043,,lego,,3,,391,,416,,36,,1.0,,Cannot locate board border, maybe not the full board is in the scene. Failed at stage 1
sec6-res-util-lego-c4m2,,1045,,lego,,3,,390,,418,,37,,1.0,,Cannot locate board border, maybe not the full board is in the scene. Failed at stage 1
sec6-res-util-lego-c4m2,,1047,,lego,,3,,391,,427,,47,,1.0,,Cannot locate board border, maybe not the full board is in the scene. Failed at stage 1
sec6-res-util-lego-c4m2,,1049,,lego,,3,,390,,422,,42,,1.0,,Cannot locate board border, maybe not the full board is in the scene. Failed at stage 1
sec6-res-util-lego-c4m2,,1051,,lego,,3,,390,,414,,33,,1.0,,Cannot locate board border, maybe not the full board is in the scene. Failed at stage 1
sec6-res-util-lego-c4m2,,1053,,lego,,3,,391,,424,,44,,1.0,,Cannot locate board border, maybe not the full board is in the scene. Failed at stage 1
sec6-res-util-lego-c4m2,,1055,,lego,,3,,390,,414,,38,,1.0,,Cannot locate board border, maybe not the full board is in the scene. Failed at stage 1
sec6-res-util-lego-c4m2,,1057,,lego,,3,,389,,417,,36,,1.0,,Cannot locate board border, maybe not the full board is in the scene. Failed at stage 1
sec6-res-util-lego-c4m2,,1059,,lego,,3,,390,,422,,42,,1.0,,Cannot locate board border, maybe not the full board is in the scene. Failed at stage 1
sec6-res-util-lego-c4m2,,1062,,lego,,3,,391,,420,,40,,1.0,,Cannot locate board border, maybe not the full board is in the scene. Failed at stage 1
sec6-res-util-lego-c4m2,,1064,,lego,,3,,391,,416,,36,,1.0,,Cannot locate board border, maybe not the full board is in the scene. Failed at stage 1
sec6-res-util-lego-c4m2,,1066,,lego,,3,,390,,424,,46,,1.0,,Cannot locate board border, maybe not the full board is in the scene. Failed at stage 1
sec6-res-util-lego-c4m2,,1068,,lego,,3,,390,,424,,44,,1.0,,Cannot locate board border, maybe not the full board is in the scene. Failed at stage 1
sec6-res-util-lego-c4m2,,1070,,lego,,3,,390,,424,,44,,1.0,,Cannot locate board border, maybe not the full board is in the scene. Failed at stage 1
sec6-res-util-lego-c4m2,,1072,,lego,,3,,390,,416,,36,,1.0,,Cannot locate board border, maybe not the full board is in the scene. Failed at stage 1
sec6-res-util-lego-c4m2,,1074,,lego,,3,,390,,423,,43,,1.0,,Cannot locate board border, maybe not the full board is in the scene. Failed at stage 1
sec6-res-util-lego-c4m2,,1076,,lego,,3,,390,,424,,42,,1.0,,Cannot locate board border, maybe not the full board is in the scene. Failed at stage 1
sec6-res-util-lego-c4m2,,1079,,lego,,3,,388,,430,,50,,1.0,,Cannot locate board border, maybe not the full board is in the scene. Failed at stage 1
sec6-res-util-lego-c4m2,,1081,,lego,,3,,389,,438,,58,,1.0,,Cannot locate board border, maybe not the full board is in the scene. Failed at stage 1
sec6-res-util-lego-c4m2,,1083,,lego,,3,,388,,435,,54,,1.0,,Cannot locate board border, maybe not the full board is in the scene. Failed at stage 1
sec6-res-util-lego-c4m2,,1086,,lego,,3,,389,,439,,59,,1.0,,Cannot locate board border, maybe not the full board is in the scene. Failed at stage 1
sec6-res-util-lego-c4m2,,1089,,lego,,3,,391,,441,,62,,1.0,,Cannot locate board border, maybe not the full board is in the scene. Failed at stage 1
sec6-res-util-lego-c4m2,,1091,,lego,,3,,391,,439,,59,,1.0,,Cannot locate board border, maybe not the full board is in the scene. Failed at stage 1
sec6-res-util-lego-c4m2,,1094,,lego,,3,,391,,442,,63,,1.0,,Cannot locate board border, maybe not the full board is in the scene. Failed at stage 1
sec6-res-util-lego-c4m2,,1097,,lego,,3,,391,,435,,56,,1.0,,Cannot locate board border, maybe not the full board is in the scene. Failed at stage 1
sec6-res-util-lego-c4m2,,1100,,lego,,3,,391,,445,,66,,1.0,,Cannot locate board border, maybe not the full board is in the scene. Failed at stage 1
sec6-res-util-lego-c4m2,,1102,,lego,,3,,392,,444,,65,,1.0,,Cannot locate board border, maybe not the full board is in the scene. Failed at stage 1
sec6-res-util-lego-c4m2,,1105,,lego,,3,,392,,434,,54,,1.0,,Cannot locate board border, maybe not the full board is in the scene. Failed at stage 1
sec6-res-util-lego-c4m2,,1108,,lego,,3,,392,,433,,53,,1.0,,Cannot locate board border, maybe not the full board is in the scene. Failed at stage 1
sec6-res-util-lego-c4m2,,1110,,lego,,3,,393,,862,,534,,1.0,,[[0 0 1 6]
 [2 2 2 2]]
sec6-res-util-lego-c4m2,,1127,,lego,,3,,391,,850,,483,,1.0,,Not confident about reconstruction, maybe too much noise
sec6-res-util-lego-c4m2,,1143,,lego,,3,,392,,873,,581,,1.0,,[[0 0 1 6]
 [2 2 2 2]]
sec6-res-util-lego-c4m2,,1161,,lego,,3,,391,,840,,478,,1.0,,[[0 0 1 6]
 [2 2 2 2]]
sec6-res-util-lego-c4m2,,1176,,lego,,3,,389,,863,,580,,1.0,,[[0 0 1 6]
 [2 2 2 2]]
sec6-res-util-lego-c4m2,,1195,,lego,,3,,391,,866,,588,,1.0,,[[0 0 1 6]
 [2 2 2 2]]!!State Change!!
sec6-res-util-lego-c4m2,,1228,,lego,,3,,397,,838,,496,,1.0,,[[0 0 1 6]
 [2 2 2 2]]
sec6-res-util-lego-c4m2,,1261,,lego,,3,,391,,433,,53,,1.0,,Cannot locate board border, maybe not the full board is in the scene. Failed at stage 1
sec6-res-util-lego-c4m2,,1293,,lego,,3,,398,,442,,62,,1.0,,Cannot locate board border, maybe not the full board is in the scene. Failed at stage 1
sec6-res-util-lego-c4m2,,1373,,lego,,3,,398,,438,,59,,1.0,,Cannot locate board border, maybe not the full board is in the scene. Failed at stage 1
sec6-res-util-lego-c4m2,,1392,,lego,,3,,396,,437,,57,,1.0,,Cannot locate board border, maybe not the full board is in the scene. Failed at stage 1
sec6-res-util-lego-c4m2,,1408,,lego,,3,,389,,433,,53,,1.0,,Cannot locate board border, maybe not the full board is in the scene. Failed at stage 1
sec6-res-util-lego-c4m2,,1421,,lego,,3,,398,,438,,59,,1.0,,Cannot locate board border, maybe not the full board is in the scene. Failed at stage 1
sec6-res-util-lego-c4m2,,1432,,lego,,3,,399,,440,,60,,1.0,,Cannot locate board border, maybe not the full board is in the scene. Failed at stage 1
sec6-res-util-lego-c4m2,,1442,,lego,,3,,399,,439,,59,,1.0,,Cannot locate board border, maybe not the full board is in the scene. Failed at stage 1
sec6-res-util-lego-c4m2,,1451,,lego,,3,,397,,437,,57,,1.0,,Cannot locate board border, maybe not the full board is in the scene. Failed at stage 1
sec6-res-util-lego-c4m2,,1459,,lego,,3,,398,,429,,48,,1.0,,Cannot locate board border, maybe not the full board is in the scene. Failed at stage 1
sec6-res-util-lego-c4m2,,1466,,lego,,3,,392,,439,,59,,1.0,,Cannot locate board border, maybe not the full board is in the scene. Failed at stage 1
sec6-res-util-lego-c4m2,,1473,,lego,,3,,391,,442,,62,,1.0,,Cannot locate board border, maybe not the full board is in the scene. Failed at stage 1
sec6-res-util-lego-c4m2,,1479,,lego,,3,,398,,434,,54,,1.0,,Cannot locate board border, maybe not the full board is in the scene. Failed at stage 1
sec6-res-util-lego-c4m2,,1485,,lego,,3,,392,,446,,66,,1.0,,Cannot locate board border, maybe not the full board is in the scene. Failed at stage 1
sec6-res-util-lego-c4m2,,1490,,lego,,3,,391,,443,,64,,1.0,,Cannot locate board border, maybe not the full board is in the scene. Failed at stage 1
sec6-res-util-lego-c4m2,,1495,,lego,,3,,391,,862,,519,,1.0,,Not confident about reconstruction, maybe too much noise
sec6-res-util-lego-c4m2,,1511,,lego,,3,,392,,858,,583,,1.0,,Not confident about reconstruction, maybe too much noise
sec6-res-util-lego-c4m2,,1530,,lego,,3,,391,,445,,65,,1.0,,Cannot locate board border, maybe not the full board is in the scene. Failed at stage 1
sec6-res-util-lego-c4m2,,1533,,lego,,3,,392,,436,,56,,1.0,,Cannot locate board border, maybe not the full board is in the scene. Failed at stage 1
sec6-res-util-lego-c4m2,,1535,,lego,,3,,395,,826,,501,,1.0,,Not confident about reconstruction, maybe too much noise
sec6-res-util-lego-c4m2,,1551,,lego,,3,,391,,876,,583,,1.0,,Not confident about reconstruction, maybe too much noise
sec6-res-util-lego-c4m2,,1570,,lego,,3,,392,,856,,584,,1.0,,Not confident about reconstruction, maybe too much noise
sec6-res-util-lego-c4m2,,1588,,lego,,3,,389,,832,,484,,1.0,,Not confident about reconstruction, maybe too much noise
sec6-res-util-lego-c4m2,,1603,,lego,,3,,389,,851,,484,,1.0,,Not confident about reconstruction, maybe too much noise
sec6-res-util-lego-c4m2,,1619,,lego,,3,,392,,822,,484,,1.0,,Not confident about reconstruction, maybe too much noise
sec6-res-util-lego-c4m2,,1634,,lego,,3,,394,,928,,571,,1.0,,Not confident about reconstruction, maybe too much noise
sec6-res-util-lego-c4m2,,1653,,lego,,3,,389,,432,,53,,1.0,,Cannot locate board border, maybe not the full board is in the scene. Failed at stage 1
sec6-res-util-lego-c4m2,,1655,,lego,,3,,389,,422,,40,,1.0,,Cannot locate board border, maybe not the full board is in the scene. Failed at stage 1
sec6-res-util-lego-c4m2,,1657,,lego,,3,,388,,428,,48,,1.0,,Cannot locate board border, maybe not the full board is in the scene. Failed at stage 1
sec6-res-util-lego-c4m2,,1659,,lego,,3,,388,,433,,53,,1.0,,Cannot locate board border, maybe not the full board is in the scene. Failed at stage 1
sec6-res-util-lego-c4m2,,1662,,lego,,3,,391,,434,,54,,1.0,,Cannot locate board border, maybe not the full board is in the scene. Failed at stage 1
sec6-res-util-lego-c4m2,,1664,,lego,,3,,393,,437,,59,,1.0,,Cannot locate board border, maybe not the full board is in the scene. Failed at stage 1
sec6-res-util-lego-c4m2,,1667,,lego,,3,,391,,435,,55,,1.0,,Cannot locate board border, maybe not the full board is in the scene. Failed at stage 1
sec6-res-util-lego-c4m2,,1670,,lego,,3,,391,,434,,54,,1.0,,Cannot locate board border, maybe not the full board is in the scene. Failed at stage 1
sec6-res-util-lego-c4m2,,1672,,lego,,3,,390,,435,,56,,1.0,,Cannot locate board border, maybe not the full board is in the scene. Failed at stage 1
sec6-res-util-lego-c4m2,,1675,,lego,,3,,391,,436,,56,,1.0,,Cannot locate board border, maybe not the full board is in the scene. Failed at stage 1
sec6-res-util-lego-c4m2,,1677,,lego,,3,,391,,438,,58,,1.0,,Cannot locate board border, maybe not the full board is in the scene. Failed at stage 1
sec6-res-util-lego-c4m2,,1680,,lego,,3,,391,,436,,56,,1.0,,Cannot locate board border, maybe not the full board is in the scene. Failed at stage 1
sec6-res-util-lego-c4m2,,1682,,lego,,3,,391,,434,,54,,1.0,,Cannot locate board border, maybe not the full board is in the scene. Failed at stage 1
sec6-res-util-lego-c4m2,,1685,,lego,,3,,391,,436,,58,,1.0,,Cannot locate board border, maybe not the full board is in the scene. Failed at stage 1
sec6-res-util-lego-c4m2,,1688,,lego,,3,,392,,437,,58,,1.0,,Cannot locate board border, maybe not the full board is in the scene. Failed at stage 1
sec6-res-util-lego-c4m2,,1691,,lego,,3,,391,,423,,43,,1.0,,Cannot locate board border, maybe not the full board is in the scene. Failed at stage 1
sec6-res-util-lego-c4m2,,1693,,lego,,3,,391,,439,,59,,1.0,,Cannot locate board border, maybe not the full board is in the scene. Failed at stage 1
sec6-res-util-lego-c4m2,,1696,,lego,,3,,391,,434,,54,,1.0,,Cannot locate board border, maybe not the full board is in the scene. Failed at stage 1
sec6-res-util-lego-c4m2,,1698,,lego,,3,,392,,438,,59,,1.0,,Cannot locate board border, maybe not the full board is in the scene. Failed at stage 1
sec6-res-util-lego-c4m2,,1701,,lego,,3,,390,,421,,40,,1.0,,Cannot locate board border, maybe not the full board is in the scene. Failed at stage 1
sec6-res-util-lego-c4m2,,1703,,lego,,3,,390,,434,,54,,1.0,,Cannot locate board border, maybe not the full board is in the scene. Failed at stage 1
sec6-res-util-lego-c4m2,,1705,,lego,,3,,388,,434,,53,,1.0,,Cannot locate board border, maybe not the full board is in the scene. Failed at stage 1
sec6-res-util-lego-c4m2,,1708,,lego,,3,,392,,438,,58,,1.0,,Cannot locate board border, maybe not the full board is in the scene. Failed at stage 1
sec6-res-util-lego-c4m2,,1711,,lego,,3,,390,,419,,38,,1.0,,Cannot locate board border, maybe not the full board is in the scene. Failed at stage 1
sec6-res-util-lego-c4m2,,1713,,lego,,3,,390,,430,,50,,1.0,,Cannot locate board border, maybe not the full board is in the scene. Failed at stage 1
sec6-res-util-lego-c4m2,,1715,,lego,,3,,389,,418,,38,,1.0,,Cannot locate board border, maybe not the full board is in the scene. Failed at stage 1
sec6-res-util-lego-c4m2,,1717,,lego,,3,,391,,431,,50,,1.0,,Cannot locate board border, maybe not the full board is in the scene. Failed at stage 1
sec6-res-util-lego-c4m2,,1720,,lego,,3,,391,,418,,36,,1.0,,Cannot locate board border, maybe not the full board is in the scene. Failed at stage 1
sec6-res-util-lego-c4m2,,1722,,lego,,3,,388,,426,,45,,1.0,,Cannot locate board border, maybe not the full board is in the scene. Failed at stage 1
sec6-res-util-lego-c4m2,,1724,,lego,,3,,391,,430,,50,,1.0,,Cannot locate board border, maybe not the full board is in the scene. Failed at stage 1
sec6-res-util-lego-c4m2,,1726,,lego,,3,,391,,430,,52,,1.0,,Cannot locate board border, maybe not the full board is in the scene. Failed at stage 1
sec6-res-util-lego-c4m2,,1728,,lego,,3,,392,,430,,50,,1.0,,Cannot locate board border, maybe not the full board is in the scene. Failed at stage 1
sec6-res-util-lego-c4m2,,1731,,lego,,3,,391,,429,,49,,1.0,,Cannot locate board border, maybe not the full board is in the scene. Failed at stage 1
sec6-res-util-lego-c4m2,,1733,,lego,,3,,391,,425,,45,,1.0,,Cannot locate board border, maybe not the full board is in the scene. Failed at stage 1
sec6-res-util-lego-c4m2,,1735,,lego,,3,,390,,419,,39,,1.0,,Cannot locate board border, maybe not the full board is in the scene. Failed at stage 1
sec6-res-util-lego-c4m2,,1737,,lego,,3,,392,,429,,49,,1.0,,Cannot locate board border, maybe not the full board is in the scene. Failed at stage 1
sec6-res-util-lego-c4m2,,1740,,lego,,3,,391,,426,,46,,1.0,,Cannot locate board border, maybe not the full board is in the scene. Failed at stage 1
sec6-res-util-lego-c4m2,,1742,,lego,,3,,391,,416,,35,,1.0,,Cannot locate board border, maybe not the full board is in the scene. Failed at stage 1
sec6-res-util-lego-c4m2,,1744,,lego,,3,,390,,427,,46,,1.0,,Cannot locate board border, maybe not the full board is in the scene. Failed at stage 1
sec6-res-util-lego-c4m2,,1746,,lego,,3,,390,,415,,35,,1.0,,Cannot locate board border, maybe not the full board is in the scene. Failed at stage 1
sec6-res-util-lego-c4m2,,1748,,lego,,3,,390,,426,,46,,1.0,,Cannot locate board border, maybe not the full board is in the scene. Failed at stage 1
sec6-res-util-lego-c4m2,,1751,,lego,,3,,391,,427,,46,,1.0,,Cannot locate board border, maybe not the full board is in the scene. Failed at stage 1
sec6-res-util-lego-c4m2,,1753,,lego,,3,,390,,428,,48,,1.0,,Cannot locate board border, maybe not the full board is in the scene. Failed at stage 1
sec6-res-util-lego-c4m2,,1755,,lego,,3,,391,,427,,47,,1.0,,Cannot locate board border, maybe not the full board is in the scene. Failed at stage 1
sec6-res-util-lego-c4m2,,1758,,lego,,3,,391,,422,,41,,1.0,,Cannot locate board border, maybe not the full board is in the scene. Failed at stage 1
sec6-res-util-lego-c4m2,,1760,,lego,,3,,391,,428,,48,,1.0,,Cannot locate board border, maybe not the full board is in the scene. Failed at stage 1
sec6-res-util-lego-c4m2,,1762,,lego,,3,,391,,423,,43,,1.0,,Cannot locate board border, maybe not the full board is in the scene. Failed at stage 1
sec6-res-util-lego-c4m2,,1764,,lego,,3,,390,,428,,49,,1.0,,Cannot locate board border, maybe not the full board is in the scene. Failed at stage 1
sec6-res-util-lego-c4m2,,1767,,lego,,3,,390,,422,,42,,1.0,,Cannot locate board border, maybe not the full board is in the scene. Failed at stage 1
sec6-res-util-lego-c4m2,,1769,,lego,,3,,391,,420,,40,,1.0,,Cannot locate board border, maybe not the full board is in the scene. Failed at stage 1
sec6-res-util-lego-c4m2,,1771,,lego,,3,,391,,430,,50,,1.0,,Cannot locate board border, maybe not the full board is in the scene. Failed at stage 1
sec6-res-util-lego-c4m2,,1773,,lego,,3,,391,,418,,38,,1.0,,Cannot locate board border, maybe not the full board is in the scene. Failed at stage 1
sec6-res-util-lego-c4m2,,1775,,lego,,3,,390,,418,,38,,1.0,,Cannot locate board border, maybe not the full board is in the scene. Failed at stage 1
sec6-res-util-lego-c4m2,,1777,,lego,,3,,390,,416,,36,,1.0,,Cannot locate board border, maybe not the full board is in the scene. Failed at stage 1
sec6-res-util-lego-c4m2,,1779,,lego,,3,,390,,428,,48,,1.0,,Cannot locate board border, maybe not the full board is in the scene. Failed at stage 1
sec6-res-util-lego-c4m2,,1781,,lego,,3,,390,,417,,37,,1.0,,Cannot locate board border, maybe not the full board is in the scene. Failed at stage 1
sec6-res-util-lego-c4m2,,1783,,lego,,3,,391,,425,,44,,1.0,,Cannot locate board border, maybe not the full board is in the scene. Failed at stage 1
sec6-res-util-lego-c4m2,,1786,,lego,,3,,389,,415,,34,,1.0,,Cannot locate board border, maybe not the full board is in the scene. Failed at stage 1
sec6-res-util-lego-c4m2,,1787,,lego,,3,,390,,417,,37,,1.0,,Cannot locate board border, maybe not the full board is in the scene. Failed at stage 1
sec6-res-util-lego-c4m2,,1789,,lego,,3,,394,,420,,38,,1.0,,Cannot locate board border, maybe not the full board is in the scene. Failed at stage 1
sec6-res-util-lego-c4m2,,1791,,lego,,3,,389,,424,,43,,1.0,,Cannot locate board border, maybe not the full board is in the scene. Failed at stage 1
sec6-res-util-lego-c4m2,,1793,,lego,,3,,390,,428,,48,,1.0,,Cannot locate board border, maybe not the full board is in the scene. Failed at stage 1
sec6-res-util-lego-c4m2,,1796,,lego,,3,,391,,430,,51,,1.0,,Cannot locate board border, maybe not the full board is in the scene. Failed at stage 1
sec6-res-util-lego-c4m2,,1798,,lego,,3,,391,,424,,44,,1.0,,Cannot locate board border, maybe not the full board is in the scene. Failed at stage 1
sec6-res-util-lego-c4m2,,1800,,lego,,3,,391,,426,,46,,1.0,,Cannot locate board border, maybe not the full board is in the scene. Failed at stage 1
sec6-res-util-lego-c4m2,,1803,,lego,,3,,391,,424,,45,,1.0,,Cannot locate board border, maybe not the full board is in the scene. Failed at stage 1
sec6-res-util-lego-c4m2,,1805,,lego,,3,,390,,423,,43,,1.0,,Cannot locate board border, maybe not the full board is in the scene. Failed at stage 1
sec6-res-util-lego-c4m2,,1807,,lego,,3,,391,,420,,39,,1.0,,Cannot locate board border, maybe not the full board is in the scene. Failed at stage 1
sec6-res-util-lego-c4m2,,1809,,lego,,3,,390,,424,,44,,1.0,,Cannot locate board border, maybe not the full board is in the scene. Failed at stage 1
sec6-res-util-lego-c4m2,,1811,,lego,,3,,390,,424,,44,,1.0,,Cannot locate board border, maybe not the full board is in the scene. Failed at stage 1
sec6-res-util-lego-c4m2,,1814,,lego,,3,,391,,413,,32,,1.0,,Cannot locate board border, maybe not the full board is in the scene. Failed at stage 1
sec6-res-util-lego-c4m2,,1815,,lego,,3,,390,,419,,39,,1.0,,Cannot locate board border, maybe not the full board is in the scene. Failed at stage 1
sec6-res-util-lego-c4m2,,1817,,lego,,3,,391,,413,,34,,1.0,,Cannot locate board border, maybe not the full board is in the scene. Failed at stage 1
sec6-res-util-lego-c4m2,,1819,,lego,,3,,391,,413,,31,,1.0,,Cannot locate board border, maybe not the full board is in the scene. Failed at stage 1
sec6-res-util-lego-c4m2,,1821,,lego,,3,,388,,410,,30,,1.0,,Cannot locate board border, maybe not the full board is in the scene. Failed at stage 1
sec6-res-util-lego-c4m2,,1822,,lego,,3,,390,,414,,33,,1.0,,Cannot locate board border, maybe not the full board is in the scene. Failed at stage 1
sec6-res-util-lego-c4m2,,1824,,lego,,3,,388,,422,,41,,1.0,,Cannot locate board border, maybe not the full board is in the scene. Failed at stage 1
sec6-res-util-lego-c4m2,,1826,,lego,,3,,389,,421,,42,,1.0,,Cannot locate board border, maybe not the full board is in the scene. Failed at stage 1
sec6-res-util-lego-c4m2,,1827,,lego,,3,,391,,423,,43,,1.0,,Cannot locate board border, maybe not the full board is in the scene. Failed at stage 1
sec6-res-util-lego-c4m2,,1830,,lego,,3,,388,,420,,41,,1.0,,Cannot locate board border, maybe not the full board is in the scene. Failed at stage 1
sec6-res-util-lego-c4m2,,1832,,lego,,3,,388,,423,,43,,1.0,,Cannot locate board border, maybe not the full board is in the scene. Failed at stage 1
sec6-res-util-lego-c4m2,,1834,,lego,,3,,387,,411,,29,,1.0,,Cannot locate board border, maybe not the full board is in the scene. Failed at stage 1
sec6-res-util-lego-c4m2,,1835,,lego,,3,,388,,419,,37,,1.0,,Cannot locate board border, maybe not the full board is in the scene. Failed at stage 1
sec6-res-util-lego-c4m2,,1837,,lego,,3,,389,,412,,34,,1.0,,Cannot locate board border, maybe not the full board is in the scene. Failed at stage 1
sec6-res-util-lego-c4m2,,1839,,lego,,3,,389,,416,,35,,1.0,,Cannot locate board border, maybe not the full board is in the scene. Failed at stage 1
sec6-res-util-lego-c4m2,,1841,,lego,,3,,389,,434,,54,,1.0,,Cannot locate board border, maybe not the full board is in the scene. Failed at stage 1
sec6-res-util-lego-c4m2,,1844,,lego,,3,,388,,431,,50,,1.0,,Cannot locate board border, maybe not the full board is in the scene. Failed at stage 1
sec6-res-util-lego-c4m2,,1846,,lego,,3,,390,,450,,70,,1.0,,Cannot locate board border, maybe not the full board is in the scene. Failed at stage 1
sec6-res-util-lego-c4m2,,1849,,lego,,3,,389,,438,,58,,1.0,,Cannot locate board border, maybe not the full board is in the scene. Failed at stage 1
sec6-res-util-lego-c4m2,,1852,,lego,,3,,390,,452,,73,,1.0,,Cannot locate board border, maybe not the full board is in the scene. Failed at stage 1
sec6-res-util-lego-c4m2,,1855,,lego,,3,,390,,434,,54,,1.0,,Cannot locate board border, maybe not the full board is in the scene. Failed at stage 1
sec6-res-util-lego-c4m2,,1858,,lego,,3,,389,,451,,75,,1.0,,Cannot locate board border, maybe not the full board is in the scene. Failed at stage 1
sec6-res-util-lego-c4m2,,1861,,lego,,3,,392,,458,,79,,1.0,,Cannot locate board border, maybe not the full board is in the scene. Failed at stage 1
sec6-res-util-lego-c4m2,,1864,,lego,,3,,392,,455,,75,,1.0,,Cannot locate board border, maybe not the full board is in the scene. Failed at stage 1
sec6-res-util-lego-c4m2,,1867,,lego,,3,,390,,452,,72,,1.0,,Cannot locate board border, maybe not the full board is in the scene. Failed at stage 1
sec6-res-util-lego-c4m2,,1870,,lego,,3,,391,,454,,74,,1.0,,Cannot locate board border, maybe not the full board is in the scene. Failed at stage 1
sec6-res-util-lego-c4m2,,1873,,lego,,3,,390,,866,,496,,1.0,,[[0 0 1 1]
 [0 2 1 6]
 [2 2 2 2]]
sec6-res-util-lego-c4m2,,1889,,lego,,3,,389,,450,,70,,1.0,,Cannot locate board border, maybe not the full board is in the scene. Failed at stage 1
sec6-res-util-lego-c4m2,,1892,,lego,,3,,390,,452,,71,,1.0,,Cannot locate board border, maybe not the full board is in the scene. Failed at stage 1
sec6-res-util-lego-c4m2,,1895,,lego,,3,,389,,449,,70,,1.0,,Cannot locate board border, maybe not the full board is in the scene. Failed at stage 1
sec6-res-util-lego-c4m2,,1898,,lego,,3,,389,,853,,584,,1.0,,[[0 0 1 1]
 [0 2 1 6]
 [2 2 2 2]]
sec6-res-util-lego-c4m2,,1917,,lego,,3,,390,,855,,581,,1.0,,Not confident about reconstruction, maybe too much noise
sec6-res-util-lego-c4m2,,1935,,lego,,3,,390,,853,,582,,1.0,,[[0 0 1 1]
 [0 2 1 6]
 [2 2 2 2]]
sec6-res-util-lego-c4m2,,1954,,lego,,3,,390,,830,,482,,1.0,,Not confident about reconstruction, maybe too much noise
sec6-res-util-lego-c4m2,,1969,,lego,,3,,390,,834,,481,,1.0,,Not confident about reconstruction, maybe too much noise
sec6-res-util-lego-c4m2,,1984,,lego,,3,,390,,857,,571,,1.0,,Not confident about reconstruction, maybe too much noise
sec6-res-util-lego-c4m2,,2003,,lego,,3,,390,,841,,572,,1.0,,Not confident about reconstruction, maybe too much noise
sec6-res-util-lego-c4m2,,2021,,lego,,3,,390,,483,,103,,1.0,,Cannot locate exact four board corners, probably because of occlusion
sec6-res-util-lego-c4m2,,2025,,lego,,3,,390,,437,,56,,1.0,,Cannot locate board border, maybe not the full board is in the scene. Failed at stage 1
sec6-res-util-lego-c4m2,,2028,,lego,,3,,388,,433,,60,,1.0,,Cannot locate board border, maybe not the full board is in the scene. Failed at stage 1
sec6-res-util-lego-c4m2,,2031,,lego,,3,,392,,422,,58,,1.0,,Cannot locate board border, maybe not the full board is in the scene. Failed at stage 1
sec6-res-util-lego-c4m2,,2033,,lego,,3,,390,,426,,45,,1.0,,Cannot locate board border, maybe not the full board is in the scene. Failed at stage 1
sec6-res-util-lego-c4m2,,2036,,lego,,3,,388,,422,,40,,1.0,,Cannot locate board border, maybe not the full board is in the scene. Failed at stage 1
sec6-res-util-lego-c4m2,,2038,,lego,,3,,390,,425,,45,,1.0,,Cannot locate board border, maybe not the full board is in the scene. Failed at stage 1
sec6-res-util-lego-c4m2,,2040,,lego,,3,,389,,429,,48,,1.0,,Cannot locate board border, maybe not the full board is in the scene. Failed at stage 1
sec6-res-util-lego-c4m2,,2042,,lego,,3,,389,,431,,53,,1.0,,Cannot locate board border, maybe not the full board is in the scene. Failed at stage 1
sec6-res-util-lego-c4m2,,2045,,lego,,3,,390,,434,,54,,1.0,,Cannot locate board border, maybe not the full board is in the scene. Failed at stage 1
sec6-res-util-lego-c4m2,,2047,,lego,,3,,389,,426,,45,,1.0,,Cannot locate board border, maybe not the full board is in the scene. Failed at stage 1
sec6-res-util-lego-c4m2,,2050,,lego,,3,,390,,424,,44,,1.0,,Cannot locate board border, maybe not the full board is in the scene. Failed at stage 1
sec6-res-util-lego-c4m2,,2052,,lego,,3,,389,,424,,44,,1.0,,Cannot locate board border, maybe not the full board is in the scene. Failed at stage 1
sec6-res-util-lego-c4m2,,2054,,lego,,3,,388,,421,,40,,1.0,,Cannot locate board border, maybe not the full board is in the scene. Failed at stage 1
sec6-res-util-lego-c4m2,,2056,,lego,,3,,389,,430,,50,,1.0,,Cannot locate board border, maybe not the full board is in the scene. Failed at stage 1
sec6-res-util-lego-c4m2,,2058,,lego,,3,,389,,419,,39,,1.0,,Cannot locate board border, maybe not the full board is in the scene. Failed at stage 1
sec6-res-util-lego-c4m2,,2063,,lego,,3,,389,,417,,36,,1.0,,Cannot locate board border, maybe not the full board is in the scene. Failed at stage 1
sec6-res-util-lego-c4m2,,2083,,lego,,3,,398,,441,,61,,1.0,,Cannot locate board border, maybe not the full board is in the scene. Failed at stage 1
sec6-res-util-lego-c4m2,,2085,,lego,,3,,390,,435,,55,,1.0,,Cannot locate board border, maybe not the full board is in the scene. Failed at stage 1
sec6-res-util-lego-c4m2,,2088,,lego,,3,,390,,425,,45,,1.0,,Cannot locate board border, maybe not the full board is in the scene. Failed at stage 1
sec6-res-util-lego-c4m2,,2090,,lego,,3,,389,,415,,35,,1.0,,Cannot locate board border, maybe not the full board is in the scene. Failed at stage 1
sec6-res-util-lego-c4m2,,2092,,lego,,3,,389,,430,,50,,1.0,,Cannot locate board border, maybe not the full board is in the scene. Failed at stage 1
sec6-res-util-lego-c4m2,,2095,,lego,,3,,389,,430,,52,,1.0,,Cannot locate board border, maybe not the full board is in the scene. Failed at stage 1
sec6-res-util-lego-c4m2,,2097,,lego,,3,,390,,424,,44,,1.0,,Cannot locate board border, maybe not the full board is in the scene. Failed at stage 1
sec6-res-util-lego-c4m2,,2099,,lego,,3,,389,,431,,51,,1.0,,Cannot locate board border, maybe not the full board is in the scene. Failed at stage 1
sec6-res-util-lego-c4m2,,2102,,lego,,3,,390,,433,,52,,1.0,,Cannot locate board border, maybe not the full board is in the scene. Failed at stage 1
sec6-res-util-lego-c4m2,,2104,,lego,,3,,389,,432,,51,,1.0,,Cannot locate board border, maybe not the full board is in the scene. Failed at stage 1
sec6-res-util-lego-c4m2,,2107,,lego,,3,,393,,421,,41,,1.0,,Cannot locate board border, maybe not the full board is in the scene. Failed at stage 1
sec6-res-util-lego-c4m2,,2109,,lego,,3,,392,,432,,52,,1.0,,Cannot locate board border, maybe not the full board is in the scene. Failed at stage 1
sec6-res-util-lego-c4m2,,2111,,lego,,3,,390,,418,,39,,1.0,,Cannot locate board border, maybe not the full board is in the scene. Failed at stage 1
sec6-res-util-lego-c4m2,,2144,,lego,,3,,398,,436,,56,,1.0,,Cannot locate board border, maybe not the full board is in the scene. Failed at stage 1
sec6-res-util-lego-c4m2,,2146,,lego,,3,,389,,415,,33,,1.0,,Cannot locate board border, maybe not the full board is in the scene. Failed at stage 1
sec6-res-util-lego-c4m2,,2148,,lego,,3,,390,,426,,45,,1.0,,Cannot locate board border, maybe not the full board is in the scene. Failed at stage 1
sec6-res-util-lego-c4m2,,2158,,lego,,3,,398,,435,,54,,1.0,,Cannot locate board border, maybe not the full board is in the scene. Failed at stage 1
sec6-res-util-lego-c4m2,,2160,,lego,,3,,391,,426,,45,,1.0,,Cannot locate board border, maybe not the full board is in the scene. Failed at stage 1
sec6-res-util-lego-c4m2,,2162,,lego,,3,,390,,420,,38,,1.0,,Cannot locate board border, maybe not the full board is in the scene. Failed at stage 1
sec6-res-util-lego-c4m2,,2164,,lego,,3,,390,,417,,35,,1.0,,Cannot locate board border, maybe not the full board is in the scene. Failed at stage 1
sec6-res-util-lego-c4m2,,2166,,lego,,3,,390,,415,,33,,1.0,,Cannot locate board border, maybe not the full board is in the scene. Failed at stage 1
sec6-res-util-lego-c4m2,,2168,,lego,,3,,388,,415,,33,,1.0,,Cannot locate board border, maybe not the full board is in the scene. Failed at stage 1
sec6-res-util-lego-c4m2,,2170,,lego,,3,,389,,415,,33,,1.0,,Cannot locate board border, maybe not the full board is in the scene. Failed at stage 1
sec6-res-util-lego-c4m2,,2244,,lego,,3,,398,,428,,48,,1.0,,Cannot locate board border, maybe not the full board is in the scene. Failed at stage 1
sec6-res-util-lego-c4m2,,2247,,lego,,3,,389,,414,,34,,1.0,,Cannot locate board border, maybe not the full board is in the scene. Failed at stage 1
sec6-res-util-lego-c4m2,,2248,,lego,,3,,389,,410,,29,,1.0,,Cannot locate board border, maybe not the full board is in the scene. Failed at stage 1
sec6-res-util-lego-c4m2,,2250,,lego,,3,,389,,415,,34,,1.0,,Cannot locate board border, maybe not the full board is in the scene. Failed at stage 1
sec6-res-util-lego-c4m2,,2252,,lego,,3,,388,,410,,28,,1.0,,Cannot locate board border, maybe not the full board is in the scene. Failed at stage 1
sec6-res-util-lego-c4m2,,2254,,lego,,3,,389,,420,,39,,1.0,,Cannot locate board border, maybe not the full board is in the scene. Failed at stage 1
sec6-res-util-lego-c4m2,,2255,,lego,,3,,392,,430,,49,,1.0,,Cannot locate board border, maybe not the full board is in the scene. Failed at stage 1
sec6-res-util-lego-c4m2,,2258,,lego,,3,,392,,427,,47,,1.0,,Cannot locate board border, maybe not the full board is in the scene. Failed at stage 1
sec6-res-util-lego-c4m2,,2260,,lego,,3,,391,,421,,41,,1.0,,Cannot locate board border, maybe not the full board is in the scene. Failed at stage 1
sec6-res-util-lego-c4m2,,2262,,lego,,3,,391,,431,,51,,1.0,,Cannot locate board border, maybe not the full board is in the scene. Failed at stage 1
sec6-res-util-lego-c4m2,,2264,,lego,,3,,391,,435,,54,,1.0,,Cannot locate board border, maybe not the full board is in the scene. Failed at stage 1
sec6-res-util-lego-c4m2,,2267,,lego,,3,,392,,435,,55,,1.0,,Cannot locate board border, maybe not the full board is in the scene. Failed at stage 1
sec6-res-util-lego-c4m2,,2270,,lego,,3,,391,,442,,62,,1.0,,Cannot locate board border, maybe not the full board is in the scene. Failed at stage 1
sec6-res-util-lego-c4m2,,2272,,lego,,3,,391,,445,,65,,1.0,,Cannot locate board border, maybe not the full board is in the scene. Failed at stage 1
sec6-res-util-lego-c4m2,,2275,,lego,,3,,391,,449,,69,,1.0,,Cannot locate board border, maybe not the full board is in the scene. Failed at stage 1
sec6-res-util-lego-c4m2,,2278,,lego,,3,,392,,450,,70,,1.0,,Cannot locate board border, maybe not the full board is in the scene. Failed at stage 1
sec6-res-util-lego-c4m2,,2281,,lego,,3,,391,,449,,69,,1.0,,Cannot locate board border, maybe not the full board is in the scene. Failed at stage 1
sec6-res-util-lego-c4m2,,2284,,lego,,3,,391,,445,,65,,1.0,,Cannot locate board border, maybe not the full board is in the scene. Failed at stage 1
sec6-res-util-lego-c4m2,,2287,,lego,,3,,392,,446,,66,,1.0,,Cannot locate board border, maybe not the full board is in the scene. Failed at stage 1
sec6-res-util-lego-c4m2,,2290,,lego,,3,,391,,445,,65,,1.0,,Cannot locate board border, maybe not the full board is in the scene. Failed at stage 1
sec6-res-util-lego-c4m2,,2293,,lego,,3,,392,,447,,68,,1.0,,Cannot locate board border, maybe not the full board is in the scene. Failed at stage 1
sec6-res-util-lego-c4m2,,2295,,lego,,3,,394,,451,,148,,1.0,,Cannot locate board border, maybe not the full board is in the scene. Failed at stage 1
sec6-res-util-lego-c4m2,,2301,,lego,,3,,396,,460,,80,,1.0,,Cannot locate board border, maybe not the full board is in the scene. Failed at stage 1
sec6-res-util-lego-c4m2,,2304,,lego,,3,,392,,454,,74,,1.0,,Cannot locate board border, maybe not the full board is in the scene. Failed at stage 1
sec6-res-util-lego-c4m2,,2307,,lego,,3,,392,,451,,71,,1.0,,Cannot locate board border, maybe not the full board is in the scene. Failed at stage 1
sec6-res-util-lego-c4m2,,2310,,lego,,3,,391,,453,,74,,1.0,,Cannot locate board border, maybe not the full board is in the scene. Failed at stage 1
sec6-res-util-lego-c4m2,,2314,,lego,,3,,394,,458,,77,,1.0,,Cannot locate board border, maybe not the full board is in the scene. Failed at stage 1
sec6-res-util-lego-c4m2,,2317,,lego,,3,,391,,454,,76,,1.0,,Cannot locate board border, maybe not the full board is in the scene. Failed at stage 1
sec6-res-util-lego-c4m2,,2320,,lego,,3,,392,,862,,559,,1.0,,Not confident about reconstruction, maybe too much noise
sec6-res-util-lego-c4m2,,2338,,lego,,3,,391,,454,,75,,1.0,,Cannot locate board border, maybe not the full board is in the scene. Failed at stage 1
sec6-res-util-lego-c4m2,,2341,,lego,,3,,391,,841,,480,,1.0,,Not confident about reconstruction, maybe too much noise
sec6-res-util-lego-c4m2,,2356,,lego,,3,,391,,882,,586,,1.0,,[[0 2 1 1]
 [0 2 1 6]
 [2 2 2 2]]
sec6-res-util-lego-c4m2,,2375,,lego,,3,,392,,869,,571,,1.0,,[[0 2 1 1]
 [0 2 1 6]
 [2 2 2 2]]
sec6-res-util-lego-c4m2,,2393,,lego,,3,,391,,827,,465,,1.0,,[[0 2 1 1]
 [0 2 1 6]
 [2 2 2 2]]
sec6-res-util-lego-c4m2,,2408,,lego,,3,,393,,860,,578,,1.0,,[[0 2 1 1]
 [0 2 1 6]
 [2 2 2 2]]
sec6-res-util-lego-c4m2,,2427,,lego,,3,,391,,854,,584,,1.0,,[[0 2 1 1]
 [0 2 1 6]
 [2 2 2 2]]!!State Change!!
sec6-res-util-lego-c4m2,,2460,,lego,,3,,397,,441,,61,,1.0,,Cannot locate board border, maybe not the full board is in the scene. Failed at stage 1
sec6-res-util-lego-c4m2,,2493,,lego,,3,,395,,440,,60,,1.0,,Cannot locate board border, maybe not the full board is in the scene. Failed at stage 1
sec6-res-util-lego-c4m2,,2525,,lego,,3,,398,,441,,61,,1.0,,Cannot locate board border, maybe not the full board is in the scene. Failed at stage 1
sec6-res-util-lego-c4m2,,2555,,lego,,3,,398,,450,,70,,1.0,,Cannot locate board border, maybe not the full board is in the scene. Failed at stage 1
sec6-res-util-lego-c4m2,,2582,,lego,,3,,400,,439,,59,,1.0,,Cannot locate board border, maybe not the full board is in the scene. Failed at stage 1
sec6-res-util-lego-c4m2,,2604,,lego,,3,,400,,432,,52,,1.0,,Cannot locate board border, maybe not the full board is in the scene. Failed at stage 1
sec6-res-util-lego-c4m2,,2623,,lego,,3,,397,,430,,50,,1.0,,Cannot locate board border, maybe not the full board is in the scene. Failed at stage 1
sec6-res-util-lego-c4m2,,2639,,lego,,3,,398,,432,,52,,1.0,,Cannot locate board border, maybe not the full board is in the scene. Failed at stage 1
sec6-res-util-lego-c4m2,,2652,,lego,,3,,400,,440,,60,,1.0,,Cannot locate board border, maybe not the full board is in the scene. Failed at stage 1
sec6-res-util-lego-c4m2,,2664,,lego,,3,,398,,437,,57,,1.0,,Cannot locate board border, maybe not the full board is in the scene. Failed at stage 1
sec6-res-util-lego-c4m2,,2674,,lego,,3,,398,,458,,78,,1.0,,Cannot locate board border, maybe not the full board is in the scene. Failed at stage 1
sec6-res-util-lego-c4m2,,2683,,lego,,3,,396,,822,,441,,1.0,,Not confident about reconstruction, maybe too much noise
sec6-res-util-lego-c4m2,,2697,,lego,,3,,392,,828,,493,,1.0,,Not confident about reconstruction, maybe too much noise
sec6-res-util-lego-c4m2,,2713,,lego,,3,,392,,855,,581,,1.0,,Not confident about reconstruction, maybe too much noise
sec6-res-util-lego-c4m2,,2731,,lego,,3,,392,,847,,575,,1.0,,Not confident about reconstruction, maybe too much noise
sec6-res-util-lego-c4m2,,2749,,lego,,3,,392,,845,,484,,1.0,,Not confident about reconstruction, maybe too much noise
sec6-res-util-lego-c4m2,,2765,,lego,,3,,390,,837,,471,,1.0,,Not confident about reconstruction, maybe too much noise
sec6-res-util-lego-c4m2,,2780,,lego,,3,,390,,875,,589,,1.0,,Not confident about reconstruction, maybe too much noise
sec6-res-util-lego-c4m2,,2798,,lego,,3,,391,,873,,574,,1.0,,Not confident about reconstruction, maybe too much noise
sec6-res-util-lego-c4m2,,2817,,lego,,3,,391,,840,,483,,1.0,,Not confident about reconstruction, maybe too much noise
sec6-res-util-lego-c4m2,,2832,,lego,,3,,392,,862,,587,,1.0,,Not confident about reconstruction, maybe too much noise
sec6-res-util-lego-c4m2,,2851,,lego,,3,,392,,865,,570,,1.0,,Not confident about reconstruction, maybe too much noise
sec6-res-util-lego-c4m2,,10,,lego,,3,,393,,492,,111,,1.0,,Cannot find a large enough foreground near the center of board
sec6-res-util-lego-c4m2,,14,,lego,,3,,391,,489,,109,,1.0,,Cannot find a large enough foreground near the center of board
sec6-res-util-lego-c4m2,,19,,lego,,3,,392,,464,,84,,1.0,,Cannot find a large enough foreground near the center of board
sec6-res-util-lego-c4m2,,22,,lego,,3,,392,,487,,106,,1.0,,Cannot find a large enough foreground near the center of board
sec6-res-util-lego-c4m2,,26,,lego,,3,,391,,462,,158,,1.0,,Cannot find a large enough foreground near the center of board
sec6-res-util-lego-c4m2,,32,,lego,,3,,388,,465,,85,,1.0,,Cannot find a large enough foreground near the center of board
sec6-res-util-lego-c4m2,,35,,lego,,3,,391,,488,,107,,1.0,,Cannot find a large enough foreground near the center of board
sec6-res-util-lego-c4m2,,39,,lego,,3,,399,,495,,114,,1.0,,Cannot find a large enough foreground near the center of board
sec6-res-util-lego-c4m2,,44,,lego,,3,,389,,458,,77,,1.0,,Cannot find a large enough foreground near the center of board
sec6-res-util-lego-c4m2,,47,,lego,,3,,393,,466,,86,,1.0,,Cannot find a large enough foreground near the center of board
sec6-res-util-lego-c4m2,,50,,lego,,3,,391,,491,,110,,1.0,,Cannot find a large enough foreground near the center of board
sec6-res-util-lego-c4m2,,54,,lego,,3,,391,,468,,88,,1.0,,Cannot find a large enough foreground near the center of board
sec6-res-util-lego-c4m2,,58,,lego,,3,,393,,464,,87,,1.0,,Cannot find a large enough foreground near the center of board
sec6-res-util-lego-c4m2,,61,,lego,,3,,391,,488,,202,,1.0,,Cannot find a large enough foreground near the center of board
sec6-res-util-lego-c4m2,,68,,lego,,3,,392,,491,,111,,1.0,,Cannot find a large enough foreground near the center of board
sec6-res-util-lego-c4m2,,73,,lego,,3,,391,,488,,108,,1.0,,Cannot find a large enough foreground near the center of board
sec6-res-util-lego-c4m2,,77,,lego,,3,,392,,491,,111,,1.0,,Cannot find a large enough foreground near the center of board
sec6-res-util-lego-c4m2,,81,,lego,,3,,391,,493,,112,,1.0,,Cannot find a large enough foreground near the center of board
sec6-res-util-lego-c4m2,,85,,lego,,3,,390,,489,,119,,1.0,,Cannot find a large enough foreground near the center of board
sec6-res-util-lego-c4m2,,90,,lego,,3,,391,,463,,83,,1.0,,Cannot find a large enough foreground near the center of board
sec6-res-util-lego-c4m2,,93,,lego,,3,,392,,486,,105,,1.0,,Cannot find a large enough foreground near the center of board
sec6-res-util-lego-c4m2,,97,,lego,,3,,392,,468,,88,,1.0,,Cannot find a large enough foreground near the center of board
sec6-res-util-lego-c4m2,,101,,lego,,3,,392,,490,,109,,1.0,,Cannot find a large enough foreground near the center of board
sec6-res-util-lego-c4m2,,105,,lego,,3,,390,,466,,85,,1.0,,Cannot find a large enough foreground near the center of board
sec6-res-util-lego-c4m2,,109,,lego,,3,,391,,472,,92,,1.0,,Cannot find a large enough foreground near the center of board
sec6-res-util-lego-c4m2,,112,,lego,,3,,392,,482,,101,,1.0,,Cannot find a large enough foreground near the center of board
sec6-res-util-lego-c4m2,,116,,lego,,3,,391,,484,,104,,1.0,,Cannot find a large enough foreground near the center of board
sec6-res-util-lego-c4m2,,120,,lego,,3,,396,,495,,115,,1.0,,Cannot find a large enough foreground near the center of board
sec6-res-util-lego-c4m2,,125,,lego,,3,,392,,466,,85,,1.0,,Cannot find a large enough foreground near the center of board
sec6-res-util-lego-c4m2,,128,,lego,,3,,392,,493,,113,,1.0,,Cannot find a large enough foreground near the center of board
sec6-res-util-lego-c4m2,,132,,lego,,3,,391,,491,,111,,1.0,,Cannot find a large enough foreground near the center of board
sec6-res-util-lego-c4m2,,137,,lego,,3,,392,,490,,110,,1.0,,Cannot find a large enough foreground near the center of board
sec6-res-util-lego-c4m2,,141,,lego,,3,,392,,476,,96,,1.0,,Cannot find a large enough foreground near the center of board
sec6-res-util-lego-c4m2,,144,,lego,,3,,392,,473,,201,,1.0,,Cannot find a large enough foreground near the center of board
sec6-res-util-lego-c4m2,,151,,lego,,3,,394,,492,,111,,1.0,,Cannot locate exact four board corners, probably because of occlusion
sec6-res-util-lego-c4m2,,156,,lego,,3,,392,,486,,105,,1.0,,Cannot find a large enough foreground near the center of board
sec6-res-util-lego-c4m2,,160,,lego,,3,,392,,491,,111,,1.0,,Cannot find a large enough foreground near the center of board
sec6-res-util-lego-c4m2,,164,,lego,,3,,391,,464,,83,,1.0,,Cannot find a large enough foreground near the center of board
sec6-res-util-lego-c4m2,,167,,lego,,3,,391,,487,,106,,1.0,,Cannot find a large enough foreground near the center of board
sec6-res-util-lego-c4m2,,171,,lego,,3,,391,,490,,122,,1.0,,Cannot find a large enough foreground near the center of board
sec6-res-util-lego-c4m2,,176,,lego,,3,,392,,491,,110,,1.0,,Cannot find a large enough foreground near the center of board
sec6-res-util-lego-c4m2,,180,,lego,,3,,394,,498,,117,,1.0,,Cannot find a large enough foreground near the center of board
sec6-res-util-lego-c4m2,,185,,lego,,3,,396,,470,,90,,1.0,,Cannot find a large enough foreground near the center of board
sec6-res-util-lego-c4m2,,188,,lego,,3,,392,,492,,112,,1.0,,Cannot find a large enough foreground near the center of board
sec6-res-util-lego-c4m2,,193,,lego,,3,,390,,488,,107,,1.0,,Cannot find a large enough foreground near the center of board
sec6-res-util-lego-c4m2,,197,,lego,,3,,391,,465,,85,,1.0,,Cannot find a large enough foreground near the center of board
sec6-res-util-lego-c4m2,,229,,lego,,3,,390,,490,,108,,1.0,,Cannot find a large enough foreground near the center of board
sec6-res-util-lego-c4m2,,232,,lego,,3,,391,,475,,95,,1.0,,Cannot find a large enough foreground near the center of board
sec6-res-util-lego-c4m2,,236,,lego,,3,,391,,492,,112,,1.0,,Cannot find a large enough foreground near the center of board
sec6-res-util-lego-c4m2,,240,,lego,,3,,390,,478,,196,,1.0,,Cannot find a large enough foreground near the center of board
sec6-res-util-lego-c4m2,,247,,lego,,3,,390,,487,,106,,1.0,,Cannot find a large enough foreground near the center of board
sec6-res-util-lego-c4m2,,251,,lego,,3,,391,,487,,107,,1.0,,Cannot find a large enough foreground near the center of board
sec6-res-util-lego-c4m2,,255,,lego,,3,,391,,489,,108,,1.0,,Cannot find a large enough foreground near the center of board
sec6-res-util-lego-c4m2,,259,,lego,,3,,391,,475,,95,,1.0,,Cannot find a large enough foreground near the center of board
sec6-res-util-lego-c4m2,,263,,lego,,3,,394,,491,,146,,1.0,,Cannot find a large enough foreground near the center of board
sec6-res-util-lego-c4m2,,268,,lego,,3,,391,,489,,109,,1.0,,Cannot find a large enough foreground near the center of board
sec6-res-util-lego-c4m2,,272,,lego,,3,,392,,491,,110,,1.0,,Cannot find a large enough foreground near the center of board
sec6-res-util-lego-c4m2,,277,,lego,,3,,391,,467,,87,,1.0,,Cannot find a large enough foreground near the center of board
sec6-res-util-lego-c4m2,,280,,lego,,3,,392,,462,,81,,1.0,,Cannot find a large enough foreground near the center of board
sec6-res-util-lego-c4m2,,283,,lego,,3,,389,,461,,80,,1.0,,Cannot find a large enough foreground near the center of board
sec6-res-util-lego-c4m2,,287,,lego,,3,,388,,462,,84,,1.0,,Cannot find a large enough foreground near the center of board
sec6-res-util-lego-c4m2,,290,,lego,,3,,391,,461,,82,,1.0,,Cannot find a large enough foreground near the center of board
sec6-res-util-lego-c4m2,,293,,lego,,3,,391,,430,,50,,1.0,,Cannot locate board border, maybe not the full board is in the scene. Failed at stage 1
sec6-res-util-lego-c4m2,,296,,lego,,3,,394,,446,,66,,1.0,,Cannot locate board border, maybe not the full board is in the scene. Failed at stage 1
sec6-res-util-lego-c4m2,,299,,lego,,3,,391,,432,,51,,1.0,,Cannot locate board border, maybe not the full board is in the scene. Failed at stage 1
sec6-res-util-lego-c4m2,,301,,lego,,3,,391,,425,,45,,1.0,,Cannot locate board border, maybe not the full board is in the scene. Failed at stage 1
sec6-res-util-lego-c4m2,,303,,lego,,3,,399,,448,,68,,1.0,,Cannot locate board border, maybe not the full board is in the scene. Failed at stage 1
sec6-res-util-lego-c4m2,,306,,lego,,3,,391,,423,,42,,1.0,,Cannot locate board border, maybe not the full board is in the scene. Failed at stage 1
sec6-res-util-lego-c4m2,,308,,lego,,3,,390,,439,,59,,1.0,,Cannot locate board border, maybe not the full board is in the scene. Failed at stage 1
sec6-res-util-lego-c4m2,,310,,lego,,3,,389,,429,,49,,1.0,,Cannot locate board border, maybe not the full board is in the scene. Failed at stage 1
sec6-res-util-lego-c4m2,,313,,lego,,3,,392,,429,,49,,1.0,,Cannot locate board border, maybe not the full board is in the scene. Failed at stage 1
sec6-res-util-lego-c4m2,,315,,lego,,3,,389,,429,,48,,1.0,,Cannot locate board border, maybe not the full board is in the scene. Failed at stage 1
sec6-res-util-lego-c4m2,,317,,lego,,3,,391,,853,,582,,1.0,,[[2 2 2 2]]
sec6-res-util-lego-c4m2,,336,,lego,,3,,391,,866,,585,,1.0,,[[2 2 2 2]]
sec6-res-util-lego-c4m2,,354,,lego,,3,,390,,857,,588,,1.0,,[[2 2 2 2]]
sec6-res-util-lego-c4m2,,373,,lego,,3,,392,,876,,572,,1.0,,[[2 2 2 2]]
sec6-res-util-lego-c4m2,,391,,lego,,3,,392,,825,,483,,1.0,,[[2 2 2 2]]!!State Change!!
sec6-res-util-lego-c4m2,,424,,lego,,3,,398,,847,,485,,1.0,,[[2 2 2 2]]
sec6-res-util-lego-c4m2,,457,,lego,,3,,397,,861,,526,,1.0,,[[2 2 2 2]]
sec6-res-util-lego-c4m2,,488,,lego,,3,,394,,875,,519,,1.0,,[[2 2 2 2]]
sec6-res-util-lego-c4m2,,517,,lego,,3,,400,,461,,81,,1.0,,Cannot locate board border, maybe not the full board is in the scene. Failed at stage 1
sec6-res-util-lego-c4m2,,543,,lego,,3,,399,,447,,67,,1.0,,Cannot locate board border, maybe not the full board is in the scene. Failed at stage 1
sec6-res-util-lego-c4m2,,566,,lego,,3,,398,,446,,65,,1.0,,Cannot locate board border, maybe not the full board is in the scene. Failed at stage 1
sec6-res-util-lego-c4m2,,626,,lego,,3,,398,,435,,55,,1.0,,Cannot locate board border, maybe not the full board is in the scene. Failed at stage 1
sec6-res-util-lego-c4m2,,636,,lego,,3,,397,,433,,53,,1.0,,Cannot locate board border, maybe not the full board is in the scene. Failed at stage 1
sec6-res-util-lego-c4m2,,645,,lego,,3,,398,,433,,53,,1.0,,Cannot locate board border, maybe not the full board is in the scene. Failed at stage 1
sec6-res-util-lego-c4m2,,652,,lego,,3,,399,,433,,53,,1.0,,Cannot locate board border, maybe not the full board is in the scene. Failed at stage 1
sec6-res-util-lego-c4m2,,660,,lego,,3,,391,,425,,45,,1.0,,Cannot locate board border, maybe not the full board is in the scene. Failed at stage 1
sec6-res-util-lego-c4m2,,666,,lego,,3,,396,,442,,62,,1.0,,Cannot locate board border, maybe not the full board is in the scene. Failed at stage 1
sec6-res-util-lego-c4m2,,672,,lego,,3,,390,,440,,59,,1.0,,Cannot locate board border, maybe not the full board is in the scene. Failed at stage 1
sec6-res-util-lego-c4m2,,678,,lego,,3,,392,,443,,63,,1.0,,Cannot locate board border, maybe not the full board is in the scene. Failed at stage 1
sec6-res-util-lego-c4m2,,683,,lego,,3,,391,,440,,60,,1.0,,Cannot locate board border, maybe not the full board is in the scene. Failed at stage 1
sec6-res-util-lego-c4m2,,688,,lego,,3,,390,,450,,71,,1.0,,Cannot locate board border, maybe not the full board is in the scene. Failed at stage 1
sec6-res-util-lego-c4m2,,693,,lego,,3,,389,,452,,72,,1.0,,Cannot locate board border, maybe not the full board is in the scene. Failed at stage 1
sec6-res-util-lego-c4m2,,697,,lego,,3,,389,,455,,74,,1.0,,Cannot locate board border, maybe not the full board is in the scene. Failed at stage 1
sec6-res-util-lego-c4m2,,701,,lego,,3,,389,,439,,58,,1.0,,Cannot locate board border, maybe not the full board is in the scene. Failed at stage 1
sec6-res-util-lego-c4m2,,705,,lego,,3,,392,,884,,549,,1.0,,[[0 0 1 0]
 [2 2 2 2]]
sec6-res-util-lego-c4m2,,723,,lego,,3,,393,,846,,480,,1.0,,[[0 0 1 0]
 [2 2 2 2]]
sec6-res-util-lego-c4m2,,738,,lego,,3,,391,,885,,585,,1.0,,[[0 0 1 0]
 [2 2 2 2]]
sec6-res-util-lego-c4m2,,757,,lego,,3,,392,,869,,584,,1.0,,[[0 0 1 0]
 [2 2 2 2]]
sec6-res-util-lego-c4m2,,775,,lego,,3,,392,,848,,481,,1.0,,[[0 0 1 0]
 [2 2 2 2]]!!State Change!!
sec6-res-util-lego-c4m2,,808,,lego,,3,,396,,858,,498,,1.0,,[[0 0 1 0]
 [2 2 2 2]]
sec6-res-util-lego-c4m2,,841,,lego,,3,,397,,854,,533,,1.0,,[[0 0 1 0]
 [2 2 2 2]]
sec6-res-util-lego-c4m2,,872,,lego,,3,,402,,835,,510,,1.0,,[[0 0 1 0]
 [2 2 2 2]]
sec6-res-util-lego-c4m2,,901,,lego,,3,,399,,879,,578,,1.0,,[[0 0 1 0]
 [2 2 2 2]]
sec6-res-util-lego-c4m2,,1001,,lego,,3,,399,,442,,62,,1.0,,Cannot locate board border, maybe not the full board is in the scene. Failed at stage 1
sec6-res-util-lego-c4m2,,1010,,lego,,3,,400,,437,,56,,1.0,,Cannot locate board border, maybe not the full board is in the scene. Failed at stage 1
sec6-res-util-lego-c4m2,,1017,,lego,,3,,392,,424,,43,,1.0,,Cannot locate board border, maybe not the full board is in the scene. Failed at stage 1
sec6-res-util-lego-c4m2,,1025,,lego,,3,,392,,423,,42,,1.0,,Cannot locate board border, maybe not the full board is in the scene. Failed at stage 1
sec6-res-util-lego-c4m2,,1031,,lego,,3,,392,,414,,33,,1.0,,Cannot locate board border, maybe not the full board is in the scene. Failed at stage 1
sec6-res-util-lego-c4m2,,1037,,lego,,3,,395,,423,,43,,1.0,,Cannot locate board border, maybe not the full board is in the scene. Failed at stage 1
sec6-res-util-lego-c4m2,,1043,,lego,,3,,392,,427,,46,,1.0,,Cannot locate board border, maybe not the full board is in the scene. Failed at stage 1
sec6-res-util-lego-c4m2,,1048,,lego,,3,,391,,426,,46,,1.0,,Cannot locate board border, maybe not the full board is in the scene. Failed at stage 1
sec6-res-util-lego-c4m2,,1053,,lego,,3,,391,,424,,43,,1.0,,Cannot locate board border, maybe not the full board is in the scene. Failed at stage 1
sec6-res-util-lego-c4m2,,1058,,lego,,3,,391,,414,,33,,1.0,,Cannot locate board border, maybe not the full board is in the scene. Failed at stage 1
sec6-res-util-lego-c4m2,,1063,,lego,,3,,391,,426,,46,,1.0,,Cannot locate board border, maybe not the full board is in the scene. Failed at stage 1
sec6-res-util-lego-c4m2,,1067,,lego,,3,,388,,409,,27,,1.0,,Cannot locate board border, maybe not the full board is in the scene. Failed at stage 1
sec6-res-util-lego-c4m2,,1071,,lego,,3,,389,,435,,54,,1.0,,Cannot locate board border, maybe not the full board is in the scene. Failed at stage 1
sec6-res-util-lego-c4m2,,1075,,lego,,3,,392,,421,,42,,1.0,,Cannot locate board border, maybe not the full board is in the scene. Failed at stage 1
sec6-res-util-lego-c4m2,,1078,,lego,,3,,392,,431,,50,,1.0,,Cannot locate board border, maybe not the full board is in the scene. Failed at stage 1
sec6-res-util-lego-c4m2,,1082,,lego,,3,,392,,440,,59,,1.0,,Cannot locate board border, maybe not the full board is in the scene. Failed at stage 1
sec6-res-util-lego-c4m2,,1085,,lego,,3,,391,,424,,44,,1.0,,Cannot locate board border, maybe not the full board is in the scene. Failed at stage 1
sec6-res-util-lego-c4m2,,1088,,lego,,3,,391,,425,,44,,1.0,,Cannot locate board border, maybe not the full board is in the scene. Failed at stage 1
sec6-res-util-lego-c4m2,,1090,,lego,,3,,392,,424,,44,,1.0,,Cannot locate board border, maybe not the full board is in the scene. Failed at stage 1
sec6-res-util-lego-c4m2,,1092,,lego,,3,,390,,420,,39,,1.0,,Cannot locate board border, maybe not the full board is in the scene. Failed at stage 1
sec6-res-util-lego-c4m2,,1095,,lego,,3,,390,,423,,42,,1.0,,Cannot locate board border, maybe not the full board is in the scene. Failed at stage 1
sec6-res-util-lego-c4m2,,1097,,lego,,3,,391,,423,,42,,1.0,,Cannot locate board border, maybe not the full board is in the scene. Failed at stage 1
sec6-res-util-lego-c4m2,,1099,,lego,,3,,393,,425,,45,,1.0,,Cannot locate board border, maybe not the full board is in the scene. Failed at stage 1
sec6-res-util-lego-c4m2,,1102,,lego,,3,,391,,427,,46,,1.0,,Cannot locate board border, maybe not the full board is in the scene. Failed at stage 1
sec6-res-util-lego-c4m2,,1104,,lego,,3,,392,,434,,54,,1.0,,Cannot locate board border, maybe not the full board is in the scene. Failed at stage 1
sec6-res-util-lego-c4m2,,1106,,lego,,3,,391,,431,,50,,1.0,,Cannot locate board border, maybe not the full board is in the scene. Failed at stage 1
sec6-res-util-lego-c4m2,,1109,,lego,,3,,392,,433,,53,,1.0,,Cannot locate board border, maybe not the full board is in the scene. Failed at stage 1
sec6-res-util-lego-c4m2,,1111,,lego,,3,,393,,871,,530,,1.0,,[[0 0 1 6]
 [2 2 2 2]]
sec6-res-util-lego-c4m2,,1128,,lego,,3,,392,,862,,579,,1.0,,Not confident about reconstruction, maybe too much noise
sec6-res-util-lego-c4m2,,1146,,lego,,3,,393,,826,,481,,1.0,,[[0 0 1 6]
 [2 2 2 2]]
sec6-res-util-lego-c4m2,,1162,,lego,,3,,393,,875,,583,,1.0,,[[0 0 1 6]
 [2 2 2 2]]
sec6-res-util-lego-c4m2,,1180,,lego,,3,,392,,867,,559,,1.0,,[[0 0 1 6]
 [2 2 2 2]]
sec6-res-util-lego-c4m2,,1198,,lego,,3,,392,,857,,571,,1.0,,[[0 0 1 6]
 [2 2 2 2]]!!State Change!!
sec6-res-util-lego-c4m2,,1232,,lego,,3,,395,,886,,573,,1.0,,[[0 0 1 6]
 [2 2 2 2]]
sec6-res-util-lego-c4m2,,1265,,lego,,3,,398,,439,,58,,1.0,,Cannot locate board border, maybe not the full board is in the scene. Failed at stage 1
sec6-res-util-lego-c4m2,,1297,,lego,,3,,398,,426,,46,,1.0,,Cannot locate board border, maybe not the full board is in the scene. Failed at stage 1
sec6-res-util-lego-c4m2,,1354,,lego,,3,,398,,440,,60,,1.0,,Cannot locate board border, maybe not the full board is in the scene. Failed at stage 1
sec6-res-util-lego-c4m2,,1377,,lego,,3,,398,,441,,60,,1.0,,Cannot locate board border, maybe not the full board is in the scene. Failed at stage 1
sec6-res-util-lego-c4m2,,1396,,lego,,3,,399,,435,,54,,1.0,,Cannot locate board border, maybe not the full board is in the scene. Failed at stage 1
sec6-res-util-lego-c4m2,,1411,,lego,,3,,399,,442,,62,,1.0,,Cannot locate board border, maybe not the full board is in the scene. Failed at stage 1
sec6-res-util-lego-c4m2,,1424,,lego,,3,,396,,425,,46,,1.0,,Cannot locate board border, maybe not the full board is in the scene. Failed at stage 1
sec6-res-util-lego-c4m2,,1436,,lego,,3,,398,,421,,41,,1.0,,Cannot locate board border, maybe not the full board is in the scene. Failed at stage 1
sec6-res-util-lego-c4m2,,1446,,lego,,3,,396,,435,,54,,1.0,,Cannot locate board border, maybe not the full board is in the scene. Failed at stage 1
sec6-res-util-lego-c4m2,,1455,,lego,,3,,398,,437,,57,,1.0,,Cannot locate board border, maybe not the full board is in the scene. Failed at stage 1
sec6-res-util-lego-c4m2,,1463,,lego,,3,,398,,430,,50,,1.0,,Cannot locate board border, maybe not the full board is in the scene. Failed at stage 1
sec6-res-util-lego-c4m2,,1470,,lego,,3,,392,,442,,62,,1.0,,Cannot locate board border, maybe not the full board is in the scene. Failed at stage 1
sec6-res-util-lego-c4m2,,1477,,lego,,3,,392,,432,,51,,1.0,,Cannot locate board border, maybe not the full board is in the scene. Failed at stage 1
sec6-res-util-lego-c4m2,,1483,,lego,,3,,398,,446,,66,,1.0,,Cannot locate board border, maybe not the full board is in the scene. Failed at stage 1
sec6-res-util-lego-c4m2,,1488,,lego,,3,,392,,448,,68,,1.0,,Cannot locate board border, maybe not the full board is in the scene. Failed at stage 1
sec6-res-util-lego-c4m2,,1494,,lego,,3,,392,,852,,573,,1.0,,Not confident about reconstruction, maybe too much noise
sec6-res-util-lego-c4m2,,1512,,lego,,3,,392,,887,,585,,1.0,,Not confident about reconstruction, maybe too much noise
sec6-res-util-lego-c4m2,,1530,,lego,,3,,392,,453,,72,,1.0,,Cannot locate board border, maybe not the full board is in the scene. Failed at stage 1
sec6-res-util-lego-c4m2,,1533,,lego,,3,,392,,453,,73,,1.0,,Cannot locate board border, maybe not the full board is in the scene. Failed at stage 1
sec6-res-util-lego-c4m2,,1536,,lego,,3,,393,,911,,586,,1.0,,Not confident about reconstruction, maybe too much noise
sec6-res-util-lego-c4m2,,1555,,lego,,3,,391,,913,,674,,0.999999845812,,Not confident about reconstruction, maybe too much noise
sec6-res-util-lego-c4m2,,1576,,lego,,3,,391,,874,,574,,1.0,,Not confident about reconstruction, maybe too much noise
sec6-res-util-lego-c4m2,,1595,,lego,,3,,390,,885,,579,,1.0,,Not confident about reconstruction, maybe too much noise
sec6-res-util-lego-c4m2,,1613,,lego,,3,,392,,863,,572,,1.0,,Not confident about reconstruction, maybe too much noise
sec6-res-util-lego-c4m2,,1632,,lego,,3,,393,,859,,585,,1.0,,Not confident about reconstruction, maybe too much noise
sec6-res-util-lego-c4m2,,1650,,lego,,3,,394,,424,,44,,1.0,,Cannot locate board border, maybe not the full board is in the scene. Failed at stage 1
sec6-res-util-lego-c4m2,,1652,,lego,,3,,389,,420,,37,,1.0,,Cannot locate board border, maybe not the full board is in the scene. Failed at stage 1
sec6-res-util-lego-c4m2,,1654,,lego,,3,,389,,417,,37,,1.0,,Cannot locate board border, maybe not the full board is in the scene. Failed at stage 1
sec6-res-util-lego-c4m2,,1656,,lego,,3,,391,,423,,43,,1.0,,Cannot locate board border, maybe not the full board is in the scene. Failed at stage 1
sec6-res-util-lego-c4m2,,1658,,lego,,3,,391,,424,,42,,1.0,,Cannot locate board border, maybe not the full board is in the scene. Failed at stage 1
sec6-res-util-lego-c4m2,,1660,,lego,,3,,391,,418,,36,,1.0,,Cannot locate board border, maybe not the full board is in the scene. Failed at stage 1
sec6-res-util-lego-c4m2,,1662,,lego,,3,,391,,417,,35,,1.0,,Cannot locate board border, maybe not the full board is in the scene. Failed at stage 1
sec6-res-util-lego-c4m2,,1663,,lego,,3,,392,,418,,37,,1.0,,Cannot locate board border, maybe not the full board is in the scene. Failed at stage 1
sec6-res-util-lego-c4m2,,1665,,lego,,3,,392,,426,,45,,1.0,,Cannot locate board border, maybe not the full board is in the scene. Failed at stage 1
sec6-res-util-lego-c4m2,,1668,,lego,,3,,390,,419,,36,,1.0,,Cannot locate board border, maybe not the full board is in the scene. Failed at stage 1
sec6-res-util-lego-c4m2,,1670,,lego,,3,,389,,427,,45,,1.0,,Cannot locate board border, maybe not the full board is in the scene. Failed at stage 1
sec6-res-util-lego-c4m2,,1672,,lego,,3,,391,,437,,56,,1.0,,Cannot locate board border, maybe not the full board is in the scene. Failed at stage 1
sec6-res-util-lego-c4m2,,1674,,lego,,3,,389,,434,,53,,1.0,,Cannot locate board border, maybe not the full board is in the scene. Failed at stage 1
sec6-res-util-lego-c4m2,,1677,,lego,,3,,388,,428,,47,,1.0,,Cannot locate board border, maybe not the full board is in the scene. Failed at stage 1
sec6-res-util-lego-c4m2,,1679,,lego,,3,,391,,432,,51,,1.0,,Cannot locate board border, maybe not the full board is in the scene. Failed at stage 1
sec6-res-util-lego-c4m2,,1681,,lego,,3,,391,,436,,56,,1.0,,Cannot locate board border, maybe not the full board is in the scene. Failed at stage 1
sec6-res-util-lego-c4m2,,1684,,lego,,3,,392,,436,,57,,1.0,,Cannot locate board border, maybe not the full board is in the scene. Failed at stage 1
sec6-res-util-lego-c4m2,,1687,,lego,,3,,392,,437,,56,,1.0,,Cannot locate board border, maybe not the full board is in the scene. Failed at stage 1
sec6-res-util-lego-c4m2,,1689,,lego,,3,,392,,433,,52,,1.0,,Cannot locate board border, maybe not the full board is in the scene. Failed at stage 1
sec6-res-util-lego-c4m2,,1692,,lego,,3,,392,,437,,56,,1.0,,Cannot locate board border, maybe not the full board is in the scene. Failed at stage 1
sec6-res-util-lego-c4m2,,1694,,lego,,3,,393,,438,,57,,1.0,,Cannot locate board border, maybe not the full board is in the scene. Failed at stage 1
sec6-res-util-lego-c4m2,,1697,,lego,,3,,392,,435,,54,,1.0,,Cannot locate board border, maybe not the full board is in the scene. Failed at stage 1
sec6-res-util-lego-c4m2,,1699,,lego,,3,,391,,433,,53,,1.0,,Cannot locate board border, maybe not the full board is in the scene. Failed at stage 1
sec6-res-util-lego-c4m2,,1702,,lego,,3,,390,,436,,56,,1.0,,Cannot locate board border, maybe not the full board is in the scene. Failed at stage 1
sec6-res-util-lego-c4m2,,1704,,lego,,3,,390,,438,,57,,1.0,,Cannot locate board border, maybe not the full board is in the scene. Failed at stage 1
sec6-res-util-lego-c4m2,,1707,,lego,,3,,390,,438,,57,,1.0,,Cannot locate board border, maybe not the full board is in the scene. Failed at stage 1
sec6-res-util-lego-c4m2,,1709,,lego,,3,,391,,426,,46,,1.0,,Cannot locate board border, maybe not the full board is in the scene. Failed at stage 1
sec6-res-util-lego-c4m2,,1712,,lego,,3,,392,,433,,52,,1.0,,Cannot locate board border, maybe not the full board is in the scene. Failed at stage 1
sec6-res-util-lego-c4m2,,1714,,lego,,3,,392,,419,,39,,1.0,,Cannot locate board border, maybe not the full board is in the scene. Failed at stage 1
sec6-res-util-lego-c4m2,,1716,,lego,,3,,392,,433,,52,,1.0,,Cannot locate board border, maybe not the full board is in the scene. Failed at stage 1
sec6-res-util-lego-c4m2,,1718,,lego,,3,,391,,430,,49,,1.0,,Cannot locate board border, maybe not the full board is in the scene. Failed at stage 1
sec6-res-util-lego-c4m2,,1721,,lego,,3,,392,,431,,51,,1.0,,Cannot locate board border, maybe not the full board is in the scene. Failed at stage 1
sec6-res-util-lego-c4m2,,1723,,lego,,3,,393,,419,,39,,1.0,,Cannot locate board border, maybe not the full board is in the scene. Failed at stage 1
sec6-res-util-lego-c4m2,,1725,,lego,,3,,391,,432,,52,,1.0,,Cannot locate board border, maybe not the full board is in the scene. Failed at stage 1
sec6-res-util-lego-c4m2,,1728,,lego,,3,,393,,434,,53,,1.0,,Cannot locate board border, maybe not the full board is in the scene. Failed at stage 1
sec6-res-util-lego-c4m2,,1730,,lego,,3,,392,,429,,49,,1.0,,Cannot locate board border, maybe not the full board is in the scene. Failed at stage 1
sec6-res-util-lego-c4m2,,1733,,lego,,3,,391,,429,,51,,1.0,,Cannot locate board border, maybe not the full board is in the scene. Failed at stage 1
sec6-res-util-lego-c4m2,,1735,,lego,,3,,392,,428,,48,,1.0,,Cannot locate board border, maybe not the full board is in the scene. Failed at stage 1
sec6-res-util-lego-c4m2,,1737,,lego,,3,,391,,428,,47,,1.0,,Cannot locate board border, maybe not the full board is in the scene. Failed at stage 1
sec6-res-util-lego-c4m2,,1740,,lego,,3,,391,,424,,43,,1.0,,Cannot locate board border, maybe not the full board is in the scene. Failed at stage 1
sec6-res-util-lego-c4m2,,1742,,lego,,3,,392,,420,,39,,1.0,,Cannot locate board border, maybe not the full board is in the scene. Failed at stage 1
sec6-res-util-lego-c4m2,,1744,,lego,,3,,391,,425,,44,,1.0,,Cannot locate board border, maybe not the full board is in the scene. Failed at stage 1
sec6-res-util-lego-c4m2,,1746,,lego,,3,,391,,428,,48,,1.0,,Cannot locate board border, maybe not the full board is in the scene. Failed at stage 1
sec6-res-util-lego-c4m2,,1749,,lego,,3,,391,,414,,33,,1.0,,Cannot locate board border, maybe not the full board is in the scene. Failed at stage 1
sec6-res-util-lego-c4m2,,1750,,lego,,3,,393,,419,,38,,1.0,,Cannot locate board border, maybe not the full board is in the scene. Failed at stage 1
sec6-res-util-lego-c4m2,,1753,,lego,,3,,392,,416,,35,,1.0,,Cannot locate board border, maybe not the full board is in the scene. Failed at stage 1
sec6-res-util-lego-c4m2,,1755,,lego,,3,,391,,415,,38,,1.0,,Cannot locate board border, maybe not the full board is in the scene. Failed at stage 1
sec6-res-util-lego-c4m2,,1757,,lego,,3,,390,,418,,36,,1.0,,Cannot locate board border, maybe not the full board is in the scene. Failed at stage 1
sec6-res-util-lego-c4m2,,1759,,lego,,3,,391,,429,,49,,1.0,,Cannot locate board border, maybe not the full board is in the scene. Failed at stage 1
sec6-res-util-lego-c4m2,,1761,,lego,,3,,391,,424,,45,,1.0,,Cannot locate board border, maybe not the full board is in the scene. Failed at stage 1
sec6-res-util-lego-c4m2,,1763,,lego,,3,,392,,426,,46,,1.0,,Cannot locate board border, maybe not the full board is in the scene. Failed at stage 1
sec6-res-util-lego-c4m2,,1766,,lego,,3,,392,,429,,49,,1.0,,Cannot locate board border, maybe not the full board is in the scene. Failed at stage 1
sec6-res-util-lego-c4m2,,1768,,lego,,3,,392,,423,,43,,1.0,,Cannot locate board border, maybe not the full board is in the scene. Failed at stage 1
sec6-res-util-lego-c4m2,,1770,,lego,,3,,391,,422,,41,,1.0,,Cannot locate board border, maybe not the full board is in the scene. Failed at stage 1
sec6-res-util-lego-c4m2,,1772,,lego,,3,,391,,431,,50,,1.0,,Cannot locate board border, maybe not the full board is in the scene. Failed at stage 1
sec6-res-util-lego-c4m2,,1775,,lego,,3,,392,,432,,53,,1.0,,Cannot locate board border, maybe not the full board is in the scene. Failed at stage 1
sec6-res-util-lego-c4m2,,1777,,lego,,3,,391,,425,,44,,1.0,,Cannot locate board border, maybe not the full board is in the scene. Failed at stage 1
sec6-res-util-lego-c4m2,,1780,,lego,,3,,391,,420,,40,,1.0,,Cannot locate board border, maybe not the full board is in the scene. Failed at stage 1
sec6-res-util-lego-c4m2,,1782,,lego,,3,,391,,421,,40,,1.0,,Cannot locate board border, maybe not the full board is in the scene. Failed at stage 1
sec6-res-util-lego-c4m2,,1784,,lego,,3,,391,,424,,44,,1.0,,Cannot locate board border, maybe not the full board is in the scene. Failed at stage 1
sec6-res-util-lego-c4m2,,1786,,lego,,3,,391,,424,,43,,1.0,,Cannot locate board border, maybe not the full board is in the scene. Failed at stage 1
sec6-res-util-lego-c4m2,,1788,,lego,,3,,392,,421,,41,,1.0,,Cannot locate board border, maybe not the full board is in the scene. Failed at stage 1
sec6-res-util-lego-c4m2,,1790,,lego,,3,,391,,422,,41,,1.0,,Cannot locate board border, maybe not the full board is in the scene. Failed at stage 1
sec6-res-util-lego-c4m2,,1792,,lego,,3,,392,,430,,49,,1.0,,Cannot locate board border, maybe not the full board is in the scene. Failed at stage 1
sec6-res-util-lego-c4m2,,1795,,lego,,3,,391,,424,,43,,1.0,,Cannot locate board border, maybe not the full board is in the scene. Failed at stage 1
sec6-res-util-lego-c4m2,,1797,,lego,,3,,391,,428,,48,,1.0,,Cannot locate board border, maybe not the full board is in the scene. Failed at stage 1
sec6-res-util-lego-c4m2,,1799,,lego,,3,,391,,423,,42,,1.0,,Cannot locate board border, maybe not the full board is in the scene. Failed at stage 1
sec6-res-util-lego-c4m2,,1802,,lego,,3,,390,,420,,40,,1.0,,Cannot locate board border, maybe not the full board is in the scene. Failed at stage 1
sec6-res-util-lego-c4m2,,1804,,lego,,3,,391,,421,,41,,1.0,,Cannot locate board border, maybe not the full board is in the scene. Failed at stage 1
sec6-res-util-lego-c4m2,,1806,,lego,,3,,391,,423,,42,,1.0,,Cannot locate board border, maybe not the full board is in the scene. Failed at stage 1
sec6-res-util-lego-c4m2,,1808,,lego,,3,,391,,418,,38,,1.0,,Cannot locate board border, maybe not the full board is in the scene. Failed at stage 1
sec6-res-util-lego-c4m2,,1810,,lego,,3,,390,,423,,41,,1.0,,Cannot locate board border, maybe not the full board is in the scene. Failed at stage 1
sec6-res-util-lego-c4m2,,1812,,lego,,3,,391,,420,,40,,1.0,,Cannot locate board border, maybe not the full board is in the scene. Failed at stage 1
sec6-res-util-lego-c4m2,,1814,,lego,,3,,391,,422,,43,,1.0,,Cannot locate board border, maybe not the full board is in the scene. Failed at stage 1
sec6-res-util-lego-c4m2,,1817,,lego,,3,,390,,422,,42,,1.0,,Cannot locate board border, maybe not the full board is in the scene. Failed at stage 1
sec6-res-util-lego-c4m2,,1819,,lego,,3,,391,,418,,37,,1.0,,Cannot locate board border, maybe not the full board is in the scene. Failed at stage 1
sec6-res-util-lego-c4m2,,1821,,lego,,3,,391,,418,,37,,1.0,,Cannot locate board border, maybe not the full board is in the scene. Failed at stage 1
sec6-res-util-lego-c4m2,,1823,,lego,,3,,391,,416,,35,,1.0,,Cannot locate board border, maybe not the full board is in the scene. Failed at stage 1
sec6-res-util-lego-c4m2,,1825,,lego,,3,,391,,418,,37,,1.0,,Cannot locate board border, maybe not the full board is in the scene. Failed at stage 1
sec6-res-util-lego-c4m2,,1827,,lego,,3,,391,,424,,44,,1.0,,Cannot locate board border, maybe not the full board is in the scene. Failed at stage 1
sec6-res-util-lego-c4m2,,1829,,lego,,3,,391,,423,,42,,1.0,,Cannot locate board border, maybe not the full board is in the scene. Failed at stage 1
sec6-res-util-lego-c4m2,,1831,,lego,,3,,391,,422,,41,,1.0,,Cannot locate board border, maybe not the full board is in the scene. Failed at stage 1
sec6-res-util-lego-c4m2,,1834,,lego,,3,,392,,417,,37,,1.0,,Cannot locate board border, maybe not the full board is in the scene. Failed at stage 1
sec6-res-util-lego-c4m2,,1836,,lego,,3,,391,,426,,45,,1.0,,Cannot locate board border, maybe not the full board is in the scene. Failed at stage 1
sec6-res-util-lego-c4m2,,1838,,lego,,3,,392,,424,,43,,1.0,,Cannot locate board border, maybe not the full board is in the scene. Failed at stage 1
sec6-res-util-lego-c4m2,,1840,,lego,,3,,391,,421,,41,,1.0,,Cannot locate board border, maybe not the full board is in the scene. Failed at stage 1
sec6-res-util-lego-c4m2,,1842,,lego,,3,,393,,437,,57,,1.0,,Cannot locate board border, maybe not the full board is in the scene. Failed at stage 1
sec6-res-util-lego-c4m2,,1845,,lego,,3,,392,,435,,55,,1.0,,Cannot locate board border, maybe not the full board is in the scene. Failed at stage 1
sec6-res-util-lego-c4m2,,1847,,lego,,3,,392,,436,,55,,1.0,,Cannot locate board border, maybe not the full board is in the scene. Failed at stage 1
sec6-res-util-lego-c4m2,,1850,,lego,,3,,393,,458,,78,,1.0,,Cannot locate board border, maybe not the full board is in the scene. Failed at stage 1
sec6-res-util-lego-c4m2,,1853,,lego,,3,,391,,446,,65,,1.0,,Cannot locate board border, maybe not the full board is in the scene. Failed at stage 1
sec6-res-util-lego-c4m2,,1856,,lego,,3,,392,,441,,61,,1.0,,Cannot locate board border, maybe not the full board is in the scene. Failed at stage 1
sec6-res-util-lego-c4m2,,1859,,lego,,3,,393,,442,,61,,1.0,,Cannot locate board border, maybe not the full board is in the scene. Failed at stage 1
sec6-res-util-lego-c4m2,,1862,,lego,,3,,393,,435,,54,,1.0,,Cannot locate board border, maybe not the full board is in the scene. Failed at stage 1
sec6-res-util-lego-c4m2,,1864,,lego,,3,,392,,433,,53,,1.0,,Cannot locate board border, maybe not the full board is in the scene. Failed at stage 1
sec6-res-util-lego-c4m2,,1867,,lego,,3,,393,,435,,55,,1.0,,Cannot locate board border, maybe not the full board is in the scene. Failed at stage 1
sec6-res-util-lego-c4m2,,1869,,lego,,3,,392,,436,,55,,1.0,,Cannot locate board border, maybe not the full board is in the scene. Failed at stage 1
sec6-res-util-lego-c4m2,,1872,,lego,,3,,392,,824,,461,,1.0,,Not confident about reconstruction, maybe too much noise
sec6-res-util-lego-c4m2,,1887,,lego,,3,,392,,859,,581,,1.0,,Not confident about reconstruction, maybe too much noise
sec6-res-util-lego-c4m2,,1905,,lego,,3,,395,,835,,467,,1.0,,[[0 0 1 1]
 [0 2 1 6]
 [2 2 2 2]]
sec6-res-util-lego-c4m2,,1920,,lego,,3,,392,,866,,581,,1.0,,Not confident about reconstruction, maybe too much noise
sec6-res-util-lego-c4m2,,1939,,lego,,3,,392,,856,,583,,1.0,,Not confident about reconstruction, maybe too much noise
sec6-res-util-lego-c4m2,,1957,,lego,,3,,392,,906,,573,,1.0,,Not confident about reconstruction, maybe too much noise
sec6-res-util-lego-c4m2,,1976,,lego,,3,,392,,817,,481,,1.0,,Not confident about reconstruction, maybe too much noise
sec6-res-util-lego-c4m2,,1991,,lego,,3,,394,,840,,482,,1.0,,[[0 0 1 1]
 [0 2 1 6]
 [2 2 2 2]]
sec6-res-util-lego-c4m2,,2006,,lego,,3,,393,,865,,571,,1.0,,Not confident about reconstruction, maybe too much noise
sec6-res-util-lego-c4m2,,2025,,lego,,3,,393,,443,,63,,1.0,,Cannot locate board border, maybe not the full board is in the scene. Failed at stage 1
sec6-res-util-lego-c4m2,,2028,,lego,,3,,390,,437,,57,,1.0,,Cannot locate board border, maybe not the full board is in the scene. Failed at stage 1
sec6-res-util-lego-c4m2,,2030,,lego,,3,,392,,421,,41,,1.0,,Cannot locate board border, maybe not the full board is in the scene. Failed at stage 1
sec6-res-util-lego-c4m2,,2032,,lego,,3,,391,,419,,39,,1.0,,Cannot locate board border, maybe not the full board is in the scene. Failed at stage 1
sec6-res-util-lego-c4m2,,2034,,lego,,3,,392,,419,,37,,1.0,,Cannot locate board border, maybe not the full board is in the scene. Failed at stage 1
sec6-res-util-lego-c4m2,,2036,,lego,,3,,391,,420,,39,,1.0,,Cannot locate board border, maybe not the full board is in the scene. Failed at stage 1
sec6-res-util-lego-c4m2,,2038,,lego,,3,,393,,430,,49,,1.0,,Cannot locate board border, maybe not the full board is in the scene. Failed at stage 1
sec6-res-util-lego-c4m2,,2041,,lego,,3,,392,,423,,42,,1.0,,Cannot locate board border, maybe not the full board is in the scene. Failed at stage 1
sec6-res-util-lego-c4m2,,2043,,lego,,3,,391,,434,,53,,1.0,,Cannot locate board border, maybe not the full board is in the scene. Failed at stage 1
sec6-res-util-lego-c4m2,,2045,,lego,,3,,392,,434,,54,,1.0,,Cannot locate board border, maybe not the full board is in the scene. Failed at stage 1
sec6-res-util-lego-c4m2,,2048,,lego,,3,,391,,419,,37,,1.0,,Cannot locate board border, maybe not the full board is in the scene. Failed at stage 1
sec6-res-util-lego-c4m2,,2050,,lego,,3,,391,,434,,53,,1.0,,Cannot locate board border, maybe not the full board is in the scene. Failed at stage 1
sec6-res-util-lego-c4m2,,2052,,lego,,3,,392,,428,,47,,1.0,,Cannot locate board border, maybe not the full board is in the scene. Failed at stage 1
sec6-res-util-lego-c4m2,,2055,,lego,,3,,392,,436,,55,,1.0,,Cannot locate board border, maybe not the full board is in the scene. Failed at stage 1
sec6-res-util-lego-c4m2,,2057,,lego,,3,,392,,435,,55,,1.0,,Cannot locate board border, maybe not the full board is in the scene. Failed at stage 1
sec6-res-util-lego-c4m2,,2063,,lego,,3,,396,,439,,59,,1.0,,Cannot locate board border, maybe not the full board is in the scene. Failed at stage 1
sec6-res-util-lego-c4m2,,2083,,lego,,3,,399,,445,,64,,1.0,,Cannot locate board border, maybe not the full board is in the scene. Failed at stage 1
sec6-res-util-lego-c4m2,,2085,,lego,,3,,392,,437,,59,,1.0,,Cannot locate board border, maybe not the full board is in the scene. Failed at stage 1
sec6-res-util-lego-c4m2,,2088,,lego,,3,,391,,434,,53,,1.0,,Cannot locate board border, maybe not the full board is in the scene. Failed at stage 1
sec6-res-util-lego-c4m2,,2091,,lego,,3,,390,,435,,54,,1.0,,Cannot locate board border, maybe not the full board is in the scene. Failed at stage 1
sec6-res-util-lego-c4m2,,2093,,lego,,3,,391,,433,,52,,1.0,,Cannot locate board border, maybe not the full board is in the scene. Failed at stage 1
sec6-res-util-lego-c4m2,,2096,,lego,,3,,390,,433,,53,,1.0,,Cannot locate board border, maybe not the full board is in the scene. Failed at stage 1
sec6-res-util-lego-c4m2,,2098,,lego,,3,,390,,433,,54,,1.0,,Cannot locate board border, maybe not the full board is in the scene. Failed at stage 1
sec6-res-util-lego-c4m2,,2101,,lego,,3,,390,,423,,42,,1.0,,Cannot locate board border, maybe not the full board is in the scene. Failed at stage 1
sec6-res-util-lego-c4m2,,2103,,lego,,3,,390,,434,,53,,1.0,,Cannot locate board border, maybe not the full board is in the scene. Failed at stage 1
sec6-res-util-lego-c4m2,,2105,,lego,,3,,390,,434,,53,,1.0,,Cannot locate board border, maybe not the full board is in the scene. Failed at stage 1
sec6-res-util-lego-c4m2,,2108,,lego,,3,,391,,433,,53,,1.0,,Cannot locate board border, maybe not the full board is in the scene. Failed at stage 1
sec6-res-util-lego-c4m2,,2110,,lego,,3,,390,,435,,54,,1.0,,Cannot locate board border, maybe not the full board is in the scene. Failed at stage 1
sec6-res-util-lego-c4m2,,2144,,lego,,3,,399,,439,,58,,1.0,,Cannot locate board border, maybe not the full board is in the scene. Failed at stage 1
sec6-res-util-lego-c4m2,,2146,,lego,,3,,390,,429,,49,,1.0,,Cannot locate board border, maybe not the full board is in the scene. Failed at stage 1
sec6-res-util-lego-c4m2,,2158,,lego,,3,,400,,436,,55,,1.0,,Cannot locate board border, maybe not the full board is in the scene. Failed at stage 1
sec6-res-util-lego-c4m2,,2160,,lego,,3,,391,,430,,49,,1.0,,Cannot locate board border, maybe not the full board is in the scene. Failed at stage 1
sec6-res-util-lego-c4m2,,2162,,lego,,3,,391,,431,,50,,1.0,,Cannot locate board border, maybe not the full board is in the scene. Failed at stage 1
sec6-res-util-lego-c4m2,,2165,,lego,,3,,390,,428,,47,,1.0,,Cannot locate board border, maybe not the full board is in the scene. Failed at stage 1
sec6-res-util-lego-c4m2,,2167,,lego,,3,,391,,427,,46,,1.0,,Cannot locate board border, maybe not the full board is in the scene. Failed at stage 1
sec6-res-util-lego-c4m2,,2169,,lego,,3,,389,,420,,38,,1.0,,Cannot locate board border, maybe not the full board is in the scene. Failed at stage 1
sec6-res-util-lego-c4m2,,2244,,lego,,3,,397,,428,,47,,1.0,,Cannot locate board border, maybe not the full board is in the scene. Failed at stage 1
sec6-res-util-lego-c4m2,,2245,,lego,,3,,391,,422,,40,,1.0,,Cannot locate board border, maybe not the full board is in the scene. Failed at stage 1
sec6-res-util-lego-c4m2,,2248,,lego,,3,,390,,411,,29,,1.0,,Cannot locate board border, maybe not the full board is in the scene. Failed at stage 1
sec6-res-util-lego-c4m2,,2249,,lego,,3,,390,,419,,38,,1.0,,Cannot locate board border, maybe not the full board is in the scene. Failed at stage 1
sec6-res-util-lego-c4m2,,2251,,lego,,3,,391,,416,,33,,1.0,,Cannot locate board border, maybe not the full board is in the scene. Failed at stage 1
sec6-res-util-lego-c4m2,,2254,,lego,,3,,391,,427,,46,,1.0,,Cannot locate board border, maybe not the full board is in the scene. Failed at stage 1
sec6-res-util-lego-c4m2,,2256,,lego,,3,,392,,423,,42,,1.0,,Cannot locate board border, maybe not the full board is in the scene. Failed at stage 1
sec6-res-util-lego-c4m2,,2258,,lego,,3,,392,,433,,54,,1.0,,Cannot locate board border, maybe not the full board is in the scene. Failed at stage 1
sec6-res-util-lego-c4m2,,2260,,lego,,3,,391,,433,,52,,1.0,,Cannot locate board border, maybe not the full board is in the scene. Failed at stage 1
sec6-res-util-lego-c4m2,,2263,,lego,,3,,394,,436,,55,,1.0,,Cannot locate board border, maybe not the full board is in the scene. Failed at stage 1
sec6-res-util-lego-c4m2,,2265,,lego,,3,,393,,424,,44,,1.0,,Cannot locate board border, maybe not the full board is in the scene. Failed at stage 1
sec6-res-util-lego-c4m2,,2268,,lego,,3,,390,,436,,55,,1.0,,Cannot locate board border, maybe not the full board is in the scene. Failed at stage 1
sec6-res-util-lego-c4m2,,2270,,lego,,3,,390,,440,,59,,1.0,,Cannot locate board border, maybe not the full board is in the scene. Failed at stage 1
sec6-res-util-lego-c4m2,,2273,,lego,,3,,390,,448,,67,,1.0,,Cannot locate board border, maybe not the full board is in the scene. Failed at stage 1
sec6-res-util-lego-c4m2,,2276,,lego,,3,,390,,447,,66,,1.0,,Cannot locate board border, maybe not the full board is in the scene. Failed at stage 1
sec6-res-util-lego-c4m2,,2279,,lego,,3,,390,,442,,61,,1.0,,Cannot locate board border, maybe not the full board is in the scene. Failed at stage 1
sec6-res-util-lego-c4m2,,2281,,lego,,3,,391,,447,,66,,1.0,,Cannot locate board border, maybe not the full board is in the scene. Failed at stage 1
sec6-res-util-lego-c4m2,,2284,,lego,,3,,392,,445,,64,,1.0,,Cannot locate board border, maybe not the full board is in the scene. Failed at stage 1
sec6-res-util-lego-c4m2,,2287,,lego,,3,,390,,433,,52,,1.0,,Cannot locate board border, maybe not the full board is in the scene. Failed at stage 1
sec6-res-util-lego-c4m2,,2290,,lego,,3,,390,,432,,51,,1.0,,Cannot locate board border, maybe not the full board is in the scene. Failed at stage 1
sec6-res-util-lego-c4m2,,2292,,lego,,3,,390,,443,,62,,1.0,,Cannot locate board border, maybe not the full board is in the scene. Failed at stage 1
sec6-res-util-lego-c4m2,,2295,,lego,,3,,389,,445,,64,,1.0,,Cannot locate board border, maybe not the full board is in the scene. Failed at stage 1
sec6-res-util-lego-c4m2,,2298,,lego,,3,,390,,447,,66,,1.0,,Cannot locate board border, maybe not the full board is in the scene. Failed at stage 1
sec6-res-util-lego-c4m2,,2301,,lego,,3,,392,,451,,70,,1.0,,Cannot locate board border, maybe not the full board is in the scene. Failed at stage 1
sec6-res-util-lego-c4m2,,2304,,lego,,3,,393,,448,,67,,1.0,,Cannot locate board border, maybe not the full board is in the scene. Failed at stage 1
sec6-res-util-lego-c4m2,,2307,,lego,,3,,392,,456,,76,,1.0,,Cannot locate board border, maybe not the full board is in the scene. Failed at stage 1
sec6-res-util-lego-c4m2,,2310,,lego,,3,,391,,442,,61,,1.0,,Cannot locate board border, maybe not the full board is in the scene. Failed at stage 1
sec6-res-util-lego-c4m2,,2313,,lego,,3,,392,,444,,63,,1.0,,Cannot locate board border, maybe not the full board is in the scene. Failed at stage 1
sec6-res-util-lego-c4m2,,2315,,lego,,3,,394,,437,,56,,1.0,,Cannot locate board border, maybe not the full board is in the scene. Failed at stage 1
sec6-res-util-lego-c4m2,,2318,,lego,,3,,392,,447,,66,,1.0,,Cannot locate board border, maybe not the full board is in the scene. Failed at stage 1
sec6-res-util-lego-c4m2,,2321,,lego,,3,,392,,865,,543,,1.0,,Not confident about reconstruction, maybe too much noise
sec6-res-util-lego-c4m2,,2338,,lego,,3,,395,,455,,74,,1.0,,Cannot locate board border, maybe not the full board is in the scene. Failed at stage 1
sec6-res-util-lego-c4m2,,2341,,lego,,3,,392,,851,,577,,1.0,,Not confident about reconstruction, maybe too much noise
sec6-res-util-lego-c4m2,,2360,,lego,,3,,392,,830,,470,,1.0,,[[0 2 1 1]
 [0 2 1 6]
 [2 2 2 2]]
sec6-res-util-lego-c4m2,,2375,,lego,,3,,392,,854,,584,,1.0,,[[0 2 1 1]
 [0 2 1 6]
 [2 2 2 2]]
sec6-res-util-lego-c4m2,,2393,,lego,,3,,394,,815,,483,,1.0,,[[0 2 1 1]
 [0 2 1 6]
 [2 2 2 2]]
sec6-res-util-lego-c4m2,,2409,,lego,,3,,392,,867,,584,,1.0,,[[0 2 1 1]
 [0 2 1 6]
 [2 2 2 2]]
sec6-res-util-lego-c4m2,,2427,,lego,,3,,393,,872,,586,,1.0,,[[0 2 1 1]
 [0 2 1 6]
 [2 2 2 2]]!!State Change!!
sec6-res-util-lego-c4m2,,2461,,lego,,3,,400,,442,,62,,1.0,,Cannot locate board border, maybe not the full board is in the scene. Failed at stage 1
sec6-res-util-lego-c4m2,,2494,,lego,,3,,396,,442,,61,,1.0,,Cannot locate board border, maybe not the full board is in the scene. Failed at stage 1
sec6-res-util-lego-c4m2,,2525,,lego,,3,,398,,443,,63,,1.0,,Cannot locate board border, maybe not the full board is in the scene. Failed at stage 1
sec6-res-util-lego-c4m2,,2555,,lego,,3,,399,,452,,72,,1.0,,Cannot locate board border, maybe not the full board is in the scene. Failed at stage 1
sec6-res-util-lego-c4m2,,2582,,lego,,3,,397,,441,,60,,1.0,,Cannot locate board border, maybe not the full board is in the scene. Failed at stage 1
sec6-res-util-lego-c4m2,,2605,,lego,,3,,398,,432,,52,,1.0,,Cannot locate board border, maybe not the full board is in the scene. Failed at stage 1
sec6-res-util-lego-c4m2,,2624,,lego,,3,,397,,430,,50,,1.0,,Cannot locate board border, maybe not the full board is in the scene. Failed at stage 1
sec6-res-util-lego-c4m2,,2639,,lego,,3,,399,,422,,41,,1.0,,Cannot locate board border, maybe not the full board is in the scene. Failed at stage 1
sec6-res-util-lego-c4m2,,2653,,lego,,3,,398,,441,,60,,1.0,,Cannot locate board border, maybe not the full board is in the scene. Failed at stage 1
sec6-res-util-lego-c4m2,,2664,,lego,,3,,398,,427,,46,,1.0,,Cannot locate board border, maybe not the full board is in the scene. Failed at stage 1
sec6-res-util-lego-c4m2,,2674,,lego,,3,,399,,459,,79,,1.0,,Cannot locate board border, maybe not the full board is in the scene. Failed at stage 1
sec6-res-util-lego-c4m2,,2683,,lego,,3,,398,,849,,553,,1.0,,Not confident about reconstruction, maybe too much noise
sec6-res-util-lego-c4m2,,2701,,lego,,3,,392,,862,,586,,1.0,,Not confident about reconstruction, maybe too much noise
sec6-res-util-lego-c4m2,,2719,,lego,,3,,391,,860,,587,,1.0,,[[0 2 2 2]
 [0 2 1 1]
 [0 2 1 6]
 [2 2 2 2]]
sec6-res-util-lego-c4m2,,2738,,lego,,3,,391,,850,,480,,1.0,,Not confident about reconstruction, maybe too much noise
sec6-res-util-lego-c4m2,,2753,,lego,,3,,391,,859,,584,,1.0,,[[0 2 2 2]
 [0 2 1 1]
 [0 2 1 6]
 [2 2 2 2]]
sec6-res-util-lego-c4m2,,2771,,lego,,3,,391,,852,,577,,1.0,,[[0 2 2 2]
 [0 2 1 1]
 [0 2 1 6]
 [2 2 2 2]]
sec6-res-util-lego-c4m2,,2790,,lego,,3,,393,,850,,480,,1.0,,Not confident about reconstruction, maybe too much noise
sec6-res-util-lego-c4m2,,2805,,lego,,3,,392,,847,,484,,1.0,,[[0 2 2 2]
 [0 2 1 1]
 [0 2 1 6]
 [2 2 2 2]]
sec6-res-util-lego-c4m2,,2820,,lego,,3,,393,,901,,577,,1.0,,Not confident about reconstruction, maybe too much noise
sec6-res-util-lego-c4m2,,2839,,lego,,3,,392,,881,,585,,1.0,,Not confident about reconstruction, maybe too much noise
sec6-res-util-lego-c4m2,,2857,,lego,,3,,392,,829,,482,,1.0,,Not confident about reconstruction, maybe too much noise
sec6-res-util-lego-c4m2,,14,,lego,,3,,392,,457,,76,,1.0,,Cannot find a large enough foreground near the center of board
sec6-res-util-lego-c4m2,,17,,lego,,3,,392,,470,,89,,1.0,,Cannot find a large enough foreground near the center of board
sec6-res-util-lego-c4m2,,20,,lego,,3,,393,,490,,109,,1.0,,Cannot find a large enough foreground near the center of board
sec6-res-util-lego-c4m2,,25,,lego,,3,,392,,490,,120,,1.0,,Cannot find a large enough foreground near the center of board
sec6-res-util-lego-c4m2,,29,,lego,,3,,392,,487,,106,,1.0,,Cannot find a large enough foreground near the center of board
sec6-res-util-lego-c4m2,,33,,lego,,3,,391,,470,,89,,1.0,,Cannot find a large enough foreground near the center of board
sec6-res-util-lego-c4m2,,37,,lego,,3,,393,,469,,90,,1.0,,Cannot find a large enough foreground near the center of board
sec6-res-util-lego-c4m2,,40,,lego,,3,,391,,496,,116,,1.0,,Cannot find a large enough foreground near the center of board
sec6-res-util-lego-c4m2,,45,,lego,,3,,392,,474,,93,,1.0,,Cannot find a large enough foreground near the center of board
sec6-res-util-lego-c4m2,,48,,lego,,3,,390,,459,,78,,1.0,,Cannot find a large enough foreground near the center of board
sec6-res-util-lego-c4m2,,52,,lego,,3,,391,,462,,81,,1.0,,Cannot find a large enough foreground near the center of board
sec6-res-util-lego-c4m2,,55,,lego,,3,,393,,505,,124,,1.0,,Cannot find a large enough foreground near the center of board
sec6-res-util-lego-c4m2,,60,,lego,,3,,391,,470,,89,,1.0,,Cannot find a large enough foreground near the center of board
sec6-res-util-lego-c4m2,,63,,lego,,3,,390,,460,,79,,1.0,,Cannot find a large enough foreground near the center of board
sec6-res-util-lego-c4m2,,67,,lego,,3,,390,,462,,148,,1.0,,Cannot find a large enough foreground near the center of board
sec6-res-util-lego-c4m2,,72,,lego,,3,,390,,488,,107,,1.0,,Cannot find a large enough foreground near the center of board
sec6-res-util-lego-c4m2,,76,,lego,,3,,390,,489,,108,,1.0,,Cannot find a large enough foreground near the center of board
sec6-res-util-lego-c4m2,,80,,lego,,3,,390,,487,,106,,1.0,,Cannot find a large enough foreground near the center of board
sec6-res-util-lego-c4m2,,84,,lego,,3,,390,,473,,92,,1.0,,Cannot find a large enough foreground near the center of board
sec6-res-util-lego-c4m2,,88,,lego,,3,,390,,470,,152,,1.0,,Cannot find a large enough foreground near the center of board
sec6-res-util-lego-c4m2,,94,,lego,,3,,390,,482,,101,,1.0,,Cannot find a large enough foreground near the center of board
sec6-res-util-lego-c4m2,,97,,lego,,3,,391,,477,,96,,1.0,,Cannot find a large enough foreground near the center of board
sec6-res-util-lego-c4m2,,101,,lego,,3,,390,,465,,86,,1.0,,Cannot find a large enough foreground near the center of board
sec6-res-util-lego-c4m2,,105,,lego,,3,,390,,462,,81,,1.0,,Cannot find a large enough foreground near the center of board
sec6-res-util-lego-c4m2,,108,,lego,,3,,389,,457,,76,,1.0,,Cannot find a large enough foreground near the center of board
sec6-res-util-lego-c4m2,,111,,lego,,3,,389,,483,,102,,1.0,,Cannot find a large enough foreground near the center of board
sec6-res-util-lego-c4m2,,115,,lego,,3,,390,,483,,102,,1.0,,Cannot find a large enough foreground near the center of board
sec6-res-util-lego-c4m2,,119,,lego,,3,,390,,456,,75,,1.0,,Cannot find a large enough foreground near the center of board
sec6-res-util-lego-c4m2,,122,,lego,,3,,390,,459,,78,,1.0,,Cannot find a large enough foreground near the center of board
sec6-res-util-lego-c4m2,,126,,lego,,3,,390,,458,,76,,1.0,,Cannot find a large enough foreground near the center of board
sec6-res-util-lego-c4m2,,129,,lego,,3,,391,,495,,114,,1.0,,Cannot find a large enough foreground near the center of board
sec6-res-util-lego-c4m2,,133,,lego,,3,,390,,463,,82,,1.0,,Cannot find a large enough foreground near the center of board
sec6-res-util-lego-c4m2,,137,,lego,,3,,391,,481,,100,,1.0,,Cannot find a large enough foreground near the center of board
sec6-res-util-lego-c4m2,,141,,lego,,3,,391,,489,,109,,1.0,,Cannot find a large enough foreground near the center of board
sec6-res-util-lego-c4m2,,145,,lego,,3,,390,,465,,84,,1.0,,Cannot find a large enough foreground near the center of board
sec6-res-util-lego-c4m2,,148,,lego,,3,,390,,482,,196,,1.0,,Cannot find a large enough foreground near the center of board
sec6-res-util-lego-c4m2,,155,,lego,,3,,392,,494,,114,,1.0,,Cannot find a large enough foreground near the center of board
sec6-res-util-lego-c4m2,,159,,lego,,3,,390,,489,,108,,1.0,,Cannot find a large enough foreground near the center of board
sec6-res-util-lego-c4m2,,164,,lego,,3,,390,,485,,104,,1.0,,Cannot find a large enough foreground near the center of board
sec6-res-util-lego-c4m2,,168,,lego,,3,,390,,491,,110,,1.0,,Cannot find a large enough foreground near the center of board
sec6-res-util-lego-c4m2,,172,,lego,,3,,390,,470,,89,,1.0,,Cannot find a large enough foreground near the center of board
sec6-res-util-lego-c4m2,,175,,lego,,3,,392,,465,,106,,1.0,,Cannot find a large enough foreground near the center of board
sec6-res-util-lego-c4m2,,180,,lego,,3,,390,,490,,109,,1.0,,Cannot find a large enough foreground near the center of board
sec6-res-util-lego-c4m2,,184,,lego,,3,,391,,464,,83,,1.0,,Cannot find a large enough foreground near the center of board
sec6-res-util-lego-c4m2,,187,,lego,,3,,392,,490,,109,,1.0,,Cannot find a large enough foreground near the center of board
sec6-res-util-lego-c4m2,,191,,lego,,3,,390,,486,,105,,1.0,,Cannot find a large enough foreground near the center of board
sec6-res-util-lego-c4m2,,196,,lego,,3,,390,,469,,88,,1.0,,Cannot find a large enough foreground near the center of board
sec6-res-util-lego-c4m2,,199,,lego,,3,,390,,486,,105,,1.0,,Cannot find a large enough foreground near the center of board
sec6-res-util-lego-c4m2,,229,,lego,,3,,400,,501,,120,,1.0,,Cannot find a large enough foreground near the center of board
sec6-res-util-lego-c4m2,,233,,lego,,3,,391,,474,,93,,1.0,,Cannot find a large enough foreground near the center of board
sec6-res-util-lego-c4m2,,236,,lego,,3,,389,,463,,82,,1.0,,Cannot find a large enough foreground near the center of board
sec6-res-util-lego-c4m2,,240,,lego,,3,,392,,474,,95,,1.0,,Cannot find a large enough foreground near the center of board
sec6-res-util-lego-c4m2,,243,,lego,,3,,389,,478,,96,,1.0,,Cannot find a large enough foreground near the center of board
sec6-res-util-lego-c4m2,,247,,lego,,3,,390,,460,,79,,1.0,,Cannot find a large enough foreground near the center of board
sec6-res-util-lego-c4m2,,250,,lego,,3,,390,,487,,106,,1.0,,Cannot find a large enough foreground near the center of board
sec6-res-util-lego-c4m2,,254,,lego,,3,,390,,460,,79,,1.0,,Cannot find a large enough foreground near the center of board
sec6-res-util-lego-c4m2,,258,,lego,,3,,390,,473,,93,,1.0,,Cannot find a large enough foreground near the center of board
sec6-res-util-lego-c4m2,,261,,lego,,3,,389,,463,,82,,1.0,,Cannot find a large enough foreground near the center of board
sec6-res-util-lego-c4m2,,265,,lego,,3,,391,,488,,107,,1.0,,Cannot find a large enough foreground near the center of board
