sec6-res-util-lego-c8m2,,2041,,lego,,3,,430,,475,,96,,1.0,,Cannot locate board border, maybe not the full board is in the scene. Failed at stage 1
sec6-res-util-lego-c8m2,,2044,,lego,,3,,389,,433,,54,,1.0,,Cannot locate board border, maybe not the full board is in the scene. Failed at stage 1
sec6-res-util-lego-c8m2,,2046,,lego,,3,,388,,424,,46,,1.0,,Cannot locate board border, maybe not the full board is in the scene. Failed at stage 1
sec6-res-util-lego-c8m2,,2048,,lego,,3,,388,,434,,56,,1.0,,Cannot locate board border, maybe not the full board is in the scene. Failed at stage 1
sec6-res-util-lego-c8m2,,2050,,lego,,3,,389,,434,,57,,1.0,,Cannot locate board border, maybe not the full board is in the scene. Failed at stage 1
sec6-res-util-lego-c8m2,,2053,,lego,,3,,389,,434,,57,,1.0,,Cannot locate board border, maybe not the full board is in the scene. Failed at stage 1
sec6-res-util-lego-c8m2,,2055,,lego,,3,,389,,433,,56,,1.0,,Cannot locate board border, maybe not the full board is in the scene. Failed at stage 1
sec6-res-util-lego-c8m2,,2058,,lego,,3,,389,,428,,50,,1.0,,Cannot locate board border, maybe not the full board is in the scene. Failed at stage 1
sec6-res-util-lego-c8m2,,2063,,lego,,3,,389,,436,,59,,1.0,,Cannot locate board border, maybe not the full board is in the scene. Failed at stage 1
sec6-res-util-lego-c8m2,,2083,,lego,,3,,395,,439,,61,,1.0,,Cannot locate board border, maybe not the full board is in the scene. Failed at stage 1
sec6-res-util-lego-c8m2,,2085,,lego,,3,,390,,437,,60,,1.0,,Cannot locate board border, maybe not the full board is in the scene. Failed at stage 1
sec6-res-util-lego-c8m2,,2088,,lego,,3,,389,,429,,52,,1.0,,Cannot locate board border, maybe not the full board is in the scene. Failed at stage 1
sec6-res-util-lego-c8m2,,2090,,lego,,3,,390,,434,,56,,1.0,,Cannot locate board border, maybe not the full board is in the scene. Failed at stage 1
sec6-res-util-lego-c8m2,,2093,,lego,,3,,390,,419,,41,,1.0,,Cannot locate board border, maybe not the full board is in the scene. Failed at stage 1
sec6-res-util-lego-c8m2,,2095,,lego,,3,,391,,420,,42,,1.0,,Cannot locate board border, maybe not the full board is in the scene. Failed at stage 1
sec6-res-util-lego-c8m2,,2098,,lego,,3,,389,,431,,53,,1.0,,Cannot locate board border, maybe not the full board is in the scene. Failed at stage 1
sec6-res-util-lego-c8m2,,2100,,lego,,3,,389,,421,,44,,1.0,,Cannot locate board border, maybe not the full board is in the scene. Failed at stage 1
sec6-res-util-lego-c8m2,,2102,,lego,,3,,391,,435,,57,,1.0,,Cannot locate board border, maybe not the full board is in the scene. Failed at stage 1
sec6-res-util-lego-c8m2,,2105,,lego,,3,,394,,439,,62,,1.0,,Cannot locate board border, maybe not the full board is in the scene. Failed at stage 1
sec6-res-util-lego-c8m2,,2108,,lego,,3,,391,,435,,57,,1.0,,Cannot locate board border, maybe not the full board is in the scene. Failed at stage 1
sec6-res-util-lego-c8m2,,2110,,lego,,3,,389,,421,,42,,1.0,,Cannot locate board border, maybe not the full board is in the scene. Failed at stage 1
sec6-res-util-lego-c8m2,,2144,,lego,,3,,397,,425,,47,,1.0,,Cannot locate board border, maybe not the full board is in the scene. Failed at stage 1
sec6-res-util-lego-c8m2,,2146,,lego,,3,,392,,431,,54,,1.0,,Cannot locate board border, maybe not the full board is in the scene. Failed at stage 1
sec6-res-util-lego-c8m2,,2148,,lego,,3,,390,,421,,43,,1.0,,Cannot locate board border, maybe not the full board is in the scene. Failed at stage 1
sec6-res-util-lego-c8m2,,2158,,lego,,3,,390,,429,,52,,1.0,,Cannot locate board border, maybe not the full board is in the scene. Failed at stage 1
sec6-res-util-lego-c8m2,,2160,,lego,,3,,393,,431,,54,,1.0,,Cannot locate board border, maybe not the full board is in the scene. Failed at stage 1
sec6-res-util-lego-c8m2,,2162,,lego,,3,,390,,430,,52,,1.0,,Cannot locate board border, maybe not the full board is in the scene. Failed at stage 1
sec6-res-util-lego-c8m2,,2165,,lego,,3,,388,,426,,49,,1.0,,Cannot locate board border, maybe not the full board is in the scene. Failed at stage 1
sec6-res-util-lego-c8m2,,2167,,lego,,3,,391,,429,,51,,1.0,,Cannot locate board border, maybe not the full board is in the scene. Failed at stage 1
sec6-res-util-lego-c8m2,,2169,,lego,,3,,390,,416,,39,,1.0,,Cannot locate board border, maybe not the full board is in the scene. Failed at stage 1
sec6-res-util-lego-c8m2,,2244,,lego,,3,,395,,427,,49,,1.0,,Cannot locate board border, maybe not the full board is in the scene. Failed at stage 1
sec6-res-util-lego-c8m2,,2247,,lego,,3,,389,,415,,38,,1.0,,Cannot locate board border, maybe not the full board is in the scene. Failed at stage 1
sec6-res-util-lego-c8m2,,2249,,lego,,3,,389,,419,,40,,1.0,,Cannot locate board border, maybe not the full board is in the scene. Failed at stage 1
sec6-res-util-lego-c8m2,,2251,,lego,,3,,388,,418,,40,,1.0,,Cannot locate board border, maybe not the full board is in the scene. Failed at stage 1
sec6-res-util-lego-c8m2,,2254,,lego,,3,,389,,425,,48,,1.0,,Cannot locate board border, maybe not the full board is in the scene. Failed at stage 1
sec6-res-util-lego-c8m2,,2256,,lego,,3,,389,,429,,52,,1.0,,Cannot locate board border, maybe not the full board is in the scene. Failed at stage 1
sec6-res-util-lego-c8m2,,2258,,lego,,3,,389,,427,,49,,1.0,,Cannot locate board border, maybe not the full board is in the scene. Failed at stage 1
sec6-res-util-lego-c8m2,,2261,,lego,,3,,388,,431,,53,,1.0,,Cannot locate board border, maybe not the full board is in the scene. Failed at stage 1
sec6-res-util-lego-c8m2,,2263,,lego,,3,,389,,431,,53,,1.0,,Cannot locate board border, maybe not the full board is in the scene. Failed at stage 1
sec6-res-util-lego-c8m2,,2266,,lego,,3,,389,,433,,55,,1.0,,Cannot locate board border, maybe not the full board is in the scene. Failed at stage 1
sec6-res-util-lego-c8m2,,2268,,lego,,3,,389,,432,,55,,1.0,,Cannot locate board border, maybe not the full board is in the scene. Failed at stage 1
sec6-res-util-lego-c8m2,,2271,,lego,,3,,389,,440,,62,,1.0,,Cannot locate board border, maybe not the full board is in the scene. Failed at stage 1
sec6-res-util-lego-c8m2,,2273,,lego,,3,,389,,445,,68,,1.0,,Cannot locate board border, maybe not the full board is in the scene. Failed at stage 1
sec6-res-util-lego-c8m2,,2276,,lego,,3,,389,,446,,69,,1.0,,Cannot locate board border, maybe not the full board is in the scene. Failed at stage 1
sec6-res-util-lego-c8m2,,2279,,lego,,3,,389,,445,,68,,1.0,,Cannot locate board border, maybe not the full board is in the scene. Failed at stage 1
sec6-res-util-lego-c8m2,,2282,,lego,,3,,389,,434,,57,,1.0,,Cannot locate board border, maybe not the full board is in the scene. Failed at stage 1
sec6-res-util-lego-c8m2,,2285,,lego,,3,,390,,424,,47,,1.0,,Cannot locate board border, maybe not the full board is in the scene. Failed at stage 1
sec6-res-util-lego-c8m2,,2287,,lego,,3,,388,,427,,49,,1.0,,Cannot locate board border, maybe not the full board is in the scene. Failed at stage 1
sec6-res-util-lego-c8m2,,2289,,lego,,3,,389,,424,,47,,1.0,,Cannot locate board border, maybe not the full board is in the scene. Failed at stage 1
sec6-res-util-lego-c8m2,,2292,,lego,,3,,390,,428,,50,,1.0,,Cannot locate board border, maybe not the full board is in the scene. Failed at stage 1
sec6-res-util-lego-c8m2,,2294,,lego,,3,,390,,426,,48,,1.0,,Cannot locate board border, maybe not the full board is in the scene. Failed at stage 1
sec6-res-util-lego-c8m2,,2296,,lego,,3,,389,,428,,50,,1.0,,Cannot locate board border, maybe not the full board is in the scene. Failed at stage 1
sec6-res-util-lego-c8m2,,2299,,lego,,3,,389,,450,,73,,1.0,,Cannot locate board border, maybe not the full board is in the scene. Failed at stage 1
sec6-res-util-lego-c8m2,,2302,,lego,,3,,389,,448,,70,,1.0,,Cannot locate board border, maybe not the full board is in the scene. Failed at stage 1
sec6-res-util-lego-c8m2,,2305,,lego,,3,,389,,452,,74,,1.0,,Cannot locate board border, maybe not the full board is in the scene. Failed at stage 1
sec6-res-util-lego-c8m2,,2308,,lego,,3,,389,,441,,64,,1.0,,Cannot locate board border, maybe not the full board is in the scene. Failed at stage 1
sec6-res-util-lego-c8m2,,2311,,lego,,3,,388,,451,,73,,1.0,,Cannot locate board border, maybe not the full board is in the scene. Failed at stage 1
sec6-res-util-lego-c8m2,,2314,,lego,,3,,389,,433,,55,,1.0,,Cannot locate board border, maybe not the full board is in the scene. Failed at stage 1
sec6-res-util-lego-c8m2,,2316,,lego,,3,,388,,430,,53,,1.0,,Cannot locate board border, maybe not the full board is in the scene. Failed at stage 1
sec6-res-util-lego-c8m2,,2319,,lego,,3,,390,,524,,146,,1.0,,Cannot find a large enough foreground near the center of board
sec6-res-util-lego-c8m2,,2324,,lego,,3,,388,,429,,51,,1.0,,Cannot locate board border, maybe not the full board is in the scene. Failed at stage 1
sec6-res-util-lego-c8m2,,2326,,lego,,3,,388,,450,,72,,1.0,,Cannot locate board border, maybe not the full board is in the scene. Failed at stage 1
sec6-res-util-lego-c8m2,,2329,,lego,,3,,390,,444,,67,,1.0,,Cannot locate board border, maybe not the full board is in the scene. Failed at stage 1
sec6-res-util-lego-c8m2,,2333,,lego,,3,,389,,432,,55,,1.0,,Cannot locate board border, maybe not the full board is in the scene. Failed at stage 1
sec6-res-util-lego-c8m2,,2335,,lego,,3,,389,,452,,74,,1.0,,Cannot locate board border, maybe not the full board is in the scene. Failed at stage 1
sec6-res-util-lego-c8m2,,2338,,lego,,3,,388,,443,,66,,1.0,,Cannot locate board border, maybe not the full board is in the scene. Failed at stage 1
sec6-res-util-lego-c8m2,,2341,,lego,,3,,391,,854,,496,,1.0,,Not confident about reconstruction, maybe too much noise
sec6-res-util-lego-c8m2,,2357,,lego,,3,,388,,811,,483,,1.0,,[[0 2 1 1]
 [0 2 1 6]
 [2 2 2 2]]
sec6-res-util-lego-c8m2,,2372,,lego,,3,,389,,849,,483,,1.0,,[[0 2 1 1]
 [0 2 1 6]
 [2 2 2 2]]
sec6-res-util-lego-c8m2,,2388,,lego,,3,,388,,857,,585,,1.0,,[[0 2 1 1]
 [0 2 1 6]
 [2 2 2 2]]
sec6-res-util-lego-c8m2,,2406,,lego,,3,,389,,847,,483,,1.0,,Not confident about reconstruction, maybe too much noise
sec6-res-util-lego-c8m2,,2422,,lego,,3,,390,,856,,572,,1.0,,[[0 2 1 1]
 [0 2 1 6]
 [2 2 2 2]]
sec6-res-util-lego-c8m2,,2440,,lego,,3,,389,,822,,482,,1.0,,[[0 2 1 1]
 [0 2 1 6]
 [2 2 2 2]]!!State Change!!
sec6-res-util-lego-c8m2,,2473,,lego,,3,,395,,426,,49,,1.0,,Cannot locate board border, maybe not the full board is in the scene. Failed at stage 1
sec6-res-util-lego-c8m2,,2506,,lego,,3,,392,,438,,61,,1.0,,Cannot locate board border, maybe not the full board is in the scene. Failed at stage 1
sec6-res-util-lego-c8m2,,2538,,lego,,3,,396,,432,,54,,1.0,,Cannot locate board border, maybe not the full board is in the scene. Failed at stage 1
sec6-res-util-lego-c8m2,,2568,,lego,,3,,391,,428,,50,,1.0,,Cannot locate board border, maybe not the full board is in the scene. Failed at stage 1
sec6-res-util-lego-c8m2,,2594,,lego,,3,,395,,428,,50,,1.0,,Cannot locate board border, maybe not the full board is in the scene. Failed at stage 1
sec6-res-util-lego-c8m2,,2616,,lego,,3,,395,,428,,51,,1.0,,Cannot locate board border, maybe not the full board is in the scene. Failed at stage 1
sec6-res-util-lego-c8m2,,2635,,lego,,3,,395,,428,,51,,1.0,,Cannot locate board border, maybe not the full board is in the scene. Failed at stage 1
sec6-res-util-lego-c8m2,,2650,,lego,,3,,395,,438,,60,,1.0,,Cannot locate board border, maybe not the full board is in the scene. Failed at stage 1
sec6-res-util-lego-c8m2,,2664,,lego,,3,,396,,423,,45,,1.0,,Cannot locate board border, maybe not the full board is in the scene. Failed at stage 1
sec6-res-util-lego-c8m2,,2675,,lego,,3,,398,,464,,86,,1.0,,Cannot locate board border, maybe not the full board is in the scene. Failed at stage 1
sec6-res-util-lego-c8m2,,2685,,lego,,3,,391,,826,,721,,0.99999889779,,Not confident about reconstruction, maybe too much noise
sec6-res-util-lego-c8m2,,2707,,lego,,3,,389,,815,,474,,1.0,,Not confident about reconstruction, maybe too much noise
sec6-res-util-lego-c8m2,,2723,,lego,,3,,391,,838,,473,,1.0,,Not confident about reconstruction, maybe too much noise
sec6-res-util-lego-c8m2,,2738,,lego,,3,,389,,820,,483,,1.0,,Not confident about reconstruction, maybe too much noise
sec6-res-util-lego-c8m2,,2753,,lego,,3,,388,,829,,481,,1.0,,[[0 2 2 2]
 [0 2 1 1]
 [0 2 1 6]
 [2 2 2 2]]
sec6-res-util-lego-c8m2,,2769,,lego,,3,,388,,808,,470,,1.0,,[[0 2 2 2]
 [0 2 1 1]
 [0 2 1 6]
 [2 2 2 2]]
sec6-res-util-lego-c8m2,,2784,,lego,,3,,389,,843,,572,,1.0,,Not confident about reconstruction, maybe too much noise
sec6-res-util-lego-c8m2,,2802,,lego,,3,,389,,849,,574,,1.0,,Not confident about reconstruction, maybe too much noise
sec6-res-util-lego-c8m2,,2821,,lego,,3,,388,,832,,471,,1.0,,[[0 2 2 2]
 [0 2 1 1]
 [0 2 1 6]
 [2 2 2 2]]
sec6-res-util-lego-c8m2,,2836,,lego,,3,,391,,840,,479,,1.0,,Not confident about reconstruction, maybe too much noise
sec6-res-util-lego-c8m2,,2852,,lego,,3,,390,,848,,485,,1.0,,Not confident about reconstruction, maybe too much noise
sec6-res-util-lego-c8m2,,8,,lego,,3,,390,,490,,113,,1.0,,Cannot find a large enough foreground near the center of board
sec6-res-util-lego-c8m2,,12,,lego,,3,,390,,495,,117,,1.0,,Cannot find a large enough foreground near the center of board
sec6-res-util-lego-c8m2,,17,,lego,,3,,393,,493,,115,,1.0,,Cannot find a large enough foreground near the center of board
sec6-res-util-lego-c8m2,,21,,lego,,3,,389,,487,,109,,1.0,,Cannot find a large enough foreground near the center of board
sec6-res-util-lego-c8m2,,25,,lego,,3,,389,,467,,89,,1.0,,Cannot find a large enough foreground near the center of board
sec6-res-util-lego-c8m2,,29,,lego,,3,,389,,460,,94,,1.0,,Cannot find a large enough foreground near the center of board
sec6-res-util-lego-c8m2,,33,,lego,,3,,389,,466,,88,,1.0,,Cannot find a large enough foreground near the center of board
sec6-res-util-lego-c8m2,,36,,lego,,3,,391,,492,,114,,1.0,,Cannot find a large enough foreground near the center of board
sec6-res-util-lego-c8m2,,40,,lego,,3,,388,,465,,87,,1.0,,Cannot find a large enough foreground near the center of board
sec6-res-util-lego-c8m2,,44,,lego,,3,,389,,481,,103,,1.0,,Cannot find a large enough foreground near the center of board
sec6-res-util-lego-c8m2,,48,,lego,,3,,388,,461,,83,,1.0,,Cannot find a large enough foreground near the center of board
sec6-res-util-lego-c8m2,,52,,lego,,3,,389,,468,,156,,1.0,,Cannot find a large enough foreground near the center of board
sec6-res-util-lego-c8m2,,57,,lego,,3,,389,,486,,108,,1.0,,Cannot find a large enough foreground near the center of board
sec6-res-util-lego-c8m2,,61,,lego,,3,,388,,489,,111,,1.0,,Cannot find a large enough foreground near the center of board
sec6-res-util-lego-c8m2,,65,,lego,,3,,389,,491,,113,,1.0,,Cannot find a large enough foreground near the center of board
sec6-res-util-lego-c8m2,,70,,lego,,3,,389,,491,,115,,1.0,,Cannot find a large enough foreground near the center of board
sec6-res-util-lego-c8m2,,74,,lego,,3,,390,,465,,87,,1.0,,Cannot find a large enough foreground near the center of board
sec6-res-util-lego-c8m2,,77,,lego,,3,,389,,458,,82,,1.0,,Cannot find a large enough foreground near the center of board
sec6-res-util-lego-c8m2,,81,,lego,,3,,390,,465,,87,,1.0,,Cannot find a large enough foreground near the center of board
sec6-res-util-lego-c8m2,,84,,lego,,3,,389,,489,,185,,1.0,,Cannot find a large enough foreground near the center of board
sec6-res-util-lego-c8m2,,91,,lego,,3,,389,,482,,105,,1.0,,Cannot find a large enough foreground near the center of board
sec6-res-util-lego-c8m2,,95,,lego,,3,,392,,468,,91,,1.0,,Cannot find a large enough foreground near the center of board
sec6-res-util-lego-c8m2,,98,,lego,,3,,389,,492,,114,,1.0,,Cannot find a large enough foreground near the center of board
sec6-res-util-lego-c8m2,,103,,lego,,3,,390,,491,,113,,1.0,,Cannot find a large enough foreground near the center of board
sec6-res-util-lego-c8m2,,107,,lego,,3,,389,,487,,110,,1.0,,Cannot find a large enough foreground near the center of board
sec6-res-util-lego-c8m2,,111,,lego,,3,,389,,468,,90,,1.0,,Cannot find a large enough foreground near the center of board
sec6-res-util-lego-c8m2,,115,,lego,,3,,389,,475,,297,,1.0,,Cannot find a large enough foreground near the center of board
sec6-res-util-lego-c8m2,,125,,lego,,3,,406,,504,,127,,1.0,,Cannot find a large enough foreground near the center of board
sec6-res-util-lego-c8m2,,129,,lego,,3,,388,,482,,104,,1.0,,Cannot find a large enough foreground near the center of board
sec6-res-util-lego-c8m2,,133,,lego,,3,,391,,488,,111,,1.0,,Cannot find a large enough foreground near the center of board
sec6-res-util-lego-c8m2,,138,,lego,,3,,390,,494,,116,,1.0,,Cannot find a large enough foreground near the center of board
sec6-res-util-lego-c8m2,,142,,lego,,3,,390,,485,,111,,1.0,,Cannot find a large enough foreground near the center of board
sec6-res-util-lego-c8m2,,146,,lego,,3,,389,,490,,171,,1.0,,Cannot find a large enough foreground near the center of board
sec6-res-util-lego-c8m2,,152,,lego,,3,,389,,498,,121,,1.0,,Cannot find a large enough foreground near the center of board
sec6-res-util-lego-c8m2,,157,,lego,,3,,389,,472,,95,,1.0,,Cannot find a large enough foreground near the center of board
sec6-res-util-lego-c8m2,,161,,lego,,3,,389,,463,,85,,1.0,,Cannot find a large enough foreground near the center of board
sec6-res-util-lego-c8m2,,164,,lego,,3,,388,,490,,112,,1.0,,Cannot find a large enough foreground near the center of board
sec6-res-util-lego-c8m2,,169,,lego,,3,,389,,486,,111,,1.0,,Cannot find a large enough foreground near the center of board
sec6-res-util-lego-c8m2,,173,,lego,,3,,391,,463,,86,,1.0,,Cannot find a large enough foreground near the center of board
sec6-res-util-lego-c8m2,,176,,lego,,3,,390,,458,,80,,1.0,,Cannot find a large enough foreground near the center of board
sec6-res-util-lego-c8m2,,180,,lego,,3,,389,,477,,99,,1.0,,Cannot find a large enough foreground near the center of board
sec6-res-util-lego-c8m2,,184,,lego,,3,,389,,463,,157,,1.0,,Cannot find a large enough foreground near the center of board
sec6-res-util-lego-c8m2,,189,,lego,,3,,389,,464,,86,,1.0,,Cannot find a large enough foreground near the center of board
sec6-res-util-lego-c8m2,,193,,lego,,3,,388,,476,,99,,1.0,,Cannot find a large enough foreground near the center of board
sec6-res-util-lego-c8m2,,197,,lego,,3,,389,,488,,110,,1.0,,Cannot find a large enough foreground near the center of board
sec6-res-util-lego-c8m2,,229,,lego,,3,,395,,497,,119,,1.0,,Cannot find a large enough foreground near the center of board
sec6-res-util-lego-c8m2,,233,,lego,,3,,389,,482,,104,,1.0,,Cannot find a large enough foreground near the center of board
sec6-res-util-lego-c8m2,,237,,lego,,3,,388,,486,,109,,1.0,,Cannot find a large enough foreground near the center of board
sec6-res-util-lego-c8m2,,241,,lego,,3,,386,,491,,190,,1.0,,Cannot find a large enough foreground near the center of board
sec6-res-util-lego-c8m2,,248,,lego,,3,,389,,479,,101,,1.0,,Cannot find a large enough foreground near the center of board
sec6-res-util-lego-c8m2,,251,,lego,,3,,391,,489,,111,,1.0,,Cannot find a large enough foreground near the center of board
sec6-res-util-lego-c8m2,,256,,lego,,3,,389,,486,,108,,1.0,,Cannot find a large enough foreground near the center of board
sec6-res-util-lego-c8m2,,260,,lego,,3,,388,,487,,109,,1.0,,Cannot find a large enough foreground near the center of board
sec6-res-util-lego-c8m2,,264,,lego,,3,,388,,451,,73,,1.0,,Cannot locate board border, maybe not the full board is in the scene. Failed at stage 1
sec6-res-util-lego-c8m2,,267,,lego,,3,,388,,485,,135,,1.0,,Cannot find a large enough foreground near the center of board
sec6-res-util-lego-c8m2,,272,,lego,,3,,389,,485,,107,,1.0,,Cannot find a large enough foreground near the center of board
sec6-res-util-lego-c8m2,,276,,lego,,3,,389,,488,,111,,1.0,,Cannot find a large enough foreground near the center of board
sec6-res-util-lego-c8m2,,280,,lego,,3,,389,,491,,113,,1.0,,Cannot find a large enough foreground near the center of board
sec6-res-util-lego-c8m2,,285,,lego,,3,,389,,487,,109,,1.0,,Cannot find a large enough foreground near the center of board
sec6-res-util-lego-c8m2,,289,,lego,,3,,389,,487,,109,,1.0,,Cannot find a large enough foreground near the center of board
sec6-res-util-lego-c8m2,,293,,lego,,3,,389,,444,,67,,1.0,,Cannot locate board border, maybe not the full board is in the scene. Failed at stage 1
sec6-res-util-lego-c8m2,,296,,lego,,3,,388,,441,,64,,1.0,,Cannot locate board border, maybe not the full board is in the scene. Failed at stage 1
sec6-res-util-lego-c8m2,,299,,lego,,3,,396,,434,,56,,1.0,,Cannot locate board border, maybe not the full board is in the scene. Failed at stage 1
sec6-res-util-lego-c8m2,,302,,lego,,3,,389,,439,,62,,1.0,,Cannot locate board border, maybe not the full board is in the scene. Failed at stage 1
sec6-res-util-lego-c8m2,,305,,lego,,3,,389,,440,,63,,1.0,,Cannot locate board border, maybe not the full board is in the scene. Failed at stage 1
sec6-res-util-lego-c8m2,,307,,lego,,3,,389,,441,,64,,1.0,,Cannot locate board border, maybe not the full board is in the scene. Failed at stage 1
sec6-res-util-lego-c8m2,,310,,lego,,3,,389,,439,,62,,1.0,,Cannot locate board border, maybe not the full board is in the scene. Failed at stage 1
sec6-res-util-lego-c8m2,,313,,lego,,3,,389,,426,,48,,1.0,,Cannot locate board border, maybe not the full board is in the scene. Failed at stage 1
sec6-res-util-lego-c8m2,,315,,lego,,3,,389,,449,,71,,1.0,,Cannot locate board border, maybe not the full board is in the scene. Failed at stage 1
sec6-res-util-lego-c8m2,,318,,lego,,3,,389,,864,,572,,1.0,,[[2 2 2 2]]
sec6-res-util-lego-c8m2,,337,,lego,,3,,389,,844,,570,,1.0,,[[2 2 2 2]]
sec6-res-util-lego-c8m2,,355,,lego,,3,,389,,847,,571,,1.0,,[[2 2 2 2]]
sec6-res-util-lego-c8m2,,374,,lego,,3,,387,,850,,572,,1.0,,[[2 2 2 2]]
sec6-res-util-lego-c8m2,,392,,lego,,3,,390,,863,,574,,1.0,,[[2 2 2 2]]!!State Change!!
sec6-res-util-lego-c8m2,,426,,lego,,3,,395,,841,,573,,1.0,,[[2 2 2 2]]
sec6-res-util-lego-c8m2,,459,,lego,,3,,396,,888,,599,,1.0,,[[2 2 2 2]]
sec6-res-util-lego-c8m2,,490,,lego,,3,,395,,878,,577,,1.0,,[[2 2 2 2]]
sec6-res-util-lego-c8m2,,519,,lego,,3,,396,,462,,84,,1.0,,Cannot locate board border, maybe not the full board is in the scene. Failed at stage 1
sec6-res-util-lego-c8m2,,545,,lego,,3,,398,,444,,66,,1.0,,Cannot locate board border, maybe not the full board is in the scene. Failed at stage 1
sec6-res-util-lego-c8m2,,568,,lego,,3,,398,,448,,70,,1.0,,Cannot locate board border, maybe not the full board is in the scene. Failed at stage 1
sec6-res-util-lego-c8m2,,617,,lego,,3,,395,,434,,56,,1.0,,Cannot locate board border, maybe not the full board is in the scene. Failed at stage 1
sec6-res-util-lego-c8m2,,629,,lego,,3,,394,,434,,58,,1.0,,Cannot locate board border, maybe not the full board is in the scene. Failed at stage 1
sec6-res-util-lego-c8m2,,639,,lego,,3,,395,,432,,55,,1.0,,Cannot locate board border, maybe not the full board is in the scene. Failed at stage 1
sec6-res-util-lego-c8m2,,648,,lego,,3,,395,,428,,51,,1.0,,Cannot locate board border, maybe not the full board is in the scene. Failed at stage 1
sec6-res-util-lego-c8m2,,656,,lego,,3,,395,,423,,46,,1.0,,Cannot locate board border, maybe not the full board is in the scene. Failed at stage 1
sec6-res-util-lego-c8m2,,663,,lego,,3,,387,,430,,146,,1.0,,Cannot locate board border, maybe not the full board is in the scene. Failed at stage 1
sec6-res-util-lego-c8m2,,670,,lego,,3,,388,,424,,47,,1.0,,Cannot locate board border, maybe not the full board is in the scene. Failed at stage 1
sec6-res-util-lego-c8m2,,676,,lego,,3,,388,,438,,60,,1.0,,Cannot locate board border, maybe not the full board is in the scene. Failed at stage 1
sec6-res-util-lego-c8m2,,681,,lego,,3,,387,,438,,60,,1.0,,Cannot locate board border, maybe not the full board is in the scene. Failed at stage 1
sec6-res-util-lego-c8m2,,687,,lego,,3,,389,,429,,51,,1.0,,Cannot locate board border, maybe not the full board is in the scene. Failed at stage 1
sec6-res-util-lego-c8m2,,692,,lego,,3,,389,,452,,74,,1.0,,Cannot locate board border, maybe not the full board is in the scene. Failed at stage 1
sec6-res-util-lego-c8m2,,697,,lego,,3,,389,,467,,90,,1.0,,Cannot locate board border, maybe not the full board is in the scene. Failed at stage 1
sec6-res-util-lego-c8m2,,700,,lego,,3,,389,,450,,71,,1.0,,Cannot locate board border, maybe not the full board is in the scene. Failed at stage 1
sec6-res-util-lego-c8m2,,704,,lego,,3,,393,,850,,509,,1.0,,[[0 0 1 0]
 [2 2 2 2]]
sec6-res-util-lego-c8m2,,721,,lego,,3,,389,,848,,482,,1.0,,[[0 0 1 0]
 [2 2 2 2]]
sec6-res-util-lego-c8m2,,736,,lego,,3,,390,,845,,481,,1.0,,[[0 0 1 0]
 [2 2 2 2]]
sec6-res-util-lego-c8m2,,751,,lego,,3,,390,,844,,480,,1.0,,[[0 0 1 0]
 [2 2 2 2]]
sec6-res-util-lego-c8m2,,767,,lego,,3,,389,,859,,573,,1.0,,[[0 0 1 0]
 [2 2 2 2]]!!State Change!!
sec6-res-util-lego-c8m2,,800,,lego,,3,,396,,855,,589,,1.0,,[[0 0 1 0]
 [2 2 2 2]]
sec6-res-util-lego-c8m2,,833,,lego,,3,,394,,857,,525,,1.0,,[[0 0 1 0]
 [2 2 2 2]]
sec6-res-util-lego-c8m2,,864,,lego,,3,,397,,880,,613,,0.999999999853,,[[0 0 1 0]
 [2 2 2 2]]
sec6-res-util-lego-c8m2,,1004,,lego,,3,,396,,437,,60,,1.0,,Cannot locate board border, maybe not the full board is in the scene. Failed at stage 1
sec6-res-util-lego-c8m2,,1014,,lego,,3,,392,,421,,42,,1.0,,Cannot locate board border, maybe not the full board is in the scene. Failed at stage 1
sec6-res-util-lego-c8m2,,1023,,lego,,3,,394,,428,,50,,1.0,,Cannot locate board border, maybe not the full board is in the scene. Failed at stage 1
sec6-res-util-lego-c8m2,,1031,,lego,,3,,395,,427,,49,,1.0,,Cannot locate board border, maybe not the full board is in the scene. Failed at stage 1
sec6-res-util-lego-c8m2,,1038,,lego,,3,,387,,417,,37,,1.0,,Cannot locate board border, maybe not the full board is in the scene. Failed at stage 1
sec6-res-util-lego-c8m2,,1045,,lego,,3,,387,,421,,119,,1.0,,Cannot locate board border, maybe not the full board is in the scene. Failed at stage 1
sec6-res-util-lego-c8m2,,1051,,lego,,3,,387,,421,,42,,1.0,,Cannot locate board border, maybe not the full board is in the scene. Failed at stage 1
sec6-res-util-lego-c8m2,,1056,,lego,,3,,390,,421,,41,,1.0,,Cannot locate board border, maybe not the full board is in the scene. Failed at stage 1
sec6-res-util-lego-c8m2,,1062,,lego,,3,,393,,428,,48,,1.0,,Cannot locate board border, maybe not the full board is in the scene. Failed at stage 1
sec6-res-util-lego-c8m2,,1067,,lego,,3,,386,,417,,38,,1.0,,Cannot locate board border, maybe not the full board is in the scene. Failed at stage 1
sec6-res-util-lego-c8m2,,1071,,lego,,3,,388,,423,,45,,1.0,,Cannot locate board border, maybe not the full board is in the scene. Failed at stage 1
sec6-res-util-lego-c8m2,,1076,,lego,,3,,390,,425,,48,,1.0,,Cannot locate board border, maybe not the full board is in the scene. Failed at stage 1
sec6-res-util-lego-c8m2,,1080,,lego,,3,,389,,423,,45,,1.0,,Cannot locate board border, maybe not the full board is in the scene. Failed at stage 1
sec6-res-util-lego-c8m2,,1084,,lego,,3,,389,,443,,65,,1.0,,Cannot locate board border, maybe not the full board is in the scene. Failed at stage 1
sec6-res-util-lego-c8m2,,1087,,lego,,3,,392,,444,,66,,1.0,,Cannot locate board border, maybe not the full board is in the scene. Failed at stage 1
sec6-res-util-lego-c8m2,,1090,,lego,,3,,387,,426,,51,,1.0,,Cannot locate board border, maybe not the full board is in the scene. Failed at stage 1
sec6-res-util-lego-c8m2,,1094,,lego,,3,,389,,443,,65,,1.0,,Cannot locate board border, maybe not the full board is in the scene. Failed at stage 1
sec6-res-util-lego-c8m2,,1097,,lego,,3,,389,,430,,52,,1.0,,Cannot locate board border, maybe not the full board is in the scene. Failed at stage 1
sec6-res-util-lego-c8m2,,1099,,lego,,3,,391,,442,,64,,1.0,,Cannot locate board border, maybe not the full board is in the scene. Failed at stage 1
sec6-res-util-lego-c8m2,,1102,,lego,,3,,390,,443,,65,,1.0,,Cannot locate board border, maybe not the full board is in the scene. Failed at stage 1
sec6-res-util-lego-c8m2,,1105,,lego,,3,,389,,450,,72,,1.0,,Cannot locate board border, maybe not the full board is in the scene. Failed at stage 1
sec6-res-util-lego-c8m2,,1108,,lego,,3,,390,,449,,71,,1.0,,Cannot locate board border, maybe not the full board is in the scene. Failed at stage 1
sec6-res-util-lego-c8m2,,1111,,lego,,3,,390,,866,,585,,1.0,,[[0 0 1 6]
 [2 2 2 2]]
sec6-res-util-lego-c8m2,,1129,,lego,,3,,387,,853,,574,,1.0,,[[0 0 1 6]
 [2 2 2 2]]
sec6-res-util-lego-c8m2,,1148,,lego,,3,,391,,840,,568,,1.0,,[[0 0 1 6]
 [2 2 2 2]]
sec6-res-util-lego-c8m2,,1166,,lego,,3,,390,,854,,571,,1.0,,[[0 0 1 6]
 [2 2 2 2]]
sec6-res-util-lego-c8m2,,1185,,lego,,3,,387,,835,,476,,1.0,,[[0 0 1 6]
 [2 2 2 2]]!!State Change!!
sec6-res-util-lego-c8m2,,1218,,lego,,3,,396,,858,,572,,1.0,,Not confident about reconstruction, maybe too much noise
sec6-res-util-lego-c8m2,,1251,,lego,,3,,396,,834,,513,,1.0,,Not confident about reconstruction, maybe too much noise
sec6-res-util-lego-c8m2,,1282,,lego,,3,,396,,442,,65,,1.0,,Cannot locate board border, maybe not the full board is in the scene. Failed at stage 1
sec6-res-util-lego-c8m2,,1312,,lego,,3,,396,,441,,63,,1.0,,Cannot locate board border, maybe not the full board is in the scene. Failed at stage 1
sec6-res-util-lego-c8m2,,1361,,lego,,3,,401,,431,,53,,1.0,,Cannot locate board border, maybe not the full board is in the scene. Failed at stage 1
sec6-res-util-lego-c8m2,,1380,,lego,,3,,396,,438,,60,,1.0,,Cannot locate board border, maybe not the full board is in the scene. Failed at stage 1
sec6-res-util-lego-c8m2,,1395,,lego,,3,,395,,423,,45,,1.0,,Cannot locate board border, maybe not the full board is in the scene. Failed at stage 1
sec6-res-util-lego-c8m2,,1408,,lego,,3,,396,,439,,61,,1.0,,Cannot locate board border, maybe not the full board is in the scene. Failed at stage 1
sec6-res-util-lego-c8m2,,1419,,lego,,3,,395,,437,,60,,1.0,,Cannot locate board border, maybe not the full board is in the scene. Failed at stage 1
sec6-res-util-lego-c8m2,,1429,,lego,,3,,394,,428,,50,,1.0,,Cannot locate board border, maybe not the full board is in the scene. Failed at stage 1
sec6-res-util-lego-c8m2,,1438,,lego,,3,,395,,435,,57,,1.0,,Cannot locate board border, maybe not the full board is in the scene. Failed at stage 1
sec6-res-util-lego-c8m2,,1446,,lego,,3,,395,,422,,43,,1.0,,Cannot locate board border, maybe not the full board is in the scene. Failed at stage 1
sec6-res-util-lego-c8m2,,1453,,lego,,3,,390,,429,,52,,1.0,,Cannot locate board border, maybe not the full board is in the scene. Failed at stage 1
sec6-res-util-lego-c8m2,,1460,,lego,,3,,388,,435,,57,,1.0,,Cannot locate board border, maybe not the full board is in the scene. Failed at stage 1
sec6-res-util-lego-c8m2,,1466,,lego,,3,,394,,447,,71,,1.0,,Cannot locate board border, maybe not the full board is in the scene. Failed at stage 1
sec6-res-util-lego-c8m2,,1471,,lego,,3,,387,,440,,139,,1.0,,Cannot locate board border, maybe not the full board is in the scene. Failed at stage 1
sec6-res-util-lego-c8m2,,1476,,lego,,3,,387,,441,,62,,1.0,,Cannot locate board border, maybe not the full board is in the scene. Failed at stage 1
sec6-res-util-lego-c8m2,,1481,,lego,,3,,387,,439,,61,,1.0,,Cannot locate board border, maybe not the full board is in the scene. Failed at stage 1
sec6-res-util-lego-c8m2,,1486,,lego,,3,,388,,447,,69,,1.0,,Cannot locate board border, maybe not the full board is in the scene. Failed at stage 1
sec6-res-util-lego-c8m2,,1491,,lego,,3,,388,,448,,70,,1.0,,Cannot locate board border, maybe not the full board is in the scene. Failed at stage 1
sec6-res-util-lego-c8m2,,1495,,lego,,3,,387,,833,,480,,1.0,,Not confident about reconstruction, maybe too much noise
sec6-res-util-lego-c8m2,,1510,,lego,,3,,389,,868,,583,,1.0,,Not confident about reconstruction, maybe too much noise
sec6-res-util-lego-c8m2,,1529,,lego,,3,,389,,438,,59,,1.0,,Cannot locate board border, maybe not the full board is in the scene. Failed at stage 1
sec6-res-util-lego-c8m2,,1531,,lego,,3,,389,,431,,51,,1.0,,Cannot locate board border, maybe not the full board is in the scene. Failed at stage 1
sec6-res-util-lego-c8m2,,1533,,lego,,3,,387,,437,,57,,1.0,,Cannot locate board border, maybe not the full board is in the scene. Failed at stage 1
sec6-res-util-lego-c8m2,,1535,,lego,,3,,387,,819,,470,,1.0,,Not confident about reconstruction, maybe too much noise
sec6-res-util-lego-c8m2,,1550,,lego,,3,,389,,825,,499,,1.0,,Not confident about reconstruction, maybe too much noise
sec6-res-util-lego-c8m2,,1565,,lego,,3,,387,,837,,497,,1.0,,Not confident about reconstruction, maybe too much noise
sec6-res-util-lego-c8m2,,1581,,lego,,3,,387,,856,,499,,1.0,,Not confident about reconstruction, maybe too much noise
sec6-res-util-lego-c8m2,,1596,,lego,,3,,387,,851,,499,,1.0,,Not confident about reconstruction, maybe too much noise
sec6-res-util-lego-c8m2,,1611,,lego,,3,,389,,880,,594,,1.0,,Not confident about reconstruction, maybe too much noise
sec6-res-util-lego-c8m2,,1630,,lego,,3,,389,,842,,571,,1.0,,Not confident about reconstruction, maybe too much noise
sec6-res-util-lego-c8m2,,1648,,lego,,3,,388,,436,,58,,1.0,,Cannot locate board border, maybe not the full board is in the scene. Failed at stage 1
sec6-res-util-lego-c8m2,,1651,,lego,,3,,388,,427,,49,,1.0,,Cannot locate board border, maybe not the full board is in the scene. Failed at stage 1
sec6-res-util-lego-c8m2,,1653,,lego,,3,,388,,431,,53,,1.0,,Cannot locate board border, maybe not the full board is in the scene. Failed at stage 1
sec6-res-util-lego-c8m2,,1656,,lego,,3,,387,,432,,54,,1.0,,Cannot locate board border, maybe not the full board is in the scene. Failed at stage 1
sec6-res-util-lego-c8m2,,1658,,lego,,3,,387,,421,,43,,1.0,,Cannot locate board border, maybe not the full board is in the scene. Failed at stage 1
sec6-res-util-lego-c8m2,,1661,,lego,,3,,386,,432,,53,,1.0,,Cannot locate board border, maybe not the full board is in the scene. Failed at stage 1
sec6-res-util-lego-c8m2,,1663,,lego,,3,,386,,422,,44,,1.0,,Cannot locate board border, maybe not the full board is in the scene. Failed at stage 1
sec6-res-util-lego-c8m2,,1665,,lego,,3,,387,,426,,48,,1.0,,Cannot locate board border, maybe not the full board is in the scene. Failed at stage 1
sec6-res-util-lego-c8m2,,1667,,lego,,3,,388,,425,,46,,1.0,,Cannot locate board border, maybe not the full board is in the scene. Failed at stage 1
sec6-res-util-lego-c8m2,,1670,,lego,,3,,392,,437,,59,,1.0,,Cannot locate board border, maybe not the full board is in the scene. Failed at stage 1
sec6-res-util-lego-c8m2,,1672,,lego,,3,,387,,434,,57,,1.0,,Cannot locate board border, maybe not the full board is in the scene. Failed at stage 1
sec6-res-util-lego-c8m2,,1675,,lego,,3,,386,,432,,54,,1.0,,Cannot locate board border, maybe not the full board is in the scene. Failed at stage 1
sec6-res-util-lego-c8m2,,1677,,lego,,3,,386,,425,,46,,1.0,,Cannot locate board border, maybe not the full board is in the scene. Failed at stage 1
sec6-res-util-lego-c8m2,,1679,,lego,,3,,387,,434,,56,,1.0,,Cannot locate board border, maybe not the full board is in the scene. Failed at stage 1
sec6-res-util-lego-c8m2,,1682,,lego,,3,,386,,431,,53,,1.0,,Cannot locate board border, maybe not the full board is in the scene. Failed at stage 1
sec6-res-util-lego-c8m2,,1684,,lego,,3,,389,,437,,58,,1.0,,Cannot locate board border, maybe not the full board is in the scene. Failed at stage 1
sec6-res-util-lego-c8m2,,1687,,lego,,3,,387,,433,,54,,1.0,,Cannot locate board border, maybe not the full board is in the scene. Failed at stage 1
sec6-res-util-lego-c8m2,,1690,,lego,,3,,387,,419,,42,,1.0,,Cannot locate board border, maybe not the full board is in the scene. Failed at stage 1
sec6-res-util-lego-c8m2,,1692,,lego,,3,,388,,420,,41,,1.0,,Cannot locate board border, maybe not the full board is in the scene. Failed at stage 1
sec6-res-util-lego-c8m2,,1694,,lego,,3,,386,,418,,41,,1.0,,Cannot locate board border, maybe not the full board is in the scene. Failed at stage 1
sec6-res-util-lego-c8m2,,1696,,lego,,3,,389,,431,,53,,1.0,,Cannot locate board border, maybe not the full board is in the scene. Failed at stage 1
sec6-res-util-lego-c8m2,,1699,,lego,,3,,388,,434,,55,,1.0,,Cannot locate board border, maybe not the full board is in the scene. Failed at stage 1
sec6-res-util-lego-c8m2,,1701,,lego,,3,,388,,436,,57,,1.0,,Cannot locate board border, maybe not the full board is in the scene. Failed at stage 1
sec6-res-util-lego-c8m2,,1704,,lego,,3,,387,,437,,59,,1.0,,Cannot locate board border, maybe not the full board is in the scene. Failed at stage 1
sec6-res-util-lego-c8m2,,1707,,lego,,3,,387,,432,,54,,1.0,,Cannot locate board border, maybe not the full board is in the scene. Failed at stage 1
sec6-res-util-lego-c8m2,,1709,,lego,,3,,388,,433,,55,,1.0,,Cannot locate board border, maybe not the full board is in the scene. Failed at stage 1
sec6-res-util-lego-c8m2,,1712,,lego,,3,,388,,431,,53,,1.0,,Cannot locate board border, maybe not the full board is in the scene. Failed at stage 1
sec6-res-util-lego-c8m2,,1714,,lego,,3,,387,,429,,51,,1.0,,Cannot locate board border, maybe not the full board is in the scene. Failed at stage 1
sec6-res-util-lego-c8m2,,1717,,lego,,3,,387,,427,,49,,1.0,,Cannot locate board border, maybe not the full board is in the scene. Failed at stage 1
sec6-res-util-lego-c8m2,,1719,,lego,,3,,387,,414,,36,,1.0,,Cannot locate board border, maybe not the full board is in the scene. Failed at stage 1
sec6-res-util-lego-c8m2,,1721,,lego,,3,,389,,425,,48,,1.0,,Cannot locate board border, maybe not the full board is in the scene. Failed at stage 1
sec6-res-util-lego-c8m2,,1723,,lego,,3,,389,,427,,49,,1.0,,Cannot locate board border, maybe not the full board is in the scene. Failed at stage 1
sec6-res-util-lego-c8m2,,1726,,lego,,3,,391,,431,,53,,1.0,,Cannot locate board border, maybe not the full board is in the scene. Failed at stage 1
sec6-res-util-lego-c8m2,,1728,,lego,,3,,390,,424,,46,,1.0,,Cannot locate board border, maybe not the full board is in the scene. Failed at stage 1
sec6-res-util-lego-c8m2,,1731,,lego,,3,,389,,431,,53,,1.0,,Cannot locate board border, maybe not the full board is in the scene. Failed at stage 1
sec6-res-util-lego-c8m2,,1733,,lego,,3,,391,,429,,51,,1.0,,Cannot locate board border, maybe not the full board is in the scene. Failed at stage 1
sec6-res-util-lego-c8m2,,1735,,lego,,3,,390,,429,,50,,1.0,,Cannot locate board border, maybe not the full board is in the scene. Failed at stage 1
sec6-res-util-lego-c8m2,,1738,,lego,,3,,389,,425,,47,,1.0,,Cannot locate board border, maybe not the full board is in the scene. Failed at stage 1
sec6-res-util-lego-c8m2,,1740,,lego,,3,,390,,427,,49,,1.0,,Cannot locate board border, maybe not the full board is in the scene. Failed at stage 1
sec6-res-util-lego-c8m2,,1742,,lego,,3,,388,,420,,42,,1.0,,Cannot locate board border, maybe not the full board is in the scene. Failed at stage 1
sec6-res-util-lego-c8m2,,1745,,lego,,3,,390,,428,,50,,1.0,,Cannot locate board border, maybe not the full board is in the scene. Failed at stage 1
sec6-res-util-lego-c8m2,,1747,,lego,,3,,388,,427,,49,,1.0,,Cannot locate board border, maybe not the full board is in the scene. Failed at stage 1
sec6-res-util-lego-c8m2,,1749,,lego,,3,,390,,430,,53,,1.0,,Cannot locate board border, maybe not the full board is in the scene. Failed at stage 1
sec6-res-util-lego-c8m2,,1752,,lego,,3,,389,,428,,50,,1.0,,Cannot locate board border, maybe not the full board is in the scene. Failed at stage 1
sec6-res-util-lego-c8m2,,1754,,lego,,3,,389,,429,,51,,1.0,,Cannot locate board border, maybe not the full board is in the scene. Failed at stage 1
sec6-res-util-lego-c8m2,,1757,,lego,,3,,389,,429,,51,,1.0,,Cannot locate board border, maybe not the full board is in the scene. Failed at stage 1
sec6-res-util-lego-c8m2,,1759,,lego,,3,,389,,428,,50,,1.0,,Cannot locate board border, maybe not the full board is in the scene. Failed at stage 1
sec6-res-util-lego-c8m2,,1762,,lego,,3,,389,,428,,50,,1.0,,Cannot locate board border, maybe not the full board is in the scene. Failed at stage 1
sec6-res-util-lego-c8m2,,1764,,lego,,3,,388,,427,,49,,1.0,,Cannot locate board border, maybe not the full board is in the scene. Failed at stage 1
sec6-res-util-lego-c8m2,,1766,,lego,,3,,389,,430,,52,,1.0,,Cannot locate board border, maybe not the full board is in the scene. Failed at stage 1
sec6-res-util-lego-c8m2,,1769,,lego,,3,,391,,432,,54,,1.0,,Cannot locate board border, maybe not the full board is in the scene. Failed at stage 1
sec6-res-util-lego-c8m2,,1771,,lego,,3,,389,,430,,53,,1.0,,Cannot locate board border, maybe not the full board is in the scene. Failed at stage 1
sec6-res-util-lego-c8m2,,1774,,lego,,3,,388,,429,,54,,1.0,,Cannot locate board border, maybe not the full board is in the scene. Failed at stage 1
sec6-res-util-lego-c8m2,,1776,,lego,,3,,389,,430,,52,,1.0,,Cannot locate board border, maybe not the full board is in the scene. Failed at stage 1
sec6-res-util-lego-c8m2,,1779,,lego,,3,,389,,430,,53,,1.0,,Cannot locate board border, maybe not the full board is in the scene. Failed at stage 1
sec6-res-util-lego-c8m2,,1781,,lego,,3,,390,,432,,54,,1.0,,Cannot locate board border, maybe not the full board is in the scene. Failed at stage 1
sec6-res-util-lego-c8m2,,1784,,lego,,3,,389,,418,,39,,1.0,,Cannot locate board border, maybe not the full board is in the scene. Failed at stage 1
sec6-res-util-lego-c8m2,,1786,,lego,,3,,389,,423,,46,,1.0,,Cannot locate board border, maybe not the full board is in the scene. Failed at stage 1
sec6-res-util-lego-c8m2,,1788,,lego,,3,,388,,423,,45,,1.0,,Cannot locate board border, maybe not the full board is in the scene. Failed at stage 1
sec6-res-util-lego-c8m2,,1790,,lego,,3,,388,,428,,50,,1.0,,Cannot locate board border, maybe not the full board is in the scene. Failed at stage 1
sec6-res-util-lego-c8m2,,1793,,lego,,3,,391,,430,,52,,1.0,,Cannot locate board border, maybe not the full board is in the scene. Failed at stage 1
sec6-res-util-lego-c8m2,,1795,,lego,,3,,389,,420,,44,,1.0,,Cannot locate board border, maybe not the full board is in the scene. Failed at stage 1
sec6-res-util-lego-c8m2,,1797,,lego,,3,,388,,415,,35,,1.0,,Cannot locate board border, maybe not the full board is in the scene. Failed at stage 1
sec6-res-util-lego-c8m2,,1799,,lego,,3,,387,,417,,38,,1.0,,Cannot locate board border, maybe not the full board is in the scene. Failed at stage 1
sec6-res-util-lego-c8m2,,1801,,lego,,3,,388,,409,,31,,1.0,,Cannot locate board border, maybe not the full board is in the scene. Failed at stage 1
sec6-res-util-lego-c8m2,,1803,,lego,,3,,388,,411,,34,,1.0,,Cannot locate board border, maybe not the full board is in the scene. Failed at stage 1
sec6-res-util-lego-c8m2,,1805,,lego,,3,,389,,422,,44,,1.0,,Cannot locate board border, maybe not the full board is in the scene. Failed at stage 1
sec6-res-util-lego-c8m2,,1807,,lego,,3,,389,,415,,39,,1.0,,Cannot locate board border, maybe not the full board is in the scene. Failed at stage 1
sec6-res-util-lego-c8m2,,1809,,lego,,3,,387,,411,,31,,1.0,,Cannot locate board border, maybe not the full board is in the scene. Failed at stage 1
sec6-res-util-lego-c8m2,,1811,,lego,,3,,388,,413,,34,,1.0,,Cannot locate board border, maybe not the full board is in the scene. Failed at stage 1
sec6-res-util-lego-c8m2,,1812,,lego,,3,,388,,410,,31,,1.0,,Cannot locate board border, maybe not the full board is in the scene. Failed at stage 1
sec6-res-util-lego-c8m2,,1814,,lego,,3,,389,,410,,32,,1.0,,Cannot locate board border, maybe not the full board is in the scene. Failed at stage 1
sec6-res-util-lego-c8m2,,1816,,lego,,3,,388,,414,,36,,1.0,,Cannot locate board border, maybe not the full board is in the scene. Failed at stage 1
sec6-res-util-lego-c8m2,,1817,,lego,,3,,388,,422,,44,,1.0,,Cannot locate board border, maybe not the full board is in the scene. Failed at stage 1
sec6-res-util-lego-c8m2,,1820,,lego,,3,,390,,418,,41,,1.0,,Cannot locate board border, maybe not the full board is in the scene. Failed at stage 1
sec6-res-util-lego-c8m2,,1822,,lego,,3,,390,,413,,35,,1.0,,Cannot locate board border, maybe not the full board is in the scene. Failed at stage 1
sec6-res-util-lego-c8m2,,1824,,lego,,3,,389,,420,,42,,1.0,,Cannot locate board border, maybe not the full board is in the scene. Failed at stage 1
sec6-res-util-lego-c8m2,,1826,,lego,,3,,389,,412,,34,,1.0,,Cannot locate board border, maybe not the full board is in the scene. Failed at stage 1
sec6-res-util-lego-c8m2,,1828,,lego,,3,,389,,424,,46,,1.0,,Cannot locate board border, maybe not the full board is in the scene. Failed at stage 1
sec6-res-util-lego-c8m2,,1830,,lego,,3,,389,,411,,32,,1.0,,Cannot locate board border, maybe not the full board is in the scene. Failed at stage 1
sec6-res-util-lego-c8m2,,1832,,lego,,3,,389,,423,,45,,1.0,,Cannot locate board border, maybe not the full board is in the scene. Failed at stage 1
sec6-res-util-lego-c8m2,,1834,,lego,,3,,389,,421,,43,,1.0,,Cannot locate board border, maybe not the full board is in the scene. Failed at stage 1
sec6-res-util-lego-c8m2,,1836,,lego,,3,,389,,411,,31,,1.0,,Cannot locate board border, maybe not the full board is in the scene. Failed at stage 1
sec6-res-util-lego-c8m2,,1838,,lego,,3,,387,,424,,45,,1.0,,Cannot locate board border, maybe not the full board is in the scene. Failed at stage 1
sec6-res-util-lego-c8m2,,1840,,lego,,3,,388,,430,,53,,1.0,,Cannot locate board border, maybe not the full board is in the scene. Failed at stage 1
sec6-res-util-lego-c8m2,,1842,,lego,,3,,389,,431,,54,,1.0,,Cannot locate board border, maybe not the full board is in the scene. Failed at stage 1
sec6-res-util-lego-c8m2,,1845,,lego,,3,,389,,445,,67,,1.0,,Cannot locate board border, maybe not the full board is in the scene. Failed at stage 1
sec6-res-util-lego-c8m2,,1848,,lego,,3,,390,,433,,55,,1.0,,Cannot locate board border, maybe not the full board is in the scene. Failed at stage 1
sec6-res-util-lego-c8m2,,1850,,lego,,3,,389,,454,,76,,1.0,,Cannot locate board border, maybe not the full board is in the scene. Failed at stage 1
sec6-res-util-lego-c8m2,,1853,,lego,,3,,389,,453,,75,,1.0,,Cannot locate board border, maybe not the full board is in the scene. Failed at stage 1
sec6-res-util-lego-c8m2,,1857,,lego,,3,,390,,442,,65,,1.0,,Cannot locate board border, maybe not the full board is in the scene. Failed at stage 1
sec6-res-util-lego-c8m2,,1859,,lego,,3,,390,,455,,78,,1.0,,Cannot locate board border, maybe not the full board is in the scene. Failed at stage 1
sec6-res-util-lego-c8m2,,1862,,lego,,3,,390,,456,,78,,1.0,,Cannot locate board border, maybe not the full board is in the scene. Failed at stage 1
sec6-res-util-lego-c8m2,,1866,,lego,,3,,392,,453,,75,,1.0,,Cannot locate board border, maybe not the full board is in the scene. Failed at stage 1
sec6-res-util-lego-c8m2,,1869,,lego,,3,,390,,451,,74,,1.0,,Cannot locate board border, maybe not the full board is in the scene. Failed at stage 1
sec6-res-util-lego-c8m2,,1872,,lego,,3,,390,,851,,506,,1.0,,Not confident about reconstruction, maybe too much noise
sec6-res-util-lego-c8m2,,1888,,lego,,3,,390,,860,,587,,1.0,,Not confident about reconstruction, maybe too much noise
sec6-res-util-lego-c8m2,,1906,,lego,,3,,391,,842,,480,,1.0,,[[0 0 1 1]
 [0 2 1 6]
 [2 2 2 2]]
sec6-res-util-lego-c8m2,,1922,,lego,,3,,389,,855,,585,,1.0,,Not confident about reconstruction, maybe too much noise
sec6-res-util-lego-c8m2,,1940,,lego,,3,,390,,842,,483,,1.0,,[[0 0 1 1]
 [0 2 1 6]
 [2 2 2 2]]
sec6-res-util-lego-c8m2,,1956,,lego,,3,,389,,842,,482,,1.0,,Not confident about reconstruction, maybe too much noise
sec6-res-util-lego-c8m2,,1971,,lego,,3,,391,,881,,586,,1.0,,Not confident about reconstruction, maybe too much noise
sec6-res-util-lego-c8m2,,1989,,lego,,3,,390,,877,,586,,1.0,,Not confident about reconstruction, maybe too much noise
sec6-res-util-lego-c8m2,,2008,,lego,,3,,388,,868,,587,,1.0,,[[0 0 1 1]
 [0 2 1 6]
 [2 2 2 2]]
sec6-res-util-lego-c8m2,,2026,,lego,,3,,389,,434,,56,,1.0,,Cannot locate board border, maybe not the full board is in the scene. Failed at stage 1
sec6-res-util-lego-c8m2,,2029,,lego,,3,,391,,434,,56,,1.0,,Cannot locate board border, maybe not the full board is in the scene. Failed at stage 1
sec6-res-util-lego-c8m2,,2031,,lego,,3,,388,,420,,41,,1.0,,Cannot locate board border, maybe not the full board is in the scene. Failed at stage 1
sec6-res-util-lego-c8m2,,2034,,lego,,3,,389,,434,,56,,1.0,,Cannot locate board border, maybe not the full board is in the scene. Failed at stage 1
sec6-res-util-lego-c8m2,,2036,,lego,,3,,388,,435,,56,,1.0,,Cannot locate board border, maybe not the full board is in the scene. Failed at stage 1
sec6-res-util-lego-c8m2,,2039,,lego,,3,,390,,435,,57,,1.0,,Cannot locate board border, maybe not the full board is in the scene. Failed at stage 1
sec6-res-util-lego-c8m2,,2041,,lego,,3,,390,,436,,58,,1.0,,Cannot locate board border, maybe not the full board is in the scene. Failed at stage 1
sec6-res-util-lego-c8m2,,2044,,lego,,3,,389,,434,,56,,1.0,,Cannot locate board border, maybe not the full board is in the scene. Failed at stage 1
sec6-res-util-lego-c8m2,,2047,,lego,,3,,389,,434,,56,,1.0,,Cannot locate board border, maybe not the full board is in the scene. Failed at stage 1
sec6-res-util-lego-c8m2,,2049,,lego,,3,,390,,436,,58,,1.0,,Cannot locate board border, maybe not the full board is in the scene. Failed at stage 1
sec6-res-util-lego-c8m2,,2052,,lego,,3,,390,,437,,60,,1.0,,Cannot locate board border, maybe not the full board is in the scene. Failed at stage 1
sec6-res-util-lego-c8m2,,2055,,lego,,3,,390,,434,,55,,1.0,,Cannot locate board border, maybe not the full board is in the scene. Failed at stage 1
sec6-res-util-lego-c8m2,,2057,,lego,,3,,390,,432,,54,,1.0,,Cannot locate board border, maybe not the full board is in the scene. Failed at stage 1
sec6-res-util-lego-c8m2,,2063,,lego,,3,,389,,426,,48,,1.0,,Cannot locate board border, maybe not the full board is in the scene. Failed at stage 1
sec6-res-util-lego-c8m2,,2083,,lego,,3,,394,,438,,58,,1.0,,Cannot locate board border, maybe not the full board is in the scene. Failed at stage 1
sec6-res-util-lego-c8m2,,2085,,lego,,3,,386,,422,,44,,1.0,,Cannot locate board border, maybe not the full board is in the scene. Failed at stage 1
sec6-res-util-lego-c8m2,,2086,,lego,,3,,390,,435,,57,,1.0,,Cannot locate board border, maybe not the full board is in the scene. Failed at stage 1
sec6-res-util-lego-c8m2,,2089,,lego,,3,,389,,433,,55,,1.0,,Cannot locate board border, maybe not the full board is in the scene. Failed at stage 1
sec6-res-util-lego-c8m2,,2092,,lego,,3,,390,,434,,56,,1.0,,Cannot locate board border, maybe not the full board is in the scene. Failed at stage 1
sec6-res-util-lego-c8m2,,2094,,lego,,3,,389,,421,,42,,1.0,,Cannot locate board border, maybe not the full board is in the scene. Failed at stage 1
sec6-res-util-lego-c8m2,,2096,,lego,,3,,390,,435,,59,,1.0,,Cannot locate board border, maybe not the full board is in the scene. Failed at stage 1
sec6-res-util-lego-c8m2,,2099,,lego,,3,,390,,422,,44,,1.0,,Cannot locate board border, maybe not the full board is in the scene. Failed at stage 1
sec6-res-util-lego-c8m2,,2101,,lego,,3,,390,,434,,56,,1.0,,Cannot locate board border, maybe not the full board is in the scene. Failed at stage 1
sec6-res-util-lego-c8m2,,2104,,lego,,3,,392,,436,,58,,1.0,,Cannot locate board border, maybe not the full board is in the scene. Failed at stage 1
sec6-res-util-lego-c8m2,,2107,,lego,,3,,390,,433,,56,,1.0,,Cannot locate board border, maybe not the full board is in the scene. Failed at stage 1
sec6-res-util-lego-c8m2,,2109,,lego,,3,,390,,433,,55,,1.0,,Cannot locate board border, maybe not the full board is in the scene. Failed at stage 1
sec6-res-util-lego-c8m2,,2144,,lego,,3,,395,,437,,58,,1.0,,Cannot locate board border, maybe not the full board is in the scene. Failed at stage 1
sec6-res-util-lego-c8m2,,2146,,lego,,3,,389,,422,,43,,1.0,,Cannot locate board border, maybe not the full board is in the scene. Failed at stage 1
sec6-res-util-lego-c8m2,,2147,,lego,,3,,389,,429,,52,,1.0,,Cannot locate board border, maybe not the full board is in the scene. Failed at stage 1
sec6-res-util-lego-c8m2,,2158,,lego,,3,,394,,433,,53,,1.0,,Cannot locate board border, maybe not the full board is in the scene. Failed at stage 1
sec6-res-util-lego-c8m2,,2159,,lego,,3,,387,,426,,48,,1.0,,Cannot locate board border, maybe not the full board is in the scene. Failed at stage 1
sec6-res-util-lego-c8m2,,2161,,lego,,3,,390,,428,,52,,1.0,,Cannot locate board border, maybe not the full board is in the scene. Failed at stage 1
sec6-res-util-lego-c8m2,,2164,,lego,,3,,387,,427,,49,,1.0,,Cannot locate board border, maybe not the full board is in the scene. Failed at stage 1
sec6-res-util-lego-c8m2,,2166,,lego,,3,,387,,422,,43,,1.0,,Cannot locate board border, maybe not the full board is in the scene. Failed at stage 1
sec6-res-util-lego-c8m2,,2168,,lego,,3,,388,,426,,49,,1.0,,Cannot locate board border, maybe not the full board is in the scene. Failed at stage 1
sec6-res-util-lego-c8m2,,2170,,lego,,3,,387,,422,,45,,1.0,,Cannot locate board border, maybe not the full board is in the scene. Failed at stage 1
sec6-res-util-lego-c8m2,,2244,,lego,,3,,394,,425,,47,,1.0,,Cannot locate board border, maybe not the full board is in the scene. Failed at stage 1
sec6-res-util-lego-c8m2,,2245,,lego,,3,,386,,417,,37,,1.0,,Cannot locate board border, maybe not the full board is in the scene. Failed at stage 1
sec6-res-util-lego-c8m2,,2247,,lego,,3,,386,,414,,36,,1.0,,Cannot locate board border, maybe not the full board is in the scene. Failed at stage 1
sec6-res-util-lego-c8m2,,2248,,lego,,3,,386,,417,,37,,1.0,,Cannot locate board border, maybe not the full board is in the scene. Failed at stage 1
sec6-res-util-lego-c8m2,,2250,,lego,,3,,387,,417,,38,,1.0,,Cannot locate board border, maybe not the full board is in the scene. Failed at stage 1
sec6-res-util-lego-c8m2,,2252,,lego,,3,,387,,412,,33,,1.0,,Cannot locate board border, maybe not the full board is in the scene. Failed at stage 1
sec6-res-util-lego-c8m2,,2254,,lego,,3,,386,,423,,44,,1.0,,Cannot locate board border, maybe not the full board is in the scene. Failed at stage 1
sec6-res-util-lego-c8m2,,2255,,lego,,3,,389,,424,,46,,1.0,,Cannot locate board border, maybe not the full board is in the scene. Failed at stage 1
sec6-res-util-lego-c8m2,,2258,,lego,,3,,389,,427,,50,,1.0,,Cannot locate board border, maybe not the full board is in the scene. Failed at stage 1
sec6-res-util-lego-c8m2,,2260,,lego,,3,,390,,432,,54,,1.0,,Cannot locate board border, maybe not the full board is in the scene. Failed at stage 1
sec6-res-util-lego-c8m2,,2263,,lego,,3,,389,,418,,39,,1.0,,Cannot locate board border, maybe not the full board is in the scene. Failed at stage 1
sec6-res-util-lego-c8m2,,2265,,lego,,3,,389,,431,,53,,1.0,,Cannot locate board border, maybe not the full board is in the scene. Failed at stage 1
sec6-res-util-lego-c8m2,,2267,,lego,,3,,388,,432,,54,,1.0,,Cannot locate board border, maybe not the full board is in the scene. Failed at stage 1
sec6-res-util-lego-c8m2,,2270,,lego,,3,,390,,439,,63,,1.0,,Cannot locate board border, maybe not the full board is in the scene. Failed at stage 1
sec6-res-util-lego-c8m2,,2273,,lego,,3,,389,,446,,68,,1.0,,Cannot locate board border, maybe not the full board is in the scene. Failed at stage 1
sec6-res-util-lego-c8m2,,2275,,lego,,3,,389,,442,,64,,1.0,,Cannot locate board border, maybe not the full board is in the scene. Failed at stage 1
sec6-res-util-lego-c8m2,,2278,,lego,,3,,391,,427,,48,,1.0,,Cannot locate board border, maybe not the full board is in the scene. Failed at stage 1
sec6-res-util-lego-c8m2,,2281,,lego,,3,,389,,425,,49,,1.0,,Cannot locate board border, maybe not the full board is in the scene. Failed at stage 1
sec6-res-util-lego-c8m2,,2283,,lego,,3,,389,,429,,51,,1.0,,Cannot locate board border, maybe not the full board is in the scene. Failed at stage 1
sec6-res-util-lego-c8m2,,2285,,lego,,3,,389,,447,,72,,1.0,,Cannot locate board border, maybe not the full board is in the scene. Failed at stage 1
sec6-res-util-lego-c8m2,,2289,,lego,,3,,390,,427,,49,,1.0,,Cannot locate board border, maybe not the full board is in the scene. Failed at stage 1
sec6-res-util-lego-c8m2,,2291,,lego,,3,,390,,447,,70,,1.0,,Cannot locate board border, maybe not the full board is in the scene. Failed at stage 1
sec6-res-util-lego-c8m2,,2294,,lego,,3,,389,,445,,67,,1.0,,Cannot locate board border, maybe not the full board is in the scene. Failed at stage 1
sec6-res-util-lego-c8m2,,2297,,lego,,3,,389,,441,,64,,1.0,,Cannot locate board border, maybe not the full board is in the scene. Failed at stage 1
sec6-res-util-lego-c8m2,,2300,,lego,,3,,389,,439,,61,,1.0,,Cannot locate board border, maybe not the full board is in the scene. Failed at stage 1
sec6-res-util-lego-c8m2,,2302,,lego,,3,,388,,442,,64,,1.0,,Cannot locate board border, maybe not the full board is in the scene. Failed at stage 1
sec6-res-util-lego-c8m2,,2305,,lego,,3,,391,,446,,67,,1.0,,Cannot locate board border, maybe not the full board is in the scene. Failed at stage 1
sec6-res-util-lego-c8m2,,2308,,lego,,3,,389,,449,,71,,1.0,,Cannot locate board border, maybe not the full board is in the scene. Failed at stage 1
sec6-res-util-lego-c8m2,,2311,,lego,,3,,390,,436,,58,,1.0,,Cannot locate board border, maybe not the full board is in the scene. Failed at stage 1
sec6-res-util-lego-c8m2,,2314,,lego,,3,,388,,443,,64,,1.0,,Cannot locate board border, maybe not the full board is in the scene. Failed at stage 1
sec6-res-util-lego-c8m2,,2317,,lego,,3,,391,,436,,58,,1.0,,Cannot locate board border, maybe not the full board is in the scene. Failed at stage 1
sec6-res-util-lego-c8m2,,2319,,lego,,3,,390,,492,,114,,1.0,,Cannot find a large enough foreground near the center of board
sec6-res-util-lego-c8m2,,2324,,lego,,3,,389,,455,,77,,1.0,,Cannot locate board border, maybe not the full board is in the scene. Failed at stage 1
sec6-res-util-lego-c8m2,,2327,,lego,,3,,390,,433,,56,,1.0,,Cannot locate board border, maybe not the full board is in the scene. Failed at stage 1
sec6-res-util-lego-c8m2,,2329,,lego,,3,,388,,431,,53,,1.0,,Cannot locate board border, maybe not the full board is in the scene. Failed at stage 1
sec6-res-util-lego-c8m2,,2332,,lego,,3,,389,,453,,76,,1.0,,Cannot locate board border, maybe not the full board is in the scene. Failed at stage 1
sec6-res-util-lego-c8m2,,2335,,lego,,3,,390,,446,,68,,1.0,,Cannot locate board border, maybe not the full board is in the scene. Failed at stage 1
sec6-res-util-lego-c8m2,,2338,,lego,,3,,390,,449,,71,,1.0,,Cannot locate board border, maybe not the full board is in the scene. Failed at stage 1
sec6-res-util-lego-c8m2,,2341,,lego,,3,,390,,862,,535,,1.0,,Not confident about reconstruction, maybe too much noise
sec6-res-util-lego-c8m2,,2358,,lego,,3,,390,,854,,582,,1.0,,[[0 2 1 1]
 [0 2 1 6]
 [2 2 2 2]]
sec6-res-util-lego-c8m2,,2376,,lego,,3,,390,,823,,473,,1.0,,[[0 2 1 1]
 [0 2 1 6]
 [2 2 2 2]]
sec6-res-util-lego-c8m2,,2392,,lego,,3,,390,,848,,480,,1.0,,Not confident about reconstruction, maybe too much noise
sec6-res-util-lego-c8m2,,2407,,lego,,3,,390,,814,,482,,1.0,,Not confident about reconstruction, maybe too much noise
sec6-res-util-lego-c8m2,,2423,,lego,,3,,390,,852,,584,,1.0,,[[0 2 1 1]
 [0 2 1 6]
 [2 2 2 2]]
sec6-res-util-lego-c8m2,,2441,,lego,,3,,390,,806,,482,,1.0,,[[0 2 1 1]
 [0 2 1 6]
 [2 2 2 2]]
sec6-res-util-lego-c8m2,,2456,,lego,,3,,389,,434,,56,,1.0,,Cannot locate board border, maybe not the full board is in the scene. Failed at stage 1
sec6-res-util-lego-c8m2,,2459,,lego,,3,,391,,424,,46,,1.0,,Cannot locate board border, maybe not the full board is in the scene. Failed at stage 1
sec6-res-util-lego-c8m2,,2461,,lego,,3,,389,,432,,54,,1.0,,Cannot locate board border, maybe not the full board is in the scene. Failed at stage 1
sec6-res-util-lego-c8m2,,2464,,lego,,3,,390,,426,,47,,1.0,,Cannot locate board border, maybe not the full board is in the scene. Failed at stage 1
sec6-res-util-lego-c8m2,,2466,,lego,,3,,390,,435,,57,,1.0,,Cannot locate board border, maybe not the full board is in the scene. Failed at stage 1
sec6-res-util-lego-c8m2,,2469,,lego,,3,,389,,435,,57,,1.0,,Cannot locate board border, maybe not the full board is in the scene. Failed at stage 1
sec6-res-util-lego-c8m2,,2471,,lego,,3,,389,,433,,55,,1.0,,Cannot locate board border, maybe not the full board is in the scene. Failed at stage 1
sec6-res-util-lego-c8m2,,2474,,lego,,3,,389,,435,,57,,1.0,,Cannot locate board border, maybe not the full board is in the scene. Failed at stage 1
sec6-res-util-lego-c8m2,,2477,,lego,,3,,391,,438,,60,,1.0,,Cannot locate board border, maybe not the full board is in the scene. Failed at stage 1
sec6-res-util-lego-c8m2,,2479,,lego,,3,,389,,437,,60,,1.0,,Cannot locate board border, maybe not the full board is in the scene. Failed at stage 1
sec6-res-util-lego-c8m2,,2482,,lego,,3,,390,,437,,59,,1.0,,Cannot locate board border, maybe not the full board is in the scene. Failed at stage 1
sec6-res-util-lego-c8m2,,2485,,lego,,3,,390,,426,,47,,1.0,,Cannot locate board border, maybe not the full board is in the scene. Failed at stage 1
sec6-res-util-lego-c8m2,,2487,,lego,,3,,389,,436,,58,,1.0,,Cannot locate board border, maybe not the full board is in the scene. Failed at stage 1
sec6-res-util-lego-c8m2,,2490,,lego,,3,,391,,434,,56,,1.0,,Cannot locate board border, maybe not the full board is in the scene. Failed at stage 1
sec6-res-util-lego-c8m2,,2492,,lego,,3,,388,,430,,51,,1.0,,Cannot locate board border, maybe not the full board is in the scene. Failed at stage 1
sec6-res-util-lego-c8m2,,2495,,lego,,3,,389,,430,,52,,1.0,,Cannot locate board border, maybe not the full board is in the scene. Failed at stage 1
sec6-res-util-lego-c8m2,,2497,,lego,,3,,389,,427,,49,,1.0,,Cannot locate board border, maybe not the full board is in the scene. Failed at stage 1
sec6-res-util-lego-c8m2,,2499,,lego,,3,,389,,435,,56,,1.0,,Cannot locate board border, maybe not the full board is in the scene. Failed at stage 1
sec6-res-util-lego-c8m2,,2502,,lego,,3,,390,,436,,58,,1.0,,Cannot locate board border, maybe not the full board is in the scene. Failed at stage 1
sec6-res-util-lego-c8m2,,2505,,lego,,3,,389,,437,,59,,1.0,,Cannot locate board border, maybe not the full board is in the scene. Failed at stage 1
sec6-res-util-lego-c8m2,,2507,,lego,,3,,389,,436,,58,,1.0,,Cannot locate board border, maybe not the full board is in the scene. Failed at stage 1
sec6-res-util-lego-c8m2,,2510,,lego,,3,,389,,428,,50,,1.0,,Cannot locate board border, maybe not the full board is in the scene. Failed at stage 1
sec6-res-util-lego-c8m2,,2512,,lego,,3,,390,,436,,58,,1.0,,Cannot locate board border, maybe not the full board is in the scene. Failed at stage 1
sec6-res-util-lego-c8m2,,2515,,lego,,3,,388,,426,,48,,1.0,,Cannot locate board border, maybe not the full board is in the scene. Failed at stage 1
sec6-res-util-lego-c8m2,,2518,,lego,,3,,390,,436,,58,,1.0,,Cannot locate board border, maybe not the full board is in the scene. Failed at stage 1
sec6-res-util-lego-c8m2,,2520,,lego,,3,,389,,430,,52,,1.0,,Cannot locate board border, maybe not the full board is in the scene. Failed at stage 1
sec6-res-util-lego-c8m2,,2523,,lego,,3,,389,,426,,48,,1.0,,Cannot locate board border, maybe not the full board is in the scene. Failed at stage 1
sec6-res-util-lego-c8m2,,2525,,lego,,3,,388,,419,,41,,1.0,,Cannot locate board border, maybe not the full board is in the scene. Failed at stage 1
sec6-res-util-lego-c8m2,,2527,,lego,,3,,389,,435,,57,,1.0,,Cannot locate board border, maybe not the full board is in the scene. Failed at stage 1
sec6-res-util-lego-c8m2,,2530,,lego,,3,,389,,432,,54,,1.0,,Cannot locate board border, maybe not the full board is in the scene. Failed at stage 1
sec6-res-util-lego-c8m2,,2532,,lego,,3,,390,,430,,52,,1.0,,Cannot locate board border, maybe not the full board is in the scene. Failed at stage 1
sec6-res-util-lego-c8m2,,2535,,lego,,3,,389,,424,,47,,1.0,,Cannot locate board border, maybe not the full board is in the scene. Failed at stage 1
sec6-res-util-lego-c8m2,,2537,,lego,,3,,389,,425,,47,,1.0,,Cannot locate board border, maybe not the full board is in the scene. Failed at stage 1
sec6-res-util-lego-c8m2,,2539,,lego,,3,,389,,423,,48,,1.0,,Cannot locate board border, maybe not the full board is in the scene. Failed at stage 1
sec6-res-util-lego-c8m2,,2541,,lego,,3,,388,,421,,43,,1.0,,Cannot locate board border, maybe not the full board is in the scene. Failed at stage 1
sec6-res-util-lego-c8m2,,2544,,lego,,3,,390,,441,,63,,1.0,,Cannot locate board border, maybe not the full board is in the scene. Failed at stage 1
sec6-res-util-lego-c8m2,,2546,,lego,,3,,391,,426,,48,,1.0,,Cannot locate board border, maybe not the full board is in the scene. Failed at stage 1
sec6-res-util-lego-c8m2,,2549,,lego,,3,,390,,423,,46,,1.0,,Cannot locate board border, maybe not the full board is in the scene. Failed at stage 1
sec6-res-util-lego-c8m2,,2551,,lego,,3,,390,,422,,44,,1.0,,Cannot locate board border, maybe not the full board is in the scene. Failed at stage 1
sec6-res-util-lego-c8m2,,2553,,lego,,3,,389,,422,,43,,1.0,,Cannot locate board border, maybe not the full board is in the scene. Failed at stage 1
sec6-res-util-lego-c8m2,,2555,,lego,,3,,390,,439,,62,,1.0,,Cannot locate board border, maybe not the full board is in the scene. Failed at stage 1
sec6-res-util-lego-c8m2,,2558,,lego,,3,,389,,442,,165,,1.0,,Cannot locate board border, maybe not the full board is in the scene. Failed at stage 1
sec6-res-util-lego-c8m2,,2564,,lego,,3,,390,,427,,49,,1.0,,Cannot locate board border, maybe not the full board is in the scene. Failed at stage 1
sec6-res-util-lego-c8m2,,2566,,lego,,3,,389,,439,,61,,1.0,,Cannot locate board border, maybe not the full board is in the scene. Failed at stage 1
sec6-res-util-lego-c8m2,,2569,,lego,,3,,388,,432,,54,,1.0,,Cannot locate board border, maybe not the full board is in the scene. Failed at stage 1
sec6-res-util-lego-c8m2,,2571,,lego,,3,,388,,429,,51,,1.0,,Cannot locate board border, maybe not the full board is in the scene. Failed at stage 1
sec6-res-util-lego-c8m2,,2574,,lego,,3,,389,,423,,45,,1.0,,Cannot locate board border, maybe not the full board is in the scene. Failed at stage 1
sec6-res-util-lego-c8m2,,2576,,lego,,3,,389,,436,,57,,1.0,,Cannot locate board border, maybe not the full board is in the scene. Failed at stage 1
sec6-res-util-lego-c8m2,,2579,,lego,,3,,388,,422,,44,,1.0,,Cannot locate board border, maybe not the full board is in the scene. Failed at stage 1
sec6-res-util-lego-c8m2,,2581,,lego,,3,,390,,419,,41,,1.0,,Cannot locate board border, maybe not the full board is in the scene. Failed at stage 1
sec6-res-util-lego-c8m2,,2583,,lego,,3,,390,,421,,43,,1.0,,Cannot locate board border, maybe not the full board is in the scene. Failed at stage 1
sec6-res-util-lego-c8m2,,2585,,lego,,3,,388,,432,,54,,1.0,,Cannot locate board border, maybe not the full board is in the scene. Failed at stage 1
sec6-res-util-lego-c8m2,,2588,,lego,,3,,388,,432,,54,,1.0,,Cannot locate board border, maybe not the full board is in the scene. Failed at stage 1
sec6-res-util-lego-c8m2,,2590,,lego,,3,,388,,432,,54,,1.0,,Cannot locate board border, maybe not the full board is in the scene. Failed at stage 1
sec6-res-util-lego-c8m2,,2593,,lego,,3,,388,,423,,46,,1.0,,Cannot locate board border, maybe not the full board is in the scene. Failed at stage 1
sec6-res-util-lego-c8m2,,2595,,lego,,3,,389,,426,,48,,1.0,,Cannot locate board border, maybe not the full board is in the scene. Failed at stage 1
sec6-res-util-lego-c8m2,,2597,,lego,,3,,390,,424,,46,,1.0,,Cannot locate board border, maybe not the full board is in the scene. Failed at stage 1
sec6-res-util-lego-c8m2,,2599,,lego,,3,,389,,423,,45,,1.0,,Cannot locate board border, maybe not the full board is in the scene. Failed at stage 1
sec6-res-util-lego-c8m2,,2601,,lego,,3,,387,,423,,46,,1.0,,Cannot locate board border, maybe not the full board is in the scene. Failed at stage 1
sec6-res-util-lego-c8m2,,2604,,lego,,3,,389,,424,,46,,1.0,,Cannot locate board border, maybe not the full board is in the scene. Failed at stage 1
sec6-res-util-lego-c8m2,,2606,,lego,,3,,388,,424,,46,,1.0,,Cannot locate board border, maybe not the full board is in the scene. Failed at stage 1
sec6-res-util-lego-c8m2,,2608,,lego,,3,,391,,425,,46,,1.0,,Cannot locate board border, maybe not the full board is in the scene. Failed at stage 1
sec6-res-util-lego-c8m2,,2610,,lego,,3,,388,,424,,46,,1.0,,Cannot locate board border, maybe not the full board is in the scene. Failed at stage 1
sec6-res-util-lego-c8m2,,2612,,lego,,3,,389,,414,,36,,1.0,,Cannot locate board border, maybe not the full board is in the scene. Failed at stage 1
sec6-res-util-lego-c8m2,,2614,,lego,,3,,389,,415,,36,,1.0,,Cannot locate board border, maybe not the full board is in the scene. Failed at stage 1
sec6-res-util-lego-c8m2,,2616,,lego,,3,,389,,412,,33,,1.0,,Cannot locate board border, maybe not the full board is in the scene. Failed at stage 1
sec6-res-util-lego-c8m2,,2618,,lego,,3,,389,,422,,44,,1.0,,Cannot locate board border, maybe not the full board is in the scene. Failed at stage 1
sec6-res-util-lego-c8m2,,2620,,lego,,3,,392,,415,,35,,1.0,,Cannot locate board border, maybe not the full board is in the scene. Failed at stage 1
sec6-res-util-lego-c8m2,,2622,,lego,,3,,387,,419,,40,,1.0,,Cannot locate board border, maybe not the full board is in the scene. Failed at stage 1
sec6-res-util-lego-c8m2,,2624,,lego,,3,,388,,422,,45,,1.0,,Cannot locate board border, maybe not the full board is in the scene. Failed at stage 1
sec6-res-util-lego-c8m2,,2626,,lego,,3,,389,,420,,42,,1.0,,Cannot locate board border, maybe not the full board is in the scene. Failed at stage 1
sec6-res-util-lego-c8m2,,2628,,lego,,3,,389,,420,,42,,1.0,,Cannot locate board border, maybe not the full board is in the scene. Failed at stage 1
sec6-res-util-lego-c8m2,,2630,,lego,,3,,388,,422,,42,,1.0,,Cannot locate board border, maybe not the full board is in the scene. Failed at stage 1
sec6-res-util-lego-c8m2,,2632,,lego,,3,,386,,414,,35,,1.0,,Cannot locate board border, maybe not the full board is in the scene. Failed at stage 1
sec6-res-util-lego-c8m2,,2634,,lego,,3,,390,,423,,46,,1.0,,Cannot locate board border, maybe not the full board is in the scene. Failed at stage 1
sec6-res-util-lego-c8m2,,2636,,lego,,3,,388,,417,,38,,1.0,,Cannot locate board border, maybe not the full board is in the scene. Failed at stage 1
sec6-res-util-lego-c8m2,,2638,,lego,,3,,387,,422,,44,,1.0,,Cannot locate board border, maybe not the full board is in the scene. Failed at stage 1
sec6-res-util-lego-c8m2,,2640,,lego,,3,,389,,410,,31,,1.0,,Cannot locate board border, maybe not the full board is in the scene. Failed at stage 1
sec6-res-util-lego-c8m2,,2642,,lego,,3,,387,,421,,43,,1.0,,Cannot locate board border, maybe not the full board is in the scene. Failed at stage 1
sec6-res-util-lego-c8m2,,2644,,lego,,3,,388,,423,,45,,1.0,,Cannot locate board border, maybe not the full board is in the scene. Failed at stage 1
sec6-res-util-lego-c8m2,,2646,,lego,,3,,390,,425,,47,,1.0,,Cannot locate board border, maybe not the full board is in the scene. Failed at stage 1
sec6-res-util-lego-c8m2,,2649,,lego,,3,,389,,431,,53,,1.0,,Cannot locate board border, maybe not the full board is in the scene. Failed at stage 1
sec6-res-util-lego-c8m2,,2651,,lego,,3,,390,,433,,55,,1.0,,Cannot locate board border, maybe not the full board is in the scene. Failed at stage 1
sec6-res-util-lego-c8m2,,2654,,lego,,3,,392,,436,,58,,1.0,,Cannot locate board border, maybe not the full board is in the scene. Failed at stage 1
sec6-res-util-lego-c8m2,,2656,,lego,,3,,389,,427,,49,,1.0,,Cannot locate board border, maybe not the full board is in the scene. Failed at stage 1
sec6-res-util-lego-c8m2,,2659,,lego,,3,,389,,430,,52,,1.0,,Cannot locate board border, maybe not the full board is in the scene. Failed at stage 1
sec6-res-util-lego-c8m2,,2661,,lego,,3,,389,,431,,53,,1.0,,Cannot locate board border, maybe not the full board is in the scene. Failed at stage 1
sec6-res-util-lego-c8m2,,2664,,lego,,3,,388,,431,,53,,1.0,,Cannot locate board border, maybe not the full board is in the scene. Failed at stage 1
sec6-res-util-lego-c8m2,,2666,,lego,,3,,389,,431,,53,,1.0,,Cannot locate board border, maybe not the full board is in the scene. Failed at stage 1
sec6-res-util-lego-c8m2,,2669,,lego,,3,,390,,429,,51,,1.0,,Cannot locate board border, maybe not the full board is in the scene. Failed at stage 1
sec6-res-util-lego-c8m2,,2671,,lego,,3,,390,,435,,57,,1.0,,Cannot locate board border, maybe not the full board is in the scene. Failed at stage 1
sec6-res-util-lego-c8m2,,2673,,lego,,3,,390,,448,,70,,1.0,,Cannot locate board border, maybe not the full board is in the scene. Failed at stage 1
sec6-res-util-lego-c8m2,,2676,,lego,,3,,392,,457,,79,,1.0,,Cannot locate board border, maybe not the full board is in the scene. Failed at stage 1
sec6-res-util-lego-c8m2,,2680,,lego,,3,,390,,864,,513,,1.0,,Not confident about reconstruction, maybe too much noise
sec6-res-util-lego-c8m2,,2696,,lego,,3,,390,,852,,582,,1.0,,Not confident about reconstruction, maybe too much noise
sec6-res-util-lego-c8m2,,2714,,lego,,3,,390,,848,,571,,1.0,,Not confident about reconstruction, maybe too much noise
sec6-res-util-lego-c8m2,,2733,,lego,,3,,389,,863,,572,,1.0,,[[0 2 2 2]
 [0 2 1 1]
 [0 2 1 6]
 [2 2 2 2]]
sec6-res-util-lego-c8m2,,2751,,lego,,3,,390,,833,,468,,1.0,,[[0 2 2 2]
 [0 2 1 1]
 [0 2 1 6]
 [2 2 2 2]]
sec6-res-util-lego-c8m2,,2767,,lego,,3,,390,,863,,582,,1.0,,Not confident about reconstruction, maybe too much noise
sec6-res-util-lego-c8m2,,2785,,lego,,3,,391,,835,,480,,1.0,,Not confident about reconstruction, maybe too much noise
sec6-res-util-lego-c8m2,,2800,,lego,,3,,389,,848,,485,,1.0,,Not confident about reconstruction, maybe too much noise
sec6-res-util-lego-c8m2,,2816,,lego,,3,,390,,861,,585,,1.0,,Not confident about reconstruction, maybe too much noise
sec6-res-util-lego-c8m2,,2834,,lego,,3,,388,,879,,500,,1.0,,Not confident about reconstruction, maybe too much noise
sec6-res-util-lego-c8m2,,2850,,lego,,3,,389,,839,,564,,1.0,,Not confident about reconstruction, maybe too much noise
sec6-res-util-lego-c8m2,,9,,lego,,3,,390,,491,,113,,1.0,,Cannot find a large enough foreground near the center of board
sec6-res-util-lego-c8m2,,13,,lego,,3,,390,,481,,103,,1.0,,Cannot find a large enough foreground near the center of board
sec6-res-util-lego-c8m2,,17,,lego,,3,,390,,487,,109,,1.0,,Cannot find a large enough foreground near the center of board
sec6-res-util-lego-c8m2,,21,,lego,,3,,388,,461,,83,,1.0,,Cannot find a large enough foreground near the center of board
sec6-res-util-lego-c8m2,,25,,lego,,3,,390,,487,,161,,1.0,,Cannot find a large enough foreground near the center of board
sec6-res-util-lego-c8m2,,30,,lego,,3,,389,,488,,110,,1.0,,Cannot find a large enough foreground near the center of board
sec6-res-util-lego-c8m2,,35,,lego,,3,,389,,488,,110,,1.0,,Cannot find a large enough foreground near the center of board
sec6-res-util-lego-c8m2,,39,,lego,,3,,389,,466,,88,,1.0,,Cannot find a large enough foreground near the center of board
sec6-res-util-lego-c8m2,,42,,lego,,3,,390,,489,,112,,1.0,,Cannot find a large enough foreground near the center of board
sec6-res-util-lego-c8m2,,47,,lego,,3,,389,,490,,152,,1.0,,Cannot find a large enough foreground near the center of board
sec6-res-util-lego-c8m2,,52,,lego,,3,,388,,479,,101,,1.0,,Cannot find a large enough foreground near the center of board
sec6-res-util-lego-c8m2,,56,,lego,,3,,389,,490,,112,,1.0,,Cannot find a large enough foreground near the center of board
sec6-res-util-lego-c8m2,,60,,lego,,3,,388,,460,,82,,1.0,,Cannot find a large enough foreground near the center of board
sec6-res-util-lego-c8m2,,64,,lego,,3,,389,,490,,112,,1.0,,Cannot find a large enough foreground near the center of board
sec6-res-util-lego-c8m2,,68,,lego,,3,,390,,487,,110,,1.0,,Cannot find a large enough foreground near the center of board
sec6-res-util-lego-c8m2,,72,,lego,,3,,393,,492,,225,,1.0,,Cannot find a large enough foreground near the center of board
sec6-res-util-lego-c8m2,,80,,lego,,3,,390,,463,,85,,1.0,,Cannot find a large enough foreground near the center of board
sec6-res-util-lego-c8m2,,83,,lego,,3,,389,,488,,110,,1.0,,Cannot find a large enough foreground near the center of board
sec6-res-util-lego-c8m2,,87,,lego,,3,,392,,478,,99,,1.0,,Cannot find a large enough foreground near the center of board
sec6-res-util-lego-c8m2,,91,,lego,,3,,389,,488,,110,,1.0,,Cannot find a large enough foreground near the center of board
sec6-res-util-lego-c8m2,,95,,lego,,3,,389,,487,,109,,1.0,,Cannot find a large enough foreground near the center of board
sec6-res-util-lego-c8m2,,100,,lego,,3,,389,,492,,114,,1.0,,Cannot find a large enough foreground near the center of board
sec6-res-util-lego-c8m2,,104,,lego,,3,,389,,486,,182,,1.0,,Cannot find a large enough foreground near the center of board
sec6-res-util-lego-c8m2,,110,,lego,,3,,390,,487,,110,,1.0,,Cannot find a large enough foreground near the center of board
sec6-res-util-lego-c8m2,,115,,lego,,3,,389,,475,,97,,1.0,,Cannot find a large enough foreground near the center of board
sec6-res-util-lego-c8m2,,118,,lego,,3,,388,,481,,103,,1.0,,Cannot find a large enough foreground near the center of board
sec6-res-util-lego-c8m2,,122,,lego,,3,,388,,463,,84,,1.0,,Cannot find a large enough foreground near the center of board
sec6-res-util-lego-c8m2,,126,,lego,,3,,388,,480,,102,,1.0,,Cannot find a large enough foreground near the center of board
sec6-res-util-lego-c8m2,,130,,lego,,3,,391,,474,,96,,1.0,,Cannot find a large enough foreground near the center of board
sec6-res-util-lego-c8m2,,133,,lego,,3,,390,,477,,120,,1.0,,Cannot find a large enough foreground near the center of board
sec6-res-util-lego-c8m2,,138,,lego,,3,,390,,478,,100,,1.0,,Cannot find a large enough foreground near the center of board
sec6-res-util-lego-c8m2,,142,,lego,,3,,390,,480,,101,,1.0,,Cannot find a large enough foreground near the center of board
sec6-res-util-lego-c8m2,,146,,lego,,3,,387,,461,,83,,1.0,,Cannot find a large enough foreground near the center of board
sec6-res-util-lego-c8m2,,149,,lego,,3,,390,,485,,106,,1.0,,Cannot find a large enough foreground near the center of board
sec6-res-util-lego-c8m2,,153,,lego,,3,,387,,460,,82,,1.0,,Cannot find a large enough foreground near the center of board
sec6-res-util-lego-c8m2,,156,,lego,,3,,386,,460,,83,,1.0,,Cannot find a large enough foreground near the center of board
sec6-res-util-lego-c8m2,,160,,lego,,3,,389,,476,,98,,1.0,,Cannot find a large enough foreground near the center of board
sec6-res-util-lego-c8m2,,164,,lego,,3,,390,,468,,89,,1.0,,Cannot find a large enough foreground near the center of board
sec6-res-util-lego-c8m2,,167,,lego,,3,,390,,481,,103,,1.0,,Cannot find a large enough foreground near the center of board
sec6-res-util-lego-c8m2,,171,,lego,,3,,389,,459,,81,,1.0,,Cannot find a large enough foreground near the center of board
sec6-res-util-lego-c8m2,,175,,lego,,3,,389,,490,,181,,1.0,,Cannot find a large enough foreground near the center of board
sec6-res-util-lego-c8m2,,181,,lego,,3,,389,,462,,84,,1.0,,Cannot find a large enough foreground near the center of board
sec6-res-util-lego-c8m2,,184,,lego,,3,,389,,486,,108,,1.0,,Cannot find a large enough foreground near the center of board
sec6-res-util-lego-c8m2,,189,,lego,,3,,389,,490,,112,,1.0,,Cannot find a large enough foreground near the center of board
sec6-res-util-lego-c8m2,,193,,lego,,3,,391,,489,,189,,1.0,,Cannot find a large enough foreground near the center of board
sec6-res-util-lego-c8m2,,199,,lego,,3,,390,,488,,110,,1.0,,Cannot find a large enough foreground near the center of board
sec6-res-util-lego-c8m2,,229,,lego,,3,,395,,498,,120,,1.0,,Cannot find a large enough foreground near the center of board
sec6-res-util-lego-c8m2,,233,,lego,,3,,389,,463,,84,,1.0,,Cannot find a large enough foreground near the center of board
sec6-res-util-lego-c8m2,,236,,lego,,3,,389,,494,,116,,1.0,,Cannot find a large enough foreground near the center of board
sec6-res-util-lego-c8m2,,240,,lego,,3,,390,,493,,116,,1.0,,Cannot find a large enough foreground near the center of board
sec6-res-util-lego-c8m2,,245,,lego,,3,,389,,487,,109,,1.0,,Cannot find a large enough foreground near the center of board
sec6-res-util-lego-c8m2,,249,,lego,,3,,389,,490,,112,,1.0,,Cannot find a large enough foreground near the center of board
sec6-res-util-lego-c8m2,,254,,lego,,3,,390,,485,,216,,1.0,,Cannot find a large enough foreground near the center of board
sec6-res-util-lego-c8m2,,261,,lego,,3,,390,,493,,115,,1.0,,Cannot find a large enough foreground near the center of board
sec6-res-util-lego-c8m2,,265,,lego,,3,,392,,491,,113,,1.0,,Cannot find a large enough foreground near the center of board
sec6-res-util-lego-c8m2,,270,,lego,,3,,388,,491,,113,,1.0,,Cannot find a large enough foreground near the center of board
sec6-res-util-lego-c8m2,,274,,lego,,3,,389,,493,,115,,1.0,,Cannot find a large enough foreground near the center of board
sec6-res-util-lego-c8m2,,278,,lego,,3,,390,,487,,108,,1.0,,Cannot find a large enough foreground near the center of board
sec6-res-util-lego-c8m2,,282,,lego,,3,,388,,468,,90,,1.0,,Cannot find a large enough foreground near the center of board
sec6-res-util-lego-c8m2,,286,,lego,,3,,389,,463,,157,,1.0,,Cannot find a large enough foreground near the center of board
sec6-res-util-lego-c8m2,,292,,lego,,3,,393,,448,,71,,1.0,,Cannot locate board border, maybe not the full board is in the scene. Failed at stage 1
sec6-res-util-lego-c8m2,,295,,lego,,3,,389,,440,,61,,1.0,,Cannot locate board border, maybe not the full board is in the scene. Failed at stage 1
sec6-res-util-lego-c8m2,,297,,lego,,3,,390,,424,,46,,1.0,,Cannot locate board border, maybe not the full board is in the scene. Failed at stage 1
sec6-res-util-lego-c8m2,,300,,lego,,3,,390,,440,,63,,1.0,,Cannot locate board border, maybe not the full board is in the scene. Failed at stage 1
sec6-res-util-lego-c8m2,,302,,lego,,3,,391,,438,,59,,1.0,,Cannot locate board border, maybe not the full board is in the scene. Failed at stage 1
sec6-res-util-lego-c8m2,,305,,lego,,3,,390,,421,,42,,1.0,,Cannot locate board border, maybe not the full board is in the scene. Failed at stage 1
sec6-res-util-lego-c8m2,,307,,lego,,3,,389,,441,,63,,1.0,,Cannot locate board border, maybe not the full board is in the scene. Failed at stage 1
sec6-res-util-lego-c8m2,,310,,lego,,3,,389,,432,,53,,1.0,,Cannot locate board border, maybe not the full board is in the scene. Failed at stage 1
sec6-res-util-lego-c8m2,,313,,lego,,3,,392,,443,,64,,1.0,,Cannot locate board border, maybe not the full board is in the scene. Failed at stage 1
sec6-res-util-lego-c8m2,,315,,lego,,3,,389,,450,,72,,1.0,,Cannot locate board border, maybe not the full board is in the scene. Failed at stage 1
sec6-res-util-lego-c8m2,,319,,lego,,3,,395,,849,,505,,1.0,,[[2 2 2 2]]
sec6-res-util-lego-c8m2,,335,,lego,,3,,390,,460,,82,,1.0,,Cannot locate board border, maybe not the full board is in the scene. Failed at stage 2
sec6-res-util-lego-c8m2,,338,,lego,,3,,388,,839,,477,,1.0,,[[2 2 2 2]]
sec6-res-util-lego-c8m2,,353,,lego,,3,,390,,837,,484,,1.0,,[[2 2 2 2]]
sec6-res-util-lego-c8m2,,368,,lego,,3,,389,,835,,481,,1.0,,[[2 2 2 2]]
sec6-res-util-lego-c8m2,,384,,lego,,3,,388,,850,,559,,1.0,,[[2 2 2 2]]!!State Change!!
sec6-res-util-lego-c8m2,,418,,lego,,3,,395,,858,,586,,1.0,,[[2 2 2 2]]
sec6-res-util-lego-c8m2,,450,,lego,,3,,398,,833,,513,,1.0,,[[2 2 2 2]]
sec6-res-util-lego-c8m2,,482,,lego,,3,,397,,853,,500,,1.0,,[[2 2 2 2]]
sec6-res-util-lego-c8m2,,538,,lego,,3,,396,,444,,66,,1.0,,Cannot locate board border, maybe not the full board is in the scene. Failed at stage 1
sec6-res-util-lego-c8m2,,560,,lego,,3,,398,,452,,74,,1.0,,Cannot locate board border, maybe not the full board is in the scene. Failed at stage 1
sec6-res-util-lego-c8m2,,621,,lego,,3,,396,,418,,40,,1.0,,Cannot locate board border, maybe not the full board is in the scene. Failed at stage 1
sec6-res-util-lego-c8m2,,631,,lego,,3,,392,,429,,51,,1.0,,Cannot locate board border, maybe not the full board is in the scene. Failed at stage 1
sec6-res-util-lego-c8m2,,640,,lego,,3,,398,,434,,55,,1.0,,Cannot locate board border, maybe not the full board is in the scene. Failed at stage 1
sec6-res-util-lego-c8m2,,648,,lego,,3,,396,,429,,50,,1.0,,Cannot locate board border, maybe not the full board is in the scene. Failed at stage 1
sec6-res-util-lego-c8m2,,655,,lego,,3,,387,,414,,34,,1.0,,Cannot locate board border, maybe not the full board is in the scene. Failed at stage 1
sec6-res-util-lego-c8m2,,662,,lego,,3,,394,,427,,49,,1.0,,Cannot locate board border, maybe not the full board is in the scene. Failed at stage 1
sec6-res-util-lego-c8m2,,668,,lego,,3,,389,,433,,55,,1.0,,Cannot locate board border, maybe not the full board is in the scene. Failed at stage 1
sec6-res-util-lego-c8m2,,674,,lego,,3,,390,,440,,62,,1.0,,Cannot locate board border, maybe not the full board is in the scene. Failed at stage 1
sec6-res-util-lego-c8m2,,679,,lego,,3,,391,,430,,51,,1.0,,Cannot locate board border, maybe not the full board is in the scene. Failed at stage 1
sec6-res-util-lego-c8m2,,684,,lego,,3,,390,,441,,63,,1.0,,Cannot locate board border, maybe not the full board is in the scene. Failed at stage 1
sec6-res-util-lego-c8m2,,689,,lego,,3,,390,,456,,78,,1.0,,Cannot locate board border, maybe not the full board is in the scene. Failed at stage 1
sec6-res-util-lego-c8m2,,693,,lego,,3,,390,,452,,74,,1.0,,Cannot locate board border, maybe not the full board is in the scene. Failed at stage 1
sec6-res-util-lego-c8m2,,697,,lego,,3,,389,,452,,74,,1.0,,Cannot locate board border, maybe not the full board is in the scene. Failed at stage 1
sec6-res-util-lego-c8m2,,700,,lego,,3,,390,,452,,74,,1.0,,Cannot locate board border, maybe not the full board is in the scene. Failed at stage 1
sec6-res-util-lego-c8m2,,703,,lego,,3,,390,,829,,479,,1.0,,[[0 0 1 0]
 [2 2 2 2]]
sec6-res-util-lego-c8m2,,719,,lego,,3,,390,,835,,477,,1.0,,[[0 0 1 0]
 [2 2 2 2]]
sec6-res-util-lego-c8m2,,734,,lego,,3,,390,,826,,485,,1.0,,[[0 0 1 0]
 [2 2 2 2]]
sec6-res-util-lego-c8m2,,749,,lego,,3,,390,,873,,573,,1.0,,[[0 0 1 0]
 [2 2 2 2]]
sec6-res-util-lego-c8m2,,768,,lego,,3,,389,,817,,483,,1.0,,[[0 0 1 0]
 [2 2 2 2]]!!State Change!!
sec6-res-util-lego-c8m2,,801,,lego,,3,,396,,846,,497,,1.0,,[[0 0 1 0]
 [2 2 2 2]]
sec6-res-util-lego-c8m2,,834,,lego,,3,,398,,872,,536,,1.0,,[[0 0 1 0]
 [2 2 2 2]]
sec6-res-util-lego-c8m2,,865,,lego,,3,,394,,852,,526,,1.0,,[[0 0 1 0]
 [2 2 2 2]]
sec6-res-util-lego-c8m2,,1003,,lego,,3,,396,,424,,44,,1.0,,Cannot locate board border, maybe not the full board is in the scene. Failed at stage 1
sec6-res-util-lego-c8m2,,1013,,lego,,3,,397,,431,,52,,1.0,,Cannot locate board border, maybe not the full board is in the scene. Failed at stage 1
sec6-res-util-lego-c8m2,,1022,,lego,,3,,396,,429,,51,,1.0,,Cannot locate board border, maybe not the full board is in the scene. Failed at stage 1
sec6-res-util-lego-c8m2,,1030,,lego,,3,,396,,430,,52,,1.0,,Cannot locate board border, maybe not the full board is in the scene. Failed at stage 1
sec6-res-util-lego-c8m2,,1037,,lego,,3,,389,,427,,48,,1.0,,Cannot locate board border, maybe not the full board is in the scene. Failed at stage 1
sec6-res-util-lego-c8m2,,1043,,lego,,3,,395,,433,,54,,1.0,,Cannot locate board border, maybe not the full board is in the scene. Failed at stage 1
sec6-res-util-lego-c8m2,,1049,,lego,,3,,389,,426,,47,,1.0,,Cannot locate board border, maybe not the full board is in the scene. Failed at stage 1
sec6-res-util-lego-c8m2,,1055,,lego,,3,,388,,421,,41,,1.0,,Cannot locate board border, maybe not the full board is in the scene. Failed at stage 1
sec6-res-util-lego-c8m2,,1060,,lego,,3,,389,,419,,40,,1.0,,Cannot locate board border, maybe not the full board is in the scene. Failed at stage 1
sec6-res-util-lego-c8m2,,1065,,lego,,3,,389,,424,,46,,1.0,,Cannot locate board border, maybe not the full board is in the scene. Failed at stage 1
sec6-res-util-lego-c8m2,,1070,,lego,,3,,390,,411,,32,,1.0,,Cannot locate board border, maybe not the full board is in the scene. Failed at stage 1
sec6-res-util-lego-c8m2,,1074,,lego,,3,,388,,426,,94,,1.0,,Cannot locate board border, maybe not the full board is in the scene. Failed at stage 1
sec6-res-util-lego-c8m2,,1078,,lego,,3,,389,,427,,49,,1.0,,Cannot locate board border, maybe not the full board is in the scene. Failed at stage 1
sec6-res-util-lego-c8m2,,1082,,lego,,3,,392,,443,,65,,1.0,,Cannot locate board border, maybe not the full board is in the scene. Failed at stage 1
sec6-res-util-lego-c8m2,,1085,,lego,,3,,389,,463,,84,,1.0,,Cannot locate board border, maybe not the full board is in the scene. Failed at stage 1
sec6-res-util-lego-c8m2,,1088,,lego,,3,,390,,442,,64,,1.0,,Cannot locate board border, maybe not the full board is in the scene. Failed at stage 1
sec6-res-util-lego-c8m2,,1091,,lego,,3,,389,,441,,62,,1.0,,Cannot locate board border, maybe not the full board is in the scene. Failed at stage 1
sec6-res-util-lego-c8m2,,1094,,lego,,3,,392,,458,,79,,1.0,,Cannot locate board border, maybe not the full board is in the scene. Failed at stage 1
sec6-res-util-lego-c8m2,,1097,,lego,,3,,388,,439,,60,,1.0,,Cannot locate board border, maybe not the full board is in the scene. Failed at stage 1
sec6-res-util-lego-c8m2,,1100,,lego,,3,,387,,440,,61,,1.0,,Cannot locate board border, maybe not the full board is in the scene. Failed at stage 1
sec6-res-util-lego-c8m2,,1103,,lego,,3,,389,,449,,70,,1.0,,Cannot locate board border, maybe not the full board is in the scene. Failed at stage 1
sec6-res-util-lego-c8m2,,1106,,lego,,3,,390,,454,,76,,1.0,,Cannot locate board border, maybe not the full board is in the scene. Failed at stage 1
sec6-res-util-lego-c8m2,,1109,,lego,,3,,386,,438,,58,,1.0,,Cannot locate board border, maybe not the full board is in the scene. Failed at stage 1
sec6-res-util-lego-c8m2,,1111,,lego,,3,,386,,809,,518,,1.0,,[[0 0 1 6]
 [2 2 2 2]]
sec6-res-util-lego-c8m2,,1127,,lego,,3,,390,,844,,481,,1.0,,Not confident about reconstruction, maybe too much noise
sec6-res-util-lego-c8m2,,1143,,lego,,3,,390,,839,,480,,1.0,,[[0 0 1 6]
 [2 2 2 2]]
sec6-res-util-lego-c8m2,,1158,,lego,,3,,391,,817,,482,,1.0,,[[0 0 1 6]
 [2 2 2 2]]
sec6-res-util-lego-c8m2,,1173,,lego,,3,,390,,885,,583,,1.0,,[[0 0 1 6]
 [2 2 2 2]]
sec6-res-util-lego-c8m2,,1192,,lego,,3,,392,,843,,571,,1.0,,[[0 0 1 6]
 [2 2 2 2]]!!State Change!!
sec6-res-util-lego-c8m2,,1225,,lego,,3,,396,,832,,474,,1.0,,Not confident about reconstruction, maybe too much noise
sec6-res-util-lego-c8m2,,1258,,lego,,3,,397,,447,,69,,1.0,,Cannot locate board border, maybe not the full board is in the scene. Failed at stage 1
sec6-res-util-lego-c8m2,,1291,,lego,,3,,397,,439,,61,,1.0,,Cannot locate board border, maybe not the full board is in the scene. Failed at stage 1
