sec6-res-util-pool-c8m2,,1348,,pool,,2,,439,,524,,162,,1.23241963327e-07,,Cannot find cue ball
sec6-res-util-pool-c8m2,,1353,,pool,,2,,379,,446,,86,,1.0,,Cannot find cue bottom
sec6-res-util-pool-c8m2,,1357,,pool,,2,,373,,444,,82,,1.0,,Cannot find cue ball
sec6-res-util-pool-c8m2,,1360,,pool,,2,,373,,457,,95,,1.0,,Cannot find cue ball
sec6-res-util-pool-c8m2,,1364,,pool,,2,,376,,464,,102,,0.97599,,Cannot find cue bottom
sec6-res-util-pool-c8m2,,1368,,pool,,2,,378,,473,,112,,0.129228564937,,speech: right
sec6-res-util-pool-c8m2,,1372,,pool,,2,,372,,462,,101,,0.98704,,Cannot find cue ball
sec6-res-util-pool-c8m2,,1376,,pool,,2,,372,,462,,100,,0.99375,,Cannot find object ball
sec6-res-util-pool-c8m2,,1380,,pool,,2,,372,,454,,92,,1.0,,Cannot find object ball
sec6-res-util-pool-c8m2,,1383,,pool,,2,,372,,483,,121,,0.0106573821083,,Cannot find object ball
sec6-res-util-pool-c8m2,,1388,,pool,,2,,372,,496,,175,,3.35276126862e-09,,Cannot find object ball
sec6-res-util-pool-c8m2,,1394,,pool,,2,,373,,450,,88,,1.0,,Cannot find object ball
sec6-res-util-pool-c8m2,,1398,,pool,,2,,372,,475,,113,,0.0979369383708,,Cannot find object ball
sec6-res-util-pool-c8m2,,1402,,pool,,2,,372,,493,,131,,0.000666086381767,,Cannot find object ball
sec6-res-util-pool-c8m2,,1407,,pool,,2,,370,,495,,134,,0.000289930937426,,Cannot find object ball
sec6-res-util-pool-c8m2,,1412,,pool,,2,,383,,469,,107,,0.516914259749,,Cannot find object ball
sec6-res-util-pool-c8m2,,1416,,pool,,2,,373,,469,,107,,0.516914259749,,Cannot find object ball
sec6-res-util-pool-c8m2,,1420,,pool,,2,,373,,488,,139,,7.24827343564e-05,,Cannot find object ball
sec6-res-util-pool-c8m2,,1425,,pool,,2,,373,,487,,125,,0.003515625,,Cannot find object ball
sec6-res-util-pool-c8m2,,1429,,pool,,2,,373,,463,,101,,0.98704,,speech: good
sec6-res-util-pool-c8m2,,1433,,pool,,2,,375,,468,,106,,0.68207245493,,speech: right
sec6-res-util-pool-c8m2,,1437,,pool,,2,,372,,471,,109,,0.296889279924,,Cannot find object ball
sec6-res-util-pool-c8m2,,1442,,pool,,2,,372,,454,,92,,1.0,,Cannot find object ball
sec6-res-util-pool-c8m2,,1445,,pool,,2,,372,,442,,80,,1.0,,Cannot find object ball
sec6-res-util-pool-c8m2,,1449,,pool,,2,,371,,433,,100,,0.99375,,Cannot find object ball
sec6-res-util-pool-c8m2,,1452,,pool,,2,,371,,480,,118,,0.0244842345927,,Cannot find cue bottom
sec6-res-util-pool-c8m2,,1457,,pool,,2,,372,,452,,89,,1.0,,Cannot find cue bottom
sec6-res-util-pool-c8m2,,1460,,pool,,2,,373,,438,,75,,1.0,,Cannot find cue bottom
sec6-res-util-pool-c8m2,,1464,,pool,,2,,372,,439,,77,,1.0,,Cannot find cue bottom
sec6-res-util-pool-c8m2,,1467,,pool,,2,,372,,414,,51,,1.0,,Cannot find cue top
sec6-res-util-pool-c8m2,,1469,,pool,,2,,372,,427,,65,,1.0,,Cannot find cue top
sec6-res-util-pool-c8m2,,1472,,pool,,2,,373,,436,,74,,1.0,,Cannot find cue top
sec6-res-util-pool-c8m2,,1475,,pool,,2,,373,,415,,53,,1.0,,Cannot find cue top
sec6-res-util-pool-c8m2,,1477,,pool,,2,,374,,420,,58,,1.0,,Cannot find cue top
sec6-res-util-pool-c8m2,,1480,,pool,,2,,372,,415,,52,,1.0,,Cannot find cue top
sec6-res-util-pool-c8m2,,1482,,pool,,2,,375,,463,,101,,0.98704,,Cannot find cue bottom
sec6-res-util-pool-c8m2,,1486,,pool,,2,,373,,428,,68,,1.0,,Cannot find cue bottom
sec6-res-util-pool-c8m2,,1489,,pool,,2,,373,,434,,73,,1.0,,Cannot find cue ball
sec6-res-util-pool-c8m2,,1492,,pool,,2,,372,,414,,52,,1.0,,Cannot find cue top
sec6-res-util-pool-c8m2,,1495,,pool,,2,,373,,432,,70,,1.0,,Cannot find cue bottom
sec6-res-util-pool-c8m2,,1498,,pool,,2,,373,,480,,118,,0.0244842345927,,Cannot find cue ball
sec6-res-util-pool-c8m2,,1502,,pool,,2,,375,,488,,126,,0.00266434552707,,Cannot find cue bottom
sec6-res-util-pool-c8m2,,1507,,pool,,2,,373,,436,,75,,1.0,,Cannot find cue bottom
sec6-res-util-pool-c8m2,,1510,,pool,,2,,376,,486,,211,,1.55085320996e-13,,Cannot find cue bottom
sec6-res-util-pool-c8m2,,1527,,pool,,2,,386,,463,,100,,0.99375,,Cannot find cue bottom
sec6-res-util-pool-c8m2,,1531,,pool,,2,,373,,431,,69,,1.0,,Cannot find cue bottom
sec6-res-util-pool-c8m2,,1533,,pool,,2,,375,,427,,66,,1.0,,Cannot find cue bottom
sec6-res-util-pool-c8m2,,1536,,pool,,2,,373,,466,,104,,0.93439,,Cannot find cue ball
sec6-res-util-pool-c8m2,,1540,,pool,,2,,374,,438,,77,,1.0,,Cannot find cue ball
sec6-res-util-pool-c8m2,,1544,,pool,,2,,373,,443,,109,,0.296889279924,,Cannot find cue bottom
sec6-res-util-pool-c8m2,,1548,,pool,,2,,373,,427,,65,,1.0,,Cannot find cue bottom
sec6-res-util-pool-c8m2,,1551,,pool,,2,,376,,465,,103,,0.95904,,Cannot find cue bottom
sec6-res-util-pool-c8m2,,1555,,pool,,2,,373,,447,,85,,1.0,,Cannot find cue bottom
sec6-res-util-pool-c8m2,,1558,,pool,,2,,373,,454,,92,,1.0,,Cannot find cue bottom
sec6-res-util-pool-c8m2,,1562,,pool,,2,,374,,438,,76,,1.0,,Cannot find cue bottom
sec6-res-util-pool-c8m2,,1565,,pool,,2,,374,,432,,69,,1.0,,Cannot find cue bottom
sec6-res-util-pool-c8m2,,1568,,pool,,2,,373,,428,,66,,1.0,,Cannot find cue ball
sec6-res-util-pool-c8m2,,1571,,pool,,2,,377,,453,,91,,1.0,,Cannot find cue ball
sec6-res-util-pool-c8m2,,1574,,pool,,2,,374,,428,,66,,1.0,,Cannot find cue ball
sec6-res-util-pool-c8m2,,1577,,pool,,2,,373,,472,,110,,0.225,,Cannot find cue bottom
sec6-res-util-pool-c8m2,,1582,,pool,,2,,374,,498,,136,,0.000166521595442,,Cannot find cue ball
sec6-res-util-pool-c8m2,,1587,,pool,,2,,374,,454,,93,,1.0,,Cannot find cue bottom
sec6-res-util-pool-c8m2,,1590,,pool,,2,,373,,436,,74,,1.0,,Cannot find cue ball
sec6-res-util-pool-c8m2,,1606,,pool,,2,,380,,487,,125,,0.003515625,,Cannot find cue bottom
sec6-res-util-pool-c8m2,,1610,,pool,,2,,372,,426,,64,,1.0,,Cannot find cue bottom
sec6-res-util-pool-c8m2,,1613,,pool,,2,,376,,430,,69,,1.0,,Cannot find cue bottom
sec6-res-util-pool-c8m2,,1616,,pool,,2,,373,,431,,69,,1.0,,Cannot find cue bottom
sec6-res-util-pool-c8m2,,1619,,pool,,2,,372,,472,,110,,0.225,,Cannot find cue bottom
sec6-res-util-pool-c8m2,,1623,,pool,,2,,378,,434,,72,,1.0,,Cannot find cue top
sec6-res-util-pool-c8m2,,1640,,pool,,2,,381,,438,,77,,1.0,,Cannot find cue top
sec6-res-util-pool-c8m2,,1643,,pool,,2,,373,,418,,56,,1.0,,Cannot find cue top
sec6-res-util-pool-c8m2,,1645,,pool,,2,,374,,447,,85,,1.0,,Cannot find cue ball
sec6-res-util-pool-c8m2,,1649,,pool,,2,,373,,429,,67,,1.0,,Cannot find cue ball
sec6-res-util-pool-c8m2,,1651,,pool,,2,,374,,431,,74,,1.0,,Cannot find cue ball
sec6-res-util-pool-c8m2,,1654,,pool,,2,,380,,475,,113,,0.0979369383708,,Cannot find cue bottom
sec6-res-util-pool-c8m2,,1659,,pool,,2,,374,,447,,85,,1.0,,Cannot find cue top
sec6-res-util-pool-c8m2,,1662,,pool,,2,,374,,446,,152,,1.97187141323e-06,,Cannot find cue top
sec6-res-util-pool-c8m2,,1667,,pool,,2,,375,,461,,99,,0.99744,,Cannot find cue bottom
sec6-res-util-pool-c8m2,,1671,,pool,,2,,375,,431,,67,,1.0,,Cannot find cue ball
sec6-res-util-pool-c8m2,,1674,,pool,,2,,374,,460,,98,,0.99919,,Cannot find cue ball
sec6-res-util-pool-c8m2,,1678,,pool,,2,,375,,460,,98,,0.99919,,Cannot find cue ball
sec6-res-util-pool-c8m2,,1682,,pool,,2,,374,,450,,88,,1.0,,Cannot find cue ball
sec6-res-util-pool-c8m2,,1685,,pool,,2,,374,,482,,301,,2.2567884443e-24,,Cannot find cue ball
sec6-res-util-pool-c8m2,,1695,,pool,,2,,443,,582,,220,,1.27897692437e-14,,Cannot find cue ball
sec6-res-util-pool-c8m2,,1703,,pool,,2,,374,,473,,132,,0.000504799081786,,Cannot find cue ball
sec6-res-util-pool-c8m2,,1707,,pool,,2,,373,,465,,105,,0.9,,Cannot find cue ball
sec6-res-util-pool-c8m2,,1711,,pool,,2,,373,,459,,98,,0.99919,,Cannot find cue ball
sec6-res-util-pool-c8m2,,1715,,pool,,2,,373,,439,,77,,1.0,,Cannot find cue ball
sec6-res-util-pool-c8m2,,1719,,pool,,2,,372,,457,,95,,1.0,,Cannot find cue ball
sec6-res-util-pool-c8m2,,1722,,pool,,2,,373,,456,,94,,1.0,,Cannot find cue ball
sec6-res-util-pool-c8m2,,1726,,pool,,2,,373,,458,,96,,0.99999,,Cannot find cue bottom
sec6-res-util-pool-c8m2,,1730,,pool,,2,,373,,473,,153,,1.49439908403e-06,,Cannot find object ball
sec6-res-util-pool-c8m2,,1735,,pool,,2,,373,,454,,92,,1.0,,Cannot find object ball
sec6-res-util-pool-c8m2,,1739,,pool,,2,,375,,445,,83,,1.0,,Cannot find object ball
sec6-res-util-pool-c8m2,,1742,,pool,,2,,372,,449,,87,,1.0,,Cannot find cue ball
sec6-res-util-pool-c8m2,,1746,,pool,,2,,373,,460,,99,,0.99744,,Cannot find object ball
sec6-res-util-pool-c8m2,,1749,,pool,,2,,373,,441,,79,,1.0,,Cannot find cue ball
sec6-res-util-pool-c8m2,,1753,,pool,,2,,373,,478,,116,,0.0426295284331,,Cannot find cue ball
sec6-res-util-pool-c8m2,,1757,,pool,,2,,374,,458,,96,,0.99999,,Cannot find cue ball
sec6-res-util-pool-c8m2,,1761,,pool,,2,,381,,456,,94,,1.0,,Cannot find cue ball
sec6-res-util-pool-c8m2,,1764,,pool,,2,,375,,517,,155,,8.58306884766e-07,,Cannot find cue ball
sec6-res-util-pool-c8m2,,1770,,pool,,2,,375,,474,,111,,0.170518113732,,Cannot find cue ball
sec6-res-util-pool-c8m2,,1775,,pool,,2,,372,,478,,117,,0.0323071412343,,Cannot find cue ball
sec6-res-util-pool-c8m2,,1779,,pool,,2,,372,,465,,104,,0.93439,,Cannot find cue ball
sec6-res-util-pool-c8m2,,1783,,pool,,2,,381,,480,,118,,0.0244842345927,,Cannot find cue ball
sec6-res-util-pool-c8m2,,1788,,pool,,2,,373,,457,,166,,4.06546863872e-08,,Cannot find cue ball
sec6-res-util-pool-c8m2,,1793,,pool,,2,,373,,446,,83,,1.0,,Cannot find cue ball
sec6-res-util-pool-c8m2,,1797,,pool,,2,,373,,444,,82,,1.0,,Cannot find cue ball
sec6-res-util-pool-c8m2,,1800,,pool,,2,,373,,496,,135,,0.0002197265625,,Cannot find cue ball
sec6-res-util-pool-c8m2,,1805,,pool,,2,,372,,440,,94,,1.0,,Cannot find object ball
sec6-res-util-pool-c8m2,,1809,,pool,,2,,373,,435,,73,,1.0,,Cannot find cue bottom
sec6-res-util-pool-c8m2,,1812,,pool,,2,,373,,453,,91,,1.0,,Cannot find cue bottom
sec6-res-util-pool-c8m2,,1815,,pool,,2,,373,,466,,104,,0.93439,,Cannot find cue bottom
sec6-res-util-pool-c8m2,,1819,,pool,,2,,379,,447,,130,,0.00087890625,,Cannot find cue top
sec6-res-util-pool-c8m2,,1824,,pool,,2,,372,,442,,80,,1.0,,Cannot find cue bottom
sec6-res-util-pool-c8m2,,1827,,pool,,2,,376,,438,,75,,1.0,,Cannot find cue top
sec6-res-util-pool-c8m2,,1830,,pool,,2,,373,,423,,62,,1.0,,Cannot find cue top
sec6-res-util-pool-c8m2,,1833,,pool,,2,,374,,420,,58,,1.0,,Cannot find cue top
sec6-res-util-pool-c8m2,,1836,,pool,,2,,375,,440,,78,,1.0,,Cannot find cue top
sec6-res-util-pool-c8m2,,1839,,pool,,2,,374,,431,,69,,1.0,,Cannot find cue bottom
sec6-res-util-pool-c8m2,,1842,,pool,,2,,374,,454,,102,,0.97599,,Cannot find cue bottom
sec6-res-util-pool-c8m2,,1846,,pool,,2,,373,,439,,86,,1.0,,Cannot find cue bottom
sec6-res-util-pool-c8m2,,1849,,pool,,2,,374,,463,,101,,0.98704,,Cannot find cue bottom
sec6-res-util-pool-c8m2,,1853,,pool,,2,,377,,472,,110,,0.225,,Cannot find cue bottom
sec6-res-util-pool-c8m2,,1870,,pool,,2,,385,,491,,130,,0.00087890625,,Cannot find cue bottom
sec6-res-util-pool-c8m2,,1874,,pool,,2,,372,,430,,68,,1.0,,Cannot find cue top
sec6-res-util-pool-c8m2,,1877,,pool,,2,,373,,431,,69,,1.0,,Cannot find cue top
sec6-res-util-pool-c8m2,,1880,,pool,,2,,373,,423,,61,,1.0,,Cannot find cue top
sec6-res-util-pool-c8m2,,1883,,pool,,2,,375,,449,,88,,1.0,,Cannot find cue bottom
sec6-res-util-pool-c8m2,,1886,,pool,,2,,375,,428,,66,,1.0,,Cannot find cue bottom
sec6-res-util-pool-c8m2,,1889,,pool,,2,,374,,448,,86,,1.0,,Cannot find cue top
sec6-res-util-pool-c8m2,,1893,,pool,,2,,374,,438,,76,,1.0,,Cannot find cue top
sec6-res-util-pool-c8m2,,1896,,pool,,2,,370,,415,,53,,1.0,,Cannot find cue top
sec6-res-util-pool-c8m2,,1898,,pool,,2,,372,,441,,80,,1.0,,Cannot find cue bottom
sec6-res-util-pool-c8m2,,1902,,pool,,2,,372,,476,,154,,1.13254272432e-06,,Cannot find cue bottom
sec6-res-util-pool-c8m2,,1907,,pool,,2,,371,,435,,72,,1.0,,Cannot find cue top
sec6-res-util-pool-c8m2,,1910,,pool,,2,,372,,428,,65,,1.0,,Cannot find cue top
sec6-res-util-pool-c8m2,,1913,,pool,,2,,370,,430,,68,,1.0,,Cannot find cue top
sec6-res-util-pool-c8m2,,1916,,pool,,2,,372,,484,,121,,0.0106573821083,,Cannot find cue ball
sec6-res-util-pool-c8m2,,1921,,pool,,2,,376,,477,,115,,0.05625,,Cannot find cue top
sec6-res-util-pool-c8m2,,1925,,pool,,2,,371,,430,,95,,1.0,,Cannot find cue top
sec6-res-util-pool-c8m2,,1929,,pool,,2,,371,,433,,71,,1.0,,Cannot find cue top
sec6-res-util-pool-c8m2,,1932,,pool,,2,,371,,416,,54,,1.0,,Cannot find cue top
sec6-res-util-pool-c8m2,,1953,,pool,,2,,373,,433,,70,,1.0,,Cannot find cue top
sec6-res-util-pool-c8m2,,1955,,pool,,2,,371,,432,,69,,1.0,,Cannot find cue top
sec6-res-util-pool-c8m2,,1958,,pool,,2,,372,,437,,75,,1.0,,Cannot find cue top
sec6-res-util-pool-c8m2,,1962,,pool,,2,,371,,447,,87,,1.0,,Cannot find cue top
sec6-res-util-pool-c8m2,,1965,,pool,,2,,372,,449,,87,,1.0,,Cannot find cue top
sec6-res-util-pool-c8m2,,1969,,pool,,2,,373,,437,,75,,1.0,,Cannot find cue bottom
sec6-res-util-pool-c8m2,,1972,,pool,,2,,371,,440,,78,,1.0,,Cannot find cue bottom
sec6-res-util-pool-c8m2,,2000,,pool,,2,,382,,481,,119,,0.0185555799952,,Cannot find cue top
sec6-res-util-pool-c8m2,,2032,,pool,,2,,379,,466,,104,,0.93439,,Cannot find cue top
sec6-res-util-pool-c8m2,,2035,,pool,,2,,375,,427,,65,,1.0,,Cannot find cue top
sec6-res-util-pool-c8m2,,2038,,pool,,2,,372,,476,,114,,0.074222319981,,Cannot find cue bottom
sec6-res-util-pool-c8m2,,2043,,pool,,2,,373,,459,,142,,3.15499426116e-05,,Cannot find cue bottom
sec6-res-util-pool-c8m2,,2048,,pool,,2,,371,,470,,107,,0.516914259749,,Cannot find cue ball
sec6-res-util-pool-c8m2,,2052,,pool,,2,,371,,425,,63,,1.0,,Cannot find cue ball
sec6-res-util-pool-c8m2,,2055,,pool,,2,,372,,434,,71,,1.0,,Cannot find cue ball
sec6-res-util-pool-c8m2,,2058,,pool,,2,,371,,438,,76,,1.0,,Cannot find cue ball
sec6-res-util-pool-c8m2,,2061,,pool,,2,,371,,446,,85,,1.0,,Cannot find cue bottom
sec6-res-util-pool-c8m2,,2064,,pool,,2,,371,,463,,101,,0.98704,,Cannot find cue ball
sec6-res-util-pool-c8m2,,2069,,pool,,2,,372,,477,,114,,0.074222319981,,Cannot find cue ball
sec6-res-util-pool-c8m2,,2073,,pool,,2,,371,,468,,106,,0.68207245493,,Cannot find cue ball
sec6-res-util-pool-c8m2,,2077,,pool,,2,,371,,448,,137,,0.000126199770446,,Cannot find cue ball
sec6-res-util-pool-c8m2,,2083,,pool,,2,,371,,471,,116,,0.0426295284331,,Cannot find cue bottom
sec6-res-util-pool-c8m2,,2087,,pool,,2,,385,,498,,136,,0.000166521595442,,Cannot find cue bottom
sec6-res-util-pool-c8m2,,2092,,pool,,2,,371,,419,,56,,1.0,,Cannot find cue top
sec6-res-util-pool-c8m2,,2094,,pool,,2,,371,,423,,60,,1.0,,Cannot find cue top
sec6-res-util-pool-c8m2,,2097,,pool,,2,,371,,439,,78,,1.0,,Cannot find cue ball
sec6-res-util-pool-c8m2,,2100,,pool,,2,,372,,447,,84,,1.0,,Cannot find cue ball
sec6-res-util-pool-c8m2,,2104,,pool,,2,,371,,437,,75,,1.0,,Cannot find cue top
sec6-res-util-pool-c8m2,,2107,,pool,,2,,371,,462,,100,,0.99375,,speech: left
sec6-res-util-pool-c8m2,,2111,,pool,,2,,374,,443,,80,,1.0,,Cannot find object ball
sec6-res-util-pool-c8m2,,2114,,pool,,2,,370,,451,,149,,4.53017089728e-06,,Cannot find cue ball
sec6-res-util-pool-c8m2,,2119,,pool,,2,,371,,455,,92,,1.0,,Cannot find cue ball
sec6-res-util-pool-c8m2,,2123,,pool,,2,,374,,438,,75,,1.0,,Cannot find object ball
sec6-res-util-pool-c8m2,,2126,,pool,,2,,371,,469,,105,,0.9,,Cannot find cue ball
sec6-res-util-pool-c8m2,,2130,,pool,,2,,370,,449,,87,,1.0,,Cannot find object ball
sec6-res-util-pool-c8m2,,2133,,pool,,2,,375,,493,,131,,0.000666086381767,,Cannot find cue ball
sec6-res-util-pool-c8m2,,2138,,pool,,2,,373,,452,,90,,1.0,,Cannot find cue ball
sec6-res-util-pool-c8m2,,2142,,pool,,2,,374,,438,,76,,1.0,,Cannot find object ball
sec6-res-util-pool-c8m2,,2145,,pool,,2,,372,,435,,72,,1.0,,Cannot find cue ball
sec6-res-util-pool-c8m2,,2148,,pool,,2,,372,,437,,75,,1.0,,Cannot find object ball
sec6-res-util-pool-c8m2,,2151,,pool,,2,,374,,447,,92,,1.0,,Cannot find object ball
sec6-res-util-pool-c8m2,,2155,,pool,,2,,373,,475,,113,,0.0979369383708,,Cannot find cue ball
sec6-res-util-pool-c8m2,,2159,,pool,,2,,373,,507,,145,,1.37329101563e-05,,Cannot find cue ball
sec6-res-util-pool-c8m2,,2164,,pool,,2,,372,,475,,113,,0.0979369383708,,Cannot find cue ball
sec6-res-util-pool-c8m2,,2169,,pool,,2,,373,,480,,118,,0.0244842345927,,Cannot find cue top
sec6-res-util-pool-c8m2,,2173,,pool,,2,,372,,434,,71,,1.0,,Cannot find cue top
sec6-res-util-pool-c8m2,,2176,,pool,,2,,377,,436,,73,,1.0,,Cannot find cue top
sec6-res-util-pool-c8m2,,2179,,pool,,2,,372,,423,,61,,1.0,,Cannot find cue bottom
sec6-res-util-pool-c8m2,,2182,,pool,,2,,373,,412,,51,,1.0,,Cannot find cue top
sec6-res-util-pool-c8m2,,2184,,pool,,2,,378,,424,,62,,1.0,,Cannot find cue top
sec6-res-util-pool-c8m2,,2187,,pool,,2,,372,,442,,80,,1.0,,Cannot find cue top
sec6-res-util-pool-c8m2,,2190,,pool,,2,,374,,421,,59,,1.0,,Cannot find cue top
sec6-res-util-pool-c8m2,,2193,,pool,,2,,373,,420,,58,,1.0,,Cannot find cue top
sec6-res-util-pool-c8m2,,2215,,pool,,2,,379,,439,,78,,1.0,,Cannot find cue top
sec6-res-util-pool-c8m2,,2218,,pool,,2,,372,,409,,49,,1.0,,Cannot find cue top
sec6-res-util-pool-c8m2,,2220,,pool,,2,,373,,444,,82,,1.0,,Cannot find cue top
sec6-res-util-pool-c8m2,,2223,,pool,,2,,375,,459,,98,,0.99919,,Cannot find cue top
sec6-res-util-pool-c8m2,,2227,,pool,,2,,373,,416,,57,,1.0,,Cannot find cue top
sec6-res-util-pool-c8m2,,2230,,pool,,2,,378,,453,,91,,1.0,,Cannot find cue top
sec6-res-util-pool-c8m2,,2233,,pool,,2,,373,,445,,83,,1.0,,Cannot find cue top
sec6-res-util-pool-c8m2,,2237,,pool,,2,,373,,413,,51,,1.0,,Cannot find cue top
sec6-res-util-pool-c8m2,,2239,,pool,,2,,372,,428,,66,,1.0,,Cannot find cue top
sec6-res-util-pool-c8m2,,2242,,pool,,2,,372,,413,,51,,1.0,,Cannot find cue top
sec6-res-util-pool-c8m2,,2244,,pool,,2,,374,,418,,55,,1.0,,Cannot find cue top
sec6-res-util-pool-c8m2,,2270,,pool,,2,,380,,497,,135,,0.0002197265625,,Cannot find cue bottom
sec6-res-util-pool-c8m2,,2274,,pool,,2,,373,,463,,102,,0.97599,,Cannot find cue bottom
sec6-res-util-pool-c8m2,,2278,,pool,,2,,373,,470,,108,,0.391747753483,,Cannot find cue bottom
sec6-res-util-pool-c8m2,,2282,,pool,,2,,372,,451,,89,,1.0,,Cannot find cue bottom
sec6-res-util-pool-c8m2,,2286,,pool,,2,,373,,487,,141,,4.16303988605e-05,,Cannot find cue ball
sec6-res-util-pool-c8m2,,2291,,pool,,2,,373,,470,,109,,0.296889279924,,Cannot find cue bottom
sec6-res-util-pool-c8m2,,2312,,pool,,2,,377,,438,,76,,1.0,,Cannot find cue ball
sec6-res-util-pool-c8m2,,2315,,pool,,2,,373,,440,,78,,1.0,,Cannot find object ball
sec6-res-util-pool-c8m2,,2318,,pool,,2,,374,,455,,93,,1.0,,Cannot find cue bottom
sec6-res-util-pool-c8m2,,2322,,pool,,2,,373,,461,,99,,0.99744,,Cannot find cue ball
sec6-res-util-pool-c8m2,,2326,,pool,,2,,373,,462,,100,,0.99375,,Cannot find cue ball
sec6-res-util-pool-c8m2,,2330,,pool,,2,,374,,455,,93,,1.0,,Cannot find cue ball
sec6-res-util-pool-c8m2,,2333,,pool,,2,,373,,450,,88,,1.0,,Cannot find cue ball
sec6-res-util-pool-c8m2,,2337,,pool,,2,,372,,445,,84,,1.0,,Cannot find cue ball
sec6-res-util-pool-c8m2,,2340,,pool,,2,,373,,476,,115,,0.05625,,speech: left
sec6-res-util-pool-c8m2,,2345,,pool,,2,,376,,502,,140,,5.4931640625e-05,,Cannot find cue bottom
sec6-res-util-pool-c8m2,,2350,,pool,,2,,374,,467,,104,,0.93439,,Cannot find cue bottom
sec6-res-util-pool-c8m2,,2354,,pool,,2,,375,,444,,82,,1.0,,Cannot find cue bottom
sec6-res-util-pool-c8m2,,2357,,pool,,2,,376,,445,,83,,1.0,,Cannot find cue bottom
sec6-res-util-pool-c8m2,,2360,,pool,,2,,372,,465,,123,,0.00612105864818,,Cannot find cue bottom
sec6-res-util-pool-c8m2,,2365,,pool,,2,,373,,444,,82,,1.0,,Cannot find cue bottom
sec6-res-util-pool-c8m2,,2368,,pool,,2,,373,,450,,88,,1.0,,Cannot find cue bottom
sec6-res-util-pool-c8m2,,2372,,pool,,2,,372,,462,,99,,0.99744,,Cannot find cue bottom
sec6-res-util-pool-c8m2,,2376,,pool,,2,,375,,437,,74,,1.0,,Cannot find cue bottom
sec6-res-util-pool-c8m2,,2379,,pool,,2,,375,,464,,127,,0.00201919632714,,Cannot find cue bottom
sec6-res-util-pool-c8m2,,2383,,pool,,2,,374,,453,,92,,1.0,,Cannot find cue bottom
sec6-res-util-pool-c8m2,,2387,,pool,,2,,373,,443,,82,,1.0,,Cannot find cue bottom
sec6-res-util-pool-c8m2,,2390,,pool,,2,,373,,442,,80,,1.0,,Cannot find cue bottom
sec6-res-util-pool-c8m2,,2394,,pool,,2,,373,,435,,73,,1.0,,Cannot find cue bottom
sec6-res-util-pool-c8m2,,2397,,pool,,2,,374,,441,,78,,1.0,,Cannot find cue bottom
sec6-res-util-pool-c8m2,,2400,,pool,,2,,376,,436,,74,,1.0,,Cannot find cue bottom
sec6-res-util-pool-c8m2,,2403,,pool,,2,,374,,453,,91,,1.0,,Cannot find cue bottom
sec6-res-util-pool-c8m2,,2407,,pool,,2,,376,,463,,101,,0.98704,,Cannot find cue bottom
sec6-res-util-pool-c8m2,,2411,,pool,,2,,373,,475,,113,,0.0979369383708,,Cannot find cue bottom
sec6-res-util-pool-c8m2,,2415,,pool,,2,,374,,453,,142,,3.15499426116e-05,,Cannot find cue bottom
sec6-res-util-pool-c8m2,,2420,,pool,,2,,373,,483,,121,,0.0106573821083,,Cannot find cue bottom
sec6-res-util-pool-c8m2,,2425,,pool,,2,,377,,464,,102,,0.97599,,Cannot find cue bottom
sec6-res-util-pool-c8m2,,2429,,pool,,2,,373,,442,,80,,1.0,,Cannot find cue bottom
sec6-res-util-pool-c8m2,,2432,,pool,,2,,372,,451,,89,,1.0,,Cannot find cue bottom
sec6-res-util-pool-c8m2,,2436,,pool,,2,,373,,434,,75,,1.0,,Cannot find cue bottom
sec6-res-util-pool-c8m2,,2439,,pool,,2,,373,,435,,72,,1.0,,Cannot find cue bottom
sec6-res-util-pool-c8m2,,2442,,pool,,2,,373,,442,,80,,1.0,,Cannot find cue bottom
sec6-res-util-pool-c8m2,,2445,,pool,,2,,374,,444,,82,,1.0,,Cannot find cue bottom
sec6-res-util-pool-c8m2,,2448,,pool,,2,,373,,466,,103,,0.95904,,Cannot find cue bottom
sec6-res-util-pool-c8m2,,2452,,pool,,2,,371,,446,,83,,1.0,,Cannot find cue bottom
sec6-res-util-pool-c8m2,,2456,,pool,,2,,372,,453,,91,,1.0,,Cannot find object ball
sec6-res-util-pool-c8m2,,2459,,pool,,2,,371,,434,,72,,1.0,,Cannot find cue bottom
sec6-res-util-pool-c8m2,,2462,,pool,,2,,372,,431,,69,,1.0,,Cannot find cue bottom
sec6-res-util-pool-c8m2,,2465,,pool,,2,,372,,416,,54,,1.0,,Cannot find cue top
sec6-res-util-pool-c8m2,,2468,,pool,,2,,378,,466,,104,,0.93439,,Cannot find cue top
sec6-res-util-pool-c8m2,,2472,,pool,,2,,372,,459,,97,,0.99984,,Cannot find cue top
sec6-res-util-pool-c8m2,,2475,,pool,,2,,373,,478,,115,,0.05625,,Cannot find cue bottom
sec6-res-util-pool-c8m2,,2480,,pool,,2,,374,,468,,106,,0.68207245493,,Cannot find cue bottom
sec6-res-util-pool-c8m2,,2484,,pool,,2,,373,,425,,63,,1.0,,Cannot find cue bottom
sec6-res-util-pool-c8m2,,2486,,pool,,2,,373,,432,,70,,1.0,,Cannot find cue top
sec6-res-util-pool-c8m2,,2489,,pool,,2,,373,,460,,98,,0.99919,,Cannot find cue bottom
sec6-res-util-pool-c8m2,,2493,,pool,,2,,373,,457,,94,,1.0,,Cannot find cue ball
sec6-res-util-pool-c8m2,,2497,,pool,,2,,374,,434,,71,,1.0,,Cannot find cue bottom
sec6-res-util-pool-c8m2,,2500,,pool,,2,,371,,515,,177,,1.92565567698e-09,,Cannot find cue bottom
sec6-res-util-pool-c8m2,,2506,,pool,,2,,373,,466,,104,,0.93439,,Cannot find cue bottom
sec6-res-util-pool-c8m2,,2510,,pool,,2,,372,,446,,84,,1.0,,Cannot find cue bottom
sec6-res-util-pool-c8m2,,2514,,pool,,2,,375,,456,,94,,1.0,,Cannot find cue bottom
sec6-res-util-pool-c8m2,,2517,,pool,,2,,375,,447,,85,,1.0,,Cannot find cue bottom
sec6-res-util-pool-c8m2,,2521,,pool,,2,,374,,447,,84,,1.0,,Cannot find cue bottom
sec6-res-util-pool-c8m2,,2524,,pool,,2,,373,,435,,73,,1.0,,Cannot find cue bottom
sec6-res-util-pool-c8m2,,2527,,pool,,2,,373,,474,,112,,0.129228564937,,Cannot find cue bottom
sec6-res-util-pool-c8m2,,2532,,pool,,2,,375,,442,,79,,1.0,,Cannot find cue bottom
sec6-res-util-pool-c8m2,,2535,,pool,,2,,373,,445,,83,,1.0,,Cannot find cue bottom
sec6-res-util-pool-c8m2,,2538,,pool,,2,,377,,434,,72,,1.0,,Cannot find cue bottom
sec6-res-util-pool-c8m2,,2541,,pool,,2,,373,,427,,130,,0.00087890625,,Cannot find cue bottom
sec6-res-util-pool-c8m2,,2546,,pool,,2,,372,,428,,66,,1.0,,Cannot find cue bottom
sec6-res-util-pool-c8m2,,2549,,pool,,2,,371,,426,,64,,1.0,,Cannot find cue bottom
sec6-res-util-pool-c8m2,,2552,,pool,,2,,371,,452,,89,,1.0,,Cannot find cue bottom
sec6-res-util-pool-c8m2,,2555,,pool,,2,,370,,480,,118,,0.0244842345927,,Cannot find cue bottom
sec6-res-util-pool-c8m2,,2560,,pool,,2,,371,,524,,237,,1.14778022586e-16,,Cannot find cue bottom
sec6-res-util-pool-c8m2,,2587,,pool,,2,,379,,472,,110,,0.225,,Cannot find cue bottom
sec6-res-util-pool-c8m2,,2591,,pool,,2,,375,,443,,80,,1.0,,Cannot find cue bottom
sec6-res-util-pool-c8m2,,2594,,pool,,2,,372,,430,,68,,1.0,,Cannot find cue bottom
sec6-res-util-pool-c8m2,,2597,,pool,,2,,376,,457,,94,,1.0,,Cannot find cue bottom
sec6-res-util-pool-c8m2,,2601,,pool,,2,,372,,457,,94,,1.0,,Cannot find cue ball
sec6-res-util-pool-c8m2,,2604,,pool,,2,,372,,455,,93,,1.0,,Cannot find cue top
sec6-res-util-pool-c8m2,,2608,,pool,,2,,371,,453,,90,,1.0,,Cannot find cue top
sec6-res-util-pool-c8m2,,2612,,pool,,2,,371,,443,,81,,1.0,,Cannot find cue ball
sec6-res-util-pool-c8m2,,2615,,pool,,2,,370,,479,,116,,0.0426295284331,,Cannot find cue bottom
sec6-res-util-pool-c8m2,,2637,,pool,,2,,382,,495,,133,,0.000382566165511,,Cannot find cue top
sec6-res-util-pool-c8m2,,2652,,pool,,2,,379,,435,,73,,1.0,,Cannot find cue top
sec6-res-util-pool-c8m2,,2655,,pool,,2,,372,,446,,83,,1.0,,Cannot find cue bottom
sec6-res-util-pool-c8m2,,2658,,pool,,2,,371,,439,,77,,1.0,,Cannot find cue top
sec6-res-util-pool-c8m2,,2661,,pool,,2,,373,,467,,105,,0.9,,Cannot find cue top
sec6-res-util-pool-c8m2,,2665,,pool,,2,,372,,431,,94,,1.0,,Cannot find cue top
sec6-res-util-pool-c8m2,,2669,,pool,,2,,376,,467,,104,,0.93439,,Cannot find cue bottom
sec6-res-util-pool-c8m2,,2673,,pool,,2,,372,,437,,74,,1.0,,Cannot find cue top
sec6-res-util-pool-c8m2,,2676,,pool,,2,,372,,439,,77,,1.0,,Cannot find cue bottom
sec6-res-util-pool-c8m2,,2679,,pool,,2,,373,,415,,52,,1.0,,Cannot find cue top
sec6-res-util-pool-c8m2,,2682,,pool,,2,,373,,454,,90,,1.0,,Cannot find cue top
sec6-res-util-pool-c8m2,,2685,,pool,,2,,371,,430,,68,,1.0,,Cannot find cue top
sec6-res-util-pool-c8m2,,2689,,pool,,2,,372,,450,,139,,7.24827343564e-05,,Cannot find cue bottom
sec6-res-util-pool-c8m2,,2694,,pool,,2,,372,,425,,63,,1.0,,Cannot find cue bottom
sec6-res-util-pool-c8m2,,2696,,pool,,2,,371,,427,,65,,1.0,,Cannot find cue top
sec6-res-util-pool-c8m2,,2699,,pool,,2,,374,,441,,79,,1.0,,Cannot find cue top
sec6-res-util-pool-c8m2,,2702,,pool,,2,,373,,435,,73,,1.0,,Cannot find cue top
sec6-res-util-pool-c8m2,,2705,,pool,,2,,375,,442,,80,,1.0,,Cannot find cue bottom
sec6-res-util-pool-c8m2,,2709,,pool,,2,,374,,444,,82,,1.0,,Cannot find cue ball
sec6-res-util-pool-c8m2,,2712,,pool,,2,,370,,423,,60,,1.0,,Cannot find cue ball
sec6-res-util-pool-c8m2,,2715,,pool,,2,,372,,450,,187,,1.20353479811e-10,,Cannot find cue ball
sec6-res-util-pool-c8m2,,2721,,pool,,2,,372,,436,,74,,1.0,,Cannot find cue bottom
sec6-res-util-pool-c8m2,,2724,,pool,,2,,373,,438,,76,,1.0,,Cannot find object ball
sec6-res-util-pool-c8m2,,2728,,pool,,2,,372,,444,,83,,1.0,,Cannot find cue top
sec6-res-util-pool-c8m2,,2731,,pool,,2,,372,,435,,72,,1.0,,Cannot find cue ball
sec6-res-util-pool-c8m2,,2734,,pool,,2,,370,,426,,63,,1.0,,Cannot find cue ball
sec6-res-util-pool-c8m2,,2737,,pool,,2,,373,,424,,62,,1.0,,Cannot find cue bottom
sec6-res-util-pool-c8m2,,2740,,pool,,2,,373,,427,,64,,1.0,,Cannot find cue bottom
sec6-res-util-pool-c8m2,,2742,,pool,,2,,373,,484,,183,,3.64843526374e-10,,Cannot find cue bottom
sec6-res-util-pool-c8m2,,2749,,pool,,2,,373,,455,,93,,1.0,,Cannot find cue ball
sec6-res-util-pool-c8m2,,2753,,pool,,2,,372,,452,,90,,1.0,,Cannot find cue ball
sec6-res-util-pool-c8m2,,2756,,pool,,2,,373,,435,,73,,1.0,,speech: right
sec6-res-util-pool-c8m2,,2759,,pool,,2,,373,,454,,93,,1.0,,Cannot find cue ball
sec6-res-util-pool-c8m2,,2763,,pool,,2,,373,,464,,101,,0.98704,,Cannot find cue ball
sec6-res-util-pool-c8m2,,2767,,pool,,2,,373,,465,,103,,0.95904,,Cannot find cue ball
sec6-res-util-pool-c8m2,,2771,,pool,,2,,372,,462,,164,,7.07839202699e-08,,Cannot find cue ball
sec6-res-util-pool-c8m2,,2777,,pool,,2,,373,,458,,96,,0.99999,,Cannot find object ball
sec6-res-util-pool-c8m2,,2780,,pool,,2,,373,,444,,84,,1.0,,Cannot find object ball
sec6-res-util-pool-c8m2,,2784,,pool,,2,,373,,469,,107,,0.516914259749,,Cannot find object ball
sec6-res-util-pool-c8m2,,2788,,pool,,2,,372,,516,,154,,1.13254272432e-06,,speech: left
sec6-res-util-pool-c8m2,,2794,,pool,,2,,373,,451,,88,,1.0,,Cannot find object ball
sec6-res-util-pool-c8m2,,2797,,pool,,2,,374,,431,,71,,1.0,,Cannot find object ball
sec6-res-util-pool-c8m2,,2800,,pool,,2,,372,,457,,95,,1.0,,speech: left
sec6-res-util-pool-c8m2,,2804,,pool,,2,,373,,470,,186,,1.588073687e-10,,speech: left
sec6-res-util-pool-c8m2,,2810,,pool,,2,,374,,480,,118,,0.0244842345927,,speech: left
sec6-res-util-pool-c8m2,,2815,,pool,,2,,372,,438,,76,,1.0,,Cannot find object ball
sec6-res-util-pool-c8m2,,2818,,pool,,2,,373,,461,,99,,0.99744,,Cannot find object ball
sec6-res-util-pool-c8m2,,2822,,pool,,2,,373,,451,,89,,1.0,,Cannot find object ball
sec6-res-util-pool-c8m2,,2826,,pool,,2,,373,,449,,86,,1.0,,Cannot find object ball
sec6-res-util-pool-c8m2,,2829,,pool,,2,,372,,456,,94,,1.0,,speech: left
sec6-res-util-pool-c8m2,,2833,,pool,,2,,373,,447,,147,,7.8874856529e-06,,Cannot find object ball
sec6-res-util-pool-c8m2,,2838,,pool,,2,,374,,521,,159,,2.8313568108e-07,,speech: left
sec6-res-util-pool-c8m2,,2844,,pool,,2,,374,,486,,124,,0.00463889499881,,Cannot find object ball
sec6-res-util-pool-c8m2,,2849,,pool,,2,,376,,451,,89,,1.0,,Cannot find object ball
sec6-res-util-pool-c8m2,,2852,,pool,,2,,373,,480,,117,,0.0323071412343,,Cannot find object ball
sec6-res-util-pool-c8m2,,2857,,pool,,2,,375,,492,,168,,2.33499856879e-08,,Cannot find object ball
sec6-res-util-pool-c8m2,,2863,,pool,,2,,372,,472,,110,,0.225,,speech: left
sec6-res-util-pool-c8m2,,2867,,pool,,2,,373,,450,,88,,1.0,,speech: good
sec6-res-util-pool-c8m2,,2870,,pool,,2,,374,,419,,56,,1.0,,Cannot find cue top
sec6-res-util-pool-c8m2,,2873,,pool,,2,,372,,431,,69,,1.0,,Cannot find cue top
sec6-res-util-pool-c8m2,,2876,,pool,,2,,373,,457,,94,,1.0,,Cannot find cue top
sec6-res-util-pool-c8m2,,2879,,pool,,2,,376,,437,,75,,1.0,,Cannot find cue top
sec6-res-util-pool-c8m2,,2883,,pool,,2,,371,,466,,104,,0.93439,,Cannot find cue bottom
sec6-res-util-pool-c8m2,,2887,,pool,,2,,373,,434,,72,,1.0,,Cannot find cue top
sec6-res-util-pool-c8m2,,2890,,pool,,2,,373,,455,,190,,5.23868948221e-11,,Cannot find cue bottom
sec6-res-util-pool-c8m2,,2896,,pool,,2,,373,,449,,87,,1.0,,Cannot find cue top
sec6-res-util-pool-c8m2,,2900,,pool,,2,,372,,431,,69,,1.0,,Cannot find cue bottom
sec6-res-util-pool-c8m2,,2903,,pool,,2,,373,,459,,97,,0.99984,,Cannot find cue top
sec6-res-util-pool-c8m2,,2907,,pool,,2,,373,,466,,104,,0.93439,,Cannot find cue bottom
sec6-res-util-pool-c8m2,,2911,,pool,,2,,374,,443,,81,,1.0,,Cannot find cue bottom
sec6-res-util-pool-c8m2,,2914,,pool,,2,,373,,436,,74,,1.0,,Cannot find cue bottom
sec6-res-util-pool-c8m2,,2917,,pool,,2,,374,,462,,99,,0.99744,,Cannot find cue bottom
sec6-res-util-pool-c8m2,,2921,,pool,,2,,373,,430,,68,,1.0,,Cannot find cue bottom
sec6-res-util-pool-c8m2,,2924,,pool,,2,,373,,490,,128,,0.00153026466204,,Cannot find cue bottom
sec6-res-util-pool-c8m2,,2929,,pool,,2,,374,,440,,78,,1.0,,Cannot find cue top
sec6-res-util-pool-c8m2,,2932,,pool,,2,,378,,422,,60,,1.0,,Cannot find cue top
sec6-res-util-pool-c8m2,,2935,,pool,,2,,373,,424,,61,,1.0,,Cannot find cue top
sec6-res-util-pool-c8m2,,2937,,pool,,2,,373,,426,,64,,1.0,,Cannot find cue top
sec6-res-util-pool-c8m2,,2940,,pool,,2,,373,,417,,55,,1.0,,Cannot find cue top
sec6-res-util-pool-c8m2,,2943,,pool,,2,,373,,442,,80,,1.0,,Cannot find cue top
sec6-res-util-pool-c8m2,,2962,,pool,,2,,380,,446,,84,,1.0,,Cannot find cue top
sec6-res-util-pool-c8m2,,2965,,pool,,2,,373,,421,,59,,1.0,,Cannot find cue top
sec6-res-util-pool-c8m2,,2968,,pool,,2,,378,,445,,83,,1.0,,Cannot find cue top
sec6-res-util-pool-c8m2,,2971,,pool,,2,,373,,426,,63,,1.0,,Cannot find cue top
sec6-res-util-pool-c8m2,,2974,,pool,,2,,373,,417,,55,,1.0,,Cannot find cue top
sec6-res-util-pool-c8m2,,2976,,pool,,2,,372,,425,,65,,1.0,,Cannot find cue top
sec6-res-util-pool-c8m2,,2979,,pool,,2,,374,,424,,61,,1.0,,Cannot find cue top
sec6-res-util-pool-c8m2,,2982,,pool,,2,,373,,423,,61,,1.0,,Cannot find cue top
sec6-res-util-pool-c8m2,,2984,,pool,,2,,373,,437,,76,,1.0,,Cannot find cue top
sec6-res-util-pool-c8m2,,2987,,pool,,2,,373,,416,,54,,1.0,,Cannot find cue top
sec6-res-util-pool-c8m2,,2990,,pool,,2,,373,,440,,78,,1.0,,Cannot find cue top
sec6-res-util-pool-c8m2,,2993,,pool,,2,,371,,437,,74,,1.0,,Cannot find cue bottom
sec6-res-util-pool-c8m2,,2996,,pool,,2,,370,,454,,92,,1.0,,Cannot find cue bottom
sec6-res-util-pool-c8m2,,3000,,pool,,2,,372,,420,,58,,1.0,,Cannot find cue top
sec6-res-util-pool-c8m2,,3003,,pool,,2,,370,,473,,111,,0.170518113732,,Cannot find cue bottom
sec6-res-util-pool-c8m2,,3014,,pool,,2,,380,,475,,113,,0.0979369383708,,Cannot find cue bottom
sec6-res-util-pool-c8m2,,3018,,pool,,2,,375,,434,,71,,1.0,,Cannot find cue top
sec6-res-util-pool-c8m2,,3021,,pool,,2,,370,,445,,83,,1.0,,Cannot find cue bottom
sec6-res-util-pool-c8m2,,3025,,pool,,2,,373,,459,,96,,0.99999,,Cannot find cue bottom
sec6-res-util-pool-c8m2,,3028,,pool,,2,,377,,458,,95,,1.0,,Cannot find cue bottom
sec6-res-util-pool-c8m2,,3032,,pool,,2,,373,,444,,81,,1.0,,Cannot find cue ball
sec6-res-util-pool-c8m2,,3035,,pool,,2,,372,,434,,71,,1.0,,Cannot find cue ball
sec6-res-util-pool-c8m2,,3038,,pool,,2,,373,,448,,85,,1.0,,Cannot find cue ball
sec6-res-util-pool-c8m2,,3042,,pool,,2,,371,,441,,78,,1.0,,Cannot find cue ball
sec6-res-util-pool-c8m2,,3045,,pool,,2,,371,,443,,81,,1.0,,Cannot find cue ball
sec6-res-util-pool-c8m2,,3048,,pool,,2,,371,,468,,121,,0.0106573821083,,Cannot find cue ball
sec6-res-util-pool-c8m2,,3053,,pool,,2,,371,,484,,121,,0.0106573821083,,Cannot find cue ball
sec6-res-util-pool-c8m2,,3057,,pool,,2,,373,,476,,113,,0.0979369383708,,Cannot find object ball
sec6-res-util-pool-c8m2,,3062,,pool,,2,,371,,455,,93,,1.0,,Cannot find cue ball
sec6-res-util-pool-c8m2,,3065,,pool,,2,,371,,436,,73,,1.0,,Cannot find object ball
sec6-res-util-pool-c8m2,,3069,,pool,,2,,372,,462,,100,,0.99375,,Cannot find object ball
sec6-res-util-pool-c8m2,,3072,,pool,,2,,371,,471,,109,,0.296889279924,,Cannot find object ball
sec6-res-util-pool-c8m2,,3077,,pool,,2,,377,,485,,122,,0.00807678530857,,Cannot find object ball
sec6-res-util-pool-c8m2,,3081,,pool,,2,,375,,447,,85,,1.0,,Cannot find object ball
sec6-res-util-pool-c8m2,,3085,,pool,,2,,371,,452,,90,,1.0,,Cannot find object ball
sec6-res-util-pool-c8m2,,3088,,pool,,2,,371,,450,,88,,1.0,,Cannot find object ball
sec6-res-util-pool-c8m2,,3092,,pool,,2,,370,,436,,114,,0.074222319981,,Cannot find object ball
sec6-res-util-pool-c8m2,,3096,,pool,,2,,372,,508,,146,,1.04075997151e-05,,Cannot find cue ball
sec6-res-util-pool-c8m2,,3101,,pool,,2,,370,,461,,201,,2.48136513594e-12,,Cannot find cue bottom
sec6-res-util-pool-c8m2,,3108,,pool,,2,,372,,424,,61,,1.0,,Cannot find cue bottom
sec6-res-util-pool-c8m2,,3111,,pool,,2,,370,,411,,49,,1.0,,Cannot find cue top
sec6-res-util-pool-c8m2,,3113,,pool,,2,,370,,408,,45,,1.0,,Cannot find cue top
sec6-res-util-pool-c8m2,,3116,,pool,,2,,372,,421,,59,,1.0,,Cannot find cue top
sec6-res-util-pool-c8m2,,3118,,pool,,2,,373,,438,,77,,1.0,,Cannot find cue top
sec6-res-util-pool-c8m2,,3121,,pool,,2,,373,,436,,73,,1.0,,Cannot find cue bottom
sec6-res-util-pool-c8m2,,3125,,pool,,2,,373,,440,,77,,1.0,,Cannot find cue bottom
sec6-res-util-pool-c8m2,,3128,,pool,,2,,372,,429,,67,,1.0,,Cannot find cue bottom
sec6-res-util-pool-c8m2,,3131,,pool,,2,,373,,418,,56,,1.0,,Cannot find cue top
sec6-res-util-pool-c8m2,,3133,,pool,,2,,373,,441,,79,,1.0,,Cannot find cue bottom
sec6-res-util-pool-c8m2,,3137,,pool,,2,,373,,424,,64,,1.0,,Cannot find cue bottom
sec6-res-util-pool-c8m2,,3139,,pool,,2,,373,,431,,68,,1.0,,Cannot find cue bottom
sec6-res-util-pool-c8m2,,3142,,pool,,2,,373,,439,,77,,1.0,,Cannot find object ball
sec6-res-util-pool-c8m2,,3146,,pool,,2,,372,,449,,87,,1.0,,Cannot find cue bottom
sec6-res-util-pool-c8m2,,3182,,pool,,2,,379,,475,,112,,0.129228564937,,Cannot find object ball
sec6-res-util-pool-c8m2,,3186,,pool,,2,,378,,456,,95,,1.0,,Cannot find cue bottom
sec6-res-util-pool-c8m2,,3190,,pool,,2,,374,,433,,71,,1.0,,Cannot find cue bottom
sec6-res-util-pool-c8m2,,3193,,pool,,2,,375,,439,,77,,1.0,,Cannot find cue bottom
sec6-res-util-pool-c8m2,,3223,,pool,,2,,380,,430,,68,,1.0,,Cannot find cue bottom
sec6-res-util-pool-c8m2,,3225,,pool,,2,,373,,423,,62,,1.0,,Cannot find cue bottom
sec6-res-util-pool-c8m2,,3228,,pool,,2,,373,,451,,88,,1.0,,Cannot find cue bottom
sec6-res-util-pool-c8m2,,3232,,pool,,2,,374,,458,,96,,0.99999,,Cannot find cue bottom
sec6-res-util-pool-c8m2,,3235,,pool,,2,,373,,439,,76,,1.0,,Cannot find cue bottom
sec6-res-util-pool-c8m2,,3254,,pool,,2,,381,,499,,136,,0.000166521595442,,Cannot find cue top
sec6-res-util-pool-c8m2,,3258,,pool,,2,,374,,422,,60,,1.0,,Cannot find cue top
sec6-res-util-pool-c8m2,,3261,,pool,,2,,373,,418,,56,,1.0,,Cannot find cue top
sec6-res-util-pool-c8m2,,3264,,pool,,2,,375,,417,,54,,1.0,,Cannot find cue top
sec6-res-util-pool-c8m2,,3266,,pool,,2,,373,,423,,63,,1.0,,Cannot find cue top
sec6-res-util-pool-c8m2,,3269,,pool,,2,,373,,422,,60,,1.0,,Cannot find cue top
sec6-res-util-pool-c8m2,,3272,,pool,,2,,374,,434,,72,,1.0,,Cannot find cue top
sec6-res-util-pool-c8m2,,3275,,pool,,2,,374,,432,,70,,1.0,,Cannot find cue top
sec6-res-util-pool-c8m2,,3278,,pool,,2,,373,,445,,83,,1.0,,Cannot find cue bottom
sec6-res-util-pool-c8m2,,3281,,pool,,2,,375,,447,,84,,1.0,,Cannot find cue bottom
sec6-res-util-pool-c8m2,,3284,,pool,,2,,374,,415,,55,,1.0,,Cannot find cue top
sec6-res-util-pool-c8m2,,3294,,pool,,2,,380,,429,,67,,1.0,,Cannot find cue top
sec6-res-util-pool-c8m2,,3296,,pool,,2,,373,,420,,57,,1.0,,Cannot find cue top
sec6-res-util-pool-c8m2,,3299,,pool,,2,,373,,434,,71,,1.0,,Cannot find cue top
sec6-res-util-pool-c8m2,,3302,,pool,,2,,375,,481,,119,,0.0185555799952,,Cannot find cue top
sec6-res-util-pool-c8m2,,3306,,pool,,2,,374,,447,,84,,1.0,,Cannot find cue top
sec6-res-util-pool-c8m2,,3310,,pool,,2,,372,,444,,116,,0.0426295284331,,Cannot find cue top
sec6-res-util-pool-c8m2,,3314,,pool,,2,,375,,466,,106,,0.68207245493,,Cannot find cue ball
sec6-res-util-pool-c8m2,,3318,,pool,,2,,374,,440,,78,,1.0,,Cannot find cue ball
sec6-res-util-pool-c8m2,,3321,,pool,,2,,374,,445,,82,,1.0,,Cannot find cue bottom
sec6-res-util-pool-c8m2,,3325,,pool,,2,,374,,447,,85,,1.0,,Cannot find cue bottom
sec6-res-util-pool-c8m2,,3328,,pool,,2,,375,,465,,102,,0.97599,,Cannot find cue bottom
sec6-res-util-pool-c8m2,,3332,,pool,,2,,370,,433,,70,,1.0,,Cannot find cue bottom
sec6-res-util-pool-c8m2,,3336,,pool,,2,,372,,437,,75,,1.0,,Cannot find cue bottom
sec6-res-util-pool-c8m2,,3339,,pool,,2,,373,,449,,88,,1.0,,Cannot find cue bottom
sec6-res-util-pool-c8m2,,3342,,pool,,2,,374,,454,,91,,1.0,,Cannot find cue bottom
sec6-res-util-pool-c8m2,,3346,,pool,,2,,375,,471,,140,,5.4931640625e-05,,Cannot find cue bottom
sec6-res-util-pool-c8m2,,3351,,pool,,2,,375,,461,,98,,0.99919,,Cannot find cue bottom
sec6-res-util-pool-c8m2,,3355,,pool,,2,,374,,468,,105,,0.9,,Cannot find cue bottom
sec6-res-util-pool-c8m2,,3359,,pool,,2,,374,,485,,123,,0.00612105864818,,Cannot find cue bottom
sec6-res-util-pool-c8m2,,3364,,pool,,2,,374,,471,,109,,0.296889279924,,Cannot find cue bottom
sec6-res-util-pool-c8m2,,3368,,pool,,2,,374,,493,,222,,7.3457934455e-15,,Cannot find cue bottom
sec6-res-util-pool-c8m2,,3376,,pool,,2,,374,,442,,80,,1.0,,Cannot find cue bottom
sec6-res-util-pool-c8m2,,3379,,pool,,2,,374,,446,,84,,1.0,,Cannot find cue bottom
sec6-res-util-pool-c8m2,,3382,,pool,,2,,375,,439,,78,,1.0,,Cannot find cue bottom
sec6-res-util-pool-c8m2,,3386,,pool,,2,,374,,465,,103,,0.95904,,Cannot find cue bottom
sec6-res-util-pool-c8m2,,3390,,pool,,2,,376,,510,,147,,7.8874856529e-06,,Cannot find cue bottom
sec6-res-util-pool-c8m2,,3395,,pool,,2,,373,,467,,105,,0.9,,Cannot find cue bottom
sec6-res-util-pool-c8m2,,3399,,pool,,2,,374,,472,,110,,0.225,,Cannot find cue bottom
sec6-res-util-pool-c8m2,,3403,,pool,,2,,372,,463,,100,,0.99375,,Cannot find cue bottom
sec6-res-util-pool-c8m2,,3407,,pool,,2,,373,,446,,84,,1.0,,Cannot find cue bottom
sec6-res-util-pool-c8m2,,3411,,pool,,2,,377,,438,,75,,1.0,,Cannot find cue bottom
sec6-res-util-pool-c8m2,,3414,,pool,,2,,373,,442,,80,,1.0,,Cannot find cue bottom
sec6-res-util-pool-c8m2,,3417,,pool,,2,,373,,438,,76,,1.0,,Cannot find cue bottom
sec6-res-util-pool-c8m2,,3420,,pool,,2,,374,,476,,114,,0.074222319981,,Cannot find cue bottom
sec6-res-util-pool-c8m2,,3424,,pool,,2,,374,,529,,273,,5.30917206741e-21,,Cannot find cue bottom
sec6-res-util-pool-c8m2,,3434,,pool,,2,,375,,455,,92,,1.0,,Cannot find cue top
sec6-res-util-pool-c8m2,,3438,,pool,,2,,382,,466,,104,,0.93439,,Cannot find cue bottom
sec6-res-util-pool-c8m2,,3442,,pool,,2,,374,,424,,61,,1.0,,Cannot find cue top
sec6-res-util-pool-c8m2,,3444,,pool,,2,,375,,422,,60,,1.0,,Cannot find cue top
sec6-res-util-pool-c8m2,,3447,,pool,,2,,375,,440,,78,,1.0,,Cannot find cue top
sec6-res-util-pool-c8m2,,3473,,pool,,2,,382,,463,,101,,0.98704,,Cannot find cue top
sec6-res-util-pool-c8m2,,3476,,pool,,2,,374,,437,,75,,1.0,,Cannot find cue top
sec6-res-util-pool-c8m2,,3480,,pool,,2,,374,,422,,59,,1.0,,Cannot find cue top
sec6-res-util-pool-c8m2,,3482,,pool,,2,,372,,435,,73,,1.0,,Cannot find cue top
sec6-res-util-pool-c8m2,,3486,,pool,,2,,375,,451,,88,,1.0,,Cannot find cue top
sec6-res-util-pool-c8m2,,3489,,pool,,2,,374,,424,,62,,1.0,,Cannot find cue top
sec6-res-util-pool-c8m2,,3492,,pool,,2,,374,,448,,85,,1.0,,Cannot find cue ball
sec6-res-util-pool-c8m2,,3509,,pool,,2,,385,,469,,106,,0.68207245493,,Cannot find cue top
sec6-res-util-pool-c8m2,,3513,,pool,,2,,375,,423,,60,,1.0,,Cannot find cue top
sec6-res-util-pool-c8m2,,3515,,pool,,2,,374,,420,,58,,1.0,,Cannot find cue top
sec6-res-util-pool-c8m2,,3518,,pool,,2,,374,,443,,81,,1.0,,Cannot find cue top
sec6-res-util-pool-c8m2,,3522,,pool,,2,,373,,451,,88,,1.0,,Cannot find cue bottom
sec6-res-util-pool-c8m2,,3525,,pool,,2,,374,,431,,106,,0.68207245493,,Cannot find cue bottom
sec6-res-util-pool-c8m2,,3529,,pool,,2,,374,,459,,97,,0.99984,,Cannot find cue bottom
sec6-res-util-pool-c8m2,,3538,,pool,,2,,375,,456,,94,,1.0,,Cannot find cue top
sec6-res-util-pool-c8m2,,3541,,pool,,2,,375,,437,,75,,1.0,,Cannot find cue bottom
sec6-res-util-pool-c8m2,,3544,,pool,,2,,374,,487,,125,,0.003515625,,Cannot find cue bottom
sec6-res-util-pool-c8m2,,3549,,pool,,2,,379,,434,,72,,1.0,,Cannot find cue top
sec6-res-util-pool-c8m2,,3552,,pool,,2,,373,,459,,96,,0.99999,,Cannot find cue top
sec6-res-util-pool-c8m2,,3556,,pool,,2,,373,,464,,101,,0.98704,,Cannot find cue top
sec6-res-util-pool-c8m2,,3560,,pool,,2,,373,,448,,86,,1.0,,Cannot find cue ball
sec6-res-util-pool-c8m2,,3563,,pool,,2,,373,,434,,71,,1.0,,Cannot find cue bottom
sec6-res-util-pool-c8m2,,3566,,pool,,2,,372,,434,,72,,1.0,,Cannot find cue top
sec6-res-util-pool-c8m2,,3570,,pool,,2,,373,,430,,68,,1.0,,Cannot find cue ball
sec6-res-util-pool-c8m2,,3580,,pool,,2,,384,,487,,125,,0.003515625,,Cannot find cue ball
sec6-res-util-pool-c8m2,,3584,,pool,,2,,372,,485,,123,,0.00612105864818,,Cannot find cue bottom
sec6-res-util-pool-c8m2,,3589,,pool,,2,,373,,455,,93,,1.0,,Cannot find cue ball
sec6-res-util-pool-c8m2,,3592,,pool,,2,,373,,466,,103,,0.95904,,Cannot find cue bottom
sec6-res-util-pool-c8m2,,3596,,pool,,2,,373,,496,,134,,0.000289930937426,,Cannot find cue bottom
sec6-res-util-pool-c8m2,,3601,,pool,,2,,374,,505,,143,,2.39103853444e-05,,Cannot find cue bottom
sec6-res-util-pool-c8m2,,3606,,pool,,2,,372,,446,,83,,1.0,,Cannot find cue bottom
sec6-res-util-pool-c8m2,,3610,,pool,,2,,374,,461,,99,,0.99744,,Cannot find cue bottom
sec6-res-util-pool-c8m2,,3614,,pool,,2,,374,,501,,228,,1.39176760244e-15,,Cannot find cue bottom
sec6-res-util-pool-c8m2,,3621,,pool,,2,,374,,484,,121,,0.0106573821083,,Cannot find cue bottom
sec6-res-util-pool-c8m2,,3629,,pool,,2,,373,,436,,74,,1.0,,Cannot find cue bottom
sec6-res-util-pool-c8m2,,3632,,pool,,2,,375,,436,,74,,1.0,,Cannot find cue bottom
sec6-res-util-pool-c8m2,,3635,,pool,,2,,372,,433,,132,,0.000504799081786,,Cannot find cue bottom
sec6-res-util-pool-c8m2,,3640,,pool,,2,,373,,510,,147,,7.8874856529e-06,,Cannot find cue bottom
sec6-res-util-pool-c8m2,,3645,,pool,,2,,371,,463,,101,,0.98704,,Cannot find cue bottom
sec6-res-util-pool-c8m2,,3649,,pool,,2,,371,,452,,90,,1.0,,Cannot find cue bottom
sec6-res-util-pool-c8m2,,3653,,pool,,2,,372,,451,,88,,1.0,,Cannot find cue bottom
sec6-res-util-pool-c8m2,,3656,,pool,,2,,369,,485,,122,,0.00807678530857,,Cannot find cue ball
sec6-res-util-pool-c8m2,,3661,,pool,,2,,372,,449,,86,,1.0,,Cannot find cue top
sec6-res-util-pool-c8m2,,3665,,pool,,2,,372,,433,,71,,1.0,,Cannot find cue top
sec6-res-util-pool-c8m2,,3668,,pool,,2,,372,,423,,61,,1.0,,Cannot find cue top
sec6-res-util-pool-c8m2,,3670,,pool,,2,,370,,417,,54,,1.0,,Cannot find cue top
sec6-res-util-pool-c8m2,,3673,,pool,,2,,373,,435,,72,,1.0,,Cannot find cue top
sec6-res-util-pool-c8m2,,3676,,pool,,2,,373,,420,,58,,1.0,,Cannot find cue top
sec6-res-util-pool-c8m2,,3678,,pool,,2,,371,,414,,52,,1.0,,Cannot find cue top
sec6-res-util-pool-c8m2,,3681,,pool,,2,,374,,439,,137,,0.000126199770446,,Cannot find cue top
sec6-res-util-pool-c8m2,,3686,,pool,,2,,377,,459,,97,,0.99984,,Cannot find cue bottom
sec6-res-util-pool-c8m2,,3690,,pool,,2,,374,,479,,117,,0.0323071412343,,Cannot find cue bottom
sec6-res-util-pool-c8m2,,3694,,pool,,2,,374,,454,,92,,1.0,,Cannot find cue bottom
sec6-res-util-pool-c8m2,,3698,,pool,,2,,374,,479,,117,,0.0323071412343,,Cannot find cue ball
sec6-res-util-pool-c8m2,,3702,,pool,,2,,373,,462,,144,,1.81206835891e-05,,Cannot find cue bottom
sec6-res-util-pool-c8m2,,3707,,pool,,2,,373,,494,,132,,0.000504799081786,,Cannot find cue bottom
sec6-res-util-pool-c8m2,,3712,,pool,,2,,373,,462,,100,,0.99375,,Cannot find cue bottom
sec6-res-util-pool-c8m2,,3716,,pool,,2,,374,,437,,75,,1.0,,Cannot find cue bottom
sec6-res-util-pool-c8m2,,3719,,pool,,2,,373,,472,,109,,0.296889279924,,Cannot find cue bottom
sec6-res-util-pool-c8m2,,3723,,pool,,2,,374,,441,,79,,1.0,,Cannot find cue bottom
sec6-res-util-pool-c8m2,,3727,,pool,,2,,371,,448,,86,,1.0,,Cannot find cue bottom
sec6-res-util-pool-c8m2,,3730,,pool,,2,,374,,438,,75,,1.0,,Cannot find cue bottom
sec6-res-util-pool-c8m2,,3733,,pool,,2,,373,,439,,76,,1.0,,Cannot find cue bottom
sec6-res-util-pool-c8m2,,3737,,pool,,2,,374,,433,,71,,1.0,,Cannot find cue bottom
sec6-res-util-pool-c8m2,,3740,,pool,,2,,378,,446,,84,,1.0,,Cannot find cue bottom
sec6-res-util-pool-c8m2,,3743,,pool,,2,,374,,471,,109,,0.296889279924,,Cannot find cue bottom
sec6-res-util-pool-c8m2,,3747,,pool,,2,,373,,452,,90,,1.0,,Cannot find cue bottom
sec6-res-util-pool-c8m2,,3765,,pool,,2,,378,,458,,96,,0.99999,,Cannot find cue bottom
sec6-res-util-pool-c8m2,,3768,,pool,,2,,375,,443,,81,,1.0,,Cannot find cue bottom
sec6-res-util-pool-c8m2,,3772,,pool,,2,,374,,453,,91,,1.0,,Cannot find cue bottom
sec6-res-util-pool-c8m2,,3775,,pool,,2,,373,,444,,82,,1.0,,Cannot find cue bottom
sec6-res-util-pool-c8m2,,3778,,pool,,2,,374,,453,,91,,1.0,,Cannot find cue bottom
sec6-res-util-pool-c8m2,,3782,,pool,,2,,374,,440,,78,,1.0,,Cannot find cue bottom
sec6-res-util-pool-c8m2,,3786,,pool,,2,,374,,445,,83,,1.0,,Cannot find cue top
sec6-res-util-pool-c8m2,,3789,,pool,,2,,373,,443,,81,,1.0,,Cannot find cue top
sec6-res-util-pool-c8m2,,3792,,pool,,2,,372,,434,,71,,1.0,,Cannot find cue top
sec6-res-util-pool-c8m2,,3795,,pool,,2,,375,,445,,82,,1.0,,Cannot find cue top
sec6-res-util-pool-c8m2,,3799,,pool,,2,,372,,455,,204,,1.08007690842e-12,,Cannot find cue top
sec6-res-util-pool-c8m2,,3817,,pool,,2,,380,,462,,100,,0.99375,,Cannot find cue bottom
sec6-res-util-pool-c8m2,,3820,,pool,,2,,375,,439,,77,,1.0,,Cannot find cue bottom
sec6-res-util-pool-c8m2,,3824,,pool,,2,,373,,445,,82,,1.0,,Cannot find cue bottom
sec6-res-util-pool-c8m2,,3827,,pool,,2,,374,,460,,98,,0.99919,,Cannot find cue bottom
sec6-res-util-pool-c8m2,,3831,,pool,,2,,374,,443,,80,,1.0,,Cannot find cue bottom
sec6-res-util-pool-c8m2,,3834,,pool,,2,,373,,429,,65,,1.0,,Cannot find cue top
sec6-res-util-pool-c8m2,,3837,,pool,,2,,370,,451,,89,,1.0,,Cannot find cue ball
sec6-res-util-pool-c8m2,,3840,,pool,,2,,371,,455,,92,,1.0,,Cannot find cue bottom
sec6-res-util-pool-c8m2,,3844,,pool,,2,,371,,462,,99,,0.99744,,Cannot find cue ball
sec6-res-util-pool-c8m2,,3848,,pool,,2,,372,,465,,102,,0.97599,,Cannot find object ball
sec6-res-util-pool-c8m2,,3852,,pool,,2,,371,,444,,171,,1.01636715968e-08,,Cannot find cue ball
sec6-res-util-pool-c8m2,,3858,,pool,,2,,372,,499,,136,,0.000166521595442,,Cannot find object ball
sec6-res-util-pool-c8m2,,3863,,pool,,2,,372,,481,,121,,0.0106573821083,,speech: right
sec6-res-util-pool-c8m2,,3868,,pool,,2,,371,,439,,76,,1.0,,Cannot find object ball
sec6-res-util-pool-c8m2,,3871,,pool,,2,,371,,454,,91,,1.0,,Cannot find object ball
sec6-res-util-pool-c8m2,,3874,,pool,,2,,371,,440,,77,,1.0,,Cannot find object ball
sec6-res-util-pool-c8m2,,3878,,pool,,2,,371,,469,,106,,0.68207245493,,Cannot find object ball
sec6-res-util-pool-c8m2,,3882,,pool,,2,,373,,471,,109,,0.296889279924,,Cannot find cue ball
sec6-res-util-pool-c8m2,,3886,,pool,,2,,372,,480,,159,,2.8313568108e-07,,Cannot find cue ball
sec6-res-util-pool-c8m2,,3892,,pool,,2,,373,,496,,134,,0.000289930937426,,Cannot find cue ball
sec6-res-util-pool-c8m2,,3897,,pool,,2,,373,,471,,109,,0.296889279924,,Cannot find cue ball
sec6-res-util-pool-c8m2,,3901,,pool,,2,,371,,456,,95,,1.0,,Cannot find object ball
sec6-res-util-pool-c8m2,,3905,,pool,,2,,370,,492,,129,,0.0011597237497,,Cannot find cue bottom
sec6-res-util-pool-c8m2,,3910,,pool,,2,,371,,435,,72,,1.0,,Cannot find cue top
sec6-res-util-pool-c8m2,,3913,,pool,,2,,372,,422,,59,,1.0,,Cannot find cue top
sec6-res-util-pool-c8m2,,3915,,pool,,2,,371,,417,,55,,1.0,,Cannot find cue top
sec6-res-util-pool-c8m2,,3918,,pool,,2,,371,,424,,116,,0.0426295284331,,Cannot find cue bottom
sec6-res-util-pool-c8m2,,3922,,pool,,2,,371,,424,,61,,1.0,,Cannot find cue top
sec6-res-util-pool-c8m2,,3925,,pool,,2,,369,,423,,61,,1.0,,Cannot find cue top
sec6-res-util-pool-c8m2,,3928,,pool,,2,,371,,427,,64,,1.0,,Cannot find cue top
sec6-res-util-pool-c8m2,,3930,,pool,,2,,374,,444,,82,,1.0,,Cannot find cue top
sec6-res-util-pool-c8m2,,3934,,pool,,2,,371,,431,,68,,1.0,,Cannot find cue bottom
sec6-res-util-pool-c8m2,,3937,,pool,,2,,371,,443,,80,,1.0,,Cannot find cue bottom
sec6-res-util-pool-c8m2,,3940,,pool,,2,,371,,445,,82,,1.0,,Cannot find cue bottom
sec6-res-util-pool-c8m2,,3943,,pool,,2,,372,,459,,96,,0.99999,,Cannot find cue bottom
sec6-res-util-pool-c8m2,,3947,,pool,,2,,372,,430,,68,,1.0,,Cannot find cue bottom
sec6-res-util-pool-c8m2,,3950,,pool,,2,,372,,436,,74,,1.0,,Cannot find cue bottom
sec6-res-util-pool-c8m2,,3953,,pool,,2,,371,,437,,75,,1.0,,Cannot find cue bottom
sec6-res-util-pool-c8m2,,3956,,pool,,2,,371,,423,,60,,1.0,,Cannot find cue top
sec6-res-util-pool-c8m2,,3959,,pool,,2,,372,,440,,77,,1.0,,Cannot find cue top
sec6-res-util-pool-c8m2,,3963,,pool,,2,,370,,441,,78,,1.0,,Cannot find cue top
sec6-res-util-pool-c8m2,,3966,,pool,,2,,371,,430,,68,,1.0,,Cannot find cue top
sec6-res-util-pool-c8m2,,3969,,pool,,2,,371,,415,,54,,1.0,,Cannot find cue top
sec6-res-util-pool-c8m2,,3972,,pool,,2,,371,,438,,75,,1.0,,Cannot find cue top
sec6-res-util-pool-c8m2,,3975,,pool,,2,,371,,429,,66,,1.0,,Cannot find cue top
sec6-res-util-pool-c8m2,,3978,,pool,,2,,371,,426,,64,,1.0,,Cannot find cue top
sec6-res-util-pool-c8m2,,3981,,pool,,2,,371,,415,,53,,1.0,,Cannot find cue top
sec6-res-util-pool-c8m2,,3983,,pool,,2,,371,,455,,92,,1.0,,Cannot find cue top
sec6-res-util-pool-c8m2,,3987,,pool,,2,,372,,468,,105,,0.9,,Cannot find cue top
sec6-res-util-pool-c8m2,,3991,,pool,,2,,371,,442,,79,,1.0,,Cannot find cue top
sec6-res-util-pool-c8m2,,3994,,pool,,2,,372,,419,,56,,1.0,,Cannot find cue top
sec6-res-util-pool-c8m2,,3997,,pool,,2,,371,,424,,149,,4.53017089728e-06,,Cannot find cue top
sec6-res-util-pool-c8m2,,4002,,pool,,2,,372,,416,,53,,1.0,,Cannot find cue top
sec6-res-util-pool-c8m2,,4005,,pool,,2,,371,,446,,83,,1.0,,Cannot find cue top
sec6-res-util-pool-c8m2,,4008,,pool,,2,,374,,427,,65,,1.0,,Cannot find cue top
sec6-res-util-pool-c8m2,,4011,,pool,,2,,374,,420,,58,,1.0,,Cannot find cue top
sec6-res-util-pool-c8m2,,4013,,pool,,2,,374,,438,,76,,1.0,,Cannot find cue top
sec6-res-util-pool-c8m2,,4017,,pool,,2,,374,,434,,71,,1.0,,Cannot find cue top
sec6-res-util-pool-c8m2,,4020,,pool,,2,,374,,454,,92,,1.0,,Cannot find cue top
sec6-res-util-pool-c8m2,,4024,,pool,,2,,373,,445,,83,,1.0,,Cannot find cue top
sec6-res-util-pool-c8m2,,4027,,pool,,2,,373,,443,,81,,1.0,,Cannot find cue top
sec6-res-util-pool-c8m2,,4030,,pool,,2,,375,,454,,91,,1.0,,Cannot find cue bottom
sec6-res-util-pool-c8m2,,4034,,pool,,2,,378,,456,,93,,1.0,,Cannot find cue bottom
sec6-res-util-pool-c8m2,,4038,,pool,,2,,374,,442,,80,,1.0,,Cannot find cue bottom
sec6-res-util-pool-c8m2,,4041,,pool,,2,,374,,484,,122,,0.00807678530857,,Cannot find cue bottom
sec6-res-util-pool-c8m2,,4046,,pool,,2,,373,,458,,96,,0.99999,,Cannot find cue bottom
sec6-res-util-pool-c8m2,,4049,,pool,,2,,374,,443,,80,,1.0,,Cannot find cue bottom
sec6-res-util-pool-c8m2,,4053,,pool,,2,,372,,419,,56,,1.0,,Cannot find cue top
sec6-res-util-pool-c8m2,,4055,,pool,,2,,373,,436,,73,,1.0,,Cannot find cue top
sec6-res-util-pool-c8m2,,4058,,pool,,2,,374,,438,,76,,1.0,,Cannot find cue top
sec6-res-util-pool-c8m2,,4061,,pool,,2,,372,,459,,97,,0.99984,,Cannot find cue top
sec6-res-util-pool-c8m2,,4065,,pool,,2,,372,,454,,91,,1.0,,Cannot find cue top
sec6-res-util-pool-c8m2,,4079,,pool,,2,,380,,451,,89,,1.0,,Cannot find cue bottom
sec6-res-util-pool-c8m2,,4082,,pool,,2,,372,,464,,101,,0.98704,,Cannot find cue bottom
sec6-res-util-pool-c8m2,,4086,,pool,,2,,372,,427,,64,,1.0,,Cannot find cue top
sec6-res-util-pool-c8m2,,4089,,pool,,2,,375,,427,,64,,1.0,,Cannot find cue top
sec6-res-util-pool-c8m2,,4092,,pool,,2,,376,,445,,82,,1.0,,Cannot find cue top
sec6-res-util-pool-c8m2,,4095,,pool,,2,,377,,440,,77,,1.0,,Cannot find cue top
sec6-res-util-pool-c8m2,,4098,,pool,,2,,373,,425,,63,,1.0,,Cannot find cue top
sec6-res-util-pool-c8m2,,4101,,pool,,2,,373,,418,,56,,1.0,,Cannot find cue top
sec6-res-util-pool-c8m2,,4104,,pool,,2,,373,,419,,56,,1.0,,Cannot find cue top
sec6-res-util-pool-c8m2,,4106,,pool,,2,,373,,448,,87,,1.0,,Cannot find cue top
sec6-res-util-pool-c8m2,,4110,,pool,,2,,375,,436,,74,,1.0,,Cannot find cue top
sec6-res-util-pool-c8m2,,4113,,pool,,2,,374,,448,,85,,1.0,,Cannot find cue top
sec6-res-util-pool-c8m2,,4116,,pool,,2,,375,,440,,77,,1.0,,Cannot find cue top
sec6-res-util-pool-c8m2,,4120,,pool,,2,,375,,458,,95,,1.0,,Cannot find cue top
sec6-res-util-pool-c8m2,,4123,,pool,,2,,373,,447,,136,,0.000166521595442,,Cannot find cue top
sec6-res-util-pool-c8m2,,4128,,pool,,2,,373,,443,,81,,1.0,,Cannot find cue top
sec6-res-util-pool-c8m2,,4131,,pool,,2,,372,,419,,57,,1.0,,Cannot find cue top
sec6-res-util-pool-c8m2,,4134,,pool,,2,,373,,428,,66,,1.0,,Cannot find cue top
sec6-res-util-pool-c8m2,,4137,,pool,,2,,376,,479,,116,,0.0426295284331,,Cannot find cue top
sec6-res-util-pool-c8m2,,4141,,pool,,2,,375,,472,,110,,0.225,,Cannot find cue top
sec6-res-util-pool-c8m2,,4145,,pool,,2,,374,,490,,212,,1.17532695128e-13,,Cannot find cue top
sec6-res-util-pool-c8m2,,4,,pool,,2,,375,,474,,111,,0.170518113732,,Cannot find cue bottom
sec6-res-util-pool-c8m2,,8,,pool,,2,,373,,452,,89,,1.0,,Cannot find cue bottom
sec6-res-util-pool-c8m2,,12,,pool,,2,,373,,429,,66,,1.0,,Cannot find cue bottom
sec6-res-util-pool-c8m2,,14,,pool,,2,,371,,441,,78,,1.0,,Cannot find cue bottom
sec6-res-util-pool-c8m2,,18,,pool,,2,,371,,470,,107,,0.516914259749,,Cannot find cue bottom
sec6-res-util-pool-c8m2,,22,,pool,,2,,372,,474,,111,,0.170518113732,,Cannot find cue bottom
sec6-res-util-pool-c8m2,,26,,pool,,2,,371,,475,,153,,1.49439908403e-06,,Cannot find cue bottom
sec6-res-util-pool-c8m2,,31,,pool,,2,,371,,476,,113,,0.0979369383708,,Cannot find cue bottom
sec6-res-util-pool-c8m2,,36,,pool,,2,,372,,458,,95,,1.0,,Cannot find cue bottom
sec6-res-util-pool-c8m2,,40,,pool,,2,,371,,456,,95,,1.0,,Cannot find cue bottom
sec6-res-util-pool-c8m2,,43,,pool,,2,,371,,478,,115,,0.05625,,Cannot find cue bottom
sec6-res-util-pool-c8m2,,48,,pool,,2,,372,,475,,112,,0.129228564937,,Cannot find cue bottom
sec6-res-util-pool-c8m2,,52,,pool,,2,,372,,460,,98,,0.99919,,Cannot find cue bottom
sec6-res-util-pool-c8m2,,56,,pool,,2,,374,,431,,68,,1.0,,Cannot find cue bottom
sec6-res-util-pool-c8m2,,59,,pool,,2,,374,,431,,68,,1.0,,Cannot find cue bottom
sec6-res-util-pool-c8m2,,62,,pool,,2,,372,,482,,119,,0.0185555799952,,Cannot find cue bottom
sec6-res-util-pool-c8m2,,66,,pool,,2,,374,,490,,155,,8.58306884766e-07,,Cannot find cue bottom
sec6-res-util-pool-c8m2,,71,,pool,,2,,371,,462,,99,,0.99744,,Cannot find cue bottom
sec6-res-util-pool-c8m2,,84,,pool,,2,,383,,461,,100,,0.99375,,Cannot find cue bottom
sec6-res-util-pool-c8m2,,87,,pool,,2,,374,,452,,89,,1.0,,Cannot find cue bottom
sec6-res-util-pool-c8m2,,91,,pool,,2,,372,,447,,84,,1.0,,Cannot find cue bottom
sec6-res-util-pool-c8m2,,94,,pool,,2,,372,,428,,66,,1.0,,Cannot find cue bottom
sec6-res-util-pool-c8m2,,97,,pool,,2,,372,,443,,81,,1.0,,Cannot find cue bottom
sec6-res-util-pool-c8m2,,100,,pool,,2,,372,,468,,126,,0.00266434552707,,Cannot find cue bottom
sec6-res-util-pool-c8m2,,105,,pool,,2,,372,,457,,94,,1.0,,Cannot find cue bottom
sec6-res-util-pool-c8m2,,109,,pool,,2,,371,,469,,106,,0.68207245493,,Cannot find cue bottom
sec6-res-util-pool-c8m2,,113,,pool,,2,,372,,457,,94,,1.0,,Cannot find cue bottom
sec6-res-util-pool-c8m2,,117,,pool,,2,,372,,442,,80,,1.0,,Cannot find cue bottom
sec6-res-util-pool-c8m2,,120,,pool,,2,,372,,456,,179,,1.10599875422e-09,,Cannot find cue bottom
sec6-res-util-pool-c8m2,,127,,pool,,2,,372,,459,,96,,0.99999,,Cannot find cue bottom
sec6-res-util-pool-c8m2,,130,,pool,,2,,372,,442,,79,,1.0,,Cannot find cue bottom
sec6-res-util-pool-c8m2,,134,,pool,,2,,371,,459,,96,,0.99999,,Cannot find cue bottom
sec6-res-util-pool-c8m2,,137,,pool,,2,,371,,448,,85,,1.0,,Cannot find cue bottom
sec6-res-util-pool-c8m2,,141,,pool,,2,,373,,460,,98,,0.99919,,Cannot find cue bottom
sec6-res-util-pool-c8m2,,145,,pool,,2,,374,,444,,82,,1.0,,Cannot find cue bottom
sec6-res-util-pool-c8m2,,148,,pool,,2,,374,,462,,100,,0.99375,,Cannot find cue bottom
sec6-res-util-pool-c8m2,,152,,pool,,2,,374,,436,,73,,1.0,,Cannot find cue bottom
sec6-res-util-pool-c8m2,,155,,pool,,2,,374,,445,,82,,1.0,,Cannot find cue bottom
sec6-res-util-pool-c8m2,,158,,pool,,2,,375,,460,,98,,0.99919,,Cannot find cue bottom
sec6-res-util-pool-c8m2,,162,,pool,,2,,376,,442,,79,,1.0,,Cannot find cue bottom
sec6-res-util-pool-c8m2,,165,,pool,,2,,375,,436,,74,,1.0,,Cannot find cue bottom
sec6-res-util-pool-c8m2,,168,,pool,,2,,374,,447,,85,,1.0,,Cannot find cue bottom
sec6-res-util-pool-c8m2,,172,,pool,,2,,374,,449,,87,,1.0,,Cannot find cue bottom
sec6-res-util-pool-c8m2,,175,,pool,,2,,374,,475,,113,,0.0979369383708,,Cannot find cue bottom
sec6-res-util-pool-c8m2,,180,,pool,,2,,378,,440,,78,,1.0,,Cannot find cue bottom
sec6-res-util-pool-c8m2,,183,,pool,,2,,374,,437,,74,,1.0,,Cannot find cue bottom
sec6-res-util-pool-c8m2,,186,,pool,,2,,374,,453,,91,,1.0,,Cannot find cue bottom
sec6-res-util-pool-c8m2,,190,,pool,,2,,374,,468,,106,,0.68207245493,,Cannot find cue bottom
sec6-res-util-pool-c8m2,,194,,pool,,2,,373,,452,,89,,1.0,,speech: left
sec6-res-util-pool-c8m2,,198,,pool,,2,,373,,493,,131,,0.000666086381767,,speech: good
sec6-res-util-pool-c8m2,,203,,pool,,2,,373,,466,,104,,0.93439,,Cannot find cue ball
sec6-res-util-pool-c8m2,,207,,pool,,2,,373,,454,,173,,5.83749642198e-09,,Cannot find cue ball
sec6-res-util-pool-c8m2,,213,,pool,,2,,378,,441,,78,,1.0,,Cannot find cue ball
sec6-res-util-pool-c8m2,,216,,pool,,2,,373,,417,,54,,1.0,,Cannot find cue top
sec6-res-util-pool-c8m2,,218,,pool,,2,,374,,436,,74,,1.0,,Cannot find cue top
sec6-res-util-pool-c8m2,,222,,pool,,2,,376,,463,,101,,0.98704,,Cannot find cue bottom
sec6-res-util-pool-c8m2,,226,,pool,,2,,374,,458,,96,,0.99999,,Cannot find cue bottom
sec6-res-util-pool-c8m2,,230,,pool,,2,,374,,460,,97,,0.99984,,Cannot find cue bottom
sec6-res-util-pool-c8m2,,233,,pool,,2,,376,,481,,199,,4.32030763366e-12,,Cannot find cue bottom
sec6-res-util-pool-c8m2,,240,,pool,,2,,374,,441,,78,,1.0,,Cannot find cue bottom
sec6-res-util-pool-c8m2,,244,,pool,,2,,374,,446,,84,,1.0,,Cannot find cue bottom
sec6-res-util-pool-c8m2,,247,,pool,,2,,376,,476,,113,,0.0979369383708,,Cannot find cue bottom
sec6-res-util-pool-c8m2,,251,,pool,,2,,376,,442,,80,,1.0,,Cannot find cue top
sec6-res-util-pool-c8m2,,255,,pool,,2,,373,,434,,71,,1.0,,Cannot find cue bottom
sec6-res-util-pool-c8m2,,258,,pool,,2,,374,,418,,56,,1.0,,Cannot find cue top
sec6-res-util-pool-c8m2,,260,,pool,,2,,374,,425,,63,,1.0,,Cannot find cue top
sec6-res-util-pool-c8m2,,263,,pool,,2,,376,,478,,115,,0.05625,,Cannot find cue top
sec6-res-util-pool-c8m2,,267,,pool,,2,,375,,443,,81,,1.0,,Cannot find cue top
sec6-res-util-pool-c8m2,,270,,pool,,2,,373,,426,,64,,1.0,,Cannot find cue top
sec6-res-util-pool-c8m2,,273,,pool,,2,,374,,426,,64,,1.0,,Cannot find cue top
sec6-res-util-pool-c8m2,,276,,pool,,2,,374,,467,,118,,0.0244842345927,,Cannot find cue ball
sec6-res-util-pool-c8m2,,280,,pool,,2,,372,,466,,103,,0.95904,,Cannot find cue bottom
sec6-res-util-pool-c8m2,,284,,pool,,2,,374,,472,,110,,0.225,,Cannot find cue bottom
sec6-res-util-pool-c8m2,,288,,pool,,2,,373,,450,,88,,1.0,,Cannot find cue bottom
sec6-res-util-pool-c8m2,,292,,pool,,2,,374,,453,,91,,1.0,,Cannot find cue bottom
sec6-res-util-pool-c8m2,,295,,pool,,2,,373,,479,,117,,0.0323071412343,,Cannot find cue bottom
sec6-res-util-pool-c8m2,,300,,pool,,2,,378,,460,,97,,0.99984,,Cannot find cue bottom
sec6-res-util-pool-c8m2,,303,,pool,,2,,374,,455,,93,,1.0,,Cannot find cue bottom
sec6-res-util-pool-c8m2,,307,,pool,,2,,373,,466,,104,,0.93439,,Cannot find cue bottom
sec6-res-util-pool-c8m2,,311,,pool,,2,,373,,466,,176,,2.5409178992e-09,,Cannot find cue bottom
sec6-res-util-pool-c8m2,,317,,pool,,2,,373,,438,,76,,1.0,,Cannot find cue bottom
sec6-res-util-pool-c8m2,,320,,pool,,2,,373,,443,,81,,1.0,,Cannot find object ball
sec6-res-util-pool-c8m2,,324,,pool,,2,,373,,432,,69,,1.0,,Cannot find cue ball
sec6-res-util-pool-c8m2,,327,,pool,,2,,373,,435,,72,,1.0,,Cannot find cue bottom
sec6-res-util-pool-c8m2,,330,,pool,,2,,373,,482,,119,,0.0185555799952,,Cannot find cue bottom
sec6-res-util-pool-c8m2,,334,,pool,,2,,372,,490,,222,,7.3457934455e-15,,Cannot find cue top
sec6-res-util-pool-c8m2,,342,,pool,,2,,373,,477,,115,,0.05625,,Cannot find cue bottom
sec6-res-util-pool-c8m2,,346,,pool,,2,,372,,448,,86,,1.0,,Cannot find cue top
sec6-res-util-pool-c8m2,,349,,pool,,2,,373,,422,,60,,1.0,,Cannot find cue top
sec6-res-util-pool-c8m2,,352,,pool,,2,,373,,435,,72,,1.0,,Cannot find cue top
sec6-res-util-pool-c8m2,,355,,pool,,2,,372,,421,,59,,1.0,,Cannot find cue top
sec6-res-util-pool-c8m2,,358,,pool,,2,,373,,465,,103,,0.95904,,Cannot find cue top
sec6-res-util-pool-c8m2,,362,,pool,,2,,374,,436,,73,,1.0,,Cannot find cue top
sec6-res-util-pool-c8m2,,365,,pool,,2,,373,,428,,66,,1.0,,Cannot find cue top
sec6-res-util-pool-c8m2,,368,,pool,,2,,373,,483,,228,,1.39176760244e-15,,Cannot find cue bottom
sec6-res-util-pool-c8m2,,375,,pool,,2,,374,,431,,70,,1.0,,Cannot find cue top
sec6-res-util-pool-c8m2,,378,,pool,,2,,374,,443,,81,,1.0,,Cannot find cue top
sec6-res-util-pool-c8m2,,382,,pool,,2,,373,,442,,81,,1.0,,Cannot find cue top
sec6-res-util-pool-c8m2,,385,,pool,,2,,374,,432,,68,,1.0,,Cannot find cue top
sec6-res-util-pool-c8m2,,388,,pool,,2,,370,,426,,64,,1.0,,Cannot find cue top
sec6-res-util-pool-c8m2,,390,,pool,,2,,373,,445,,82,,1.0,,Cannot find cue top
sec6-res-util-pool-c8m2,,394,,pool,,2,,373,,419,,56,,1.0,,Cannot find cue top
sec6-res-util-pool-c8m2,,396,,pool,,2,,377,,454,,92,,1.0,,Cannot find cue bottom
sec6-res-util-pool-c8m2,,400,,pool,,2,,372,,435,,72,,1.0,,Cannot find cue top
sec6-res-util-pool-c8m2,,403,,pool,,2,,373,,443,,81,,1.0,,Cannot find cue top
sec6-res-util-pool-c8m2,,406,,pool,,2,,374,,498,,135,,0.0002197265625,,Cannot find cue top
sec6-res-util-pool-c8m2,,411,,pool,,2,,383,,463,,101,,0.98704,,Cannot find cue top
sec6-res-util-pool-c8m2,,415,,pool,,2,,373,,467,,104,,0.93439,,Cannot find cue bottom
sec6-res-util-pool-c8m2,,419,,pool,,2,,373,,434,,71,,1.0,,Cannot find cue bottom
sec6-res-util-pool-c8m2,,422,,pool,,2,,374,,451,,150,,3.43322753906e-06,,Cannot find cue bottom
sec6-res-util-pool-c8m2,,428,,pool,,2,,373,,476,,114,,0.074222319981,,Cannot find cue ball
sec6-res-util-pool-c8m2,,432,,pool,,2,,374,,457,,95,,1.0,,Cannot find object ball
sec6-res-util-pool-c8m2,,436,,pool,,2,,372,,453,,91,,1.0,,Cannot find object ball
sec6-res-util-pool-c8m2,,440,,pool,,2,,371,,441,,79,,1.0,,Cannot find object ball
sec6-res-util-pool-c8m2,,443,,pool,,2,,373,,456,,93,,1.0,,Cannot find cue ball
sec6-res-util-pool-c8m2,,447,,pool,,2,,375,,457,,95,,1.0,,Cannot find cue ball
sec6-res-util-pool-c8m2,,450,,pool,,2,,374,,449,,141,,4.16303988605e-05,,Cannot find cue ball
sec6-res-util-pool-c8m2,,455,,pool,,2,,373,,476,,113,,0.0979369383708,,Cannot find cue ball
sec6-res-util-pool-c8m2,,460,,pool,,2,,373,,463,,101,,0.98704,,Cannot find cue ball
sec6-res-util-pool-c8m2,,463,,pool,,2,,375,,455,,93,,1.0,,Cannot find cue ball
sec6-res-util-pool-c8m2,,467,,pool,,2,,374,,461,,99,,0.99744,,speech: left
sec6-res-util-pool-c8m2,,471,,pool,,2,,375,,470,,107,,0.516914259749,,speech: left
sec6-res-util-pool-c8m2,,475,,pool,,2,,373,,469,,121,,0.0106573821083,,Cannot find cue ball
sec6-res-util-pool-c8m2,,480,,pool,,2,,374,,459,,97,,0.99984,,Cannot find object ball
sec6-res-util-pool-c8m2,,484,,pool,,2,,373,,478,,115,,0.05625,,Cannot find object ball
sec6-res-util-pool-c8m2,,488,,pool,,2,,374,,436,,74,,1.0,,Cannot find object ball
sec6-res-util-pool-c8m2,,491,,pool,,2,,373,,502,,140,,5.4931640625e-05,,Cannot find object ball
sec6-res-util-pool-c8m2,,496,,pool,,2,,374,,505,,142,,3.15499426116e-05,,Cannot find object ball
sec6-res-util-pool-c8m2,,502,,pool,,2,,372,,491,,129,,0.0011597237497,,Cannot find object ball
sec6-res-util-pool-c8m2,,506,,pool,,2,,376,,484,,121,,0.0106573821083,,Cannot find object ball
sec6-res-util-pool-c8m2,,511,,pool,,2,,372,,435,,72,,1.0,,Cannot find cue ball
sec6-res-util-pool-c8m2,,514,,pool,,2,,373,,476,,113,,0.0979369383708,,Cannot find cue ball
sec6-res-util-pool-c8m2,,518,,pool,,2,,373,,444,,81,,1.0,,Cannot find object ball
sec6-res-util-pool-c8m2,,522,,pool,,2,,373,,458,,120,,0.0140625,,Cannot find object ball
sec6-res-util-pool-c8m2,,526,,pool,,2,,373,,469,,107,,0.516914259749,,Cannot find object ball
sec6-res-util-pool-c8m2,,530,,pool,,2,,374,,477,,114,,0.074222319981,,Cannot find cue ball
sec6-res-util-pool-c8m2,,534,,pool,,2,,373,,461,,99,,0.99744,,Cannot find object ball
sec6-res-util-pool-c8m2,,544,,pool,,2,,379,,455,,92,,1.0,,Cannot find object ball
sec6-res-util-pool-c8m2,,547,,pool,,2,,373,,445,,83,,1.0,,Cannot find object ball
sec6-res-util-pool-c8m2,,550,,pool,,2,,373,,435,,73,,1.0,,Cannot find object ball
sec6-res-util-pool-c8m2,,553,,pool,,2,,374,,446,,83,,1.0,,Cannot find object ball
sec6-res-util-pool-c8m2,,557,,pool,,2,,373,,466,,104,,0.93439,,Cannot find object ball
sec6-res-util-pool-c8m2,,561,,pool,,2,,372,,450,,87,,1.0,,Cannot find object ball
sec6-res-util-pool-c8m2,,564,,pool,,2,,373,,442,,135,,0.0002197265625,,Cannot find object ball
sec6-res-util-pool-c8m2,,569,,pool,,2,,371,,462,,100,,0.99375,,Cannot find cue ball
sec6-res-util-pool-c8m2,,573,,pool,,2,,373,,448,,88,,1.0,,Cannot find cue ball
sec6-res-util-pool-c8m2,,576,,pool,,2,,372,,455,,93,,1.0,,Cannot find cue ball
sec6-res-util-pool-c8m2,,580,,pool,,2,,373,,434,,71,,1.0,,Cannot find cue top
sec6-res-util-pool-c8m2,,583,,pool,,2,,375,,437,,75,,1.0,,Cannot find cue top
sec6-res-util-pool-c8m2,,586,,pool,,2,,373,,429,,67,,1.0,,Cannot find cue bottom
sec6-res-util-pool-c8m2,,589,,pool,,2,,373,,437,,74,,1.0,,Cannot find cue top
sec6-res-util-pool-c8m2,,592,,pool,,2,,374,,424,,61,,1.0,,Cannot find cue top
sec6-res-util-pool-c8m2,,595,,pool,,2,,374,,452,,90,,1.0,,Cannot find cue bottom
sec6-res-util-pool-c8m2,,598,,pool,,2,,374,,450,,87,,1.0,,Cannot find cue bottom
sec6-res-util-pool-c8m2,,602,,pool,,2,,374,,453,,92,,1.0,,Cannot find cue bottom
sec6-res-util-pool-c8m2,,605,,pool,,2,,373,,434,,73,,1.0,,Cannot find cue bottom
sec6-res-util-pool-c8m2,,608,,pool,,2,,375,,456,,200,,3.27418092638e-12,,Cannot find cue bottom
sec6-res-util-pool-c8m2,,623,,pool,,2,,378,,438,,75,,1.0,,Cannot find cue top
sec6-res-util-pool-c8m2,,625,,pool,,2,,372,,425,,63,,1.0,,Cannot find cue top
sec6-res-util-pool-c8m2,,627,,pool,,2,,373,,421,,58,,1.0,,Cannot find cue top
sec6-res-util-pool-c8m2,,630,,pool,,2,,374,,427,,65,,1.0,,Cannot find cue bottom
sec6-res-util-pool-c8m2,,633,,pool,,2,,376,,496,,134,,0.000289930937426,,Cannot find cue bottom
sec6-res-util-pool-c8m2,,638,,pool,,2,,377,,441,,78,,1.0,,Cannot find cue bottom
sec6-res-util-pool-c8m2,,641,,pool,,2,,374,,447,,85,,1.0,,Cannot find cue bottom
sec6-res-util-pool-c8m2,,660,,pool,,2,,379,,448,,84,,1.0,,Cannot find cue top
sec6-res-util-pool-c8m2,,662,,pool,,2,,372,,442,,79,,1.0,,Cannot find cue top
sec6-res-util-pool-c8m2,,665,,pool,,2,,381,,434,,71,,1.0,,Cannot find cue top
sec6-res-util-pool-c8m2,,668,,pool,,2,,374,,442,,79,,1.0,,Cannot find cue top
sec6-res-util-pool-c8m2,,671,,pool,,2,,374,,436,,73,,1.0,,Cannot find cue top
sec6-res-util-pool-c8m2,,675,,pool,,2,,374,,423,,60,,1.0,,Cannot find cue top
sec6-res-util-pool-c8m2,,677,,pool,,2,,373,,434,,72,,1.0,,Cannot find cue top
sec6-res-util-pool-c8m2,,680,,pool,,2,,375,,440,,77,,1.0,,Cannot find cue top
sec6-res-util-pool-c8m2,,684,,pool,,2,,373,,452,,90,,1.0,,Cannot find cue bottom
sec6-res-util-pool-c8m2,,691,,pool,,2,,374,,476,,113,,0.0979369383708,,Cannot find cue bottom
sec6-res-util-pool-c8m2,,694,,pool,,2,,374,,463,,100,,0.99375,,Cannot find cue bottom
sec6-res-util-pool-c8m2,,698,,pool,,2,,384,,468,,105,,0.9,,Cannot find cue bottom
sec6-res-util-pool-c8m2,,702,,pool,,2,,373,,451,,89,,1.0,,Cannot find cue bottom
sec6-res-util-pool-c8m2,,706,,pool,,2,,375,,455,,94,,1.0,,Cannot find cue bottom
sec6-res-util-pool-c8m2,,709,,pool,,2,,374,,464,,102,,0.97599,,Cannot find cue ball
sec6-res-util-pool-c8m2,,713,,pool,,2,,374,,458,,96,,0.99999,,Cannot find cue ball
sec6-res-util-pool-c8m2,,717,,pool,,2,,375,,461,,99,,0.99744,,Cannot find cue ball
sec6-res-util-pool-c8m2,,721,,pool,,2,,374,,440,,77,,1.0,,Cannot find cue ball
sec6-res-util-pool-c8m2,,724,,pool,,2,,373,,484,,219,,1.6876201694e-14,,Cannot find cue bottom
sec6-res-util-pool-c8m2,,732,,pool,,2,,376,,477,,115,,0.05625,,Cannot find cue bottom
sec6-res-util-pool-c8m2,,736,,pool,,2,,373,,468,,105,,0.9,,Cannot find cue ball
sec6-res-util-pool-c8m2,,740,,pool,,2,,375,,448,,85,,1.0,,Cannot find cue bottom
sec6-res-util-pool-c8m2,,744,,pool,,2,,373,,466,,104,,0.93439,,Cannot find cue bottom
sec6-res-util-pool-c8m2,,748,,pool,,2,,374,,456,,145,,1.37329101563e-05,,Cannot find cue bottom
sec6-res-util-pool-c8m2,,753,,pool,,2,,373,,451,,88,,1.0,,Cannot find cue bottom
sec6-res-util-pool-c8m2,,757,,pool,,2,,373,,446,,84,,1.0,,Cannot find cue bottom
sec6-res-util-pool-c8m2,,760,,pool,,2,,373,,469,,108,,0.391747753483,,Cannot find cue bottom
sec6-res-util-pool-c8m2,,764,,pool,,2,,374,,466,,104,,0.93439,,Cannot find cue bottom
sec6-res-util-pool-c8m2,,768,,pool,,2,,374,,485,,123,,0.00612105864818,,Cannot find cue bottom
sec6-res-util-pool-c8m2,,773,,pool,,2,,373,,476,,113,,0.0979369383708,,Cannot find cue bottom
sec6-res-util-pool-c8m2,,777,,pool,,2,,375,,469,,193,,2.28027203984e-11,,Cannot find cue bottom
sec6-res-util-pool-c8m2,,784,,pool,,2,,376,,460,,97,,0.99984,,Cannot find cue bottom
sec6-res-util-pool-c8m2,,788,,pool,,2,,374,,465,,101,,0.98704,,Cannot find cue bottom
sec6-res-util-pool-c8m2,,792,,pool,,2,,371,,436,,74,,1.0,,Cannot find cue bottom
sec6-res-util-pool-c8m2,,795,,pool,,2,,374,,478,,115,,0.05625,,Cannot find cue bottom
sec6-res-util-pool-c8m2,,799,,pool,,2,,374,,469,,107,,0.516914259749,,Cannot find cue bottom
sec6-res-util-pool-c8m2,,803,,pool,,2,,374,,457,,94,,1.0,,Cannot find cue bottom
sec6-res-util-pool-c8m2,,807,,pool,,2,,373,,456,,93,,1.0,,Cannot find cue bottom
sec6-res-util-pool-c8m2,,810,,pool,,2,,372,,433,,106,,0.68207245493,,Cannot find object ball
sec6-res-util-pool-c8m2,,815,,pool,,2,,373,,458,,95,,1.0,,Cannot find object ball
sec6-res-util-pool-c8m2,,819,,pool,,2,,374,,445,,82,,1.0,,Cannot find cue ball
sec6-res-util-pool-c8m2,,822,,pool,,2,,374,,428,,66,,1.0,,Cannot find cue top
sec6-res-util-pool-c8m2,,825,,pool,,2,,373,,432,,70,,1.0,,Cannot find cue top
sec6-res-util-pool-c8m2,,828,,pool,,2,,375,,437,,76,,1.0,,Cannot find cue bottom
sec6-res-util-pool-c8m2,,831,,pool,,2,,374,,489,,126,,0.00266434552707,,Cannot find cue bottom
sec6-res-util-pool-c8m2,,836,,pool,,2,,374,,459,,96,,0.99999,,Cannot find cue bottom
sec6-res-util-pool-c8m2,,839,,pool,,2,,373,,438,,76,,1.0,,Cannot find cue top
sec6-res-util-pool-c8m2,,843,,pool,,2,,375,,493,,131,,0.000666086381767,,Cannot find cue top
sec6-res-util-pool-c8m2,,847,,pool,,2,,375,,489,,126,,0.00266434552707,,Cannot find cue bottom
sec6-res-util-pool-c8m2,,852,,pool,,2,,374,,423,,60,,1.0,,Cannot find cue top
sec6-res-util-pool-c8m2,,855,,pool,,2,,374,,446,,83,,1.0,,Cannot find cue bottom
sec6-res-util-pool-c8m2,,858,,pool,,2,,375,,458,,95,,1.0,,Cannot find cue bottom
sec6-res-util-pool-c8m2,,862,,pool,,2,,374,,425,,62,,1.0,,Cannot find cue top
sec6-res-util-pool-c8m2,,865,,pool,,2,,374,,421,,58,,1.0,,Cannot find cue top
sec6-res-util-pool-c8m2,,867,,pool,,2,,376,,448,,85,,1.0,,Cannot find cue bottom
sec6-res-util-pool-c8m2,,871,,pool,,2,,374,,422,,59,,1.0,,Cannot find cue top
sec6-res-util-pool-c8m2,,873,,pool,,2,,374,,459,,97,,0.99984,,Cannot find cue bottom
sec6-res-util-pool-c8m2,,877,,pool,,2,,375,,463,,100,,0.99375,,Cannot find cue bottom
sec6-res-util-pool-c8m2,,896,,pool,,2,,380,,475,,112,,0.129228564937,,Cannot find cue top
sec6-res-util-pool-c8m2,,900,,pool,,2,,373,,429,,66,,1.0,,Cannot find cue top
sec6-res-util-pool-c8m2,,903,,pool,,2,,374,,425,,62,,1.0,,Cannot find cue top
sec6-res-util-pool-c8m2,,906,,pool,,2,,374,,447,,85,,1.0,,Cannot find cue top
sec6-res-util-pool-c8m2,,909,,pool,,2,,377,,450,,87,,1.0,,Cannot find cue top
sec6-res-util-pool-c8m2,,912,,pool,,2,,375,,430,,68,,1.0,,Cannot find cue top
sec6-res-util-pool-c8m2,,915,,pool,,2,,374,,430,,67,,1.0,,Cannot find cue top
sec6-res-util-pool-c8m2,,918,,pool,,2,,374,,449,,87,,1.0,,Cannot find cue bottom
sec6-res-util-pool-c8m2,,922,,pool,,2,,374,,444,,82,,1.0,,Cannot find cue ball
sec6-res-util-pool-c8m2,,925,,pool,,2,,373,,454,,91,,1.0,,Cannot find cue bottom
sec6-res-util-pool-c8m2,,929,,pool,,2,,376,,429,,66,,1.0,,Cannot find cue bottom
sec6-res-util-pool-c8m2,,932,,pool,,2,,374,,478,,115,,0.05625,,Cannot find cue top
sec6-res-util-pool-c8m2,,936,,pool,,2,,374,,428,,65,,1.0,,Cannot find cue top
sec6-res-util-pool-c8m2,,939,,pool,,2,,375,,431,,133,,0.000382566165511,,Cannot find cue bottom
sec6-res-util-pool-c8m2,,944,,pool,,2,,376,,503,,141,,4.16303988605e-05,,Cannot find cue bottom
sec6-res-util-pool-c8m2,,949,,pool,,2,,375,,449,,86,,1.0,,Cannot find cue top
sec6-res-util-pool-c8m2,,952,,pool,,2,,374,,455,,93,,1.0,,Cannot find cue top
sec6-res-util-pool-c8m2,,956,,pool,,2,,374,,422,,59,,1.0,,Cannot find cue top
sec6-res-util-pool-c8m2,,967,,pool,,2,,380,,472,,110,,0.225,,Cannot find cue top
sec6-res-util-pool-c8m2,,971,,pool,,2,,374,,490,,128,,0.00153026466204,,Cannot find cue top
sec6-res-util-pool-c8m2,,976,,pool,,2,,374,,469,,107,,0.516914259749,,Cannot find cue top
sec6-res-util-pool-c8m2,,980,,pool,,2,,375,,460,,98,,0.99919,,Cannot find cue top
sec6-res-util-pool-c8m2,,983,,pool,,2,,376,,426,,80,,1.0,,Cannot find cue top
sec6-res-util-pool-c8m2,,987,,pool,,2,,374,,455,,92,,1.0,,Cannot find cue top
sec6-res-util-pool-c8m2,,990,,pool,,2,,379,,463,,101,,0.98704,,Cannot find cue top
sec6-res-util-pool-c8m2,,994,,pool,,2,,375,,464,,102,,0.97599,,Cannot find cue top
sec6-res-util-pool-c8m2,,998,,pool,,2,,374,,455,,199,,4.32030763366e-12,,Cannot find cue bottom
sec6-res-util-pool-c8m2,,1005,,pool,,2,,374,,429,,66,,1.0,,Cannot find cue top
sec6-res-util-pool-c8m2,,1008,,pool,,2,,373,,442,,79,,1.0,,Cannot find cue top
sec6-res-util-pool-c8m2,,1011,,pool,,2,,375,,424,,62,,1.0,,Cannot find cue top
sec6-res-util-pool-c8m2,,1014,,pool,,2,,374,,444,,81,,1.0,,Cannot find cue bottom
sec6-res-util-pool-c8m2,,1018,,pool,,2,,372,,425,,61,,1.0,,Cannot find cue top
sec6-res-util-pool-c8m2,,1020,,pool,,2,,372,,443,,79,,1.0,,Cannot find cue ball
sec6-res-util-pool-c8m2,,1023,,pool,,2,,372,,452,,125,,0.003515625,,Cannot find cue ball
sec6-res-util-pool-c8m2,,1027,,pool,,2,,375,,474,,111,,0.170518113732,,Cannot find cue ball
sec6-res-util-pool-c8m2,,1031,,pool,,2,,373,,455,,92,,1.0,,Cannot find cue ball
sec6-res-util-pool-c8m2,,1035,,pool,,2,,372,,463,,100,,0.99375,,Cannot find cue ball
sec6-res-util-pool-c8m2,,1038,,pool,,2,,374,,486,,123,,0.00612105864818,,speech: good
sec6-res-util-pool-c8m2,,1043,,pool,,2,,373,,467,,104,,0.93439,,Cannot find object ball
sec6-res-util-pool-c8m2,,1047,,pool,,2,,372,,461,,115,,0.05625,,speech: good
sec6-res-util-pool-c8m2,,1051,,pool,,2,,374,,463,,100,,0.99375,,Cannot find object ball
sec6-res-util-pool-c8m2,,1055,,pool,,2,,372,,438,,76,,1.0,,Cannot find object ball
sec6-res-util-pool-c8m2,,1058,,pool,,2,,372,,466,,103,,0.95904,,Cannot find object ball
sec6-res-util-pool-c8m2,,1062,,pool,,2,,373,,486,,123,,0.00612105864818,,Cannot find cue ball
sec6-res-util-pool-c8m2,,1067,,pool,,2,,374,,458,,95,,1.0,,Cannot find object ball
sec6-res-util-pool-c8m2,,1070,,pool,,2,,373,,492,,130,,0.00087890625,,speech: left
sec6-res-util-pool-c8m2,,1075,,pool,,2,,373,,502,,139,,7.24827343564e-05,,Cannot find cue ball
sec6-res-util-pool-c8m2,,1080,,pool,,2,,373,,490,,127,,0.00201919632714,,Cannot find object ball
sec6-res-util-pool-c8m2,,1085,,pool,,2,,373,,462,,100,,0.99375,,Cannot find cue ball
sec6-res-util-pool-c8m2,,1089,,pool,,2,,373,,472,,110,,0.225,,Cannot find cue ball
sec6-res-util-pool-c8m2,,1093,,pool,,2,,377,,495,,134,,0.000289930937426,,Cannot find object ball
sec6-res-util-pool-c8m2,,1098,,pool,,2,,373,,446,,83,,1.0,,Cannot find cue ball
sec6-res-util-pool-c8m2,,1101,,pool,,2,,374,,466,,103,,0.95904,,Cannot find cue ball
sec6-res-util-pool-c8m2,,1105,,pool,,2,,373,,460,,97,,0.99984,,Cannot find cue ball
sec6-res-util-pool-c8m2,,1109,,pool,,2,,374,,475,,112,,0.129228564937,,Cannot find cue ball
sec6-res-util-pool-c8m2,,1113,,pool,,2,,376,,451,,88,,1.0,,Cannot find object ball
sec6-res-util-pool-c8m2,,1117,,pool,,2,,374,,438,,75,,1.0,,Cannot find cue ball
sec6-res-util-pool-c8m2,,1120,,pool,,2,,374,,473,,144,,1.81206835891e-05,,Cannot find cue ball
sec6-res-util-pool-c8m2,,1125,,pool,,2,,378,,482,,119,,0.0185555799952,,Cannot find object ball
sec6-res-util-pool-c8m2,,1130,,pool,,2,,375,,490,,127,,0.00201919632714,,Cannot find cue ball
sec6-res-util-pool-c8m2,,1134,,pool,,2,,373,,475,,113,,0.0979369383708,,Cannot find cue ball
sec6-res-util-pool-c8m2,,1139,,pool,,2,,373,,495,,132,,0.000504799081786,,speech: left
sec6-res-util-pool-c8m2,,1144,,pool,,2,,370,,472,,110,,0.225,,Cannot find cue ball
sec6-res-util-pool-c8m2,,1148,,pool,,2,,371,,463,,102,,0.97599,,Cannot find cue ball
sec6-res-util-pool-c8m2,,1152,,pool,,2,,373,,462,,99,,0.99744,,Cannot find cue ball
sec6-res-util-pool-c8m2,,1156,,pool,,2,,372,,461,,99,,0.99744,,Cannot find cue bottom
sec6-res-util-pool-c8m2,,1160,,pool,,2,,372,,446,,83,,1.0,,Cannot find cue top
sec6-res-util-pool-c8m2,,1163,,pool,,2,,370,,432,,72,,1.0,,Cannot find cue top
sec6-res-util-pool-c8m2,,1166,,pool,,2,,372,,415,,53,,1.0,,Cannot find cue top
sec6-res-util-pool-c8m2,,1169,,pool,,2,,373,,435,,71,,1.0,,Cannot find cue top
sec6-res-util-pool-c8m2,,1172,,pool,,2,,373,,429,,66,,1.0,,Cannot find cue top
sec6-res-util-pool-c8m2,,1175,,pool,,2,,372,,437,,165,,5.36441802979e-08,,Cannot find cue top
sec6-res-util-pool-c8m2,,1180,,pool,,2,,373,,464,,101,,0.98704,,Cannot find cue top
sec6-res-util-pool-c8m2,,1184,,pool,,2,,372,,446,,83,,1.0,,Cannot find cue top
sec6-res-util-pool-c8m2,,1188,,pool,,2,,372,,412,,50,,1.0,,Cannot find cue top
sec6-res-util-pool-c8m2,,1190,,pool,,2,,371,,423,,61,,1.0,,Cannot find cue top
sec6-res-util-pool-c8m2,,1193,,pool,,2,,370,,460,,98,,0.99919,,Cannot find cue top
sec6-res-util-pool-c8m2,,1196,,pool,,2,,372,,423,,60,,1.0,,Cannot find cue top
sec6-res-util-pool-c8m2,,1199,,pool,,2,,372,,425,,62,,1.0,,Cannot find cue top
sec6-res-util-pool-c8m2,,1202,,pool,,2,,372,,459,,96,,0.99999,,Cannot find cue bottom
sec6-res-util-pool-c8m2,,1205,,pool,,2,,372,,459,,96,,0.99999,,Cannot find cue top
sec6-res-util-pool-c8m2,,1209,,pool,,2,,375,,468,,105,,0.9,,Cannot find cue bottom
sec6-res-util-pool-c8m2,,1213,,pool,,2,,373,,449,,86,,1.0,,Cannot find cue bottom
sec6-res-util-pool-c8m2,,1216,,pool,,2,,373,,454,,91,,1.0,,Cannot find cue bottom
sec6-res-util-pool-c8m2,,1220,,pool,,2,,372,,430,,67,,1.0,,Cannot find cue bottom
sec6-res-util-pool-c8m2,,1223,,pool,,2,,371,,455,,93,,1.0,,Cannot find cue bottom
sec6-res-util-pool-c8m2,,1227,,pool,,2,,371,,444,,81,,1.0,,Cannot find cue top
sec6-res-util-pool-c8m2,,1230,,pool,,2,,382,,503,,145,,1.37329101563e-05,,Cannot find cue bottom
sec6-res-util-pool-c8m2,,1235,,pool,,2,,374,,449,,86,,1.0,,Cannot find cue top
sec6-res-util-pool-c8m2,,1246,,pool,,2,,379,,465,,103,,0.95904,,Cannot find cue bottom
sec6-res-util-pool-c8m2,,1249,,pool,,2,,375,,473,,111,,0.170518113732,,Cannot find cue bottom
sec6-res-util-pool-c8m2,,1253,,pool,,2,,381,,458,,95,,1.0,,Cannot find cue top
sec6-res-util-pool-c8m2,,1257,,pool,,2,,375,,457,,187,,1.20353479811e-10,,Cannot find cue top
sec6-res-util-pool-c8m2,,1263,,pool,,2,,375,,454,,92,,1.0,,Cannot find cue top
sec6-res-util-pool-c8m2,,1267,,pool,,2,,375,,453,,90,,1.0,,Cannot find cue top
sec6-res-util-pool-c8m2,,1271,,pool,,2,,371,,432,,69,,1.0,,Cannot find cue bottom
sec6-res-util-pool-c8m2,,1274,,pool,,2,,375,,423,,60,,1.0,,Cannot find cue top
sec6-res-util-pool-c8m2,,1276,,pool,,2,,373,,429,,66,,1.0,,Cannot find cue top
sec6-res-util-pool-c8m2,,1279,,pool,,2,,374,,461,,99,,0.99744,,Cannot find cue top
sec6-res-util-pool-c8m2,,1283,,pool,,2,,376,,428,,65,,1.0,,Cannot find cue top
sec6-res-util-pool-c8m2,,1286,,pool,,2,,373,,455,,92,,1.0,,Cannot find cue bottom
sec6-res-util-pool-c8m2,,1290,,pool,,2,,371,,430,,66,,1.0,,Cannot find cue bottom
sec6-res-util-pool-c8m2,,1293,,pool,,2,,372,,421,,57,,1.0,,Cannot find cue top
sec6-res-util-pool-c8m2,,1295,,pool,,2,,374,,444,,81,,1.0,,Cannot find cue bottom
sec6-res-util-pool-c8m2,,1298,,pool,,2,,373,,474,,135,,0.0002197265625,,Cannot find cue bottom
sec6-res-util-pool-c8m2,,1303,,pool,,2,,373,,465,,102,,0.97599,,Cannot find cue top
sec6-res-util-pool-c8m2,,1310,,pool,,2,,371,,482,,120,,0.0140625,,Cannot find cue bottom
sec6-res-util-pool-c8m2,,1314,,pool,,2,,372,,443,,80,,1.0,,Cannot find cue ball
sec6-res-util-pool-c8m2,,1317,,pool,,2,,372,,439,,76,,1.0,,Cannot find cue bottom
sec6-res-util-pool-c8m2,,1320,,pool,,2,,372,,481,,117,,0.0323071412343,,Cannot find cue ball
sec6-res-util-pool-c8m2,,1324,,pool,,2,,371,,428,,64,,1.0,,Cannot find cue bottom
sec6-res-util-pool-c8m2,,1327,,pool,,2,,373,,433,,70,,1.0,,Cannot find cue bottom
sec6-res-util-pool-c8m2,,1330,,pool,,2,,370,,426,,63,,1.0,,Cannot find cue bottom
sec6-res-util-pool-c8m2,,1333,,pool,,2,,372,,426,,63,,1.0,,Cannot find cue bottom
sec6-res-util-pool-c8m2,,1348,,pool,,2,,390,,487,,124,,0.00463889499881,,Cannot find cue ball
sec6-res-util-pool-c8m2,,1352,,pool,,2,,375,,438,,76,,1.0,,Cannot find cue ball
sec6-res-util-pool-c8m2,,1355,,pool,,2,,374,,439,,82,,1.0,,Cannot find cue ball
sec6-res-util-pool-c8m2,,1359,,pool,,2,,374,,440,,79,,1.0,,Cannot find cue ball
sec6-res-util-pool-c8m2,,1362,,pool,,2,,371,,464,,101,,0.98704,,Cannot find cue bottom
sec6-res-util-pool-c8m2,,1366,,pool,,2,,371,,437,,74,,1.0,,Cannot find object ball
sec6-res-util-pool-c8m2,,1369,,pool,,2,,370,,464,,101,,0.98704,,Cannot find cue ball
sec6-res-util-pool-c8m2,,1373,,pool,,2,,371,,520,,157,,4.92967853306e-07,,Cannot find cue ball
sec6-res-util-pool-c8m2,,1378,,pool,,2,,372,,487,,124,,0.00463889499881,,Cannot find object ball
sec6-res-util-pool-c8m2,,1383,,pool,,2,,372,,463,,100,,0.99375,,Cannot find object ball
sec6-res-util-pool-c8m2,,1387,,pool,,2,,374,,465,,102,,0.97599,,Cannot find object ball
sec6-res-util-pool-c8m2,,1391,,pool,,2,,377,,454,,90,,1.0,,Cannot find object ball
sec6-res-util-pool-c8m2,,1394,,pool,,2,,374,,466,,103,,0.95904,,Cannot find object ball
sec6-res-util-pool-c8m2,,1398,,pool,,2,,373,,449,,86,,1.0,,Cannot find object ball
sec6-res-util-pool-c8m2,,1402,,pool,,2,,372,,441,,77,,1.0,,Cannot find object ball
sec6-res-util-pool-c8m2,,1405,,pool,,2,,373,,440,,77,,1.0,,Cannot find object ball
sec6-res-util-pool-c8m2,,1408,,pool,,2,,372,,461,,199,,4.32030763366e-12,,Cannot find object ball
sec6-res-util-pool-c8m2,,1415,,pool,,2,,374,,478,,115,,0.05625,,Cannot find object ball
sec6-res-util-pool-c8m2,,1419,,pool,,2,,372,,453,,90,,1.0,,Cannot find object ball
sec6-res-util-pool-c8m2,,1423,,pool,,2,,373,,442,,79,,1.0,,Cannot find object ball
sec6-res-util-pool-c8m2,,1426,,pool,,2,,372,,442,,79,,1.0,,Cannot find object ball
sec6-res-util-pool-c8m2,,1429,,pool,,2,,372,,461,,98,,0.99919,,speech: good
sec6-res-util-pool-c8m2,,1433,,pool,,2,,374,,496,,133,,0.000382566165511,,speech: right
sec6-res-util-pool-c8m2,,1438,,pool,,2,,372,,469,,134,,0.000289930937426,,Cannot find object ball
sec6-res-util-pool-c8m2,,1442,,pool,,2,,373,,453,,90,,1.0,,Cannot find object ball
sec6-res-util-pool-c8m2,,1446,,pool,,2,,373,,454,,91,,1.0,,Cannot find object ball
sec6-res-util-pool-c8m2,,1449,,pool,,2,,372,,460,,98,,0.99919,,Cannot find object ball
sec6-res-util-pool-c8m2,,1453,,pool,,2,,372,,465,,123,,0.00612105864818,,Cannot find cue bottom
sec6-res-util-pool-c8m2,,1458,,pool,,2,,373,,428,,65,,1.0,,Cannot find cue bottom
sec6-res-util-pool-c8m2,,1461,,pool,,2,,371,,446,,82,,1.0,,Cannot find cue bottom
sec6-res-util-pool-c8m2,,1464,,pool,,2,,373,,440,,77,,1.0,,Cannot find cue bottom
sec6-res-util-pool-c8m2,,1467,,pool,,2,,372,,430,,66,,1.0,,Cannot find cue top
sec6-res-util-pool-c8m2,,1470,,pool,,2,,372,,412,,49,,1.0,,Cannot find cue top
sec6-res-util-pool-c8m2,,1472,,pool,,2,,373,,420,,56,,1.0,,Cannot find cue top
sec6-res-util-pool-c8m2,,1475,,pool,,2,,373,,420,,58,,1.0,,Cannot find cue top
sec6-res-util-pool-c8m2,,1477,,pool,,2,,373,,417,,53,,1.0,,Cannot find cue top
sec6-res-util-pool-c8m2,,1480,,pool,,2,,373,,430,,67,,1.0,,Cannot find cue top
sec6-res-util-pool-c8m2,,1483,,pool,,2,,375,,434,,71,,1.0,,Cannot find cue bottom
sec6-res-util-pool-c8m2,,1486,,pool,,2,,374,,473,,110,,0.225,,Cannot find cue bottom
sec6-res-util-pool-c8m2,,1490,,pool,,2,,373,,425,,61,,1.0,,Cannot find cue ball
sec6-res-util-pool-c8m2,,1493,,pool,,2,,374,,429,,66,,1.0,,Cannot find cue top
sec6-res-util-pool-c8m2,,1495,,pool,,2,,374,,480,,117,,0.0323071412343,,Cannot find cue bottom
sec6-res-util-pool-c8m2,,1500,,pool,,2,,376,,514,,151,,2.60189992878e-06,,Cannot find cue bottom
sec6-res-util-pool-c8m2,,1505,,pool,,2,,381,,471,,108,,0.391747753483,,Cannot find cue bottom
sec6-res-util-pool-c8m2,,1509,,pool,,2,,377,,452,,90,,1.0,,Cannot find cue ball
sec6-res-util-pool-c8m2,,1527,,pool,,2,,381,,432,,69,,1.0,,Cannot find cue bottom
sec6-res-util-pool-c8m2,,1529,,pool,,2,,374,,428,,65,,1.0,,Cannot find cue bottom
sec6-res-util-pool-c8m2,,1532,,pool,,2,,373,,432,,69,,1.0,,Cannot find cue bottom
sec6-res-util-pool-c8m2,,1535,,pool,,2,,376,,453,,89,,1.0,,Cannot find cue ball
sec6-res-util-pool-c8m2,,1539,,pool,,2,,374,,478,,114,,0.074222319981,,Cannot find cue ball
sec6-res-util-pool-c8m2,,1543,,pool,,2,,374,,451,,88,,1.0,,Cannot find cue bottom
sec6-res-util-pool-c8m2,,1546,,pool,,2,,374,,486,,123,,0.00612105864818,,Cannot find cue bottom
sec6-res-util-pool-c8m2,,1551,,pool,,2,,374,,455,,92,,1.0,,Cannot find cue bottom
sec6-res-util-pool-c8m2,,1555,,pool,,2,,375,,467,,125,,0.003515625,,Cannot find cue bottom
sec6-res-util-pool-c8m2,,1559,,pool,,2,,374,,461,,100,,0.99375,,Cannot find cue bottom
sec6-res-util-pool-c8m2,,1563,,pool,,2,,376,,454,,92,,1.0,,Cannot find cue bottom
sec6-res-util-pool-c8m2,,1567,,pool,,2,,379,,465,,102,,0.97599,,Cannot find cue ball
sec6-res-util-pool-c8m2,,1570,,pool,,2,,373,,432,,69,,1.0,,Cannot find cue ball
sec6-res-util-pool-c8m2,,1573,,pool,,2,,376,,438,,74,,1.0,,Cannot find cue ball
sec6-res-util-pool-c8m2,,1576,,pool,,2,,373,,475,,112,,0.129228564937,,Cannot find cue bottom
sec6-res-util-pool-c8m2,,1581,,pool,,2,,375,,462,,99,,0.99744,,Cannot find cue ball
sec6-res-util-pool-c8m2,,1584,,pool,,2,,375,,441,,155,,8.58306884766e-07,,Cannot find cue ball
sec6-res-util-pool-c8m2,,1590,,pool,,2,,375,,428,,65,,1.0,,Cannot find cue ball
sec6-res-util-pool-c8m2,,1606,,pool,,2,,379,,453,,90,,1.0,,Cannot find cue bottom
sec6-res-util-pool-c8m2,,1609,,pool,,2,,375,,435,,72,,1.0,,Cannot find cue bottom
sec6-res-util-pool-c8m2,,1612,,pool,,2,,374,,456,,93,,1.0,,Cannot find cue bottom
sec6-res-util-pool-c8m2,,1616,,pool,,2,,374,,431,,69,,1.0,,Cannot find cue bottom
sec6-res-util-pool-c8m2,,1619,,pool,,2,,376,,450,,87,,1.0,,Cannot find cue bottom
sec6-res-util-pool-c8m2,,1622,,pool,,2,,375,,461,,98,,0.99919,,Cannot find cue bottom
sec6-res-util-pool-c8m2,,1640,,pool,,2,,382,,428,,65,,1.0,,Cannot find cue top
sec6-res-util-pool-c8m2,,1642,,pool,,2,,380,,421,,59,,1.0,,Cannot find cue top
sec6-res-util-pool-c8m2,,1645,,pool,,2,,374,,431,,68,,1.0,,Cannot find cue ball
sec6-res-util-pool-c8m2,,1648,,pool,,2,,375,,451,,88,,1.0,,Cannot find cue ball
sec6-res-util-pool-c8m2,,1652,,pool,,2,,377,,467,,104,,0.93439,,Cannot find cue ball
sec6-res-util-pool-c8m2,,1656,,pool,,2,,384,,481,,118,,0.0244842345927,,Cannot find cue bottom
sec6-res-util-pool-c8m2,,1661,,pool,,2,,374,,427,,66,,1.0,,Cannot find cue bottom
sec6-res-util-pool-c8m2,,1664,,pool,,2,,376,,465,,102,,0.97599,,Cannot find cue bottom
sec6-res-util-pool-c8m2,,1668,,pool,,2,,375,,443,,81,,1.0,,Cannot find cue ball
sec6-res-util-pool-c8m2,,1671,,pool,,2,,375,,465,,103,,0.95904,,Cannot find cue ball
sec6-res-util-pool-c8m2,,1675,,pool,,2,,375,,441,,79,,1.0,,Cannot find cue bottom
sec6-res-util-pool-c8m2,,1678,,pool,,2,,375,,441,,79,,1.0,,Cannot find cue ball
sec6-res-util-pool-c8m2,,1681,,pool,,2,,375,,432,,69,,1.0,,Cannot find cue ball
sec6-res-util-pool-c8m2,,1684,,pool,,2,,377,,463,,100,,0.99375,,Cannot find object ball
sec6-res-util-pool-c8m2,,1688,,pool,,2,,395,,469,,106,,0.68207245493,,Cannot find cue ball
sec6-res-util-pool-c8m2,,1692,,pool,,2,,374,,453,,90,,1.0,,Cannot find cue ball
sec6-res-util-pool-c8m2,,1696,,pool,,2,,374,,474,,111,,0.170518113732,,Cannot find cue ball
sec6-res-util-pool-c8m2,,1700,,pool,,2,,375,,452,,89,,1.0,,Cannot find cue ball
sec6-res-util-pool-c8m2,,1704,,pool,,2,,375,,436,,73,,1.0,,Cannot find cue ball
sec6-res-util-pool-c8m2,,1707,,pool,,2,,374,,468,,105,,0.9,,Cannot find cue ball
sec6-res-util-pool-c8m2,,1711,,pool,,2,,375,,496,,133,,0.000382566165511,,Cannot find cue ball
sec6-res-util-pool-c8m2,,1716,,pool,,2,,377,,481,,118,,0.0244842345927,,Cannot find cue ball
sec6-res-util-pool-c8m2,,1720,,pool,,2,,375,,446,,83,,1.0,,Cannot find cue ball
sec6-res-util-pool-c8m2,,1724,,pool,,2,,374,,475,,113,,0.0979369383708,,Cannot find cue bottom
sec6-res-util-pool-c8m2,,1728,,pool,,2,,373,,464,,103,,0.95904,,speech: right
sec6-res-util-pool-c8m2,,1732,,pool,,2,,374,,448,,85,,1.0,,Cannot find cue ball
sec6-res-util-pool-c8m2,,1735,,pool,,2,,373,,436,,75,,1.0,,Cannot find object ball
sec6-res-util-pool-c8m2,,1739,,pool,,2,,374,,475,,112,,0.129228564937,,Cannot find object ball
sec6-res-util-pool-c8m2,,1743,,pool,,2,,380,,462,,100,,0.99375,,Cannot find cue ball
sec6-res-util-pool-c8m2,,1747,,pool,,2,,384,,448,,83,,1.0,,speech: left
sec6-res-util-pool-c8m2,,1750,,pool,,2,,370,,469,,104,,0.93439,,Cannot find cue ball
sec6-res-util-pool-c8m2,,1753,,pool,,2,,370,,442,,77,,1.0,,Cannot find cue ball
sec6-res-util-pool-c8m2,,1756,,pool,,2,,370,,452,,88,,1.0,,Cannot find cue ball
sec6-res-util-pool-c8m2,,1759,,pool,,2,,371,,440,,78,,1.0,,Cannot find cue ball
sec6-res-util-pool-c8m2,,1762,,pool,,2,,370,,460,,97,,0.99984,,Cannot find cue ball
sec6-res-util-pool-c8m2,,1765,,pool,,2,,371,,447,,84,,1.0,,Cannot find cue ball
sec6-res-util-pool-c8m2,,1769,,pool,,2,,374,,454,,92,,1.0,,Cannot find cue ball
sec6-res-util-pool-c8m2,,1772,,pool,,2,,373,,470,,108,,0.391747753483,,Cannot find cue ball
sec6-res-util-pool-c8m2,,1777,,pool,,2,,374,,491,,193,,2.28027203984e-11,,Cannot find cue ball
sec6-res-util-pool-c8m2,,1783,,pool,,2,,373,,486,,123,,0.00612105864818,,Cannot find cue ball
sec6-res-util-pool-c8m2,,1788,,pool,,2,,374,,438,,75,,1.0,,Cannot find cue ball
sec6-res-util-pool-c8m2,,1791,,pool,,2,,374,,438,,75,,1.0,,Cannot find cue ball
sec6-res-util-pool-c8m2,,1794,,pool,,2,,374,,469,,107,,0.516914259749,,Cannot find cue ball
sec6-res-util-pool-c8m2,,1799,,pool,,2,,373,,457,,95,,1.0,,Cannot find cue ball
sec6-res-util-pool-c8m2,,1802,,pool,,2,,375,,443,,80,,1.0,,Cannot find cue ball
sec6-res-util-pool-c8m2,,1806,,pool,,2,,372,,436,,74,,1.0,,Cannot find object ball
sec6-res-util-pool-c8m2,,1809,,pool,,2,,374,,444,,148,,5.97759633611e-06,,Cannot find cue bottom
sec6-res-util-pool-c8m2,,1814,,pool,,2,,379,,478,,115,,0.05625,,Cannot find cue bottom
sec6-res-util-pool-c8m2,,1818,,pool,,2,,377,,424,,61,,1.0,,Cannot find cue top
sec6-res-util-pool-c8m2,,1821,,pool,,2,,374,,417,,54,,1.0,,Cannot find cue top
sec6-res-util-pool-c8m2,,1824,,pool,,2,,379,,450,,87,,1.0,,Cannot find cue bottom
sec6-res-util-pool-c8m2,,1827,,pool,,2,,375,,438,,75,,1.0,,Cannot find cue top
sec6-res-util-pool-c8m2,,1831,,pool,,2,,373,,430,,65,,1.0,,Cannot find cue top
sec6-res-util-pool-c8m2,,1833,,pool,,2,,371,,420,,55,,1.0,,Cannot find cue top
sec6-res-util-pool-c8m2,,1835,,pool,,2,,373,,440,,77,,1.0,,Cannot find cue top
sec6-res-util-pool-c8m2,,1838,,pool,,2,,375,,455,,92,,1.0,,Cannot find cue bottom
sec6-res-util-pool-c8m2,,1842,,pool,,2,,375,,454,,260,,1.95156391047e-19,,Cannot find cue bottom
sec6-res-util-pool-c8m2,,1851,,pool,,2,,372,,435,,148,,5.97759633611e-06,,Cannot find cue bottom
sec6-res-util-pool-c8m2,,1870,,pool,,2,,399,,483,,120,,0.0140625,,Cannot find cue bottom
sec6-res-util-pool-c8m2,,1874,,pool,,2,,386,,457,,94,,1.0,,Cannot find cue top
sec6-res-util-pool-c8m2,,1877,,pool,,2,,380,,445,,84,,1.0,,Cannot find cue top
sec6-res-util-pool-c8m2,,1881,,pool,,2,,374,,430,,67,,1.0,,Cannot find cue top
sec6-res-util-pool-c8m2,,1884,,pool,,2,,374,,457,,94,,1.0,,Cannot find cue top
sec6-res-util-pool-c8m2,,1887,,pool,,2,,376,,448,,86,,1.0,,Cannot find cue top
sec6-res-util-pool-c8m2,,1891,,pool,,2,,372,,422,,59,,1.0,,Cannot find cue top
sec6-res-util-pool-c8m2,,1894,,pool,,2,,376,,435,,75,,1.0,,Cannot find cue top
sec6-res-util-pool-c8m2,,1897,,pool,,2,,381,,450,,93,,1.0,,Cannot find cue bottom
sec6-res-util-pool-c8m2,,1901,,pool,,2,,374,,457,,167,,3.08104908317e-08,,Cannot find cue bottom
sec6-res-util-pool-c8m2,,1906,,pool,,2,,375,,446,,83,,1.0,,Cannot find cue top
sec6-res-util-pool-c8m2,,1910,,pool,,2,,374,,422,,59,,1.0,,Cannot find cue top
sec6-res-util-pool-c8m2,,1912,,pool,,2,,374,,443,,80,,1.0,,Cannot find cue top
sec6-res-util-pool-c8m2,,1916,,pool,,2,,374,,445,,82,,1.0,,Cannot find cue ball
sec6-res-util-pool-c8m2,,1919,,pool,,2,,373,,419,,57,,1.0,,Cannot find cue top
sec6-res-util-pool-c8m2,,1921,,pool,,2,,373,,425,,62,,1.0,,Cannot find cue top
sec6-res-util-pool-c8m2,,1924,,pool,,2,,376,,427,,64,,1.0,,Cannot find cue top
sec6-res-util-pool-c8m2,,1927,,pool,,2,,374,,431,,68,,1.0,,Cannot find cue top
sec6-res-util-pool-c8m2,,1930,,pool,,2,,373,,435,,72,,1.0,,Cannot find cue top
sec6-res-util-pool-c8m2,,1953,,pool,,2,,381,,448,,85,,1.0,,Cannot find cue top
sec6-res-util-pool-c8m2,,1956,,pool,,2,,374,,430,,67,,1.0,,Cannot find cue top
sec6-res-util-pool-c8m2,,1959,,pool,,2,,373,,419,,56,,1.0,,Cannot find cue top
sec6-res-util-pool-c8m2,,1961,,pool,,2,,373,,479,,116,,0.0426295284331,,Cannot find cue top
sec6-res-util-pool-c8m2,,1966,,pool,,2,,374,,459,,96,,0.99999,,Cannot find cue top
sec6-res-util-pool-c8m2,,1969,,pool,,2,,375,,456,,93,,1.0,,Cannot find cue bottom
sec6-res-util-pool-c8m2,,1973,,pool,,2,,375,,474,,111,,0.170518113732,,Cannot find cue bottom
sec6-res-util-pool-c8m2,,2000,,pool,,2,,382,,454,,92,,1.0,,Cannot find cue top
sec6-res-util-pool-c8m2,,2003,,pool,,2,,375,,445,,82,,1.0,,Cannot find cue top
sec6-res-util-pool-c8m2,,2032,,pool,,2,,379,,440,,78,,1.0,,Cannot find cue top
sec6-res-util-pool-c8m2,,2035,,pool,,2,,375,,463,,100,,0.99375,,Cannot find cue top
sec6-res-util-pool-c8m2,,2039,,pool,,2,,374,,472,,109,,0.296889279924,,Cannot find cue bottom
sec6-res-util-pool-c8m2,,2043,,pool,,2,,371,,449,,86,,1.0,,Cannot find cue bottom
sec6-res-util-pool-c8m2,,2046,,pool,,2,,373,,445,,82,,1.0,,Cannot find cue bottom
sec6-res-util-pool-c8m2,,2050,,pool,,2,,374,,445,,82,,1.0,,Cannot find cue bottom
sec6-res-util-pool-c8m2,,2053,,pool,,2,,373,,495,,133,,0.000382566165511,,Cannot find cue bottom
sec6-res-util-pool-c8m2,,2058,,pool,,2,,374,,482,,119,,0.0185555799952,,Cannot find cue ball
sec6-res-util-pool-c8m2,,2062,,pool,,2,,374,,447,,84,,1.0,,Cannot find cue ball
sec6-res-util-pool-c8m2,,2066,,pool,,2,,374,,428,,65,,1.0,,Cannot find cue ball
sec6-res-util-pool-c8m2,,2068,,pool,,2,,373,,503,,199,,4.32030763366e-12,,Cannot find cue ball
sec6-res-util-pool-c8m2,,2075,,pool,,2,,374,,449,,87,,1.0,,Cannot find cue ball
sec6-res-util-pool-c8m2,,2083,,pool,,2,,374,,440,,77,,1.0,,Cannot find cue bottom
sec6-res-util-pool-c8m2,,2086,,pool,,2,,374,,454,,91,,1.0,,Cannot find cue bottom
sec6-res-util-pool-c8m2,,2089,,pool,,2,,374,,444,,81,,1.0,,Cannot find cue top
sec6-res-util-pool-c8m2,,2093,,pool,,2,,374,,423,,60,,1.0,,Cannot find cue top
sec6-res-util-pool-c8m2,,2095,,pool,,2,,378,,491,,128,,0.00153026466204,,speech: right
sec6-res-util-pool-c8m2,,2100,,pool,,2,,373,,470,,107,,0.516914259749,,Cannot find cue ball
sec6-res-util-pool-c8m2,,2104,,pool,,2,,376,,468,,105,,0.9,,Cannot find cue top
sec6-res-util-pool-c8m2,,2108,,pool,,2,,375,,479,,117,,0.0323071412343,,speech: left
sec6-res-util-pool-c8m2,,2113,,pool,,2,,374,,463,,158,,3.73599771007e-07,,Cannot find cue ball
sec6-res-util-pool-c8m2,,2118,,pool,,2,,373,,436,,73,,1.0,,Cannot find cue ball
sec6-res-util-pool-c8m2,,2121,,pool,,2,,373,,436,,73,,1.0,,Cannot find object ball
sec6-res-util-pool-c8m2,,2124,,pool,,2,,375,,464,,101,,0.98704,,Cannot find object ball
sec6-res-util-pool-c8m2,,2128,,pool,,2,,372,,467,,105,,0.9,,Cannot find cue ball
sec6-res-util-pool-c8m2,,2133,,pool,,2,,374,,453,,93,,1.0,,Cannot find cue ball
sec6-res-util-pool-c8m2,,2136,,pool,,2,,373,,481,,118,,0.0244842345927,,Cannot find object ball
sec6-res-util-pool-c8m2,,2141,,pool,,2,,378,,489,,126,,0.00266434552707,,Cannot find object ball
sec6-res-util-pool-c8m2,,2145,,pool,,2,,374,,472,,109,,0.296889279924,,Cannot find cue ball
sec6-res-util-pool-c8m2,,2149,,pool,,2,,373,,456,,93,,1.0,,Cannot find object ball
sec6-res-util-pool-c8m2,,2153,,pool,,2,,373,,463,,100,,0.99375,,Cannot find object ball
sec6-res-util-pool-c8m2,,2157,,pool,,2,,373,,479,,215,,5.11590769747e-14,,speech: left
sec6-res-util-pool-c8m2,,2164,,pool,,2,,373,,466,,104,,0.93439,,Cannot find cue ball
sec6-res-util-pool-c8m2,,2168,,pool,,2,,373,,439,,76,,1.0,,Cannot find cue top
sec6-res-util-pool-c8m2,,2171,,pool,,2,,373,,442,,79,,1.0,,Cannot find cue top
sec6-res-util-pool-c8m2,,2175,,pool,,2,,374,,420,,57,,1.0,,Cannot find cue top
sec6-res-util-pool-c8m2,,2177,,pool,,2,,373,,421,,60,,1.0,,Cannot find cue top
sec6-res-util-pool-c8m2,,2180,,pool,,2,,374,,453,,90,,1.0,,Cannot find cue bottom
sec6-res-util-pool-c8m2,,2184,,pool,,2,,373,,443,,80,,1.0,,Cannot find cue top
sec6-res-util-pool-c8m2,,2187,,pool,,2,,373,,416,,53,,1.0,,Cannot find cue top
sec6-res-util-pool-c8m2,,2189,,pool,,2,,376,,436,,73,,1.0,,Cannot find cue top
sec6-res-util-pool-c8m2,,2192,,pool,,2,,374,,452,,89,,1.0,,Cannot find cue top
