sec6-res-util-pool-c2m2,,382,,pool,,2,,608,,804,,523,,4.18819828307e-51,,Cannot find cue top
sec6-res-util-pool-c2m2,,398,,pool,,2,,472,,753,,484,,2.08015246016e-46,,Cannot find cue bottom
sec6-res-util-pool-c2m2,,413,,pool,,2,,455,,656,,378,,1.20716596653e-33,,Cannot find cue top
sec6-res-util-pool-c2m2,,425,,pool,,2,,449,,660,,381,,5.25449506076e-34,,Cannot find cue bottom
sec6-res-util-pool-c2m2,,438,,pool,,2,,528,,739,,485,,1.57646077237e-46,,Cannot find object ball
sec6-res-util-pool-c2m2,,453,,pool,,2,,526,,809,,480,,6.30584308946e-46,,Cannot find cue ball
sec6-res-util-pool-c2m2,,468,,pool,,2,,518,,806,,441,,3.13192311571e-41,,speech: left
sec6-res-util-pool-c2m2,,482,,pool,,2,,569,,848,,527,,1.3815901916e-51,,Cannot find object ball
sec6-res-util-pool-c2m2,,499,,pool,,2,,579,,811,,586,,1.08660411075e-58,,Cannot find object ball
sec6-res-util-pool-c2m2,,517,,pool,,2,,460,,748,,477,,1.44870231675e-45,,Cannot find object ball
sec6-res-util-pool-c2m2,,533,,pool,,2,,447,,665,,370,,1.10933564797e-32,,Cannot find object ball
sec6-res-util-pool-c2m2,,545,,pool,,2,,376,,579,,214,,6.7504806776e-14,,Cannot find object ball
sec6-res-util-pool-c2m2,,552,,pool,,2,,513,,737,,456,,4.89362986829e-43,,Cannot find object ball
sec6-res-util-pool-c2m2,,567,,pool,,2,,526,,725,,379,,9.14860726997e-34,,Cannot find cue ball
sec6-res-util-pool-c2m2,,579,,pool,,2,,407,,542,,177,,1.92565567698e-09,,Cannot find cue top
sec6-res-util-pool-c2m2,,585,,pool,,2,,376,,518,,152,,1.97187141323e-06,,Cannot find cue top
sec6-res-util-pool-c2m2,,591,,pool,,2,,376,,536,,172,,7.70262270791e-09,,Cannot find cue top
sec6-res-util-pool-c2m2,,597,,pool,,2,,509,,648,,397,,6.22212907207e-36,,Cannot find cue bottom
sec6-res-util-pool-c2m2,,610,,pool,,2,,411,,620,,277,,1.75137363565e-21,,Cannot find cue bottom
sec6-res-util-pool-c2m2,,623,,pool,,2,,556,,684,,360,,1.77493703675e-31,,Cannot find cue top
sec6-res-util-pool-c2m2,,634,,pool,,2,,579,,788,,484,,2.08015246016e-46,,Cannot find cue bottom
sec6-res-util-pool-c2m2,,660,,pool,,2,,430,,624,,356,,5.38060294222e-31,,Cannot find cue top
sec6-res-util-pool-c2m2,,671,,pool,,2,,376,,467,,102,,0.97599,,Cannot find cue top
sec6-res-util-pool-c2m2,,675,,pool,,2,,398,,533,,167,,3.08104908317e-08,,Cannot find cue top
sec6-res-util-pool-c2m2,,681,,pool,,2,,525,,707,,454,,8.52030447681e-43,,Cannot find cue top
sec6-res-util-pool-c2m2,,696,,pool,,2,,437,,656,,381,,5.25449506076e-34,,Cannot find cue bottom
sec6-res-util-pool-c2m2,,708,,pool,,2,,378,,618,,280,,7.62329652529e-22,,Cannot find cue ball
sec6-res-util-pool-c2m2,,717,,pool,,2,,411,,615,,279,,1.00590000713e-21,,Cannot find cue ball
sec6-res-util-pool-c2m2,,726,,pool,,2,,514,,732,,487,,9.05438947967e-47,,Cannot find cue bottom
sec6-res-util-pool-c2m2,,742,,pool,,2,,377,,520,,213,,8.90731265561e-14,,Cannot find cue bottom
sec6-res-util-pool-c2m2,,749,,pool,,2,,462,,741,,446,,7.82980778927e-42,,Cannot find cue bottom
sec6-res-util-pool-c2m2,,763,,pool,,2,,401,,679,,383,,3.01791491632e-34,,Cannot find cue bottom
sec6-res-util-pool-c2m2,,775,,pool,,2,,458,,681,,381,,5.25449506076e-34,,Cannot find cue bottom
sec6-res-util-pool-c2m2,,788,,pool,,2,,453,,671,,381,,5.25449506076e-34,,Cannot find cue bottom
sec6-res-util-pool-c2m2,,800,,pool,,2,,536,,751,,487,,9.05438947967e-47,,Cannot find cue bottom
sec6-res-util-pool-c2m2,,815,,pool,,2,,422,,625,,272,,7.0054945426e-21,,Cannot find object ball
sec6-res-util-pool-c2m2,,825,,pool,,2,,535,,724,,383,,3.01791491632e-34,,Cannot find cue top
sec6-res-util-pool-c2m2,,837,,pool,,2,,424,,636,,380,,6.93334779979e-34,,Cannot find cue bottom
sec6-res-util-pool-c2m2,,849,,pool,,2,,416,,622,,276,,2.31095136696e-21,,Cannot find cue bottom
sec6-res-util-pool-c2m2,,858,,pool,,2,,522,,720,,379,,9.14860726997e-34,,Cannot find cue bottom
sec6-res-util-pool-c2m2,,871,,pool,,2,,506,,680,,380,,6.93334779979e-34,,Cannot find cue top
sec6-res-util-pool-c2m2,,896,,pool,,2,,474,,662,,371,,8.40719209722e-33,,Cannot find cue top
sec6-res-util-pool-c2m2,,908,,pool,,2,,558,,758,,483,,2.74477762679e-46,,Cannot find cue top
sec6-res-util-pool-c2m2,,923,,pool,,2,,467,,740,,485,,1.57646077237e-46,,Cannot find cue bottom
sec6-res-util-pool-c2m2,,938,,pool,,2,,531,,666,,379,,9.14860726997e-34,,Cannot find cue top
sec6-res-util-pool-c2m2,,951,,pool,,2,,451,,640,,382,,3.98216260612e-34,,Cannot find cue top
sec6-res-util-pool-c2m2,,967,,pool,,2,,599,,807,,463,,7.02663072459e-44,,Cannot find cue top
sec6-res-util-pool-c2m2,,981,,pool,,2,,422,,630,,380,,6.93334779979e-34,,Cannot find cue top
sec6-res-util-pool-c2m2,,994,,pool,,2,,511,,699,,380,,6.93334779979e-34,,Cannot find cue top
sec6-res-util-pool-c2m2,,1006,,pool,,2,,572,,707,,379,,9.14860726997e-34,,Cannot find cue top
sec6-res-util-pool-c2m2,,1018,,pool,,2,,585,,700,,379,,9.14860726997e-34,,Cannot find cue top
sec6-res-util-pool-c2m2,,1030,,pool,,2,,377,,561,,195,,1.30967237055e-11,,Cannot find cue ball
sec6-res-util-pool-c2m2,,1037,,pool,,2,,440,,651,,361,,1.34515073556e-31,,Cannot find cue ball
sec6-res-util-pool-c2m2,,1049,,pool,,2,,563,,862,,586,,1.08660411075e-58,,Cannot find cue ball
sec6-res-util-pool-c2m2,,1067,,pool,,2,,547,,838,,486,,1.19473385456e-46,,Cannot find object ball
sec6-res-util-pool-c2m2,,1083,,pool,,2,,520,,726,,381,,5.25449506076e-34,,Cannot find cue ball
sec6-res-util-pool-c2m2,,1095,,pool,,2,,538,,813,,485,,1.57646077237e-46,,Cannot find object ball
sec6-res-util-pool-c2m2,,1110,,pool,,2,,499,,789,,480,,6.30584308946e-46,,Cannot find cue ball
sec6-res-util-pool-c2m2,,1126,,pool,,2,,479,,696,,380,,6.93334779979e-34,,Cannot find object ball
sec6-res-util-pool-c2m2,,1138,,pool,,2,,574,,808,,483,,2.74477762679e-46,,Cannot find cue ball
sec6-res-util-pool-c2m2,,1153,,pool,,2,,375,,586,,278,,1.32729301685e-21,,Cannot find cue ball
sec6-res-util-pool-c2m2,,1163,,pool,,2,,460,,653,,378,,1.20716596653e-33,,Cannot find cue top
sec6-res-util-pool-c2m2,,1175,,pool,,2,,439,,543,,177,,1.92565567698e-09,,Cannot find cue top
sec6-res-util-pool-c2m2,,1181,,pool,,2,,539,,641,,375,,2.77333911992e-33,,Cannot find cue top
sec6-res-util-pool-c2m2,,1193,,pool,,2,,544,,730,,376,,2.10179802431e-33,,Cannot find cue top
sec6-res-util-pool-c2m2,,1206,,pool,,2,,541,,755,,484,,2.08015246016e-46,,Cannot find cue bottom
sec6-res-util-pool-c2m2,,1221,,pool,,2,,527,,811,,481,,4.77893541826e-46,,Cannot find cue bottom
sec6-res-util-pool-c2m2,,1246,,pool,,2,,419,,692,,380,,6.93334779979e-34,,Cannot find cue bottom
sec6-res-util-pool-c2m2,,1258,,pool,,2,,566,,697,,366,,3.36287683889e-32,,Cannot find cue top
sec6-res-util-pool-c2m2,,1270,,pool,,2,,582,,769,,474,,3.32824393625e-45,,Cannot find cue top
sec6-res-util-pool-c2m2,,1285,,pool,,2,,485,,682,,382,,3.98216260612e-34,,Cannot find cue top
sec6-res-util-pool-c2m2,,1298,,pool,,2,,565,,766,,479,,8.32060984064e-46,,Cannot find cue bottom
sec6-res-util-pool-c2m2,,1313,,pool,,2,,442,,647,,380,,6.93334779979e-34,,Cannot find cue bottom
sec6-res-util-pool-c2m2,,1325,,pool,,2,,456,,655,,381,,5.25449506076e-34,,Cannot find cue bottom
sec6-res-util-pool-c2m2,,1348,,pool,,2,,492,,713,,456,,4.89362986829e-43,,Cannot find cue ball
sec6-res-util-pool-c2m2,,1362,,pool,,2,,510,,728,,380,,6.93334779979e-34,,Cannot find cue bottom
sec6-res-util-pool-c2m2,,1375,,pool,,2,,593,,809,,483,,2.74477762679e-46,,Cannot find cue ball
sec6-res-util-pool-c2m2,,1390,,pool,,2,,384,,601,,278,,1.32729301685e-21,,Cannot find object ball
sec6-res-util-pool-c2m2,,1399,,pool,,2,,475,,675,,380,,6.93334779979e-34,,Cannot find object ball
sec6-res-util-pool-c2m2,,1411,,pool,,2,,381,,574,,208,,3.56292506224e-13,,Cannot find object ball
sec6-res-util-pool-c2m2,,1419,,pool,,2,,377,,641,,352,,1.63109380347e-30,,Cannot find object ball
sec6-res-util-pool-c2m2,,1430,,pool,,2,,460,,751,,481,,4.77893541826e-46,,Cannot find object ball
sec6-res-util-pool-c2m2,,1445,,pool,,2,,461,,729,,380,,6.93334779979e-34,,Cannot find object ball
sec6-res-util-pool-c2m2,,1458,,pool,,2,,441,,621,,277,,1.75137363565e-21,,Cannot find cue bottom
sec6-res-util-pool-c2m2,,1467,,pool,,2,,535,,714,,382,,3.98216260612e-34,,Cannot find cue top
sec6-res-util-pool-c2m2,,1479,,pool,,2,,508,,637,,377,,1.59286504245e-33,,Cannot find cue top
sec6-res-util-pool-c2m2,,1491,,pool,,2,,431,,614,,278,,1.32729301685e-21,,Cannot find cue top
sec6-res-util-pool-c2m2,,1500,,pool,,2,,586,,795,,482,,3.62175579187e-46,,Cannot find cue bottom
sec6-res-util-pool-c2m2,,1527,,pool,,2,,543,,752,,434,,2.18119794606e-40,,Cannot find cue bottom
sec6-res-util-pool-c2m2,,1540,,pool,,2,,557,,763,,484,,2.08015246016e-46,,Cannot find cue ball
sec6-res-util-pool-c2m2,,1556,,pool,,2,,473,,744,,482,,3.62175579187e-46,,Cannot find cue bottom
sec6-res-util-pool-c2m2,,1571,,pool,,2,,529,,644,,378,,1.20716596653e-33,,Cannot find cue ball
sec6-res-util-pool-c2m2,,1583,,pool,,2,,428,,634,,379,,9.14860726997e-34,,Cannot find cue ball
sec6-res-util-pool-c2m2,,1606,,pool,,2,,592,,806,,462,,9.27169482718e-44,,Cannot find cue bottom
sec6-res-util-pool-c2m2,,1620,,pool,,2,,507,,692,,379,,9.14860726997e-34,,Cannot find cue bottom
sec6-res-util-pool-c2m2,,1640,,pool,,2,,453,,553,,187,,1.20353479811e-10,,Cannot find cue top
sec6-res-util-pool-c2m2,,1646,,pool,,2,,463,,666,,343,,1.97782071956e-29,,Cannot find cue ball
sec6-res-util-pool-c2m2,,1657,,pool,,2,,570,,768,,483,,2.74477762679e-46,,Cannot find cue top
sec6-res-util-pool-c2m2,,1672,,pool,,2,,385,,656,,377,,1.59286504245e-33,,Cannot find cue ball
sec6-res-util-pool-c2m2,,1685,,pool,,2,,442,,655,,380,,6.93334779979e-34,,Cannot find cue ball
sec6-res-util-pool-c2m2,,1697,,pool,,2,,437,,658,,380,,6.93334779979e-34,,Cannot find cue ball
sec6-res-util-pool-c2m2,,1709,,pool,,2,,451,,733,,380,,6.93334779979e-34,,Cannot find cue ball
sec6-res-util-pool-c2m2,,1722,,pool,,2,,528,,748,,479,,8.32060984064e-46,,Cannot find cue ball
sec6-res-util-pool-c2m2,,1737,,pool,,2,,441,,734,,482,,3.62175579187e-46,,speech: good
sec6-res-util-pool-c2m2,,1752,,pool,,2,,430,,710,,383,,3.01791491632e-34,,Cannot find cue ball
sec6-res-util-pool-c2m2,,1765,,pool,,2,,504,,711,,380,,6.93334779979e-34,,Cannot find cue ball
sec6-res-util-pool-c2m2,,1777,,pool,,2,,500,,781,,480,,6.30584308946e-46,,Cannot find cue ball
sec6-res-util-pool-c2m2,,1792,,pool,,2,,473,,699,,382,,3.98216260612e-34,,Cannot find cue ball
sec6-res-util-pool-c2m2,,1805,,pool,,2,,564,,851,,579,,7.56755056558e-58,,Cannot find object ball
sec6-res-util-pool-c2m2,,1823,,pool,,2,,377,,559,,194,,1.72812305347e-11,,Cannot find cue top
sec6-res-util-pool-c2m2,,1830,,pool,,2,,618,,748,,464,,5.32519029801e-44,,Cannot find cue top
sec6-res-util-pool-c2m2,,1845,,pool,,2,,523,,722,,379,,9.14860726997e-34,,Cannot find cue bottom
sec6-res-util-pool-c2m2,,1870,,pool,,2,,515,,717,,366,,3.36287683889e-32,,Cannot find cue bottom
sec6-res-util-pool-c2m2,,1881,,pool,,2,,599,,798,,482,,3.62175579187e-46,,Cannot find cue top
sec6-res-util-pool-c2m2,,1897,,pool,,2,,382,,597,,277,,1.75137363565e-21,,Cannot find cue bottom
sec6-res-util-pool-c2m2,,1906,,pool,,2,,388,,575,,209,,2.70019227104e-13,,Cannot find cue top
sec6-res-util-pool-c2m2,,1913,,pool,,2,,449,,648,,344,,1.49890781511e-29,,Cannot find cue top
sec6-res-util-pool-c2m2,,1924,,pool,,2,,400,,554,,188,,9.12108815935e-11,,Cannot find cue top
sec6-res-util-pool-c2m2,,1931,,pool,,2,,461,,652,,364,,5.85510865278e-32,,Cannot find cue top
sec6-res-util-pool-c2m2,,1953,,pool,,2,,439,,623,,366,,3.36287683889e-32,,Cannot find cue top
sec6-res-util-pool-c2m2,,1964,,pool,,2,,538,,728,,377,,1.59286504245e-33,,Cannot find cue top
sec6-res-util-pool-c2m2,,2000,,pool,,2,,471,,672,,335,,1.81753552563e-28,,Cannot find cue top
sec6-res-util-pool-c2m2,,2032,,pool,,2,,403,,595,,296,,9.02715377719e-24,,Cannot find cue top
sec6-res-util-pool-c2m2,,2041,,pool,,2,,487,,706,,483,,2.74477762679e-46,,Cannot find cue bottom
sec6-res-util-pool-c2m2,,2056,,pool,,2,,468,,681,,381,,5.25449506076e-34,,Cannot find cue bottom
sec6-res-util-pool-c2m2,,2069,,pool,,2,,444,,645,,378,,1.20716596653e-33,,Cannot find cue ball
sec6-res-util-pool-c2m2,,2083,,pool,,2,,417,,600,,334,,2.39825250418e-28,,Cannot find cue bottom
sec6-res-util-pool-c2m2,,2093,,pool,,2,,440,,631,,279,,1.00590000713e-21,,Cannot find cue top
sec6-res-util-pool-c2m2,,2103,,pool,,2,,427,,646,,382,,3.98216260612e-34,,speech: right
sec6-res-util-pool-c2m2,,2115,,pool,,2,,425,,708,,380,,6.93334779979e-34,,Cannot find cue ball
sec6-res-util-pool-c2m2,,2127,,pool,,2,,601,,820,,482,,3.62175579187e-46,,Cannot find cue ball
sec6-res-util-pool-c2m2,,2142,,pool,,2,,597,,821,,484,,2.08015246016e-46,,Cannot find object ball
sec6-res-util-pool-c2m2,,2158,,pool,,2,,582,,798,,485,,1.57646077237e-46,,speech: left
sec6-res-util-pool-c2m2,,2173,,pool,,2,,489,,691,,376,,2.10179802431e-33,,Cannot find cue top
sec6-res-util-pool-c2m2,,2186,,pool,,2,,559,,751,,481,,4.77893541826e-46,,Cannot find cue top
sec6-res-util-pool-c2m2,,2215,,pool,,2,,596,,712,,440,,4.13259732711e-41,,Cannot find cue top
sec6-res-util-pool-c2m2,,2229,,pool,,2,,379,,517,,152,,1.97187141323e-06,,Cannot find cue bottom
sec6-res-util-pool-c2m2,,2234,,pool,,2,,378,,540,,174,,4.42399501687e-09,,Cannot find cue top
sec6-res-util-pool-c2m2,,2240,,pool,,2,,377,,537,,172,,7.70262270791e-09,,Cannot find cue top
sec6-res-util-pool-c2m2,,2246,,pool,,2,,476,,662,,309,,2.45581056428e-25,,Cannot find cue top
sec6-res-util-pool-c2m2,,2270,,pool,,2,,383,,570,,204,,1.08007690842e-12,,Cannot find cue bottom
sec6-res-util-pool-c2m2,,2277,,pool,,2,,378,,560,,316,,3.52623194421e-26,,Cannot find cue bottom
sec6-res-util-pool-c2m2,,2287,,pool,,2,,482,,679,,367,,2.54858406792e-32,,Cannot find cue ball
sec6-res-util-pool-c2m2,,2312,,pool,,2,,383,,584,,218,,2.2268281639e-14,,Cannot find cue ball
sec6-res-util-pool-c2m2,,2319,,pool,,2,,539,,812,,542,,2.15873467437e-53,,Cannot find cue ball
sec6-res-util-pool-c2m2,,2336,,pool,,2,,441,,665,,382,,3.98216260612e-34,,Cannot find cue ball
sec6-res-util-pool-c2m2,,2348,,pool,,2,,548,,827,,480,,6.30584308946e-46,,Cannot find cue bottom
sec6-res-util-pool-c2m2,,2364,,pool,,2,,614,,824,,482,,3.62175579187e-46,,Cannot find cue bottom
sec6-res-util-pool-c2m2,,2379,,pool,,2,,509,,711,,380,,6.93334779979e-34,,Cannot find cue bottom
sec6-res-util-pool-c2m2,,2391,,pool,,2,,514,,797,,482,,3.62175579187e-46,,Cannot find cue bottom
sec6-res-util-pool-c2m2,,2407,,pool,,2,,498,,784,,484,,2.08015246016e-46,,Cannot find cue bottom
sec6-res-util-pool-c2m2,,2422,,pool,,2,,491,,775,,481,,4.77893541826e-46,,Cannot find cue bottom
sec6-res-util-pool-c2m2,,2437,,pool,,2,,475,,756,,480,,6.30584308946e-46,,Cannot find cue bottom
sec6-res-util-pool-c2m2,,2453,,pool,,2,,377,,575,,380,,6.93334779979e-34,,Cannot find cue bottom
sec6-res-util-pool-c2m2,,2465,,pool,,2,,375,,482,,117,,0.0323071412343,,Cannot find cue top
sec6-res-util-pool-c2m2,,2469,,pool,,2,,585,,712,,437,,9.49421550303e-41,,Cannot find cue top
sec6-res-util-pool-c2m2,,2484,,pool,,2,,377,,522,,156,,6.50474982195e-07,,Cannot find cue bottom
sec6-res-util-pool-c2m2,,2489,,pool,,2,,375,,551,,185,,2.09547579288e-10,,Cannot find cue bottom
sec6-res-util-pool-c2m2,,2496,,pool,,2,,384,,620,,285,,1.90582413132e-22,,Cannot find cue ball
sec6-res-util-pool-c2m2,,2505,,pool,,2,,400,,607,,277,,1.75137363565e-21,,Cannot find cue bottom
sec6-res-util-pool-c2m2,,2514,,pool,,2,,499,,709,,378,,1.20716596653e-33,,Cannot find cue bottom
sec6-res-util-pool-c2m2,,2527,,pool,,2,,377,,430,,65,,1.0,,Cannot find cue bottom
sec6-res-util-pool-c2m2,,2529,,pool,,2,,424,,608,,287,,1.09460852228e-22,,Cannot find cue bottom
sec6-res-util-pool-c2m2,,2539,,pool,,2,,390,,580,,214,,6.7504806776e-14,,Cannot find cue bottom
sec6-res-util-pool-c2m2,,2546,,pool,,2,,377,,486,,240,,4.99600361081e-17,,Cannot find cue bottom
sec6-res-util-pool-c2m2,,2554,,pool,,2,,381,,590,,280,,7.62329652529e-22,,Cannot find cue bottom
sec6-res-util-pool-c2m2,,2563,,pool,,2,,562,,768,,481,,4.77893541826e-46,,Cannot find cue ball
sec6-res-util-pool-c2m2,,2587,,pool,,2,,502,,716,,429,,8.72479178426e-40,,Cannot find cue bottom
sec6-res-util-pool-c2m2,,2600,,pool,,2,,426,,553,,187,,1.20353479811e-10,,Cannot find cue ball
sec6-res-util-pool-c2m2,,2607,,pool,,2,,544,,820,,467,,2.31792370679e-44,,Cannot find cue bottom
sec6-res-util-pool-c2m2,,2637,,pool,,2,,383,,551,,186,,1.588073687e-10,,Cannot find cue top
sec6-res-util-pool-c2m2,,2652,,pool,,2,,443,,641,,311,,1.41049277769e-25,,Cannot find cue top
sec6-res-util-pool-c2m2,,2662,,pool,,2,,582,,716,,482,,3.62175579187e-46,,Cannot find cue top
sec6-res-util-pool-c2m2,,2677,,pool,,2,,392,,506,,199,,4.32030763366e-12,,Cannot find cue top
sec6-res-util-pool-c2m2,,2684,,pool,,2,,470,,658,,356,,5.38060294222e-31,,Cannot find cue top
sec6-res-util-pool-c2m2,,2695,,pool,,2,,474,,657,,379,,9.14860726997e-34,,Cannot find cue top
sec6-res-util-pool-c2m2,,2708,,pool,,2,,377,,565,,199,,4.32030763366e-12,,Cannot find cue ball
sec6-res-util-pool-c2m2,,2715,,pool,,2,,524,,733,,458,,2.81065228984e-43,,Cannot find cue ball
sec6-res-util-pool-c2m2,,2729,,pool,,2,,532,,659,,376,,2.10179802431e-33,,Cannot find cue top
sec6-res-util-pool-c2m2,,2742,,pool,,2,,517,,720,,381,,5.25449506076e-34,,Cannot find cue bottom
sec6-res-util-pool-c2m2,,2754,,pool,,2,,519,,733,,379,,9.14860726997e-34,,Cannot find cue ball
sec6-res-util-pool-c2m2,,2766,,pool,,2,,417,,640,,381,,5.25449506076e-34,,Cannot find object ball
sec6-res-util-pool-c2m2,,2778,,pool,,2,,415,,637,,392,,2.48885162883e-35,,Cannot find object ball
sec6-res-util-pool-c2m2,,2791,,pool,,2,,502,,719,,381,,5.25449506076e-34,,Cannot find object ball
sec6-res-util-pool-c2m2,,2803,,pool,,2,,591,,879,,586,,1.08660411075e-58,,speech: left
sec6-res-util-pool-c2m2,,2821,,pool,,2,,557,,768,,486,,1.19473385456e-46,,Cannot find object ball
sec6-res-util-pool-c2m2,,2837,,pool,,2,,444,,744,,483,,2.74477762679e-46,,speech: left
sec6-res-util-pool-c2m2,,2852,,pool,,2,,444,,664,,378,,1.20716596653e-33,,Cannot find object ball
sec6-res-util-pool-c2m2,,2864,,pool,,2,,544,,834,,484,,2.08015246016e-46,,speech: left
sec6-res-util-pool-c2m2,,2880,,pool,,2,,535,,739,,483,,2.74477762679e-46,,Cannot find cue top
sec6-res-util-pool-c2m2,,2895,,pool,,2,,520,,706,,379,,9.14860726997e-34,,Cannot find cue top
sec6-res-util-pool-c2m2,,2907,,pool,,2,,507,,717,,351,,2.15224117689e-30,,Cannot find cue bottom
sec6-res-util-pool-c2m2,,2919,,pool,,2,,424,,625,,306,,5.64197111074e-25,,Cannot find cue bottom
sec6-res-util-pool-c2m2,,2929,,pool,,2,,580,,711,,485,,1.57646077237e-46,,Cannot find cue top
sec6-res-util-pool-c2m2,,2944,,pool,,2,,468,,664,,384,,2.28715181749e-34,,Cannot find cue top
sec6-res-util-pool-c2m2,,2962,,pool,,2,,377,,508,,142,,3.15499426116e-05,,Cannot find cue top
sec6-res-util-pool-c2m2,,2967,,pool,,2,,377,,518,,152,,1.97187141323e-06,,Cannot find cue top
sec6-res-util-pool-c2m2,,2972,,pool,,2,,377,,538,,172,,7.70262270791e-09,,Cannot find cue top
sec6-res-util-pool-c2m2,,2978,,pool,,2,,457,,644,,385,,1.73333694995e-34,,Cannot find cue top
sec6-res-util-pool-c2m2,,2990,,pool,,2,,437,,548,,183,,3.64843526374e-10,,Cannot find cue top
sec6-res-util-pool-c2m2,,2997,,pool,,2,,419,,545,,184,,2.76499688554e-10,,Cannot find cue top
sec6-res-util-pool-c2m2,,3003,,pool,,2,,401,,532,,259,,2.57510401825e-19,,Cannot find cue bottom
sec6-res-util-pool-c2m2,,3014,,pool,,2,,382,,580,,215,,5.11590769747e-14,,Cannot find cue bottom
sec6-res-util-pool-c2m2,,3021,,pool,,2,,616,,835,,488,,6.86194406698e-47,,Cannot find cue bottom
sec6-res-util-pool-c2m2,,3036,,pool,,2,,603,,889,,580,,5.73513088008e-58,,Cannot find cue ball
sec6-res-util-pool-c2m2,,3055,,pool,,2,,508,,791,,482,,3.62175579187e-46,,Cannot find object ball
sec6-res-util-pool-c2m2,,3070,,pool,,2,,558,,775,,480,,6.30584308946e-46,,Cannot find object ball
sec6-res-util-pool-c2m2,,3086,,pool,,2,,475,,759,,483,,2.74477762679e-46,,Cannot find object ball
sec6-res-util-pool-c2m2,,3101,,pool,,2,,451,,655,,380,,6.93334779979e-34,,Cannot find cue bottom
sec6-res-util-pool-c2m2,,3113,,pool,,2,,443,,563,,278,,1.32729301685e-21,,Cannot find cue top
sec6-res-util-pool-c2m2,,3122,,pool,,2,,443,,553,,187,,1.20353479811e-10,,Cannot find cue bottom
sec6-res-util-pool-c2m2,,3129,,pool,,2,,407,,530,,266,,3.69752218714e-20,,Cannot find cue top
sec6-res-util-pool-c2m2,,3138,,pool,,2,,378,,538,,172,,7.70262270791e-09,,Cannot find cue bottom
sec6-res-util-pool-c2m2,,3144,,pool,,2,,419,,624,,283,,3.31823254213e-22,,Cannot find cue bottom
sec6-res-util-pool-c2m2,,3182,,pool,,2,,383,,573,,208,,3.56292506224e-13,,Cannot find object ball
sec6-res-util-pool-c2m2,,3189,,pool,,2,,517,,728,,430,,6.61215572338e-40,,Cannot find cue bottom
sec6-res-util-pool-c2m2,,3223,,pool,,2,,412,,615,,324,,3.83720400669e-27,,Cannot find cue bottom
sec6-res-util-pool-c2m2,,3233,,pool,,2,,457,,668,,380,,6.93334779979e-34,,Cannot find cue bottom
sec6-res-util-pool-c2m2,,3254,,pool,,2,,457,,653,,310,,1.86115637824e-25,,Cannot find cue top
sec6-res-util-pool-c2m2,,3264,,pool,,2,,511,,649,,380,,6.93334779979e-34,,Cannot find cue top
sec6-res-util-pool-c2m2,,3276,,pool,,2,,499,,635,,270,,1.21972744405e-20,,Cannot find cue top
sec6-res-util-pool-c2m2,,3285,,pool,,2,,612,,814,,489,,5.2003811504e-47,,Cannot find cue top
sec6-res-util-pool-c2m2,,3301,,pool,,2,,501,,691,,375,,2.77333911992e-33,,Cannot find cue top
sec6-res-util-pool-c2m2,,3313,,pool,,2,,571,,790,,483,,2.74477762679e-46,,Cannot find cue bottom
sec6-res-util-pool-c2m2,,3328,,pool,,2,,380,,583,,278,,1.32729301685e-21,,Cannot find cue bottom
sec6-res-util-pool-c2m2,,3338,,pool,,2,,472,,675,,379,,9.14860726997e-34,,Cannot find cue bottom
sec6-res-util-pool-c2m2,,3350,,pool,,2,,542,,762,,480,,6.30584308946e-46,,Cannot find cue bottom
sec6-res-util-pool-c2m2,,3365,,pool,,2,,378,,544,,178,,1.4593741055e-09,,Cannot find cue bottom
sec6-res-util-pool-c2m2,,3371,,pool,,2,,539,,749,,480,,6.30584308946e-46,,Cannot find cue bottom
sec6-res-util-pool-c2m2,,3387,,pool,,2,,445,,711,,379,,9.14860726997e-34,,Cannot find cue bottom
sec6-res-util-pool-c2m2,,3399,,pool,,2,,425,,704,,379,,9.14860726997e-34,,Cannot find cue bottom
sec6-res-util-pool-c2m2,,3411,,pool,,2,,419,,698,,379,,9.14860726997e-34,,Cannot find cue bottom
sec6-res-util-pool-c2m2,,3424,,pool,,2,,490,,604,,280,,7.62329652529e-22,,Cannot find cue bottom
sec6-res-util-pool-c2m2,,3433,,pool,,2,,421,,588,,223,,5.56707040976e-15,,Cannot find cue top
sec6-res-util-pool-c2m2,,3440,,pool,,2,,516,,646,,320,,1.1632227364e-26,,Cannot find cue top
sec6-res-util-pool-c2m2,,3473,,pool,,2,,385,,553,,187,,1.20353479811e-10,,Cannot find cue top
sec6-res-util-pool-c2m2,,3479,,pool,,2,,547,,736,,478,,1.09791105072e-45,,Cannot find cue top
sec6-res-util-pool-c2m2,,3494,,pool,,2,,452,,644,,380,,6.93334779979e-34,,Cannot find cue top
sec6-res-util-pool-c2m2,,3509,,pool,,2,,378,,563,,197,,7.5220924882e-12,,Cannot find cue top
sec6-res-util-pool-c2m2,,3515,,pool,,2,,552,,757,,495,,9.85287982728e-48,,Cannot find cue top
sec6-res-util-pool-c2m2,,3538,,pool,,2,,500,,706,,370,,1.10933564797e-32,,Cannot find cue top
sec6-res-util-pool-c2m2,,3549,,pool,,2,,585,,786,,484,,2.08015246016e-46,,Cannot find cue top
sec6-res-util-pool-c2m2,,3565,,pool,,2,,489,,698,,374,,3.65944290799e-33,,Cannot find cue bottom
sec6-res-util-pool-c2m2,,3580,,pool,,2,,378,,503,,137,,0.000126199770446,,Cannot find cue ball
sec6-res-util-pool-c2m2,,3584,,pool,,2,,377,,534,,168,,2.33499856879e-08,,Cannot find cue bottom
sec6-res-util-pool-c2m2,,3590,,pool,,2,,539,,825,,552,,1.34920917148e-54,,speech: left
sec6-res-util-pool-c2m2,,3608,,pool,,2,,380,,577,,380,,6.93334779979e-34,,Cannot find cue bottom
sec6-res-util-pool-c2m2,,3620,,pool,,2,,457,,742,,481,,4.77893541826e-46,,Cannot find cue bottom
sec6-res-util-pool-c2m2,,3636,,pool,,2,,417,,575,,279,,1.00590000713e-21,,Cannot find cue bottom
sec6-res-util-pool-c2m2,,3645,,pool,,2,,525,,808,,476,,1.9115741673e-45,,Cannot find cue bottom
sec6-res-util-pool-c2m2,,3660,,pool,,2,,376,,515,,148,,5.97759633611e-06,,Cannot find cue bottom
sec6-res-util-pool-c2m2,,3665,,pool,,2,,620,,732,,407,,3.88883067004e-37,,Cannot find cue top
sec6-res-util-pool-c2m2,,3679,,pool,,2,,513,,704,,376,,2.10179802431e-33,,Cannot find cue top
sec6-res-util-pool-c2m2,,3691,,pool,,2,,584,,782,,480,,6.30584308946e-46,,Cannot find cue bottom
sec6-res-util-pool-c2m2,,3706,,pool,,2,,484,,696,,377,,1.59286504245e-33,,Cannot find cue bottom
sec6-res-util-pool-c2m2,,3718,,pool,,2,,378,,568,,202,,1.88052312205e-12,,Cannot find cue bottom
sec6-res-util-pool-c2m2,,3725,,pool,,2,,377,,544,,249,,4.1201664292e-18,,Cannot find cue bottom
sec6-res-util-pool-c2m2,,3734,,pool,,2,,476,,739,,481,,4.77893541826e-46,,Cannot find cue bottom
sec6-res-util-pool-c2m2,,3749,,pool,,2,,441,,650,,381,,5.25449506076e-34,,Cannot find cue bottom
sec6-res-util-pool-c2m2,,3765,,pool,,2,,419,,564,,278,,1.32729301685e-21,,Cannot find cue bottom
sec6-res-util-pool-c2m2,,3774,,pool,,2,,517,,721,,368,,1.93146554644e-32,,Cannot find cue bottom
sec6-res-util-pool-c2m2,,3786,,pool,,2,,598,,798,,480,,6.30584308946e-46,,Cannot find cue top
sec6-res-util-pool-c2m2,,3801,,pool,,2,,378,,488,,122,,0.00807678530857,,Cannot find cue bottom
sec6-res-util-pool-c2m2,,3817,,pool,,2,,406,,616,,285,,1.90582413132e-22,,Cannot find cue bottom
sec6-res-util-pool-c2m2,,3826,,pool,,2,,500,,704,,381,,5.25449506076e-34,,Cannot find cue bottom
sec6-res-util-pool-c2m2,,3838,,pool,,2,,400,,587,,277,,1.75137363565e-21,,Cannot find cue ball
sec6-res-util-pool-c2m2,,3847,,pool,,2,,467,,678,,381,,5.25449506076e-34,,Cannot find object ball
sec6-res-util-pool-c2m2,,3860,,pool,,2,,555,,853,,587,,8.23491925955e-59,,Cannot find object ball
sec6-res-util-pool-c2m2,,3878,,pool,,2,,433,,662,,383,,3.01791491632e-34,,Cannot find object ball
sec6-res-util-pool-c2m2,,3891,,pool,,2,,428,,722,,380,,6.93334779979e-34,,speech: left
sec6-res-util-pool-c2m2,,3903,,pool,,2,,534,,743,,485,,1.57646077237e-46,,Cannot find cue bottom
sec6-res-util-pool-c2m2,,3918,,pool,,2,,431,,628,,280,,7.62329652529e-22,,Cannot find cue bottom
sec6-res-util-pool-c2m2,,3927,,pool,,2,,610,,795,,480,,6.30584308946e-46,,Cannot find cue top
sec6-res-util-pool-c2m2,,3943,,pool,,2,,583,,794,,482,,3.62175579187e-46,,Cannot find cue bottom
sec6-res-util-pool-c2m2,,3958,,pool,,2,,549,,689,,465,,4.03573957726e-44,,Cannot find cue top
sec6-res-util-pool-c2m2,,3973,,pool,,2,,481,,677,,380,,6.93334779979e-34,,Cannot find cue top
sec6-res-util-pool-c2m2,,3986,,pool,,2,,543,,670,,379,,9.14860726997e-34,,Cannot find cue top
sec6-res-util-pool-c2m2,,3998,,pool,,2,,378,,558,,192,,3.00883699528e-11,,Cannot find cue top
sec6-res-util-pool-c2m2,,4005,,pool,,2,,378,,540,,174,,4.42399501687e-09,,Cannot find cue top
sec6-res-util-pool-c2m2,,4011,,pool,,2,,516,,711,,365,,4.43734259187e-32,,Cannot find cue top
sec6-res-util-pool-c2m2,,4023,,pool,,2,,511,,621,,263,,8.49467530786e-20,,Cannot find cue top
sec6-res-util-pool-c2m2,,4032,,pool,,2,,436,,624,,368,,1.93146554644e-32,,Cannot find cue top
sec6-res-util-pool-c2m2,,4044,,pool,,2,,421,,705,,380,,6.93334779979e-34,,Cannot find cue bottom
sec6-res-util-pool-c2m2,,4056,,pool,,2,,591,,730,,382,,3.98216260612e-34,,Cannot find cue top
sec6-res-util-pool-c2m2,,4079,,pool,,2,,559,,764,,461,,1.22340746707e-43,,Cannot find cue bottom
sec6-res-util-pool-c2m2,,4093,,pool,,2,,485,,686,,382,,3.98216260612e-34,,Cannot find cue top
sec6-res-util-pool-c2m2,,4106,,pool,,2,,479,,665,,378,,1.20716596653e-33,,Cannot find cue top
sec6-res-util-pool-c2m2,,4118,,pool,,2,,470,,670,,380,,6.93334779979e-34,,Cannot find cue top
sec6-res-util-pool-c2m2,,4130,,pool,,2,,461,,644,,371,,8.40719209722e-33,,Cannot find cue top
sec6-res-util-pool-c2m2,,4142,,pool,,2,,508,,648,,366,,3.36287683889e-32,,Cannot find cue top
sec6-res-util-pool-c2m2,,6,,pool,,2,,542,,816,,481,,4.77893541826e-46,,Cannot find cue bottom
sec6-res-util-pool-c2m2,,21,,pool,,2,,418,,643,,380,,6.93334779979e-34,,Cannot find cue bottom
sec6-res-util-pool-c2m2,,33,,pool,,2,,377,,513,,147,,7.8874856529e-06,,Cannot find cue bottom
sec6-res-util-pool-c2m2,,39,,pool,,2,,548,,820,,512,,8.84217722624e-50,,Cannot find cue bottom
sec6-res-util-pool-c2m2,,55,,pool,,2,,570,,711,,479,,8.32060984064e-46,,Cannot find cue bottom
sec6-res-util-pool-c2m2,,70,,pool,,2,,484,,769,,482,,3.62175579187e-46,,Cannot find cue bottom
sec6-res-util-pool-c2m2,,86,,pool,,2,,553,,760,,482,,3.62175579187e-46,,Cannot find cue bottom
sec6-res-util-pool-c2m2,,101,,pool,,2,,454,,593,,278,,1.32729301685e-21,,Cannot find cue bottom
sec6-res-util-pool-c2m2,,110,,pool,,2,,431,,650,,376,,2.10179802431e-33,,Cannot find cue bottom
sec6-res-util-pool-c2m2,,122,,pool,,2,,448,,729,,380,,6.93334779979e-34,,Cannot find cue bottom
sec6-res-util-pool-c2m2,,135,,pool,,2,,517,,738,,382,,3.98216260612e-34,,Cannot find cue bottom
sec6-res-util-pool-c2m2,,147,,pool,,2,,615,,908,,585,,1.43378272002e-58,,Cannot find cue bottom
sec6-res-util-pool-c2m2,,165,,pool,,2,,582,,807,,477,,1.44870231675e-45,,Cannot find cue bottom
sec6-res-util-pool-c2m2,,181,,pool,,2,,478,,607,,279,,1.00590000713e-21,,Cannot find cue bottom
sec6-res-util-pool-c2m2,,190,,pool,,2,,485,,687,,378,,1.20716596653e-33,,Cannot find cue bottom
sec6-res-util-pool-c2m2,,202,,pool,,2,,494,,774,,483,,2.74477762679e-46,,speech: right
sec6-res-util-pool-c2m2,,218,,pool,,2,,561,,755,,484,,2.08015246016e-46,,Cannot find cue top
sec6-res-util-pool-c2m2,,233,,pool,,2,,538,,743,,480,,6.30584308946e-46,,Cannot find cue bottom
sec6-res-util-pool-c2m2,,248,,pool,,2,,530,,738,,380,,6.93334779979e-34,,Cannot find cue bottom
sec6-res-util-pool-c2m2,,261,,pool,,2,,527,,722,,377,,1.59286504245e-33,,Cannot find cue top
sec6-res-util-pool-c2m2,,273,,pool,,2,,517,,707,,380,,6.93334779979e-34,,Cannot find cue top
sec6-res-util-pool-c2m2,,285,,pool,,2,,418,,633,,379,,9.14860726997e-34,,Cannot find cue bottom
sec6-res-util-pool-c2m2,,298,,pool,,2,,379,,519,,153,,1.49439908403e-06,,Cannot find cue bottom
sec6-res-util-pool-c2m2,,303,,pool,,2,,427,,635,,404,,8.93418678708e-37,,Cannot find cue bottom
sec6-res-util-pool-c2m2,,316,,pool,,2,,494,,772,,406,,5.13134283278e-37,,Cannot find cue bottom
sec6-res-util-pool-c2m2,,329,,pool,,2,,464,,649,,354,,9.36817384445e-31,,Cannot find object ball
sec6-res-util-pool-c2m2,,341,,pool,,2,,377,,558,,192,,3.00883699528e-11,,Cannot find cue bottom
sec6-res-util-pool-c2m2,,347,,pool,,2,,443,,637,,361,,1.34515073556e-31,,Cannot find cue top
sec6-res-util-pool-c2m2,,359,,pool,,2,,445,,648,,379,,9.14860726997e-34,,Cannot find cue top
sec6-res-util-pool-c2m2,,371,,pool,,2,,467,,737,,382,,3.98216260612e-34,,Cannot find cue bottom
sec6-res-util-pool-c2m2,,384,,pool,,2,,552,,749,,482,,3.62175579187e-46,,Cannot find cue top
sec6-res-util-pool-c2m2,,399,,pool,,2,,531,,731,,381,,5.25449506076e-34,,Cannot find cue top
sec6-res-util-pool-c2m2,,411,,pool,,2,,610,,816,,479,,8.32060984064e-46,,Cannot find cue top
sec6-res-util-pool-c2m2,,427,,pool,,2,,483,,696,,382,,3.98216260612e-34,,Cannot find cue bottom
sec6-res-util-pool-c2m2,,439,,pool,,2,,477,,688,,378,,1.20716596653e-33,,Cannot find object ball
sec6-res-util-pool-c2m2,,451,,pool,,2,,476,,685,,379,,9.14860726997e-34,,Cannot find cue ball
sec6-res-util-pool-c2m2,,463,,pool,,2,,485,,763,,485,,1.57646077237e-46,,Cannot find cue ball
sec6-res-util-pool-c2m2,,479,,pool,,2,,454,,572,,207,,4.70130780512e-13,,Cannot find object ball
sec6-res-util-pool-c2m2,,486,,pool,,2,,424,,636,,344,,1.49890781511e-29,,Cannot find object ball
sec6-res-util-pool-c2m2,,497,,pool,,2,,434,,653,,381,,5.25449506076e-34,,Cannot find object ball
sec6-res-util-pool-c2m2,,510,,pool,,2,,377,,549,,183,,3.64843526374e-10,,Cannot find cue ball
sec6-res-util-pool-c2m2,,516,,pool,,2,,519,,728,,473,,4.39164420287e-45,,Cannot find object ball
sec6-res-util-pool-c2m2,,531,,pool,,2,,377,,528,,162,,1.23241963327e-07,,Cannot find object ball
sec6-res-util-pool-c2m2,,544,,pool,,2,,414,,620,,287,,1.09460852228e-22,,Cannot find object ball
sec6-res-util-pool-c2m2,,553,,pool,,2,,490,,687,,373,,4.82866386611e-33,,Cannot find object ball
sec6-res-util-pool-c2m2,,565,,pool,,2,,384,,597,,280,,7.62329652529e-22,,Cannot find object ball
sec6-res-util-pool-c2m2,,574,,pool,,2,,377,,480,,114,,0.074222319981,,Cannot find cue ball
sec6-res-util-pool-c2m2,,578,,pool,,2,,539,,728,,442,,2.37355387576e-41,,Cannot find cue top
sec6-res-util-pool-c2m2,,592,,pool,,2,,484,,679,,378,,1.20716596653e-33,,Cannot find cue top
sec6-res-util-pool-c2m2,,605,,pool,,2,,457,,650,,382,,3.98216260612e-34,,Cannot find cue bottom
sec6-res-util-pool-c2m2,,623,,pool,,2,,376,,495,,129,,0.0011597237497,,Cannot find cue top
sec6-res-util-pool-c2m2,,627,,pool,,2,,536,,642,,361,,1.34515073556e-31,,Cannot find cue top
sec6-res-util-pool-c2m2,,638,,pool,,2,,431,,554,,277,,1.75137363565e-21,,Cannot find cue bottom
sec6-res-util-pool-c2m2,,660,,pool,,2,,386,,540,,174,,4.42399501687e-09,,Cannot find cue top
sec6-res-util-pool-c2m2,,666,,pool,,2,,530,,715,,348,,4.9445517989e-30,,Cannot find cue top
sec6-res-util-pool-c2m2,,677,,pool,,2,,572,,766,,400,,2.70833898429e-36,,Cannot find cue top
sec6-res-util-pool-c2m2,,691,,pool,,2,,508,,712,,345,,1.13595970352e-29,,Cannot find cue bottom
sec6-res-util-pool-c2m2,,701,,pool,,2,,378,,468,,103,,0.95904,,Cannot find cue bottom
sec6-res-util-pool-c2m2,,705,,pool,,2,,376,,485,,119,,0.0185555799952,,Cannot find cue bottom
sec6-res-util-pool-c2m2,,710,,pool,,2,,538,,744,,378,,1.20716596653e-33,,Cannot find cue ball
sec6-res-util-pool-c2m2,,722,,pool,,2,,437,,642,,276,,2.31095136696e-21,,Cannot find cue bottom
sec6-res-util-pool-c2m2,,732,,pool,,2,,375,,629,,263,,8.49467530786e-20,,Cannot find cue bottom
sec6-res-util-pool-c2m2,,740,,pool,,2,,621,,843,,570,,9.17620940812e-57,,Cannot find cue bottom
sec6-res-util-pool-c2m2,,758,,pool,,2,,455,,723,,379,,9.14860726997e-34,,Cannot find cue bottom
sec6-res-util-pool-c2m2,,771,,pool,,2,,525,,718,,380,,6.93334779979e-34,,Cannot find cue bottom
sec6-res-util-pool-c2m2,,783,,pool,,2,,437,,616,,275,,3.04931861012e-21,,Cannot find cue bottom
sec6-res-util-pool-c2m2,,792,,pool,,2,,440,,705,,382,,3.98216260612e-34,,Cannot find cue bottom
sec6-res-util-pool-c2m2,,805,,pool,,2,,600,,803,,480,,6.30584308946e-46,,Cannot find cue bottom
sec6-res-util-pool-c2m2,,820,,pool,,2,,579,,707,,380,,6.93334779979e-34,,Cannot find cue ball
sec6-res-util-pool-c2m2,,832,,pool,,2,,577,,772,,482,,3.62175579187e-46,,Cannot find cue top
sec6-res-util-pool-c2m2,,847,,pool,,2,,459,,665,,380,,6.93334779979e-34,,Cannot find cue bottom
sec6-res-util-pool-c2m2,,860,,pool,,2,,463,,667,,380,,6.93334779979e-34,,Cannot find cue bottom
sec6-res-util-pool-c2m2,,872,,pool,,2,,458,,660,,380,,6.93334779979e-34,,Cannot find cue top
sec6-res-util-pool-c2m2,,896,,pool,,2,,460,,652,,286,,1.44434460435e-22,,Cannot find cue top
sec6-res-util-pool-c2m2,,905,,pool,,2,,545,,752,,405,,6.77084746074e-37,,Cannot find cue top
sec6-res-util-pool-c2m2,,918,,pool,,2,,522,,801,,482,,3.62175579187e-46,,Cannot find cue bottom
sec6-res-util-pool-c2m2,,933,,pool,,2,,399,,487,,120,,0.0140625,,Cannot find cue top
sec6-res-util-pool-c2m2,,938,,pool,,2,,444,,570,,204,,1.08007690842e-12,,Cannot find cue top
sec6-res-util-pool-c2m2,,945,,pool,,2,,520,,727,,403,,1.17887301419e-36,,Cannot find cue bottom
sec6-res-util-pool-c2m2,,958,,pool,,2,,495,,694,,380,,6.93334779979e-34,,Cannot find cue top
sec6-res-util-pool-c2m2,,970,,pool,,2,,459,,666,,380,,6.93334779979e-34,,Cannot find cue top
sec6-res-util-pool-c2m2,,983,,pool,,2,,385,,586,,380,,6.93334779979e-34,,Cannot find cue top
sec6-res-util-pool-c2m2,,995,,pool,,2,,467,,672,,378,,1.20716596653e-33,,Cannot find cue top
sec6-res-util-pool-c2m2,,1007,,pool,,2,,538,,736,,380,,6.93334779979e-34,,Cannot find cue top
sec6-res-util-pool-c2m2,,1019,,pool,,2,,550,,753,,480,,6.30584308946e-46,,Cannot find cue top
sec6-res-util-pool-c2m2,,1035,,pool,,2,,525,,744,,397,,6.22212907207e-36,,Cannot find cue ball
sec6-res-util-pool-c2m2,,1047,,pool,,2,,514,,808,,480,,6.30584308946e-46,,speech: good
sec6-res-util-pool-c2m2,,1062,,pool,,2,,512,,792,,483,,2.74477762679e-46,,Cannot find cue ball
sec6-res-util-pool-c2m2,,1078,,pool,,2,,476,,606,,275,,3.04931861012e-21,,Cannot find object ball
sec6-res-util-pool-c2m2,,1087,,pool,,2,,470,,686,,379,,9.14860726997e-34,,Cannot find cue ball
sec6-res-util-pool-c2m2,,1099,,pool,,2,,561,,791,,425,,2.64486228935e-39,,Cannot find cue ball
sec6-res-util-pool-c2m2,,1113,,pool,,2,,626,,907,,640,,3.41840438847e-65,,Cannot find object ball
sec6-res-util-pool-c2m2,,1133,,pool,,2,,480,,760,,500,,2.46321995682e-48,,Cannot find cue ball
sec6-res-util-pool-c2m2,,1148,,pool,,2,,463,,730,,380,,6.93334779979e-34,,Cannot find cue ball
