sec6-res-util-pool-c4m2,,173,,pool,,1,,538,,645,,158,,3.73599771007e-07,,Cannot find cue bottom
sec6-res-util-pool-c4m2,,200,,pool,,1,,504,,604,,116,,0.0426295284331,,Cannot find cue bottom
sec6-res-util-pool-c4m2,,204,,pool,,1,,499,,597,,109,,0.296889279924,,Cannot find cue bottom
sec6-res-util-pool-c4m2,,208,,pool,,1,,499,,586,,98,,0.99919,,Cannot find object ball
sec6-res-util-pool-c4m2,,212,,pool,,1,,498,,591,,102,,0.97599,,Cannot find object ball
sec6-res-util-pool-c4m2,,216,,pool,,1,,499,,590,,158,,3.73599771007e-07,,Cannot find cue ball
sec6-res-util-pool-c4m2,,221,,pool,,1,,498,,592,,104,,0.93439,,Cannot find object ball
sec6-res-util-pool-c4m2,,226,,pool,,1,,499,,594,,106,,0.68207245493,,speech: good
sec6-res-util-pool-c4m2,,230,,pool,,1,,499,,590,,102,,0.97599,,speech: left
sec6-res-util-pool-c4m2,,234,,pool,,1,,498,,588,,100,,0.99375,,Cannot find object ball
sec6-res-util-pool-c4m2,,237,,pool,,1,,499,,589,,101,,0.98704,,Cannot find cue ball
sec6-res-util-pool-c4m2,,241,,pool,,1,,499,,585,,98,,0.99919,,Cannot find cue bottom
sec6-res-util-pool-c4m2,,245,,pool,,1,,498,,554,,65,,1.0,,Cannot find cue ball
sec6-res-util-pool-c4m2,,248,,pool,,1,,498,,577,,89,,1.0,,Cannot find cue top
sec6-res-util-pool-c4m2,,251,,pool,,1,,498,,542,,54,,1.0,,Cannot find cue top
sec6-res-util-pool-c4m2,,254,,pool,,1,,498,,564,,76,,1.0,,Cannot find cue top
sec6-res-util-pool-c4m2,,257,,pool,,1,,502,,568,,80,,1.0,,Cannot find cue top
sec6-res-util-pool-c4m2,,260,,pool,,1,,498,,542,,55,,1.0,,Cannot find cue top
sec6-res-util-pool-c4m2,,263,,pool,,1,,499,,554,,66,,1.0,,Cannot find cue top
sec6-res-util-pool-c4m2,,266,,pool,,1,,499,,564,,76,,1.0,,Cannot find cue top
sec6-res-util-pool-c4m2,,269,,pool,,1,,499,,563,,75,,1.0,,Cannot find cue top
sec6-res-util-pool-c4m2,,272,,pool,,1,,499,,565,,77,,1.0,,Cannot find cue top
sec6-res-util-pool-c4m2,,275,,pool,,1,,499,,575,,87,,1.0,,Cannot find cue bottom
sec6-res-util-pool-c4m2,,278,,pool,,1,,499,,577,,89,,1.0,,Cannot find cue bottom
sec6-res-util-pool-c4m2,,282,,pool,,1,,499,,578,,90,,1.0,,Cannot find cue ball
sec6-res-util-pool-c4m2,,299,,pool,,1,,504,,587,,99,,0.99744,,Cannot find cue bottom
sec6-res-util-pool-c4m2,,302,,pool,,1,,499,,582,,94,,1.0,,Cannot find cue bottom
sec6-res-util-pool-c4m2,,306,,pool,,1,,499,,580,,92,,1.0,,Cannot find cue bottom
sec6-res-util-pool-c4m2,,310,,pool,,1,,499,,582,,205,,8.18545231596e-13,,Cannot find cue bottom
sec6-res-util-pool-c4m2,,317,,pool,,1,,502,,586,,98,,0.99919,,Cannot find cue bottom
sec6-res-util-pool-c4m2,,321,,pool,,1,,498,,587,,99,,0.99744,,Cannot find cue bottom
sec6-res-util-pool-c4m2,,325,,pool,,1,,500,,571,,126,,0.00266434552707,,Cannot find cue top
sec6-res-util-pool-c4m2,,329,,pool,,1,,499,,567,,79,,1.0,,Cannot find cue bottom
sec6-res-util-pool-c4m2,,333,,pool,,1,,498,,612,,161,,1.62618745549e-07,,Cannot find cue bottom
sec6-res-util-pool-c4m2,,338,,pool,,1,,499,,583,,94,,1.0,,Cannot find cue top
sec6-res-util-pool-c4m2,,342,,pool,,1,,499,,575,,156,,6.50474982195e-07,,Cannot find cue top
sec6-res-util-pool-c4m2,,347,,pool,,1,,498,,578,,90,,1.0,,Cannot find cue top
sec6-res-util-pool-c4m2,,360,,pool,,1,,505,,580,,92,,1.0,,Cannot find cue top
sec6-res-util-pool-c4m2,,363,,pool,,1,,504,,569,,82,,1.0,,Cannot find cue top
sec6-res-util-pool-c4m2,,366,,pool,,1,,499,,559,,73,,1.0,,Cannot find cue top
sec6-res-util-pool-c4m2,,370,,pool,,1,,499,,571,,83,,1.0,,Cannot find cue top
sec6-res-util-pool-c4m2,,373,,pool,,1,,499,,607,,119,,0.0185555799952,,Cannot find cue top
sec6-res-util-pool-c4m2,,377,,pool,,1,,498,,592,,204,,1.08007690842e-12,,Cannot find cue top
sec6-res-util-pool-c4m2,,399,,pool,,1,,501,,588,,100,,0.99375,,Cannot find cue top
sec6-res-util-pool-c4m2,,402,,pool,,1,,499,,574,,86,,1.0,,Cannot find cue top
sec6-res-util-pool-c4m2,,406,,pool,,1,,498,,641,,172,,7.70262270791e-09,,Cannot find cue bottom
sec6-res-util-pool-c4m2,,412,,pool,,1,,499,,605,,117,,0.0323071412343,,Cannot find cue bottom
sec6-res-util-pool-c4m2,,416,,pool,,1,,506,,660,,173,,5.83749642198e-09,,Cannot find cue bottom
sec6-res-util-pool-c4m2,,422,,pool,,1,,499,,660,,172,,7.70262270791e-09,,Cannot find cue bottom
sec6-res-util-pool-c4m2,,428,,pool,,1,,499,,595,,106,,0.68207245493,,Cannot find cue top
sec6-res-util-pool-c4m2,,433,,pool,,1,,499,,640,,151,,2.60189992878e-06,,Cannot find cue top
sec6-res-util-pool-c4m2,,438,,pool,,1,,535,,683,,231,,6.0580203514e-16,,Cannot find cue bottom
sec6-res-util-pool-c4m2,,446,,pool,,1,,503,,723,,279,,1.00590000713e-21,,Cannot find cue bottom
sec6-res-util-pool-c4m2,,455,,pool,,1,,499,,799,,377,,1.59286504245e-33,,Cannot find cue bottom
sec6-res-util-pool-c4m2,,467,,pool,,1,,500,,597,,110,,0.225,,Cannot find cue bottom
sec6-res-util-pool-c4m2,,471,,pool,,1,,498,,573,,84,,1.0,,Cannot find cue bottom
sec6-res-util-pool-c4m2,,475,,pool,,1,,504,,648,,160,,2.14576721191e-07,,Cannot find cue bottom
sec6-res-util-pool-c4m2,,481,,pool,,1,,516,,750,,353,,1.23613794972e-30,,Cannot find cue bottom
sec6-res-util-pool-c4m2,,492,,pool,,1,,501,,667,,179,,1.10599875422e-09,,Cannot find cue bottom
sec6-res-util-pool-c4m2,,498,,pool,,1,,526,,661,,271,,9.24380546784e-21,,Cannot find cue top
sec6-res-util-pool-c4m2,,507,,pool,,1,,502,,636,,148,,5.97759633611e-06,,Cannot find cue bottom
sec6-res-util-pool-c4m2,,513,,pool,,1,,498,,578,,90,,1.0,,Cannot find cue bottom
sec6-res-util-pool-c4m2,,516,,pool,,1,,500,,576,,88,,1.0,,Cannot find cue top
sec6-res-util-pool-c4m2,,520,,pool,,1,,497,,575,,86,,1.0,,Cannot find cue bottom
sec6-res-util-pool-c4m2,,523,,pool,,1,,501,,603,,157,,4.92967853306e-07,,Cannot find cue top
sec6-res-util-pool-c4m2,,532,,pool,,1,,515,,650,,162,,1.23241963327e-07,,Cannot find cue top
sec6-res-util-pool-c4m2,,537,,pool,,1,,524,,652,,164,,7.07839202699e-08,,Cannot find cue top
sec6-res-util-pool-c4m2,,572,,pool,,1,,509,,633,,145,,1.37329101563e-05,,Cannot find cue top
sec6-res-util-pool-c4m2,,577,,pool,,1,,507,,581,,92,,1.0,,Cannot find cue top
sec6-res-util-pool-c4m2,,580,,pool,,1,,499,,616,,127,,0.00201919632714,,Cannot find cue top
sec6-res-util-pool-c4m2,,585,,pool,,1,,498,,580,,92,,1.0,,Cannot find cue top
sec6-res-util-pool-c4m2,,589,,pool,,1,,499,,616,,222,,7.3457934455e-15,,Cannot find cue top
sec6-res-util-pool-c4m2,,604,,pool,,1,,515,,622,,134,,0.000289930937426,,Cannot find cue top
sec6-res-util-pool-c4m2,,608,,pool,,1,,498,,692,,205,,8.18545231596e-13,,Cannot find cue top
sec6-res-util-pool-c4m2,,615,,pool,,1,,518,,631,,143,,2.39103853444e-05,,Cannot find cue bottom
sec6-res-util-pool-c4m2,,621,,pool,,1,,505,,604,,159,,2.8313568108e-07,,Cannot find cue ball
sec6-res-util-pool-c4m2,,626,,pool,,1,,500,,717,,307,,4.27581454016e-25,,Cannot find cue ball
sec6-res-util-pool-c4m2,,636,,pool,,1,,500,,770,,382,,3.98216260612e-34,,Cannot find cue ball
sec6-res-util-pool-c4m2,,649,,pool,,1,,502,,634,,146,,1.04075997151e-05,,Cannot find cue top
sec6-res-util-pool-c4m2,,654,,pool,,1,,499,,874,,412,,9.7220766751e-38,,speech: left
sec6-res-util-pool-c4m2,,667,,pool,,1,,499,,701,,214,,6.7504806776e-14,,Cannot find object ball
sec6-res-util-pool-c4m2,,675,,pool,,1,,500,,651,,228,,1.39176760244e-15,,Cannot find object ball
sec6-res-util-pool-c4m2,,682,,pool,,1,,498,,705,,277,,1.75137363565e-21,,Cannot find cue ball
sec6-res-util-pool-c4m2,,692,,pool,,1,,498,,560,,94,,1.0,,Cannot find cue top
sec6-res-util-pool-c4m2,,695,,pool,,1,,498,,585,,97,,0.99984,,Cannot find cue top
sec6-res-util-pool-c4m2,,699,,pool,,1,,498,,678,,238,,8.69854751525e-17,,Cannot find cue top
sec6-res-util-pool-c4m2,,707,,pool,,1,,499,,715,,278,,1.32729301685e-21,,speech: left
sec6-res-util-pool-c4m2,,716,,pool,,1,,499,,609,,121,,0.0106573821083,,Cannot find object ball
sec6-res-util-pool-c4m2,,721,,pool,,1,,496,,657,,169,,1.76959800675e-08,,Cannot find cue ball
sec6-res-util-pool-c4m2,,727,,pool,,1,,507,,658,,229,,1.05476260587e-15,,Cannot find object ball
sec6-res-util-pool-c4m2,,735,,pool,,1,,499,,588,,100,,0.99375,,Cannot find object ball
sec6-res-util-pool-c4m2,,738,,pool,,1,,499,,632,,143,,2.39103853444e-05,,Cannot find object ball
sec6-res-util-pool-c4m2,,744,,pool,,1,,498,,657,,170,,1.34110450745e-08,,Cannot find object ball
sec6-res-util-pool-c4m2,,750,,pool,,1,,499,,650,,162,,1.23241963327e-07,,Cannot find cue ball
sec6-res-util-pool-c4m2,,755,,pool,,1,,500,,723,,301,,2.2567884443e-24,,Cannot find cue ball
sec6-res-util-pool-c4m2,,765,,pool,,1,,498,,569,,81,,1.0,,Cannot find cue top
sec6-res-util-pool-c4m2,,769,,pool,,1,,498,,550,,62,,1.0,,Cannot find cue top
sec6-res-util-pool-c4m2,,771,,pool,,1,,498,,547,,60,,1.0,,Cannot find cue top
sec6-res-util-pool-c4m2,,774,,pool,,1,,499,,580,,92,,1.0,,Cannot find cue ball
sec6-res-util-pool-c4m2,,778,,pool,,1,,498,,646,,159,,2.8313568108e-07,,Cannot find cue top
sec6-res-util-pool-c4m2,,783,,pool,,1,,500,,574,,86,,1.0,,Cannot find cue top
sec6-res-util-pool-c4m2,,787,,pool,,1,,498,,571,,83,,1.0,,Cannot find cue top
sec6-res-util-pool-c4m2,,790,,pool,,1,,507,,695,,267,,2.80219781704e-20,,Cannot find cue top
sec6-res-util-pool-c4m2,,799,,pool,,1,,499,,601,,113,,0.0979369383708,,Cannot find cue bottom
sec6-res-util-pool-c4m2,,803,,pool,,1,,499,,579,,91,,1.0,,Cannot find cue bottom
sec6-res-util-pool-c4m2,,816,,pool,,1,,504,,570,,81,,1.0,,Cannot find cue top
sec6-res-util-pool-c4m2,,819,,pool,,1,,501,,564,,75,,1.0,,Cannot find cue top
sec6-res-util-pool-c4m2,,822,,pool,,1,,499,,583,,94,,1.0,,Cannot find cue top
sec6-res-util-pool-c4m2,,826,,pool,,1,,508,,649,,160,,2.14576721191e-07,,Cannot find cue top
sec6-res-util-pool-c4m2,,831,,pool,,1,,518,,658,,225,,3.19744231092e-15,,Cannot find cue top
sec6-res-util-pool-c4m2,,839,,pool,,1,,503,,597,,109,,0.296889279924,,Cannot find cue top
sec6-res-util-pool-c4m2,,843,,pool,,1,,499,,558,,70,,1.0,,Cannot find cue top
sec6-res-util-pool-c4m2,,846,,pool,,1,,498,,548,,60,,1.0,,Cannot find cue top
sec6-res-util-pool-c4m2,,849,,pool,,1,,499,,557,,68,,1.0,,Cannot find cue bottom
sec6-res-util-pool-c4m2,,852,,pool,,1,,499,,581,,92,,1.0,,Cannot find cue top
sec6-res-util-pool-c4m2,,855,,pool,,1,,498,,570,,82,,1.0,,Cannot find cue top
sec6-res-util-pool-c4m2,,859,,pool,,1,,497,,613,,125,,0.003515625,,Cannot find cue top
sec6-res-util-pool-c4m2,,863,,pool,,1,,499,,661,,173,,5.83749642198e-09,,Cannot find cue top
sec6-res-util-pool-c4m2,,3,,pool,,1,,500,,601,,113,,0.0979369383708,,Cannot find cue top
sec6-res-util-pool-c4m2,,8,,pool,,1,,515,,641,,153,,1.49439908403e-06,,Cannot find cue top
sec6-res-util-pool-c4m2,,13,,pool,,1,,533,,656,,276,,2.31095136696e-21,,Cannot find cue top
sec6-res-util-pool-c4m2,,22,,pool,,1,,499,,580,,92,,1.0,,Cannot find cue bottom
sec6-res-util-pool-c4m2,,26,,pool,,1,,509,,731,,261,,1.47900887485e-19,,Cannot find cue bottom
sec6-res-util-pool-c4m2,,34,,pool,,1,,519,,679,,190,,5.23868948221e-11,,Cannot find cue top
sec6-res-util-pool-c4m2,,41,,pool,,1,,506,,748,,362,,1.01943362717e-31,,Cannot find cue ball
sec6-res-util-pool-c4m2,,53,,pool,,1,,506,,657,,169,,1.76959800675e-08,,Cannot find cue ball
sec6-res-util-pool-c4m2,,59,,pool,,1,,511,,839,,393,,1.8861968227e-35,,Cannot find cue bottom
sec6-res-util-pool-c4m2,,71,,pool,,1,,499,,572,,84,,1.0,,Cannot find cue bottom
sec6-res-util-pool-c4m2,,75,,pool,,1,,500,,603,,114,,0.074222319981,,Cannot find cue bottom
sec6-res-util-pool-c4m2,,79,,pool,,1,,501,,671,,230,,7.9936057773e-16,,Cannot find cue bottom
sec6-res-util-pool-c4m2,,87,,pool,,1,,498,,706,,280,,7.62329652529e-22,,Cannot find object ball
sec6-res-util-pool-c4m2,,96,,pool,,1,,498,,701,,213,,8.90731265561e-14,,Cannot find object ball
sec6-res-util-pool-c4m2,,103,,pool,,1,,529,,741,,345,,1.13595970352e-29,,Cannot find cue bottom
sec6-res-util-pool-c4m2,,114,,pool,,1,,498,,601,,113,,0.0979369383708,,Cannot find cue bottom
sec6-res-util-pool-c4m2,,140,,pool,,1,,515,,733,,255,,7.8062556419e-19,,speech: right
sec6-res-util-pool-c4m2,,148,,pool,,1,,498,,733,,279,,1.00590000713e-21,,speech: right
sec6-res-util-pool-c4m2,,157,,pool,,1,,498,,637,,150,,3.43322753906e-06,,speech: right
sec6-res-util-pool-c4m2,,163,,pool,,1,,500,,679,,191,,3.9701842175e-11,,Cannot find object ball
sec6-res-util-pool-c4m2,,169,,pool,,1,,505,,598,,110,,0.225,,Cannot find object ball
sec6-res-util-pool-c4m2,,173,,pool,,1,,499,,617,,129,,0.0011597237497,,Cannot find cue bottom
sec6-res-util-pool-c4m2,,200,,pool,,1,,504,,600,,111,,0.170518113732,,Cannot find cue bottom
sec6-res-util-pool-c4m2,,203,,pool,,1,,499,,630,,142,,3.15499426116e-05,,Cannot find cue bottom
sec6-res-util-pool-c4m2,,208,,pool,,1,,499,,627,,138,,9.56415413777e-05,,Cannot find object ball
sec6-res-util-pool-c4m2,,213,,pool,,1,,499,,683,,195,,1.30967237055e-11,,Cannot find object ball
sec6-res-util-pool-c4m2,,220,,pool,,1,,500,,653,,166,,4.06546863872e-08,,Cannot find object ball
sec6-res-util-pool-c4m2,,226,,pool,,1,,497,,650,,162,,1.23241963327e-07,,speech: good
sec6-res-util-pool-c4m2,,231,,pool,,1,,501,,711,,263,,8.49467530786e-20,,Cannot find object ball
sec6-res-util-pool-c4m2,,240,,pool,,1,,498,,667,,178,,1.4593741055e-09,,Cannot find cue bottom
sec6-res-util-pool-c4m2,,246,,pool,,1,,499,,634,,145,,1.37329101563e-05,,Cannot find cue ball
sec6-res-util-pool-c4m2,,252,,pool,,1,,497,,599,,111,,0.170518113732,,Cannot find cue top
sec6-res-util-pool-c4m2,,256,,pool,,1,,498,,552,,64,,1.0,,Cannot find cue bottom
sec6-res-util-pool-c4m2,,259,,pool,,1,,498,,652,,164,,7.07839202699e-08,,Cannot find cue top
sec6-res-util-pool-c4m2,,264,,pool,,1,,505,,607,,120,,0.0140625,,Cannot find cue top
sec6-res-util-pool-c4m2,,269,,pool,,1,,497,,643,,154,,1.13254272432e-06,,Cannot find cue top
sec6-res-util-pool-c4m2,,274,,pool,,1,,519,,621,,133,,0.000382566165511,,Cannot find cue top
sec6-res-util-pool-c4m2,,279,,pool,,1,,500,,598,,110,,0.225,,Cannot find cue bottom
sec6-res-util-pool-c4m2,,283,,pool,,1,,519,,636,,147,,7.8874856529e-06,,speech: left
sec6-res-util-pool-c4m2,,299,,pool,,1,,505,,564,,76,,1.0,,Cannot find cue bottom
sec6-res-util-pool-c4m2,,301,,pool,,1,,498,,587,,99,,0.99744,,Cannot find cue bottom
sec6-res-util-pool-c4m2,,305,,pool,,1,,499,,705,,273,,5.30917206741e-21,,Cannot find cue bottom
sec6-res-util-pool-c4m2,,314,,pool,,1,,501,,697,,209,,2.70019227104e-13,,Cannot find cue bottom
sec6-res-util-pool-c4m2,,321,,pool,,1,,507,,582,,140,,5.4931640625e-05,,Cannot find cue bottom
sec6-res-util-pool-c4m2,,326,,pool,,1,,502,,705,,217,,2.9383173782e-14,,Cannot find cue top
sec6-res-util-pool-c4m2,,334,,pool,,1,,499,,606,,118,,0.0244842345927,,Cannot find cue top
sec6-res-util-pool-c4m2,,338,,pool,,1,,498,,714,,296,,9.02715377719e-24,,Cannot find cue top
sec6-res-util-pool-c4m2,,348,,pool,,1,,500,,580,,92,,1.0,,Cannot find cue top
sec6-res-util-pool-c4m2,,360,,pool,,1,,506,,688,,199,,4.32030763366e-12,,Cannot find cue top
sec6-res-util-pool-c4m2,,366,,pool,,1,,498,,566,,78,,1.0,,Cannot find cue top
sec6-res-util-pool-c4m2,,370,,pool,,1,,500,,585,,98,,0.99919,,Cannot find cue top
sec6-res-util-pool-c4m2,,373,,pool,,1,,524,,670,,181,,6.35229474799e-10,,Cannot find cue top
sec6-res-util-pool-c4m2,,380,,pool,,1,,499,,614,,127,,0.00201919632714,,Cannot find cue top
sec6-res-util-pool-c4m2,,399,,pool,,1,,510,,626,,138,,9.56415413777e-05,,Cannot find cue top
sec6-res-util-pool-c4m2,,404,,pool,,1,,497,,614,,125,,0.003515625,,Cannot find cue top
sec6-res-util-pool-c4m2,,408,,pool,,1,,498,,689,,309,,2.45581056428e-25,,Cannot find cue bottom
sec6-res-util-pool-c4m2,,418,,pool,,1,,498,,654,,166,,4.06546863872e-08,,Cannot find cue bottom
sec6-res-util-pool-c4m2,,424,,pool,,1,,498,,657,,171,,1.01636715968e-08,,Cannot find cue bottom
sec6-res-util-pool-c4m2,,430,,pool,,1,,521,,627,,139,,7.24827343564e-05,,Cannot find cue top
sec6-res-util-pool-c4m2,,435,,pool,,1,,499,,592,,104,,0.93439,,Cannot find cue bottom
sec6-res-util-pool-c4m2,,439,,pool,,1,,500,,648,,160,,2.14576721191e-07,,Cannot find cue bottom
sec6-res-util-pool-c4m2,,445,,pool,,1,,498,,667,,212,,1.17532695128e-13,,Cannot find cue bottom
sec6-res-util-pool-c4m2,,452,,pool,,1,,499,,596,,108,,0.391747753483,,Cannot find cue bottom
sec6-res-util-pool-c4m2,,456,,pool,,1,,500,,593,,105,,0.9,,Cannot find cue top
sec6-res-util-pool-c4m2,,460,,pool,,1,,500,,625,,137,,0.000126199770446,,Cannot find cue bottom
sec6-res-util-pool-c4m2,,465,,pool,,1,,498,,713,,254,,1.0300416073e-18,,Cannot find cue bottom
sec6-res-util-pool-c4m2,,474,,pool,,1,,497,,715,,278,,1.32729301685e-21,,Cannot find cue ball
sec6-res-util-pool-c4m2,,483,,pool,,1,,499,,582,,94,,1.0,,Cannot find cue bottom
sec6-res-util-pool-c4m2,,487,,pool,,1,,504,,603,,114,,0.074222319981,,Cannot find cue bottom
sec6-res-util-pool-c4m2,,491,,pool,,1,,505,,730,,323,,5.06322104207e-27,,Cannot find cue bottom
sec6-res-util-pool-c4m2,,501,,pool,,1,,499,,623,,135,,0.0002197265625,,Cannot find cue bottom
sec6-res-util-pool-c4m2,,506,,pool,,1,,499,,578,,90,,1.0,,Cannot find cue top
sec6-res-util-pool-c4m2,,510,,pool,,1,,499,,607,,118,,0.0244842345927,,Cannot find cue bottom
sec6-res-util-pool-c4m2,,514,,pool,,1,,506,,590,,102,,0.97599,,Cannot find cue top
sec6-res-util-pool-c4m2,,518,,pool,,1,,500,,722,,341,,3.44358588302e-29,,Cannot find cue top
sec6-res-util-pool-c4m2,,532,,pool,,1,,499,,611,,122,,0.00807678530857,,Cannot find cue top
sec6-res-util-pool-c4m2,,536,,pool,,1,,513,,633,,163,,9.33999427517e-08,,Cannot find cue top
sec6-res-util-pool-c4m2,,572,,pool,,1,,530,,600,,112,,0.129228564937,,Cannot find cue top
sec6-res-util-pool-c4m2,,575,,pool,,1,,499,,621,,132,,0.000504799081786,,Cannot find cue top
sec6-res-util-pool-c4m2,,580,,pool,,1,,499,,558,,70,,1.0,,Cannot find cue top
sec6-res-util-pool-c4m2,,583,,pool,,1,,499,,580,,91,,1.0,,Cannot find cue top
sec6-res-util-pool-c4m2,,587,,pool,,1,,503,,551,,89,,1.0,,Cannot find cue top
sec6-res-util-pool-c4m2,,590,,pool,,1,,498,,549,,61,,1.0,,Cannot find cue top
sec6-res-util-pool-c4m2,,604,,pool,,1,,505,,692,,204,,1.08007690842e-12,,Cannot find cue top
sec6-res-util-pool-c4m2,,610,,pool,,1,,498,,584,,95,,1.0,,Cannot find cue bottom
sec6-res-util-pool-c4m2,,614,,pool,,1,,499,,583,,94,,1.0,,Cannot find cue bottom
sec6-res-util-pool-c4m2,,617,,pool,,1,,499,,585,,97,,0.99984,,Cannot find cue bottom
sec6-res-util-pool-c4m2,,621,,pool,,1,,500,,592,,179,,1.10599875422e-09,,Cannot find cue ball
sec6-res-util-pool-c4m2,,627,,pool,,1,,499,,675,,187,,1.20353479811e-10,,Cannot find cue ball
sec6-res-util-pool-c4m2,,635,,pool,,1,,498,,773,,357,,4.07773450867e-31,,Cannot find cue ball
sec6-res-util-pool-c4m2,,646,,pool,,1,,501,,745,,280,,7.62329652529e-22,,Cannot find cue ball
sec6-res-util-pool-c4m2,,655,,pool,,1,,499,,669,,181,,6.35229474799e-10,,speech: left
sec6-res-util-pool-c4m2,,661,,pool,,1,,520,,750,,372,,6.3714601698e-33,,speech: left
sec6-res-util-pool-c4m2,,673,,pool,,1,,499,,720,,278,,1.32729301685e-21,,Cannot find object ball
sec6-res-util-pool-c4m2,,683,,pool,,1,,499,,659,,171,,1.01636715968e-08,,Cannot find cue top
sec6-res-util-pool-c4m2,,689,,pool,,1,,515,,635,,146,,1.04075997151e-05,,Cannot find cue top
sec6-res-util-pool-c4m2,,694,,pool,,1,,498,,677,,188,,9.12108815935e-11,,Cannot find cue top
sec6-res-util-pool-c4m2,,700,,pool,,1,,520,,632,,198,,5.70068009959e-12,,Cannot find cue bottom
sec6-res-util-pool-c4m2,,707,,pool,,1,,499,,737,,279,,1.00590000713e-21,,speech: left
sec6-res-util-pool-c4m2,,716,,pool,,1,,502,,693,,205,,8.18545231596e-13,,Cannot find object ball
sec6-res-util-pool-c4m2,,723,,pool,,1,,499,,692,,204,,1.08007690842e-12,,speech: left
sec6-res-util-pool-c4m2,,730,,pool,,1,,499,,732,,323,,5.06322104207e-27,,Cannot find object ball
sec6-res-util-pool-c4m2,,741,,pool,,1,,500,,719,,383,,3.01791491632e-34,,Cannot find object ball
sec6-res-util-pool-c4m2,,753,,pool,,1,,498,,672,,184,,2.76499688554e-10,,speech: left
sec6-res-util-pool-c4m2,,760,,pool,,1,,499,,698,,210,,2.04636307899e-13,,Cannot find cue ball
sec6-res-util-pool-c4m2,,767,,pool,,1,,499,,565,,135,,0.0002197265625,,Cannot find cue top
sec6-res-util-pool-c4m2,,772,,pool,,1,,499,,566,,78,,1.0,,Cannot find cue top
sec6-res-util-pool-c4m2,,775,,pool,,1,,499,,568,,80,,1.0,,Cannot find cue ball
sec6-res-util-pool-c4m2,,778,,pool,,1,,498,,594,,142,,3.15499426116e-05,,Cannot find cue top
sec6-res-util-pool-c4m2,,783,,pool,,1,,499,,691,,205,,8.18545231596e-13,,Cannot find cue top
sec6-res-util-pool-c4m2,,790,,pool,,1,,501,,737,,278,,1.32729301685e-21,,Cannot find cue top
sec6-res-util-pool-c4m2,,799,,pool,,1,,500,,648,,159,,2.8313568108e-07,,Cannot find cue bottom
sec6-res-util-pool-c4m2,,805,,pool,,1,,528,,665,,177,,1.92565567698e-09,,Cannot find cue top
sec6-res-util-pool-c4m2,,816,,pool,,1,,502,,604,,124,,0.00463889499881,,Cannot find cue top
sec6-res-util-pool-c4m2,,820,,pool,,1,,545,,668,,180,,8.38190317154e-10,,Cannot find cue top
sec6-res-util-pool-c4m2,,826,,pool,,1,,499,,664,,216,,3.8771330249e-14,,Cannot find cue top
sec6-res-util-pool-c4m2,,833,,pool,,1,,501,,728,,279,,1.00590000713e-21,,Cannot find cue top
sec6-res-util-pool-c4m2,,842,,pool,,1,,499,,627,,140,,5.4931640625e-05,,Cannot find cue top
sec6-res-util-pool-c4m2,,847,,pool,,1,,522,,662,,173,,5.83749642198e-09,,Cannot find cue top
sec6-res-util-pool-c4m2,,853,,pool,,1,,537,,671,,182,,4.81413919245e-10,,Cannot find cue top
sec6-res-util-pool-c4m2,,860,,pool,,1,,511,,627,,138,,9.56415413777e-05,,Cannot find cue top
sec6-res-util-pool-c4m2,,865,,pool,,1,,499,,590,,102,,0.97599,,Cannot find cue top
sec6-res-util-pool-c4m2,,2,,pool,,1,,529,,633,,145,,1.37329101563e-05,,Cannot find cue top
sec6-res-util-pool-c4m2,,7,,pool,,1,,499,,689,,200,,3.27418092638e-12,,Cannot find cue bottom
sec6-res-util-pool-c4m2,,14,,pool,,1,,498,,569,,81,,1.0,,Cannot find cue top
sec6-res-util-pool-c4m2,,17,,pool,,1,,518,,672,,241,,3.78626271963e-17,,Cannot find cue bottom
sec6-res-util-pool-c4m2,,26,,pool,,1,,501,,589,,100,,0.99375,,Cannot find cue bottom
sec6-res-util-pool-c4m2,,29,,pool,,1,,498,,576,,88,,1.0,,Cannot find cue top
sec6-res-util-pool-c4m2,,33,,pool,,1,,502,,631,,143,,2.39103853444e-05,,Cannot find cue top
sec6-res-util-pool-c4m2,,38,,pool,,1,,524,,592,,104,,0.93439,,Cannot find cue top
sec6-res-util-pool-c4m2,,42,,pool,,1,,498,,593,,105,,0.9,,Cannot find cue ball
sec6-res-util-pool-c4m2,,46,,pool,,1,,498,,667,,201,,2.48136513594e-12,,Cannot find cue ball
sec6-res-util-pool-c4m2,,53,,pool,,1,,499,,683,,195,,1.30967237055e-11,,Cannot find cue ball
sec6-res-util-pool-c4m2,,60,,pool,,1,,503,,634,,146,,1.04075997151e-05,,Cannot find cue bottom
sec6-res-util-pool-c4m2,,65,,pool,,1,,499,,647,,159,,2.8313568108e-07,,Cannot find cue bottom
sec6-res-util-pool-c4m2,,71,,pool,,1,,499,,671,,185,,2.09547579288e-10,,Cannot find cue bottom
sec6-res-util-pool-c4m2,,77,,pool,,1,,499,,728,,296,,9.02715377719e-24,,Cannot find cue bottom
sec6-res-util-pool-c4m2,,87,,pool,,1,,499,,664,,176,,2.5409178992e-09,,Cannot find object ball
sec6-res-util-pool-c4m2,,93,,pool,,1,,498,,642,,154,,1.13254272432e-06,,Cannot find object ball
sec6-res-util-pool-c4m2,,99,,pool,,1,,514,,659,,171,,1.01636715968e-08,,Cannot find object ball
sec6-res-util-pool-c4m2,,105,,pool,,1,,514,,640,,151,,2.60189992878e-06,,Cannot find cue bottom
sec6-res-util-pool-c4m2,,110,,pool,,1,,534,,673,,185,,2.09547579288e-10,,Cannot find cue bottom
sec6-res-util-pool-c4m2,,116,,pool,,1,,499,,623,,135,,0.0002197265625,,Cannot find cue bottom
sec6-res-util-pool-c4m2,,140,,pool,,1,,504,,689,,201,,2.48136513594e-12,,speech: right
sec6-res-util-pool-c4m2,,146,,pool,,1,,497,,596,,108,,0.391747753483,,speech: right
sec6-res-util-pool-c4m2,,150,,pool,,1,,499,,635,,146,,1.04075997151e-05,,speech: good
sec6-res-util-pool-c4m2,,156,,pool,,1,,498,,626,,138,,9.56415413777e-05,,speech: right
sec6-res-util-pool-c4m2,,160,,pool,,1,,499,,590,,101,,0.98704,,Cannot find cue bottom
sec6-res-util-pool-c4m2,,164,,pool,,1,,498,,581,,93,,1.0,,Cannot find object ball
sec6-res-util-pool-c4m2,,168,,pool,,1,,499,,621,,240,,4.99600361081e-17,,Cannot find object ball
sec6-res-util-pool-c4m2,,200,,pool,,1,,504,,604,,116,,0.0426295284331,,Cannot find cue bottom
sec6-res-util-pool-c4m2,,203,,pool,,1,,499,,644,,156,,6.50474982195e-07,,Cannot find cue bottom
sec6-res-util-pool-c4m2,,209,,pool,,1,,530,,745,,306,,5.64197111074e-25,,Cannot find object ball
sec6-res-util-pool-c4m2,,219,,pool,,1,,500,,645,,157,,4.92967853306e-07,,Cannot find object ball
sec6-res-util-pool-c4m2,,225,,pool,,1,,498,,658,,171,,1.01636715968e-08,,Cannot find object ball
sec6-res-util-pool-c4m2,,231,,pool,,1,,498,,757,,294,,1.57171876114e-23,,Cannot find object ball
sec6-res-util-pool-c4m2,,241,,pool,,1,,499,,729,,276,,2.31095136696e-21,,Cannot find cue bottom
sec6-res-util-pool-c4m2,,250,,pool,,1,,498,,632,,142,,3.15499426116e-05,,Cannot find cue top
sec6-res-util-pool-c4m2,,255,,pool,,1,,526,,633,,145,,1.37329101563e-05,,Cannot find cue bottom
sec6-res-util-pool-c4m2,,259,,pool,,1,,499,,569,,81,,1.0,,Cannot find cue top
sec6-res-util-pool-c4m2,,263,,pool,,1,,499,,552,,64,,1.0,,Cannot find cue top
sec6-res-util-pool-c4m2,,265,,pool,,1,,498,,583,,95,,1.0,,Cannot find cue top
sec6-res-util-pool-c4m2,,269,,pool,,1,,497,,565,,76,,1.0,,Cannot find cue top
sec6-res-util-pool-c4m2,,272,,pool,,1,,527,,658,,171,,1.01636715968e-08,,Cannot find cue top
sec6-res-util-pool-c4m2,,278,,pool,,1,,529,,615,,127,,0.00201919632714,,Cannot find cue bottom
sec6-res-util-pool-c4m2,,283,,pool,,1,,502,,614,,127,,0.00201919632714,,speech: left
sec6-res-util-pool-c4m2,,299,,pool,,1,,506,,593,,103,,0.95904,,Cannot find cue bottom
sec6-res-util-pool-c4m2,,302,,pool,,1,,498,,593,,104,,0.93439,,Cannot find cue bottom
sec6-res-util-pool-c4m2,,306,,pool,,1,,503,,609,,121,,0.0106573821083,,Cannot find cue bottom
sec6-res-util-pool-c4m2,,310,,pool,,1,,500,,661,,204,,1.08007690842e-12,,Cannot find cue bottom
sec6-res-util-pool-c4m2,,317,,pool,,1,,499,,574,,132,,0.000504799081786,,Cannot find cue bottom
sec6-res-util-pool-c4m2,,322,,pool,,1,,499,,609,,169,,1.76959800675e-08,,Cannot find cue bottom
sec6-res-util-pool-c4m2,,328,,pool,,1,,499,,618,,129,,0.0011597237497,,Cannot find cue bottom
sec6-res-util-pool-c4m2,,333,,pool,,1,,498,,655,,167,,3.08104908317e-08,,Cannot find cue bottom
sec6-res-util-pool-c4m2,,339,,pool,,1,,499,,626,,137,,0.000126199770446,,Cannot find cue top
sec6-res-util-pool-c4m2,,344,,pool,,1,,500,,648,,160,,2.14576721191e-07,,Cannot find cue top
sec6-res-util-pool-c4m2,,360,,pool,,1,,517,,635,,146,,1.04075997151e-05,,Cannot find cue top
sec6-res-util-pool-c4m2,,365,,pool,,1,,500,,579,,91,,1.0,,Cannot find cue top
sec6-res-util-pool-c4m2,,368,,pool,,1,,521,,671,,182,,4.81413919245e-10,,Cannot find cue top
sec6-res-util-pool-c4m2,,375,,pool,,1,,503,,711,,317,,2.6723840876e-26,,Cannot find cue bottom
sec6-res-util-pool-c4m2,,399,,pool,,1,,504,,561,,72,,1.0,,Cannot find cue top
sec6-res-util-pool-c4m2,,401,,pool,,1,,499,,605,,117,,0.0323071412343,,Cannot find cue bottom
sec6-res-util-pool-c4m2,,405,,pool,,1,,498,,613,,125,,0.003515625,,Cannot find cue bottom
sec6-res-util-pool-c4m2,,410,,pool,,1,,497,,670,,181,,6.35229474799e-10,,Cannot find cue bottom
sec6-res-util-pool-c4m2,,416,,pool,,1,,497,,741,,267,,2.80219781704e-20,,Cannot find cue bottom
sec6-res-util-pool-c4m2,,425,,pool,,1,,498,,589,,101,,0.98704,,Cannot find cue bottom
sec6-res-util-pool-c4m2,,429,,pool,,1,,498,,629,,140,,5.4931640625e-05,,Cannot find cue bottom
sec6-res-util-pool-c4m2,,434,,pool,,1,,499,,642,,154,,1.13254272432e-06,,Cannot find cue bottom
sec6-res-util-pool-c4m2,,439,,pool,,1,,502,,603,,115,,0.05625,,Cannot find cue bottom
sec6-res-util-pool-c4m2,,444,,pool,,1,,505,,716,,261,,1.47900887485e-19,,Cannot find cue bottom
sec6-res-util-pool-c4m2,,453,,pool,,1,,499,,627,,138,,9.56415413777e-05,,Cannot find cue top
sec6-res-util-pool-c4m2,,458,,pool,,1,,499,,678,,189,,6.91249221386e-11,,Cannot find cue bottom
sec6-res-util-pool-c4m2,,464,,pool,,1,,500,,633,,145,,1.37329101563e-05,,Cannot find cue bottom
sec6-res-util-pool-c4m2,,469,,pool,,1,,499,,600,,111,,0.170518113732,,Cannot find cue bottom
sec6-res-util-pool-c4m2,,474,,pool,,1,,499,,622,,134,,0.000289930937426,,Cannot find cue ball
sec6-res-util-pool-c4m2,,478,,pool,,1,,498,,791,,438,,7.19526986198e-41,,Cannot find cue bottom
sec6-res-util-pool-c4m2,,492,,pool,,1,,500,,723,,380,,6.93334779979e-34,,Cannot find cue bottom
sec6-res-util-pool-c4m2,,505,,pool,,1,,499,,621,,133,,0.000382566165511,,Cannot find cue top
sec6-res-util-pool-c4m2,,510,,pool,,1,,500,,651,,163,,9.33999427517e-08,,Cannot find cue bottom
sec6-res-util-pool-c4m2,,515,,pool,,1,,520,,677,,189,,6.91249221386e-11,,Cannot find cue bottom
sec6-res-util-pool-c4m2,,522,,pool,,1,,501,,568,,80,,1.0,,Cannot find cue top
sec6-res-util-pool-c4m2,,532,,pool,,1,,500,,629,,141,,4.16303988605e-05,,Cannot find cue top
sec6-res-util-pool-c4m2,,536,,pool,,1,,528,,634,,145,,1.37329101563e-05,,Cannot find cue top
sec6-res-util-pool-c4m2,,572,,pool,,1,,505,,553,,63,,1.0,,Cannot find cue top
sec6-res-util-pool-c4m2,,574,,pool,,1,,498,,558,,69,,1.0,,Cannot find cue top
sec6-res-util-pool-c4m2,,576,,pool,,1,,499,,544,,56,,1.0,,Cannot find cue top
sec6-res-util-pool-c4m2,,579,,pool,,1,,500,,560,,72,,1.0,,Cannot find cue top
sec6-res-util-pool-c4m2,,582,,pool,,1,,499,,567,,79,,1.0,,Cannot find cue top
sec6-res-util-pool-c4m2,,585,,pool,,1,,501,,632,,146,,1.04075997151e-05,,Cannot find cue top
sec6-res-util-pool-c4m2,,590,,pool,,1,,509,,632,,193,,2.28027203984e-11,,Cannot find cue top
sec6-res-util-pool-c4m2,,604,,pool,,1,,500,,570,,82,,1.0,,Cannot find cue top
sec6-res-util-pool-c4m2,,606,,pool,,1,,498,,543,,54,,1.0,,Cannot find cue top
sec6-res-util-pool-c4m2,,609,,pool,,1,,504,,559,,71,,1.0,,Cannot find cue bottom
sec6-res-util-pool-c4m2,,612,,pool,,1,,498,,582,,94,,1.0,,Cannot find cue bottom
sec6-res-util-pool-c4m2,,616,,pool,,1,,499,,565,,76,,1.0,,Cannot find cue bottom
sec6-res-util-pool-c4m2,,619,,pool,,1,,499,,598,,109,,0.296889279924,,Cannot find cue bottom
sec6-res-util-pool-c4m2,,623,,pool,,1,,498,,654,,237,,1.14778022586e-16,,Cannot find cue ball
sec6-res-util-pool-c4m2,,635,,pool,,1,,497,,563,,74,,1.0,,Cannot find cue ball
sec6-res-util-pool-c4m2,,637,,pool,,1,,501,,572,,83,,1.0,,Cannot find cue ball
sec6-res-util-pool-c4m2,,641,,pool,,1,,500,,666,,177,,1.92565567698e-09,,Cannot find cue ball
sec6-res-util-pool-c4m2,,647,,pool,,1,,505,,599,,111,,0.170518113732,,Cannot find cue ball
sec6-res-util-pool-c4m2,,651,,pool,,1,,499,,569,,81,,1.0,,Cannot find cue top
sec6-res-util-pool-c4m2,,654,,pool,,1,,499,,630,,141,,4.16303988605e-05,,speech: left
sec6-res-util-pool-c4m2,,660,,pool,,1,,498,,629,,235,,1.99840144433e-16,,speech: left
sec6-res-util-pool-c4m2,,668,,pool,,1,,499,,668,,179,,1.10599875422e-09,,Cannot find object ball
sec6-res-util-pool-c4m2,,674,,pool,,1,,534,,839,,373,,4.82866386611e-33,,Cannot find object ball
sec6-res-util-pool-c4m2,,686,,pool,,1,,501,,645,,157,,4.92967853306e-07,,Cannot find cue top
sec6-res-util-pool-c4m2,,692,,pool,,1,,499,,599,,110,,0.225,,Cannot find cue top
sec6-res-util-pool-c4m2,,696,,pool,,1,,502,,603,,114,,0.074222319981,,Cannot find cue top
sec6-res-util-pool-c4m2,,700,,pool,,1,,499,,692,,214,,6.7504806776e-14,,Cannot find cue bottom
sec6-res-util-pool-c4m2,,707,,pool,,1,,516,,830,,383,,3.01791491632e-34,,speech: left
sec6-res-util-pool-c4m2,,720,,pool,,1,,499,,729,,282,,4.37843408913e-22,,speech: left
sec6-res-util-pool-c4m2,,729,,pool,,1,,501,,637,,151,,2.60189992878e-06,,Cannot find object ball
sec6-res-util-pool-c4m2,,735,,pool,,1,,512,,654,,165,,5.36441802979e-08,,Cannot find object ball
sec6-res-util-pool-c4m2,,740,,pool,,1,,518,,756,,306,,5.64197111074e-25,,Cannot find cue ball
sec6-res-util-pool-c4m2,,750,,pool,,1,,503,,800,,380,,6.93334779979e-34,,Cannot find cue ball
sec6-res-util-pool-c4m2,,763,,pool,,1,,500,,582,,93,,1.0,,Cannot find cue ball
sec6-res-util-pool-c4m2,,766,,pool,,1,,499,,576,,87,,1.0,,Cannot find cue top
sec6-res-util-pool-c4m2,,770,,pool,,1,,497,,640,,151,,2.60189992878e-06,,Cannot find cue top
sec6-res-util-pool-c4m2,,775,,pool,,1,,498,,582,,169,,1.76959800675e-08,,Cannot find cue ball
sec6-res-util-pool-c4m2,,781,,pool,,1,,499,,578,,90,,1.0,,Cannot find cue top
sec6-res-util-pool-c4m2,,785,,pool,,1,,503,,586,,98,,0.99919,,Cannot find cue top
sec6-res-util-pool-c4m2,,789,,pool,,1,,516,,637,,148,,5.97759633611e-06,,Cannot find cue top
sec6-res-util-pool-c4m2,,794,,pool,,1,,502,,583,,166,,4.06546863872e-08,,Cannot find cue top
sec6-res-util-pool-c4m2,,800,,pool,,1,,499,,564,,76,,1.0,,Cannot find cue bottom
sec6-res-util-pool-c4m2,,803,,pool,,1,,499,,601,,112,,0.129228564937,,Cannot find cue bottom
sec6-res-util-pool-c4m2,,816,,pool,,1,,530,,588,,141,,4.16303988605e-05,,Cannot find cue top
sec6-res-util-pool-c4m2,,820,,pool,,1,,497,,619,,131,,0.000666086381767,,Cannot find cue top
sec6-res-util-pool-c4m2,,825,,pool,,1,,501,,564,,75,,1.0,,Cannot find cue top
sec6-res-util-pool-c4m2,,828,,pool,,1,,499,,564,,75,,1.0,,Cannot find cue top
sec6-res-util-pool-c4m2,,831,,pool,,1,,499,,558,,70,,1.0,,Cannot find cue top
sec6-res-util-pool-c4m2,,834,,pool,,1,,500,,569,,81,,1.0,,Cannot find cue top
sec6-res-util-pool-c4m2,,837,,pool,,1,,499,,698,,253,,1.35914804926e-18,,Cannot find cue bottom
sec6-res-util-pool-c4m2,,846,,pool,,1,,509,,645,,157,,4.92967853306e-07,,Cannot find cue top
sec6-res-util-pool-c4m2,,851,,pool,,1,,522,,675,,192,,3.00883699528e-11,,Cannot find cue top
sec6-res-util-pool-c4m2,,858,,pool,,1,,511,,631,,142,,3.15499426116e-05,,Cannot find cue top
sec6-res-util-pool-c4m2,,863,,pool,,1,,531,,637,,149,,4.53017089728e-06,,Cannot find cue top
sec6-res-util-pool-c4m2,,2,,pool,,1,,500,,596,,108,,0.391747753483,,Cannot find cue top
sec6-res-util-pool-c4m2,,6,,pool,,1,,499,,657,,169,,1.76959800675e-08,,Cannot find cue bottom
sec6-res-util-pool-c4m2,,12,,pool,,1,,501,,576,,87,,1.0,,Cannot find cue top
sec6-res-util-pool-c4m2,,16,,pool,,1,,506,,660,,171,,1.01636715968e-08,,Cannot find cue bottom
sec6-res-util-pool-c4m2,,22,,pool,,1,,499,,649,,208,,3.56292506224e-13,,Cannot find cue bottom
sec6-res-util-pool-c4m2,,29,,pool,,1,,499,,613,,125,,0.003515625,,Cannot find cue top
sec6-res-util-pool-c4m2,,33,,pool,,1,,502,,584,,96,,0.99999,,Cannot find cue top
sec6-res-util-pool-c4m2,,37,,pool,,1,,499,,702,,214,,6.7504806776e-14,,Cannot find cue top
sec6-res-util-pool-c4m2,,44,,pool,,1,,497,,667,,179,,1.10599875422e-09,,Cannot find cue ball
sec6-res-util-pool-c4m2,,51,,pool,,1,,499,,591,,103,,0.95904,,Cannot find cue bottom
sec6-res-util-pool-c4m2,,55,,pool,,1,,498,,649,,160,,2.14576721191e-07,,Cannot find cue bottom
sec6-res-util-pool-c4m2,,61,,pool,,1,,515,,739,,350,,2.8398992588e-30,,Cannot find cue bottom
sec6-res-util-pool-c4m2,,72,,pool,,1,,500,,593,,104,,0.93439,,Cannot find cue bottom
sec6-res-util-pool-c4m2,,76,,pool,,1,,502,,648,,169,,1.76959800675e-08,,Cannot find cue bottom
sec6-res-util-pool-c4m2,,82,,pool,,1,,499,,725,,255,,7.8062556419e-19,,Cannot find cue bottom
sec6-res-util-pool-c4m2,,90,,pool,,1,,501,,743,,278,,1.32729301685e-21,,Cannot find object ball
sec6-res-util-pool-c4m2,,100,,pool,,1,,499,,722,,276,,2.31095136696e-21,,Cannot find cue bottom
sec6-res-util-pool-c4m2,,109,,pool,,1,,506,,679,,191,,3.9701842175e-11,,Cannot find cue bottom
sec6-res-util-pool-c4m2,,115,,pool,,1,,498,,611,,162,,1.23241963327e-07,,Cannot find cue bottom
sec6-res-util-pool-c4m2,,140,,pool,,1,,507,,802,,379,,9.14860726997e-34,,speech: right
sec6-res-util-pool-c4m2,,152,,pool,,1,,499,,682,,193,,2.28027203984e-11,,Cannot find object ball
sec6-res-util-pool-c4m2,,158,,pool,,1,,502,,662,,173,,5.83749642198e-09,,Cannot find cue bottom
sec6-res-util-pool-c4m2,,165,,pool,,1,,500,,761,,366,,3.36287683889e-32,,Cannot find object ball
sec6-res-util-pool-c4m2,,200,,pool,,1,,506,,567,,77,,1.0,,Cannot find cue bottom
sec6-res-util-pool-c4m2,,202,,pool,,1,,498,,568,,80,,1.0,,Cannot find cue bottom
sec6-res-util-pool-c4m2,,205,,pool,,1,,500,,652,,164,,7.07839202699e-08,,Cannot find cue bottom
sec6-res-util-pool-c4m2,,211,,pool,,1,,498,,573,,85,,1.0,,Cannot find object ball
sec6-res-util-pool-c4m2,,214,,pool,,1,,499,,623,,134,,0.000289930937426,,Cannot find cue ball
sec6-res-util-pool-c4m2,,219,,pool,,1,,529,,632,,143,,2.39103853444e-05,,Cannot find object ball
sec6-res-util-pool-c4m2,,224,,pool,,1,,499,,781,,319,,1.53488160267e-26,,speech: good
sec6-res-util-pool-c4m2,,235,,pool,,1,,499,,587,,100,,0.99375,,Cannot find object ball
sec6-res-util-pool-c4m2,,239,,pool,,1,,499,,611,,123,,0.00612105864818,,Cannot find object ball
sec6-res-util-pool-c4m2,,243,,pool,,1,,499,,636,,147,,7.8874856529e-06,,Cannot find cue ball
sec6-res-util-pool-c4m2,,248,,pool,,1,,500,,595,,106,,0.68207245493,,Cannot find cue top
sec6-res-util-pool-c4m2,,253,,pool,,1,,514,,628,,140,,5.4931640625e-05,,Cannot find cue top
sec6-res-util-pool-c4m2,,258,,pool,,1,,501,,599,,112,,0.129228564937,,Cannot find cue bottom
sec6-res-util-pool-c4m2,,262,,pool,,1,,504,,632,,144,,1.81206835891e-05,,Cannot find cue top
sec6-res-util-pool-c4m2,,267,,pool,,1,,499,,636,,225,,3.19744231092e-15,,Cannot find cue top
sec6-res-util-pool-c4m2,,275,,pool,,1,,499,,689,,201,,2.48136513594e-12,,Cannot find cue bottom
sec6-res-util-pool-c4m2,,282,,pool,,1,,500,,685,,196,,9.92546054374e-12,,Cannot find cue ball
sec6-res-util-pool-c4m2,,299,,pool,,1,,501,,612,,124,,0.00463889499881,,Cannot find cue bottom
sec6-res-util-pool-c4m2,,303,,pool,,1,,499,,647,,158,,3.73599771007e-07,,Cannot find cue bottom
sec6-res-util-pool-c4m2,,308,,pool,,1,,500,,613,,124,,0.00463889499881,,Cannot find cue bottom
sec6-res-util-pool-c4m2,,313,,pool,,1,,506,,660,,171,,1.01636715968e-08,,Cannot find cue bottom
sec6-res-util-pool-c4m2,,319,,pool,,1,,505,,630,,142,,3.15499426116e-05,,Cannot find cue bottom
sec6-res-util-pool-c4m2,,324,,pool,,1,,501,,687,,274,,4.02360002851e-21,,Cannot find cue bottom
sec6-res-util-pool-c4m2,,333,,pool,,1,,500,,666,,178,,1.4593741055e-09,,Cannot find cue bottom
sec6-res-util-pool-c4m2,,339,,pool,,1,,498,,678,,278,,1.32729301685e-21,,Cannot find cue top
sec6-res-util-pool-c4m2,,348,,pool,,1,,500,,554,,67,,1.0,,Cannot find cue top
sec6-res-util-pool-c4m2,,360,,pool,,1,,507,,567,,78,,1.0,,Cannot find cue top
sec6-res-util-pool-c4m2,,362,,pool,,1,,500,,574,,85,,1.0,,Cannot find cue top
sec6-res-util-pool-c4m2,,366,,pool,,1,,500,,587,,98,,0.99919,,Cannot find cue top
sec6-res-util-pool-c4m2,,369,,pool,,1,,505,,576,,130,,0.00087890625,,Cannot find cue top
sec6-res-util-pool-c4m2,,374,,pool,,1,,499,,575,,87,,1.0,,Cannot find cue top
sec6-res-util-pool-c4m2,,378,,pool,,1,,498,,568,,77,,1.0,,Cannot find cue top
sec6-res-util-pool-c4m2,,399,,pool,,1,,505,,598,,110,,0.225,,Cannot find cue top
sec6-res-util-pool-c4m2,,403,,pool,,1,,509,,663,,310,,1.86115637824e-25,,Cannot find cue bottom
sec6-res-util-pool-c4m2,,413,,pool,,1,,499,,593,,104,,0.93439,,Cannot find cue top
sec6-res-util-pool-c4m2,,417,,pool,,1,,498,,666,,177,,1.92565567698e-09,,Cannot find cue bottom
sec6-res-util-pool-c4m2,,423,,pool,,1,,529,,636,,148,,5.97759633611e-06,,Cannot find cue bottom
sec6-res-util-pool-c4m2,,428,,pool,,1,,499,,687,,199,,4.32030763366e-12,,Cannot find cue top
sec6-res-util-pool-c4m2,,435,,pool,,1,,523,,658,,169,,1.76959800675e-08,,Cannot find cue bottom
sec6-res-util-pool-c4m2,,441,,pool,,1,,525,,740,,462,,9.27169482718e-44,,Cannot find cue bottom
sec6-res-util-pool-c4m2,,456,,pool,,1,,502,,642,,153,,1.49439908403e-06,,Cannot find cue top
sec6-res-util-pool-c4m2,,461,,pool,,1,,500,,602,,114,,0.074222319981,,Cannot find cue bottom
sec6-res-util-pool-c4m2,,466,,pool,,1,,510,,752,,362,,1.01943362717e-31,,Cannot find cue bottom
sec6-res-util-pool-c4m2,,477,,pool,,1,,501,,741,,277,,1.75137363565e-21,,Cannot find cue bottom
sec6-res-util-pool-c4m2,,487,,pool,,1,,553,,835,,383,,3.01791491632e-34,,Cannot find cue bottom
sec6-res-util-pool-c4m2,,499,,pool,,1,,506,,714,,282,,4.37843408913e-22,,Cannot find cue ball
sec6-res-util-pool-c4m2,,508,,pool,,1,,505,,721,,273,,5.30917206741e-21,,Cannot find cue bottom
sec6-res-util-pool-c4m2,,517,,pool,,1,,509,,628,,139,,7.24827343564e-05,,Cannot find cue top
sec6-res-util-pool-c4m2,,523,,pool,,1,,502,,617,,128,,0.00153026466204,,Cannot find cue top
sec6-res-util-pool-c4m2,,532,,pool,,1,,502,,667,,178,,1.4593741055e-09,,Cannot find cue top
sec6-res-util-pool-c4m2,,537,,pool,,1,,499,,647,,226,,2.42320814056e-15,,Cannot find cue top
sec6-res-util-pool-c4m2,,572,,pool,,1,,506,,639,,150,,3.43322753906e-06,,Cannot find cue top
sec6-res-util-pool-c4m2,,576,,pool,,1,,518,,646,,157,,4.92967853306e-07,,Cannot find cue top
sec6-res-util-pool-c4m2,,582,,pool,,1,,532,,662,,173,,5.83749642198e-09,,Cannot find cue top
sec6-res-util-pool-c4m2,,588,,pool,,1,,499,,683,,195,,1.30967237055e-11,,Cannot find cue top
sec6-res-util-pool-c4m2,,604,,pool,,1,,499,,629,,140,,5.4931640625e-05,,Cannot find cue top
sec6-res-util-pool-c4m2,,608,,pool,,1,,497,,581,,93,,1.0,,Cannot find cue top
sec6-res-util-pool-c4m2,,612,,pool,,1,,497,,565,,75,,1.0,,Cannot find cue bottom
sec6-res-util-pool-c4m2,,615,,pool,,1,,496,,644,,155,,8.58306884766e-07,,Cannot find cue bottom
sec6-res-util-pool-c4m2,,620,,pool,,1,,499,,596,,109,,0.296889279924,,Cannot find cue ball
sec6-res-util-pool-c4m2,,624,,pool,,1,,497,,640,,152,,1.97187141323e-06,,Cannot find cue ball
sec6-res-util-pool-c4m2,,635,,pool,,1,,498,,637,,148,,5.97759633611e-06,,Cannot find cue ball
sec6-res-util-pool-c4m2,,639,,pool,,1,,498,,590,,101,,0.98704,,Cannot find cue ball
sec6-res-util-pool-c4m2,,643,,pool,,1,,497,,609,,163,,9.33999427517e-08,,speech: right
sec6-res-util-pool-c4m2,,649,,pool,,1,,499,,565,,77,,1.0,,Cannot find cue top
sec6-res-util-pool-c4m2,,652,,pool,,1,,497,,600,,111,,0.170518113732,,Cannot find cue top
sec6-res-util-pool-c4m2,,657,,pool,,1,,496,,599,,145,,1.37329101563e-05,,speech: left
sec6-res-util-pool-c4m2,,662,,pool,,1,,497,,777,,381,,5.25449506076e-34,,speech: left
sec6-res-util-pool-c4m2,,674,,pool,,1,,499,,701,,212,,1.17532695128e-13,,Cannot find object ball
sec6-res-util-pool-c4m2,,681,,pool,,1,,503,,581,,92,,1.0,,Cannot find object ball
sec6-res-util-pool-c4m2,,685,,pool,,1,,497,,610,,121,,0.0106573821083,,Cannot find cue top
sec6-res-util-pool-c4m2,,689,,pool,,1,,497,,575,,86,,1.0,,Cannot find cue top
sec6-res-util-pool-c4m2,,693,,pool,,1,,499,,774,,370,,1.10933564797e-32,,Cannot find cue top
sec6-res-util-pool-c4m2,,705,,pool,,1,,498,,764,,382,,3.98216260612e-34,,speech: left
sec6-res-util-pool-c4m2,,717,,pool,,1,,499,,651,,162,,1.23241963327e-07,,speech: left
sec6-res-util-pool-c4m2,,723,,pool,,1,,497,,765,,293,,2.07389533883e-23,,speech: left
sec6-res-util-pool-c4m2,,732,,pool,,1,,503,,844,,381,,5.25449506076e-34,,Cannot find cue ball
sec6-res-util-pool-c4m2,,745,,pool,,1,,504,,672,,184,,2.76499688554e-10,,Cannot find object ball
sec6-res-util-pool-c4m2,,751,,pool,,1,,501,,645,,267,,2.80219781704e-20,,Cannot find object ball
sec6-res-util-pool-c4m2,,760,,pool,,1,,499,,711,,278,,1.32729301685e-21,,Cannot find cue ball
sec6-res-util-pool-c4m2,,769,,pool,,1,,498,,612,,124,,0.00463889499881,,Cannot find cue top
sec6-res-util-pool-c4m2,,774,,pool,,1,,500,,749,,329,,9.59301001671e-28,,Cannot find cue ball
sec6-res-util-pool-c4m2,,785,,pool,,1,,501,,615,,126,,0.00266434552707,,Cannot find cue top
sec6-res-util-pool-c4m2,,789,,pool,,1,,518,,651,,162,,1.23241963327e-07,,Cannot find cue top
sec6-res-util-pool-c4m2,,795,,pool,,1,,502,,575,,87,,1.0,,Cannot find cue top
sec6-res-util-pool-c4m2,,799,,pool,,1,,511,,635,,146,,1.04075997151e-05,,Cannot find cue bottom
sec6-res-util-pool-c4m2,,804,,pool,,1,,499,,567,,78,,1.0,,Cannot find cue top
sec6-res-util-pool-c4m2,,816,,pool,,1,,504,,672,,183,,3.64843526374e-10,,Cannot find cue top
sec6-res-util-pool-c4m2,,821,,pool,,1,,498,,564,,75,,1.0,,Cannot find cue top
sec6-res-util-pool-c4m2,,824,,pool,,1,,498,,584,,96,,0.99999,,Cannot find cue top
sec6-res-util-pool-c4m2,,828,,pool,,1,,500,,670,,182,,4.81413919245e-10,,Cannot find cue top
sec6-res-util-pool-c4m2,,834,,pool,,1,,505,,569,,80,,1.0,,Cannot find cue top
sec6-res-util-pool-c4m2,,838,,pool,,1,,500,,649,,160,,2.14576721191e-07,,Cannot find cue top
sec6-res-util-pool-c4m2,,843,,pool,,1,,524,,588,,100,,0.99375,,Cannot find cue top
sec6-res-util-pool-c4m2,,847,,pool,,1,,501,,651,,162,,1.23241963327e-07,,Cannot find cue top
sec6-res-util-pool-c4m2,,853,,pool,,1,,505,,633,,144,,1.81206835891e-05,,Cannot find cue top
sec6-res-util-pool-c4m2,,858,,pool,,1,,498,,634,,145,,1.37329101563e-05,,Cannot find cue top
sec6-res-util-pool-c4m2,,863,,pool,,1,,511,,630,,142,,3.15499426116e-05,,Cannot find cue top
sec6-res-util-pool-c4m2,,2,,pool,,1,,506,,709,,250,,3.12250225676e-18,,Cannot find cue top
sec6-res-util-pool-c4m2,,11,,pool,,1,,500,,570,,81,,1.0,,Cannot find cue top
sec6-res-util-pool-c4m2,,14,,pool,,1,,500,,625,,137,,0.000126199770446,,Cannot find cue top
sec6-res-util-pool-c4m2,,19,,pool,,1,,532,,670,,208,,3.56292506224e-13,,Cannot find cue top
sec6-res-util-pool-c4m2,,26,,pool,,1,,500,,710,,280,,7.62329652529e-22,,Cannot find cue bottom
sec6-res-util-pool-c4m2,,35,,pool,,1,,500,,623,,134,,0.000289930937426,,Cannot find cue top
sec6-res-util-pool-c4m2,,40,,pool,,1,,522,,773,,318,,2.02528841683e-26,,Cannot find cue ball
sec6-res-util-pool-c4m2,,51,,pool,,1,,502,,781,,376,,2.10179802431e-33,,Cannot find cue bottom
sec6-res-util-pool-c4m2,,63,,pool,,1,,500,,618,,129,,0.0011597237497,,Cannot find cue bottom
sec6-res-util-pool-c4m2,,68,,pool,,1,,519,,738,,321,,8.81557986054e-27,,Cannot find cue bottom
sec6-res-util-pool-c4m2,,78,,pool,,1,,498,,692,,203,,1.4251700249e-12,,Cannot find cue bottom
sec6-res-util-pool-c4m2,,85,,pool,,1,,498,,659,,170,,1.34110450745e-08,,Cannot find object ball
sec6-res-util-pool-c4m2,,91,,pool,,1,,499,,599,,110,,0.225,,Cannot find object ball
sec6-res-util-pool-c4m2,,95,,pool,,1,,499,,581,,93,,1.0,,Cannot find object ball
sec6-res-util-pool-c4m2,,99,,pool,,1,,499,,567,,77,,1.0,,Cannot find object ball
sec6-res-util-pool-c4m2,,102,,pool,,1,,502,,572,,84,,1.0,,Cannot find cue bottom
sec6-res-util-pool-c4m2,,106,,pool,,1,,498,,581,,92,,1.0,,Cannot find cue bottom
sec6-res-util-pool-c4m2,,109,,pool,,1,,499,,588,,99,,0.99744,,Cannot find cue bottom
sec6-res-util-pool-c4m2,,113,,pool,,1,,499,,561,,72,,1.0,,Cannot find cue bottom
sec6-res-util-pool-c4m2,,116,,pool,,1,,498,,565,,143,,2.39103853444e-05,,Cannot find cue bottom
sec6-res-util-pool-c4m2,,140,,pool,,1,,513,,662,,173,,5.83749642198e-09,,speech: right
sec6-res-util-pool-c4m2,,146,,pool,,1,,499,,610,,122,,0.00807678530857,,speech: right
sec6-res-util-pool-c4m2,,150,,pool,,1,,499,,617,,129,,0.0011597237497,,speech: good
sec6-res-util-pool-c4m2,,155,,pool,,1,,503,,717,,287,,1.09460852228e-22,,Cannot find object ball
sec6-res-util-pool-c4m2,,164,,pool,,1,,500,,721,,281,,5.7773784174e-22,,Cannot find object ball
sec6-res-util-pool-c4m2,,174,,pool,,1,,499,,608,,118,,0.0244842345927,,Cannot find cue bottom
sec6-res-util-pool-c4m2,,200,,pool,,1,,505,,589,,99,,0.99744,,Cannot find cue bottom
sec6-res-util-pool-c4m2,,203,,pool,,1,,505,,717,,328,,1.26580526052e-27,,Cannot find cue bottom
sec6-res-util-pool-c4m2,,214,,pool,,1,,500,,753,,280,,7.62329652529e-22,,Cannot find cue ball
sec6-res-util-pool-c4m2,,223,,pool,,1,,499,,767,,384,,2.28715181749e-34,,speech: left
sec6-res-util-pool-c4m2,,235,,pool,,1,,500,,580,,91,,1.0,,Cannot find object ball
sec6-res-util-pool-c4m2,,239,,pool,,1,,501,,642,,153,,1.49439908403e-06,,Cannot find object ball
sec6-res-util-pool-c4m2,,244,,pool,,1,,500,,635,,146,,1.04075997151e-05,,Cannot find cue ball
sec6-res-util-pool-c4m2,,249,,pool,,1,,499,,593,,104,,0.93439,,Cannot find cue top
sec6-res-util-pool-c4m2,,253,,pool,,1,,517,,649,,161,,1.62618745549e-07,,Cannot find cue top
sec6-res-util-pool-c4m2,,259,,pool,,1,,499,,568,,79,,1.0,,Cannot find cue top
sec6-res-util-pool-c4m2,,262,,pool,,1,,499,,544,,55,,1.0,,Cannot find cue top
sec6-res-util-pool-c4m2,,265,,pool,,1,,499,,555,,66,,1.0,,Cannot find cue top
sec6-res-util-pool-c4m2,,268,,pool,,1,,499,,595,,106,,0.68207245493,,Cannot find cue top
sec6-res-util-pool-c4m2,,272,,pool,,1,,503,,568,,114,,0.074222319981,,Cannot find cue top
sec6-res-util-pool-c4m2,,276,,pool,,1,,499,,578,,136,,0.000166521595442,,Cannot find cue bottom
sec6-res-util-pool-c4m2,,281,,pool,,1,,499,,554,,65,,1.0,,Cannot find cue bottom
sec6-res-util-pool-c4m2,,284,,pool,,1,,501,,740,,287,,1.09460852228e-22,,Cannot find cue ball
sec6-res-util-pool-c4m2,,299,,pool,,1,,498,,683,,194,,1.72812305347e-11,,Cannot find cue bottom
sec6-res-util-pool-c4m2,,305,,pool,,1,,500,,656,,168,,2.33499856879e-08,,Cannot find cue bottom
sec6-res-util-pool-c4m2,,311,,pool,,1,,511,,675,,186,,1.588073687e-10,,Cannot find cue bottom
sec6-res-util-pool-c4m2,,317,,pool,,1,,501,,700,,212,,1.17532695128e-13,,Cannot find cue bottom
sec6-res-util-pool-c4m2,,324,,pool,,1,,501,,592,,160,,2.14576721191e-07,,Cannot find cue bottom
sec6-res-util-pool-c4m2,,330,,pool,,1,,502,,602,,113,,0.0979369383708,,Cannot find cue bottom
sec6-res-util-pool-c4m2,,335,,pool,,1,,514,,660,,172,,7.70262270791e-09,,Cannot find cue top
sec6-res-util-pool-c4m2,,341,,pool,,1,,513,,673,,184,,2.76499688554e-10,,Cannot find cue top
sec6-res-util-pool-c4m2,,347,,pool,,1,,502,,601,,112,,0.129228564937,,Cannot find cue top
sec6-res-util-pool-c4m2,,360,,pool,,1,,503,,615,,126,,0.00266434552707,,Cannot find cue top
sec6-res-util-pool-c4m2,,364,,pool,,1,,501,,648,,159,,2.8313568108e-07,,Cannot find cue top
sec6-res-util-pool-c4m2,,370,,pool,,1,,500,,673,,184,,2.76499688554e-10,,Cannot find cue top
sec6-res-util-pool-c4m2,,376,,pool,,1,,501,,660,,172,,7.70262270791e-09,,Cannot find cue top
sec6-res-util-pool-c4m2,,399,,pool,,1,,507,,699,,210,,2.04636307899e-13,,Cannot find cue top
sec6-res-util-pool-c4m2,,405,,pool,,1,,498,,613,,124,,0.00463889499881,,Cannot find cue bottom
sec6-res-util-pool-c4m2,,410,,pool,,1,,505,,711,,290,,4.76456032831e-23,,Cannot find cue bottom
sec6-res-util-pool-c4m2,,419,,pool,,1,,499,,689,,201,,2.48136513594e-12,,Cannot find cue bottom
sec6-res-util-pool-c4m2,,426,,pool,,1,,498,,757,,343,,1.97782071956e-29,,Cannot find cue bottom
sec6-res-util-pool-c4m2,,438,,pool,,1,,502,,789,,381,,5.25449506076e-34,,Cannot find cue bottom
sec6-res-util-pool-c4m2,,450,,pool,,1,,500,,603,,114,,0.074222319981,,Cannot find cue bottom
sec6-res-util-pool-c4m2,,454,,pool,,1,,499,,579,,89,,1.0,,Cannot find cue top
sec6-res-util-pool-c4m2,,458,,pool,,1,,499,,663,,175,,3.35276126862e-09,,Cannot find cue bottom
sec6-res-util-pool-c4m2,,464,,pool,,1,,500,,747,,323,,5.06322104207e-27,,Cannot find cue bottom
sec6-res-util-pool-c4m2,,475,,pool,,1,,500,,702,,213,,8.90731265561e-14,,Cannot find cue bottom
sec6-res-util-pool-c4m2,,482,,pool,,1,,504,,621,,243,,2.17463687881e-17,,Cannot find cue bottom
sec6-res-util-pool-c4m2,,490,,pool,,1,,500,,693,,205,,8.18545231596e-13,,Cannot find cue bottom
sec6-res-util-pool-c4m2,,497,,pool,,1,,502,,639,,150,,3.43322753906e-06,,Cannot find cue bottom
sec6-res-util-pool-c4m2,,502,,pool,,1,,498,,642,,153,,1.49439908403e-06,,Cannot find cue bottom
sec6-res-util-pool-c4m2,,508,,pool,,1,,500,,599,,110,,0.225,,Cannot find cue bottom
sec6-res-util-pool-c4m2,,512,,pool,,1,,507,,634,,145,,1.37329101563e-05,,Cannot find cue bottom
sec6-res-util-pool-c4m2,,517,,pool,,1,,500,,637,,198,,5.70068009959e-12,,Cannot find cue top
sec6-res-util-pool-c4m2,,524,,pool,,1,,508,,643,,155,,8.58306884766e-07,,Cannot find cue top
sec6-res-util-pool-c4m2,,532,,pool,,1,,502,,610,,121,,0.0106573821083,,Cannot find cue top
sec6-res-util-pool-c4m2,,536,,pool,,1,,513,,643,,192,,3.00883699528e-11,,Cannot find cue top
sec6-res-util-pool-c4m2,,572,,pool,,1,,508,,567,,78,,1.0,,Cannot find cue top
sec6-res-util-pool-c4m2,,574,,pool,,1,,525,,649,,160,,2.14576721191e-07,,Cannot find cue top
sec6-res-util-pool-c4m2,,580,,pool,,1,,539,,663,,174,,4.42399501687e-09,,Cannot find cue top
sec6-res-util-pool-c4m2,,586,,pool,,1,,500,,571,,82,,1.0,,Cannot find cue top
sec6-res-util-pool-c4m2,,589,,pool,,1,,500,,573,,84,,1.0,,Cannot find cue top
sec6-res-util-pool-c4m2,,604,,pool,,1,,505,,559,,70,,1.0,,Cannot find cue top
sec6-res-util-pool-c4m2,,607,,pool,,1,,500,,584,,96,,0.99999,,Cannot find cue top
sec6-res-util-pool-c4m2,,610,,pool,,1,,522,,774,,365,,4.43734259187e-32,,Cannot find cue bottom
sec6-res-util-pool-c4m2,,622,,pool,,1,,503,,737,,283,,3.31823254213e-22,,Cannot find cue ball
sec6-res-util-pool-c4m2,,635,,pool,,1,,499,,588,,99,,0.99744,,Cannot find cue ball
sec6-res-util-pool-c4m2,,638,,pool,,1,,499,,649,,262,,1.12087912682e-19,,Cannot find cue ball
sec6-res-util-pool-c4m2,,647,,pool,,1,,511,,739,,279,,1.00590000713e-21,,Cannot find cue ball
sec6-res-util-pool-c4m2,,656,,pool,,1,,500,,730,,279,,1.00590000713e-21,,speech: left
sec6-res-util-pool-c4m2,,665,,pool,,1,,501,,740,,275,,3.04931861012e-21,,Cannot find object ball
sec6-res-util-pool-c4m2,,674,,pool,,1,,499,,698,,210,,2.04636307899e-13,,Cannot find object ball
sec6-res-util-pool-c4m2,,682,,pool,,1,,499,,667,,178,,1.4593741055e-09,,Cannot find cue ball
sec6-res-util-pool-c4m2,,688,,pool,,1,,501,,580,,92,,1.0,,Cannot find cue top
sec6-res-util-pool-c4m2,,691,,pool,,1,,499,,651,,162,,1.23241963327e-07,,Cannot find cue top
sec6-res-util-pool-c4m2,,697,,pool,,1,,537,,674,,243,,2.17463687881e-17,,Cannot find cue top
sec6-res-util-pool-c4m2,,705,,pool,,1,,498,,596,,107,,0.516914259749,,speech: left
sec6-res-util-pool-c4m2,,709,,pool,,1,,528,,686,,346,,8.60896470755e-30,,speech: right
sec6-res-util-pool-c4m2,,720,,pool,,1,,504,,703,,213,,8.90731265561e-14,,speech: left
sec6-res-util-pool-c4m2,,728,,pool,,1,,500,,825,,444,,1.36324871629e-41,,Cannot find object ball
sec6-res-util-pool-c4m2,,742,,pool,,1,,535,,775,,380,,6.93334779979e-34,,Cannot find object ball
sec6-res-util-pool-c4m2,,754,,pool,,1,,499,,601,,112,,0.129228564937,,Cannot find cue ball
sec6-res-util-pool-c4m2,,758,,pool,,1,,499,,650,,196,,9.92546054374e-12,,Cannot find cue ball
sec6-res-util-pool-c4m2,,765,,pool,,1,,499,,673,,184,,2.76499688554e-10,,Cannot find cue top
sec6-res-util-pool-c4m2,,772,,pool,,1,,499,,594,,105,,0.9,,Cannot find cue top
sec6-res-util-pool-c4m2,,776,,pool,,1,,509,,719,,280,,7.62329652529e-22,,Cannot find cue bottom
sec6-res-util-pool-c4m2,,785,,pool,,1,,505,,722,,277,,1.75137363565e-21,,Cannot find cue top
sec6-res-util-pool-c4m2,,794,,pool,,1,,502,,602,,114,,0.074222319981,,Cannot find cue top
sec6-res-util-pool-c4m2,,798,,pool,,1,,500,,793,,344,,1.49890781511e-29,,Cannot find cue bottom
sec6-res-util-pool-c4m2,,816,,pool,,1,,498,,647,,190,,5.23868948221e-11,,Cannot find cue top
sec6-res-util-pool-c4m2,,822,,pool,,1,,499,,581,,93,,1.0,,Cannot find cue top
sec6-res-util-pool-c4m2,,825,,pool,,1,,500,,547,,58,,1.0,,Cannot find cue top
sec6-res-util-pool-c4m2,,828,,pool,,1,,501,,550,,61,,1.0,,Cannot find cue top
sec6-res-util-pool-c4m2,,831,,pool,,1,,500,,560,,71,,1.0,,Cannot find cue top
sec6-res-util-pool-c4m2,,834,,pool,,1,,499,,543,,54,,1.0,,Cannot find cue top
sec6-res-util-pool-c4m2,,836,,pool,,1,,500,,549,,60,,1.0,,Cannot find cue bottom
sec6-res-util-pool-c4m2,,839,,pool,,1,,499,,547,,57,,1.0,,Cannot find cue top
sec6-res-util-pool-c4m2,,841,,pool,,1,,500,,564,,75,,1.0,,Cannot find cue top
sec6-res-util-pool-c4m2,,844,,pool,,1,,500,,552,,63,,1.0,,Cannot find cue top
sec6-res-util-pool-c4m2,,847,,pool,,1,,526,,593,,148,,5.97759633611e-06,,Cannot find cue top
sec6-res-util-pool-c4m2,,852,,pool,,1,,499,,600,,110,,0.225,,Cannot find cue top
sec6-res-util-pool-c4m2,,857,,pool,,1,,499,,542,,53,,1.0,,Cannot find cue top
sec6-res-util-pool-c4m2,,859,,pool,,1,,499,,576,,87,,1.0,,Cannot find cue top
sec6-res-util-pool-c4m2,,863,,pool,,1,,500,,625,,136,,0.000166521595442,,Cannot find cue top
sec6-res-util-pool-c4m2,,2,,pool,,1,,500,,564,,75,,1.0,,Cannot find cue top
sec6-res-util-pool-c4m2,,5,,pool,,1,,499,,546,,57,,1.0,,Cannot find cue top
sec6-res-util-pool-c4m2,,7,,pool,,1,,499,,570,,81,,1.0,,Cannot find cue bottom
sec6-res-util-pool-c4m2,,11,,pool,,1,,498,,549,,62,,1.0,,Cannot find cue top
sec6-res-util-pool-c4m2,,14,,pool,,1,,500,,556,,67,,1.0,,Cannot find cue top
sec6-res-util-pool-c4m2,,17,,pool,,1,,502,,590,,101,,0.98704,,Cannot find cue bottom
sec6-res-util-pool-c4m2,,20,,pool,,1,,500,,559,,70,,1.0,,Cannot find cue top
sec6-res-util-pool-c4m2,,23,,pool,,1,,498,,675,,187,,1.20353479811e-10,,Cannot find cue bottom
sec6-res-util-pool-c4m2,,30,,pool,,1,,500,,580,,91,,1.0,,Cannot find cue top
sec6-res-util-pool-c4m2,,33,,pool,,1,,505,,584,,96,,0.99999,,Cannot find cue top
sec6-res-util-pool-c4m2,,37,,pool,,1,,498,,592,,104,,0.93439,,Cannot find cue top
sec6-res-util-pool-c4m2,,41,,pool,,1,,499,,578,,90,,1.0,,Cannot find cue ball
sec6-res-util-pool-c4m2,,44,,pool,,1,,500,,676,,293,,2.07389533883e-23,,Cannot find cue ball
sec6-res-util-pool-c4m2,,54,,pool,,1,,498,,745,,280,,7.62329652529e-22,,Cannot find cue bottom
sec6-res-util-pool-c4m2,,63,,pool,,1,,499,,719,,278,,1.32729301685e-21,,Cannot find cue bottom
sec6-res-util-pool-c4m2,,73,,pool,,1,,500,,710,,278,,1.32729301685e-21,,Cannot find cue bottom
sec6-res-util-pool-c4m2,,82,,pool,,1,,498,,744,,279,,1.00590000713e-21,,Cannot find cue bottom
sec6-res-util-pool-c4m2,,91,,pool,,1,,498,,812,,381,,5.25449506076e-34,,Cannot find object ball
sec6-res-util-pool-c4m2,,103,,pool,,1,,499,,581,,92,,1.0,,Cannot find cue bottom
sec6-res-util-pool-c4m2,,107,,pool,,1,,499,,584,,95,,1.0,,Cannot find cue bottom
sec6-res-util-pool-c4m2,,111,,pool,,1,,500,,662,,235,,1.99840144433e-16,,Cannot find cue bottom
sec6-res-util-pool-c4m2,,140,,pool,,1,,504,,764,,310,,1.86115637824e-25,,speech: right
sec6-res-util-pool-c4m2,,149,,pool,,1,,499,,660,,171,,1.01636715968e-08,,Cannot find object ball
sec6-res-util-pool-c4m2,,155,,pool,,1,,520,,666,,177,,1.92565567698e-09,,Cannot find object ball
sec6-res-util-pool-c4m2,,162,,pool,,1,,513,,579,,176,,2.5409178992e-09,,Cannot find cue bottom
sec6-res-util-pool-c4m2,,168,,pool,,1,,499,,646,,159,,2.8313568108e-07,,Cannot find object ball
sec6-res-util-pool-c4m2,,173,,pool,,1,,520,,696,,207,,4.70130780512e-13,,Cannot find cue bottom
sec6-res-util-pool-c4m2,,200,,pool,,1,,509,,600,,111,,0.170518113732,,Cannot find cue bottom
sec6-res-util-pool-c4m2,,203,,pool,,1,,532,,735,,324,,3.83720400669e-27,,Cannot find cue bottom
sec6-res-util-pool-c4m2,,214,,pool,,1,,500,,696,,206,,6.20341283984e-13,,Cannot find cue ball
sec6-res-util-pool-c4m2,,221,,pool,,1,,499,,777,,351,,2.15224117689e-30,,Cannot find object ball
sec6-res-util-pool-c4m2,,232,,pool,,1,,500,,594,,105,,0.9,,Cannot find cue ball
sec6-res-util-pool-c4m2,,236,,pool,,1,,499,,634,,145,,1.37329101563e-05,,Cannot find cue ball
sec6-res-util-pool-c4m2,,242,,pool,,1,,499,,660,,171,,1.01636715968e-08,,Cannot find cue ball
sec6-res-util-pool-c4m2,,247,,pool,,1,,499,,613,,125,,0.003515625,,Cannot find cue top
sec6-res-util-pool-c4m2,,252,,pool,,1,,504,,636,,147,,7.8874856529e-06,,Cannot find cue top
sec6-res-util-pool-c4m2,,257,,pool,,1,,522,,658,,169,,1.76959800675e-08,,Cannot find cue top
sec6-res-util-pool-c4m2,,263,,pool,,1,,500,,630,,141,,4.16303988605e-05,,Cannot find cue top
sec6-res-util-pool-c4m2,,268,,pool,,1,,500,,574,,85,,1.0,,Cannot find cue top
sec6-res-util-pool-c4m2,,272,,pool,,1,,500,,547,,58,,1.0,,Cannot find cue top
sec6-res-util-pool-c4m2,,274,,pool,,1,,499,,540,,51,,1.0,,Cannot find cue top
sec6-res-util-pool-c4m2,,277,,pool,,1,,501,,640,,150,,3.43322753906e-06,,Cannot find cue bottom
sec6-res-util-pool-c4m2,,282,,pool,,1,,500,,710,,257,,4.48351650727e-19,,Cannot find cue ball
sec6-res-util-pool-c4m2,,299,,pool,,1,,506,,639,,150,,3.43322753906e-06,,Cannot find cue bottom
sec6-res-util-pool-c4m2,,304,,pool,,1,,500,,726,,260,,1.95156391047e-19,,Cannot find cue bottom
sec6-res-util-pool-c4m2,,312,,pool,,1,,501,,701,,212,,1.17532695128e-13,,Cannot find cue bottom
sec6-res-util-pool-c4m2,,319,,pool,,1,,500,,659,,171,,1.01636715968e-08,,Cannot find cue bottom
sec6-res-util-pool-c4m2,,325,,pool,,1,,500,,607,,118,,0.0244842345927,,Cannot find cue top
sec6-res-util-pool-c4m2,,330,,pool,,1,,506,,740,,305,,7.44462551298e-25,,Cannot find cue bottom
sec6-res-util-pool-c4m2,,340,,pool,,1,,501,,583,,95,,1.0,,Cannot find cue top
sec6-res-util-pool-c4m2,,344,,pool,,1,,499,,561,,72,,1.0,,Cannot find cue top
sec6-res-util-pool-c4m2,,347,,pool,,1,,500,,589,,100,,0.99375,,Cannot find cue top
sec6-res-util-pool-c4m2,,360,,pool,,1,,529,,642,,153,,1.49439908403e-06,,Cannot find cue top
sec6-res-util-pool-c4m2,,365,,pool,,1,,498,,599,,110,,0.225,,Cannot find cue top
sec6-res-util-pool-c4m2,,368,,pool,,1,,500,,648,,159,,2.8313568108e-07,,Cannot find cue top
sec6-res-util-pool-c4m2,,374,,pool,,1,,500,,565,,76,,1.0,,Cannot find cue top
sec6-res-util-pool-c4m2,,377,,pool,,1,,499,,663,,174,,4.42399501687e-09,,Cannot find cue top
sec6-res-util-pool-c4m2,,399,,pool,,1,,505,,618,,129,,0.0011597237497,,Cannot find cue top
sec6-res-util-pool-c4m2,,403,,pool,,1,,499,,597,,108,,0.391747753483,,Cannot find cue bottom
sec6-res-util-pool-c4m2,,407,,pool,,1,,517,,657,,168,,2.33499856879e-08,,Cannot find cue bottom
sec6-res-util-pool-c4m2,,413,,pool,,1,,520,,653,,164,,7.07839202699e-08,,Cannot find cue top
sec6-res-util-pool-c4m2,,419,,pool,,1,,499,,567,,78,,1.0,,Cannot find cue bottom
sec6-res-util-pool-c4m2,,422,,pool,,1,,499,,628,,138,,9.56415413777e-05,,Cannot find cue bottom
sec6-res-util-pool-c4m2,,427,,pool,,1,,498,,708,,329,,9.59301001671e-28,,Cannot find cue bottom
sec6-res-util-pool-c4m2,,438,,pool,,1,,500,,643,,154,,1.13254272432e-06,,Cannot find cue bottom
sec6-res-util-pool-c4m2,,444,,pool,,1,,515,,588,,299,,3.92929690285e-24,,Cannot find cue bottom
sec6-res-util-pool-c4m2,,453,,pool,,1,,506,,701,,211,,1.55085320996e-13,,Cannot find cue top
sec6-res-util-pool-c4m2,,461,,pool,,1,,500,,780,,452,,1.48347117235e-42,,Cannot find cue bottom
sec6-res-util-pool-c4m2,,475,,pool,,1,,503,,792,,381,,5.25449506076e-34,,Cannot find cue bottom
sec6-res-util-pool-c4m2,,487,,pool,,1,,503,,694,,205,,8.18545231596e-13,,Cannot find cue bottom
sec6-res-util-pool-c4m2,,494,,pool,,1,,518,,664,,175,,3.35276126862e-09,,Cannot find cue bottom
sec6-res-util-pool-c4m2,,501,,pool,,1,,514,,624,,135,,0.0002197265625,,Cannot find cue bottom
sec6-res-util-pool-c4m2,,505,,pool,,1,,500,,581,,92,,1.0,,Cannot find cue top
sec6-res-util-pool-c4m2,,509,,pool,,1,,531,,665,,270,,1.21972744405e-20,,Cannot find cue bottom
sec6-res-util-pool-c4m2,,518,,pool,,1,,501,,641,,160,,2.14576721191e-07,,Cannot find cue top
sec6-res-util-pool-c4m2,,524,,pool,,1,,546,,701,,295,,1.19114008208e-23,,Cannot find cue top
sec6-res-util-pool-c4m2,,533,,pool,,1,,504,,672,,183,,3.64843526374e-10,,Cannot find cue bottom
sec6-res-util-pool-c4m2,,540,,pool,,1,,501,,621,,171,,1.01636715968e-08,,Cannot find cue top
sec6-res-util-pool-c4m2,,572,,pool,,1,,511,,749,,335,,1.81753552563e-28,,Cannot find cue top
sec6-res-util-pool-c4m2,,582,,pool,,1,,501,,587,,98,,0.99919,,Cannot find cue top
sec6-res-util-pool-c4m2,,586,,pool,,1,,500,,562,,73,,1.0,,Cannot find cue top
sec6-res-util-pool-c4m2,,589,,pool,,1,,501,,555,,66,,1.0,,Cannot find cue top
sec6-res-util-pool-c4m2,,604,,pool,,1,,511,,601,,112,,0.129228564937,,Cannot find cue top
sec6-res-util-pool-c4m2,,607,,pool,,1,,499,,569,,80,,1.0,,Cannot find cue top
sec6-res-util-pool-c4m2,,611,,pool,,1,,501,,562,,73,,1.0,,Cannot find cue bottom
sec6-res-util-pool-c4m2,,614,,pool,,1,,500,,590,,101,,0.98704,,Cannot find cue bottom
sec6-res-util-pool-c4m2,,618,,pool,,1,,512,,627,,137,,0.000126199770446,,Cannot find cue bottom
sec6-res-util-pool-c4m2,,623,,pool,,1,,500,,671,,183,,3.64843526374e-10,,Cannot find cue ball
sec6-res-util-pool-c4m2,,635,,pool,,1,,501,,606,,117,,0.0323071412343,,Cannot find cue ball
sec6-res-util-pool-c4m2,,638,,pool,,1,,501,,725,,255,,7.8062556419e-19,,Cannot find cue ball
sec6-res-util-pool-c4m2,,647,,pool,,1,,500,,669,,180,,8.38190317154e-10,,Cannot find cue ball
sec6-res-util-pool-c4m2,,653,,pool,,1,,501,,734,,477,,1.44870231675e-45,,speech: good
sec6-res-util-pool-c4m2,,668,,pool,,1,,502,,748,,280,,7.62329652529e-22,,Cannot find object ball
sec6-res-util-pool-c4m2,,678,,pool,,1,,500,,713,,273,,5.30917206741e-21,,Cannot find object ball
sec6-res-util-pool-c4m2,,687,,pool,,1,,502,,604,,114,,0.074222319981,,Cannot find cue top
sec6-res-util-pool-c4m2,,691,,pool,,1,,499,,611,,122,,0.00807678530857,,Cannot find cue top
sec6-res-util-pool-c4m2,,696,,pool,,1,,506,,732,,289,,6.28687504455e-23,,Cannot find cue top
sec6-res-util-pool-c4m2,,705,,pool,,1,,501,,842,,383,,3.01791491632e-34,,speech: left
sec6-res-util-pool-c4m2,,718,,pool,,1,,500,,700,,211,,1.55085320996e-13,,speech: left
sec6-res-util-pool-c4m2,,725,,pool,,1,,534,,647,,239,,6.59226628672e-17,,speech: left
sec6-res-util-pool-c4m2,,733,,pool,,1,,504,,687,,198,,5.70068009959e-12,,Cannot find cue ball
sec6-res-util-pool-c4m2,,740,,pool,,1,,535,,662,,173,,5.83749642198e-09,,Cannot find cue ball
sec6-res-util-pool-c4m2,,746,,pool,,1,,499,,665,,176,,2.5409178992e-09,,Cannot find cue ball
sec6-res-util-pool-c4m2,,752,,pool,,1,,499,,734,,355,,7.09974814699e-31,,Cannot find object ball
sec6-res-util-pool-c4m2,,764,,pool,,1,,497,,745,,279,,1.00590000713e-21,,Cannot find cue ball
sec6-res-util-pool-c4m2,,773,,pool,,1,,498,,570,,80,,1.0,,Cannot find cue top
sec6-res-util-pool-c4m2,,776,,pool,,1,,500,,666,,177,,1.92565567698e-09,,Cannot find cue bottom
sec6-res-util-pool-c4m2,,782,,pool,,1,,501,,576,,87,,1.0,,Cannot find cue top
sec6-res-util-pool-c4m2,,786,,pool,,1,,515,,717,,261,,1.47900887485e-19,,Cannot find cue top
sec6-res-util-pool-c4m2,,794,,pool,,1,,500,,722,,280,,7.62329652529e-22,,Cannot find cue top
sec6-res-util-pool-c4m2,,804,,pool,,1,,503,,615,,126,,0.00266434552707,,Cannot find cue top
sec6-res-util-pool-c4m2,,816,,pool,,1,,506,,568,,78,,1.0,,Cannot find cue top
sec6-res-util-pool-c4m2,,818,,pool,,1,,498,,581,,91,,1.0,,Cannot find cue top
sec6-res-util-pool-c4m2,,821,,pool,,1,,502,,568,,80,,1.0,,Cannot find cue top
sec6-res-util-pool-c4m2,,825,,pool,,1,,512,,628,,139,,7.24827343564e-05,,Cannot find cue top
sec6-res-util-pool-c4m2,,830,,pool,,1,,501,,563,,74,,1.0,,Cannot find cue top
sec6-res-util-pool-c4m2,,833,,pool,,1,,500,,566,,76,,1.0,,Cannot find cue top
sec6-res-util-pool-c4m2,,836,,pool,,1,,501,,575,,86,,1.0,,Cannot find cue bottom
sec6-res-util-pool-c4m2,,839,,pool,,1,,500,,565,,76,,1.0,,Cannot find cue top
sec6-res-util-pool-c4m2,,842,,pool,,1,,500,,560,,71,,1.0,,Cannot find cue top
sec6-res-util-pool-c4m2,,845,,pool,,1,,500,,546,,57,,1.0,,Cannot find cue top
sec6-res-util-pool-c4m2,,848,,pool,,1,,500,,555,,65,,1.0,,Cannot find cue top
sec6-res-util-pool-c4m2,,851,,pool,,1,,498,,565,,76,,1.0,,Cannot find cue top
sec6-res-util-pool-c4m2,,854,,pool,,1,,499,,566,,77,,1.0,,Cannot find cue top
sec6-res-util-pool-c4m2,,857,,pool,,1,,500,,638,,149,,4.53017089728e-06,,Cannot find cue top
sec6-res-util-pool-c4m2,,862,,pool,,1,,500,,587,,98,,0.99919,,Cannot find cue top
sec6-res-util-pool-c4m2,,0,,pool,,1,,530,,588,,143,,2.39103853444e-05,,Cannot find cue top
sec6-res-util-pool-c4m2,,5,,pool,,1,,500,,604,,116,,0.0426295284331,,Cannot find cue top
sec6-res-util-pool-c4m2,,10,,pool,,1,,515,,732,,342,,2.60975008555e-29,,Cannot find cue top
sec6-res-util-pool-c4m2,,21,,pool,,1,,504,,601,,112,,0.129228564937,,Cannot find cue bottom
sec6-res-util-pool-c4m2,,25,,pool,,1,,499,,623,,136,,0.000166521595442,,Cannot find cue bottom
sec6-res-util-pool-c4m2,,30,,pool,,1,,529,,675,,186,,1.588073687e-10,,Cannot find cue top
sec6-res-util-pool-c4m2,,37,,pool,,1,,515,,641,,259,,2.57510401825e-19,,Cannot find cue top
sec6-res-util-pool-c4m2,,45,,pool,,1,,499,,746,,279,,1.00590000713e-21,,Cannot find cue ball
sec6-res-util-pool-c4m2,,54,,pool,,1,,500,,662,,173,,5.83749642198e-09,,Cannot find cue bottom
sec6-res-util-pool-c4m2,,60,,pool,,1,,520,,841,,390,,4.33334237487e-35,,Cannot find cue bottom
sec6-res-util-pool-c4m2,,73,,pool,,1,,503,,861,,480,,6.30584308946e-46,,Cannot find cue bottom
sec6-res-util-pool-c4m2,,88,,pool,,1,,500,,730,,279,,1.00590000713e-21,,Cannot find object ball
sec6-res-util-pool-c4m2,,97,,pool,,1,,500,,702,,213,,8.90731265561e-14,,Cannot find object ball
sec6-res-util-pool-c4m2,,105,,pool,,1,,499,,660,,240,,4.99600361081e-17,,Cannot find cue bottom
sec6-res-util-pool-c4m2,,113,,pool,,1,,499,,630,,141,,4.16303988605e-05,,Cannot find cue bottom
sec6-res-util-pool-c4m2,,140,,pool,,1,,507,,702,,213,,8.90731265561e-14,,speech: right
sec6-res-util-pool-c4m2,,147,,pool,,1,,500,,750,,475,,2.52233723578e-45,,speech: left
sec6-res-util-pool-c4m2,,162,,pool,,1,,500,,655,,167,,3.08104908317e-08,,Cannot find cue bottom
sec6-res-util-pool-c4m2,,168,,pool,,1,,499,,754,,288,,8.29558135533e-23,,Cannot find object ball
