sec6-res-util-pool-c2m2,,200,,pool,,1,,565,,751,,262,,1.12087912682e-19,,Cannot find cue bottom
sec6-res-util-pool-c2m2,,208,,pool,,1,,500,,664,,215,,5.11590769747e-14,,Cannot find object ball
sec6-res-util-pool-c2m2,,216,,pool,,1,,500,,714,,258,,3.39787012314e-19,,Cannot find cue ball
sec6-res-util-pool-c2m2,,224,,pool,,1,,499,,641,,152,,1.97187141323e-06,,speech: good
sec6-res-util-pool-c2m2,,230,,pool,,1,,540,,740,,301,,2.2567884443e-24,,speech: left
sec6-res-util-pool-c2m2,,240,,pool,,1,,499,,635,,145,,1.37329101563e-05,,Cannot find cue bottom
sec6-res-util-pool-c2m2,,245,,pool,,1,,499,,743,,308,,3.24046146693e-25,,Cannot find cue ball
sec6-res-util-pool-c2m2,,255,,pool,,1,,499,,619,,129,,0.0011597237497,,Cannot find cue bottom
sec6-res-util-pool-c2m2,,260,,pool,,1,,498,,593,,104,,0.93439,,Cannot find cue top
sec6-res-util-pool-c2m2,,264,,pool,,1,,498,,564,,73,,1.0,,Cannot find cue top
sec6-res-util-pool-c2m2,,267,,pool,,1,,499,,568,,78,,1.0,,Cannot find cue top
sec6-res-util-pool-c2m2,,270,,pool,,1,,500,,617,,127,,0.00201919632714,,Cannot find cue top
sec6-res-util-pool-c2m2,,274,,pool,,1,,500,,597,,107,,0.516914259749,,Cannot find cue top
sec6-res-util-pool-c2m2,,278,,pool,,1,,501,,653,,163,,9.33999427517e-08,,Cannot find cue bottom
sec6-res-util-pool-c2m2,,284,,pool,,1,,645,,830,,434,,2.18119794606e-40,,Cannot find cue ball
sec6-res-util-pool-c2m2,,299,,pool,,1,,503,,684,,194,,1.72812305347e-11,,Cannot find cue bottom
sec6-res-util-pool-c2m2,,305,,pool,,1,,500,,733,,351,,2.15224117689e-30,,Cannot find cue bottom
sec6-res-util-pool-c2m2,,317,,pool,,1,,501,,559,,70,,1.0,,Cannot find cue bottom
sec6-res-util-pool-c2m2,,320,,pool,,1,,501,,750,,278,,1.32729301685e-21,,Cannot find cue bottom
sec6-res-util-pool-c2m2,,329,,pool,,1,,501,,655,,166,,4.06546863872e-08,,Cannot find cue bottom
sec6-res-util-pool-c2m2,,335,,pool,,1,,646,,774,,391,,3.28405941298e-35,,Cannot find cue top
sec6-res-util-pool-c2m2,,347,,pool,,1,,540,,662,,172,,7.70262270791e-09,,Cannot find cue top
sec6-res-util-pool-c2m2,,360,,pool,,1,,502,,581,,171,,1.01636715968e-08,,Cannot find cue top
sec6-res-util-pool-c2m2,,366,,pool,,1,,499,,631,,142,,3.15499426116e-05,,Cannot find cue top
sec6-res-util-pool-c2m2,,370,,pool,,1,,657,,789,,324,,3.83720400669e-27,,Cannot find cue top
sec6-res-util-pool-c2m2,,399,,pool,,1,,638,,846,,412,,9.7220766751e-38,,Cannot find cue top
sec6-res-util-pool-c2m2,,412,,pool,,1,,682,,976,,586,,1.08660411075e-58,,Cannot find cue bottom
sec6-res-util-pool-c2m2,,430,,pool,,1,,576,,793,,384,,2.28715181749e-34,,Cannot find cue top
sec6-res-util-pool-c2m2,,442,,pool,,1,,566,,780,,380,,6.93334779979e-34,,Cannot find cue bottom
sec6-res-util-pool-c2m2,,455,,pool,,1,,651,,871,,482,,3.62175579187e-46,,Cannot find cue bottom
sec6-res-util-pool-c2m2,,470,,pool,,1,,564,,841,,380,,6.93334779979e-34,,Cannot find cue bottom
sec6-res-util-pool-c2m2,,482,,pool,,1,,642,,845,,381,,5.25449506076e-34,,Cannot find cue bottom
sec6-res-util-pool-c2m2,,495,,pool,,1,,720,,932,,480,,6.30584308946e-46,,Cannot find cue bottom
sec6-res-util-pool-c2m2,,510,,pool,,1,,717,,920,,486,,1.19473385456e-46,,Cannot find cue bottom
sec6-res-util-pool-c2m2,,532,,pool,,1,,502,,689,,199,,4.32030763366e-12,,Cannot find cue top
sec6-res-util-pool-c2m2,,538,,pool,,1,,681,,884,,459,,2.1300761192e-43,,Cannot find cue top
sec6-res-util-pool-c2m2,,572,,pool,,1,,652,,851,,378,,1.20716596653e-33,,Cannot find cue top
sec6-res-util-pool-c2m2,,584,,pool,,1,,647,,772,,380,,6.93334779979e-34,,Cannot find cue top
sec6-res-util-pool-c2m2,,604,,pool,,1,,605,,795,,334,,2.39825250418e-28,,Cannot find cue top
sec6-res-util-pool-c2m2,,614,,pool,,1,,728,,939,,484,,2.08015246016e-46,,Cannot find cue bottom
sec6-res-util-pool-c2m2,,635,,pool,,1,,563,,851,,430,,6.61215572338e-40,,Cannot find cue ball
sec6-res-util-pool-c2m2,,648,,pool,,1,,522,,802,,379,,9.14860726997e-34,,speech: right
sec6-res-util-pool-c2m2,,661,,pool,,1,,603,,881,,482,,3.62175579187e-46,,speech: left
sec6-res-util-pool-c2m2,,676,,pool,,1,,499,,780,,382,,3.98216260612e-34,,Cannot find object ball
sec6-res-util-pool-c2m2,,688,,pool,,1,,500,,662,,172,,7.70262270791e-09,,Cannot find cue top
sec6-res-util-pool-c2m2,,694,,pool,,1,,595,,780,,384,,2.28715181749e-34,,Cannot find cue top
sec6-res-util-pool-c2m2,,707,,pool,,1,,555,,774,,381,,5.25449506076e-34,,speech: left
sec6-res-util-pool-c2m2,,719,,pool,,1,,573,,760,,378,,1.20716596653e-33,,speech: right
sec6-res-util-pool-c2m2,,731,,pool,,1,,536,,751,,278,,1.32729301685e-21,,Cannot find cue ball
sec6-res-util-pool-c2m2,,740,,pool,,1,,637,,837,,380,,6.93334779979e-34,,Cannot find cue ball
sec6-res-util-pool-c2m2,,753,,pool,,1,,606,,819,,378,,1.20716596653e-33,,speech: left
sec6-res-util-pool-c2m2,,765,,pool,,1,,501,,635,,206,,6.20341283984e-13,,Cannot find cue top
sec6-res-util-pool-c2m2,,772,,pool,,1,,664,,796,,346,,8.60896470755e-30,,Cannot find cue top
sec6-res-util-pool-c2m2,,783,,pool,,1,,699,,886,,481,,4.77893541826e-46,,Cannot find cue top
sec6-res-util-pool-c2m2,,799,,pool,,1,,600,,815,,482,,3.62175579187e-46,,Cannot find cue bottom
sec6-res-util-pool-c2m2,,816,,pool,,1,,525,,653,,336,,1.37743435321e-28,,Cannot find cue top
sec6-res-util-pool-c2m2,,826,,pool,,1,,563,,755,,279,,1.00590000713e-21,,Cannot find cue top
sec6-res-util-pool-c2m2,,836,,pool,,1,,545,,753,,278,,1.32729301685e-21,,Cannot find cue bottom
sec6-res-util-pool-c2m2,,845,,pool,,1,,674,,856,,381,,5.25449506076e-34,,Cannot find cue top
sec6-res-util-pool-c2m2,,857,,pool,,1,,661,,850,,361,,1.34515073556e-31,,Cannot find cue top
sec6-res-util-pool-c2m2,,3,,pool,,1,,668,,873,,402,,1.55553226802e-36,,Cannot find cue top
sec6-res-util-pool-c2m2,,16,,pool,,1,,642,,836,,381,,5.25449506076e-34,,Cannot find cue bottom
sec6-res-util-pool-c2m2,,28,,pool,,1,,597,,727,,277,,1.75137363565e-21,,Cannot find cue bottom
sec6-res-util-pool-c2m2,,37,,pool,,1,,501,,694,,205,,8.18545231596e-13,,Cannot find cue top
sec6-res-util-pool-c2m2,,44,,pool,,1,,499,,680,,193,,2.28027203984e-11,,Cannot find cue ball
sec6-res-util-pool-c2m2,,51,,pool,,1,,645,,939,,536,,1.13938699204e-52,,Cannot find cue bottom
sec6-res-util-pool-c2m2,,68,,pool,,1,,576,,796,,381,,5.25449506076e-34,,Cannot find cue bottom
sec6-res-util-pool-c2m2,,80,,pool,,1,,661,,876,,483,,2.74477762679e-46,,Cannot find cue bottom
sec6-res-util-pool-c2m2,,96,,pool,,1,,573,,777,,380,,6.93334779979e-34,,Cannot find object ball
sec6-res-util-pool-c2m2,,108,,pool,,1,,558,,755,,277,,1.75137363565e-21,,Cannot find cue bottom
sec6-res-util-pool-c2m2,,117,,pool,,1,,500,,742,,278,,1.32729301685e-21,,Cannot find cue bottom
sec6-res-util-pool-c2m2,,140,,pool,,1,,580,,807,,348,,4.9445517989e-30,,speech: right
sec6-res-util-pool-c2m2,,151,,pool,,1,,620,,834,,381,,5.25449506076e-34,,Cannot find object ball
sec6-res-util-pool-c2m2,,163,,pool,,1,,638,,914,,485,,1.57646077237e-46,,Cannot find object ball
sec6-res-util-pool-c2m2,,200,,pool,,1,,622,,841,,429,,8.72479178426e-40,,Cannot find cue bottom
sec6-res-util-pool-c2m2,,213,,pool,,1,,669,,893,,483,,2.74477762679e-46,,Cannot find object ball
sec6-res-util-pool-c2m2,,229,,pool,,1,,572,,846,,379,,9.14860726997e-34,,Cannot find cue ball
sec6-res-util-pool-c2m2,,241,,pool,,1,,646,,866,,484,,2.08015246016e-46,,Cannot find cue bottom
sec6-res-util-pool-c2m2,,256,,pool,,1,,623,,827,,371,,8.40719209722e-33,,Cannot find cue bottom
sec6-res-util-pool-c2m2,,269,,pool,,1,,627,,813,,379,,9.14860726997e-34,,Cannot find cue top
sec6-res-util-pool-c2m2,,281,,pool,,1,,602,,818,,378,,1.20716596653e-33,,Cannot find cue bottom
sec6-res-util-pool-c2m2,,299,,pool,,1,,511,,712,,301,,2.2567884443e-24,,Cannot find cue bottom
sec6-res-util-pool-c2m2,,308,,pool,,1,,584,,790,,381,,5.25449506076e-34,,Cannot find cue bottom
sec6-res-util-pool-c2m2,,321,,pool,,1,,575,,770,,380,,6.93334779979e-34,,Cannot find cue bottom
sec6-res-util-pool-c2m2,,333,,pool,,1,,501,,666,,177,,1.92565567698e-09,,Cannot find cue bottom
sec6-res-util-pool-c2m2,,339,,pool,,1,,501,,657,,170,,1.34110450745e-08,,Cannot find cue top
sec6-res-util-pool-c2m2,,345,,pool,,1,,663,,862,,390,,4.33334237487e-35,,Cannot find cue top
sec6-res-util-pool-c2m2,,360,,pool,,1,,605,,818,,421,,8.01772317621e-39,,Cannot find cue top
sec6-res-util-pool-c2m2,,373,,pool,,1,,639,,840,,382,,3.98216260612e-34,,Cannot find cue top
sec6-res-util-pool-c2m2,,399,,pool,,1,,590,,794,,350,,2.8398992588e-30,,Cannot find cue top
sec6-res-util-pool-c2m2,,410,,pool,,1,,702,,914,,484,,2.08015246016e-46,,Cannot find cue bottom
sec6-res-util-pool-c2m2,,425,,pool,,1,,695,,920,,485,,1.57646077237e-46,,Cannot find cue bottom
sec6-res-util-pool-c2m2,,441,,pool,,1,,706,,984,,586,,1.08660411075e-58,,Cannot find cue bottom
sec6-res-util-pool-c2m2,,459,,pool,,1,,587,,772,,382,,3.98216260612e-34,,Cannot find cue bottom
sec6-res-util-pool-c2m2,,471,,pool,,1,,570,,786,,383,,3.01791491632e-34,,Cannot find cue bottom
sec6-res-util-pool-c2m2,,484,,pool,,1,,576,,851,,383,,3.01791491632e-34,,Cannot find cue bottom
sec6-res-util-pool-c2m2,,496,,pool,,1,,531,,742,,378,,1.20716596653e-33,,Cannot find cue bottom
sec6-res-util-pool-c2m2,,508,,pool,,1,,558,,838,,380,,6.93334779979e-34,,Cannot find cue bottom
sec6-res-util-pool-c2m2,,520,,pool,,1,,649,,920,,483,,2.74477762679e-46,,Cannot find cue bottom
sec6-res-util-pool-c2m2,,536,,pool,,1,,625,,831,,378,,1.20716596653e-33,,Cannot find cue top
sec6-res-util-pool-c2m2,,572,,pool,,1,,543,,746,,317,,2.6723840876e-26,,Cannot find cue top
sec6-res-util-pool-c2m2,,582,,pool,,1,,502,,678,,189,,6.91249221386e-11,,Cannot find cue top
sec6-res-util-pool-c2m2,,588,,pool,,1,,671,,874,,466,,3.05851866768e-44,,Cannot find cue top
sec6-res-util-pool-c2m2,,604,,pool,,1,,642,,781,,370,,1.10933564797e-32,,Cannot find cue top
sec6-res-util-pool-c2m2,,616,,pool,,1,,501,,688,,278,,1.32729301685e-21,,Cannot find cue bottom
sec6-res-util-pool-c2m2,,625,,pool,,1,,633,,840,,484,,2.08015246016e-46,,Cannot find cue ball
sec6-res-util-pool-c2m2,,640,,pool,,1,,498,,659,,169,,1.76959800675e-08,,Cannot find cue ball
sec6-res-util-pool-c2m2,,646,,pool,,1,,648,,870,,494,,1.3000952876e-47,,Cannot find cue ball
sec6-res-util-pool-c2m2,,662,,pool,,1,,616,,832,,381,,5.25449506076e-34,,speech: left
sec6-res-util-pool-c2m2,,674,,pool,,1,,525,,819,,382,,3.98216260612e-34,,Cannot find object ball
sec6-res-util-pool-c2m2,,686,,pool,,1,,621,,824,,488,,6.86194406698e-47,,Cannot find cue top
sec6-res-util-pool-c2m2,,702,,pool,,1,,582,,804,,382,,3.98216260612e-34,,speech: good
sec6-res-util-pool-c2m2,,714,,pool,,1,,664,,887,,481,,4.77893541826e-46,,speech: left
sec6-res-util-pool-c2m2,,729,,pool,,1,,501,,757,,278,,1.32729301685e-21,,Cannot find object ball
sec6-res-util-pool-c2m2,,739,,pool,,1,,544,,764,,380,,6.93334779979e-34,,Cannot find cue ball
sec6-res-util-pool-c2m2,,751,,pool,,1,,499,,654,,164,,7.07839202699e-08,,Cannot find object ball
sec6-res-util-pool-c2m2,,757,,pool,,1,,657,,871,,390,,4.33334237487e-35,,Cannot find cue ball
sec6-res-util-pool-c2m2,,769,,pool,,1,,725,,849,,379,,9.14860726997e-34,,Cannot find cue top
sec6-res-util-pool-c2m2,,782,,pool,,1,,636,,743,,279,,1.00590000713e-21,,Cannot find cue top
sec6-res-util-pool-c2m2,,791,,pool,,1,,500,,602,,112,,0.129228564937,,Cannot find cue top
sec6-res-util-pool-c2m2,,795,,pool,,1,,500,,686,,197,,7.5220924882e-12,,Cannot find cue top
sec6-res-util-pool-c2m2,,802,,pool,,1,,665,,939,,449,,3.40812179073e-42,,Cannot find cue bottom
sec6-res-util-pool-c2m2,,816,,pool,,1,,663,,792,,456,,4.89362986829e-43,,Cannot find cue top
sec6-res-util-pool-c2m2,,831,,pool,,1,,580,,712,,380,,6.93334779979e-34,,Cannot find cue top
sec6-res-util-pool-c2m2,,843,,pool,,1,,574,,762,,378,,1.20716596653e-33,,Cannot find cue top
sec6-res-util-pool-c2m2,,855,,pool,,1,,581,,781,,384,,2.28715181749e-34,,Cannot find cue top
sec6-res-util-pool-c2m2,,2,,pool,,1,,651,,858,,379,,9.14860726997e-34,,Cannot find cue top
sec6-res-util-pool-c2m2,,14,,pool,,1,,672,,872,,485,,1.57646077237e-46,,Cannot find cue top
sec6-res-util-pool-c2m2,,29,,pool,,1,,718,,922,,479,,8.32060984064e-46,,Cannot find cue top
sec6-res-util-pool-c2m2,,45,,pool,,1,,635,,940,,483,,2.74477762679e-46,,Cannot find cue ball
sec6-res-util-pool-c2m2,,60,,pool,,1,,626,,903,,482,,3.62175579187e-46,,Cannot find cue bottom
sec6-res-util-pool-c2m2,,75,,pool,,1,,615,,822,,384,,2.28715181749e-34,,Cannot find cue bottom
sec6-res-util-pool-c2m2,,88,,pool,,1,,683,,893,,476,,1.9115741673e-45,,Cannot find object ball
sec6-res-util-pool-c2m2,,103,,pool,,1,,573,,785,,379,,9.14860726997e-34,,Cannot find cue bottom
sec6-res-util-pool-c2m2,,115,,pool,,1,,689,,901,,504,,8.1255955475e-49,,Cannot find cue bottom
sec6-res-util-pool-c2m2,,140,,pool,,1,,680,,973,,507,,3.5368708905e-49,,speech: right
sec6-res-util-pool-c2m2,,155,,pool,,1,,542,,755,,280,,7.62329652529e-22,,Cannot find object ball
sec6-res-util-pool-c2m2,,164,,pool,,1,,652,,924,,483,,2.74477762679e-46,,Cannot find object ball
sec6-res-util-pool-c2m2,,200,,pool,,1,,507,,705,,355,,7.09974814699e-31,,Cannot find cue bottom
sec6-res-util-pool-c2m2,,211,,pool,,1,,501,,614,,130,,0.00087890625,,Cannot find object ball
sec6-res-util-pool-c2m2,,216,,pool,,1,,522,,727,,322,,6.680960219e-27,,Cannot find cue ball
sec6-res-util-pool-c2m2,,226,,pool,,1,,581,,784,,380,,6.93334779979e-34,,speech: good
sec6-res-util-pool-c2m2,,239,,pool,,1,,546,,760,,363,,7.72586218578e-32,,Cannot find object ball
sec6-res-util-pool-c2m2,,251,,pool,,1,,550,,684,,194,,1.72812305347e-11,,Cannot find cue top
sec6-res-util-pool-c2m2,,258,,pool,,1,,632,,836,,362,,1.01943362717e-31,,Cannot find cue bottom
sec6-res-util-pool-c2m2,,269,,pool,,1,,500,,595,,106,,0.68207245493,,Cannot find cue top
sec6-res-util-pool-c2m2,,273,,pool,,1,,500,,622,,133,,0.000382566165511,,Cannot find cue top
sec6-res-util-pool-c2m2,,278,,pool,,1,,500,,647,,158,,3.73599771007e-07,,Cannot find cue bottom
sec6-res-util-pool-c2m2,,284,,pool,,1,,595,,860,,410,,1.69271186518e-37,,Cannot find cue ball
sec6-res-util-pool-c2m2,,299,,pool,,1,,585,,776,,332,,4.17560013688e-28,,Cannot find cue bottom
sec6-res-util-pool-c2m2,,309,,pool,,1,,501,,622,,132,,0.000504799081786,,Cannot find cue bottom
sec6-res-util-pool-c2m2,,314,,pool,,1,,499,,657,,168,,2.33499856879e-08,,Cannot find cue bottom
sec6-res-util-pool-c2m2,,320,,pool,,1,,654,,870,,436,,1.25276924628e-40,,Cannot find cue bottom
sec6-res-util-pool-c2m2,,334,,pool,,1,,608,,802,,380,,6.93334779979e-34,,Cannot find cue top
sec6-res-util-pool-c2m2,,346,,pool,,1,,683,,877,,483,,2.74477762679e-46,,Cannot find cue top
sec6-res-util-pool-c2m2,,362,,pool,,1,,569,,678,,189,,6.91249221386e-11,,Cannot find cue top
sec6-res-util-pool-c2m2,,368,,pool,,1,,504,,656,,267,,2.80219781704e-20,,Cannot find cue top
sec6-res-util-pool-c2m2,,377,,pool,,1,,567,,757,,381,,5.25449506076e-34,,Cannot find cue top
sec6-res-util-pool-c2m2,,399,,pool,,1,,507,,649,,159,,2.8313568108e-07,,Cannot find cue top
sec6-res-util-pool-c2m2,,404,,pool,,1,,557,,753,,296,,9.02715377719e-24,,Cannot find cue top
sec6-res-util-pool-c2m2,,414,,pool,,1,,620,,846,,380,,6.93334779979e-34,,Cannot find cue bottom
sec6-res-util-pool-c2m2,,426,,pool,,1,,647,,934,,483,,2.74477762679e-46,,Cannot find cue bottom
sec6-res-util-pool-c2m2,,441,,pool,,1,,536,,808,,381,,5.25449506076e-34,,Cannot find cue bottom
sec6-res-util-pool-c2m2,,454,,pool,,1,,615,,820,,382,,3.98216260612e-34,,Cannot find cue top
sec6-res-util-pool-c2m2,,466,,pool,,1,,511,,794,,377,,1.59286504245e-33,,Cannot find cue bottom
sec6-res-util-pool-c2m2,,478,,pool,,1,,594,,876,,482,,3.62175579187e-46,,Cannot find cue bottom
sec6-res-util-pool-c2m2,,494,,pool,,1,,499,,679,,189,,6.91249221386e-11,,Cannot find cue bottom
sec6-res-util-pool-c2m2,,500,,pool,,1,,649,,857,,470,,1.00893489431e-44,,Cannot find cue bottom
sec6-res-util-pool-c2m2,,515,,pool,,1,,502,,659,,169,,1.76959800675e-08,,Cannot find cue bottom
sec6-res-util-pool-c2m2,,521,,pool,,1,,643,,768,,386,,1.31362376519e-34,,Cannot find cue bottom
sec6-res-util-pool-c2m2,,534,,pool,,1,,729,,933,,482,,3.62175579187e-46,,Cannot find cue bottom
sec6-res-util-pool-c2m2,,572,,pool,,1,,574,,771,,346,,8.60896470755e-30,,Cannot find cue top
sec6-res-util-pool-c2m2,,583,,pool,,1,,689,,827,,482,,3.62175579187e-46,,Cannot find cue top
sec6-res-util-pool-c2m2,,604,,pool,,1,,718,,917,,509,,2.03139888687e-49,,Cannot find cue top
sec6-res-util-pool-c2m2,,620,,pool,,1,,660,,872,,482,,3.62175579187e-46,,Cannot find cue ball
sec6-res-util-pool-c2m2,,635,,pool,,1,,575,,856,,378,,1.20716596653e-33,,Cannot find cue ball
sec6-res-util-pool-c2m2,,647,,pool,,1,,740,,955,,484,,2.08015246016e-46,,Cannot find cue ball
sec6-res-util-pool-c2m2,,663,,pool,,1,,631,,849,,382,,3.98216260612e-34,,speech: left
sec6-res-util-pool-c2m2,,675,,pool,,1,,725,,1019,,588,,6.24090177278e-59,,Cannot find object ball
sec6-res-util-pool-c2m2,,693,,pool,,1,,700,,840,,481,,4.77893541826e-46,,Cannot find cue top
sec6-res-util-pool-c2m2,,709,,pool,,1,,590,,817,,380,,6.93334779979e-34,,speech: right
sec6-res-util-pool-c2m2,,721,,pool,,1,,608,,889,,482,,3.62175579187e-46,,Cannot find cue ball
sec6-res-util-pool-c2m2,,736,,pool,,1,,499,,690,,200,,3.27418092638e-12,,Cannot find object ball
sec6-res-util-pool-c2m2,,743,,pool,,1,,638,,843,,356,,5.38060294222e-31,,Cannot find object ball
sec6-res-util-pool-c2m2,,755,,pool,,1,,501,,776,,380,,6.93334779979e-34,,Cannot find cue ball
sec6-res-util-pool-c2m2,,767,,pool,,1,,500,,573,,83,,1.0,,Cannot find cue top
sec6-res-util-pool-c2m2,,770,,pool,,1,,500,,571,,81,,1.0,,Cannot find cue top
sec6-res-util-pool-c2m2,,774,,pool,,1,,526,,652,,264,,6.43776004562e-20,,Cannot find cue ball
sec6-res-util-pool-c2m2,,782,,pool,,1,,565,,763,,381,,5.25449506076e-34,,Cannot find cue top
sec6-res-util-pool-c2m2,,795,,pool,,1,,525,,656,,166,,4.06546863872e-08,,Cannot find cue top
sec6-res-util-pool-c2m2,,801,,pool,,1,,501,,735,,290,,4.76456032831e-23,,Cannot find cue bottom
sec6-res-util-pool-c2m2,,816,,pool,,1,,502,,578,,200,,3.27418092638e-12,,Cannot find cue top
sec6-res-util-pool-c2m2,,822,,pool,,1,,521,,618,,127,,0.00201919632714,,Cannot find cue top
sec6-res-util-pool-c2m2,,827,,pool,,1,,655,,749,,330,,7.27014210252e-28,,Cannot find cue top
sec6-res-util-pool-c2m2,,838,,pool,,1,,501,,604,,114,,0.074222319981,,Cannot find cue top
sec6-res-util-pool-c2m2,,842,,pool,,1,,501,,674,,184,,2.76499688554e-10,,Cannot find cue top
sec6-res-util-pool-c2m2,,848,,pool,,1,,661,,865,,439,,5.45299486516e-41,,Cannot find cue top
sec6-res-util-pool-c2m2,,862,,pool,,1,,501,,682,,193,,2.28027203984e-11,,Cannot find cue top
sec6-res-util-pool-c2m2,,3,,pool,,1,,502,,582,,95,,1.0,,Cannot find cue top
sec6-res-util-pool-c2m2,,7,,pool,,1,,500,,646,,157,,4.92967853306e-07,,Cannot find cue bottom
sec6-res-util-pool-c2m2,,12,,pool,,1,,645,,785,,365,,4.43734259187e-32,,Cannot find cue top
sec6-res-util-pool-c2m2,,24,,pool,,1,,585,,863,,390,,4.33334237487e-35,,Cannot find cue bottom
sec6-res-util-pool-c2m2,,36,,pool,,1,,653,,864,,482,,3.62175579187e-46,,Cannot find cue top
sec6-res-util-pool-c2m2,,52,,pool,,1,,629,,748,,280,,7.62329652529e-22,,Cannot find cue bottom
sec6-res-util-pool-c2m2,,61,,pool,,1,,654,,945,,484,,2.08015246016e-46,,Cannot find cue bottom
sec6-res-util-pool-c2m2,,76,,pool,,1,,632,,911,,486,,1.19473385456e-46,,Cannot find cue bottom
sec6-res-util-pool-c2m2,,92,,pool,,1,,595,,720,,277,,1.75137363565e-21,,Cannot find object ball
sec6-res-util-pool-c2m2,,101,,pool,,1,,590,,721,,281,,5.7773784174e-22,,Cannot find cue bottom
sec6-res-util-pool-c2m2,,110,,pool,,1,,599,,800,,377,,1.59286504245e-33,,Cannot find cue bottom
sec6-res-util-pool-c2m2,,140,,pool,,1,,626,,913,,435,,1.65303893084e-40,,speech: right
sec6-res-util-pool-c2m2,,153,,pool,,1,,681,,956,,483,,2.74477762679e-46,,Cannot find object ball
sec6-res-util-pool-c2m2,,168,,pool,,1,,641,,850,,382,,3.98216260612e-34,,Cannot find object ball
sec6-res-util-pool-c2m2,,200,,pool,,1,,644,,926,,487,,9.05438947967e-47,,Cannot find cue bottom
sec6-res-util-pool-c2m2,,215,,pool,,1,,636,,912,,485,,1.57646077237e-46,,Cannot find cue ball
sec6-res-util-pool-c2m2,,230,,pool,,1,,621,,912,,480,,6.30584308946e-46,,speech: left
sec6-res-util-pool-c2m2,,246,,pool,,1,,598,,808,,385,,1.73333694995e-34,,Cannot find cue ball
sec6-res-util-pool-c2m2,,258,,pool,,1,,589,,800,,481,,4.77893541826e-46,,Cannot find cue bottom
sec6-res-util-pool-c2m2,,273,,pool,,1,,502,,678,,188,,9.12108815935e-11,,Cannot find cue top
sec6-res-util-pool-c2m2,,280,,pool,,1,,641,,854,,467,,2.31792370679e-44,,Cannot find object ball
sec6-res-util-pool-c2m2,,299,,pool,,1,,529,,735,,258,,3.39787012314e-19,,Cannot find cue bottom
sec6-res-util-pool-c2m2,,307,,pool,,1,,659,,862,,483,,2.74477762679e-46,,Cannot find cue bottom
sec6-res-util-pool-c2m2,,323,,pool,,1,,627,,833,,380,,6.93334779979e-34,,Cannot find cue bottom
sec6-res-util-pool-c2m2,,335,,pool,,1,,627,,834,,369,,1.46377716319e-32,,Cannot find cue top
sec6-res-util-pool-c2m2,,347,,pool,,1,,712,,903,,483,,2.74477762679e-46,,Cannot find cue top
sec6-res-util-pool-c2m2,,362,,pool,,1,,521,,719,,277,,1.75137363565e-21,,Cannot find cue top
sec6-res-util-pool-c2m2,,372,,pool,,1,,608,,804,,380,,6.93334779979e-34,,Cannot find cue top
sec6-res-util-pool-c2m2,,399,,pool,,1,,507,,616,,125,,0.003515625,,Cannot find cue top
sec6-res-util-pool-c2m2,,403,,pool,,1,,663,,847,,463,,7.02663072459e-44,,Cannot find cue bottom
sec6-res-util-pool-c2m2,,418,,pool,,1,,500,,745,,275,,3.04931861012e-21,,Cannot find cue bottom
sec6-res-util-pool-c2m2,,427,,pool,,1,,573,,764,,380,,6.93334779979e-34,,Cannot find cue bottom
sec6-res-util-pool-c2m2,,439,,pool,,1,,550,,831,,374,,3.65944290799e-33,,Cannot find cue bottom
sec6-res-util-pool-c2m2,,452,,pool,,1,,648,,936,,483,,2.74477762679e-46,,Cannot find cue bottom
sec6-res-util-pool-c2m2,,467,,pool,,1,,697,,928,,468,,1.75665768115e-44,,Cannot find cue bottom
sec6-res-util-pool-c2m2,,482,,pool,,1,,711,,938,,585,,1.43378272002e-58,,Cannot find cue bottom
sec6-res-util-pool-c2m2,,501,,pool,,1,,595,,816,,483,,2.74477762679e-46,,Cannot find cue bottom
sec6-res-util-pool-c2m2,,516,,pool,,1,,590,,792,,381,,5.25449506076e-34,,Cannot find cue top
sec6-res-util-pool-c2m2,,532,,pool,,1,,502,,675,,185,,2.09547579288e-10,,Cannot find cue top
sec6-res-util-pool-c2m2,,538,,pool,,1,,635,,758,,369,,1.46377716319e-32,,Cannot find cue top
sec6-res-util-pool-c2m2,,572,,pool,,1,,529,,723,,264,,6.43776004562e-20,,Cannot find cue top
sec6-res-util-pool-c2m2,,581,,pool,,1,,516,,648,,159,,2.8313568108e-07,,Cannot find cue top
sec6-res-util-pool-c2m2,,586,,pool,,1,,501,,659,,169,,1.76959800675e-08,,Cannot find cue top
sec6-res-util-pool-c2m2,,604,,pool,,1,,671,,850,,433,,2.87810794479e-40,,Cannot find cue top
sec6-res-util-pool-c2m2,,617,,pool,,1,,603,,798,,383,,3.01791491632e-34,,Cannot find cue bottom
sec6-res-util-pool-c2m2,,635,,pool,,1,,500,,726,,325,,2.90805684101e-27,,Cannot find cue ball
sec6-res-util-pool-c2m2,,645,,pool,,1,,674,,887,,481,,4.77893541826e-46,,Cannot find cue ball
sec6-res-util-pool-c2m2,,660,,pool,,1,,585,,869,,478,,1.09791105072e-45,,speech: left
sec6-res-util-pool-c2m2,,676,,pool,,1,,663,,948,,483,,2.74477762679e-46,,Cannot find object ball
sec6-res-util-pool-c2m2,,691,,pool,,1,,628,,770,,337,,1.04390003422e-28,,Cannot find cue top
sec6-res-util-pool-c2m2,,702,,pool,,1,,599,,875,,424,,3.4899167137e-39,,speech: good
sec6-res-util-pool-c2m2,,716,,pool,,1,,627,,835,,381,,5.25449506076e-34,,Cannot find object ball
sec6-res-util-pool-c2m2,,728,,pool,,1,,615,,898,,481,,4.77893541826e-46,,Cannot find object ball
sec6-res-util-pool-c2m2,,743,,pool,,1,,608,,894,,484,,2.08015246016e-46,,Cannot find object ball
sec6-res-util-pool-c2m2,,759,,pool,,1,,585,,800,,379,,9.14860726997e-34,,Cannot find cue ball
sec6-res-util-pool-c2m2,,771,,pool,,1,,596,,789,,380,,6.93334779979e-34,,Cannot find cue top
sec6-res-util-pool-c2m2,,783,,pool,,1,,501,,659,,171,,1.01636715968e-08,,Cannot find cue top
sec6-res-util-pool-c2m2,,789,,pool,,1,,501,,678,,188,,9.12108815935e-11,,Cannot find cue top
sec6-res-util-pool-c2m2,,796,,pool,,1,,688,,873,,477,,1.44870231675e-45,,Cannot find cue top
sec6-res-util-pool-c2m2,,816,,pool,,1,,583,,706,,230,,7.9936057773e-16,,Cannot find cue top
sec6-res-util-pool-c2m2,,823,,pool,,1,,723,,850,,380,,6.93334779979e-34,,Cannot find cue top
sec6-res-util-pool-c2m2,,836,,pool,,1,,722,,926,,482,,3.62175579187e-46,,Cannot find cue bottom
sec6-res-util-pool-c2m2,,851,,pool,,1,,526,,649,,159,,2.8313568108e-07,,Cannot find cue top
sec6-res-util-pool-c2m2,,857,,pool,,1,,630,,820,,398,,4.71549205675e-36,,Cannot find cue top
sec6-res-util-pool-c2m2,,3,,pool,,1,,601,,789,,377,,1.59286504245e-33,,Cannot find cue top
sec6-res-util-pool-c2m2,,16,,pool,,1,,502,,690,,200,,3.27418092638e-12,,Cannot find cue bottom
sec6-res-util-pool-c2m2,,23,,pool,,1,,565,,767,,354,,9.36817384445e-31,,Cannot find cue bottom
sec6-res-util-pool-c2m2,,34,,pool,,1,,596,,801,,381,,5.25449506076e-34,,Cannot find cue top
sec6-res-util-pool-c2m2,,46,,pool,,1,,673,,974,,586,,1.08660411075e-58,,Cannot find cue ball
sec6-res-util-pool-c2m2,,65,,pool,,1,,645,,936,,478,,1.09791105072e-45,,Cannot find cue bottom
sec6-res-util-pool-c2m2,,80,,pool,,1,,650,,946,,482,,3.62175579187e-46,,Cannot find cue bottom
sec6-res-util-pool-c2m2,,95,,pool,,1,,647,,939,,481,,4.77893541826e-46,,Cannot find object ball
sec6-res-util-pool-c2m2,,111,,pool,,1,,715,,938,,495,,9.85287982728e-48,,Cannot find cue bottom
sec6-res-util-pool-c2m2,,140,,pool,,1,,665,,865,,448,,4.49704366374e-42,,speech: right
sec6-res-util-pool-c2m2,,154,,pool,,1,,677,,878,,483,,2.74477762679e-46,,Cannot find object ball
sec6-res-util-pool-c2m2,,169,,pool,,1,,574,,783,,381,,5.25449506076e-34,,Cannot find object ball
sec6-res-util-pool-c2m2,,200,,pool,,1,,690,,911,,527,,1.3815901916e-51,,Cannot find cue bottom
sec6-res-util-pool-c2m2,,216,,pool,,1,,501,,653,,274,,4.02360002851e-21,,Cannot find cue ball
sec6-res-util-pool-c2m2,,225,,pool,,1,,624,,843,,380,,6.93334779979e-34,,Cannot find object ball
sec6-res-util-pool-c2m2,,238,,pool,,1,,630,,847,,484,,2.08015246016e-46,,Cannot find object ball
sec6-res-util-pool-c2m2,,253,,pool,,1,,605,,800,,383,,3.01791491632e-34,,Cannot find cue top
sec6-res-util-pool-c2m2,,265,,pool,,1,,594,,790,,380,,6.93334779979e-34,,Cannot find cue top
sec6-res-util-pool-c2m2,,278,,pool,,1,,585,,690,,200,,3.27418092638e-12,,Cannot find cue bottom
sec6-res-util-pool-c2m2,,284,,pool,,1,,566,,776,,351,,2.15224117689e-30,,Cannot find cue ball
sec6-res-util-pool-c2m2,,299,,pool,,1,,581,,790,,402,,1.55553226802e-36,,Cannot find cue bottom
sec6-res-util-pool-c2m2,,311,,pool,,1,,566,,845,,376,,2.10179802431e-33,,Cannot find cue bottom
sec6-res-util-pool-c2m2,,324,,pool,,1,,640,,858,,381,,5.25449506076e-34,,Cannot find cue bottom
sec6-res-util-pool-c2m2,,336,,pool,,1,,655,,873,,482,,3.62175579187e-46,,Cannot find cue bottom
sec6-res-util-pool-c2m2,,360,,pool,,1,,509,,674,,184,,2.76499688554e-10,,Cannot find cue top
sec6-res-util-pool-c2m2,,366,,pool,,1,,557,,752,,303,,1.29618458677e-24,,Cannot find cue top
sec6-res-util-pool-c2m2,,376,,pool,,1,,631,,827,,380,,6.93334779979e-34,,Cannot find cue top
sec6-res-util-pool-c2m2,,399,,pool,,1,,575,,758,,347,,6.52437521387e-30,,Cannot find cue top
sec6-res-util-pool-c2m2,,410,,pool,,1,,596,,881,,481,,4.77893541826e-46,,Cannot find cue bottom
sec6-res-util-pool-c2m2,,425,,pool,,1,,671,,868,,483,,2.74477762679e-46,,Cannot find cue bottom
sec6-res-util-pool-c2m2,,440,,pool,,1,,582,,867,,483,,2.74477762679e-46,,Cannot find cue bottom
sec6-res-util-pool-c2m2,,456,,pool,,1,,644,,866,,482,,3.62175579187e-46,,Cannot find cue top
sec6-res-util-pool-c2m2,,471,,pool,,1,,636,,855,,382,,3.98216260612e-34,,Cannot find cue bottom
sec6-res-util-pool-c2m2,,484,,pool,,1,,624,,847,,381,,5.25449506076e-34,,Cannot find cue bottom
sec6-res-util-pool-c2m2,,496,,pool,,1,,645,,844,,484,,2.08015246016e-46,,Cannot find cue bottom
sec6-res-util-pool-c2m2,,511,,pool,,1,,600,,815,,380,,6.93334779979e-34,,Cannot find cue bottom
sec6-res-util-pool-c2m2,,523,,pool,,1,,619,,817,,383,,3.01791491632e-34,,Cannot find cue top
sec6-res-util-pool-c2m2,,536,,pool,,1,,680,,809,,482,,3.62175579187e-46,,Cannot find cue top
sec6-res-util-pool-c2m2,,572,,pool,,1,,603,,793,,313,,8.10115366731e-26,,Cannot find cue top
sec6-res-util-pool-c2m2,,582,,pool,,1,,658,,777,,287,,1.09460852228e-22,,Cannot find cue top
sec6-res-util-pool-c2m2,,591,,pool,,1,,641,,835,,363,,7.72586218578e-32,,Cannot find cue top
sec6-res-util-pool-c2m2,,604,,pool,,1,,528,,646,,155,,8.58306884766e-07,,Cannot find cue top
sec6-res-util-pool-c2m2,,609,,pool,,1,,646,,836,,393,,1.8861968227e-35,,Cannot find cue bottom
sec6-res-util-pool-c2m2,,622,,pool,,1,,546,,818,,380,,6.93334779979e-34,,Cannot find cue ball
sec6-res-util-pool-c2m2,,635,,pool,,1,,601,,885,,394,,1.42946988593e-35,,Cannot find cue ball
sec6-res-util-pool-c2m2,,647,,pool,,1,,662,,863,,451,,1.95745194732e-42,,Cannot find cue ball
sec6-res-util-pool-c2m2,,662,,pool,,1,,580,,876,,482,,3.62175579187e-46,,speech: left
sec6-res-util-pool-c2m2,,677,,pool,,1,,578,,797,,380,,6.93334779979e-34,,Cannot find object ball
sec6-res-util-pool-c2m2,,689,,pool,,1,,676,,885,,481,,4.77893541826e-46,,Cannot find cue top
sec6-res-util-pool-c2m2,,705,,pool,,1,,642,,872,,483,,2.74477762679e-46,,speech: left
sec6-res-util-pool-c2m2,,720,,pool,,1,,636,,931,,483,,2.74477762679e-46,,speech: left
sec6-res-util-pool-c2m2,,735,,pool,,1,,516,,636,,145,,1.37329101563e-05,,Cannot find object ball
sec6-res-util-pool-c2m2,,741,,pool,,1,,541,,743,,308,,3.24046146693e-25,,Cannot find object ball
sec6-res-util-pool-c2m2,,751,,pool,,1,,517,,719,,276,,2.31095136696e-21,,Cannot find object ball
sec6-res-util-pool-c2m2,,760,,pool,,1,,611,,823,,380,,6.93334779979e-34,,Cannot find cue ball
sec6-res-util-pool-c2m2,,772,,pool,,1,,690,,828,,381,,5.25449506076e-34,,Cannot find cue top
sec6-res-util-pool-c2m2,,784,,pool,,1,,686,,881,,482,,3.62175579187e-46,,Cannot find cue top
sec6-res-util-pool-c2m2,,800,,pool,,1,,575,,783,,381,,5.25449506076e-34,,Cannot find cue bottom
sec6-res-util-pool-c2m2,,816,,pool,,1,,659,,786,,372,,6.3714601698e-33,,Cannot find cue top
sec6-res-util-pool-c2m2,,828,,pool,,1,,746,,871,,482,,3.62175579187e-46,,Cannot find cue top
sec6-res-util-pool-c2m2,,843,,pool,,1,,642,,832,,380,,6.93334779979e-34,,Cannot find cue top
sec6-res-util-pool-c2m2,,855,,pool,,1,,651,,857,,380,,6.93334779979e-34,,Cannot find cue top
sec6-res-util-pool-c2m2,,1,,pool,,1,,654,,845,,385,,1.73333694995e-34,,Cannot find cue top
sec6-res-util-pool-c2m2,,14,,pool,,1,,628,,804,,378,,1.20716596653e-33,,Cannot find cue top
sec6-res-util-pool-c2m2,,26,,pool,,1,,527,,713,,278,,1.32729301685e-21,,Cannot find cue bottom
sec6-res-util-pool-c2m2,,35,,pool,,1,,611,,822,,381,,5.25449506076e-34,,Cannot find cue top
sec6-res-util-pool-c2m2,,48,,pool,,1,,691,,988,,581,,4.34641644302e-58,,Cannot find cue ball
sec6-res-util-pool-c2m2,,66,,pool,,1,,575,,869,,484,,2.08015246016e-46,,Cannot find cue bottom
sec6-res-util-pool-c2m2,,81,,pool,,1,,563,,858,,380,,6.93334779979e-34,,Cannot find cue bottom
sec6-res-util-pool-c2m2,,94,,pool,,1,,660,,874,,484,,2.08015246016e-46,,Cannot find object ball
sec6-res-util-pool-c2m2,,109,,pool,,1,,633,,827,,375,,2.77333911992e-33,,Cannot find cue bottom
sec6-res-util-pool-c2m2,,140,,pool,,1,,564,,854,,402,,1.55553226802e-36,,speech: right
sec6-res-util-pool-c2m2,,152,,pool,,1,,705,,928,,485,,1.57646077237e-46,,Cannot find object ball
sec6-res-util-pool-c2m2,,167,,pool,,1,,606,,731,,380,,6.93334779979e-34,,Cannot find object ball
sec6-res-util-pool-c2m2,,200,,pool,,1,,570,,854,,462,,9.27169482718e-44,,Cannot find cue bottom
sec6-res-util-pool-c2m2,,214,,pool,,1,,651,,875,,485,,1.57646077237e-46,,Cannot find cue ball
sec6-res-util-pool-c2m2,,230,,pool,,1,,651,,864,,485,,1.57646077237e-46,,speech: left
sec6-res-util-pool-c2m2,,245,,pool,,1,,650,,855,,380,,6.93334779979e-34,,Cannot find cue ball
sec6-res-util-pool-c2m2,,257,,pool,,1,,727,,853,,483,,2.74477762679e-46,,Cannot find cue top
sec6-res-util-pool-c2m2,,273,,pool,,1,,618,,807,,380,,6.93334779979e-34,,Cannot find cue top
sec6-res-util-pool-c2m2,,285,,pool,,1,,502,,709,,273,,5.30917206741e-21,,Cannot find cue ball
sec6-res-util-pool-c2m2,,299,,pool,,1,,565,,772,,339,,5.99563126045e-29,,Cannot find cue bottom
sec6-res-util-pool-c2m2,,310,,pool,,1,,684,,888,,483,,2.74477762679e-46,,Cannot find cue bottom
sec6-res-util-pool-c2m2,,325,,pool,,1,,501,,584,,94,,1.0,,Cannot find cue top
sec6-res-util-pool-c2m2,,329,,pool,,1,,543,,658,,167,,3.08104908317e-08,,Cannot find cue bottom
sec6-res-util-pool-c2m2,,335,,pool,,1,,543,,676,,186,,1.588073687e-10,,Cannot find cue top
sec6-res-util-pool-c2m2,,341,,pool,,1,,502,,663,,256,,5.91603549942e-19,,Cannot find cue top
sec6-res-util-pool-c2m2,,360,,pool,,1,,612,,814,,354,,9.36817384445e-31,,Cannot find cue top
sec6-res-util-pool-c2m2,,371,,pool,,1,,502,,564,,74,,1.0,,Cannot find cue top
sec6-res-util-pool-c2m2,,374,,pool,,1,,500,,661,,171,,1.01636715968e-08,,Cannot find cue top
sec6-res-util-pool-c2m2,,380,,pool,,1,,500,,640,,150,,3.43322753906e-06,,Cannot find cue top
sec6-res-util-pool-c2m2,,399,,pool,,1,,508,,716,,284,,2.51475001782e-22,,Cannot find cue top
sec6-res-util-pool-c2m2,,408,,pool,,1,,515,,718,,276,,2.31095136696e-21,,Cannot find cue bottom
sec6-res-util-pool-c2m2,,417,,pool,,1,,622,,902,,483,,2.74477762679e-46,,Cannot find cue bottom
sec6-res-util-pool-c2m2,,432,,pool,,1,,587,,811,,383,,3.01791491632e-34,,Cannot find cue top
sec6-res-util-pool-c2m2,,445,,pool,,1,,503,,689,,199,,4.32030763366e-12,,Cannot find cue bottom
sec6-res-util-pool-c2m2,,452,,pool,,1,,546,,758,,360,,1.77493703675e-31,,Cannot find cue bottom
sec6-res-util-pool-c2m2,,463,,pool,,1,,563,,777,,377,,1.59286504245e-33,,Cannot find cue bottom
sec6-res-util-pool-c2m2,,475,,pool,,1,,504,,657,,166,,4.06546863872e-08,,Cannot find cue bottom
sec6-res-util-pool-c2m2,,481,,pool,,1,,648,,763,,289,,6.28687504455e-23,,Cannot find cue bottom
sec6-res-util-pool-c2m2,,491,,pool,,1,,503,,743,,278,,1.32729301685e-21,,Cannot find cue bottom
sec6-res-util-pool-c2m2,,500,,pool,,1,,632,,838,,377,,1.59286504245e-33,,Cannot find cue bottom
sec6-res-util-pool-c2m2,,512,,pool,,1,,622,,840,,383,,3.01791491632e-34,,Cannot find cue bottom
sec6-res-util-pool-c2m2,,532,,pool,,1,,594,,778,,354,,9.36817384445e-31,,Cannot find cue top
sec6-res-util-pool-c2m2,,572,,pool,,1,,656,,847,,456,,4.89362986829e-43,,Cannot find cue top
sec6-res-util-pool-c2m2,,586,,pool,,1,,584,,787,,381,,5.25449506076e-34,,Cannot find cue top
sec6-res-util-pool-c2m2,,604,,pool,,1,,501,,687,,197,,7.5220924882e-12,,Cannot find cue top
sec6-res-util-pool-c2m2,,610,,pool,,1,,662,,861,,392,,2.48885162883e-35,,Cannot find cue bottom
sec6-res-util-pool-c2m2,,623,,pool,,1,,549,,730,,279,,1.00590000713e-21,,Cannot find cue ball
sec6-res-util-pool-c2m2,,635,,pool,,1,,561,,770,,301,,2.2567884443e-24,,Cannot find cue ball
sec6-res-util-pool-c2m2,,644,,pool,,1,,631,,846,,378,,1.20716596653e-33,,Cannot find cue ball
sec6-res-util-pool-c2m2,,657,,pool,,1,,710,,1008,,586,,1.08660411075e-58,,speech: left
sec6-res-util-pool-c2m2,,675,,pool,,1,,600,,888,,483,,2.74477762679e-46,,Cannot find object ball
sec6-res-util-pool-c2m2,,691,,pool,,1,,580,,778,,380,,6.93334779979e-34,,Cannot find cue top
sec6-res-util-pool-c2m2,,703,,pool,,1,,587,,879,,482,,3.62175579187e-46,,speech: left
sec6-res-util-pool-c2m2,,718,,pool,,1,,581,,866,,483,,2.74477762679e-46,,speech: left
sec6-res-util-pool-c2m2,,734,,pool,,1,,551,,841,,378,,1.20716596653e-33,,Cannot find cue ball
sec6-res-util-pool-c2m2,,746,,pool,,1,,658,,951,,485,,1.57646077237e-46,,Cannot find cue ball
sec6-res-util-pool-c2m2,,761,,pool,,1,,738,,937,,484,,2.08015246016e-46,,Cannot find object ball
sec6-res-util-pool-c2m2,,777,,pool,,1,,511,,645,,156,,6.50474982195e-07,,Cannot find cue top
sec6-res-util-pool-c2m2,,782,,pool,,1,,729,,865,,393,,1.8861968227e-35,,Cannot find cue top
sec6-res-util-pool-c2m2,,795,,pool,,1,,522,,721,,277,,1.75137363565e-21,,Cannot find cue top
sec6-res-util-pool-c2m2,,804,,pool,,1,,593,,729,,381,,5.25449506076e-34,,Cannot find cue top
sec6-res-util-pool-c2m2,,816,,pool,,1,,586,,714,,277,,1.75137363565e-21,,Cannot find cue top
sec6-res-util-pool-c2m2,,826,,pool,,1,,671,,798,,380,,6.93334779979e-34,,Cannot find cue top
sec6-res-util-pool-c2m2,,838,,pool,,1,,671,,864,,482,,3.62175579187e-46,,Cannot find cue top
sec6-res-util-pool-c2m2,,853,,pool,,1,,573,,761,,380,,6.93334779979e-34,,Cannot find cue top
sec6-res-util-pool-c2m2,,0,,pool,,1,,573,,775,,379,,9.14860726997e-34,,Cannot find cue top
sec6-res-util-pool-c2m2,,12,,pool,,1,,633,,768,,380,,6.93334779979e-34,,Cannot find cue top
sec6-res-util-pool-c2m2,,24,,pool,,1,,646,,928,,485,,1.57646077237e-46,,Cannot find cue bottom
sec6-res-util-pool-c2m2,,40,,pool,,1,,635,,931,,484,,2.08015246016e-46,,Cannot find cue ball
sec6-res-util-pool-c2m2,,55,,pool,,1,,604,,800,,380,,6.93334779979e-34,,Cannot find cue bottom
sec6-res-util-pool-c2m2,,67,,pool,,1,,610,,892,,485,,1.57646077237e-46,,Cannot find cue bottom
sec6-res-util-pool-c2m2,,83,,pool,,1,,616,,903,,488,,6.86194406698e-47,,Cannot find object ball
sec6-res-util-pool-c2m2,,98,,pool,,1,,669,,897,,482,,3.62175579187e-46,,Cannot find object ball
sec6-res-util-pool-c2m2,,113,,pool,,1,,662,,892,,482,,3.62175579187e-46,,Cannot find cue bottom
