sec6-res-util-pool-c6m2,,638,,pool,,1,,534,,633,,147,,7.8874856529e-06,,Cannot find cue ball
sec6-res-util-pool-c6m2,,642,,pool,,1,,497,,573,,86,,1.0,,Cannot find cue ball
sec6-res-util-pool-c6m2,,646,,pool,,1,,498,,564,,78,,1.0,,Cannot find cue ball
sec6-res-util-pool-c6m2,,649,,pool,,1,,497,,563,,76,,1.0,,Cannot find cue top
sec6-res-util-pool-c6m2,,652,,pool,,1,,495,,559,,71,,1.0,,Cannot find cue top
sec6-res-util-pool-c6m2,,655,,pool,,1,,495,,568,,81,,1.0,,speech: left
sec6-res-util-pool-c6m2,,658,,pool,,1,,497,,584,,97,,0.99984,,speech: left
sec6-res-util-pool-c6m2,,662,,pool,,1,,498,,599,,112,,0.129228564937,,speech: left
sec6-res-util-pool-c6m2,,666,,pool,,1,,498,,589,,102,,0.97599,,Cannot find object ball
sec6-res-util-pool-c6m2,,670,,pool,,1,,497,,596,,109,,0.296889279924,,Cannot find object ball
sec6-res-util-pool-c6m2,,674,,pool,,1,,498,,568,,81,,1.0,,Cannot find object ball
sec6-res-util-pool-c6m2,,677,,pool,,1,,497,,601,,203,,1.4251700249e-12,,Cannot find object ball
sec6-res-util-pool-c6m2,,684,,pool,,1,,497,,567,,80,,1.0,,Cannot find cue bottom
sec6-res-util-pool-c6m2,,688,,pool,,1,,497,,546,,58,,1.0,,Cannot find cue top
sec6-res-util-pool-c6m2,,690,,pool,,1,,496,,563,,76,,1.0,,Cannot find cue bottom
sec6-res-util-pool-c6m2,,693,,pool,,1,,498,,550,,63,,1.0,,Cannot find cue top
sec6-res-util-pool-c6m2,,696,,pool,,1,,499,,586,,99,,0.99744,,Cannot find cue top
sec6-res-util-pool-c6m2,,700,,pool,,1,,501,,598,,111,,0.170518113732,,Cannot find cue bottom
sec6-res-util-pool-c6m2,,704,,pool,,1,,497,,570,,83,,1.0,,speech: left
sec6-res-util-pool-c6m2,,707,,pool,,1,,499,,596,,110,,0.225,,speech: left
sec6-res-util-pool-c6m2,,711,,pool,,1,,496,,579,,92,,1.0,,Cannot find object ball
sec6-res-util-pool-c6m2,,715,,pool,,1,,497,,562,,79,,1.0,,speech: left
sec6-res-util-pool-c6m2,,718,,pool,,1,,496,,574,,87,,1.0,,speech: left
sec6-res-util-pool-c6m2,,722,,pool,,1,,497,,560,,73,,1.0,,Cannot find cue ball
sec6-res-util-pool-c6m2,,725,,pool,,1,,497,,592,,105,,0.9,,speech: left
sec6-res-util-pool-c6m2,,729,,pool,,1,,497,,559,,121,,0.0106573821083,,Cannot find object ball
sec6-res-util-pool-c6m2,,734,,pool,,1,,498,,581,,94,,1.0,,Cannot find cue ball
sec6-res-util-pool-c6m2,,737,,pool,,1,,497,,577,,91,,1.0,,Cannot find object ball
sec6-res-util-pool-c6m2,,741,,pool,,1,,497,,568,,81,,1.0,,Cannot find object ball
sec6-res-util-pool-c6m2,,744,,pool,,1,,498,,587,,101,,0.98704,,Cannot find object ball
sec6-res-util-pool-c6m2,,748,,pool,,1,,497,,657,,170,,1.34110450745e-08,,Cannot find cue ball
sec6-res-util-pool-c6m2,,754,,pool,,1,,498,,603,,116,,0.0426295284331,,Cannot find cue ball
sec6-res-util-pool-c6m2,,758,,pool,,1,,498,,586,,99,,0.99744,,Cannot find cue ball
sec6-res-util-pool-c6m2,,762,,pool,,1,,498,,640,,238,,8.69854751525e-17,,Cannot find cue ball
sec6-res-util-pool-c6m2,,770,,pool,,1,,498,,634,,148,,5.97759633611e-06,,Cannot find cue top
sec6-res-util-pool-c6m2,,776,,pool,,1,,497,,610,,123,,0.00612105864818,,Cannot find cue bottom
sec6-res-util-pool-c6m2,,780,,pool,,1,,499,,592,,105,,0.9,,Cannot find cue top
sec6-res-util-pool-c6m2,,784,,pool,,1,,497,,555,,68,,1.0,,Cannot find cue top
sec6-res-util-pool-c6m2,,787,,pool,,1,,499,,542,,55,,1.0,,Cannot find cue top
sec6-res-util-pool-c6m2,,790,,pool,,1,,497,,551,,64,,1.0,,Cannot find cue top
sec6-res-util-pool-c6m2,,792,,pool,,1,,503,,574,,87,,1.0,,Cannot find cue top
sec6-res-util-pool-c6m2,,796,,pool,,1,,498,,541,,54,,1.0,,Cannot find cue top
sec6-res-util-pool-c6m2,,798,,pool,,1,,498,,627,,140,,5.4931640625e-05,,Cannot find cue bottom
sec6-res-util-pool-c6m2,,803,,pool,,1,,496,,587,,100,,0.99375,,Cannot find cue bottom
sec6-res-util-pool-c6m2,,816,,pool,,1,,505,,553,,66,,1.0,,Cannot find cue top
sec6-res-util-pool-c6m2,,818,,pool,,1,,497,,537,,50,,1.0,,Cannot find cue top
sec6-res-util-pool-c6m2,,821,,pool,,1,,497,,561,,74,,1.0,,Cannot find cue top
sec6-res-util-pool-c6m2,,824,,pool,,1,,503,,555,,68,,1.0,,Cannot find cue top
sec6-res-util-pool-c6m2,,827,,pool,,1,,497,,547,,59,,1.0,,Cannot find cue top
sec6-res-util-pool-c6m2,,829,,pool,,1,,497,,570,,82,,1.0,,Cannot find cue top
sec6-res-util-pool-c6m2,,833,,pool,,1,,498,,602,,115,,0.05625,,Cannot find cue top
sec6-res-util-pool-c6m2,,837,,pool,,1,,500,,613,,126,,0.00266434552707,,Cannot find cue bottom
sec6-res-util-pool-c6m2,,842,,pool,,1,,497,,543,,56,,1.0,,Cannot find cue top
sec6-res-util-pool-c6m2,,844,,pool,,1,,500,,584,,97,,0.99984,,Cannot find cue top
sec6-res-util-pool-c6m2,,848,,pool,,1,,499,,566,,79,,1.0,,Cannot find cue top
sec6-res-util-pool-c6m2,,851,,pool,,1,,497,,549,,62,,1.0,,Cannot find cue top
sec6-res-util-pool-c6m2,,854,,pool,,1,,496,,550,,63,,1.0,,Cannot find cue top
sec6-res-util-pool-c6m2,,856,,pool,,1,,497,,557,,70,,1.0,,Cannot find cue top
sec6-res-util-pool-c6m2,,859,,pool,,1,,497,,563,,76,,1.0,,Cannot find cue top
sec6-res-util-pool-c6m2,,863,,pool,,1,,497,,565,,78,,1.0,,Cannot find cue top
sec6-res-util-pool-c6m2,,0,,pool,,1,,497,,552,,64,,1.0,,Cannot find cue top
sec6-res-util-pool-c6m2,,3,,pool,,1,,497,,575,,88,,1.0,,Cannot find cue top
sec6-res-util-pool-c6m2,,6,,pool,,1,,495,,575,,88,,1.0,,Cannot find cue bottom
sec6-res-util-pool-c6m2,,10,,pool,,1,,496,,542,,55,,1.0,,Cannot find cue top
sec6-res-util-pool-c6m2,,13,,pool,,1,,497,,547,,59,,1.0,,Cannot find cue top
sec6-res-util-pool-c6m2,,15,,pool,,1,,497,,573,,86,,1.0,,Cannot find cue bottom
sec6-res-util-pool-c6m2,,19,,pool,,1,,497,,563,,75,,1.0,,Cannot find cue top
sec6-res-util-pool-c6m2,,22,,pool,,1,,497,,557,,70,,1.0,,Cannot find cue bottom
sec6-res-util-pool-c6m2,,25,,pool,,1,,496,,586,,99,,0.99744,,Cannot find cue bottom
sec6-res-util-pool-c6m2,,29,,pool,,1,,499,,555,,69,,1.0,,Cannot find cue top
sec6-res-util-pool-c6m2,,32,,pool,,1,,506,,619,,135,,0.0002197265625,,Cannot find cue top
sec6-res-util-pool-c6m2,,36,,pool,,1,,497,,576,,88,,1.0,,Cannot find cue top
sec6-res-util-pool-c6m2,,40,,pool,,1,,495,,589,,163,,9.33999427517e-08,,Cannot find cue ball
sec6-res-util-pool-c6m2,,46,,pool,,1,,502,,624,,137,,0.000126199770446,,Cannot find cue ball
sec6-res-util-pool-c6m2,,51,,pool,,1,,497,,645,,158,,3.73599771007e-07,,Cannot find cue bottom
sec6-res-util-pool-c6m2,,56,,pool,,1,,497,,612,,125,,0.003515625,,Cannot find cue ball
sec6-res-util-pool-c6m2,,61,,pool,,1,,497,,595,,110,,0.225,,Cannot find cue bottom
sec6-res-util-pool-c6m2,,65,,pool,,1,,497,,592,,105,,0.9,,Cannot find cue bottom
sec6-res-util-pool-c6m2,,69,,pool,,1,,497,,577,,90,,1.0,,Cannot find cue bottom
sec6-res-util-pool-c6m2,,73,,pool,,1,,499,,592,,105,,0.9,,Cannot find cue bottom
sec6-res-util-pool-c6m2,,77,,pool,,1,,497,,595,,167,,3.08104908317e-08,,Cannot find cue bottom
sec6-res-util-pool-c6m2,,83,,pool,,1,,498,,603,,116,,0.0426295284331,,Cannot find object ball
sec6-res-util-pool-c6m2,,87,,pool,,1,,497,,600,,116,,0.0426295284331,,Cannot find object ball
sec6-res-util-pool-c6m2,,91,,pool,,1,,496,,569,,82,,1.0,,Cannot find object ball
sec6-res-util-pool-c6m2,,95,,pool,,1,,497,,594,,107,,0.516914259749,,Cannot find object ball
sec6-res-util-pool-c6m2,,99,,pool,,1,,497,,591,,104,,0.93439,,Cannot find object ball
sec6-res-util-pool-c6m2,,103,,pool,,1,,500,,581,,118,,0.0244842345927,,Cannot find cue bottom
sec6-res-util-pool-c6m2,,107,,pool,,1,,498,,605,,118,,0.0244842345927,,Cannot find cue bottom
sec6-res-util-pool-c6m2,,111,,pool,,1,,499,,578,,91,,1.0,,Cannot find cue bottom
sec6-res-util-pool-c6m2,,115,,pool,,1,,497,,558,,71,,1.0,,Cannot find cue bottom
sec6-res-util-pool-c6m2,,140,,pool,,1,,504,,605,,118,,0.0244842345927,,speech: right
sec6-res-util-pool-c6m2,,143,,pool,,1,,496,,595,,108,,0.391747753483,,speech: good
sec6-res-util-pool-c6m2,,148,,pool,,1,,500,,576,,90,,1.0,,speech: right
sec6-res-util-pool-c6m2,,151,,pool,,1,,496,,555,,68,,1.0,,Cannot find object ball
sec6-res-util-pool-c6m2,,154,,pool,,1,,497,,607,,120,,0.0140625,,Cannot find object ball
sec6-res-util-pool-c6m2,,159,,pool,,1,,497,,583,,95,,1.0,,Cannot find cue bottom
sec6-res-util-pool-c6m2,,162,,pool,,1,,497,,665,,178,,1.4593741055e-09,,Cannot find cue bottom
sec6-res-util-pool-c6m2,,169,,pool,,1,,498,,644,,174,,4.42399501687e-09,,Cannot find object ball
sec6-res-util-pool-c6m2,,175,,pool,,1,,500,,583,,96,,0.99999,,Cannot find cue bottom
sec6-res-util-pool-c6m2,,200,,pool,,1,,502,,590,,102,,0.97599,,Cannot find cue bottom
sec6-res-util-pool-c6m2,,203,,pool,,1,,500,,578,,91,,1.0,,Cannot find cue bottom
sec6-res-util-pool-c6m2,,206,,pool,,1,,498,,608,,121,,0.0106573821083,,Cannot find cue bottom
sec6-res-util-pool-c6m2,,211,,pool,,1,,498,,613,,126,,0.00266434552707,,Cannot find object ball
sec6-res-util-pool-c6m2,,216,,pool,,1,,494,,571,,84,,1.0,,Cannot find cue ball
sec6-res-util-pool-c6m2,,219,,pool,,1,,500,,560,,73,,1.0,,Cannot find object ball
sec6-res-util-pool-c6m2,,222,,pool,,1,,500,,570,,129,,0.0011597237497,,Cannot find object ball
sec6-res-util-pool-c6m2,,227,,pool,,1,,496,,600,,113,,0.0979369383708,,Cannot find cue ball
sec6-res-util-pool-c6m2,,231,,pool,,1,,497,,626,,139,,7.24827343564e-05,,Cannot find object ball
sec6-res-util-pool-c6m2,,236,,pool,,1,,498,,594,,107,,0.516914259749,,Cannot find cue ball
sec6-res-util-pool-c6m2,,240,,pool,,1,,498,,591,,106,,0.68207245493,,Cannot find cue bottom
sec6-res-util-pool-c6m2,,244,,pool,,1,,497,,597,,110,,0.225,,Cannot find cue ball
sec6-res-util-pool-c6m2,,249,,pool,,1,,498,,552,,66,,1.0,,Cannot find cue top
sec6-res-util-pool-c6m2,,252,,pool,,1,,497,,588,,100,,0.99375,,Cannot find cue top
sec6-res-util-pool-c6m2,,255,,pool,,1,,495,,579,,91,,1.0,,Cannot find cue bottom
sec6-res-util-pool-c6m2,,259,,pool,,1,,497,,547,,60,,1.0,,Cannot find cue top
sec6-res-util-pool-c6m2,,262,,pool,,1,,497,,543,,55,,1.0,,Cannot find cue top
sec6-res-util-pool-c6m2,,264,,pool,,1,,498,,547,,59,,1.0,,Cannot find cue top
sec6-res-util-pool-c6m2,,267,,pool,,1,,498,,557,,70,,1.0,,Cannot find cue top
sec6-res-util-pool-c6m2,,270,,pool,,1,,497,,559,,72,,1.0,,Cannot find cue top
sec6-res-util-pool-c6m2,,273,,pool,,1,,497,,561,,74,,1.0,,Cannot find cue top
sec6-res-util-pool-c6m2,,276,,pool,,1,,498,,565,,78,,1.0,,Cannot find cue bottom
sec6-res-util-pool-c6m2,,279,,pool,,1,,503,,591,,104,,0.93439,,Cannot find cue bottom
sec6-res-util-pool-c6m2,,283,,pool,,1,,498,,569,,82,,1.0,,speech: left
sec6-res-util-pool-c6m2,,299,,pool,,1,,503,,598,,111,,0.170518113732,,Cannot find cue bottom
sec6-res-util-pool-c6m2,,302,,pool,,1,,497,,566,,79,,1.0,,Cannot find cue bottom
sec6-res-util-pool-c6m2,,306,,pool,,1,,498,,597,,110,,0.225,,Cannot find cue bottom
sec6-res-util-pool-c6m2,,310,,pool,,1,,499,,580,,179,,1.10599875422e-09,,Cannot find cue bottom
sec6-res-util-pool-c6m2,,316,,pool,,1,,499,,579,,92,,1.0,,Cannot find cue bottom
sec6-res-util-pool-c6m2,,320,,pool,,1,,498,,573,,86,,1.0,,Cannot find cue bottom
sec6-res-util-pool-c6m2,,323,,pool,,1,,506,,583,,96,,0.99999,,Cannot find cue bottom
sec6-res-util-pool-c6m2,,327,,pool,,1,,497,,586,,99,,0.99744,,Cannot find cue bottom
sec6-res-util-pool-c6m2,,331,,pool,,1,,498,,603,,116,,0.0426295284331,,Cannot find cue bottom
sec6-res-util-pool-c6m2,,335,,pool,,1,,497,,563,,76,,1.0,,Cannot find cue top
sec6-res-util-pool-c6m2,,338,,pool,,1,,496,,543,,55,,1.0,,Cannot find cue top
sec6-res-util-pool-c6m2,,341,,pool,,1,,495,,548,,60,,1.0,,Cannot find cue top
sec6-res-util-pool-c6m2,,344,,pool,,1,,500,,551,,64,,1.0,,Cannot find cue top
sec6-res-util-pool-c6m2,,346,,pool,,1,,503,,576,,89,,1.0,,Cannot find cue top
sec6-res-util-pool-c6m2,,360,,pool,,1,,502,,588,,101,,0.98704,,Cannot find cue top
sec6-res-util-pool-c6m2,,363,,pool,,1,,498,,606,,119,,0.0185555799952,,Cannot find cue top
sec6-res-util-pool-c6m2,,367,,pool,,1,,498,,597,,110,,0.225,,Cannot find cue top
sec6-res-util-pool-c6m2,,372,,pool,,1,,499,,561,,163,,9.33999427517e-08,,Cannot find cue top
sec6-res-util-pool-c6m2,,377,,pool,,1,,498,,563,,76,,1.0,,Cannot find cue top
sec6-res-util-pool-c6m2,,399,,pool,,1,,504,,588,,99,,0.99744,,Cannot find cue top
sec6-res-util-pool-c6m2,,402,,pool,,1,,496,,551,,63,,1.0,,Cannot find cue top
sec6-res-util-pool-c6m2,,405,,pool,,1,,497,,657,,171,,1.01636715968e-08,,Cannot find cue bottom
sec6-res-util-pool-c6m2,,411,,pool,,1,,497,,613,,126,,0.00266434552707,,Cannot find cue bottom
sec6-res-util-pool-c6m2,,415,,pool,,1,,498,,606,,120,,0.0140625,,Cannot find cue bottom
sec6-res-util-pool-c6m2,,420,,pool,,1,,497,,588,,101,,0.98704,,Cannot find cue bottom
sec6-res-util-pool-c6m2,,424,,pool,,1,,499,,580,,93,,1.0,,Cannot find cue bottom
sec6-res-util-pool-c6m2,,427,,pool,,1,,496,,602,,115,,0.05625,,Cannot find cue bottom
sec6-res-util-pool-c6m2,,432,,pool,,1,,497,,558,,71,,1.0,,Cannot find cue top
sec6-res-util-pool-c6m2,,435,,pool,,1,,497,,578,,111,,0.170518113732,,Cannot find cue bottom
sec6-res-util-pool-c6m2,,439,,pool,,1,,499,,601,,113,,0.0979369383708,,Cannot find cue bottom
sec6-res-util-pool-c6m2,,443,,pool,,1,,498,,565,,78,,1.0,,Cannot find cue bottom
sec6-res-util-pool-c6m2,,446,,pool,,1,,499,,577,,90,,1.0,,Cannot find cue bottom
sec6-res-util-pool-c6m2,,450,,pool,,1,,497,,613,,140,,5.4931640625e-05,,Cannot find cue bottom
sec6-res-util-pool-c6m2,,455,,pool,,1,,497,,564,,77,,1.0,,Cannot find cue bottom
sec6-res-util-pool-c6m2,,458,,pool,,1,,497,,608,,121,,0.0106573821083,,Cannot find cue bottom
sec6-res-util-pool-c6m2,,463,,pool,,1,,496,,613,,202,,1.88052312205e-12,,Cannot find cue bottom
sec6-res-util-pool-c6m2,,470,,pool,,1,,497,,583,,95,,1.0,,Cannot find cue bottom
sec6-res-util-pool-c6m2,,473,,pool,,1,,499,,599,,113,,0.0979369383708,,Cannot find cue bottom
sec6-res-util-pool-c6m2,,477,,pool,,1,,496,,614,,127,,0.00201919632714,,Cannot find cue bottom
sec6-res-util-pool-c6m2,,482,,pool,,1,,495,,608,,121,,0.0106573821083,,Cannot find cue bottom
sec6-res-util-pool-c6m2,,487,,pool,,1,,497,,577,,91,,1.0,,Cannot find cue bottom
sec6-res-util-pool-c6m2,,490,,pool,,1,,497,,560,,73,,1.0,,Cannot find cue bottom
sec6-res-util-pool-c6m2,,493,,pool,,1,,498,,610,,123,,0.00612105864818,,Cannot find cue bottom
sec6-res-util-pool-c6m2,,498,,pool,,1,,498,,567,,80,,1.0,,Cannot find cue top
sec6-res-util-pool-c6m2,,501,,pool,,1,,498,,577,,90,,1.0,,Cannot find cue bottom
sec6-res-util-pool-c6m2,,504,,pool,,1,,498,,594,,107,,0.516914259749,,Cannot find cue bottom
sec6-res-util-pool-c6m2,,508,,pool,,1,,499,,607,,120,,0.0140625,,Cannot find cue bottom
sec6-res-util-pool-c6m2,,513,,pool,,1,,499,,576,,88,,1.0,,Cannot find cue bottom
sec6-res-util-pool-c6m2,,516,,pool,,1,,497,,546,,59,,1.0,,Cannot find cue top
sec6-res-util-pool-c6m2,,519,,pool,,1,,497,,594,,107,,0.516914259749,,Cannot find cue bottom
sec6-res-util-pool-c6m2,,523,,pool,,1,,497,,561,,74,,1.0,,Cannot find cue top
sec6-res-util-pool-c6m2,,532,,pool,,1,,506,,552,,65,,1.0,,Cannot find cue top
sec6-res-util-pool-c6m2,,534,,pool,,1,,497,,569,,82,,1.0,,Cannot find cue bottom
sec6-res-util-pool-c6m2,,538,,pool,,1,,500,,543,,56,,1.0,,Cannot find cue top
sec6-res-util-pool-c6m2,,540,,pool,,1,,498,,543,,58,,1.0,,Cannot find cue top
sec6-res-util-pool-c6m2,,572,,pool,,1,,503,,572,,84,,1.0,,Cannot find cue top
sec6-res-util-pool-c6m2,,574,,pool,,1,,497,,543,,56,,1.0,,Cannot find cue top
sec6-res-util-pool-c6m2,,576,,pool,,1,,498,,575,,88,,1.0,,Cannot find cue top
sec6-res-util-pool-c6m2,,580,,pool,,1,,497,,562,,74,,1.0,,Cannot find cue top
sec6-res-util-pool-c6m2,,583,,pool,,1,,498,,543,,61,,1.0,,Cannot find cue top
sec6-res-util-pool-c6m2,,586,,pool,,1,,503,,548,,61,,1.0,,Cannot find cue top
sec6-res-util-pool-c6m2,,589,,pool,,1,,498,,556,,69,,1.0,,Cannot find cue top
sec6-res-util-pool-c6m2,,604,,pool,,1,,503,,549,,60,,1.0,,Cannot find cue top
sec6-res-util-pool-c6m2,,606,,pool,,1,,496,,565,,78,,1.0,,Cannot find cue top
sec6-res-util-pool-c6m2,,608,,pool,,1,,498,,569,,82,,1.0,,Cannot find cue top
sec6-res-util-pool-c6m2,,612,,pool,,1,,498,,571,,83,,1.0,,Cannot find cue bottom
sec6-res-util-pool-c6m2,,615,,pool,,1,,498,,553,,65,,1.0,,Cannot find cue bottom
sec6-res-util-pool-c6m2,,618,,pool,,1,,497,,582,,95,,1.0,,Cannot find cue bottom
sec6-res-util-pool-c6m2,,622,,pool,,1,,499,,558,,71,,1.0,,Cannot find cue ball
sec6-res-util-pool-c6m2,,625,,pool,,1,,498,,574,,87,,1.0,,Cannot find cue ball
sec6-res-util-pool-c6m2,,635,,pool,,1,,498,,592,,107,,0.516914259749,,Cannot find cue ball
sec6-res-util-pool-c6m2,,638,,pool,,1,,498,,586,,99,,0.99744,,Cannot find cue ball
sec6-res-util-pool-c6m2,,642,,pool,,1,,497,,560,,73,,1.0,,Cannot find cue ball
sec6-res-util-pool-c6m2,,645,,pool,,1,,497,,562,,75,,1.0,,Cannot find cue ball
sec6-res-util-pool-c6m2,,648,,pool,,1,,498,,565,,78,,1.0,,speech: right
sec6-res-util-pool-c6m2,,651,,pool,,1,,497,,575,,88,,1.0,,Cannot find cue top
sec6-res-util-pool-c6m2,,655,,pool,,1,,497,,593,,106,,0.68207245493,,speech: left
sec6-res-util-pool-c6m2,,659,,pool,,1,,498,,610,,124,,0.00463889499881,,speech: left
sec6-res-util-pool-c6m2,,663,,pool,,1,,497,,572,,84,,1.0,,speech: left
sec6-res-util-pool-c6m2,,667,,pool,,1,,499,,630,,143,,2.39103853444e-05,,Cannot find object ball
sec6-res-util-pool-c6m2,,672,,pool,,1,,508,,612,,190,,5.23868948221e-11,,Cannot find object ball
sec6-res-util-pool-c6m2,,678,,pool,,1,,497,,591,,104,,0.93439,,Cannot find object ball
sec6-res-util-pool-c6m2,,682,,pool,,1,,497,,572,,85,,1.0,,Cannot find cue ball
sec6-res-util-pool-c6m2,,686,,pool,,1,,496,,545,,58,,1.0,,Cannot find cue top
sec6-res-util-pool-c6m2,,688,,pool,,1,,498,,568,,81,,1.0,,Cannot find cue top
sec6-res-util-pool-c6m2,,692,,pool,,1,,498,,553,,66,,1.0,,Cannot find cue top
sec6-res-util-pool-c6m2,,694,,pool,,1,,496,,571,,84,,1.0,,Cannot find cue top
sec6-res-util-pool-c6m2,,698,,pool,,1,,498,,547,,60,,1.0,,Cannot find cue top
sec6-res-util-pool-c6m2,,700,,pool,,1,,497,,567,,80,,1.0,,Cannot find cue bottom
sec6-res-util-pool-c6m2,,704,,pool,,1,,500,,622,,135,,0.0002197265625,,speech: left
sec6-res-util-pool-c6m2,,708,,pool,,1,,497,,615,,198,,5.70068009959e-12,,Cannot find cue ball
sec6-res-util-pool-c6m2,,715,,pool,,1,,498,,574,,87,,1.0,,speech: left
sec6-res-util-pool-c6m2,,719,,pool,,1,,497,,586,,99,,0.99744,,speech: right
sec6-res-util-pool-c6m2,,723,,pool,,1,,499,,586,,99,,0.99744,,speech: left
sec6-res-util-pool-c6m2,,726,,pool,,1,,497,,573,,85,,1.0,,Cannot find object ball
sec6-res-util-pool-c6m2,,730,,pool,,1,,498,,620,,201,,2.48136513594e-12,,Cannot find object ball
sec6-res-util-pool-c6m2,,737,,pool,,1,,497,,577,,90,,1.0,,Cannot find object ball
sec6-res-util-pool-c6m2,,740,,pool,,1,,497,,580,,93,,1.0,,Cannot find cue ball
sec6-res-util-pool-c6m2,,744,,pool,,1,,496,,566,,79,,1.0,,Cannot find object ball
sec6-res-util-pool-c6m2,,747,,pool,,1,,496,,570,,83,,1.0,,Cannot find cue ball
sec6-res-util-pool-c6m2,,751,,pool,,1,,497,,583,,96,,0.99999,,Cannot find object ball
sec6-res-util-pool-c6m2,,754,,pool,,1,,501,,592,,105,,0.9,,Cannot find cue ball
sec6-res-util-pool-c6m2,,758,,pool,,1,,497,,612,,176,,2.5409178992e-09,,Cannot find cue ball
sec6-res-util-pool-c6m2,,764,,pool,,1,,497,,557,,70,,1.0,,Cannot find cue ball
sec6-res-util-pool-c6m2,,767,,pool,,1,,495,,560,,73,,1.0,,Cannot find cue top
sec6-res-util-pool-c6m2,,770,,pool,,1,,496,,581,,94,,1.0,,Cannot find cue top
sec6-res-util-pool-c6m2,,774,,pool,,1,,496,,560,,73,,1.0,,Cannot find cue ball
sec6-res-util-pool-c6m2,,777,,pool,,1,,497,,551,,64,,1.0,,Cannot find cue top
sec6-res-util-pool-c6m2,,780,,pool,,1,,496,,553,,66,,1.0,,Cannot find cue top
sec6-res-util-pool-c6m2,,783,,pool,,1,,497,,541,,53,,1.0,,Cannot find cue top
sec6-res-util-pool-c6m2,,785,,pool,,1,,496,,538,,50,,1.0,,Cannot find cue top
sec6-res-util-pool-c6m2,,788,,pool,,1,,497,,582,,95,,1.0,,Cannot find cue top
sec6-res-util-pool-c6m2,,791,,pool,,1,,498,,540,,52,,1.0,,Cannot find cue top
sec6-res-util-pool-c6m2,,794,,pool,,1,,498,,563,,76,,1.0,,Cannot find cue top
sec6-res-util-pool-c6m2,,797,,pool,,1,,499,,542,,55,,1.0,,Cannot find cue top
sec6-res-util-pool-c6m2,,799,,pool,,1,,498,,564,,77,,1.0,,Cannot find cue bottom
sec6-res-util-pool-c6m2,,803,,pool,,1,,498,,562,,74,,1.0,,Cannot find cue bottom
sec6-res-util-pool-c6m2,,816,,pool,,1,,502,,560,,71,,1.0,,Cannot find cue top
sec6-res-util-pool-c6m2,,818,,pool,,1,,497,,548,,61,,1.0,,Cannot find cue top
sec6-res-util-pool-c6m2,,820,,pool,,1,,497,,539,,53,,1.0,,Cannot find cue top
sec6-res-util-pool-c6m2,,823,,pool,,1,,497,,583,,96,,0.99999,,Cannot find cue top
sec6-res-util-pool-c6m2,,826,,pool,,1,,497,,544,,57,,1.0,,Cannot find cue top
sec6-res-util-pool-c6m2,,829,,pool,,1,,498,,578,,91,,1.0,,Cannot find cue top
sec6-res-util-pool-c6m2,,832,,pool,,1,,497,,553,,66,,1.0,,Cannot find cue top
sec6-res-util-pool-c6m2,,835,,pool,,1,,499,,558,,71,,1.0,,Cannot find cue ball
sec6-res-util-pool-c6m2,,838,,pool,,1,,498,,557,,70,,1.0,,Cannot find cue top
sec6-res-util-pool-c6m2,,841,,pool,,1,,496,,548,,63,,1.0,,Cannot find cue top
sec6-res-util-pool-c6m2,,844,,pool,,1,,497,,547,,60,,1.0,,Cannot find cue top
sec6-res-util-pool-c6m2,,846,,pool,,1,,498,,554,,67,,1.0,,Cannot find cue top
sec6-res-util-pool-c6m2,,849,,pool,,1,,498,,567,,80,,1.0,,Cannot find cue bottom
sec6-res-util-pool-c6m2,,853,,pool,,1,,498,,556,,72,,1.0,,Cannot find cue top
sec6-res-util-pool-c6m2,,856,,pool,,1,,497,,556,,108,,0.391747753483,,Cannot find cue top
sec6-res-util-pool-c6m2,,860,,pool,,1,,497,,598,,111,,0.170518113732,,Cannot find cue top
sec6-res-util-pool-c6m2,,864,,pool,,1,,499,,594,,107,,0.516914259749,,Cannot find cue top
sec6-res-util-pool-c6m2,,2,,pool,,1,,497,,568,,81,,1.0,,Cannot find cue top
sec6-res-util-pool-c6m2,,5,,pool,,1,,497,,544,,55,,1.0,,Cannot find cue top
sec6-res-util-pool-c6m2,,8,,pool,,1,,495,,564,,76,,1.0,,Cannot find cue top
sec6-res-util-pool-c6m2,,10,,pool,,1,,501,,592,,104,,0.93439,,Cannot find cue top
sec6-res-util-pool-c6m2,,14,,pool,,1,,495,,565,,78,,1.0,,Cannot find cue top
sec6-res-util-pool-c6m2,,18,,pool,,1,,495,,567,,79,,1.0,,Cannot find cue bottom
sec6-res-util-pool-c6m2,,21,,pool,,1,,501,,576,,90,,1.0,,Cannot find cue bottom
sec6-res-util-pool-c6m2,,24,,pool,,1,,497,,576,,183,,3.64843526374e-10,,Cannot find cue bottom
sec6-res-util-pool-c6m2,,31,,pool,,1,,496,,562,,75,,1.0,,Cannot find cue top
sec6-res-util-pool-c6m2,,34,,pool,,1,,498,,567,,80,,1.0,,Cannot find cue top
sec6-res-util-pool-c6m2,,37,,pool,,1,,498,,553,,66,,1.0,,Cannot find cue top
sec6-res-util-pool-c6m2,,40,,pool,,1,,496,,598,,111,,0.170518113732,,Cannot find cue ball
sec6-res-util-pool-c6m2,,44,,pool,,1,,494,,565,,77,,1.0,,Cannot find cue ball
sec6-res-util-pool-c6m2,,47,,pool,,1,,495,,566,,78,,1.0,,Cannot find cue ball
sec6-res-util-pool-c6m2,,50,,pool,,1,,496,,594,,107,,0.516914259749,,Cannot find cue ball
sec6-res-util-pool-c6m2,,54,,pool,,1,,495,,566,,79,,1.0,,Cannot find cue bottom
sec6-res-util-pool-c6m2,,57,,pool,,1,,495,,579,,110,,0.225,,Cannot find cue bottom
sec6-res-util-pool-c6m2,,61,,pool,,1,,496,,635,,148,,5.97759633611e-06,,Cannot find cue bottom
sec6-res-util-pool-c6m2,,67,,pool,,1,,497,,566,,79,,1.0,,Cannot find cue bottom
sec6-res-util-pool-c6m2,,70,,pool,,1,,495,,600,,113,,0.0979369383708,,Cannot find cue bottom
sec6-res-util-pool-c6m2,,74,,pool,,1,,504,,576,,89,,1.0,,Cannot find cue bottom
sec6-res-util-pool-c6m2,,78,,pool,,1,,497,,590,,147,,7.8874856529e-06,,Cannot find cue bottom
sec6-res-util-pool-c6m2,,83,,pool,,1,,494,,596,,108,,0.391747753483,,Cannot find object ball
sec6-res-util-pool-c6m2,,87,,pool,,1,,498,,625,,138,,9.56415413777e-05,,Cannot find object ball
sec6-res-util-pool-c6m2,,92,,pool,,1,,508,,622,,135,,0.0002197265625,,Cannot find object ball
sec6-res-util-pool-c6m2,,97,,pool,,1,,500,,588,,101,,0.98704,,Cannot find object ball
sec6-res-util-pool-c6m2,,101,,pool,,1,,497,,557,,70,,1.0,,Cannot find cue bottom
sec6-res-util-pool-c6m2,,104,,pool,,1,,497,,586,,106,,0.68207245493,,Cannot find cue bottom
sec6-res-util-pool-c6m2,,108,,pool,,1,,497,,607,,119,,0.0185555799952,,Cannot find cue bottom
sec6-res-util-pool-c6m2,,112,,pool,,1,,495,,569,,82,,1.0,,Cannot find cue bottom
sec6-res-util-pool-c6m2,,116,,pool,,1,,497,,586,,99,,0.99744,,Cannot find cue bottom
sec6-res-util-pool-c6m2,,140,,pool,,1,,502,,606,,119,,0.0185555799952,,speech: right
sec6-res-util-pool-c6m2,,144,,pool,,1,,495,,605,,117,,0.0323071412343,,speech: right
sec6-res-util-pool-c6m2,,148,,pool,,1,,496,,589,,102,,0.97599,,speech: right
sec6-res-util-pool-c6m2,,152,,pool,,1,,499,,560,,72,,1.0,,Cannot find object ball
sec6-res-util-pool-c6m2,,155,,pool,,1,,497,,590,,103,,0.95904,,Cannot find object ball
sec6-res-util-pool-c6m2,,159,,pool,,1,,498,,600,,113,,0.0979369383708,,Cannot find cue bottom
sec6-res-util-pool-c6m2,,163,,pool,,1,,498,,586,,99,,0.99744,,Cannot find object ball
sec6-res-util-pool-c6m2,,167,,pool,,1,,497,,570,,83,,1.0,,Cannot find object ball
sec6-res-util-pool-c6m2,,170,,pool,,1,,497,,619,,132,,0.000504799081786,,Cannot find object ball
sec6-res-util-pool-c6m2,,175,,pool,,1,,497,,580,,93,,1.0,,Cannot find cue bottom
sec6-res-util-pool-c6m2,,200,,pool,,1,,499,,638,,151,,2.60189992878e-06,,Cannot find cue bottom
sec6-res-util-pool-c6m2,,205,,pool,,1,,496,,579,,92,,1.0,,Cannot find cue bottom
sec6-res-util-pool-c6m2,,208,,pool,,1,,499,,582,,94,,1.0,,Cannot find object ball
sec6-res-util-pool-c6m2,,212,,pool,,1,,497,,574,,87,,1.0,,Cannot find object ball
sec6-res-util-pool-c6m2,,215,,pool,,1,,498,,603,,116,,0.0426295284331,,Cannot find cue ball
sec6-res-util-pool-c6m2,,220,,pool,,1,,497,,559,,72,,1.0,,Cannot find object ball
sec6-res-util-pool-c6m2,,223,,pool,,1,,497,,586,,99,,0.99744,,speech: left
sec6-res-util-pool-c6m2,,227,,pool,,1,,497,,580,,92,,1.0,,Cannot find cue ball
sec6-res-util-pool-c6m2,,230,,pool,,1,,497,,565,,78,,1.0,,speech: left
sec6-res-util-pool-c6m2,,234,,pool,,1,,497,,565,,79,,1.0,,Cannot find object ball
sec6-res-util-pool-c6m2,,237,,pool,,1,,497,,576,,88,,1.0,,Cannot find cue ball
sec6-res-util-pool-c6m2,,240,,pool,,1,,497,,554,,68,,1.0,,Cannot find cue bottom
sec6-res-util-pool-c6m2,,243,,pool,,1,,496,,564,,76,,1.0,,Cannot find cue ball
sec6-res-util-pool-c6m2,,246,,pool,,1,,497,,576,,89,,1.0,,Cannot find cue ball
sec6-res-util-pool-c6m2,,250,,pool,,1,,498,,551,,64,,1.0,,Cannot find cue top
sec6-res-util-pool-c6m2,,253,,pool,,1,,498,,577,,90,,1.0,,Cannot find cue top
sec6-res-util-pool-c6m2,,256,,pool,,1,,499,,560,,74,,1.0,,Cannot find cue bottom
sec6-res-util-pool-c6m2,,259,,pool,,1,,499,,582,,95,,1.0,,Cannot find cue top
sec6-res-util-pool-c6m2,,263,,pool,,1,,498,,570,,83,,1.0,,Cannot find cue top
sec6-res-util-pool-c6m2,,267,,pool,,1,,497,,551,,64,,1.0,,Cannot find cue top
sec6-res-util-pool-c6m2,,269,,pool,,1,,498,,538,,51,,1.0,,Cannot find cue top
sec6-res-util-pool-c6m2,,272,,pool,,1,,496,,567,,80,,1.0,,Cannot find cue top
sec6-res-util-pool-c6m2,,275,,pool,,1,,498,,575,,88,,1.0,,Cannot find cue bottom
sec6-res-util-pool-c6m2,,278,,pool,,1,,495,,611,,124,,0.00463889499881,,Cannot find cue bottom
sec6-res-util-pool-c6m2,,283,,pool,,1,,495,,553,,66,,1.0,,speech: left
sec6-res-util-pool-c6m2,,299,,pool,,1,,510,,602,,115,,0.05625,,Cannot find cue bottom
sec6-res-util-pool-c6m2,,302,,pool,,1,,495,,552,,65,,1.0,,Cannot find cue bottom
sec6-res-util-pool-c6m2,,305,,pool,,1,,497,,615,,129,,0.0011597237497,,Cannot find cue bottom
sec6-res-util-pool-c6m2,,310,,pool,,1,,500,,561,,74,,1.0,,Cannot find cue bottom
sec6-res-util-pool-c6m2,,313,,pool,,1,,497,,581,,94,,1.0,,Cannot find cue bottom
sec6-res-util-pool-c6m2,,316,,pool,,1,,496,,560,,76,,1.0,,Cannot find cue bottom
sec6-res-util-pool-c6m2,,319,,pool,,1,,499,,633,,146,,1.04075997151e-05,,Cannot find cue bottom
sec6-res-util-pool-c6m2,,325,,pool,,1,,498,,573,,86,,1.0,,Cannot find cue top
sec6-res-util-pool-c6m2,,328,,pool,,1,,498,,565,,78,,1.0,,Cannot find cue bottom
sec6-res-util-pool-c6m2,,331,,pool,,1,,497,,552,,64,,1.0,,Cannot find cue bottom
sec6-res-util-pool-c6m2,,334,,pool,,1,,497,,543,,56,,1.0,,Cannot find cue top
sec6-res-util-pool-c6m2,,337,,pool,,1,,497,,581,,93,,1.0,,Cannot find cue bottom
sec6-res-util-pool-c6m2,,341,,pool,,1,,498,,569,,82,,1.0,,Cannot find cue top
sec6-res-util-pool-c6m2,,344,,pool,,1,,498,,590,,105,,0.9,,Cannot find cue top
sec6-res-util-pool-c6m2,,348,,pool,,1,,498,,582,,94,,1.0,,Cannot find cue top
sec6-res-util-pool-c6m2,,360,,pool,,1,,506,,577,,90,,1.0,,Cannot find cue top
sec6-res-util-pool-c6m2,,363,,pool,,1,,519,,610,,123,,0.00612105864818,,Cannot find cue top
sec6-res-util-pool-c6m2,,367,,pool,,1,,498,,547,,60,,1.0,,Cannot find cue top
sec6-res-util-pool-c6m2,,370,,pool,,1,,498,,545,,58,,1.0,,Cannot find cue top
sec6-res-util-pool-c6m2,,373,,pool,,1,,497,,577,,90,,1.0,,Cannot find cue top
sec6-res-util-pool-c6m2,,376,,pool,,1,,499,,558,,70,,1.0,,Cannot find cue top
sec6-res-util-pool-c6m2,,379,,pool,,1,,500,,578,,90,,1.0,,Cannot find cue top
sec6-res-util-pool-c6m2,,399,,pool,,1,,503,,648,,161,,1.62618745549e-07,,Cannot find cue top
sec6-res-util-pool-c6m2,,404,,pool,,1,,498,,606,,119,,0.0185555799952,,Cannot find cue top
sec6-res-util-pool-c6m2,,409,,pool,,1,,502,,630,,143,,2.39103853444e-05,,Cannot find cue top
sec6-res-util-pool-c6m2,,414,,pool,,1,,497,,583,,95,,1.0,,Cannot find cue bottom
sec6-res-util-pool-c6m2,,418,,pool,,1,,495,,599,,113,,0.0979369383708,,Cannot find cue bottom
sec6-res-util-pool-c6m2,,422,,pool,,1,,497,,609,,122,,0.00807678530857,,Cannot find cue bottom
sec6-res-util-pool-c6m2,,426,,pool,,1,,501,,575,,88,,1.0,,Cannot find cue bottom
sec6-res-util-pool-c6m2,,430,,pool,,1,,497,,552,,65,,1.0,,Cannot find cue top
sec6-res-util-pool-c6m2,,433,,pool,,1,,497,,559,,74,,1.0,,Cannot find cue top
sec6-res-util-pool-c6m2,,436,,pool,,1,,498,,575,,88,,1.0,,Cannot find cue bottom
sec6-res-util-pool-c6m2,,439,,pool,,1,,499,,575,,88,,1.0,,Cannot find cue bottom
sec6-res-util-pool-c6m2,,443,,pool,,1,,498,,618,,131,,0.000666086381767,,Cannot find cue bottom
sec6-res-util-pool-c6m2,,447,,pool,,1,,497,,619,,132,,0.000504799081786,,Cannot find cue bottom
sec6-res-util-pool-c6m2,,452,,pool,,1,,498,,628,,140,,5.4931640625e-05,,Cannot find cue bottom
sec6-res-util-pool-c6m2,,457,,pool,,1,,499,,656,,169,,1.76959800675e-08,,Cannot find cue bottom
sec6-res-util-pool-c6m2,,463,,pool,,1,,498,,637,,150,,3.43322753906e-06,,Cannot find cue bottom
sec6-res-util-pool-c6m2,,469,,pool,,1,,503,,641,,154,,1.13254272432e-06,,Cannot find cue bottom
sec6-res-util-pool-c6m2,,474,,pool,,1,,497,,589,,102,,0.97599,,Cannot find cue ball
sec6-res-util-pool-c6m2,,478,,pool,,1,,498,,636,,149,,4.53017089728e-06,,Cannot find cue bottom
sec6-res-util-pool-c6m2,,484,,pool,,1,,498,,597,,110,,0.225,,Cannot find cue bottom
sec6-res-util-pool-c6m2,,488,,pool,,1,,500,,593,,110,,0.225,,Cannot find cue bottom
sec6-res-util-pool-c6m2,,492,,pool,,1,,498,,570,,83,,1.0,,Cannot find cue bottom
sec6-res-util-pool-c6m2,,495,,pool,,1,,498,,585,,147,,7.8874856529e-06,,Cannot find cue bottom
sec6-res-util-pool-c6m2,,501,,pool,,1,,497,,592,,105,,0.9,,Cannot find cue bottom
sec6-res-util-pool-c6m2,,505,,pool,,1,,500,,558,,70,,1.0,,Cannot find cue top
sec6-res-util-pool-c6m2,,508,,pool,,1,,497,,572,,85,,1.0,,Cannot find cue bottom
sec6-res-util-pool-c6m2,,511,,pool,,1,,498,,574,,87,,1.0,,Cannot find cue bottom
sec6-res-util-pool-c6m2,,515,,pool,,1,,498,,557,,69,,1.0,,Cannot find cue bottom
sec6-res-util-pool-c6m2,,518,,pool,,1,,498,,565,,80,,1.0,,Cannot find cue top
sec6-res-util-pool-c6m2,,521,,pool,,1,,499,,568,,81,,1.0,,Cannot find cue bottom
sec6-res-util-pool-c6m2,,524,,pool,,1,,499,,550,,63,,1.0,,Cannot find cue top
sec6-res-util-pool-c6m2,,532,,pool,,1,,508,,648,,161,,1.62618745549e-07,,Cannot find cue top
sec6-res-util-pool-c6m2,,537,,pool,,1,,499,,547,,62,,1.0,,Cannot find cue top
sec6-res-util-pool-c6m2,,540,,pool,,1,,499,,569,,82,,1.0,,Cannot find cue top
sec6-res-util-pool-c6m2,,572,,pool,,1,,505,,583,,94,,1.0,,Cannot find cue top
sec6-res-util-pool-c6m2,,575,,pool,,1,,496,,547,,59,,1.0,,Cannot find cue top
sec6-res-util-pool-c6m2,,577,,pool,,1,,541,,608,,121,,0.0106573821083,,Cannot find cue top
sec6-res-util-pool-c6m2,,581,,pool,,1,,498,,557,,70,,1.0,,Cannot find cue top
sec6-res-util-pool-c6m2,,585,,pool,,1,,498,,567,,79,,1.0,,Cannot find cue top
sec6-res-util-pool-c6m2,,588,,pool,,1,,499,,583,,95,,1.0,,Cannot find cue top
sec6-res-util-pool-c6m2,,604,,pool,,1,,504,,568,,81,,1.0,,Cannot find cue top
sec6-res-util-pool-c6m2,,607,,pool,,1,,498,,546,,58,,1.0,,Cannot find cue top
sec6-res-util-pool-c6m2,,609,,pool,,1,,498,,574,,113,,0.0979369383708,,Cannot find cue bottom
sec6-res-util-pool-c6m2,,614,,pool,,1,,498,,596,,109,,0.296889279924,,Cannot find cue bottom
sec6-res-util-pool-c6m2,,618,,pool,,1,,501,,555,,68,,1.0,,Cannot find cue bottom
sec6-res-util-pool-c6m2,,621,,pool,,1,,498,,555,,67,,1.0,,Cannot find cue ball
sec6-res-util-pool-c6m2,,624,,pool,,1,,498,,589,,104,,0.93439,,Cannot find cue ball
sec6-res-util-pool-c6m2,,627,,pool,,1,,498,,590,,103,,0.95904,,Cannot find cue ball
sec6-res-util-pool-c6m2,,635,,pool,,1,,497,,560,,71,,1.0,,Cannot find cue ball
sec6-res-util-pool-c6m2,,637,,pool,,1,,497,,562,,75,,1.0,,Cannot find cue ball
sec6-res-util-pool-c6m2,,638,,pool,,1,,498,,564,,77,,1.0,,Cannot find cue ball
sec6-res-util-pool-c6m2,,641,,pool,,1,,497,,559,,71,,1.0,,Cannot find cue ball
sec6-res-util-pool-c6m2,,644,,pool,,1,,498,,581,,93,,1.0,,Cannot find cue ball
sec6-res-util-pool-c6m2,,647,,pool,,1,,498,,561,,74,,1.0,,Cannot find cue ball
sec6-res-util-pool-c6m2,,650,,pool,,1,,500,,565,,78,,1.0,,Cannot find cue top
sec6-res-util-pool-c6m2,,653,,pool,,1,,498,,572,,84,,1.0,,speech: good
sec6-res-util-pool-c6m2,,657,,pool,,1,,498,,562,,75,,1.0,,speech: left
sec6-res-util-pool-c6m2,,660,,pool,,1,,497,,562,,76,,1.0,,speech: left
sec6-res-util-pool-c6m2,,663,,pool,,1,,498,,595,,108,,0.391747753483,,speech: left
sec6-res-util-pool-c6m2,,667,,pool,,1,,497,,602,,115,,0.05625,,Cannot find object ball
sec6-res-util-pool-c6m2,,671,,pool,,1,,498,,622,,135,,0.0002197265625,,Cannot find object ball
sec6-res-util-pool-c6m2,,676,,pool,,1,,497,,575,,90,,1.0,,Cannot find object ball
sec6-res-util-pool-c6m2,,680,,pool,,1,,497,,584,,96,,0.99999,,Cannot find object ball
sec6-res-util-pool-c6m2,,684,,pool,,1,,497,,593,,133,,0.000382566165511,,Cannot find cue bottom
sec6-res-util-pool-c6m2,,689,,pool,,1,,497,,559,,72,,1.0,,Cannot find cue top
sec6-res-util-pool-c6m2,,692,,pool,,1,,496,,582,,95,,1.0,,Cannot find cue top
sec6-res-util-pool-c6m2,,695,,pool,,1,,501,,566,,78,,1.0,,Cannot find cue top
sec6-res-util-pool-c6m2,,698,,pool,,1,,499,,552,,67,,1.0,,Cannot find cue top
sec6-res-util-pool-c6m2,,701,,pool,,1,,496,,554,,67,,1.0,,Cannot find cue top
sec6-res-util-pool-c6m2,,704,,pool,,1,,497,,564,,76,,1.0,,speech: left
sec6-res-util-pool-c6m2,,707,,pool,,1,,500,,590,,103,,0.95904,,speech: left
sec6-res-util-pool-c6m2,,711,,pool,,1,,498,,583,,96,,0.99999,,Cannot find object ball
sec6-res-util-pool-c6m2,,715,,pool,,1,,500,,583,,96,,0.99999,,speech: left
sec6-res-util-pool-c6m2,,719,,pool,,1,,498,,583,,96,,0.99999,,speech: right
sec6-res-util-pool-c6m2,,723,,pool,,1,,498,,573,,85,,1.0,,speech: left
sec6-res-util-pool-c6m2,,726,,pool,,1,,501,,569,,82,,1.0,,Cannot find object ball
sec6-res-util-pool-c6m2,,729,,pool,,1,,498,,590,,103,,0.95904,,Cannot find object ball
sec6-res-util-pool-c6m2,,733,,pool,,1,,498,,568,,81,,1.0,,Cannot find cue ball
sec6-res-util-pool-c6m2,,737,,pool,,1,,496,,590,,113,,0.0979369383708,,Cannot find object ball
sec6-res-util-pool-c6m2,,741,,pool,,1,,499,,602,,114,,0.074222319981,,Cannot find object ball
sec6-res-util-pool-c6m2,,745,,pool,,1,,498,,589,,101,,0.98704,,Cannot find object ball
sec6-res-util-pool-c6m2,,749,,pool,,1,,499,,598,,111,,0.170518113732,,speech: left
sec6-res-util-pool-c6m2,,753,,pool,,1,,497,,588,,101,,0.98704,,speech: left
sec6-res-util-pool-c6m2,,757,,pool,,1,,497,,588,,110,,0.225,,Cannot find cue ball
sec6-res-util-pool-c6m2,,761,,pool,,1,,498,,614,,127,,0.00201919632714,,Cannot find object ball
sec6-res-util-pool-c6m2,,767,,pool,,1,,497,,569,,82,,1.0,,Cannot find cue top
sec6-res-util-pool-c6m2,,770,,pool,,1,,497,,541,,54,,1.0,,Cannot find cue top
sec6-res-util-pool-c6m2,,773,,pool,,1,,497,,542,,54,,1.0,,Cannot find cue top
sec6-res-util-pool-c6m2,,775,,pool,,1,,497,,593,,106,,0.68207245493,,Cannot find cue ball
sec6-res-util-pool-c6m2,,779,,pool,,1,,499,,570,,83,,1.0,,Cannot find cue top
sec6-res-util-pool-c6m2,,783,,pool,,1,,497,,544,,57,,1.0,,Cannot find cue top
sec6-res-util-pool-c6m2,,785,,pool,,1,,499,,541,,53,,1.0,,Cannot find cue top
sec6-res-util-pool-c6m2,,788,,pool,,1,,498,,540,,53,,1.0,,Cannot find cue top
sec6-res-util-pool-c6m2,,790,,pool,,1,,498,,544,,56,,1.0,,Cannot find cue top
sec6-res-util-pool-c6m2,,793,,pool,,1,,499,,602,,114,,0.074222319981,,Cannot find cue top
sec6-res-util-pool-c6m2,,797,,pool,,1,,497,,572,,84,,1.0,,Cannot find cue top
sec6-res-util-pool-c6m2,,801,,pool,,1,,498,,578,,91,,1.0,,Cannot find cue bottom
sec6-res-util-pool-c6m2,,804,,pool,,1,,498,,552,,65,,1.0,,Cannot find cue top
sec6-res-util-pool-c6m2,,816,,pool,,1,,504,,589,,102,,0.97599,,Cannot find cue top
sec6-res-util-pool-c6m2,,819,,pool,,1,,497,,539,,55,,1.0,,Cannot find cue top
sec6-res-util-pool-c6m2,,822,,pool,,1,,497,,586,,99,,0.99744,,Cannot find cue top
sec6-res-util-pool-c6m2,,826,,pool,,1,,498,,562,,77,,1.0,,Cannot find cue top
sec6-res-util-pool-c6m2,,829,,pool,,1,,498,,557,,70,,1.0,,Cannot find cue top
sec6-res-util-pool-c6m2,,832,,pool,,1,,497,,565,,77,,1.0,,Cannot find cue top
sec6-res-util-pool-c6m2,,835,,pool,,1,,498,,565,,80,,1.0,,Cannot find cue ball
sec6-res-util-pool-c6m2,,838,,pool,,1,,497,,554,,67,,1.0,,Cannot find cue top
sec6-res-util-pool-c6m2,,841,,pool,,1,,498,,565,,78,,1.0,,Cannot find cue top
sec6-res-util-pool-c6m2,,845,,pool,,1,,499,,540,,53,,1.0,,Cannot find cue top
sec6-res-util-pool-c6m2,,847,,pool,,1,,497,,559,,71,,1.0,,Cannot find cue top
sec6-res-util-pool-c6m2,,850,,pool,,1,,499,,576,,89,,1.0,,Cannot find cue top
sec6-res-util-pool-c6m2,,854,,pool,,1,,498,,576,,89,,1.0,,Cannot find cue top
sec6-res-util-pool-c6m2,,857,,pool,,1,,497,,541,,54,,1.0,,Cannot find cue top
sec6-res-util-pool-c6m2,,860,,pool,,1,,497,,557,,70,,1.0,,Cannot find cue top
sec6-res-util-pool-c6m2,,863,,pool,,1,,498,,568,,81,,1.0,,Cannot find cue top
sec6-res-util-pool-c6m2,,0,,pool,,1,,498,,553,,65,,1.0,,Cannot find cue top
sec6-res-util-pool-c6m2,,3,,pool,,1,,498,,553,,66,,1.0,,Cannot find cue top
sec6-res-util-pool-c6m2,,6,,pool,,1,,497,,578,,91,,1.0,,Cannot find cue bottom
sec6-res-util-pool-c6m2,,9,,pool,,1,,497,,577,,90,,1.0,,Cannot find cue top
sec6-res-util-pool-c6m2,,13,,pool,,1,,499,,572,,85,,1.0,,Cannot find cue top
sec6-res-util-pool-c6m2,,16,,pool,,1,,499,,580,,93,,1.0,,Cannot find cue bottom
sec6-res-util-pool-c6m2,,20,,pool,,1,,498,,558,,71,,1.0,,Cannot find cue top
sec6-res-util-pool-c6m2,,23,,pool,,1,,498,,579,,92,,1.0,,Cannot find cue bottom
sec6-res-util-pool-c6m2,,27,,pool,,1,,498,,605,,117,,0.0323071412343,,Cannot find cue bottom
sec6-res-util-pool-c6m2,,31,,pool,,1,,500,,584,,97,,0.99984,,Cannot find cue top
sec6-res-util-pool-c6m2,,35,,pool,,1,,497,,574,,95,,1.0,,Cannot find cue top
sec6-res-util-pool-c6m2,,38,,pool,,1,,497,,570,,83,,1.0,,Cannot find cue top
sec6-res-util-pool-c6m2,,42,,pool,,1,,497,,595,,108,,0.391747753483,,Cannot find cue ball
sec6-res-util-pool-c6m2,,46,,pool,,1,,497,,627,,213,,8.90731265561e-14,,Cannot find cue ball
sec6-res-util-pool-c6m2,,53,,pool,,1,,498,,587,,99,,0.99744,,Cannot find cue ball
sec6-res-util-pool-c6m2,,57,,pool,,1,,498,,581,,93,,1.0,,Cannot find cue bottom
sec6-res-util-pool-c6m2,,61,,pool,,1,,497,,611,,124,,0.00463889499881,,Cannot find cue bottom
sec6-res-util-pool-c6m2,,65,,pool,,1,,497,,571,,84,,1.0,,Cannot find cue bottom
sec6-res-util-pool-c6m2,,68,,pool,,1,,498,,575,,87,,1.0,,Cannot find cue bottom
sec6-res-util-pool-c6m2,,72,,pool,,1,,499,,578,,92,,1.0,,Cannot find cue bottom
sec6-res-util-pool-c6m2,,76,,pool,,1,,498,,572,,86,,1.0,,Cannot find cue bottom
sec6-res-util-pool-c6m2,,79,,pool,,1,,498,,620,,133,,0.000382566165511,,Cannot find cue bottom
sec6-res-util-pool-c6m2,,84,,pool,,1,,497,,574,,275,,3.04931861012e-21,,Cannot find object ball
sec6-res-util-pool-c6m2,,93,,pool,,1,,496,,585,,98,,0.99919,,Cannot find object ball
sec6-res-util-pool-c6m2,,96,,pool,,1,,498,,602,,116,,0.0426295284331,,Cannot find object ball
sec6-res-util-pool-c6m2,,101,,pool,,1,,500,,580,,92,,1.0,,Cannot find cue bottom
sec6-res-util-pool-c6m2,,104,,pool,,1,,500,,559,,72,,1.0,,Cannot find cue bottom
sec6-res-util-pool-c6m2,,107,,pool,,1,,499,,568,,114,,0.074222319981,,Cannot find cue bottom
sec6-res-util-pool-c6m2,,111,,pool,,1,,498,,563,,75,,1.0,,Cannot find cue bottom
sec6-res-util-pool-c6m2,,115,,pool,,1,,496,,555,,68,,1.0,,Cannot find cue bottom
sec6-res-util-pool-c6m2,,117,,pool,,1,,498,,589,,102,,0.97599,,Cannot find cue bottom
sec6-res-util-pool-c6m2,,140,,pool,,1,,503,,635,,147,,7.8874856529e-06,,speech: right
sec6-res-util-pool-c6m2,,144,,pool,,1,,497,,608,,121,,0.0106573821083,,speech: right
sec6-res-util-pool-c6m2,,149,,pool,,1,,500,,567,,80,,1.0,,Cannot find object ball
sec6-res-util-pool-c6m2,,152,,pool,,1,,497,,555,,68,,1.0,,Cannot find object ball
sec6-res-util-pool-c6m2,,155,,pool,,1,,499,,559,,72,,1.0,,Cannot find object ball
sec6-res-util-pool-c6m2,,158,,pool,,1,,497,,580,,93,,1.0,,Cannot find cue bottom
sec6-res-util-pool-c6m2,,162,,pool,,1,,498,,591,,103,,0.95904,,Cannot find cue bottom
sec6-res-util-pool-c6m2,,166,,pool,,1,,504,,645,,216,,3.8771330249e-14,,Cannot find object ball
sec6-res-util-pool-c6m2,,173,,pool,,1,,497,,574,,86,,1.0,,Cannot find cue bottom
sec6-res-util-pool-c6m2,,200,,pool,,1,,505,,595,,108,,0.391747753483,,Cannot find cue bottom
sec6-res-util-pool-c6m2,,204,,pool,,1,,504,,577,,90,,1.0,,Cannot find cue bottom
sec6-res-util-pool-c6m2,,207,,pool,,1,,498,,577,,90,,1.0,,Cannot find cue bottom
sec6-res-util-pool-c6m2,,211,,pool,,1,,501,,598,,114,,0.074222319981,,Cannot find object ball
sec6-res-util-pool-c6m2,,215,,pool,,1,,497,,562,,76,,1.0,,Cannot find cue ball
sec6-res-util-pool-c6m2,,219,,pool,,1,,497,,579,,92,,1.0,,Cannot find object ball
sec6-res-util-pool-c6m2,,222,,pool,,1,,498,,563,,75,,1.0,,Cannot find object ball
sec6-res-util-pool-c6m2,,225,,pool,,1,,496,,571,,83,,1.0,,Cannot find object ball
sec6-res-util-pool-c6m2,,229,,pool,,1,,498,,623,,164,,7.07839202699e-08,,Cannot find cue ball
sec6-res-util-pool-c6m2,,234,,pool,,1,,497,,591,,117,,0.0323071412343,,Cannot find object ball
sec6-res-util-pool-c6m2,,239,,pool,,1,,497,,586,,99,,0.99744,,Cannot find object ball
sec6-res-util-pool-c6m2,,242,,pool,,1,,497,,561,,74,,1.0,,Cannot find cue ball
sec6-res-util-pool-c6m2,,245,,pool,,1,,498,,605,,118,,0.0244842345927,,Cannot find cue ball
sec6-res-util-pool-c6m2,,250,,pool,,1,,498,,572,,85,,1.0,,Cannot find cue top
sec6-res-util-pool-c6m2,,253,,pool,,1,,498,,568,,81,,1.0,,Cannot find cue top
sec6-res-util-pool-c6m2,,256,,pool,,1,,498,,552,,65,,1.0,,Cannot find cue bottom
sec6-res-util-pool-c6m2,,259,,pool,,1,,501,,585,,98,,0.99919,,Cannot find cue top
sec6-res-util-pool-c6m2,,263,,pool,,1,,498,,546,,58,,1.0,,Cannot find cue top
sec6-res-util-pool-c6m2,,266,,pool,,1,,498,,571,,84,,1.0,,Cannot find cue top
sec6-res-util-pool-c6m2,,269,,pool,,1,,498,,576,,148,,5.97759633611e-06,,Cannot find cue top
sec6-res-util-pool-c6m2,,274,,pool,,1,,498,,557,,70,,1.0,,Cannot find cue top
sec6-res-util-pool-c6m2,,277,,pool,,1,,498,,585,,98,,0.99919,,Cannot find cue bottom
sec6-res-util-pool-c6m2,,281,,pool,,1,,499,,556,,69,,1.0,,Cannot find cue bottom
sec6-res-util-pool-c6m2,,284,,pool,,1,,500,,577,,90,,1.0,,Cannot find cue ball
sec6-res-util-pool-c6m2,,299,,pool,,1,,506,,581,,92,,1.0,,Cannot find cue bottom
sec6-res-util-pool-c6m2,,302,,pool,,1,,499,,581,,94,,1.0,,Cannot find cue bottom
sec6-res-util-pool-c6m2,,305,,pool,,1,,497,,580,,94,,1.0,,Cannot find cue bottom
sec6-res-util-pool-c6m2,,309,,pool,,1,,499,,592,,105,,0.9,,Cannot find cue bottom
sec6-res-util-pool-c6m2,,313,,pool,,1,,501,,597,,110,,0.225,,Cannot find cue bottom
sec6-res-util-pool-c6m2,,317,,pool,,1,,499,,557,,70,,1.0,,Cannot find cue bottom
sec6-res-util-pool-c6m2,,320,,pool,,1,,498,,588,,201,,2.48136513594e-12,,Cannot find cue bottom
sec6-res-util-pool-c6m2,,327,,pool,,1,,509,,616,,129,,0.0011597237497,,Cannot find cue bottom
sec6-res-util-pool-c6m2,,331,,pool,,1,,500,,565,,78,,1.0,,Cannot find cue bottom
sec6-res-util-pool-c6m2,,334,,pool,,1,,498,,595,,108,,0.391747753483,,Cannot find cue top
sec6-res-util-pool-c6m2,,338,,pool,,1,,497,,565,,78,,1.0,,Cannot find cue top
sec6-res-util-pool-c6m2,,342,,pool,,1,,497,,570,,86,,1.0,,Cannot find cue top
sec6-res-util-pool-c6m2,,345,,pool,,1,,498,,641,,153,,1.49439908403e-06,,Cannot find cue top
sec6-res-util-pool-c6m2,,360,,pool,,1,,503,,563,,75,,1.0,,Cannot find cue top
sec6-res-util-pool-c6m2,,362,,pool,,1,,498,,575,,87,,1.0,,Cannot find cue top
sec6-res-util-pool-c6m2,,366,,pool,,1,,497,,577,,90,,1.0,,Cannot find cue top
sec6-res-util-pool-c6m2,,369,,pool,,1,,495,,619,,131,,0.000666086381767,,Cannot find cue top
sec6-res-util-pool-c6m2,,374,,pool,,1,,498,,564,,76,,1.0,,Cannot find cue top
sec6-res-util-pool-c6m2,,377,,pool,,1,,499,,560,,72,,1.0,,Cannot find cue top
sec6-res-util-pool-c6m2,,380,,pool,,1,,497,,575,,90,,1.0,,Cannot find cue top
sec6-res-util-pool-c6m2,,399,,pool,,1,,503,,576,,88,,1.0,,Cannot find cue top
sec6-res-util-pool-c6m2,,402,,pool,,1,,498,,556,,69,,1.0,,Cannot find cue top
sec6-res-util-pool-c6m2,,404,,pool,,1,,498,,560,,73,,1.0,,Cannot find cue top
sec6-res-util-pool-c6m2,,407,,pool,,1,,496,,574,,87,,1.0,,Cannot find cue bottom
sec6-res-util-pool-c6m2,,411,,pool,,1,,498,,590,,102,,0.97599,,Cannot find cue bottom
sec6-res-util-pool-c6m2,,415,,pool,,1,,498,,607,,119,,0.0185555799952,,Cannot find cue bottom
sec6-res-util-pool-c6m2,,419,,pool,,1,,498,,598,,111,,0.170518113732,,Cannot find cue bottom
sec6-res-util-pool-c6m2,,423,,pool,,1,,500,,629,,142,,3.15499426116e-05,,Cannot find cue bottom
sec6-res-util-pool-c6m2,,428,,pool,,1,,497,,587,,100,,0.99375,,Cannot find cue top
sec6-res-util-pool-c6m2,,432,,pool,,1,,498,,580,,93,,1.0,,Cannot find cue top
sec6-res-util-pool-c6m2,,436,,pool,,1,,498,,563,,76,,1.0,,Cannot find cue bottom
sec6-res-util-pool-c6m2,,439,,pool,,1,,499,,560,,73,,1.0,,Cannot find cue bottom
sec6-res-util-pool-c6m2,,442,,pool,,1,,497,,563,,75,,1.0,,Cannot find cue bottom
sec6-res-util-pool-c6m2,,445,,pool,,1,,498,,595,,217,,2.9383173782e-14,,Cannot find cue bottom
sec6-res-util-pool-c6m2,,452,,pool,,1,,497,,576,,89,,1.0,,Cannot find cue bottom
sec6-res-util-pool-c6m2,,456,,pool,,1,,498,,570,,82,,1.0,,Cannot find cue top
sec6-res-util-pool-c6m2,,459,,pool,,1,,498,,573,,85,,1.0,,Cannot find cue bottom
sec6-res-util-pool-c6m2,,463,,pool,,1,,498,,568,,80,,1.0,,Cannot find cue bottom
sec6-res-util-pool-c6m2,,466,,pool,,1,,497,,573,,86,,1.0,,Cannot find cue bottom
sec6-res-util-pool-c6m2,,469,,pool,,1,,496,,590,,103,,0.95904,,Cannot find cue bottom
sec6-res-util-pool-c6m2,,473,,pool,,1,,499,,592,,198,,5.70068009959e-12,,Cannot find cue bottom
sec6-res-util-pool-c6m2,,480,,pool,,1,,498,,579,,91,,1.0,,Cannot find cue bottom
sec6-res-util-pool-c6m2,,484,,pool,,1,,496,,565,,78,,1.0,,Cannot find cue bottom
sec6-res-util-pool-c6m2,,486,,pool,,1,,497,,562,,75,,1.0,,Cannot find cue bottom
sec6-res-util-pool-c6m2,,490,,pool,,1,,498,,568,,80,,1.0,,Cannot find cue bottom
sec6-res-util-pool-c6m2,,493,,pool,,1,,502,,575,,87,,1.0,,Cannot find cue bottom
sec6-res-util-pool-c6m2,,496,,pool,,1,,498,,567,,80,,1.0,,Cannot find cue bottom
sec6-res-util-pool-c6m2,,500,,pool,,1,,498,,572,,140,,5.4931640625e-05,,Cannot find cue bottom
sec6-res-util-pool-c6m2,,505,,pool,,1,,500,,574,,87,,1.0,,Cannot find cue top
sec6-res-util-pool-c6m2,,508,,pool,,1,,499,,582,,95,,1.0,,Cannot find cue bottom
sec6-res-util-pool-c6m2,,512,,pool,,1,,498,,565,,78,,1.0,,Cannot find cue bottom
sec6-res-util-pool-c6m2,,515,,pool,,1,,499,,579,,92,,1.0,,Cannot find cue bottom
sec6-res-util-pool-c6m2,,519,,pool,,1,,499,,602,,115,,0.05625,,Cannot find cue bottom
sec6-res-util-pool-c6m2,,523,,pool,,1,,499,,549,,61,,1.0,,Cannot find cue top
sec6-res-util-pool-c6m2,,532,,pool,,1,,501,,584,,97,,0.99984,,Cannot find cue top
sec6-res-util-pool-c6m2,,535,,pool,,1,,499,,580,,92,,1.0,,Cannot find cue top
sec6-res-util-pool-c6m2,,539,,pool,,1,,499,,564,,74,,1.0,,Cannot find cue top
sec6-res-util-pool-c6m2,,572,,pool,,1,,504,,565,,78,,1.0,,Cannot find cue top
sec6-res-util-pool-c6m2,,575,,pool,,1,,496,,555,,68,,1.0,,Cannot find cue top
sec6-res-util-pool-c6m2,,578,,pool,,1,,496,,542,,55,,1.0,,Cannot find cue top
sec6-res-util-pool-c6m2,,580,,pool,,1,,497,,559,,72,,1.0,,Cannot find cue top
sec6-res-util-pool-c6m2,,583,,pool,,1,,497,,556,,68,,1.0,,Cannot find cue top
sec6-res-util-pool-c6m2,,586,,pool,,1,,497,,579,,91,,1.0,,Cannot find cue top
sec6-res-util-pool-c6m2,,590,,pool,,1,,497,,581,,93,,1.0,,Cannot find cue top
sec6-res-util-pool-c6m2,,604,,pool,,1,,503,,569,,81,,1.0,,Cannot find cue top
sec6-res-util-pool-c6m2,,606,,pool,,1,,496,,551,,63,,1.0,,Cannot find cue top
sec6-res-util-pool-c6m2,,609,,pool,,1,,497,,576,,89,,1.0,,Cannot find cue bottom
sec6-res-util-pool-c6m2,,613,,pool,,1,,501,,577,,89,,1.0,,Cannot find cue bottom
sec6-res-util-pool-c6m2,,616,,pool,,1,,497,,552,,64,,1.0,,Cannot find cue bottom
sec6-res-util-pool-c6m2,,619,,pool,,1,,497,,610,,122,,0.00807678530857,,Cannot find cue bottom
sec6-res-util-pool-c6m2,,623,,pool,,1,,498,,594,,107,,0.516914259749,,Cannot find cue ball
sec6-res-util-pool-c6m2,,635,,pool,,1,,503,,586,,99,,0.99744,,Cannot find cue ball
sec6-res-util-pool-c6m2,,638,,pool,,1,,498,,599,,111,,0.170518113732,,Cannot find cue ball
sec6-res-util-pool-c6m2,,642,,pool,,1,,500,,638,,198,,5.70068009959e-12,,Cannot find cue ball
sec6-res-util-pool-c6m2,,649,,pool,,1,,497,,583,,96,,0.99999,,Cannot find cue top
sec6-res-util-pool-c6m2,,653,,pool,,1,,499,,595,,108,,0.391747753483,,speech: good
sec6-res-util-pool-c6m2,,657,,pool,,1,,498,,633,,145,,1.37329101563e-05,,speech: left
sec6-res-util-pool-c6m2,,662,,pool,,1,,502,,589,,102,,0.97599,,speech: left
sec6-res-util-pool-c6m2,,666,,pool,,1,,497,,591,,103,,0.95904,,Cannot find object ball
sec6-res-util-pool-c6m2,,670,,pool,,1,,496,,567,,80,,1.0,,Cannot find object ball
sec6-res-util-pool-c6m2,,673,,pool,,1,,499,,617,,129,,0.0011597237497,,Cannot find object ball
sec6-res-util-pool-c6m2,,678,,pool,,1,,500,,632,,145,,1.37329101563e-05,,Cannot find object ball
sec6-res-util-pool-c6m2,,683,,pool,,1,,498,,556,,69,,1.0,,Cannot find cue top
sec6-res-util-pool-c6m2,,686,,pool,,1,,497,,596,,109,,0.296889279924,,Cannot find cue top
sec6-res-util-pool-c6m2,,690,,pool,,1,,498,,620,,245,,1.2490009027e-17,,Cannot find cue bottom
sec6-res-util-pool-c6m2,,698,,pool,,1,,500,,589,,102,,0.97599,,Cannot find cue top
sec6-res-util-pool-c6m2,,702,,pool,,1,,498,,588,,101,,0.98704,,speech: good
sec6-res-util-pool-c6m2,,706,,pool,,1,,498,,568,,80,,1.0,,speech: left
sec6-res-util-pool-c6m2,,709,,pool,,1,,497,,621,,134,,0.000289930937426,,speech: right
sec6-res-util-pool-c6m2,,714,,pool,,1,,501,,614,,126,,0.00266434552707,,speech: left
sec6-res-util-pool-c6m2,,719,,pool,,1,,499,,692,,207,,4.70130780512e-13,,speech: right
sec6-res-util-pool-c6m2,,726,,pool,,1,,498,,612,,125,,0.003515625,,Cannot find object ball
sec6-res-util-pool-c6m2,,731,,pool,,1,,501,,591,,104,,0.93439,,Cannot find cue ball
sec6-res-util-pool-c6m2,,735,,pool,,1,,498,,571,,83,,1.0,,Cannot find object ball
sec6-res-util-pool-c6m2,,738,,pool,,1,,496,,589,,169,,1.76959800675e-08,,Cannot find object ball
sec6-res-util-pool-c6m2,,744,,pool,,1,,498,,590,,102,,0.97599,,Cannot find object ball
sec6-res-util-pool-c6m2,,748,,pool,,1,,498,,602,,115,,0.05625,,Cannot find cue ball
sec6-res-util-pool-c6m2,,752,,pool,,1,,498,,601,,113,,0.0979369383708,,Cannot find object ball
sec6-res-util-pool-c6m2,,757,,pool,,1,,498,,578,,90,,1.0,,Cannot find cue ball
sec6-res-util-pool-c6m2,,760,,pool,,1,,498,,583,,95,,1.0,,Cannot find cue ball
sec6-res-util-pool-c6m2,,764,,pool,,1,,502,,593,,106,,0.68207245493,,Cannot find cue ball
sec6-res-util-pool-c6m2,,768,,pool,,1,,498,,544,,95,,1.0,,Cannot find cue top
sec6-res-util-pool-c6m2,,772,,pool,,1,,497,,542,,54,,1.0,,Cannot find cue top
sec6-res-util-pool-c6m2,,774,,pool,,1,,499,,570,,83,,1.0,,Cannot find cue ball
sec6-res-util-pool-c6m2,,778,,pool,,1,,499,,587,,100,,0.99375,,Cannot find cue top
sec6-res-util-pool-c6m2,,782,,pool,,1,,499,,584,,96,,0.99999,,Cannot find cue top
sec6-res-util-pool-c6m2,,785,,pool,,1,,498,,560,,72,,1.0,,Cannot find cue top
sec6-res-util-pool-c6m2,,788,,pool,,1,,498,,541,,53,,1.0,,Cannot find cue top
sec6-res-util-pool-c6m2,,791,,pool,,1,,496,,580,,94,,1.0,,Cannot find cue top
sec6-res-util-pool-c6m2,,795,,pool,,1,,497,,541,,53,,1.0,,Cannot find cue top
sec6-res-util-pool-c6m2,,797,,pool,,1,,497,,540,,53,,1.0,,Cannot find cue top
sec6-res-util-pool-c6m2,,800,,pool,,1,,496,,553,,65,,1.0,,Cannot find cue bottom
sec6-res-util-pool-c6m2,,803,,pool,,1,,503,,573,,85,,1.0,,Cannot find cue bottom
sec6-res-util-pool-c6m2,,816,,pool,,1,,503,,555,,65,,1.0,,Cannot find cue top
sec6-res-util-pool-c6m2,,818,,pool,,1,,498,,543,,55,,1.0,,Cannot find cue top
sec6-res-util-pool-c6m2,,820,,pool,,1,,497,,561,,74,,1.0,,Cannot find cue top
sec6-res-util-pool-c6m2,,823,,pool,,1,,498,,545,,58,,1.0,,Cannot find cue top
sec6-res-util-pool-c6m2,,825,,pool,,1,,501,,610,,123,,0.00612105864818,,Cannot find cue top
sec6-res-util-pool-c6m2,,830,,pool,,1,,499,,562,,75,,1.0,,Cannot find cue top
sec6-res-util-pool-c6m2,,833,,pool,,1,,498,,582,,94,,1.0,,Cannot find cue top
sec6-res-util-pool-c6m2,,837,,pool,,1,,498,,581,,99,,0.99744,,Cannot find cue bottom
sec6-res-util-pool-c6m2,,841,,pool,,1,,498,,563,,75,,1.0,,Cannot find cue top
sec6-res-util-pool-c6m2,,844,,pool,,1,,498,,543,,55,,1.0,,Cannot find cue top
sec6-res-util-pool-c6m2,,846,,pool,,1,,498,,542,,55,,1.0,,Cannot find cue top
sec6-res-util-pool-c6m2,,849,,pool,,1,,498,,641,,155,,8.58306884766e-07,,Cannot find cue bottom
sec6-res-util-pool-c6m2,,854,,pool,,1,,498,,545,,58,,1.0,,Cannot find cue top
sec6-res-util-pool-c6m2,,857,,pool,,1,,497,,571,,84,,1.0,,Cannot find cue top
sec6-res-util-pool-c6m2,,860,,pool,,1,,497,,591,,104,,0.93439,,Cannot find cue top
sec6-res-util-pool-c6m2,,864,,pool,,1,,498,,557,,69,,1.0,,Cannot find cue top
sec6-res-util-pool-c6m2,,1,,pool,,1,,498,,572,,84,,1.0,,Cannot find cue top
sec6-res-util-pool-c6m2,,5,,pool,,1,,497,,550,,62,,1.0,,Cannot find cue top
sec6-res-util-pool-c6m2,,8,,pool,,1,,499,,546,,58,,1.0,,Cannot find cue top
sec6-res-util-pool-c6m2,,10,,pool,,1,,497,,553,,65,,1.0,,Cannot find cue top
sec6-res-util-pool-c6m2,,13,,pool,,1,,500,,587,,100,,0.99375,,Cannot find cue top
sec6-res-util-pool-c6m2,,17,,pool,,1,,499,,559,,71,,1.0,,Cannot find cue bottom
sec6-res-util-pool-c6m2,,20,,pool,,1,,498,,547,,59,,1.0,,Cannot find cue top
sec6-res-util-pool-c6m2,,22,,pool,,1,,504,,566,,78,,1.0,,Cannot find cue bottom
sec6-res-util-pool-c6m2,,26,,pool,,1,,498,,558,,71,,1.0,,Cannot find cue bottom
sec6-res-util-pool-c6m2,,29,,pool,,1,,497,,556,,69,,1.0,,Cannot find cue top
sec6-res-util-pool-c6m2,,32,,pool,,1,,498,,561,,73,,1.0,,Cannot find cue top
sec6-res-util-pool-c6m2,,35,,pool,,1,,503,,575,,87,,1.0,,Cannot find cue top
sec6-res-util-pool-c6m2,,38,,pool,,1,,498,,569,,83,,1.0,,Cannot find cue top
sec6-res-util-pool-c6m2,,41,,pool,,1,,498,,586,,98,,0.99919,,Cannot find cue ball
sec6-res-util-pool-c6m2,,45,,pool,,1,,497,,611,,124,,0.00463889499881,,Cannot find cue ball
sec6-res-util-pool-c6m2,,50,,pool,,1,,497,,625,,139,,7.24827343564e-05,,Cannot find cue ball
sec6-res-util-pool-c6m2,,55,,pool,,1,,497,,614,,219,,1.6876201694e-14,,Cannot find cue bottom
sec6-res-util-pool-c6m2,,63,,pool,,1,,497,,577,,90,,1.0,,Cannot find cue bottom
sec6-res-util-pool-c6m2,,66,,pool,,1,,500,,596,,108,,0.391747753483,,Cannot find cue bottom
sec6-res-util-pool-c6m2,,70,,pool,,1,,501,,599,,116,,0.0426295284331,,Cannot find cue bottom
sec6-res-util-pool-c6m2,,75,,pool,,1,,499,,590,,102,,0.97599,,Cannot find cue bottom
sec6-res-util-pool-c6m2,,79,,pool,,1,,497,,583,,156,,6.50474982195e-07,,Cannot find cue bottom
sec6-res-util-pool-c6m2,,84,,pool,,1,,496,,590,,102,,0.97599,,Cannot find object ball
sec6-res-util-pool-c6m2,,88,,pool,,1,,497,,573,,85,,1.0,,Cannot find object ball
sec6-res-util-pool-c6m2,,91,,pool,,1,,498,,602,,115,,0.05625,,Cannot find object ball
sec6-res-util-pool-c6m2,,96,,pool,,1,,497,,588,,101,,0.98704,,Cannot find object ball
sec6-res-util-pool-c6m2,,100,,pool,,1,,503,,582,,94,,1.0,,Cannot find cue bottom
sec6-res-util-pool-c6m2,,104,,pool,,1,,498,,579,,91,,1.0,,Cannot find cue bottom
sec6-res-util-pool-c6m2,,107,,pool,,1,,498,,587,,99,,0.99744,,Cannot find cue bottom
sec6-res-util-pool-c6m2,,111,,pool,,1,,497,,560,,75,,1.0,,Cannot find cue bottom
sec6-res-util-pool-c6m2,,114,,pool,,1,,500,,579,,91,,1.0,,Cannot find cue bottom
sec6-res-util-pool-c6m2,,140,,pool,,1,,503,,600,,112,,0.129228564937,,speech: right
sec6-res-util-pool-c6m2,,143,,pool,,1,,497,,633,,147,,7.8874856529e-06,,speech: good
sec6-res-util-pool-c6m2,,149,,pool,,1,,497,,633,,146,,1.04075997151e-05,,Cannot find object ball
sec6-res-util-pool-c6m2,,154,,pool,,1,,498,,603,,115,,0.05625,,Cannot find object ball
sec6-res-util-pool-c6m2,,158,,pool,,1,,497,,592,,105,,0.9,,Cannot find cue bottom
sec6-res-util-pool-c6m2,,162,,pool,,1,,498,,604,,117,,0.0323071412343,,Cannot find cue bottom
sec6-res-util-pool-c6m2,,166,,pool,,1,,498,,579,,91,,1.0,,Cannot find object ball
sec6-res-util-pool-c6m2,,170,,pool,,1,,497,,567,,79,,1.0,,Cannot find object ball
sec6-res-util-pool-c6m2,,173,,pool,,1,,498,,578,,171,,1.01636715968e-08,,Cannot find cue bottom
sec6-res-util-pool-c6m2,,200,,pool,,1,,506,,575,,88,,1.0,,Cannot find cue bottom
sec6-res-util-pool-c6m2,,203,,pool,,1,,498,,573,,85,,1.0,,Cannot find cue bottom
sec6-res-util-pool-c6m2,,206,,pool,,1,,498,,568,,81,,1.0,,Cannot find cue bottom
sec6-res-util-pool-c6m2,,209,,pool,,1,,498,,582,,96,,0.99999,,Cannot find object ball
sec6-res-util-pool-c6m2,,213,,pool,,1,,499,,565,,78,,1.0,,Cannot find object ball
sec6-res-util-pool-c6m2,,216,,pool,,1,,498,,577,,90,,1.0,,Cannot find cue ball
sec6-res-util-pool-c6m2,,220,,pool,,1,,497,,607,,120,,0.0140625,,Cannot find object ball
sec6-res-util-pool-c6m2,,224,,pool,,1,,497,,589,,102,,0.97599,,speech: good
sec6-res-util-pool-c6m2,,228,,pool,,1,,497,,594,,191,,3.9701842175e-11,,Cannot find cue ball
sec6-res-util-pool-c6m2,,235,,pool,,1,,498,,587,,99,,0.99744,,Cannot find object ball
sec6-res-util-pool-c6m2,,238,,pool,,1,,498,,590,,102,,0.97599,,Cannot find object ball
sec6-res-util-pool-c6m2,,242,,pool,,1,,496,,552,,65,,1.0,,Cannot find cue ball
sec6-res-util-pool-c6m2,,245,,pool,,1,,498,,554,,66,,1.0,,Cannot find cue ball
sec6-res-util-pool-c6m2,,248,,pool,,1,,498,,558,,70,,1.0,,Cannot find cue top
sec6-res-util-pool-c6m2,,251,,pool,,1,,497,,561,,73,,1.0,,Cannot find cue top
sec6-res-util-pool-c6m2,,254,,pool,,1,,499,,564,,76,,1.0,,Cannot find cue top
sec6-res-util-pool-c6m2,,257,,pool,,1,,497,,551,,63,,1.0,,Cannot find cue top
sec6-res-util-pool-c6m2,,260,,pool,,1,,498,,551,,64,,1.0,,Cannot find cue top
sec6-res-util-pool-c6m2,,263,,pool,,1,,499,,544,,57,,1.0,,Cannot find cue top
sec6-res-util-pool-c6m2,,265,,pool,,1,,498,,552,,65,,1.0,,Cannot find cue top
sec6-res-util-pool-c6m2,,268,,pool,,1,,498,,573,,86,,1.0,,Cannot find cue top
sec6-res-util-pool-c6m2,,272,,pool,,1,,498,,539,,52,,1.0,,Cannot find cue top
sec6-res-util-pool-c6m2,,274,,pool,,1,,498,,550,,67,,1.0,,Cannot find cue top
sec6-res-util-pool-c6m2,,277,,pool,,1,,499,,584,,97,,0.99984,,Cannot find cue bottom
sec6-res-util-pool-c6m2,,281,,pool,,1,,499,,554,,67,,1.0,,Cannot find cue bottom
sec6-res-util-pool-c6m2,,284,,pool,,1,,499,,590,,103,,0.95904,,Cannot find cue ball
sec6-res-util-pool-c6m2,,299,,pool,,1,,507,,596,,400,,2.70833898429e-36,,Cannot find cue bottom
sec6-res-util-pool-c6m2,,311,,pool,,1,,499,,588,,100,,0.99375,,Cannot find cue bottom
sec6-res-util-pool-c6m2,,315,,pool,,1,,499,,591,,104,,0.93439,,Cannot find cue bottom
sec6-res-util-pool-c6m2,,319,,pool,,1,,499,,579,,91,,1.0,,Cannot find cue bottom
sec6-res-util-pool-c6m2,,323,,pool,,1,,499,,562,,75,,1.0,,Cannot find cue bottom
sec6-res-util-pool-c6m2,,326,,pool,,1,,499,,571,,99,,0.99744,,Cannot find cue top
sec6-res-util-pool-c6m2,,330,,pool,,1,,503,,586,,99,,0.99744,,Cannot find cue bottom
sec6-res-util-pool-c6m2,,334,,pool,,1,,499,,574,,87,,1.0,,Cannot find cue top
sec6-res-util-pool-c6m2,,337,,pool,,1,,499,,565,,77,,1.0,,Cannot find cue bottom
sec6-res-util-pool-c6m2,,340,,pool,,1,,500,,571,,83,,1.0,,Cannot find cue top
sec6-res-util-pool-c6m2,,344,,pool,,1,,498,,555,,67,,1.0,,Cannot find cue top
sec6-res-util-pool-c6m2,,347,,pool,,1,,498,,545,,57,,1.0,,Cannot find cue top
sec6-res-util-pool-c6m2,,360,,pool,,1,,504,,591,,104,,0.93439,,Cannot find cue top
sec6-res-util-pool-c6m2,,363,,pool,,1,,499,,567,,79,,1.0,,Cannot find cue top
sec6-res-util-pool-c6m2,,366,,pool,,1,,499,,556,,69,,1.0,,Cannot find cue top
sec6-res-util-pool-c6m2,,369,,pool,,1,,501,,560,,72,,1.0,,Cannot find cue top
sec6-res-util-pool-c6m2,,372,,pool,,1,,501,,561,,73,,1.0,,Cannot find cue top
sec6-res-util-pool-c6m2,,375,,pool,,1,,498,,593,,106,,0.68207245493,,Cannot find cue bottom
sec6-res-util-pool-c6m2,,379,,pool,,1,,500,,560,,73,,1.0,,Cannot find cue top
sec6-res-util-pool-c6m2,,399,,pool,,1,,503,,578,,91,,1.0,,Cannot find cue top
sec6-res-util-pool-c6m2,,402,,pool,,1,,498,,549,,62,,1.0,,Cannot find cue top
sec6-res-util-pool-c6m2,,404,,pool,,1,,498,,549,,61,,1.0,,Cannot find cue top
sec6-res-util-pool-c6m2,,407,,pool,,1,,500,,568,,81,,1.0,,Cannot find cue bottom
sec6-res-util-pool-c6m2,,410,,pool,,1,,497,,585,,98,,0.99919,,Cannot find cue bottom
sec6-res-util-pool-c6m2,,414,,pool,,1,,496,,591,,104,,0.93439,,Cannot find cue bottom
sec6-res-util-pool-c6m2,,418,,pool,,1,,499,,572,,85,,1.0,,Cannot find cue bottom
sec6-res-util-pool-c6m2,,422,,pool,,1,,498,,594,,106,,0.68207245493,,Cannot find cue bottom
sec6-res-util-pool-c6m2,,426,,pool,,1,,498,,609,,123,,0.00612105864818,,Cannot find cue bottom
sec6-res-util-pool-c6m2,,431,,pool,,1,,499,,571,,83,,1.0,,Cannot find cue top
sec6-res-util-pool-c6m2,,434,,pool,,1,,497,,604,,116,,0.0426295284331,,Cannot find cue bottom
sec6-res-util-pool-c6m2,,438,,pool,,1,,498,,561,,74,,1.0,,Cannot find cue bottom
sec6-res-util-pool-c6m2,,441,,pool,,1,,498,,569,,242,,2.86945056465e-17,,Cannot find cue bottom
sec6-res-util-pool-c6m2,,450,,pool,,1,,497,,607,,120,,0.0140625,,Cannot find cue bottom
sec6-res-util-pool-c6m2,,454,,pool,,1,,500,,612,,125,,0.003515625,,Cannot find cue top
sec6-res-util-pool-c6m2,,459,,pool,,1,,498,,636,,149,,4.53017089728e-06,,Cannot find cue bottom
sec6-res-util-pool-c6m2,,464,,pool,,1,,498,,590,,102,,0.97599,,Cannot find cue bottom
sec6-res-util-pool-c6m2,,468,,pool,,1,,497,,567,,80,,1.0,,Cannot find cue bottom
sec6-res-util-pool-c6m2,,471,,pool,,1,,500,,569,,81,,1.0,,Cannot find cue bottom
sec6-res-util-pool-c6m2,,475,,pool,,1,,500,,642,,155,,8.58306884766e-07,,Cannot find cue bottom
sec6-res-util-pool-c6m2,,480,,pool,,1,,497,,589,,101,,0.98704,,Cannot find cue bottom
sec6-res-util-pool-c6m2,,484,,pool,,1,,496,,608,,150,,3.43322753906e-06,,Cannot find cue bottom
sec6-res-util-pool-c6m2,,490,,pool,,1,,498,,571,,84,,1.0,,Cannot find cue bottom
sec6-res-util-pool-c6m2,,493,,pool,,1,,498,,617,,130,,0.00087890625,,Cannot find cue bottom
sec6-res-util-pool-c6m2,,498,,pool,,1,,497,,558,,70,,1.0,,Cannot find cue top
sec6-res-util-pool-c6m2,,501,,pool,,1,,501,,569,,81,,1.0,,Cannot find cue bottom
sec6-res-util-pool-c6m2,,504,,pool,,1,,497,,559,,72,,1.0,,Cannot find cue bottom
sec6-res-util-pool-c6m2,,507,,pool,,1,,503,,561,,73,,1.0,,Cannot find cue bottom
sec6-res-util-pool-c6m2,,510,,pool,,1,,501,,561,,73,,1.0,,Cannot find cue bottom
sec6-res-util-pool-c6m2,,513,,pool,,1,,499,,557,,69,,1.0,,Cannot find cue bottom
sec6-res-util-pool-c6m2,,516,,pool,,1,,497,,549,,62,,1.0,,Cannot find cue top
sec6-res-util-pool-c6m2,,519,,pool,,1,,498,,608,,121,,0.0106573821083,,Cannot find cue bottom
sec6-res-util-pool-c6m2,,524,,pool,,1,,499,,587,,99,,0.99744,,Cannot find cue top
sec6-res-util-pool-c6m2,,532,,pool,,1,,499,,553,,66,,1.0,,Cannot find cue top
sec6-res-util-pool-c6m2,,534,,pool,,1,,496,,549,,140,,5.4931640625e-05,,Cannot find cue bottom
sec6-res-util-pool-c6m2,,539,,pool,,1,,500,,585,,98,,0.99919,,Cannot find cue top
sec6-res-util-pool-c6m2,,572,,pool,,1,,503,,551,,63,,1.0,,Cannot find cue top
sec6-res-util-pool-c6m2,,574,,pool,,1,,499,,565,,77,,1.0,,Cannot find cue top
sec6-res-util-pool-c6m2,,578,,pool,,1,,499,,573,,85,,1.0,,Cannot find cue top
sec6-res-util-pool-c6m2,,581,,pool,,1,,501,,562,,74,,1.0,,Cannot find cue top
sec6-res-util-pool-c6m2,,584,,pool,,1,,498,,546,,58,,1.0,,Cannot find cue top
sec6-res-util-pool-c6m2,,587,,pool,,1,,498,,548,,60,,1.0,,Cannot find cue top
sec6-res-util-pool-c6m2,,589,,pool,,1,,501,,578,,91,,1.0,,Cannot find cue top
sec6-res-util-pool-c6m2,,604,,pool,,1,,509,,588,,100,,0.99375,,Cannot find cue top
sec6-res-util-pool-c6m2,,607,,pool,,1,,496,,560,,72,,1.0,,Cannot find cue top
sec6-res-util-pool-c6m2,,610,,pool,,1,,497,,614,,126,,0.00266434552707,,Cannot find cue bottom
sec6-res-util-pool-c6m2,,615,,pool,,1,,500,,567,,82,,1.0,,Cannot find cue bottom
sec6-res-util-pool-c6m2,,618,,pool,,1,,497,,595,,108,,0.391747753483,,Cannot find cue bottom
sec6-res-util-pool-c6m2,,622,,pool,,1,,500,,578,,91,,1.0,,Cannot find cue ball
sec6-res-util-pool-c6m2,,626,,pool,,1,,498,,560,,142,,3.15499426116e-05,,Cannot find cue ball
sec6-res-util-pool-c6m2,,635,,pool,,1,,496,,565,,78,,1.0,,Cannot find cue ball
sec6-res-util-pool-c6m2,,638,,pool,,1,,500,,562,,74,,1.0,,Cannot find cue ball
sec6-res-util-pool-c6m2,,641,,pool,,1,,498,,561,,74,,1.0,,Cannot find cue ball
sec6-res-util-pool-c6m2,,644,,pool,,1,,499,,624,,136,,0.000166521595442,,Cannot find cue ball
sec6-res-util-pool-c6m2,,649,,pool,,1,,497,,565,,77,,1.0,,Cannot find cue top
sec6-res-util-pool-c6m2,,652,,pool,,1,,498,,563,,75,,1.0,,Cannot find cue top
sec6-res-util-pool-c6m2,,655,,pool,,1,,500,,574,,86,,1.0,,speech: left
sec6-res-util-pool-c6m2,,659,,pool,,1,,499,,621,,174,,4.42399501687e-09,,speech: left
sec6-res-util-pool-c6m2,,665,,pool,,1,,498,,576,,88,,1.0,,Cannot find object ball
sec6-res-util-pool-c6m2,,668,,pool,,1,,498,,596,,109,,0.296889279924,,Cannot find object ball
sec6-res-util-pool-c6m2,,672,,pool,,1,,501,,592,,104,,0.93439,,Cannot find object ball
sec6-res-util-pool-c6m2,,676,,pool,,1,,498,,573,,85,,1.0,,Cannot find object ball
sec6-res-util-pool-c6m2,,680,,pool,,1,,497,,575,,190,,5.23868948221e-11,,Cannot find object ball
sec6-res-util-pool-c6m2,,686,,pool,,1,,499,,570,,83,,1.0,,Cannot find cue top
sec6-res-util-pool-c6m2,,690,,pool,,1,,497,,595,,107,,0.516914259749,,Cannot find cue bottom
sec6-res-util-pool-c6m2,,694,,pool,,1,,506,,577,,89,,1.0,,Cannot find cue top
sec6-res-util-pool-c6m2,,697,,pool,,1,,498,,569,,82,,1.0,,Cannot find cue top
sec6-res-util-pool-c6m2,,701,,pool,,1,,498,,547,,60,,1.0,,Cannot find cue top
sec6-res-util-pool-c6m2,,703,,pool,,1,,497,,572,,94,,1.0,,speech: left
sec6-res-util-pool-c6m2,,707,,pool,,1,,498,,594,,119,,0.0185555799952,,speech: left
sec6-res-util-pool-c6m2,,711,,pool,,1,,498,,597,,109,,0.296889279924,,Cannot find object ball
sec6-res-util-pool-c6m2,,715,,pool,,1,,498,,563,,120,,0.0140625,,speech: left
sec6-res-util-pool-c6m2,,720,,pool,,1,,498,,565,,77,,1.0,,speech: left
sec6-res-util-pool-c6m2,,723,,pool,,1,,498,,596,,109,,0.296889279924,,speech: left
sec6-res-util-pool-c6m2,,727,,pool,,1,,498,,587,,99,,0.99744,,Cannot find object ball
sec6-res-util-pool-c6m2,,731,,pool,,1,,497,,560,,72,,1.0,,Cannot find cue ball
sec6-res-util-pool-c6m2,,734,,pool,,1,,498,,595,,107,,0.516914259749,,Cannot find cue ball
sec6-res-util-pool-c6m2,,738,,pool,,1,,498,,561,,74,,1.0,,Cannot find object ball
sec6-res-util-pool-c6m2,,741,,pool,,1,,498,,562,,74,,1.0,,Cannot find object ball
sec6-res-util-pool-c6m2,,744,,pool,,1,,498,,560,,73,,1.0,,Cannot find object ball
sec6-res-util-pool-c6m2,,748,,pool,,1,,498,,561,,73,,1.0,,Cannot find cue ball
sec6-res-util-pool-c6m2,,751,,pool,,1,,498,,591,,104,,0.93439,,Cannot find object ball
sec6-res-util-pool-c6m2,,755,,pool,,1,,498,,589,,103,,0.95904,,Cannot find cue ball
sec6-res-util-pool-c6m2,,759,,pool,,1,,501,,587,,101,,0.98704,,Cannot find cue ball
sec6-res-util-pool-c6m2,,762,,pool,,1,,496,,583,,95,,1.0,,Cannot find cue ball
sec6-res-util-pool-c6m2,,766,,pool,,1,,496,,569,,81,,1.0,,Cannot find cue top
sec6-res-util-pool-c6m2,,770,,pool,,1,,496,,566,,158,,3.73599771007e-07,,Cannot find cue top
sec6-res-util-pool-c6m2,,775,,pool,,1,,496,,562,,74,,1.0,,Cannot find cue ball
sec6-res-util-pool-c6m2,,778,,pool,,1,,496,,554,,67,,1.0,,Cannot find cue top
sec6-res-util-pool-c6m2,,781,,pool,,1,,496,,561,,74,,1.0,,Cannot find cue top
sec6-res-util-pool-c6m2,,784,,pool,,1,,497,,542,,54,,1.0,,Cannot find cue top
sec6-res-util-pool-c6m2,,787,,pool,,1,,497,,563,,75,,1.0,,Cannot find cue top
sec6-res-util-pool-c6m2,,790,,pool,,1,,500,,568,,80,,1.0,,Cannot find cue top
sec6-res-util-pool-c6m2,,793,,pool,,1,,497,,575,,88,,1.0,,Cannot find cue top
sec6-res-util-pool-c6m2,,797,,pool,,1,,497,,547,,59,,1.0,,Cannot find cue top
sec6-res-util-pool-c6m2,,799,,pool,,1,,496,,548,,60,,1.0,,Cannot find cue bottom
sec6-res-util-pool-c6m2,,802,,pool,,1,,496,,570,,84,,1.0,,Cannot find cue bottom
sec6-res-util-pool-c6m2,,805,,pool,,1,,495,,567,,79,,1.0,,Cannot find cue top
sec6-res-util-pool-c6m2,,816,,pool,,1,,503,,588,,99,,0.99744,,Cannot find cue top
sec6-res-util-pool-c6m2,,819,,pool,,1,,496,,560,,73,,1.0,,Cannot find cue top
sec6-res-util-pool-c6m2,,822,,pool,,1,,497,,561,,74,,1.0,,Cannot find cue top
sec6-res-util-pool-c6m2,,825,,pool,,1,,496,,538,,50,,1.0,,Cannot find cue top
sec6-res-util-pool-c6m2,,827,,pool,,1,,496,,536,,48,,1.0,,Cannot find cue top
sec6-res-util-pool-c6m2,,830,,pool,,1,,495,,562,,75,,1.0,,Cannot find cue top
sec6-res-util-pool-c6m2,,833,,pool,,1,,496,,538,,51,,1.0,,Cannot find cue top
sec6-res-util-pool-c6m2,,835,,pool,,1,,501,,575,,87,,1.0,,Cannot find cue ball
sec6-res-util-pool-c6m2,,839,,pool,,1,,496,,538,,50,,1.0,,Cannot find cue top
sec6-res-util-pool-c6m2,,841,,pool,,1,,498,,550,,62,,1.0,,Cannot find cue top
sec6-res-util-pool-c6m2,,844,,pool,,1,,496,,575,,87,,1.0,,Cannot find cue top
sec6-res-util-pool-c6m2,,847,,pool,,1,,498,,576,,88,,1.0,,Cannot find cue top
sec6-res-util-pool-c6m2,,851,,pool,,1,,496,,550,,62,,1.0,,Cannot find cue top
sec6-res-util-pool-c6m2,,853,,pool,,1,,496,,540,,52,,1.0,,Cannot find cue top
sec6-res-util-pool-c6m2,,856,,pool,,1,,496,,547,,60,,1.0,,Cannot find cue top
sec6-res-util-pool-c6m2,,859,,pool,,1,,496,,544,,56,,1.0,,Cannot find cue top
sec6-res-util-pool-c6m2,,861,,pool,,1,,497,,593,,105,,0.9,,Cannot find cue top
sec6-res-util-pool-c6m2,,865,,pool,,1,,502,,558,,70,,1.0,,Cannot find cue top
sec6-res-util-pool-c6m2,,2,,pool,,1,,497,,544,,56,,1.0,,Cannot find cue top
sec6-res-util-pool-c6m2,,4,,pool,,1,,496,,543,,54,,1.0,,Cannot find cue top
sec6-res-util-pool-c6m2,,7,,pool,,1,,496,,593,,106,,0.68207245493,,Cannot find cue bottom
sec6-res-util-pool-c6m2,,11,,pool,,1,,496,,580,,92,,1.0,,Cannot find cue top
sec6-res-util-pool-c6m2,,15,,pool,,1,,497,,583,,95,,1.0,,Cannot find cue bottom
sec6-res-util-pool-c6m2,,18,,pool,,1,,499,,576,,88,,1.0,,Cannot find cue bottom
sec6-res-util-pool-c6m2,,22,,pool,,1,,498,,599,,111,,0.170518113732,,Cannot find cue bottom
sec6-res-util-pool-c6m2,,26,,pool,,1,,497,,590,,102,,0.97599,,Cannot find cue bottom
sec6-res-util-pool-c6m2,,30,,pool,,1,,497,,592,,104,,0.93439,,Cannot find cue top
sec6-res-util-pool-c6m2,,34,,pool,,1,,494,,553,,65,,1.0,,Cannot find cue top
sec6-res-util-pool-c6m2,,36,,pool,,1,,495,,579,,130,,0.00087890625,,Cannot find cue top
sec6-res-util-pool-c6m2,,41,,pool,,1,,496,,567,,79,,1.0,,Cannot find cue ball
sec6-res-util-pool-c6m2,,45,,pool,,1,,496,,614,,127,,0.00201919632714,,Cannot find cue ball
sec6-res-util-pool-c6m2,,49,,pool,,1,,496,,633,,145,,1.37329101563e-05,,Cannot find cue ball
sec6-res-util-pool-c6m2,,55,,pool,,1,,496,,584,,96,,0.99999,,Cannot find cue bottom
sec6-res-util-pool-c6m2,,58,,pool,,1,,497,,571,,83,,1.0,,Cannot find cue bottom
sec6-res-util-pool-c6m2,,62,,pool,,1,,497,,565,,77,,1.0,,Cannot find cue bottom
sec6-res-util-pool-c6m2,,65,,pool,,1,,496,,573,,117,,0.0323071412343,,Cannot find cue bottom
sec6-res-util-pool-c6m2,,69,,pool,,1,,497,,591,,103,,0.95904,,Cannot find cue bottom
sec6-res-util-pool-c6m2,,73,,pool,,1,,497,,607,,119,,0.0185555799952,,Cannot find cue bottom
sec6-res-util-pool-c6m2,,77,,pool,,1,,495,,619,,131,,0.000666086381767,,Cannot find cue bottom
sec6-res-util-pool-c6m2,,82,,pool,,1,,496,,602,,114,,0.074222319981,,Cannot find cue bottom
sec6-res-util-pool-c6m2,,87,,pool,,1,,495,,609,,205,,8.18545231596e-13,,Cannot find object ball
sec6-res-util-pool-c6m2,,94,,pool,,1,,497,,587,,100,,0.99375,,Cannot find object ball
sec6-res-util-pool-c6m2,,97,,pool,,1,,495,,620,,132,,0.000504799081786,,Cannot find object ball
sec6-res-util-pool-c6m2,,102,,pool,,1,,496,,566,,78,,1.0,,Cannot find cue bottom
sec6-res-util-pool-c6m2,,105,,pool,,1,,496,,567,,79,,1.0,,Cannot find cue bottom
sec6-res-util-pool-c6m2,,108,,pool,,1,,497,,560,,75,,1.0,,Cannot find cue bottom
sec6-res-util-pool-c6m2,,112,,pool,,1,,496,,578,,91,,1.0,,Cannot find cue bottom
sec6-res-util-pool-c6m2,,115,,pool,,1,,496,,592,,105,,0.9,,Cannot find cue bottom
sec6-res-util-pool-c6m2,,140,,pool,,1,,505,,603,,115,,0.05625,,speech: right
sec6-res-util-pool-c6m2,,143,,pool,,1,,498,,584,,96,,0.99999,,speech: good
sec6-res-util-pool-c6m2,,147,,pool,,1,,496,,569,,80,,1.0,,speech: left
sec6-res-util-pool-c6m2,,150,,pool,,1,,496,,587,,100,,0.99375,,speech: good
sec6-res-util-pool-c6m2,,154,,pool,,1,,496,,557,,69,,1.0,,Cannot find object ball
sec6-res-util-pool-c6m2,,157,,pool,,1,,496,,559,,71,,1.0,,speech: right
sec6-res-util-pool-c6m2,,160,,pool,,1,,496,,559,,71,,1.0,,Cannot find cue bottom
sec6-res-util-pool-c6m2,,163,,pool,,1,,496,,568,,81,,1.0,,Cannot find object ball
sec6-res-util-pool-c6m2,,166,,pool,,1,,496,,571,,85,,1.0,,Cannot find object ball
sec6-res-util-pool-c6m2,,170,,pool,,1,,498,,628,,140,,5.4931640625e-05,,Cannot find object ball
sec6-res-util-pool-c6m2,,175,,pool,,1,,499,,592,,104,,0.93439,,Cannot find cue bottom
sec6-res-util-pool-c6m2,,200,,pool,,1,,504,,565,,79,,1.0,,Cannot find cue bottom
sec6-res-util-pool-c6m2,,202,,pool,,1,,497,,579,,91,,1.0,,Cannot find cue bottom
sec6-res-util-pool-c6m2,,206,,pool,,1,,496,,562,,74,,1.0,,Cannot find cue bottom
sec6-res-util-pool-c6m2,,209,,pool,,1,,497,,579,,91,,1.0,,Cannot find object ball
sec6-res-util-pool-c6m2,,213,,pool,,1,,495,,602,,114,,0.074222319981,,Cannot find object ball
sec6-res-util-pool-c6m2,,217,,pool,,1,,496,,593,,163,,9.33999427517e-08,,Cannot find object ball
sec6-res-util-pool-c6m2,,223,,pool,,1,,495,,587,,99,,0.99744,,speech: left
sec6-res-util-pool-c6m2,,226,,pool,,1,,497,,569,,81,,1.0,,speech: good
sec6-res-util-pool-c6m2,,230,,pool,,1,,498,,576,,89,,1.0,,speech: left
sec6-res-util-pool-c6m2,,233,,pool,,1,,495,,555,,68,,1.0,,Cannot find object ball
sec6-res-util-pool-c6m2,,236,,pool,,1,,498,,559,,72,,1.0,,Cannot find cue ball
sec6-res-util-pool-c6m2,,239,,pool,,1,,497,,573,,85,,1.0,,Cannot find object ball
sec6-res-util-pool-c6m2,,243,,pool,,1,,500,,615,,127,,0.00201919632714,,Cannot find cue ball
sec6-res-util-pool-c6m2,,247,,pool,,1,,498,,578,,90,,1.0,,Cannot find cue top
sec6-res-util-pool-c6m2,,251,,pool,,1,,496,,538,,50,,1.0,,Cannot find cue top
sec6-res-util-pool-c6m2,,253,,pool,,1,,504,,561,,72,,1.0,,Cannot find cue top
sec6-res-util-pool-c6m2,,256,,pool,,1,,497,,604,,116,,0.0426295284331,,Cannot find cue bottom
sec6-res-util-pool-c6m2,,260,,pool,,1,,499,,540,,53,,1.0,,Cannot find cue top
sec6-res-util-pool-c6m2,,262,,pool,,1,,498,,598,,111,,0.170518113732,,Cannot find cue top
sec6-res-util-pool-c6m2,,267,,pool,,1,,499,,545,,57,,1.0,,Cannot find cue top
sec6-res-util-pool-c6m2,,269,,pool,,1,,500,,572,,84,,1.0,,Cannot find cue top
sec6-res-util-pool-c6m2,,273,,pool,,1,,499,,568,,79,,1.0,,Cannot find cue top
sec6-res-util-pool-c6m2,,276,,pool,,1,,499,,568,,140,,5.4931640625e-05,,Cannot find cue bottom
sec6-res-util-pool-c6m2,,281,,pool,,1,,499,,580,,92,,1.0,,Cannot find cue bottom
sec6-res-util-pool-c6m2,,285,,pool,,1,,499,,564,,77,,1.0,,Cannot find cue ball
sec6-res-util-pool-c6m2,,299,,pool,,1,,504,,581,,92,,1.0,,Cannot find cue bottom
sec6-res-util-pool-c6m2,,302,,pool,,1,,496,,552,,65,,1.0,,Cannot find cue bottom
sec6-res-util-pool-c6m2,,304,,pool,,1,,498,,553,,65,,1.0,,Cannot find cue bottom
sec6-res-util-pool-c6m2,,307,,pool,,1,,497,,556,,68,,1.0,,Cannot find cue bottom
sec6-res-util-pool-c6m2,,310,,pool,,1,,499,,554,,66,,1.0,,Cannot find cue bottom
sec6-res-util-pool-c6m2,,312,,pool,,1,,498,,568,,81,,1.0,,Cannot find cue bottom
sec6-res-util-pool-c6m2,,316,,pool,,1,,497,,585,,97,,0.99984,,Cannot find cue bottom
sec6-res-util-pool-c6m2,,319,,pool,,1,,499,,585,,97,,0.99984,,Cannot find cue bottom
sec6-res-util-pool-c6m2,,323,,pool,,1,,498,,571,,85,,1.0,,Cannot find cue bottom
sec6-res-util-pool-c6m2,,326,,pool,,1,,498,,561,,94,,1.0,,Cannot find cue top
sec6-res-util-pool-c6m2,,330,,pool,,1,,499,,572,,84,,1.0,,Cannot find cue bottom
sec6-res-util-pool-c6m2,,334,,pool,,1,,495,,554,,66,,1.0,,Cannot find cue top
sec6-res-util-pool-c6m2,,336,,pool,,1,,498,,597,,110,,0.225,,Cannot find cue bottom
sec6-res-util-pool-c6m2,,341,,pool,,1,,499,,601,,113,,0.0979369383708,,Cannot find cue top
sec6-res-util-pool-c6m2,,345,,pool,,1,,497,,566,,78,,1.0,,Cannot find cue top
sec6-res-util-pool-c6m2,,348,,pool,,1,,498,,544,,57,,1.0,,Cannot find cue top
sec6-res-util-pool-c6m2,,360,,pool,,1,,505,,594,,107,,0.516914259749,,Cannot find cue top
sec6-res-util-pool-c6m2,,363,,pool,,1,,499,,559,,71,,1.0,,Cannot find cue top
sec6-res-util-pool-c6m2,,366,,pool,,1,,498,,596,,108,,0.391747753483,,Cannot find cue top
sec6-res-util-pool-c6m2,,370,,pool,,1,,498,,552,,65,,1.0,,Cannot find cue top
sec6-res-util-pool-c6m2,,373,,pool,,1,,500,,557,,71,,1.0,,Cannot find cue top
sec6-res-util-pool-c6m2,,376,,pool,,1,,512,,560,,74,,1.0,,Cannot find cue top
sec6-res-util-pool-c6m2,,379,,pool,,1,,499,,557,,70,,1.0,,Cannot find cue top
sec6-res-util-pool-c6m2,,399,,pool,,1,,505,,589,,104,,0.93439,,Cannot find cue top
sec6-res-util-pool-c6m2,,402,,pool,,1,,499,,561,,74,,1.0,,Cannot find cue top
sec6-res-util-pool-c6m2,,405,,pool,,1,,497,,561,,73,,1.0,,Cannot find cue bottom
sec6-res-util-pool-c6m2,,408,,pool,,1,,497,,567,,79,,1.0,,Cannot find cue bottom
sec6-res-util-pool-c6m2,,411,,pool,,1,,496,,592,,105,,0.9,,Cannot find cue bottom
sec6-res-util-pool-c6m2,,415,,pool,,1,,498,,584,,97,,0.99984,,Cannot find cue bottom
sec6-res-util-pool-c6m2,,419,,pool,,1,,499,,580,,94,,1.0,,Cannot find cue bottom
sec6-res-util-pool-c6m2,,423,,pool,,1,,498,,562,,74,,1.0,,Cannot find cue bottom
sec6-res-util-pool-c6m2,,426,,pool,,1,,499,,564,,76,,1.0,,Cannot find cue bottom
sec6-res-util-pool-c6m2,,429,,pool,,1,,499,,598,,110,,0.225,,Cannot find cue bottom
sec6-res-util-pool-c6m2,,433,,pool,,1,,499,,556,,68,,1.0,,Cannot find cue top
sec6-res-util-pool-c6m2,,436,,pool,,1,,498,,590,,102,,0.97599,,Cannot find cue bottom
sec6-res-util-pool-c6m2,,440,,pool,,1,,502,,581,,94,,1.0,,Cannot find cue bottom
sec6-res-util-pool-c6m2,,444,,pool,,1,,502,,631,,143,,2.39103853444e-05,,Cannot find cue bottom
sec6-res-util-pool-c6m2,,449,,pool,,1,,498,,647,,210,,2.04636307899e-13,,Cannot find cue bottom
sec6-res-util-pool-c6m2,,456,,pool,,1,,498,,573,,86,,1.0,,Cannot find cue top
sec6-res-util-pool-c6m2,,460,,pool,,1,,499,,580,,94,,1.0,,Cannot find cue bottom
sec6-res-util-pool-c6m2,,463,,pool,,1,,498,,569,,81,,1.0,,Cannot find cue bottom
sec6-res-util-pool-c6m2,,467,,pool,,1,,497,,573,,86,,1.0,,Cannot find cue bottom
sec6-res-util-pool-c6m2,,470,,pool,,1,,498,,587,,99,,0.99744,,Cannot find cue bottom
sec6-res-util-pool-c6m2,,474,,pool,,1,,499,,565,,78,,1.0,,Cannot find cue ball
sec6-res-util-pool-c6m2,,477,,pool,,1,,499,,560,,72,,1.0,,Cannot find cue bottom
sec6-res-util-pool-c6m2,,480,,pool,,1,,499,,609,,191,,3.9701842175e-11,,Cannot find cue bottom
sec6-res-util-pool-c6m2,,487,,pool,,1,,499,,574,,86,,1.0,,Cannot find cue bottom
sec6-res-util-pool-c6m2,,490,,pool,,1,,498,,576,,88,,1.0,,Cannot find cue bottom
sec6-res-util-pool-c6m2,,494,,pool,,1,,499,,591,,104,,0.93439,,Cannot find cue bottom
sec6-res-util-pool-c6m2,,498,,pool,,1,,500,,562,,74,,1.0,,Cannot find cue top
sec6-res-util-pool-c6m2,,501,,pool,,1,,500,,593,,106,,0.68207245493,,Cannot find cue bottom
sec6-res-util-pool-c6m2,,505,,pool,,1,,501,,623,,135,,0.0002197265625,,Cannot find cue top
sec6-res-util-pool-c6m2,,510,,pool,,1,,499,,559,,71,,1.0,,Cannot find cue bottom
sec6-res-util-pool-c6m2,,513,,pool,,1,,499,,568,,81,,1.0,,Cannot find cue bottom
sec6-res-util-pool-c6m2,,516,,pool,,1,,498,,566,,78,,1.0,,Cannot find cue top
sec6-res-util-pool-c6m2,,520,,pool,,1,,498,,608,,121,,0.0106573821083,,Cannot find cue bottom
sec6-res-util-pool-c6m2,,524,,pool,,1,,504,,574,,86,,1.0,,Cannot find cue top
sec6-res-util-pool-c6m2,,532,,pool,,1,,500,,546,,58,,1.0,,Cannot find cue top
sec6-res-util-pool-c6m2,,534,,pool,,1,,498,,565,,149,,4.53017089728e-06,,Cannot find cue bottom
sec6-res-util-pool-c6m2,,539,,pool,,1,,499,,560,,72,,1.0,,Cannot find cue top
sec6-res-util-pool-c6m2,,572,,pool,,1,,505,,597,,111,,0.170518113732,,Cannot find cue top
sec6-res-util-pool-c6m2,,576,,pool,,1,,497,,598,,110,,0.225,,Cannot find cue top
sec6-res-util-pool-c6m2,,580,,pool,,1,,496,,573,,86,,1.0,,Cannot find cue top
sec6-res-util-pool-c6m2,,583,,pool,,1,,497,,568,,80,,1.0,,Cannot find cue top
sec6-res-util-pool-c6m2,,586,,pool,,1,,495,,550,,62,,1.0,,Cannot find cue top
sec6-res-util-pool-c6m2,,589,,pool,,1,,497,,544,,56,,1.0,,Cannot find cue top
sec6-res-util-pool-c6m2,,604,,pool,,1,,503,,573,,86,,1.0,,Cannot find cue top
sec6-res-util-pool-c6m2,,607,,pool,,1,,497,,594,,106,,0.68207245493,,Cannot find cue top
sec6-res-util-pool-c6m2,,611,,pool,,1,,498,,568,,80,,1.0,,Cannot find cue bottom
sec6-res-util-pool-c6m2,,614,,pool,,1,,498,,624,,136,,0.000166521595442,,Cannot find cue bottom
sec6-res-util-pool-c6m2,,619,,pool,,1,,498,,553,,65,,1.0,,Cannot find cue bottom
sec6-res-util-pool-c6m2,,622,,pool,,1,,499,,558,,71,,1.0,,Cannot find cue ball
sec6-res-util-pool-c6m2,,625,,pool,,1,,498,,557,,87,,1.0,,Cannot find cue ball
sec6-res-util-pool-c6m2,,635,,pool,,1,,507,,589,,102,,0.97599,,Cannot find cue ball
sec6-res-util-pool-c6m2,,638,,pool,,1,,498,,605,,117,,0.0323071412343,,Cannot find cue ball
sec6-res-util-pool-c6m2,,643,,pool,,1,,498,,654,,167,,3.08104908317e-08,,speech: right
sec6-res-util-pool-c6m2,,649,,pool,,1,,498,,589,,101,,0.98704,,Cannot find cue top
sec6-res-util-pool-c6m2,,653,,pool,,1,,499,,656,,168,,2.33499856879e-08,,speech: good
sec6-res-util-pool-c6m2,,659,,pool,,1,,498,,639,,176,,2.5409178992e-09,,speech: left
sec6-res-util-pool-c6m2,,665,,pool,,1,,498,,610,,123,,0.00612105864818,,Cannot find object ball
sec6-res-util-pool-c6m2,,670,,pool,,1,,498,,571,,85,,1.0,,Cannot find object ball
sec6-res-util-pool-c6m2,,673,,pool,,1,,499,,622,,134,,0.000289930937426,,Cannot find object ball
sec6-res-util-pool-c6m2,,678,,pool,,1,,498,,613,,156,,6.50474982195e-07,,Cannot find object ball
sec6-res-util-pool-c6m2,,683,,pool,,1,,497,,597,,110,,0.225,,Cannot find cue top
sec6-res-util-pool-c6m2,,688,,pool,,1,,500,,557,,70,,1.0,,Cannot find cue top
sec6-res-util-pool-c6m2,,691,,pool,,1,,498,,587,,99,,0.99744,,Cannot find cue top
sec6-res-util-pool-c6m2,,695,,pool,,1,,498,,547,,60,,1.0,,Cannot find cue top
sec6-res-util-pool-c6m2,,697,,pool,,1,,498,,547,,59,,1.0,,Cannot find cue top
sec6-res-util-pool-c6m2,,700,,pool,,1,,498,,575,,88,,1.0,,Cannot find cue bottom
sec6-res-util-pool-c6m2,,703,,pool,,1,,503,,604,,116,,0.0426295284331,,speech: left
sec6-res-util-pool-c6m2,,708,,pool,,1,,498,,590,,103,,0.95904,,Cannot find cue ball
sec6-res-util-pool-c6m2,,711,,pool,,1,,498,,581,,93,,1.0,,Cannot find object ball
sec6-res-util-pool-c6m2,,715,,pool,,1,,503,,577,,143,,2.39103853444e-05,,speech: left
sec6-res-util-pool-c6m2,,720,,pool,,1,,498,,606,,118,,0.0244842345927,,speech: left
sec6-res-util-pool-c6m2,,725,,pool,,1,,498,,599,,114,,0.074222319981,,speech: left
sec6-res-util-pool-c6m2,,729,,pool,,1,,498,,604,,117,,0.0323071412343,,Cannot find object ball
sec6-res-util-pool-c6m2,,733,,pool,,1,,499,,581,,93,,1.0,,Cannot find cue ball
sec6-res-util-pool-c6m2,,737,,pool,,1,,500,,579,,91,,1.0,,Cannot find object ball
sec6-res-util-pool-c6m2,,741,,pool,,1,,499,,569,,81,,1.0,,Cannot find object ball
sec6-res-util-pool-c6m2,,744,,pool,,1,,498,,562,,74,,1.0,,Cannot find object ball
sec6-res-util-pool-c6m2,,747,,pool,,1,,498,,581,,93,,1.0,,Cannot find cue ball
sec6-res-util-pool-c6m2,,751,,pool,,1,,498,,567,,82,,1.0,,Cannot find object ball
sec6-res-util-pool-c6m2,,754,,pool,,1,,496,,579,,175,,3.35276126862e-09,,Cannot find cue ball
sec6-res-util-pool-c6m2,,760,,pool,,1,,499,,570,,83,,1.0,,Cannot find cue ball
sec6-res-util-pool-c6m2,,764,,pool,,1,,497,,587,,100,,0.99375,,Cannot find cue ball
sec6-res-util-pool-c6m2,,768,,pool,,1,,497,,543,,55,,1.0,,Cannot find cue top
sec6-res-util-pool-c6m2,,770,,pool,,1,,498,,561,,74,,1.0,,Cannot find cue top
sec6-res-util-pool-c6m2,,773,,pool,,1,,498,,580,,92,,1.0,,Cannot find cue top
sec6-res-util-pool-c6m2,,777,,pool,,1,,498,,574,,88,,1.0,,Cannot find cue top
sec6-res-util-pool-c6m2,,780,,pool,,1,,498,,548,,125,,0.003515625,,Cannot find cue top
sec6-res-util-pool-c6m2,,785,,pool,,1,,500,,631,,144,,1.81206835891e-05,,Cannot find cue top
sec6-res-util-pool-c6m2,,790,,pool,,1,,500,,564,,76,,1.0,,Cannot find cue top
sec6-res-util-pool-c6m2,,793,,pool,,1,,501,,544,,56,,1.0,,Cannot find cue top
sec6-res-util-pool-c6m2,,796,,pool,,1,,498,,550,,63,,1.0,,Cannot find cue top
sec6-res-util-pool-c6m2,,799,,pool,,1,,499,,578,,90,,1.0,,Cannot find cue bottom
sec6-res-util-pool-c6m2,,802,,pool,,1,,499,,587,,100,,0.99375,,Cannot find cue bottom
sec6-res-util-pool-c6m2,,816,,pool,,1,,504,,550,,61,,1.0,,Cannot find cue top
sec6-res-util-pool-c6m2,,818,,pool,,1,,497,,581,,94,,1.0,,Cannot find cue top
sec6-res-util-pool-c6m2,,821,,pool,,1,,498,,565,,77,,1.0,,Cannot find cue top
sec6-res-util-pool-c6m2,,824,,pool,,1,,500,,557,,69,,1.0,,Cannot find cue top
sec6-res-util-pool-c6m2,,827,,pool,,1,,498,,545,,57,,1.0,,Cannot find cue top
sec6-res-util-pool-c6m2,,830,,pool,,1,,498,,552,,65,,1.0,,Cannot find cue top
sec6-res-util-pool-c6m2,,832,,pool,,1,,499,,541,,53,,1.0,,Cannot find cue top
sec6-res-util-pool-c6m2,,835,,pool,,1,,498,,554,,66,,1.0,,Cannot find cue ball
sec6-res-util-pool-c6m2,,838,,pool,,1,,499,,543,,56,,1.0,,Cannot find cue top
sec6-res-util-pool-c6m2,,840,,pool,,1,,499,,555,,66,,1.0,,Cannot find cue top
sec6-res-util-pool-c6m2,,843,,pool,,1,,498,,589,,101,,0.98704,,Cannot find cue top
sec6-res-util-pool-c6m2,,847,,pool,,1,,498,,573,,85,,1.0,,Cannot find cue top
sec6-res-util-pool-c6m2,,850,,pool,,1,,498,,548,,60,,1.0,,Cannot find cue top
sec6-res-util-pool-c6m2,,853,,pool,,1,,498,,543,,55,,1.0,,Cannot find cue top
sec6-res-util-pool-c6m2,,856,,pool,,1,,499,,550,,63,,1.0,,Cannot find cue top
sec6-res-util-pool-c6m2,,858,,pool,,1,,497,,538,,50,,1.0,,Cannot find cue top
sec6-res-util-pool-c6m2,,861,,pool,,1,,499,,571,,84,,1.0,,Cannot find cue top
sec6-res-util-pool-c6m2,,864,,pool,,1,,498,,541,,53,,1.0,,Cannot find cue top
sec6-res-util-pool-c6m2,,1,,pool,,1,,497,,555,,67,,1.0,,Cannot find cue top
sec6-res-util-pool-c6m2,,3,,pool,,1,,499,,554,,66,,1.0,,Cannot find cue top
sec6-res-util-pool-c6m2,,6,,pool,,1,,501,,574,,87,,1.0,,Cannot find cue bottom
sec6-res-util-pool-c6m2,,10,,pool,,1,,498,,543,,56,,1.0,,Cannot find cue top
sec6-res-util-pool-c6m2,,12,,pool,,1,,499,,573,,86,,1.0,,Cannot find cue top
sec6-res-util-pool-c6m2,,16,,pool,,1,,499,,566,,79,,1.0,,Cannot find cue bottom
sec6-res-util-pool-c6m2,,19,,pool,,1,,498,,574,,86,,1.0,,Cannot find cue top
sec6-res-util-pool-c6m2,,22,,pool,,1,,500,,571,,84,,1.0,,Cannot find cue bottom
sec6-res-util-pool-c6m2,,25,,pool,,1,,497,,570,,82,,1.0,,Cannot find cue bottom
sec6-res-util-pool-c6m2,,29,,pool,,1,,498,,571,,83,,1.0,,Cannot find cue top
sec6-res-util-pool-c6m2,,32,,pool,,1,,497,,574,,86,,1.0,,Cannot find cue top
sec6-res-util-pool-c6m2,,35,,pool,,1,,498,,550,,62,,1.0,,Cannot find cue top
sec6-res-util-pool-c6m2,,38,,pool,,1,,497,,568,,80,,1.0,,Cannot find cue top
sec6-res-util-pool-c6m2,,41,,pool,,1,,498,,586,,99,,0.99744,,Cannot find cue ball
sec6-res-util-pool-c6m2,,45,,pool,,1,,498,,607,,119,,0.0185555799952,,Cannot find cue ball
sec6-res-util-pool-c6m2,,50,,pool,,1,,497,,580,,94,,1.0,,Cannot find cue ball
sec6-res-util-pool-c6m2,,53,,pool,,1,,498,,594,,107,,0.516914259749,,Cannot find cue ball
sec6-res-util-pool-c6m2,,58,,pool,,1,,499,,615,,158,,3.73599771007e-07,,Cannot find cue bottom
sec6-res-util-pool-c6m2,,63,,pool,,1,,497,,588,,100,,0.99375,,Cannot find cue bottom
sec6-res-util-pool-c6m2,,67,,pool,,1,,498,,572,,84,,1.0,,Cannot find cue bottom
sec6-res-util-pool-c6m2,,71,,pool,,1,,498,,579,,91,,1.0,,Cannot find cue bottom
sec6-res-util-pool-c6m2,,74,,pool,,1,,499,,575,,88,,1.0,,Cannot find cue bottom
sec6-res-util-pool-c6m2,,78,,pool,,1,,498,,581,,93,,1.0,,Cannot find cue bottom
sec6-res-util-pool-c6m2,,81,,pool,,1,,498,,574,,86,,1.0,,Cannot find cue bottom
sec6-res-util-pool-c6m2,,85,,pool,,1,,497,,627,,139,,7.24827343564e-05,,Cannot find object ball
sec6-res-util-pool-c6m2,,90,,pool,,1,,498,,589,,102,,0.97599,,Cannot find object ball
sec6-res-util-pool-c6m2,,94,,pool,,1,,499,,631,,148,,5.97759633611e-06,,Cannot find object ball
sec6-res-util-pool-c6m2,,99,,pool,,1,,500,,586,,98,,0.99919,,Cannot find object ball
sec6-res-util-pool-c6m2,,103,,pool,,1,,499,,563,,75,,1.0,,Cannot find cue bottom
sec6-res-util-pool-c6m2,,106,,pool,,1,,498,,570,,83,,1.0,,Cannot find cue bottom
sec6-res-util-pool-c6m2,,109,,pool,,1,,508,,620,,132,,0.000504799081786,,Cannot find cue bottom
sec6-res-util-pool-c6m2,,114,,pool,,1,,498,,582,,94,,1.0,,Cannot find cue bottom
sec6-res-util-pool-c6m2,,140,,pool,,1,,503,,588,,100,,0.99375,,speech: right
sec6-res-util-pool-c6m2,,144,,pool,,1,,499,,604,,155,,8.58306884766e-07,,speech: right
sec6-res-util-pool-c6m2,,149,,pool,,1,,499,,608,,120,,0.0140625,,Cannot find object ball
sec6-res-util-pool-c6m2,,154,,pool,,1,,497,,571,,82,,1.0,,Cannot find object ball
sec6-res-util-pool-c6m2,,157,,pool,,1,,498,,596,,123,,0.00612105864818,,speech: right
sec6-res-util-pool-c6m2,,161,,pool,,1,,498,,579,,92,,1.0,,Cannot find cue bottom
sec6-res-util-pool-c6m2,,165,,pool,,1,,500,,587,,99,,0.99744,,Cannot find object ball
sec6-res-util-pool-c6m2,,169,,pool,,1,,498,,581,,93,,1.0,,Cannot find object ball
sec6-res-util-pool-c6m2,,173,,pool,,1,,499,,606,,216,,3.8771330249e-14,,Cannot find cue bottom
sec6-res-util-pool-c6m2,,200,,pool,,1,,508,,602,,114,,0.074222319981,,Cannot find cue bottom
sec6-res-util-pool-c6m2,,204,,pool,,1,,498,,569,,83,,1.0,,Cannot find cue bottom
sec6-res-util-pool-c6m2,,207,,pool,,1,,498,,573,,85,,1.0,,Cannot find cue bottom
sec6-res-util-pool-c6m2,,210,,pool,,1,,498,,594,,106,,0.68207245493,,Cannot find object ball
sec6-res-util-pool-c6m2,,214,,pool,,1,,497,,579,,91,,1.0,,Cannot find cue ball
sec6-res-util-pool-c6m2,,218,,pool,,1,,498,,561,,73,,1.0,,Cannot find object ball
sec6-res-util-pool-c6m2,,221,,pool,,1,,499,,561,,73,,1.0,,Cannot find object ball
sec6-res-util-pool-c6m2,,224,,pool,,1,,498,,567,,80,,1.0,,speech: good
sec6-res-util-pool-c6m2,,227,,pool,,1,,498,,559,,71,,1.0,,Cannot find cue ball
sec6-res-util-pool-c6m2,,230,,pool,,1,,500,,572,,84,,1.0,,speech: left
sec6-res-util-pool-c6m2,,234,,pool,,1,,497,,563,,75,,1.0,,Cannot find object ball
sec6-res-util-pool-c6m2,,237,,pool,,1,,497,,569,,81,,1.0,,Cannot find cue ball
sec6-res-util-pool-c6m2,,240,,pool,,1,,497,,601,,113,,0.0979369383708,,Cannot find cue bottom
sec6-res-util-pool-c6m2,,245,,pool,,1,,499,,557,,165,,5.36441802979e-08,,Cannot find cue ball
sec6-res-util-pool-c6m2,,251,,pool,,1,,498,,560,,72,,1.0,,Cannot find cue top
sec6-res-util-pool-c6m2,,254,,pool,,1,,498,,555,,68,,1.0,,Cannot find cue top
sec6-res-util-pool-c6m2,,257,,pool,,1,,498,,552,,64,,1.0,,Cannot find cue top
sec6-res-util-pool-c6m2,,259,,pool,,1,,498,,553,,65,,1.0,,Cannot find cue top
sec6-res-util-pool-c6m2,,262,,pool,,1,,498,,540,,53,,1.0,,Cannot find cue top
sec6-res-util-pool-c6m2,,265,,pool,,1,,499,,562,,74,,1.0,,Cannot find cue top
sec6-res-util-pool-c6m2,,268,,pool,,1,,498,,565,,78,,1.0,,Cannot find cue top
sec6-res-util-pool-c6m2,,271,,pool,,1,,499,,560,,72,,1.0,,Cannot find cue top
sec6-res-util-pool-c6m2,,274,,pool,,1,,498,,544,,56,,1.0,,Cannot find cue top
sec6-res-util-pool-c6m2,,277,,pool,,1,,500,,557,,72,,1.0,,Cannot find cue bottom
sec6-res-util-pool-c6m2,,280,,pool,,1,,499,,551,,63,,1.0,,Cannot find object ball
sec6-res-util-pool-c6m2,,282,,pool,,1,,499,,556,,68,,1.0,,Cannot find cue ball
sec6-res-util-pool-c6m2,,285,,pool,,1,,499,,557,,69,,1.0,,Cannot find cue ball
sec6-res-util-pool-c6m2,,299,,pool,,1,,504,,599,,111,,0.170518113732,,Cannot find cue bottom
sec6-res-util-pool-c6m2,,302,,pool,,1,,498,,596,,108,,0.391747753483,,Cannot find cue bottom
sec6-res-util-pool-c6m2,,306,,pool,,1,,500,,603,,115,,0.05625,,Cannot find cue bottom
sec6-res-util-pool-c6m2,,311,,pool,,1,,499,,585,,122,,0.00807678530857,,Cannot find cue bottom
sec6-res-util-pool-c6m2,,315,,pool,,1,,500,,555,,68,,1.0,,Cannot find cue bottom
sec6-res-util-pool-c6m2,,318,,pool,,1,,499,,563,,76,,1.0,,Cannot find cue bottom
sec6-res-util-pool-c6m2,,321,,pool,,1,,500,,558,,70,,1.0,,Cannot find cue bottom
sec6-res-util-pool-c6m2,,324,,pool,,1,,498,,579,,92,,1.0,,Cannot find cue bottom
sec6-res-util-pool-c6m2,,328,,pool,,1,,499,,576,,89,,1.0,,Cannot find cue bottom
sec6-res-util-pool-c6m2,,332,,pool,,1,,498,,557,,69,,1.0,,Cannot find cue bottom
sec6-res-util-pool-c6m2,,335,,pool,,1,,499,,547,,59,,1.0,,Cannot find cue top
sec6-res-util-pool-c6m2,,337,,pool,,1,,498,,574,,155,,8.58306884766e-07,,Cannot find cue bottom
sec6-res-util-pool-c6m2,,343,,pool,,1,,499,,552,,64,,1.0,,Cannot find cue top
sec6-res-util-pool-c6m2,,346,,pool,,1,,499,,553,,67,,1.0,,Cannot find cue top
sec6-res-util-pool-c6m2,,348,,pool,,1,,499,,545,,57,,1.0,,Cannot find cue top
sec6-res-util-pool-c6m2,,360,,pool,,1,,505,,572,,85,,1.0,,Cannot find cue top
sec6-res-util-pool-c6m2,,363,,pool,,1,,498,,553,,69,,1.0,,Cannot find cue top
sec6-res-util-pool-c6m2,,366,,pool,,1,,498,,547,,59,,1.0,,Cannot find cue top
sec6-res-util-pool-c6m2,,369,,pool,,1,,498,,551,,63,,1.0,,Cannot find cue top
sec6-res-util-pool-c6m2,,371,,pool,,1,,499,,547,,59,,1.0,,Cannot find cue top
sec6-res-util-pool-c6m2,,374,,pool,,1,,499,,562,,74,,1.0,,Cannot find cue top
sec6-res-util-pool-c6m2,,377,,pool,,1,,498,,564,,76,,1.0,,Cannot find cue top
sec6-res-util-pool-c6m2,,380,,pool,,1,,496,,553,,64,,1.0,,Cannot find cue top
sec6-res-util-pool-c6m2,,399,,pool,,1,,498,,583,,93,,1.0,,Cannot find cue top
sec6-res-util-pool-c6m2,,402,,pool,,1,,497,,558,,70,,1.0,,Cannot find cue top
sec6-res-util-pool-c6m2,,404,,pool,,1,,496,,563,,75,,1.0,,Cannot find cue top
sec6-res-util-pool-c6m2,,407,,pool,,1,,500,,605,,117,,0.0323071412343,,Cannot find cue bottom
sec6-res-util-pool-c6m2,,412,,pool,,1,,500,,570,,82,,1.0,,Cannot find cue bottom
sec6-res-util-pool-c6m2,,415,,pool,,1,,497,,577,,89,,1.0,,Cannot find cue bottom
sec6-res-util-pool-c6m2,,419,,pool,,1,,499,,576,,89,,1.0,,Cannot find cue bottom
sec6-res-util-pool-c6m2,,422,,pool,,1,,499,,583,,95,,1.0,,Cannot find cue bottom
sec6-res-util-pool-c6m2,,426,,pool,,1,,498,,562,,74,,1.0,,Cannot find cue bottom
sec6-res-util-pool-c6m2,,429,,pool,,1,,498,,587,,99,,0.99744,,Cannot find cue bottom
sec6-res-util-pool-c6m2,,433,,pool,,1,,499,,577,,90,,1.0,,Cannot find cue top
sec6-res-util-pool-c6m2,,437,,pool,,1,,499,,576,,88,,1.0,,Cannot find cue bottom
sec6-res-util-pool-c6m2,,440,,pool,,1,,500,,627,,139,,7.24827343564e-05,,Cannot find cue bottom
sec6-res-util-pool-c6m2,,445,,pool,,1,,498,,561,,146,,1.04075997151e-05,,Cannot find cue bottom
sec6-res-util-pool-c6m2,,450,,pool,,1,,497,,611,,124,,0.00463889499881,,Cannot find cue bottom
sec6-res-util-pool-c6m2,,455,,pool,,1,,501,,623,,136,,0.000166521595442,,Cannot find cue bottom
sec6-res-util-pool-c6m2,,460,,pool,,1,,497,,595,,107,,0.516914259749,,Cannot find cue bottom
