sec6-res-util-pool-c8m2,,534,,pool,,1,,537,,637,,152,,1.97187141323e-06,,Cannot find cue bottom
sec6-res-util-pool-c8m2,,539,,pool,,1,,498,,582,,97,,0.99984,,Cannot find cue top
sec6-res-util-pool-c8m2,,572,,pool,,1,,506,,579,,93,,1.0,,Cannot find cue top
sec6-res-util-pool-c8m2,,575,,pool,,1,,512,,561,,75,,1.0,,Cannot find cue top
sec6-res-util-pool-c8m2,,578,,pool,,1,,496,,559,,73,,1.0,,Cannot find cue top
sec6-res-util-pool-c8m2,,581,,pool,,1,,497,,568,,82,,1.0,,Cannot find cue top
sec6-res-util-pool-c8m2,,585,,pool,,1,,497,,570,,84,,1.0,,Cannot find cue top
sec6-res-util-pool-c8m2,,588,,pool,,1,,496,,548,,62,,1.0,,Cannot find cue top
sec6-res-util-pool-c8m2,,591,,pool,,1,,497,,566,,80,,1.0,,Cannot find cue top
sec6-res-util-pool-c8m2,,604,,pool,,1,,505,,562,,76,,1.0,,Cannot find cue top
sec6-res-util-pool-c8m2,,607,,pool,,1,,497,,567,,81,,1.0,,Cannot find cue top
sec6-res-util-pool-c8m2,,610,,pool,,1,,497,,562,,76,,1.0,,Cannot find cue bottom
sec6-res-util-pool-c8m2,,613,,pool,,1,,498,,578,,93,,1.0,,Cannot find cue bottom
sec6-res-util-pool-c8m2,,617,,pool,,1,,496,,578,,93,,1.0,,Cannot find cue bottom
sec6-res-util-pool-c8m2,,620,,pool,,1,,496,,582,,96,,0.99999,,Cannot find cue ball
sec6-res-util-pool-c8m2,,624,,pool,,1,,497,,574,,88,,1.0,,Cannot find cue ball
sec6-res-util-pool-c8m2,,635,,pool,,1,,503,,571,,85,,1.0,,Cannot find cue ball
sec6-res-util-pool-c8m2,,638,,pool,,1,,494,,585,,100,,0.99375,,Cannot find cue ball
sec6-res-util-pool-c8m2,,642,,pool,,1,,496,,589,,104,,0.93439,,Cannot find cue ball
sec6-res-util-pool-c8m2,,646,,pool,,1,,496,,587,,102,,0.97599,,Cannot find cue ball
sec6-res-util-pool-c8m2,,649,,pool,,1,,497,,580,,94,,1.0,,Cannot find cue top
sec6-res-util-pool-c8m2,,653,,pool,,1,,496,,596,,150,,3.43322753906e-06,,speech: good
sec6-res-util-pool-c8m2,,658,,pool,,1,,496,,593,,107,,0.516914259749,,speech: left
sec6-res-util-pool-c8m2,,663,,pool,,1,,496,,593,,107,,0.516914259749,,speech: left
sec6-res-util-pool-c8m2,,667,,pool,,1,,496,,585,,99,,0.99744,,Cannot find object ball
sec6-res-util-pool-c8m2,,670,,pool,,1,,498,,589,,103,,0.95904,,Cannot find object ball
sec6-res-util-pool-c8m2,,674,,pool,,1,,496,,588,,102,,0.97599,,Cannot find object ball
sec6-res-util-pool-c8m2,,678,,pool,,1,,496,,586,,123,,0.00612105864818,,Cannot find object ball
sec6-res-util-pool-c8m2,,683,,pool,,1,,495,,575,,90,,1.0,,Cannot find cue top
sec6-res-util-pool-c8m2,,687,,pool,,1,,495,,570,,86,,1.0,,Cannot find cue top
sec6-res-util-pool-c8m2,,690,,pool,,1,,496,,584,,98,,0.99919,,Cannot find cue bottom
sec6-res-util-pool-c8m2,,694,,pool,,1,,498,,572,,123,,0.00612105864818,,Cannot find cue top
sec6-res-util-pool-c8m2,,698,,pool,,1,,496,,581,,95,,1.0,,Cannot find cue top
sec6-res-util-pool-c8m2,,702,,pool,,1,,500,,564,,78,,1.0,,speech: good
sec6-res-util-pool-c8m2,,705,,pool,,1,,495,,589,,103,,0.95904,,speech: left
sec6-res-util-pool-c8m2,,709,,pool,,1,,496,,620,,134,,0.000289930937426,,speech: right
sec6-res-util-pool-c8m2,,714,,pool,,1,,497,,597,,111,,0.170518113732,,speech: left
sec6-res-util-pool-c8m2,,718,,pool,,1,,501,,610,,125,,0.003515625,,speech: left
sec6-res-util-pool-c8m2,,723,,pool,,1,,496,,614,,129,,0.0011597237497,,speech: left
sec6-res-util-pool-c8m2,,728,,pool,,1,,499,,606,,121,,0.0106573821083,,Cannot find object ball
sec6-res-util-pool-c8m2,,732,,pool,,1,,497,,620,,134,,0.000289930937426,,Cannot find cue ball
sec6-res-util-pool-c8m2,,737,,pool,,1,,497,,598,,113,,0.0979369383708,,Cannot find object ball
sec6-res-util-pool-c8m2,,741,,pool,,1,,496,,633,,147,,7.8874856529e-06,,Cannot find object ball
sec6-res-util-pool-c8m2,,746,,pool,,1,,495,,589,,210,,2.04636307899e-13,,Cannot find cue ball
sec6-res-util-pool-c8m2,,754,,pool,,1,,495,,571,,85,,1.0,,Cannot find cue ball
sec6-res-util-pool-c8m2,,757,,pool,,1,,502,,562,,77,,1.0,,Cannot find cue ball
sec6-res-util-pool-c8m2,,760,,pool,,1,,497,,567,,81,,1.0,,Cannot find cue ball
sec6-res-util-pool-c8m2,,763,,pool,,1,,499,,570,,85,,1.0,,Cannot find cue ball
sec6-res-util-pool-c8m2,,767,,pool,,1,,497,,543,,57,,1.0,,Cannot find cue top
sec6-res-util-pool-c8m2,,769,,pool,,1,,495,,567,,81,,1.0,,Cannot find cue top
sec6-res-util-pool-c8m2,,773,,pool,,1,,496,,562,,76,,1.0,,Cannot find cue top
sec6-res-util-pool-c8m2,,776,,pool,,1,,496,,569,,83,,1.0,,Cannot find cue bottom
sec6-res-util-pool-c8m2,,779,,pool,,1,,497,,543,,57,,1.0,,Cannot find cue top
sec6-res-util-pool-c8m2,,782,,pool,,1,,497,,542,,153,,1.49439908403e-06,,Cannot find cue top
sec6-res-util-pool-c8m2,,787,,pool,,1,,497,,540,,54,,1.0,,Cannot find cue top
sec6-res-util-pool-c8m2,,790,,pool,,1,,498,,566,,80,,1.0,,Cannot find cue top
sec6-res-util-pool-c8m2,,793,,pool,,1,,496,,561,,75,,1.0,,Cannot find cue top
sec6-res-util-pool-c8m2,,796,,pool,,1,,497,,541,,56,,1.0,,Cannot find cue top
sec6-res-util-pool-c8m2,,799,,pool,,1,,497,,554,,68,,1.0,,Cannot find cue bottom
sec6-res-util-pool-c8m2,,802,,pool,,1,,496,,564,,78,,1.0,,Cannot find cue bottom
sec6-res-util-pool-c8m2,,805,,pool,,1,,496,,557,,72,,1.0,,Cannot find cue top
sec6-res-util-pool-c8m2,,816,,pool,,1,,503,,561,,76,,1.0,,Cannot find cue top
sec6-res-util-pool-c8m2,,819,,pool,,1,,495,,598,,112,,0.129228564937,,Cannot find cue top
sec6-res-util-pool-c8m2,,823,,pool,,1,,497,,574,,89,,1.0,,Cannot find cue top
sec6-res-util-pool-c8m2,,827,,pool,,1,,497,,597,,205,,8.18545231596e-13,,Cannot find cue top
sec6-res-util-pool-c8m2,,834,,pool,,1,,498,,558,,72,,1.0,,Cannot find cue top
sec6-res-util-pool-c8m2,,837,,pool,,1,,497,,551,,65,,1.0,,Cannot find cue bottom
sec6-res-util-pool-c8m2,,839,,pool,,1,,496,,564,,79,,1.0,,Cannot find cue top
sec6-res-util-pool-c8m2,,843,,pool,,1,,499,,570,,85,,1.0,,Cannot find cue top
sec6-res-util-pool-c8m2,,846,,pool,,1,,496,,553,,67,,1.0,,Cannot find cue top
sec6-res-util-pool-c8m2,,849,,pool,,1,,496,,546,,60,,1.0,,Cannot find cue bottom
sec6-res-util-pool-c8m2,,851,,pool,,1,,497,,612,,126,,0.00266434552707,,Cannot find cue top
sec6-res-util-pool-c8m2,,856,,pool,,1,,497,,547,,61,,1.0,,Cannot find cue top
sec6-res-util-pool-c8m2,,859,,pool,,1,,496,,548,,62,,1.0,,Cannot find cue top
sec6-res-util-pool-c8m2,,862,,pool,,1,,497,,551,,159,,2.8313568108e-07,,Cannot find cue top
sec6-res-util-pool-c8m2,,1,,pool,,1,,497,,552,,66,,1.0,,Cannot find cue top
sec6-res-util-pool-c8m2,,4,,pool,,1,,495,,574,,89,,1.0,,Cannot find cue top
sec6-res-util-pool-c8m2,,8,,pool,,1,,496,,581,,96,,0.99999,,Cannot find cue top
sec6-res-util-pool-c8m2,,11,,pool,,1,,496,,544,,58,,1.0,,Cannot find cue top
sec6-res-util-pool-c8m2,,14,,pool,,1,,496,,550,,64,,1.0,,Cannot find cue top
sec6-res-util-pool-c8m2,,17,,pool,,1,,495,,575,,92,,1.0,,Cannot find cue bottom
sec6-res-util-pool-c8m2,,20,,pool,,1,,497,,550,,64,,1.0,,Cannot find cue top
sec6-res-util-pool-c8m2,,23,,pool,,1,,496,,554,,163,,9.33999427517e-08,,Cannot find cue bottom
sec6-res-util-pool-c8m2,,29,,pool,,1,,495,,555,,69,,1.0,,Cannot find cue top
sec6-res-util-pool-c8m2,,32,,pool,,1,,494,,555,,67,,1.0,,Cannot find cue top
sec6-res-util-pool-c8m2,,35,,pool,,1,,493,,561,,73,,1.0,,Cannot find cue top
sec6-res-util-pool-c8m2,,37,,pool,,1,,493,,575,,90,,1.0,,Cannot find cue top
sec6-res-util-pool-c8m2,,40,,pool,,1,,495,,605,,119,,0.0185555799952,,Cannot find cue ball
sec6-res-util-pool-c8m2,,45,,pool,,1,,494,,582,,96,,0.99999,,Cannot find cue ball
sec6-res-util-pool-c8m2,,49,,pool,,1,,494,,583,,98,,0.99919,,Cannot find cue ball
sec6-res-util-pool-c8m2,,52,,pool,,1,,493,,598,,112,,0.129228564937,,Cannot find cue bottom
sec6-res-util-pool-c8m2,,57,,pool,,1,,495,,588,,178,,1.4593741055e-09,,Cannot find cue bottom
sec6-res-util-pool-c8m2,,63,,pool,,1,,495,,564,,78,,1.0,,Cannot find cue bottom
sec6-res-util-pool-c8m2,,66,,pool,,1,,494,,573,,87,,1.0,,Cannot find cue bottom
sec6-res-util-pool-c8m2,,69,,pool,,1,,493,,594,,107,,0.516914259749,,Cannot find cue bottom
sec6-res-util-pool-c8m2,,74,,pool,,1,,502,,582,,96,,0.99999,,Cannot find cue bottom
sec6-res-util-pool-c8m2,,77,,pool,,1,,494,,585,,99,,0.99744,,Cannot find cue bottom
sec6-res-util-pool-c8m2,,81,,pool,,1,,494,,597,,180,,8.38190317154e-10,,Cannot find cue bottom
sec6-res-util-pool-c8m2,,87,,pool,,1,,494,,595,,109,,0.296889279924,,Cannot find object ball
sec6-res-util-pool-c8m2,,91,,pool,,1,,494,,575,,89,,1.0,,Cannot find object ball
sec6-res-util-pool-c8m2,,95,,pool,,1,,496,,572,,86,,1.0,,Cannot find object ball
sec6-res-util-pool-c8m2,,98,,pool,,1,,495,,560,,74,,1.0,,Cannot find object ball
sec6-res-util-pool-c8m2,,102,,pool,,1,,494,,562,,76,,1.0,,Cannot find cue bottom
sec6-res-util-pool-c8m2,,105,,pool,,1,,494,,577,,92,,1.0,,Cannot find cue bottom
sec6-res-util-pool-c8m2,,108,,pool,,1,,496,,606,,120,,0.0140625,,Cannot find cue bottom
sec6-res-util-pool-c8m2,,113,,pool,,1,,497,,598,,112,,0.129228564937,,Cannot find cue bottom
sec6-res-util-pool-c8m2,,117,,pool,,1,,496,,568,,83,,1.0,,Cannot find cue bottom
sec6-res-util-pool-c8m2,,140,,pool,,1,,678,,776,,291,,3.61086151088e-23,,speech: right
sec6-res-util-pool-c8m2,,149,,pool,,1,,494,,611,,126,,0.00266434552707,,Cannot find object ball
sec6-res-util-pool-c8m2,,153,,pool,,1,,496,,578,,92,,1.0,,Cannot find object ball
sec6-res-util-pool-c8m2,,157,,pool,,1,,495,,593,,108,,0.391747753483,,speech: right
sec6-res-util-pool-c8m2,,161,,pool,,1,,496,,578,,92,,1.0,,Cannot find cue bottom
sec6-res-util-pool-c8m2,,165,,pool,,1,,495,,568,,83,,1.0,,Cannot find object ball
sec6-res-util-pool-c8m2,,168,,pool,,1,,496,,586,,100,,0.99375,,Cannot find object ball
sec6-res-util-pool-c8m2,,172,,pool,,1,,496,,585,,99,,0.99744,,Cannot find object ball
sec6-res-util-pool-c8m2,,200,,pool,,1,,501,,599,,113,,0.0979369383708,,Cannot find cue bottom
sec6-res-util-pool-c8m2,,203,,pool,,1,,496,,584,,98,,0.99919,,Cannot find cue bottom
sec6-res-util-pool-c8m2,,207,,pool,,1,,496,,578,,92,,1.0,,Cannot find cue bottom
sec6-res-util-pool-c8m2,,211,,pool,,1,,499,,591,,157,,4.92967853306e-07,,Cannot find object ball
sec6-res-util-pool-c8m2,,216,,pool,,1,,496,,611,,125,,0.003515625,,Cannot find cue ball
sec6-res-util-pool-c8m2,,221,,pool,,1,,500,,590,,104,,0.93439,,Cannot find object ball
sec6-res-util-pool-c8m2,,225,,pool,,1,,499,,600,,113,,0.0979369383708,,Cannot find object ball
sec6-res-util-pool-c8m2,,229,,pool,,1,,496,,565,,78,,1.0,,Cannot find cue ball
sec6-res-util-pool-c8m2,,232,,pool,,1,,497,,586,,153,,1.49439908403e-06,,Cannot find cue ball
sec6-res-util-pool-c8m2,,238,,pool,,1,,496,,601,,116,,0.0426295284331,,Cannot find object ball
sec6-res-util-pool-c8m2,,242,,pool,,1,,496,,587,,101,,0.98704,,Cannot find cue ball
sec6-res-util-pool-c8m2,,246,,pool,,1,,496,,566,,83,,1.0,,Cannot find cue ball
sec6-res-util-pool-c8m2,,249,,pool,,1,,497,,541,,54,,1.0,,Cannot find cue top
sec6-res-util-pool-c8m2,,252,,pool,,1,,496,,562,,76,,1.0,,Cannot find cue top
sec6-res-util-pool-c8m2,,255,,pool,,1,,496,,574,,89,,1.0,,Cannot find cue bottom
sec6-res-util-pool-c8m2,,259,,pool,,1,,495,,538,,52,,1.0,,Cannot find cue top
sec6-res-util-pool-c8m2,,261,,pool,,1,,496,,545,,59,,1.0,,Cannot find cue top
sec6-res-util-pool-c8m2,,264,,pool,,1,,497,,566,,81,,1.0,,Cannot find cue top
sec6-res-util-pool-c8m2,,267,,pool,,1,,497,,544,,58,,1.0,,Cannot find cue top
sec6-res-util-pool-c8m2,,270,,pool,,1,,496,,546,,61,,1.0,,Cannot find cue top
sec6-res-util-pool-c8m2,,272,,pool,,1,,496,,537,,51,,1.0,,Cannot find cue top
sec6-res-util-pool-c8m2,,275,,pool,,1,,497,,575,,89,,1.0,,Cannot find cue bottom
sec6-res-util-pool-c8m2,,278,,pool,,1,,499,,571,,86,,1.0,,Cannot find cue bottom
sec6-res-util-pool-c8m2,,282,,pool,,1,,497,,577,,92,,1.0,,Cannot find cue ball
sec6-res-util-pool-c8m2,,285,,pool,,1,,497,,561,,75,,1.0,,Cannot find cue ball
sec6-res-util-pool-c8m2,,299,,pool,,1,,500,,631,,145,,1.37329101563e-05,,Cannot find cue bottom
sec6-res-util-pool-c8m2,,303,,pool,,1,,495,,626,,140,,5.4931640625e-05,,Cannot find cue bottom
sec6-res-util-pool-c8m2,,308,,pool,,1,,497,,588,,102,,0.97599,,Cannot find cue bottom
sec6-res-util-pool-c8m2,,312,,pool,,1,,497,,581,,95,,1.0,,Cannot find cue bottom
sec6-res-util-pool-c8m2,,316,,pool,,1,,497,,587,,102,,0.97599,,Cannot find cue bottom
sec6-res-util-pool-c8m2,,320,,pool,,1,,500,,630,,197,,7.5220924882e-12,,Cannot find cue bottom
sec6-res-util-pool-c8m2,,327,,pool,,1,,497,,589,,103,,0.95904,,Cannot find cue bottom
sec6-res-util-pool-c8m2,,331,,pool,,1,,497,,565,,78,,1.0,,Cannot find cue bottom
sec6-res-util-pool-c8m2,,334,,pool,,1,,496,,555,,69,,1.0,,Cannot find cue top
sec6-res-util-pool-c8m2,,337,,pool,,1,,496,,559,,73,,1.0,,Cannot find cue bottom
sec6-res-util-pool-c8m2,,340,,pool,,1,,496,,551,,65,,1.0,,Cannot find cue top
sec6-res-util-pool-c8m2,,343,,pool,,1,,499,,562,,76,,1.0,,Cannot find cue top
sec6-res-util-pool-c8m2,,346,,pool,,1,,497,,572,,87,,1.0,,Cannot find cue top
sec6-res-util-pool-c8m2,,360,,pool,,1,,502,,557,,71,,1.0,,Cannot find cue top
sec6-res-util-pool-c8m2,,362,,pool,,1,,495,,548,,62,,1.0,,Cannot find cue top
sec6-res-util-pool-c8m2,,365,,pool,,1,,497,,556,,71,,1.0,,Cannot find cue top
sec6-res-util-pool-c8m2,,368,,pool,,1,,498,,575,,89,,1.0,,Cannot find cue top
sec6-res-util-pool-c8m2,,371,,pool,,1,,508,,593,,107,,0.516914259749,,Cannot find cue top
sec6-res-util-pool-c8m2,,375,,pool,,1,,499,,569,,83,,1.0,,Cannot find cue bottom
sec6-res-util-pool-c8m2,,379,,pool,,1,,497,,571,,85,,1.0,,Cannot find cue top
sec6-res-util-pool-c8m2,,399,,pool,,1,,504,,579,,93,,1.0,,Cannot find cue top
sec6-res-util-pool-c8m2,,402,,pool,,1,,497,,568,,82,,1.0,,Cannot find cue top
sec6-res-util-pool-c8m2,,405,,pool,,1,,500,,600,,115,,0.05625,,Cannot find cue bottom
sec6-res-util-pool-c8m2,,409,,pool,,1,,496,,569,,83,,1.0,,Cannot find cue top
sec6-res-util-pool-c8m2,,413,,pool,,1,,496,,567,,81,,1.0,,Cannot find cue top
sec6-res-util-pool-c8m2,,416,,pool,,1,,496,,585,,99,,0.99744,,Cannot find cue bottom
sec6-res-util-pool-c8m2,,420,,pool,,1,,496,,562,,76,,1.0,,Cannot find cue bottom
sec6-res-util-pool-c8m2,,423,,pool,,1,,496,,563,,78,,1.0,,Cannot find cue bottom
sec6-res-util-pool-c8m2,,426,,pool,,1,,496,,575,,89,,1.0,,Cannot find cue bottom
sec6-res-util-pool-c8m2,,430,,pool,,1,,496,,577,,92,,1.0,,Cannot find cue top
sec6-res-util-pool-c8m2,,434,,pool,,1,,497,,587,,101,,0.98704,,Cannot find cue bottom
sec6-res-util-pool-c8m2,,438,,pool,,1,,496,,583,,98,,0.99919,,Cannot find cue bottom
sec6-res-util-pool-c8m2,,441,,pool,,1,,496,,574,,88,,1.0,,Cannot find cue bottom
sec6-res-util-pool-c8m2,,445,,pool,,1,,497,,575,,137,,0.000126199770446,,Cannot find cue bottom
sec6-res-util-pool-c8m2,,450,,pool,,1,,496,,611,,125,,0.003515625,,Cannot find cue bottom
sec6-res-util-pool-c8m2,,454,,pool,,1,,497,,579,,93,,1.0,,Cannot find cue top
sec6-res-util-pool-c8m2,,458,,pool,,1,,494,,578,,93,,1.0,,Cannot find cue bottom
sec6-res-util-pool-c8m2,,462,,pool,,1,,496,,598,,112,,0.129228564937,,Cannot find cue bottom
sec6-res-util-pool-c8m2,,466,,pool,,1,,496,,564,,78,,1.0,,Cannot find cue bottom
sec6-res-util-pool-c8m2,,469,,pool,,1,,496,,583,,97,,0.99984,,Cannot find cue bottom
sec6-res-util-pool-c8m2,,473,,pool,,1,,496,,586,,102,,0.97599,,Cannot find cue bottom
sec6-res-util-pool-c8m2,,477,,pool,,1,,497,,602,,116,,0.0426295284331,,Cannot find cue bottom
sec6-res-util-pool-c8m2,,481,,pool,,1,,496,,593,,107,,0.516914259749,,Cannot find cue bottom
sec6-res-util-pool-c8m2,,486,,pool,,1,,496,,578,,94,,1.0,,Cannot find cue bottom
sec6-res-util-pool-c8m2,,489,,pool,,1,,499,,587,,102,,0.97599,,Cannot find cue bottom
sec6-res-util-pool-c8m2,,493,,pool,,1,,498,,584,,141,,4.16303988605e-05,,Cannot find cue bottom
sec6-res-util-pool-c8m2,,498,,pool,,1,,499,,585,,98,,0.99919,,Cannot find cue top
sec6-res-util-pool-c8m2,,502,,pool,,1,,493,,562,,75,,1.0,,Cannot find cue bottom
sec6-res-util-pool-c8m2,,505,,pool,,1,,494,,564,,78,,1.0,,Cannot find cue top
sec6-res-util-pool-c8m2,,508,,pool,,1,,498,,587,,101,,0.98704,,Cannot find cue bottom
sec6-res-util-pool-c8m2,,511,,pool,,1,,499,,580,,94,,1.0,,Cannot find cue bottom
sec6-res-util-pool-c8m2,,515,,pool,,1,,496,,588,,147,,7.8874856529e-06,,Cannot find cue bottom
sec6-res-util-pool-c8m2,,521,,pool,,1,,497,,576,,91,,1.0,,Cannot find cue bottom
sec6-res-util-pool-c8m2,,524,,pool,,1,,499,,581,,95,,1.0,,Cannot find cue top
sec6-res-util-pool-c8m2,,532,,pool,,1,,498,,571,,86,,1.0,,Cannot find cue top
sec6-res-util-pool-c8m2,,535,,pool,,1,,497,,549,,92,,1.0,,Cannot find cue top
sec6-res-util-pool-c8m2,,539,,pool,,1,,498,,580,,94,,1.0,,Cannot find cue top
sec6-res-util-pool-c8m2,,572,,pool,,1,,497,,553,,67,,1.0,,Cannot find cue top
sec6-res-util-pool-c8m2,,574,,pool,,1,,497,,562,,76,,1.0,,Cannot find cue top
sec6-res-util-pool-c8m2,,578,,pool,,1,,497,,546,,60,,1.0,,Cannot find cue top
sec6-res-util-pool-c8m2,,580,,pool,,1,,497,,571,,86,,1.0,,Cannot find cue top
sec6-res-util-pool-c8m2,,584,,pool,,1,,497,,570,,85,,1.0,,Cannot find cue top
sec6-res-util-pool-c8m2,,587,,pool,,1,,497,,553,,67,,1.0,,Cannot find cue top
sec6-res-util-pool-c8m2,,590,,pool,,1,,497,,560,,74,,1.0,,Cannot find cue top
sec6-res-util-pool-c8m2,,604,,pool,,1,,504,,550,,64,,1.0,,Cannot find cue top
sec6-res-util-pool-c8m2,,606,,pool,,1,,495,,569,,84,,1.0,,Cannot find cue top
sec6-res-util-pool-c8m2,,610,,pool,,1,,498,,617,,132,,0.000504799081786,,Cannot find cue bottom
sec6-res-util-pool-c8m2,,615,,pool,,1,,497,,622,,136,,0.000166521595442,,Cannot find cue bottom
sec6-res-util-pool-c8m2,,620,,pool,,1,,499,,583,,97,,0.99984,,Cannot find cue ball
sec6-res-util-pool-c8m2,,623,,pool,,1,,499,,584,,98,,0.99919,,Cannot find cue ball
sec6-res-util-pool-c8m2,,627,,pool,,1,,497,,574,,90,,1.0,,Cannot find cue ball
sec6-res-util-pool-c8m2,,635,,pool,,1,,495,,581,,95,,1.0,,Cannot find cue ball
sec6-res-util-pool-c8m2,,638,,pool,,1,,496,,584,,101,,0.98704,,Cannot find cue ball
sec6-res-util-pool-c8m2,,642,,pool,,1,,495,,558,,73,,1.0,,Cannot find cue ball
sec6-res-util-pool-c8m2,,645,,pool,,1,,496,,565,,79,,1.0,,Cannot find cue ball
sec6-res-util-pool-c8m2,,648,,pool,,1,,495,,571,,86,,1.0,,speech: right
sec6-res-util-pool-c8m2,,651,,pool,,1,,496,,570,,86,,1.0,,Cannot find cue top
sec6-res-util-pool-c8m2,,655,,pool,,1,,495,,588,,103,,0.95904,,speech: left
sec6-res-util-pool-c8m2,,659,,pool,,1,,500,,583,,98,,0.99919,,speech: left
sec6-res-util-pool-c8m2,,662,,pool,,1,,497,,591,,104,,0.93439,,speech: left
sec6-res-util-pool-c8m2,,666,,pool,,1,,497,,583,,97,,0.99984,,Cannot find object ball
sec6-res-util-pool-c8m2,,670,,pool,,1,,499,,584,,98,,0.99919,,Cannot find object ball
sec6-res-util-pool-c8m2,,674,,pool,,1,,497,,606,,120,,0.0140625,,Cannot find object ball
sec6-res-util-pool-c8m2,,679,,pool,,1,,498,,618,,132,,0.000504799081786,,Cannot find object ball
sec6-res-util-pool-c8m2,,684,,pool,,1,,495,,595,,167,,3.08104908317e-08,,Cannot find cue bottom
sec6-res-util-pool-c8m2,,689,,pool,,1,,496,,567,,82,,1.0,,Cannot find cue top
sec6-res-util-pool-c8m2,,693,,pool,,1,,496,,545,,59,,1.0,,Cannot find cue top
sec6-res-util-pool-c8m2,,695,,pool,,1,,496,,557,,71,,1.0,,Cannot find cue top
sec6-res-util-pool-c8m2,,698,,pool,,1,,496,,567,,81,,1.0,,Cannot find cue top
sec6-res-util-pool-c8m2,,702,,pool,,1,,496,,600,,114,,0.074222319981,,speech: good
sec6-res-util-pool-c8m2,,706,,pool,,1,,496,,582,,96,,0.99999,,speech: left
sec6-res-util-pool-c8m2,,710,,pool,,1,,496,,587,,102,,0.97599,,Cannot find object ball
sec6-res-util-pool-c8m2,,714,,pool,,1,,497,,608,,123,,0.00612105864818,,speech: left
sec6-res-util-pool-c8m2,,718,,pool,,1,,499,,648,,236,,1.51450508785e-16,,speech: left
sec6-res-util-pool-c8m2,,726,,pool,,1,,497,,564,,79,,1.0,,Cannot find object ball
sec6-res-util-pool-c8m2,,730,,pool,,1,,497,,580,,94,,1.0,,Cannot find object ball
sec6-res-util-pool-c8m2,,733,,pool,,1,,496,,565,,79,,1.0,,Cannot find cue ball
sec6-res-util-pool-c8m2,,736,,pool,,1,,496,,595,,109,,0.296889279924,,Cannot find object ball
sec6-res-util-pool-c8m2,,740,,pool,,1,,497,,609,,123,,0.00612105864818,,Cannot find cue ball
sec6-res-util-pool-c8m2,,745,,pool,,1,,495,,558,,72,,1.0,,Cannot find object ball
sec6-res-util-pool-c8m2,,748,,pool,,1,,496,,611,,125,,0.003515625,,Cannot find cue ball
sec6-res-util-pool-c8m2,,753,,pool,,1,,496,,623,,221,,9.69283256225e-15,,speech: left
sec6-res-util-pool-c8m2,,760,,pool,,1,,496,,602,,116,,0.0426295284331,,Cannot find cue ball
sec6-res-util-pool-c8m2,,764,,pool,,1,,497,,574,,88,,1.0,,Cannot find cue ball
sec6-res-util-pool-c8m2,,768,,pool,,1,,496,,546,,60,,1.0,,Cannot find cue top
sec6-res-util-pool-c8m2,,770,,pool,,1,,496,,557,,71,,1.0,,Cannot find cue top
sec6-res-util-pool-c8m2,,773,,pool,,1,,496,,561,,75,,1.0,,Cannot find cue top
sec6-res-util-pool-c8m2,,776,,pool,,1,,497,,562,,76,,1.0,,Cannot find cue bottom
sec6-res-util-pool-c8m2,,780,,pool,,1,,497,,558,,72,,1.0,,Cannot find cue top
sec6-res-util-pool-c8m2,,783,,pool,,1,,503,,545,,59,,1.0,,Cannot find cue top
sec6-res-util-pool-c8m2,,785,,pool,,1,,496,,547,,61,,1.0,,Cannot find cue top
sec6-res-util-pool-c8m2,,788,,pool,,1,,496,,545,,60,,1.0,,Cannot find cue top
sec6-res-util-pool-c8m2,,791,,pool,,1,,497,,569,,83,,1.0,,Cannot find cue top
sec6-res-util-pool-c8m2,,794,,pool,,1,,496,,538,,54,,1.0,,Cannot find cue top
sec6-res-util-pool-c8m2,,796,,pool,,1,,497,,597,,111,,0.170518113732,,Cannot find cue top
sec6-res-util-pool-c8m2,,801,,pool,,1,,507,,604,,118,,0.0244842345927,,Cannot find cue bottom
sec6-res-util-pool-c8m2,,805,,pool,,1,,497,,562,,108,,0.391747753483,,Cannot find cue top
sec6-res-util-pool-c8m2,,816,,pool,,1,,494,,555,,83,,1.0,,Cannot find cue top
sec6-res-util-pool-c8m2,,818,,pool,,1,,496,,574,,89,,1.0,,Cannot find cue top
sec6-res-util-pool-c8m2,,822,,pool,,1,,495,,548,,62,,1.0,,Cannot find cue top
sec6-res-util-pool-c8m2,,825,,pool,,1,,496,,538,,52,,1.0,,Cannot find cue top
sec6-res-util-pool-c8m2,,827,,pool,,1,,497,,539,,52,,1.0,,Cannot find cue top
sec6-res-util-pool-c8m2,,829,,pool,,1,,497,,573,,87,,1.0,,Cannot find cue top
sec6-res-util-pool-c8m2,,833,,pool,,1,,495,,551,,105,,0.9,,Cannot find cue top
sec6-res-util-pool-c8m2,,837,,pool,,1,,497,,567,,81,,1.0,,Cannot find cue bottom
sec6-res-util-pool-c8m2,,840,,pool,,1,,496,,546,,60,,1.0,,Cannot find cue top
sec6-res-util-pool-c8m2,,843,,pool,,1,,496,,544,,58,,1.0,,Cannot find cue top
sec6-res-util-pool-c8m2,,845,,pool,,1,,495,,544,,58,,1.0,,Cannot find cue top
sec6-res-util-pool-c8m2,,848,,pool,,1,,495,,540,,54,,1.0,,Cannot find cue top
sec6-res-util-pool-c8m2,,850,,pool,,1,,496,,550,,64,,1.0,,Cannot find cue top
sec6-res-util-pool-c8m2,,853,,pool,,1,,497,,556,,71,,1.0,,Cannot find cue top
sec6-res-util-pool-c8m2,,856,,pool,,1,,496,,538,,53,,1.0,,Cannot find cue top
sec6-res-util-pool-c8m2,,859,,pool,,1,,496,,569,,83,,1.0,,Cannot find cue top
sec6-res-util-pool-c8m2,,862,,pool,,1,,497,,560,,75,,1.0,,Cannot find cue top
sec6-res-util-pool-c8m2,,865,,pool,,1,,496,,581,,95,,1.0,,Cannot find cue top
sec6-res-util-pool-c8m2,,2,,pool,,1,,501,,553,,66,,1.0,,Cannot find cue top
sec6-res-util-pool-c8m2,,5,,pool,,1,,495,,575,,89,,1.0,,Cannot find cue top
sec6-res-util-pool-c8m2,,9,,pool,,1,,496,,581,,95,,1.0,,Cannot find cue top
sec6-res-util-pool-c8m2,,13,,pool,,1,,496,,547,,61,,1.0,,Cannot find cue top
sec6-res-util-pool-c8m2,,15,,pool,,1,,496,,577,,91,,1.0,,Cannot find cue bottom
sec6-res-util-pool-c8m2,,19,,pool,,1,,497,,544,,58,,1.0,,Cannot find cue top
sec6-res-util-pool-c8m2,,21,,pool,,1,,499,,565,,79,,1.0,,Cannot find cue bottom
sec6-res-util-pool-c8m2,,25,,pool,,1,,496,,555,,69,,1.0,,Cannot find cue bottom
sec6-res-util-pool-c8m2,,28,,pool,,1,,497,,604,,118,,0.0244842345927,,Cannot find cue bottom
sec6-res-util-pool-c8m2,,32,,pool,,1,,497,,558,,72,,1.0,,Cannot find cue top
sec6-res-util-pool-c8m2,,35,,pool,,1,,496,,549,,63,,1.0,,Cannot find cue top
sec6-res-util-pool-c8m2,,38,,pool,,1,,496,,552,,91,,1.0,,Cannot find cue top
sec6-res-util-pool-c8m2,,41,,pool,,1,,496,,605,,119,,0.0185555799952,,Cannot find cue ball
sec6-res-util-pool-c8m2,,46,,pool,,1,,496,,592,,106,,0.68207245493,,Cannot find cue ball
sec6-res-util-pool-c8m2,,50,,pool,,1,,496,,653,,167,,3.08104908317e-08,,Cannot find cue ball
sec6-res-util-pool-c8m2,,56,,pool,,1,,495,,597,,111,,0.170518113732,,Cannot find cue ball
sec6-res-util-pool-c8m2,,60,,pool,,1,,495,,603,,167,,3.08104908317e-08,,Cannot find cue bottom
sec6-res-util-pool-c8m2,,66,,pool,,1,,496,,593,,106,,0.68207245493,,Cannot find cue bottom
sec6-res-util-pool-c8m2,,70,,pool,,1,,496,,569,,83,,1.0,,Cannot find cue bottom
sec6-res-util-pool-c8m2,,74,,pool,,1,,497,,586,,100,,0.99375,,Cannot find cue bottom
sec6-res-util-pool-c8m2,,77,,pool,,1,,496,,591,,104,,0.93439,,Cannot find cue bottom
sec6-res-util-pool-c8m2,,81,,pool,,1,,495,,575,,88,,1.0,,Cannot find cue bottom
sec6-res-util-pool-c8m2,,85,,pool,,1,,496,,637,,153,,1.49439908403e-06,,Cannot find object ball
sec6-res-util-pool-c8m2,,90,,pool,,1,,496,,620,,190,,5.23868948221e-11,,Cannot find object ball
sec6-res-util-pool-c8m2,,97,,pool,,1,,496,,594,,108,,0.391747753483,,Cannot find object ball
sec6-res-util-pool-c8m2,,101,,pool,,1,,496,,570,,85,,1.0,,Cannot find cue bottom
sec6-res-util-pool-c8m2,,104,,pool,,1,,495,,567,,81,,1.0,,Cannot find cue bottom
sec6-res-util-pool-c8m2,,108,,pool,,1,,496,,581,,95,,1.0,,Cannot find cue bottom
sec6-res-util-pool-c8m2,,111,,pool,,1,,495,,581,,95,,1.0,,Cannot find cue bottom
sec6-res-util-pool-c8m2,,115,,pool,,1,,496,,604,,118,,0.0244842345927,,Cannot find cue bottom
sec6-res-util-pool-c8m2,,140,,pool,,1,,501,,635,,149,,4.53017089728e-06,,speech: right
sec6-res-util-pool-c8m2,,145,,pool,,1,,498,,633,,148,,5.97759633611e-06,,Cannot find object ball
sec6-res-util-pool-c8m2,,150,,pool,,1,,496,,563,,77,,1.0,,speech: good
sec6-res-util-pool-c8m2,,153,,pool,,1,,496,,565,,81,,1.0,,Cannot find object ball
sec6-res-util-pool-c8m2,,156,,pool,,1,,494,,596,,110,,0.225,,speech: right
sec6-res-util-pool-c8m2,,160,,pool,,1,,495,,590,,104,,0.93439,,Cannot find cue bottom
sec6-res-util-pool-c8m2,,164,,pool,,1,,494,,561,,75,,1.0,,Cannot find object ball
sec6-res-util-pool-c8m2,,167,,pool,,1,,494,,560,,74,,1.0,,Cannot find object ball
sec6-res-util-pool-c8m2,,171,,pool,,1,,494,,585,,99,,0.99744,,Cannot find object ball
sec6-res-util-pool-c8m2,,174,,pool,,1,,495,,587,,102,,0.97599,,Cannot find cue bottom
sec6-res-util-pool-c8m2,,200,,pool,,1,,502,,591,,105,,0.9,,Cannot find cue bottom
sec6-res-util-pool-c8m2,,203,,pool,,1,,496,,556,,70,,1.0,,Cannot find cue bottom
sec6-res-util-pool-c8m2,,206,,pool,,1,,493,,567,,81,,1.0,,Cannot find cue bottom
sec6-res-util-pool-c8m2,,209,,pool,,1,,494,,556,,70,,1.0,,Cannot find object ball
sec6-res-util-pool-c8m2,,212,,pool,,1,,499,,583,,97,,0.99984,,Cannot find object ball
sec6-res-util-pool-c8m2,,216,,pool,,1,,500,,564,,78,,1.0,,Cannot find cue ball
sec6-res-util-pool-c8m2,,219,,pool,,1,,495,,564,,78,,1.0,,Cannot find object ball
sec6-res-util-pool-c8m2,,222,,pool,,1,,495,,602,,116,,0.0426295284331,,Cannot find object ball
sec6-res-util-pool-c8m2,,226,,pool,,1,,495,,581,,95,,1.0,,speech: good
sec6-res-util-pool-c8m2,,230,,pool,,1,,494,,561,,75,,1.0,,speech: left
sec6-res-util-pool-c8m2,,233,,pool,,1,,494,,596,,109,,0.296889279924,,Cannot find object ball
sec6-res-util-pool-c8m2,,237,,pool,,1,,494,,585,,100,,0.99375,,Cannot find cue ball
sec6-res-util-pool-c8m2,,241,,pool,,1,,495,,606,,120,,0.0140625,,Cannot find cue bottom
sec6-res-util-pool-c8m2,,246,,pool,,1,,498,,578,,92,,1.0,,Cannot find cue ball
sec6-res-util-pool-c8m2,,249,,pool,,1,,494,,563,,105,,0.9,,Cannot find cue top
sec6-res-util-pool-c8m2,,253,,pool,,1,,502,,584,,98,,0.99919,,Cannot find cue top
sec6-res-util-pool-c8m2,,257,,pool,,1,,494,,545,,59,,1.0,,Cannot find cue top
sec6-res-util-pool-c8m2,,260,,pool,,1,,496,,567,,81,,1.0,,Cannot find cue top
sec6-res-util-pool-c8m2,,263,,pool,,1,,497,,554,,67,,1.0,,Cannot find cue top
sec6-res-util-pool-c8m2,,266,,pool,,1,,496,,538,,52,,1.0,,Cannot find cue top
sec6-res-util-pool-c8m2,,268,,pool,,1,,497,,537,,52,,1.0,,Cannot find cue top
sec6-res-util-pool-c8m2,,271,,pool,,1,,496,,546,,60,,1.0,,Cannot find cue top
sec6-res-util-pool-c8m2,,274,,pool,,1,,496,,554,,68,,1.0,,Cannot find cue top
sec6-res-util-pool-c8m2,,276,,pool,,1,,499,,590,,104,,0.93439,,Cannot find cue bottom
sec6-res-util-pool-c8m2,,280,,pool,,1,,497,,557,,71,,1.0,,Cannot find object ball
sec6-res-util-pool-c8m2,,283,,pool,,1,,497,,572,,86,,1.0,,speech: left
sec6-res-util-pool-c8m2,,299,,pool,,1,,505,,604,,118,,0.0244842345927,,Cannot find cue bottom
sec6-res-util-pool-c8m2,,303,,pool,,1,,497,,557,,71,,1.0,,Cannot find cue bottom
sec6-res-util-pool-c8m2,,306,,pool,,1,,497,,578,,91,,1.0,,Cannot find cue bottom
sec6-res-util-pool-c8m2,,309,,pool,,1,,496,,566,,79,,1.0,,Cannot find cue bottom
sec6-res-util-pool-c8m2,,312,,pool,,1,,494,,571,,85,,1.0,,Cannot find cue bottom
sec6-res-util-pool-c8m2,,316,,pool,,1,,497,,558,,71,,1.0,,Cannot find cue bottom
sec6-res-util-pool-c8m2,,319,,pool,,1,,497,,582,,96,,0.99999,,Cannot find cue bottom
sec6-res-util-pool-c8m2,,323,,pool,,1,,498,,552,,65,,1.0,,Cannot find cue bottom
sec6-res-util-pool-c8m2,,325,,pool,,1,,497,,562,,76,,1.0,,Cannot find cue top
sec6-res-util-pool-c8m2,,328,,pool,,1,,497,,577,,91,,1.0,,Cannot find cue bottom
sec6-res-util-pool-c8m2,,332,,pool,,1,,496,,551,,65,,1.0,,Cannot find cue bottom
sec6-res-util-pool-c8m2,,335,,pool,,1,,496,,541,,55,,1.0,,Cannot find cue top
sec6-res-util-pool-c8m2,,337,,pool,,1,,495,,566,,150,,3.43322753906e-06,,Cannot find cue bottom
sec6-res-util-pool-c8m2,,343,,pool,,1,,497,,552,,65,,1.0,,Cannot find cue top
sec6-res-util-pool-c8m2,,345,,pool,,1,,495,,540,,53,,1.0,,Cannot find cue top
sec6-res-util-pool-c8m2,,348,,pool,,1,,495,,566,,80,,1.0,,Cannot find cue top
sec6-res-util-pool-c8m2,,360,,pool,,1,,502,,559,,73,,1.0,,Cannot find cue top
sec6-res-util-pool-c8m2,,362,,pool,,1,,496,,592,,106,,0.68207245493,,Cannot find cue top
sec6-res-util-pool-c8m2,,366,,pool,,1,,495,,553,,66,,1.0,,Cannot find cue top
sec6-res-util-pool-c8m2,,369,,pool,,1,,496,,581,,95,,1.0,,Cannot find cue top
sec6-res-util-pool-c8m2,,373,,pool,,1,,498,,631,,144,,1.81206835891e-05,,Cannot find cue top
sec6-res-util-pool-c8m2,,378,,pool,,1,,497,,575,,89,,1.0,,Cannot find cue top
sec6-res-util-pool-c8m2,,399,,pool,,1,,502,,570,,84,,1.0,,Cannot find cue top
sec6-res-util-pool-c8m2,,402,,pool,,1,,494,,560,,74,,1.0,,Cannot find cue top
sec6-res-util-pool-c8m2,,405,,pool,,1,,495,,577,,90,,1.0,,Cannot find cue bottom
sec6-res-util-pool-c8m2,,408,,pool,,1,,496,,588,,102,,0.97599,,Cannot find cue bottom
sec6-res-util-pool-c8m2,,412,,pool,,1,,497,,570,,83,,1.0,,Cannot find cue bottom
sec6-res-util-pool-c8m2,,415,,pool,,1,,495,,636,,217,,2.9383173782e-14,,Cannot find cue bottom
sec6-res-util-pool-c8m2,,423,,pool,,1,,498,,647,,161,,1.62618745549e-07,,Cannot find cue bottom
sec6-res-util-pool-c8m2,,428,,pool,,1,,497,,558,,73,,1.0,,Cannot find cue top
sec6-res-util-pool-c8m2,,431,,pool,,1,,497,,570,,84,,1.0,,Cannot find cue top
sec6-res-util-pool-c8m2,,434,,pool,,1,,502,,582,,96,,0.99999,,Cannot find cue bottom
sec6-res-util-pool-c8m2,,438,,pool,,1,,498,,586,,100,,0.99375,,Cannot find cue bottom
sec6-res-util-pool-c8m2,,442,,pool,,1,,497,,588,,101,,0.98704,,Cannot find cue bottom
sec6-res-util-pool-c8m2,,446,,pool,,1,,497,,635,,150,,3.43322753906e-06,,Cannot find cue bottom
sec6-res-util-pool-c8m2,,451,,pool,,1,,496,,608,,140,,5.4931640625e-05,,Cannot find cue bottom
sec6-res-util-pool-c8m2,,456,,pool,,1,,495,,557,,71,,1.0,,Cannot find cue top
sec6-res-util-pool-c8m2,,459,,pool,,1,,496,,590,,104,,0.93439,,Cannot find cue bottom
sec6-res-util-pool-c8m2,,463,,pool,,1,,498,,598,,112,,0.129228564937,,Cannot find cue bottom
sec6-res-util-pool-c8m2,,467,,pool,,1,,498,,612,,125,,0.003515625,,Cannot find cue bottom
sec6-res-util-pool-c8m2,,472,,pool,,1,,496,,578,,92,,1.0,,Cannot find cue ball
sec6-res-util-pool-c8m2,,476,,pool,,1,,497,,571,,85,,1.0,,Cannot find cue bottom
sec6-res-util-pool-c8m2,,479,,pool,,1,,497,,615,,231,,6.0580203514e-16,,Cannot find cue bottom
sec6-res-util-pool-c8m2,,487,,pool,,1,,496,,594,,107,,0.516914259749,,Cannot find cue bottom
sec6-res-util-pool-c8m2,,491,,pool,,1,,495,,566,,80,,1.0,,Cannot find cue bottom
sec6-res-util-pool-c8m2,,494,,pool,,1,,496,,559,,73,,1.0,,Cannot find cue bottom
sec6-res-util-pool-c8m2,,497,,pool,,1,,497,,585,,98,,0.99919,,Cannot find cue bottom
sec6-res-util-pool-c8m2,,501,,pool,,1,,497,,571,,85,,1.0,,Cannot find cue bottom
sec6-res-util-pool-c8m2,,504,,pool,,1,,497,,577,,91,,1.0,,Cannot find cue bottom
sec6-res-util-pool-c8m2,,508,,pool,,1,,497,,607,,120,,0.0140625,,Cannot find cue bottom
sec6-res-util-pool-c8m2,,512,,pool,,1,,501,,603,,117,,0.0323071412343,,Cannot find cue bottom
sec6-res-util-pool-c8m2,,517,,pool,,1,,497,,560,,73,,1.0,,Cannot find cue top
sec6-res-util-pool-c8m2,,520,,pool,,1,,497,,554,,67,,1.0,,Cannot find cue bottom
sec6-res-util-pool-c8m2,,522,,pool,,1,,497,,565,,79,,1.0,,Cannot find cue top
sec6-res-util-pool-c8m2,,532,,pool,,1,,496,,568,,80,,1.0,,Cannot find cue top
sec6-res-util-pool-c8m2,,534,,pool,,1,,495,,578,,92,,1.0,,Cannot find cue bottom
sec6-res-util-pool-c8m2,,537,,pool,,1,,497,,552,,66,,1.0,,Cannot find cue top
sec6-res-util-pool-c8m2,,540,,pool,,1,,498,,574,,88,,1.0,,Cannot find cue top
sec6-res-util-pool-c8m2,,572,,pool,,1,,502,,552,,65,,1.0,,Cannot find cue top
sec6-res-util-pool-c8m2,,574,,pool,,1,,496,,565,,78,,1.0,,Cannot find cue top
sec6-res-util-pool-c8m2,,577,,pool,,1,,497,,590,,104,,0.93439,,Cannot find cue top
sec6-res-util-pool-c8m2,,581,,pool,,1,,495,,539,,53,,1.0,,Cannot find cue top
sec6-res-util-pool-c8m2,,583,,pool,,1,,496,,551,,64,,1.0,,Cannot find cue top
sec6-res-util-pool-c8m2,,586,,pool,,1,,496,,542,,55,,1.0,,Cannot find cue top
sec6-res-util-pool-c8m2,,589,,pool,,1,,497,,553,,66,,1.0,,Cannot find cue top
sec6-res-util-pool-c8m2,,604,,pool,,1,,504,,560,,73,,1.0,,Cannot find cue top
sec6-res-util-pool-c8m2,,606,,pool,,1,,496,,551,,65,,1.0,,Cannot find cue top
sec6-res-util-pool-c8m2,,609,,pool,,1,,496,,561,,75,,1.0,,Cannot find cue bottom
sec6-res-util-pool-c8m2,,612,,pool,,1,,497,,573,,87,,1.0,,Cannot find cue bottom
sec6-res-util-pool-c8m2,,616,,pool,,1,,497,,566,,81,,1.0,,Cannot find cue bottom
sec6-res-util-pool-c8m2,,619,,pool,,1,,497,,562,,76,,1.0,,Cannot find cue bottom
sec6-res-util-pool-c8m2,,622,,pool,,1,,497,,565,,79,,1.0,,Cannot find cue ball
sec6-res-util-pool-c8m2,,625,,pool,,1,,497,,563,,77,,1.0,,Cannot find cue ball
sec6-res-util-pool-c8m2,,635,,pool,,1,,503,,587,,101,,0.98704,,Cannot find cue ball
sec6-res-util-pool-c8m2,,639,,pool,,1,,496,,588,,102,,0.97599,,Cannot find cue ball
sec6-res-util-pool-c8m2,,643,,pool,,1,,497,,609,,125,,0.003515625,,speech: right
sec6-res-util-pool-c8m2,,647,,pool,,1,,496,,603,,117,,0.0323071412343,,Cannot find cue ball
sec6-res-util-pool-c8m2,,652,,pool,,1,,496,,601,,115,,0.05625,,Cannot find cue top
sec6-res-util-pool-c8m2,,656,,pool,,1,,496,,603,,117,,0.0323071412343,,speech: left
sec6-res-util-pool-c8m2,,660,,pool,,1,,499,,621,,229,,1.05476260587e-15,,speech: left
sec6-res-util-pool-c8m2,,668,,pool,,1,,496,,613,,125,,0.003515625,,Cannot find object ball
sec6-res-util-pool-c8m2,,673,,pool,,1,,494,,570,,82,,1.0,,Cannot find object ball
sec6-res-util-pool-c8m2,,676,,pool,,1,,494,,563,,77,,1.0,,Cannot find object ball
sec6-res-util-pool-c8m2,,678,,pool,,1,,496,,557,,70,,1.0,,Cannot find object ball
sec6-res-util-pool-c8m2,,681,,pool,,1,,496,,622,,136,,0.000166521595442,,Cannot find object ball
sec6-res-util-pool-c8m2,,686,,pool,,1,,497,,585,,99,,0.99744,,Cannot find cue top
sec6-res-util-pool-c8m2,,690,,pool,,1,,496,,567,,169,,1.76959800675e-08,,Cannot find cue bottom
sec6-res-util-pool-c8m2,,696,,pool,,1,,497,,559,,73,,1.0,,Cannot find cue top
sec6-res-util-pool-c8m2,,699,,pool,,1,,496,,555,,68,,1.0,,Cannot find cue top
sec6-res-util-pool-c8m2,,702,,pool,,1,,496,,574,,88,,1.0,,speech: good
sec6-res-util-pool-c8m2,,705,,pool,,1,,497,,570,,84,,1.0,,speech: left
sec6-res-util-pool-c8m2,,709,,pool,,1,,497,,562,,76,,1.0,,speech: right
sec6-res-util-pool-c8m2,,712,,pool,,1,,497,,560,,74,,1.0,,Cannot find object ball
sec6-res-util-pool-c8m2,,715,,pool,,1,,497,,585,,99,,0.99744,,speech: left
sec6-res-util-pool-c8m2,,719,,pool,,1,,497,,563,,77,,1.0,,speech: right
sec6-res-util-pool-c8m2,,722,,pool,,1,,496,,557,,71,,1.0,,Cannot find cue ball
sec6-res-util-pool-c8m2,,725,,pool,,1,,496,,618,,223,,5.56707040976e-15,,speech: left
sec6-res-util-pool-c8m2,,733,,pool,,1,,497,,560,,74,,1.0,,Cannot find cue ball
sec6-res-util-pool-c8m2,,736,,pool,,1,,496,,559,,73,,1.0,,Cannot find object ball
sec6-res-util-pool-c8m2,,739,,pool,,1,,498,,588,,102,,0.97599,,Cannot find cue ball
sec6-res-util-pool-c8m2,,743,,pool,,1,,497,,595,,109,,0.296889279924,,Cannot find object ball
sec6-res-util-pool-c8m2,,747,,pool,,1,,496,,568,,83,,1.0,,Cannot find cue ball
sec6-res-util-pool-c8m2,,750,,pool,,1,,496,,563,,77,,1.0,,Cannot find cue ball
sec6-res-util-pool-c8m2,,754,,pool,,1,,497,,562,,76,,1.0,,Cannot find cue ball
sec6-res-util-pool-c8m2,,757,,pool,,1,,498,,568,,82,,1.0,,Cannot find cue ball
sec6-res-util-pool-c8m2,,760,,pool,,1,,500,,576,,184,,2.76499688554e-10,,Cannot find cue ball
sec6-res-util-pool-c8m2,,767,,pool,,1,,496,,584,,99,,0.99744,,Cannot find cue top
sec6-res-util-pool-c8m2,,770,,pool,,1,,496,,574,,88,,1.0,,Cannot find cue top
sec6-res-util-pool-c8m2,,774,,pool,,1,,495,,564,,78,,1.0,,Cannot find cue ball
sec6-res-util-pool-c8m2,,777,,pool,,1,,495,,562,,76,,1.0,,Cannot find cue top
sec6-res-util-pool-c8m2,,780,,pool,,1,,496,,542,,56,,1.0,,Cannot find cue top
sec6-res-util-pool-c8m2,,783,,pool,,1,,498,,547,,61,,1.0,,Cannot find cue top
sec6-res-util-pool-c8m2,,785,,pool,,1,,496,,564,,78,,1.0,,Cannot find cue top
sec6-res-util-pool-c8m2,,789,,pool,,1,,501,,567,,81,,1.0,,Cannot find cue top
sec6-res-util-pool-c8m2,,792,,pool,,1,,497,,568,,82,,1.0,,Cannot find cue top
sec6-res-util-pool-c8m2,,795,,pool,,1,,497,,568,,82,,1.0,,Cannot find cue top
sec6-res-util-pool-c8m2,,798,,pool,,1,,497,,562,,76,,1.0,,Cannot find cue bottom
sec6-res-util-pool-c8m2,,802,,pool,,1,,495,,574,,88,,1.0,,Cannot find cue bottom
sec6-res-util-pool-c8m2,,805,,pool,,1,,500,,549,,63,,1.0,,Cannot find cue top
sec6-res-util-pool-c8m2,,816,,pool,,1,,502,,570,,82,,1.0,,Cannot find cue top
sec6-res-util-pool-c8m2,,818,,pool,,1,,494,,549,,62,,1.0,,Cannot find cue top
sec6-res-util-pool-c8m2,,821,,pool,,1,,497,,545,,58,,1.0,,Cannot find cue top
sec6-res-util-pool-c8m2,,823,,pool,,1,,499,,562,,75,,1.0,,Cannot find cue top
sec6-res-util-pool-c8m2,,826,,pool,,1,,496,,548,,62,,1.0,,Cannot find cue top
sec6-res-util-pool-c8m2,,829,,pool,,1,,496,,563,,76,,1.0,,Cannot find cue top
sec6-res-util-pool-c8m2,,832,,pool,,1,,495,,555,,69,,1.0,,Cannot find cue top
sec6-res-util-pool-c8m2,,835,,pool,,1,,498,,580,,94,,1.0,,Cannot find cue ball
sec6-res-util-pool-c8m2,,839,,pool,,1,,497,,573,,86,,1.0,,Cannot find cue top
sec6-res-util-pool-c8m2,,842,,pool,,1,,498,,556,,70,,1.0,,Cannot find cue top
sec6-res-util-pool-c8m2,,845,,pool,,1,,497,,539,,53,,1.0,,Cannot find cue top
sec6-res-util-pool-c8m2,,848,,pool,,1,,498,,557,,71,,1.0,,Cannot find cue top
sec6-res-util-pool-c8m2,,851,,pool,,1,,497,,567,,82,,1.0,,Cannot find cue top
sec6-res-util-pool-c8m2,,854,,pool,,1,,496,,558,,72,,1.0,,Cannot find cue top
sec6-res-util-pool-c8m2,,857,,pool,,1,,496,,547,,61,,1.0,,Cannot find cue top
sec6-res-util-pool-c8m2,,860,,pool,,1,,495,,556,,70,,1.0,,Cannot find cue top
sec6-res-util-pool-c8m2,,863,,pool,,1,,497,,545,,59,,1.0,,Cannot find cue top
sec6-res-util-pool-c8m2,,865,,pool,,1,,497,,559,,73,,1.0,,Cannot find cue top
sec6-res-util-pool-c8m2,,2,,pool,,1,,496,,544,,58,,1.0,,Cannot find cue top
sec6-res-util-pool-c8m2,,5,,pool,,1,,498,,560,,74,,1.0,,Cannot find cue top
sec6-res-util-pool-c8m2,,8,,pool,,1,,496,,552,,65,,1.0,,Cannot find cue top
sec6-res-util-pool-c8m2,,10,,pool,,1,,499,,568,,82,,1.0,,Cannot find cue top
sec6-res-util-pool-c8m2,,14,,pool,,1,,496,,555,,71,,1.0,,Cannot find cue top
sec6-res-util-pool-c8m2,,17,,pool,,1,,496,,576,,90,,1.0,,Cannot find cue bottom
sec6-res-util-pool-c8m2,,20,,pool,,1,,499,,580,,94,,1.0,,Cannot find cue top
sec6-res-util-pool-c8m2,,24,,pool,,1,,499,,608,,122,,0.00807678530857,,Cannot find cue bottom
sec6-res-util-pool-c8m2,,29,,pool,,1,,496,,553,,67,,1.0,,Cannot find cue top
sec6-res-util-pool-c8m2,,31,,pool,,1,,497,,563,,77,,1.0,,Cannot find cue top
sec6-res-util-pool-c8m2,,35,,pool,,1,,496,,549,,66,,1.0,,Cannot find cue top
sec6-res-util-pool-c8m2,,37,,pool,,1,,496,,560,,73,,1.0,,Cannot find cue top
sec6-res-util-pool-c8m2,,41,,pool,,1,,496,,573,,87,,1.0,,Cannot find cue ball
sec6-res-util-pool-c8m2,,44,,pool,,1,,495,,593,,107,,0.516914259749,,Cannot find cue ball
sec6-res-util-pool-c8m2,,48,,pool,,1,,496,,570,,83,,1.0,,Cannot find cue ball
sec6-res-util-pool-c8m2,,51,,pool,,1,,496,,573,,86,,1.0,,Cannot find cue bottom
sec6-res-util-pool-c8m2,,55,,pool,,1,,497,,623,,139,,7.24827343564e-05,,Cannot find cue bottom
sec6-res-util-pool-c8m2,,60,,pool,,1,,496,,592,,106,,0.68207245493,,Cannot find cue bottom
sec6-res-util-pool-c8m2,,64,,pool,,1,,496,,598,,112,,0.129228564937,,Cannot find cue bottom
sec6-res-util-pool-c8m2,,68,,pool,,1,,497,,619,,134,,0.000289930937426,,Cannot find cue bottom
sec6-res-util-pool-c8m2,,73,,pool,,1,,496,,580,,164,,7.07839202699e-08,,Cannot find cue bottom
sec6-res-util-pool-c8m2,,79,,pool,,1,,497,,581,,95,,1.0,,Cannot find cue bottom
sec6-res-util-pool-c8m2,,82,,pool,,1,,497,,589,,103,,0.95904,,Cannot find cue bottom
sec6-res-util-pool-c8m2,,86,,pool,,1,,497,,613,,127,,0.00201919632714,,Cannot find object ball
sec6-res-util-pool-c8m2,,91,,pool,,1,,496,,614,,129,,0.0011597237497,,Cannot find object ball
sec6-res-util-pool-c8m2,,96,,pool,,1,,498,,607,,220,,1.27897692437e-14,,Cannot find object ball
sec6-res-util-pool-c8m2,,103,,pool,,1,,497,,624,,138,,9.56415413777e-05,,Cannot find cue bottom
sec6-res-util-pool-c8m2,,108,,pool,,1,,497,,614,,128,,0.00153026466204,,Cannot find cue bottom
sec6-res-util-pool-c8m2,,113,,pool,,1,,498,,622,,136,,0.000166521595442,,Cannot find cue bottom
sec6-res-util-pool-c8m2,,140,,pool,,1,,498,,592,,106,,0.68207245493,,speech: right
sec6-res-util-pool-c8m2,,143,,pool,,1,,497,,647,,161,,1.62618745549e-07,,speech: good
sec6-res-util-pool-c8m2,,149,,pool,,1,,497,,566,,79,,1.0,,Cannot find object ball
sec6-res-util-pool-c8m2,,152,,pool,,1,,496,,589,,103,,0.95904,,Cannot find object ball
sec6-res-util-pool-c8m2,,156,,pool,,1,,496,,573,,159,,2.8313568108e-07,,speech: right
sec6-res-util-pool-c8m2,,162,,pool,,1,,496,,569,,83,,1.0,,Cannot find cue bottom
sec6-res-util-pool-c8m2,,165,,pool,,1,,499,,595,,109,,0.296889279924,,Cannot find object ball
sec6-res-util-pool-c8m2,,169,,pool,,1,,496,,584,,98,,0.99919,,Cannot find object ball
sec6-res-util-pool-c8m2,,173,,pool,,1,,497,,586,,100,,0.99375,,Cannot find cue bottom
sec6-res-util-pool-c8m2,,200,,pool,,1,,502,,574,,88,,1.0,,Cannot find cue bottom
sec6-res-util-pool-c8m2,,203,,pool,,1,,498,,572,,94,,1.0,,Cannot find cue bottom
sec6-res-util-pool-c8m2,,207,,pool,,1,,497,,576,,89,,1.0,,Cannot find cue bottom
sec6-res-util-pool-c8m2,,210,,pool,,1,,497,,574,,88,,1.0,,Cannot find object ball
sec6-res-util-pool-c8m2,,214,,pool,,1,,497,,559,,73,,1.0,,Cannot find cue ball
sec6-res-util-pool-c8m2,,217,,pool,,1,,497,,574,,88,,1.0,,Cannot find object ball
sec6-res-util-pool-c8m2,,220,,pool,,1,,496,,561,,74,,1.0,,Cannot find object ball
sec6-res-util-pool-c8m2,,224,,pool,,1,,497,,588,,102,,0.97599,,speech: good
sec6-res-util-pool-c8m2,,227,,pool,,1,,497,,600,,114,,0.074222319981,,Cannot find cue ball
sec6-res-util-pool-c8m2,,232,,pool,,1,,498,,580,,94,,1.0,,Cannot find cue ball
sec6-res-util-pool-c8m2,,235,,pool,,1,,496,,580,,93,,1.0,,Cannot find object ball
sec6-res-util-pool-c8m2,,239,,pool,,1,,496,,567,,81,,1.0,,Cannot find object ball
sec6-res-util-pool-c8m2,,242,,pool,,1,,496,,550,,64,,1.0,,Cannot find cue ball
sec6-res-util-pool-c8m2,,245,,pool,,1,,498,,558,,72,,1.0,,Cannot find cue ball
sec6-res-util-pool-c8m2,,248,,pool,,1,,497,,549,,63,,1.0,,Cannot find cue top
sec6-res-util-pool-c8m2,,251,,pool,,1,,500,,566,,80,,1.0,,Cannot find cue top
sec6-res-util-pool-c8m2,,254,,pool,,1,,496,,565,,83,,1.0,,Cannot find cue top
sec6-res-util-pool-c8m2,,258,,pool,,1,,496,,559,,73,,1.0,,Cannot find cue bottom
sec6-res-util-pool-c8m2,,261,,pool,,1,,496,,539,,53,,1.0,,Cannot find cue top
sec6-res-util-pool-c8m2,,263,,pool,,1,,497,,578,,92,,1.0,,Cannot find cue top
sec6-res-util-pool-c8m2,,267,,pool,,1,,497,,548,,62,,1.0,,Cannot find cue top
sec6-res-util-pool-c8m2,,269,,pool,,1,,496,,536,,50,,1.0,,Cannot find cue top
sec6-res-util-pool-c8m2,,272,,pool,,1,,497,,555,,69,,1.0,,Cannot find cue top
sec6-res-util-pool-c8m2,,275,,pool,,1,,496,,577,,90,,1.0,,Cannot find cue bottom
sec6-res-util-pool-c8m2,,278,,pool,,1,,497,,568,,184,,2.76499688554e-10,,Cannot find cue bottom
sec6-res-util-pool-c8m2,,285,,pool,,1,,498,,548,,62,,1.0,,Cannot find cue ball
sec6-res-util-pool-c8m2,,299,,pool,,1,,506,,604,,118,,0.0244842345927,,Cannot find cue bottom
sec6-res-util-pool-c8m2,,303,,pool,,1,,496,,591,,106,,0.68207245493,,Cannot find cue bottom
sec6-res-util-pool-c8m2,,307,,pool,,1,,498,,563,,77,,1.0,,Cannot find cue bottom
sec6-res-util-pool-c8m2,,310,,pool,,1,,497,,583,,152,,1.97187141323e-06,,Cannot find cue bottom
sec6-res-util-pool-c8m2,,315,,pool,,1,,498,,609,,123,,0.00612105864818,,Cannot find cue bottom
sec6-res-util-pool-c8m2,,320,,pool,,1,,502,,605,,119,,0.0185555799952,,Cannot find cue bottom
sec6-res-util-pool-c8m2,,324,,pool,,1,,498,,581,,96,,0.99999,,Cannot find cue bottom
sec6-res-util-pool-c8m2,,328,,pool,,1,,496,,598,,112,,0.129228564937,,Cannot find cue bottom
sec6-res-util-pool-c8m2,,332,,pool,,1,,497,,619,,223,,5.56707040976e-15,,Cannot find cue bottom
sec6-res-util-pool-c8m2,,340,,pool,,1,,497,,561,,75,,1.0,,Cannot find cue top
sec6-res-util-pool-c8m2,,343,,pool,,1,,497,,583,,97,,0.99984,,Cannot find cue top
sec6-res-util-pool-c8m2,,347,,pool,,1,,496,,545,,59,,1.0,,Cannot find cue top
sec6-res-util-pool-c8m2,,360,,pool,,1,,502,,583,,98,,0.99919,,Cannot find cue top
sec6-res-util-pool-c8m2,,363,,pool,,1,,497,,550,,63,,1.0,,Cannot find cue top
sec6-res-util-pool-c8m2,,366,,pool,,1,,496,,544,,58,,1.0,,Cannot find cue top
sec6-res-util-pool-c8m2,,368,,pool,,1,,497,,568,,82,,1.0,,Cannot find cue top
sec6-res-util-pool-c8m2,,372,,pool,,1,,501,,592,,106,,0.68207245493,,Cannot find cue top
sec6-res-util-pool-c8m2,,376,,pool,,1,,497,,576,,90,,1.0,,Cannot find cue top
sec6-res-util-pool-c8m2,,379,,pool,,1,,499,,571,,85,,1.0,,Cannot find cue top
sec6-res-util-pool-c8m2,,399,,pool,,1,,503,,582,,96,,0.99999,,Cannot find cue top
sec6-res-util-pool-c8m2,,402,,pool,,1,,496,,548,,64,,1.0,,Cannot find cue top
sec6-res-util-pool-c8m2,,405,,pool,,1,,496,,581,,95,,1.0,,Cannot find cue bottom
sec6-res-util-pool-c8m2,,409,,pool,,1,,496,,557,,71,,1.0,,Cannot find cue top
sec6-res-util-pool-c8m2,,412,,pool,,1,,497,,588,,102,,0.97599,,Cannot find cue bottom
sec6-res-util-pool-c8m2,,416,,pool,,1,,496,,640,,154,,1.13254272432e-06,,Cannot find cue bottom
sec6-res-util-pool-c8m2,,421,,pool,,1,,496,,598,,112,,0.129228564937,,Cannot find cue bottom
sec6-res-util-pool-c8m2,,425,,pool,,1,,496,,634,,148,,5.97759633611e-06,,Cannot find cue bottom
sec6-res-util-pool-c8m2,,431,,pool,,1,,497,,565,,78,,1.0,,Cannot find cue top
sec6-res-util-pool-c8m2,,434,,pool,,1,,497,,565,,79,,1.0,,Cannot find cue bottom
sec6-res-util-pool-c8m2,,437,,pool,,1,,497,,626,,140,,5.4931640625e-05,,Cannot find cue bottom
sec6-res-util-pool-c8m2,,442,,pool,,1,,497,,584,,97,,0.99984,,Cannot find cue bottom
sec6-res-util-pool-c8m2,,446,,pool,,1,,496,,564,,78,,1.0,,Cannot find cue bottom
sec6-res-util-pool-c8m2,,449,,pool,,1,,493,,560,,73,,1.0,,Cannot find cue bottom
sec6-res-util-pool-c8m2,,453,,pool,,1,,494,,559,,72,,1.0,,Cannot find cue top
sec6-res-util-pool-c8m2,,456,,pool,,1,,496,,552,,66,,1.0,,Cannot find cue top
sec6-res-util-pool-c8m2,,458,,pool,,1,,497,,578,,113,,0.0979369383708,,Cannot find cue bottom
sec6-res-util-pool-c8m2,,463,,pool,,1,,497,,589,,102,,0.97599,,Cannot find cue bottom
sec6-res-util-pool-c8m2,,467,,pool,,1,,496,,571,,84,,1.0,,Cannot find cue bottom
sec6-res-util-pool-c8m2,,470,,pool,,1,,496,,590,,104,,0.93439,,Cannot find cue bottom
sec6-res-util-pool-c8m2,,474,,pool,,1,,496,,578,,91,,1.0,,Cannot find cue ball
sec6-res-util-pool-c8m2,,478,,pool,,1,,497,,575,,185,,2.09547579288e-10,,Cannot find cue bottom
sec6-res-util-pool-c8m2,,484,,pool,,1,,496,,583,,97,,0.99984,,Cannot find cue bottom
sec6-res-util-pool-c8m2,,488,,pool,,1,,496,,583,,97,,0.99984,,Cannot find cue bottom
sec6-res-util-pool-c8m2,,492,,pool,,1,,498,,576,,90,,1.0,,Cannot find cue bottom
sec6-res-util-pool-c8m2,,495,,pool,,1,,496,,577,,91,,1.0,,Cannot find cue bottom
sec6-res-util-pool-c8m2,,499,,pool,,1,,499,,581,,94,,1.0,,Cannot find cue ball
sec6-res-util-pool-c8m2,,503,,pool,,1,,497,,576,,90,,1.0,,Cannot find cue bottom
sec6-res-util-pool-c8m2,,506,,pool,,1,,497,,570,,83,,1.0,,Cannot find cue top
sec6-res-util-pool-c8m2,,509,,pool,,1,,498,,577,,91,,1.0,,Cannot find cue bottom
sec6-res-util-pool-c8m2,,513,,pool,,1,,500,,577,,91,,1.0,,Cannot find cue bottom
sec6-res-util-pool-c8m2,,517,,pool,,1,,498,,573,,87,,1.0,,Cannot find cue top
sec6-res-util-pool-c8m2,,520,,pool,,1,,497,,567,,81,,1.0,,Cannot find cue bottom
sec6-res-util-pool-c8m2,,524,,pool,,1,,499,,561,,74,,1.0,,Cannot find cue top
sec6-res-util-pool-c8m2,,532,,pool,,1,,505,,580,,95,,1.0,,Cannot find cue top
sec6-res-util-pool-c8m2,,535,,pool,,1,,500,,582,,96,,0.99999,,Cannot find cue top
sec6-res-util-pool-c8m2,,539,,pool,,1,,499,,569,,83,,1.0,,Cannot find cue top
sec6-res-util-pool-c8m2,,572,,pool,,1,,507,,578,,92,,1.0,,Cannot find cue top
sec6-res-util-pool-c8m2,,575,,pool,,1,,498,,576,,90,,1.0,,Cannot find cue top
sec6-res-util-pool-c8m2,,579,,pool,,1,,499,,561,,75,,1.0,,Cannot find cue top
sec6-res-util-pool-c8m2,,582,,pool,,1,,499,,569,,83,,1.0,,Cannot find cue top
sec6-res-util-pool-c8m2,,585,,pool,,1,,497,,549,,63,,1.0,,Cannot find cue top
sec6-res-util-pool-c8m2,,588,,pool,,1,,498,,553,,66,,1.0,,Cannot find cue top
sec6-res-util-pool-c8m2,,591,,pool,,1,,500,,573,,86,,1.0,,Cannot find cue top
sec6-res-util-pool-c8m2,,604,,pool,,1,,502,,565,,79,,1.0,,Cannot find cue top
sec6-res-util-pool-c8m2,,607,,pool,,1,,497,,559,,73,,1.0,,Cannot find cue top
sec6-res-util-pool-c8m2,,610,,pool,,1,,498,,569,,83,,1.0,,Cannot find cue bottom
sec6-res-util-pool-c8m2,,613,,pool,,1,,497,,561,,75,,1.0,,Cannot find cue bottom
sec6-res-util-pool-c8m2,,616,,pool,,1,,496,,579,,93,,1.0,,Cannot find cue bottom
sec6-res-util-pool-c8m2,,620,,pool,,1,,498,,593,,107,,0.516914259749,,Cannot find cue ball
sec6-res-util-pool-c8m2,,624,,pool,,1,,498,,593,,106,,0.68207245493,,Cannot find cue ball
sec6-res-util-pool-c8m2,,635,,pool,,1,,503,,593,,106,,0.68207245493,,Cannot find cue ball
sec6-res-util-pool-c8m2,,639,,pool,,1,,497,,584,,97,,0.99984,,Cannot find cue ball
sec6-res-util-pool-c8m2,,642,,pool,,1,,496,,587,,101,,0.98704,,Cannot find cue ball
sec6-res-util-pool-c8m2,,646,,pool,,1,,496,,596,,110,,0.225,,Cannot find cue ball
sec6-res-util-pool-c8m2,,650,,pool,,1,,496,,574,,87,,1.0,,Cannot find cue top
sec6-res-util-pool-c8m2,,654,,pool,,1,,497,,568,,81,,1.0,,speech: left
sec6-res-util-pool-c8m2,,657,,pool,,1,,496,,588,,102,,0.97599,,speech: left
sec6-res-util-pool-c8m2,,661,,pool,,1,,497,,609,,123,,0.00612105864818,,speech: left
sec6-res-util-pool-c8m2,,666,,pool,,1,,504,,584,,98,,0.99919,,Cannot find object ball
sec6-res-util-pool-c8m2,,670,,pool,,1,,496,,561,,75,,1.0,,Cannot find object ball
sec6-res-util-pool-c8m2,,673,,pool,,1,,497,,563,,77,,1.0,,Cannot find object ball
sec6-res-util-pool-c8m2,,676,,pool,,1,,497,,558,,73,,1.0,,Cannot find object ball
sec6-res-util-pool-c8m2,,679,,pool,,1,,495,,565,,78,,1.0,,Cannot find object ball
sec6-res-util-pool-c8m2,,682,,pool,,1,,496,,576,,89,,1.0,,Cannot find cue ball
sec6-res-util-pool-c8m2,,686,,pool,,1,,496,,572,,86,,1.0,,Cannot find cue top
sec6-res-util-pool-c8m2,,689,,pool,,1,,495,,583,,97,,0.99984,,Cannot find cue top
sec6-res-util-pool-c8m2,,693,,pool,,1,,496,,567,,81,,1.0,,Cannot find cue top
sec6-res-util-pool-c8m2,,696,,pool,,1,,497,,562,,76,,1.0,,Cannot find cue top
sec6-res-util-pool-c8m2,,699,,pool,,1,,496,,548,,62,,1.0,,Cannot find cue top
sec6-res-util-pool-c8m2,,702,,pool,,1,,502,,591,,105,,0.9,,speech: good
sec6-res-util-pool-c8m2,,706,,pool,,1,,496,,612,,126,,0.00266434552707,,speech: left
sec6-res-util-pool-c8m2,,710,,pool,,1,,498,,584,,98,,0.99919,,Cannot find object ball
sec6-res-util-pool-c8m2,,714,,pool,,1,,498,,580,,94,,1.0,,speech: left
sec6-res-util-pool-c8m2,,718,,pool,,1,,497,,598,,165,,5.36441802979e-08,,speech: left
sec6-res-util-pool-c8m2,,724,,pool,,1,,497,,575,,89,,1.0,,speech: left
sec6-res-util-pool-c8m2,,727,,pool,,1,,497,,575,,89,,1.0,,Cannot find object ball
sec6-res-util-pool-c8m2,,731,,pool,,1,,496,,559,,73,,1.0,,Cannot find cue ball
sec6-res-util-pool-c8m2,,734,,pool,,1,,497,,575,,89,,1.0,,Cannot find cue ball
sec6-res-util-pool-c8m2,,737,,pool,,1,,497,,601,,115,,0.05625,,Cannot find object ball
sec6-res-util-pool-c8m2,,742,,pool,,1,,497,,595,,109,,0.296889279924,,Cannot find object ball
sec6-res-util-pool-c8m2,,746,,pool,,1,,497,,596,,110,,0.225,,Cannot find cue ball
sec6-res-util-pool-c8m2,,750,,pool,,1,,497,,601,,219,,1.6876201694e-14,,Cannot find cue ball
sec6-res-util-pool-c8m2,,758,,pool,,1,,497,,574,,88,,1.0,,Cannot find cue ball
sec6-res-util-pool-c8m2,,761,,pool,,1,,497,,571,,85,,1.0,,Cannot find object ball
sec6-res-util-pool-c8m2,,765,,pool,,1,,496,,549,,63,,1.0,,Cannot find cue top
sec6-res-util-pool-c8m2,,767,,pool,,1,,496,,560,,74,,1.0,,Cannot find cue top
sec6-res-util-pool-c8m2,,770,,pool,,1,,496,,555,,69,,1.0,,Cannot find cue top
sec6-res-util-pool-c8m2,,773,,pool,,1,,497,,557,,70,,1.0,,Cannot find cue top
sec6-res-util-pool-c8m2,,776,,pool,,1,,496,,590,,104,,0.93439,,Cannot find cue bottom
sec6-res-util-pool-c8m2,,780,,pool,,1,,497,,578,,92,,1.0,,Cannot find cue top
sec6-res-util-pool-c8m2,,784,,pool,,1,,496,,566,,80,,1.0,,Cannot find cue top
sec6-res-util-pool-c8m2,,787,,pool,,1,,497,,550,,64,,1.0,,Cannot find cue top
sec6-res-util-pool-c8m2,,790,,pool,,1,,496,,567,,80,,1.0,,Cannot find cue top
sec6-res-util-pool-c8m2,,793,,pool,,1,,497,,550,,64,,1.0,,Cannot find cue top
sec6-res-util-pool-c8m2,,796,,pool,,1,,497,,605,,119,,0.0185555799952,,Cannot find cue top
sec6-res-util-pool-c8m2,,801,,pool,,1,,496,,593,,107,,0.516914259749,,Cannot find cue bottom
sec6-res-util-pool-c8m2,,805,,pool,,1,,497,,548,,61,,1.0,,Cannot find cue top
sec6-res-util-pool-c8m2,,816,,pool,,1,,503,,561,,75,,1.0,,Cannot find cue top
sec6-res-util-pool-c8m2,,819,,pool,,1,,497,,543,,57,,1.0,,Cannot find cue top
sec6-res-util-pool-c8m2,,821,,pool,,1,,495,,544,,57,,1.0,,Cannot find cue top
sec6-res-util-pool-c8m2,,824,,pool,,1,,495,,608,,122,,0.00807678530857,,Cannot find cue top
sec6-res-util-pool-c8m2,,828,,pool,,1,,496,,585,,99,,0.99744,,Cannot find cue top
sec6-res-util-pool-c8m2,,832,,pool,,1,,495,,540,,54,,1.0,,Cannot find cue top
sec6-res-util-pool-c8m2,,835,,pool,,1,,496,,589,,104,,0.93439,,Cannot find cue ball
sec6-res-util-pool-c8m2,,838,,pool,,1,,496,,556,,70,,1.0,,Cannot find cue top
sec6-res-util-pool-c8m2,,841,,pool,,1,,497,,578,,92,,1.0,,Cannot find cue top
sec6-res-util-pool-c8m2,,845,,pool,,1,,496,,562,,76,,1.0,,Cannot find cue top
sec6-res-util-pool-c8m2,,848,,pool,,1,,497,,552,,133,,0.000382566165511,,Cannot find cue top
sec6-res-util-pool-c8m2,,853,,pool,,1,,499,,561,,75,,1.0,,Cannot find cue top
sec6-res-util-pool-c8m2,,856,,pool,,1,,495,,568,,82,,1.0,,Cannot find cue top
sec6-res-util-pool-c8m2,,859,,pool,,1,,497,,624,,138,,9.56415413777e-05,,Cannot find cue top
sec6-res-util-pool-c8m2,,864,,pool,,1,,498,,575,,89,,1.0,,Cannot find cue top
sec6-res-util-pool-c8m2,,2,,pool,,1,,497,,544,,90,,1.0,,Cannot find cue top
sec6-res-util-pool-c8m2,,5,,pool,,1,,498,,610,,124,,0.00463889499881,,Cannot find cue top
sec6-res-util-pool-c8m2,,10,,pool,,1,,496,,555,,69,,1.0,,Cannot find cue top
sec6-res-util-pool-c8m2,,13,,pool,,1,,497,,542,,56,,1.0,,Cannot find cue top
sec6-res-util-pool-c8m2,,15,,pool,,1,,496,,594,,107,,0.516914259749,,Cannot find cue bottom
sec6-res-util-pool-c8m2,,20,,pool,,1,,497,,579,,92,,1.0,,Cannot find cue top
sec6-res-util-pool-c8m2,,23,,pool,,1,,499,,595,,109,,0.296889279924,,Cannot find cue bottom
sec6-res-util-pool-c8m2,,27,,pool,,1,,497,,620,,134,,0.000289930937426,,Cannot find cue bottom
sec6-res-util-pool-c8m2,,32,,pool,,1,,497,,589,,103,,0.95904,,Cannot find cue top
sec6-res-util-pool-c8m2,,36,,pool,,1,,497,,586,,100,,0.99375,,Cannot find cue top
sec6-res-util-pool-c8m2,,40,,pool,,1,,497,,604,,141,,4.16303988605e-05,,Cannot find cue ball
sec6-res-util-pool-c8m2,,45,,pool,,1,,496,,601,,114,,0.074222319981,,Cannot find cue ball
sec6-res-util-pool-c8m2,,50,,pool,,1,,496,,609,,123,,0.00612105864818,,Cannot find cue ball
sec6-res-util-pool-c8m2,,54,,pool,,1,,495,,593,,107,,0.516914259749,,Cannot find cue bottom
sec6-res-util-pool-c8m2,,58,,pool,,1,,497,,624,,137,,0.000126199770446,,Cannot find cue bottom
sec6-res-util-pool-c8m2,,63,,pool,,1,,496,,608,,121,,0.0106573821083,,Cannot find cue bottom
sec6-res-util-pool-c8m2,,68,,pool,,1,,496,,587,,101,,0.98704,,Cannot find cue bottom
sec6-res-util-pool-c8m2,,72,,pool,,1,,499,,618,,213,,8.90731265561e-14,,Cannot find cue bottom
sec6-res-util-pool-c8m2,,79,,pool,,1,,499,,591,,105,,0.9,,Cannot find cue bottom
sec6-res-util-pool-c8m2,,83,,pool,,1,,497,,579,,93,,1.0,,Cannot find object ball
sec6-res-util-pool-c8m2,,87,,pool,,1,,497,,579,,93,,1.0,,Cannot find object ball
sec6-res-util-pool-c8m2,,90,,pool,,1,,496,,566,,80,,1.0,,Cannot find object ball
sec6-res-util-pool-c8m2,,94,,pool,,1,,497,,565,,97,,0.99984,,Cannot find object ball
sec6-res-util-pool-c8m2,,97,,pool,,1,,498,,577,,91,,1.0,,Cannot find object ball
sec6-res-util-pool-c8m2,,101,,pool,,1,,497,,557,,70,,1.0,,Cannot find cue bottom
sec6-res-util-pool-c8m2,,104,,pool,,1,,497,,564,,78,,1.0,,Cannot find cue bottom
sec6-res-util-pool-c8m2,,107,,pool,,1,,497,,596,,112,,0.129228564937,,Cannot find cue bottom
sec6-res-util-pool-c8m2,,111,,pool,,1,,496,,581,,94,,1.0,,Cannot find cue bottom
sec6-res-util-pool-c8m2,,115,,pool,,1,,498,,591,,105,,0.9,,Cannot find cue bottom
sec6-res-util-pool-c8m2,,140,,pool,,1,,505,,577,,91,,1.0,,speech: right
sec6-res-util-pool-c8m2,,143,,pool,,1,,497,,608,,122,,0.00807678530857,,speech: good
sec6-res-util-pool-c8m2,,148,,pool,,1,,496,,596,,109,,0.296889279924,,speech: right
sec6-res-util-pool-c8m2,,152,,pool,,1,,496,,555,,102,,0.97599,,Cannot find object ball
sec6-res-util-pool-c8m2,,156,,pool,,1,,498,,573,,87,,1.0,,speech: right
sec6-res-util-pool-c8m2,,159,,pool,,1,,495,,570,,84,,1.0,,Cannot find cue bottom
sec6-res-util-pool-c8m2,,163,,pool,,1,,499,,567,,80,,1.0,,Cannot find object ball
sec6-res-util-pool-c8m2,,166,,pool,,1,,497,,560,,74,,1.0,,Cannot find object ball
sec6-res-util-pool-c8m2,,169,,pool,,1,,496,,588,,102,,0.97599,,Cannot find object ball
sec6-res-util-pool-c8m2,,173,,pool,,1,,497,,584,,98,,0.99919,,Cannot find cue bottom
sec6-res-util-pool-c8m2,,200,,pool,,1,,504,,596,,110,,0.225,,Cannot find cue bottom
sec6-res-util-pool-c8m2,,204,,pool,,1,,497,,593,,106,,0.68207245493,,Cannot find cue bottom
sec6-res-util-pool-c8m2,,208,,pool,,1,,497,,597,,111,,0.170518113732,,Cannot find object ball
sec6-res-util-pool-c8m2,,212,,pool,,1,,496,,558,,73,,1.0,,Cannot find object ball
sec6-res-util-pool-c8m2,,215,,pool,,1,,497,,579,,150,,3.43322753906e-06,,Cannot find cue ball
sec6-res-util-pool-c8m2,,220,,pool,,1,,494,,593,,106,,0.68207245493,,Cannot find object ball
sec6-res-util-pool-c8m2,,224,,pool,,1,,496,,592,,105,,0.9,,speech: good
sec6-res-util-pool-c8m2,,228,,pool,,1,,496,,568,,82,,1.0,,Cannot find cue ball
sec6-res-util-pool-c8m2,,232,,pool,,1,,500,,580,,94,,1.0,,Cannot find cue ball
sec6-res-util-pool-c8m2,,235,,pool,,1,,496,,587,,101,,0.98704,,Cannot find object ball
sec6-res-util-pool-c8m2,,239,,pool,,1,,495,,560,,73,,1.0,,Cannot find object ball
sec6-res-util-pool-c8m2,,242,,pool,,1,,496,,587,,101,,0.98704,,Cannot find cue ball
sec6-res-util-pool-c8m2,,246,,pool,,1,,497,,572,,85,,1.0,,Cannot find cue ball
sec6-res-util-pool-c8m2,,250,,pool,,1,,497,,556,,70,,1.0,,Cannot find cue top
sec6-res-util-pool-c8m2,,253,,pool,,1,,496,,566,,80,,1.0,,Cannot find cue top
sec6-res-util-pool-c8m2,,256,,pool,,1,,496,,557,,70,,1.0,,Cannot find cue bottom
sec6-res-util-pool-c8m2,,259,,pool,,1,,496,,539,,53,,1.0,,Cannot find cue top
sec6-res-util-pool-c8m2,,261,,pool,,1,,496,,565,,78,,1.0,,Cannot find cue top
sec6-res-util-pool-c8m2,,264,,pool,,1,,497,,576,,90,,1.0,,Cannot find cue top
sec6-res-util-pool-c8m2,,268,,pool,,1,,498,,555,,69,,1.0,,Cannot find cue top
sec6-res-util-pool-c8m2,,271,,pool,,1,,497,,542,,55,,1.0,,Cannot find cue top
sec6-res-util-pool-c8m2,,274,,pool,,1,,495,,537,,50,,1.0,,Cannot find cue top
sec6-res-util-pool-c8m2,,276,,pool,,1,,500,,559,,73,,1.0,,Cannot find cue bottom
sec6-res-util-pool-c8m2,,279,,pool,,1,,497,,560,,74,,1.0,,Cannot find cue bottom
sec6-res-util-pool-c8m2,,282,,pool,,1,,499,,557,,70,,1.0,,Cannot find cue ball
sec6-res-util-pool-c8m2,,285,,pool,,1,,496,,587,,160,,2.14576721191e-07,,Cannot find cue ball
sec6-res-util-pool-c8m2,,299,,pool,,1,,503,,579,,91,,1.0,,Cannot find cue bottom
sec6-res-util-pool-c8m2,,302,,pool,,1,,496,,570,,83,,1.0,,Cannot find cue bottom
sec6-res-util-pool-c8m2,,305,,pool,,1,,497,,567,,81,,1.0,,Cannot find cue bottom
sec6-res-util-pool-c8m2,,308,,pool,,1,,497,,579,,92,,1.0,,Cannot find cue bottom
sec6-res-util-pool-c8m2,,312,,pool,,1,,497,,552,,65,,1.0,,Cannot find cue bottom
sec6-res-util-pool-c8m2,,314,,pool,,1,,497,,568,,82,,1.0,,Cannot find cue bottom
sec6-res-util-pool-c8m2,,318,,pool,,1,,497,,575,,88,,1.0,,Cannot find cue bottom
sec6-res-util-pool-c8m2,,321,,pool,,1,,498,,559,,73,,1.0,,Cannot find cue bottom
sec6-res-util-pool-c8m2,,324,,pool,,1,,498,,555,,68,,1.0,,Cannot find cue bottom
sec6-res-util-pool-c8m2,,327,,pool,,1,,497,,573,,87,,1.0,,Cannot find cue bottom
sec6-res-util-pool-c8m2,,331,,pool,,1,,497,,577,,91,,1.0,,Cannot find cue bottom
sec6-res-util-pool-c8m2,,334,,pool,,1,,497,,546,,59,,1.0,,Cannot find cue top
sec6-res-util-pool-c8m2,,337,,pool,,1,,497,,606,,120,,0.0140625,,Cannot find cue bottom
sec6-res-util-pool-c8m2,,341,,pool,,1,,501,,572,,85,,1.0,,Cannot find cue top
sec6-res-util-pool-c8m2,,345,,pool,,1,,497,,565,,78,,1.0,,Cannot find cue top
sec6-res-util-pool-c8m2,,348,,pool,,1,,497,,545,,59,,1.0,,Cannot find cue top
sec6-res-util-pool-c8m2,,360,,pool,,1,,503,,598,,111,,0.170518113732,,Cannot find cue top
sec6-res-util-pool-c8m2,,364,,pool,,1,,498,,575,,88,,1.0,,Cannot find cue top
sec6-res-util-pool-c8m2,,367,,pool,,1,,500,,549,,63,,1.0,,Cannot find cue top
sec6-res-util-pool-c8m2,,370,,pool,,1,,497,,575,,89,,1.0,,Cannot find cue top
sec6-res-util-pool-c8m2,,373,,pool,,1,,497,,572,,86,,1.0,,Cannot find cue top
sec6-res-util-pool-c8m2,,377,,pool,,1,,496,,576,,90,,1.0,,Cannot find cue top
sec6-res-util-pool-c8m2,,380,,pool,,1,,496,,567,,80,,1.0,,Cannot find cue top
sec6-res-util-pool-c8m2,,399,,pool,,1,,502,,562,,75,,1.0,,Cannot find cue top
sec6-res-util-pool-c8m2,,401,,pool,,1,,495,,572,,86,,1.0,,Cannot find cue bottom
sec6-res-util-pool-c8m2,,404,,pool,,1,,496,,597,,110,,0.225,,Cannot find cue top
sec6-res-util-pool-c8m2,,408,,pool,,1,,497,,600,,114,,0.074222319981,,Cannot find cue bottom
sec6-res-util-pool-c8m2,,413,,pool,,1,,496,,583,,97,,0.99984,,Cannot find cue top
sec6-res-util-pool-c8m2,,416,,pool,,1,,498,,597,,111,,0.170518113732,,Cannot find cue bottom
sec6-res-util-pool-c8m2,,421,,pool,,1,,495,,565,,78,,1.0,,Cannot find cue bottom
sec6-res-util-pool-c8m2,,424,,pool,,1,,497,,592,,106,,0.68207245493,,Cannot find cue bottom
sec6-res-util-pool-c8m2,,428,,pool,,1,,496,,550,,64,,1.0,,Cannot find cue top
sec6-res-util-pool-c8m2,,431,,pool,,1,,497,,572,,86,,1.0,,Cannot find cue top
sec6-res-util-pool-c8m2,,434,,pool,,1,,496,,585,,99,,0.99744,,Cannot find cue bottom
sec6-res-util-pool-c8m2,,438,,pool,,1,,498,,596,,110,,0.225,,Cannot find cue bottom
sec6-res-util-pool-c8m2,,442,,pool,,1,,507,,575,,89,,1.0,,Cannot find cue bottom
sec6-res-util-pool-c8m2,,446,,pool,,1,,496,,566,,80,,1.0,,Cannot find cue bottom
sec6-res-util-pool-c8m2,,449,,pool,,1,,496,,567,,81,,1.0,,Cannot find cue bottom
sec6-res-util-pool-c8m2,,452,,pool,,1,,497,,592,,106,,0.68207245493,,Cannot find cue bottom
sec6-res-util-pool-c8m2,,456,,pool,,1,,498,,584,,101,,0.98704,,Cannot find cue top
sec6-res-util-pool-c8m2,,460,,pool,,1,,502,,616,,129,,0.0011597237497,,Cannot find cue bottom
sec6-res-util-pool-c8m2,,465,,pool,,1,,497,,603,,116,,0.0426295284331,,Cannot find cue bottom
sec6-res-util-pool-c8m2,,469,,pool,,1,,495,,579,,93,,1.0,,Cannot find cue bottom
sec6-res-util-pool-c8m2,,472,,pool,,1,,498,,599,,112,,0.129228564937,,Cannot find cue ball
sec6-res-util-pool-c8m2,,477,,pool,,1,,496,,597,,111,,0.170518113732,,Cannot find cue bottom
sec6-res-util-pool-c8m2,,481,,pool,,1,,495,,582,,97,,0.99984,,Cannot find cue bottom
sec6-res-util-pool-c8m2,,485,,pool,,1,,496,,563,,77,,1.0,,Cannot find cue bottom
sec6-res-util-pool-c8m2,,488,,pool,,1,,497,,554,,175,,3.35276126862e-09,,Cannot find cue bottom
sec6-res-util-pool-c8m2,,494,,pool,,1,,498,,602,,116,,0.0426295284331,,Cannot find cue bottom
sec6-res-util-pool-c8m2,,498,,pool,,1,,498,,604,,118,,0.0244842345927,,Cannot find cue top
sec6-res-util-pool-c8m2,,502,,pool,,1,,499,,642,,155,,8.58306884766e-07,,Cannot find cue bottom
sec6-res-util-pool-c8m2,,508,,pool,,1,,501,,602,,116,,0.0426295284331,,Cannot find cue bottom
sec6-res-util-pool-c8m2,,512,,pool,,1,,498,,556,,70,,1.0,,Cannot find cue bottom
sec6-res-util-pool-c8m2,,515,,pool,,1,,496,,586,,100,,0.99375,,Cannot find cue bottom
sec6-res-util-pool-c8m2,,519,,pool,,1,,497,,563,,76,,1.0,,Cannot find cue bottom
sec6-res-util-pool-c8m2,,522,,pool,,1,,500,,559,,73,,1.0,,Cannot find cue top
sec6-res-util-pool-c8m2,,532,,pool,,1,,505,,598,,111,,0.170518113732,,Cannot find cue top
sec6-res-util-pool-c8m2,,535,,pool,,1,,497,,573,,87,,1.0,,Cannot find cue top
sec6-res-util-pool-c8m2,,539,,pool,,1,,497,,541,,55,,1.0,,Cannot find cue top
sec6-res-util-pool-c8m2,,572,,pool,,1,,503,,571,,84,,1.0,,Cannot find cue top
sec6-res-util-pool-c8m2,,574,,pool,,1,,497,,547,,62,,1.0,,Cannot find cue top
sec6-res-util-pool-c8m2,,577,,pool,,1,,500,,554,,68,,1.0,,Cannot find cue top
sec6-res-util-pool-c8m2,,580,,pool,,1,,497,,545,,59,,1.0,,Cannot find cue top
sec6-res-util-pool-c8m2,,582,,pool,,1,,497,,566,,80,,1.0,,Cannot find cue top
sec6-res-util-pool-c8m2,,585,,pool,,1,,497,,566,,80,,1.0,,Cannot find cue top
sec6-res-util-pool-c8m2,,589,,pool,,1,,497,,558,,71,,1.0,,Cannot find cue top
sec6-res-util-pool-c8m2,,604,,pool,,1,,502,,554,,68,,1.0,,Cannot find cue top
sec6-res-util-pool-c8m2,,606,,pool,,1,,496,,547,,60,,1.0,,Cannot find cue top
sec6-res-util-pool-c8m2,,609,,pool,,1,,496,,592,,107,,0.516914259749,,Cannot find cue bottom
sec6-res-util-pool-c8m2,,613,,pool,,1,,497,,556,,70,,1.0,,Cannot find cue bottom
sec6-res-util-pool-c8m2,,616,,pool,,1,,496,,561,,74,,1.0,,Cannot find cue bottom
sec6-res-util-pool-c8m2,,619,,pool,,1,,497,,556,,70,,1.0,,Cannot find cue bottom
sec6-res-util-pool-c8m2,,622,,pool,,1,,498,,577,,90,,1.0,,Cannot find cue ball
sec6-res-util-pool-c8m2,,625,,pool,,1,,497,,601,,115,,0.05625,,Cannot find cue ball
sec6-res-util-pool-c8m2,,635,,pool,,1,,496,,615,,128,,0.00153026466204,,Cannot find cue ball
sec6-res-util-pool-c8m2,,639,,pool,,1,,500,,571,,84,,1.0,,Cannot find cue ball
sec6-res-util-pool-c8m2,,643,,pool,,1,,496,,574,,87,,1.0,,speech: right
sec6-res-util-pool-c8m2,,646,,pool,,1,,497,,583,,96,,0.99999,,Cannot find cue ball
sec6-res-util-pool-c8m2,,650,,pool,,1,,496,,577,,90,,1.0,,Cannot find cue top
sec6-res-util-pool-c8m2,,654,,pool,,1,,497,,575,,88,,1.0,,speech: left
sec6-res-util-pool-c8m2,,657,,pool,,1,,498,,588,,101,,0.98704,,speech: left
sec6-res-util-pool-c8m2,,661,,pool,,1,,497,,637,,152,,1.97187141323e-06,,speech: left
sec6-res-util-pool-c8m2,,667,,pool,,1,,495,,559,,73,,1.0,,Cannot find object ball
sec6-res-util-pool-c8m2,,670,,pool,,1,,500,,597,,110,,0.225,,Cannot find object ball
sec6-res-util-pool-c8m2,,674,,pool,,1,,494,,574,,87,,1.0,,Cannot find object ball
sec6-res-util-pool-c8m2,,677,,pool,,1,,496,,597,,201,,2.48136513594e-12,,Cannot find object ball
sec6-res-util-pool-c8m2,,684,,pool,,1,,496,,596,,110,,0.225,,Cannot find cue bottom
sec6-res-util-pool-c8m2,,688,,pool,,1,,495,,560,,74,,1.0,,Cannot find cue top
sec6-res-util-pool-c8m2,,692,,pool,,1,,495,,578,,92,,1.0,,Cannot find cue top
sec6-res-util-pool-c8m2,,695,,pool,,1,,495,,585,,99,,0.99744,,Cannot find cue top
sec6-res-util-pool-c8m2,,699,,pool,,1,,494,,575,,89,,1.0,,Cannot find cue top
sec6-res-util-pool-c8m2,,703,,pool,,1,,495,,600,,113,,0.0979369383708,,speech: left
sec6-res-util-pool-c8m2,,707,,pool,,1,,494,,613,,139,,7.24827343564e-05,,speech: left
sec6-res-util-pool-c8m2,,712,,pool,,1,,496,,574,,88,,1.0,,Cannot find object ball
sec6-res-util-pool-c8m2,,715,,pool,,1,,495,,588,,102,,0.97599,,speech: left
sec6-res-util-pool-c8m2,,719,,pool,,1,,498,,572,,86,,1.0,,speech: right
sec6-res-util-pool-c8m2,,723,,pool,,1,,497,,604,,118,,0.0244842345927,,speech: left
sec6-res-util-pool-c8m2,,727,,pool,,1,,496,,559,,177,,1.92565567698e-09,,Cannot find object ball
sec6-res-util-pool-c8m2,,733,,pool,,1,,499,,615,,129,,0.0011597237497,,Cannot find cue ball
sec6-res-util-pool-c8m2,,738,,pool,,1,,496,,571,,85,,1.0,,Cannot find object ball
sec6-res-util-pool-c8m2,,742,,pool,,1,,497,,582,,95,,1.0,,Cannot find object ball
sec6-res-util-pool-c8m2,,745,,pool,,1,,497,,592,,106,,0.68207245493,,Cannot find object ball
sec6-res-util-pool-c8m2,,749,,pool,,1,,498,,572,,87,,1.0,,speech: left
sec6-res-util-pool-c8m2,,753,,pool,,1,,497,,561,,75,,1.0,,speech: left
sec6-res-util-pool-c8m2,,756,,pool,,1,,496,,587,,101,,0.98704,,Cannot find cue ball
sec6-res-util-pool-c8m2,,760,,pool,,1,,502,,565,,78,,1.0,,Cannot find cue ball
sec6-res-util-pool-c8m2,,763,,pool,,1,,497,,572,,86,,1.0,,Cannot find cue ball
sec6-res-util-pool-c8m2,,766,,pool,,1,,496,,582,,96,,0.99999,,Cannot find cue top
sec6-res-util-pool-c8m2,,770,,pool,,1,,496,,577,,90,,1.0,,Cannot find cue top
sec6-res-util-pool-c8m2,,774,,pool,,1,,496,,572,,86,,1.0,,Cannot find cue ball
sec6-res-util-pool-c8m2,,777,,pool,,1,,496,,541,,54,,1.0,,Cannot find cue top
sec6-res-util-pool-c8m2,,780,,pool,,1,,496,,566,,80,,1.0,,Cannot find cue top
sec6-res-util-pool-c8m2,,783,,pool,,1,,496,,559,,73,,1.0,,Cannot find cue top
sec6-res-util-pool-c8m2,,786,,pool,,1,,497,,553,,66,,1.0,,Cannot find cue top
sec6-res-util-pool-c8m2,,789,,pool,,1,,497,,551,,65,,1.0,,Cannot find cue top
sec6-res-util-pool-c8m2,,792,,pool,,1,,498,,575,,89,,1.0,,Cannot find cue top
sec6-res-util-pool-c8m2,,795,,pool,,1,,499,,572,,85,,1.0,,Cannot find cue top
sec6-res-util-pool-c8m2,,799,,pool,,1,,498,,578,,93,,1.0,,Cannot find cue bottom
sec6-res-util-pool-c8m2,,802,,pool,,1,,498,,549,,63,,1.0,,Cannot find cue bottom
sec6-res-util-pool-c8m2,,805,,pool,,1,,497,,549,,62,,1.0,,Cannot find cue top
sec6-res-util-pool-c8m2,,816,,pool,,1,,501,,575,,87,,1.0,,Cannot find cue top
sec6-res-util-pool-c8m2,,818,,pool,,1,,495,,538,,51,,1.0,,Cannot find cue top
sec6-res-util-pool-c8m2,,820,,pool,,1,,497,,548,,61,,1.0,,Cannot find cue top
sec6-res-util-pool-c8m2,,823,,pool,,1,,496,,554,,67,,1.0,,Cannot find cue top
sec6-res-util-pool-c8m2,,826,,pool,,1,,496,,546,,60,,1.0,,Cannot find cue top
sec6-res-util-pool-c8m2,,828,,pool,,1,,497,,558,,72,,1.0,,Cannot find cue top
sec6-res-util-pool-c8m2,,832,,pool,,1,,497,,538,,51,,1.0,,Cannot find cue top
sec6-res-util-pool-c8m2,,834,,pool,,1,,495,,575,,89,,1.0,,Cannot find cue top
sec6-res-util-pool-c8m2,,838,,pool,,1,,497,,569,,83,,1.0,,Cannot find cue top
sec6-res-util-pool-c8m2,,841,,pool,,1,,497,,567,,80,,1.0,,Cannot find cue top
sec6-res-util-pool-c8m2,,844,,pool,,1,,497,,590,,104,,0.93439,,Cannot find cue top
sec6-res-util-pool-c8m2,,848,,pool,,1,,496,,550,,64,,1.0,,Cannot find cue top
sec6-res-util-pool-c8m2,,851,,pool,,1,,498,,562,,144,,1.81206835891e-05,,Cannot find cue top
sec6-res-util-pool-c8m2,,856,,pool,,1,,497,,583,,96,,0.99999,,Cannot find cue top
sec6-res-util-pool-c8m2,,860,,pool,,1,,498,,555,,69,,1.0,,Cannot find cue top
sec6-res-util-pool-c8m2,,863,,pool,,1,,495,,556,,69,,1.0,,Cannot find cue top
sec6-res-util-pool-c8m2,,0,,pool,,1,,497,,576,,90,,1.0,,Cannot find cue top
sec6-res-util-pool-c8m2,,3,,pool,,1,,496,,542,,56,,1.0,,Cannot find cue top
sec6-res-util-pool-c8m2,,6,,pool,,1,,495,,561,,74,,1.0,,Cannot find cue bottom
sec6-res-util-pool-c8m2,,9,,pool,,1,,498,,567,,80,,1.0,,Cannot find cue top
sec6-res-util-pool-c8m2,,12,,pool,,1,,496,,556,,70,,1.0,,Cannot find cue top
sec6-res-util-pool-c8m2,,15,,pool,,1,,496,,550,,64,,1.0,,Cannot find cue bottom
sec6-res-util-pool-c8m2,,18,,pool,,1,,497,,578,,91,,1.0,,Cannot find cue bottom
sec6-res-util-pool-c8m2,,21,,pool,,1,,499,,587,,164,,7.07839202699e-08,,Cannot find cue bottom
sec6-res-util-pool-c8m2,,27,,pool,,1,,496,,593,,107,,0.516914259749,,Cannot find cue bottom
sec6-res-util-pool-c8m2,,31,,pool,,1,,496,,567,,81,,1.0,,Cannot find cue top
sec6-res-util-pool-c8m2,,34,,pool,,1,,497,,578,,91,,1.0,,Cannot find cue top
sec6-res-util-pool-c8m2,,38,,pool,,1,,495,,551,,66,,1.0,,Cannot find cue top
sec6-res-util-pool-c8m2,,41,,pool,,1,,496,,569,,83,,1.0,,Cannot find cue ball
sec6-res-util-pool-c8m2,,44,,pool,,1,,496,,616,,219,,1.6876201694e-14,,Cannot find cue ball
sec6-res-util-pool-c8m2,,52,,pool,,1,,498,,573,,87,,1.0,,Cannot find cue bottom
sec6-res-util-pool-c8m2,,55,,pool,,1,,497,,571,,84,,1.0,,Cannot find cue bottom
sec6-res-util-pool-c8m2,,59,,pool,,1,,496,,568,,81,,1.0,,Cannot find cue bottom
sec6-res-util-pool-c8m2,,62,,pool,,1,,496,,593,,107,,0.516914259749,,Cannot find cue bottom
sec6-res-util-pool-c8m2,,66,,pool,,1,,496,,618,,132,,0.000504799081786,,Cannot find cue bottom
sec6-res-util-pool-c8m2,,71,,pool,,1,,497,,603,,116,,0.0426295284331,,Cannot find cue bottom
sec6-res-util-pool-c8m2,,75,,pool,,1,,500,,578,,92,,1.0,,Cannot find cue bottom
sec6-res-util-pool-c8m2,,79,,pool,,1,,495,,618,,132,,0.000504799081786,,Cannot find cue bottom
sec6-res-util-pool-c8m2,,84,,pool,,1,,496,,611,,125,,0.003515625,,Cannot find object ball
sec6-res-util-pool-c8m2,,88,,pool,,1,,495,,606,,120,,0.0140625,,Cannot find object ball
sec6-res-util-pool-c8m2,,93,,pool,,1,,496,,581,,95,,1.0,,Cannot find object ball
sec6-res-util-pool-c8m2,,97,,pool,,1,,496,,592,,106,,0.68207245493,,Cannot find object ball
sec6-res-util-pool-c8m2,,101,,pool,,1,,497,,611,,181,,6.35229474799e-10,,Cannot find cue bottom
sec6-res-util-pool-c8m2,,107,,pool,,1,,496,,602,,115,,0.05625,,Cannot find cue bottom
sec6-res-util-pool-c8m2,,111,,pool,,1,,496,,579,,92,,1.0,,Cannot find cue bottom
sec6-res-util-pool-c8m2,,115,,pool,,1,,497,,593,,107,,0.516914259749,,Cannot find cue bottom
sec6-res-util-pool-c8m2,,140,,pool,,1,,502,,626,,140,,5.4931640625e-05,,speech: right
sec6-res-util-pool-c8m2,,144,,pool,,1,,496,,576,,89,,1.0,,speech: right
sec6-res-util-pool-c8m2,,148,,pool,,1,,496,,576,,90,,1.0,,speech: right
sec6-res-util-pool-c8m2,,151,,pool,,1,,496,,570,,84,,1.0,,Cannot find object ball
sec6-res-util-pool-c8m2,,154,,pool,,1,,496,,576,,89,,1.0,,Cannot find object ball
sec6-res-util-pool-c8m2,,158,,pool,,1,,496,,566,,80,,1.0,,Cannot find cue bottom
sec6-res-util-pool-c8m2,,161,,pool,,1,,497,,570,,84,,1.0,,Cannot find cue bottom
sec6-res-util-pool-c8m2,,164,,pool,,1,,498,,558,,73,,1.0,,Cannot find object ball
sec6-res-util-pool-c8m2,,167,,pool,,1,,497,,575,,111,,0.170518113732,,Cannot find object ball
sec6-res-util-pool-c8m2,,172,,pool,,1,,497,,561,,75,,1.0,,Cannot find object ball
sec6-res-util-pool-c8m2,,175,,pool,,1,,497,,591,,105,,0.9,,Cannot find cue bottom
sec6-res-util-pool-c8m2,,200,,pool,,1,,503,,588,,102,,0.97599,,Cannot find cue bottom
sec6-res-util-pool-c8m2,,203,,pool,,1,,501,,596,,111,,0.170518113732,,Cannot find cue bottom
sec6-res-util-pool-c8m2,,207,,pool,,1,,497,,597,,110,,0.225,,Cannot find cue bottom
sec6-res-util-pool-c8m2,,211,,pool,,1,,497,,622,,135,,0.0002197265625,,Cannot find object ball
sec6-res-util-pool-c8m2,,216,,pool,,1,,497,,618,,218,,2.2268281639e-14,,Cannot find cue ball
sec6-res-util-pool-c8m2,,224,,pool,,1,,496,,598,,111,,0.170518113732,,speech: good
sec6-res-util-pool-c8m2,,228,,pool,,1,,497,,592,,105,,0.9,,Cannot find cue ball
sec6-res-util-pool-c8m2,,232,,pool,,1,,496,,579,,93,,1.0,,Cannot find cue ball
sec6-res-util-pool-c8m2,,236,,pool,,1,,497,,614,,127,,0.00201919632714,,Cannot find cue ball
sec6-res-util-pool-c8m2,,240,,pool,,1,,499,,587,,101,,0.98704,,Cannot find cue bottom
sec6-res-util-pool-c8m2,,244,,pool,,1,,496,,584,,98,,0.99919,,Cannot find cue ball
sec6-res-util-pool-c8m2,,248,,pool,,1,,499,,561,,75,,1.0,,Cannot find cue top
sec6-res-util-pool-c8m2,,251,,pool,,1,,498,,556,,94,,1.0,,Cannot find cue top
sec6-res-util-pool-c8m2,,254,,pool,,1,,496,,549,,62,,1.0,,Cannot find cue top
sec6-res-util-pool-c8m2,,257,,pool,,1,,495,,565,,78,,1.0,,Cannot find cue top
sec6-res-util-pool-c8m2,,260,,pool,,1,,496,,587,,100,,0.99375,,Cannot find cue top
sec6-res-util-pool-c8m2,,264,,pool,,1,,496,,538,,51,,1.0,,Cannot find cue top
sec6-res-util-pool-c8m2,,267,,pool,,1,,497,,553,,67,,1.0,,Cannot find cue top
sec6-res-util-pool-c8m2,,270,,pool,,1,,497,,581,,95,,1.0,,Cannot find cue top
sec6-res-util-pool-c8m2,,273,,pool,,1,,496,,541,,56,,1.0,,Cannot find cue top
sec6-res-util-pool-c8m2,,276,,pool,,1,,497,,583,,96,,0.99999,,Cannot find cue bottom
sec6-res-util-pool-c8m2,,280,,pool,,1,,498,,567,,81,,1.0,,Cannot find object ball
sec6-res-util-pool-c8m2,,283,,pool,,1,,498,,591,,104,,0.93439,,speech: left
sec6-res-util-pool-c8m2,,299,,pool,,1,,509,,605,,119,,0.0185555799952,,Cannot find cue bottom
sec6-res-util-pool-c8m2,,303,,pool,,1,,498,,587,,100,,0.99375,,Cannot find cue bottom
sec6-res-util-pool-c8m2,,307,,pool,,1,,498,,554,,67,,1.0,,Cannot find cue bottom
sec6-res-util-pool-c8m2,,310,,pool,,1,,496,,564,,78,,1.0,,Cannot find cue bottom
sec6-res-util-pool-c8m2,,313,,pool,,1,,496,,573,,86,,1.0,,Cannot find cue bottom
sec6-res-util-pool-c8m2,,316,,pool,,1,,497,,614,,127,,0.00201919632714,,Cannot find cue bottom
sec6-res-util-pool-c8m2,,321,,pool,,1,,496,,561,,75,,1.0,,Cannot find cue bottom
sec6-res-util-pool-c8m2,,324,,pool,,1,,499,,566,,79,,1.0,,Cannot find cue bottom
sec6-res-util-pool-c8m2,,328,,pool,,1,,500,,574,,87,,1.0,,Cannot find cue bottom
sec6-res-util-pool-c8m2,,331,,pool,,1,,497,,567,,80,,1.0,,Cannot find cue bottom
sec6-res-util-pool-c8m2,,334,,pool,,1,,499,,565,,79,,1.0,,Cannot find cue top
sec6-res-util-pool-c8m2,,338,,pool,,1,,496,,561,,75,,1.0,,Cannot find cue top
sec6-res-util-pool-c8m2,,341,,pool,,1,,497,,576,,90,,1.0,,Cannot find cue top
sec6-res-util-pool-c8m2,,344,,pool,,1,,497,,588,,101,,0.98704,,Cannot find cue top
sec6-res-util-pool-c8m2,,348,,pool,,1,,497,,568,,82,,1.0,,Cannot find cue top
sec6-res-util-pool-c8m2,,360,,pool,,1,,504,,577,,91,,1.0,,Cannot find cue top
sec6-res-util-pool-c8m2,,363,,pool,,1,,497,,571,,85,,1.0,,Cannot find cue top
sec6-res-util-pool-c8m2,,366,,pool,,1,,497,,548,,62,,1.0,,Cannot find cue top
sec6-res-util-pool-c8m2,,369,,pool,,1,,497,,551,,64,,1.0,,Cannot find cue top
sec6-res-util-pool-c8m2,,372,,pool,,1,,498,,557,,71,,1.0,,Cannot find cue top
sec6-res-util-pool-c8m2,,375,,pool,,1,,497,,560,,74,,1.0,,Cannot find cue bottom
sec6-res-util-pool-c8m2,,378,,pool,,1,,497,,560,,73,,1.0,,Cannot find cue top
sec6-res-util-pool-c8m2,,399,,pool,,1,,504,,580,,92,,1.0,,Cannot find cue top
sec6-res-util-pool-c8m2,,402,,pool,,1,,496,,554,,67,,1.0,,Cannot find cue top
sec6-res-util-pool-c8m2,,404,,pool,,1,,496,,555,,72,,1.0,,Cannot find cue top
sec6-res-util-pool-c8m2,,407,,pool,,1,,496,,570,,82,,1.0,,Cannot find cue bottom
sec6-res-util-pool-c8m2,,410,,pool,,1,,496,,568,,81,,1.0,,Cannot find cue bottom
sec6-res-util-pool-c8m2,,413,,pool,,1,,497,,580,,94,,1.0,,Cannot find cue top
sec6-res-util-pool-c8m2,,417,,pool,,1,,497,,575,,88,,1.0,,Cannot find cue bottom
sec6-res-util-pool-c8m2,,421,,pool,,1,,496,,567,,80,,1.0,,Cannot find cue bottom
sec6-res-util-pool-c8m2,,424,,pool,,1,,497,,560,,74,,1.0,,Cannot find cue bottom
sec6-res-util-pool-c8m2,,427,,pool,,1,,497,,593,,107,,0.516914259749,,Cannot find cue bottom
sec6-res-util-pool-c8m2,,431,,pool,,1,,494,,563,,76,,1.0,,Cannot find cue top
sec6-res-util-pool-c8m2,,434,,pool,,1,,497,,580,,94,,1.0,,Cannot find cue bottom
sec6-res-util-pool-c8m2,,438,,pool,,1,,499,,632,,146,,1.04075997151e-05,,Cannot find cue bottom
sec6-res-util-pool-c8m2,,443,,pool,,1,,497,,558,,72,,1.0,,Cannot find cue bottom
sec6-res-util-pool-c8m2,,446,,pool,,1,,497,,610,,123,,0.00612105864818,,Cannot find cue bottom
sec6-res-util-pool-c8m2,,450,,pool,,1,,498,,605,,119,,0.0185555799952,,Cannot find cue bottom
sec6-res-util-pool-c8m2,,455,,pool,,1,,497,,612,,126,,0.00266434552707,,Cannot find cue bottom
sec6-res-util-pool-c8m2,,459,,pool,,1,,496,,567,,83,,1.0,,Cannot find cue bottom
sec6-res-util-pool-c8m2,,463,,pool,,1,,497,,575,,88,,1.0,,Cannot find cue bottom
sec6-res-util-pool-c8m2,,466,,pool,,1,,497,,562,,171,,1.01636715968e-08,,Cannot find cue bottom
sec6-res-util-pool-c8m2,,473,,pool,,1,,497,,591,,105,,0.9,,Cannot find cue bottom
sec6-res-util-pool-c8m2,,477,,pool,,1,,497,,583,,97,,0.99984,,Cannot find cue bottom
sec6-res-util-pool-c8m2,,480,,pool,,1,,496,,573,,86,,1.0,,Cannot find cue bottom
sec6-res-util-pool-c8m2,,484,,pool,,1,,495,,562,,76,,1.0,,Cannot find cue bottom
sec6-res-util-pool-c8m2,,487,,pool,,1,,497,,566,,80,,1.0,,Cannot find cue bottom
sec6-res-util-pool-c8m2,,490,,pool,,1,,497,,568,,82,,1.0,,Cannot find cue bottom
sec6-res-util-pool-c8m2,,494,,pool,,1,,499,,576,,90,,1.0,,Cannot find cue bottom
sec6-res-util-pool-c8m2,,497,,pool,,1,,497,,592,,173,,5.83749642198e-09,,Cannot find cue bottom
sec6-res-util-pool-c8m2,,503,,pool,,1,,495,,611,,125,,0.003515625,,Cannot find cue bottom
sec6-res-util-pool-c8m2,,508,,pool,,1,,498,,628,,142,,3.15499426116e-05,,Cannot find cue bottom
sec6-res-util-pool-c8m2,,513,,pool,,1,,498,,585,,98,,0.99919,,Cannot find cue bottom
sec6-res-util-pool-c8m2,,517,,pool,,1,,497,,568,,82,,1.0,,Cannot find cue top
sec6-res-util-pool-c8m2,,520,,pool,,1,,498,,579,,93,,1.0,,Cannot find cue bottom
sec6-res-util-pool-c8m2,,524,,pool,,1,,498,,566,,100,,0.99375,,Cannot find cue top
sec6-res-util-pool-c8m2,,532,,pool,,1,,496,,564,,76,,1.0,,Cannot find cue top
sec6-res-util-pool-c8m2,,534,,pool,,1,,496,,559,,73,,1.0,,Cannot find cue bottom
sec6-res-util-pool-c8m2,,537,,pool,,1,,497,,552,,66,,1.0,,Cannot find cue top
sec6-res-util-pool-c8m2,,540,,pool,,1,,498,,547,,60,,1.0,,Cannot find cue top
sec6-res-util-pool-c8m2,,572,,pool,,1,,506,,560,,80,,1.0,,Cannot find cue top
sec6-res-util-pool-c8m2,,574,,pool,,1,,496,,548,,62,,1.0,,Cannot find cue top
sec6-res-util-pool-c8m2,,577,,pool,,1,,498,,550,,64,,1.0,,Cannot find cue top
sec6-res-util-pool-c8m2,,579,,pool,,1,,499,,543,,57,,1.0,,Cannot find cue top
sec6-res-util-pool-c8m2,,582,,pool,,1,,496,,546,,59,,1.0,,Cannot find cue top
sec6-res-util-pool-c8m2,,584,,pool,,1,,497,,562,,75,,1.0,,Cannot find cue top
sec6-res-util-pool-c8m2,,588,,pool,,1,,497,,553,,66,,1.0,,Cannot find cue top
sec6-res-util-pool-c8m2,,590,,pool,,1,,497,,562,,75,,1.0,,Cannot find cue top
sec6-res-util-pool-c8m2,,604,,pool,,1,,502,,563,,75,,1.0,,Cannot find cue top
sec6-res-util-pool-c8m2,,606,,pool,,1,,496,,573,,86,,1.0,,Cannot find cue top
sec6-res-util-pool-c8m2,,609,,pool,,1,,495,,555,,69,,1.0,,Cannot find cue bottom
sec6-res-util-pool-c8m2,,612,,pool,,1,,498,,596,,109,,0.296889279924,,Cannot find cue bottom
sec6-res-util-pool-c8m2,,616,,pool,,1,,497,,561,,74,,1.0,,Cannot find cue bottom
sec6-res-util-pool-c8m2,,619,,pool,,1,,497,,572,,86,,1.0,,Cannot find cue bottom
sec6-res-util-pool-c8m2,,623,,pool,,1,,499,,558,,72,,1.0,,Cannot find cue ball
sec6-res-util-pool-c8m2,,626,,pool,,1,,497,,579,,94,,1.0,,Cannot find cue ball
sec6-res-util-pool-c8m2,,635,,pool,,1,,496,,642,,156,,6.50474982195e-07,,Cannot find cue ball
sec6-res-util-pool-c8m2,,640,,pool,,1,,499,,621,,221,,9.69283256225e-15,,Cannot find cue ball
sec6-res-util-pool-c8m2,,648,,pool,,1,,497,,593,,107,,0.516914259749,,speech: right
sec6-res-util-pool-c8m2,,652,,pool,,1,,497,,550,,64,,1.0,,Cannot find cue top
sec6-res-util-pool-c8m2,,655,,pool,,1,,497,,595,,108,,0.391747753483,,speech: left
sec6-res-util-pool-c8m2,,659,,pool,,1,,499,,569,,82,,1.0,,speech: left
sec6-res-util-pool-c8m2,,662,,pool,,1,,497,,593,,106,,0.68207245493,,speech: left
sec6-res-util-pool-c8m2,,666,,pool,,1,,497,,563,,76,,1.0,,Cannot find object ball
sec6-res-util-pool-c8m2,,669,,pool,,1,,497,,600,,113,,0.0979369383708,,Cannot find object ball
sec6-res-util-pool-c8m2,,673,,pool,,1,,497,,587,,101,,0.98704,,Cannot find object ball
sec6-res-util-pool-c8m2,,677,,pool,,1,,498,,607,,121,,0.0106573821083,,Cannot find object ball
sec6-res-util-pool-c8m2,,682,,pool,,1,,497,,594,,107,,0.516914259749,,Cannot find cue ball
sec6-res-util-pool-c8m2,,686,,pool,,1,,498,,567,,80,,1.0,,Cannot find cue top
sec6-res-util-pool-c8m2,,689,,pool,,1,,496,,570,,84,,1.0,,Cannot find cue top
sec6-res-util-pool-c8m2,,693,,pool,,1,,496,,598,,114,,0.074222319981,,Cannot find cue top
sec6-res-util-pool-c8m2,,697,,pool,,1,,497,,577,,92,,1.0,,Cannot find cue top
sec6-res-util-pool-c8m2,,701,,pool,,1,,500,,580,,93,,1.0,,Cannot find cue top
sec6-res-util-pool-c8m2,,704,,pool,,1,,498,,564,,78,,1.0,,speech: left
sec6-res-util-pool-c8m2,,707,,pool,,1,,500,,585,,98,,0.99919,,speech: left
sec6-res-util-pool-c8m2,,711,,pool,,1,,496,,603,,116,,0.0426295284331,,Cannot find object ball
sec6-res-util-pool-c8m2,,716,,pool,,1,,497,,595,,110,,0.225,,Cannot find object ball
sec6-res-util-pool-c8m2,,720,,pool,,1,,497,,570,,83,,1.0,,speech: left
sec6-res-util-pool-c8m2,,723,,pool,,1,,497,,587,,101,,0.98704,,speech: left
sec6-res-util-pool-c8m2,,727,,pool,,1,,497,,560,,73,,1.0,,Cannot find object ball
sec6-res-util-pool-c8m2,,730,,pool,,1,,496,,589,,102,,0.97599,,Cannot find object ball
sec6-res-util-pool-c8m2,,734,,pool,,1,,497,,588,,101,,0.98704,,Cannot find cue ball
sec6-res-util-pool-c8m2,,738,,pool,,1,,500,,564,,78,,1.0,,Cannot find object ball
sec6-res-util-pool-c8m2,,741,,pool,,1,,497,,604,,118,,0.0244842345927,,Cannot find object ball
sec6-res-util-pool-c8m2,,746,,pool,,1,,497,,588,,102,,0.97599,,Cannot find cue ball
sec6-res-util-pool-c8m2,,750,,pool,,1,,498,,574,,88,,1.0,,Cannot find cue ball
sec6-res-util-pool-c8m2,,753,,pool,,1,,496,,591,,104,,0.93439,,speech: left
sec6-res-util-pool-c8m2,,757,,pool,,1,,498,,583,,112,,0.129228564937,,Cannot find cue ball
sec6-res-util-pool-c8m2,,761,,pool,,1,,500,,570,,84,,1.0,,Cannot find object ball
sec6-res-util-pool-c8m2,,765,,pool,,1,,496,,584,,97,,0.99984,,Cannot find cue top
sec6-res-util-pool-c8m2,,769,,pool,,1,,498,,567,,81,,1.0,,Cannot find cue top
sec6-res-util-pool-c8m2,,772,,pool,,1,,497,,540,,89,,1.0,,Cannot find cue top
sec6-res-util-pool-c8m2,,775,,pool,,1,,498,,557,,78,,1.0,,Cannot find cue ball
sec6-res-util-pool-c8m2,,778,,pool,,1,,495,,541,,54,,1.0,,Cannot find cue top
sec6-res-util-pool-c8m2,,781,,pool,,1,,496,,540,,53,,1.0,,Cannot find cue top
sec6-res-util-pool-c8m2,,784,,pool,,1,,496,,550,,63,,1.0,,Cannot find cue top
sec6-res-util-pool-c8m2,,786,,pool,,1,,500,,603,,117,,0.0323071412343,,Cannot find cue top
sec6-res-util-pool-c8m2,,791,,pool,,1,,499,,580,,93,,1.0,,Cannot find cue top
sec6-res-util-pool-c8m2,,794,,pool,,1,,497,,541,,55,,1.0,,Cannot find cue top
sec6-res-util-pool-c8m2,,797,,pool,,1,,497,,620,,220,,1.27897692437e-14,,Cannot find cue top
sec6-res-util-pool-c8m2,,804,,pool,,1,,497,,540,,53,,1.0,,Cannot find cue top
sec6-res-util-pool-c8m2,,816,,pool,,1,,501,,563,,75,,1.0,,Cannot find cue top
sec6-res-util-pool-c8m2,,818,,pool,,1,,495,,538,,49,,1.0,,Cannot find cue top
sec6-res-util-pool-c8m2,,820,,pool,,1,,500,,550,,62,,1.0,,Cannot find cue top
sec6-res-util-pool-c8m2,,822,,pool,,1,,494,,534,,46,,1.0,,Cannot find cue top
sec6-res-util-pool-c8m2,,824,,pool,,1,,496,,554,,66,,1.0,,Cannot find cue top
sec6-res-util-pool-c8m2,,826,,pool,,1,,494,,549,,60,,1.0,,Cannot find cue top
sec6-res-util-pool-c8m2,,829,,pool,,1,,493,,558,,71,,1.0,,Cannot find cue top
sec6-res-util-pool-c8m2,,831,,pool,,1,,496,,559,,73,,1.0,,Cannot find cue top
sec6-res-util-pool-c8m2,,834,,pool,,1,,497,,581,,94,,1.0,,Cannot find cue top
sec6-res-util-pool-c8m2,,838,,pool,,1,,497,,545,,61,,1.0,,Cannot find cue top
sec6-res-util-pool-c8m2,,841,,pool,,1,,497,,541,,54,,1.0,,Cannot find cue top
sec6-res-util-pool-c8m2,,843,,pool,,1,,497,,564,,77,,1.0,,Cannot find cue top
sec6-res-util-pool-c8m2,,846,,pool,,1,,497,,595,,109,,0.296889279924,,Cannot find cue top
sec6-res-util-pool-c8m2,,851,,pool,,1,,502,,564,,77,,1.0,,Cannot find cue top
sec6-res-util-pool-c8m2,,854,,pool,,1,,497,,553,,66,,1.0,,Cannot find cue top
sec6-res-util-pool-c8m2,,857,,pool,,1,,496,,538,,51,,1.0,,Cannot find cue top
sec6-res-util-pool-c8m2,,859,,pool,,1,,500,,562,,75,,1.0,,Cannot find cue top
sec6-res-util-pool-c8m2,,862,,pool,,1,,498,,570,,83,,1.0,,Cannot find cue top
sec6-res-util-pool-c8m2,,865,,pool,,1,,497,,555,,68,,1.0,,Cannot find cue top
sec6-res-util-pool-c8m2,,2,,pool,,1,,497,,551,,65,,1.0,,Cannot find cue top
sec6-res-util-pool-c8m2,,5,,pool,,1,,497,,549,,62,,1.0,,Cannot find cue top
sec6-res-util-pool-c8m2,,8,,pool,,1,,499,,570,,83,,1.0,,Cannot find cue top
sec6-res-util-pool-c8m2,,11,,pool,,1,,497,,576,,90,,1.0,,Cannot find cue top
sec6-res-util-pool-c8m2,,15,,pool,,1,,499,,583,,97,,0.99984,,Cannot find cue bottom
sec6-res-util-pool-c8m2,,18,,pool,,1,,497,,559,,73,,1.0,,Cannot find cue bottom
sec6-res-util-pool-c8m2,,21,,pool,,1,,497,,570,,84,,1.0,,Cannot find cue bottom
sec6-res-util-pool-c8m2,,25,,pool,,1,,497,,591,,165,,5.36441802979e-08,,Cannot find cue bottom
sec6-res-util-pool-c8m2,,31,,pool,,1,,497,,575,,88,,1.0,,Cannot find cue top
sec6-res-util-pool-c8m2,,34,,pool,,1,,497,,551,,65,,1.0,,Cannot find cue top
sec6-res-util-pool-c8m2,,37,,pool,,1,,497,,574,,88,,1.0,,Cannot find cue top
sec6-res-util-pool-c8m2,,40,,pool,,1,,496,,611,,127,,0.00201919632714,,Cannot find cue ball
sec6-res-util-pool-c8m2,,45,,pool,,1,,497,,632,,145,,1.37329101563e-05,,Cannot find cue ball
sec6-res-util-pool-c8m2,,50,,pool,,1,,496,,605,,119,,0.0185555799952,,Cannot find cue ball
sec6-res-util-pool-c8m2,,55,,pool,,1,,497,,577,,90,,1.0,,Cannot find cue bottom
sec6-res-util-pool-c8m2,,58,,pool,,1,,497,,567,,80,,1.0,,Cannot find cue bottom
sec6-res-util-pool-c8m2,,61,,pool,,1,,496,,566,,79,,1.0,,Cannot find cue bottom
sec6-res-util-pool-c8m2,,65,,pool,,1,,497,,605,,118,,0.0244842345927,,Cannot find cue bottom
sec6-res-util-pool-c8m2,,69,,pool,,1,,497,,569,,83,,1.0,,Cannot find cue bottom
sec6-res-util-pool-c8m2,,72,,pool,,1,,497,,591,,105,,0.9,,Cannot find cue bottom
sec6-res-util-pool-c8m2,,76,,pool,,1,,497,,592,,178,,1.4593741055e-09,,Cannot find cue bottom
sec6-res-util-pool-c8m2,,83,,pool,,1,,497,,623,,136,,0.000166521595442,,Cannot find object ball
sec6-res-util-pool-c8m2,,88,,pool,,1,,498,,589,,102,,0.97599,,Cannot find object ball
sec6-res-util-pool-c8m2,,92,,pool,,1,,496,,575,,88,,1.0,,Cannot find object ball
sec6-res-util-pool-c8m2,,95,,pool,,1,,496,,559,,73,,1.0,,Cannot find object ball
sec6-res-util-pool-c8m2,,98,,pool,,1,,497,,590,,103,,0.95904,,Cannot find object ball
sec6-res-util-pool-c8m2,,102,,pool,,1,,496,,585,,98,,0.99919,,Cannot find cue bottom
sec6-res-util-pool-c8m2,,106,,pool,,1,,495,,574,,87,,1.0,,Cannot find cue bottom
sec6-res-util-pool-c8m2,,110,,pool,,1,,497,,572,,87,,1.0,,Cannot find cue bottom
sec6-res-util-pool-c8m2,,113,,pool,,1,,497,,565,,88,,1.0,,Cannot find cue bottom
sec6-res-util-pool-c8m2,,116,,pool,,1,,497,,584,,97,,0.99984,,Cannot find cue bottom
sec6-res-util-pool-c8m2,,140,,pool,,1,,505,,600,,114,,0.074222319981,,speech: right
sec6-res-util-pool-c8m2,,143,,pool,,1,,502,,600,,114,,0.074222319981,,speech: good
sec6-res-util-pool-c8m2,,148,,pool,,1,,500,,607,,121,,0.0106573821083,,speech: right
sec6-res-util-pool-c8m2,,152,,pool,,1,,497,,605,,118,,0.0244842345927,,Cannot find object ball
sec6-res-util-pool-c8m2,,157,,pool,,1,,498,,598,,113,,0.0979369383708,,speech: right
sec6-res-util-pool-c8m2,,161,,pool,,1,,509,,599,,115,,0.05625,,Cannot find cue bottom
sec6-res-util-pool-c8m2,,165,,pool,,1,,500,,589,,104,,0.93439,,Cannot find object ball
sec6-res-util-pool-c8m2,,169,,pool,,1,,498,,600,,161,,1.62618745549e-07,,Cannot find object ball
sec6-res-util-pool-c8m2,,175,,pool,,1,,497,,590,,103,,0.95904,,Cannot find cue bottom
sec6-res-util-pool-c8m2,,200,,pool,,1,,503,,579,,92,,1.0,,Cannot find cue bottom
sec6-res-util-pool-c8m2,,203,,pool,,1,,498,,557,,71,,1.0,,Cannot find cue bottom
sec6-res-util-pool-c8m2,,206,,pool,,1,,497,,567,,80,,1.0,,Cannot find cue bottom
sec6-res-util-pool-c8m2,,209,,pool,,1,,497,,573,,86,,1.0,,Cannot find object ball
sec6-res-util-pool-c8m2,,212,,pool,,1,,496,,581,,95,,1.0,,Cannot find object ball
sec6-res-util-pool-c8m2,,216,,pool,,1,,497,,568,,82,,1.0,,Cannot find cue ball
sec6-res-util-pool-c8m2,,219,,pool,,1,,497,,591,,107,,0.516914259749,,Cannot find object ball
sec6-res-util-pool-c8m2,,224,,pool,,1,,497,,628,,147,,7.8874856529e-06,,speech: good
sec6-res-util-pool-c8m2,,229,,pool,,1,,497,,593,,116,,0.0426295284331,,Cannot find cue ball
sec6-res-util-pool-c8m2,,233,,pool,,1,,498,,587,,101,,0.98704,,Cannot find object ball
sec6-res-util-pool-c8m2,,237,,pool,,1,,496,,566,,80,,1.0,,Cannot find cue ball
sec6-res-util-pool-c8m2,,240,,pool,,1,,505,,604,,118,,0.0244842345927,,Cannot find cue bottom
sec6-res-util-pool-c8m2,,245,,pool,,1,,497,,550,,64,,1.0,,Cannot find cue ball
sec6-res-util-pool-c8m2,,248,,pool,,1,,496,,541,,54,,1.0,,Cannot find cue top
sec6-res-util-pool-c8m2,,250,,pool,,1,,496,,540,,53,,1.0,,Cannot find cue top
sec6-res-util-pool-c8m2,,252,,pool,,1,,497,,562,,76,,1.0,,Cannot find cue top
sec6-res-util-pool-c8m2,,256,,pool,,1,,498,,596,,110,,0.225,,Cannot find cue bottom
sec6-res-util-pool-c8m2,,260,,pool,,1,,497,,562,,75,,1.0,,Cannot find cue top
sec6-res-util-pool-c8m2,,263,,pool,,1,,497,,543,,112,,0.129228564937,,Cannot find cue top
sec6-res-util-pool-c8m2,,267,,pool,,1,,501,,604,,117,,0.0323071412343,,Cannot find cue top
sec6-res-util-pool-c8m2,,272,,pool,,1,,500,,591,,104,,0.93439,,Cannot find cue top
sec6-res-util-pool-c8m2,,276,,pool,,1,,497,,570,,83,,1.0,,Cannot find cue bottom
sec6-res-util-pool-c8m2,,279,,pool,,1,,499,,567,,82,,1.0,,Cannot find cue bottom
sec6-res-util-pool-c8m2,,282,,pool,,1,,497,,549,,62,,1.0,,Cannot find cue ball
sec6-res-util-pool-c8m2,,285,,pool,,1,,498,,565,,78,,1.0,,Cannot find cue ball
sec6-res-util-pool-c8m2,,299,,pool,,1,,503,,607,,121,,0.0106573821083,,Cannot find cue bottom
sec6-res-util-pool-c8m2,,303,,pool,,1,,498,,617,,131,,0.000666086381767,,Cannot find cue bottom
sec6-res-util-pool-c8m2,,308,,pool,,1,,498,,600,,113,,0.0979369383708,,Cannot find cue bottom
sec6-res-util-pool-c8m2,,312,,pool,,1,,497,,572,,87,,1.0,,Cannot find cue bottom
sec6-res-util-pool-c8m2,,315,,pool,,1,,500,,587,,205,,8.18545231596e-13,,Cannot find cue bottom
sec6-res-util-pool-c8m2,,322,,pool,,1,,498,,601,,114,,0.074222319981,,Cannot find cue bottom
sec6-res-util-pool-c8m2,,327,,pool,,1,,497,,592,,105,,0.9,,Cannot find cue bottom
sec6-res-util-pool-c8m2,,331,,pool,,1,,498,,569,,82,,1.0,,Cannot find cue bottom
sec6-res-util-pool-c8m2,,334,,pool,,1,,498,,559,,73,,1.0,,Cannot find cue top
sec6-res-util-pool-c8m2,,337,,pool,,1,,498,,621,,135,,0.0002197265625,,Cannot find cue bottom
sec6-res-util-pool-c8m2,,342,,pool,,1,,501,,573,,85,,1.0,,Cannot find cue top
sec6-res-util-pool-c8m2,,345,,pool,,1,,494,,561,,75,,1.0,,Cannot find cue top
sec6-res-util-pool-c8m2,,348,,pool,,1,,497,,553,,66,,1.0,,Cannot find cue top
sec6-res-util-pool-c8m2,,360,,pool,,1,,503,,588,,100,,0.99375,,Cannot find cue top
sec6-res-util-pool-c8m2,,363,,pool,,1,,498,,565,,78,,1.0,,Cannot find cue top
sec6-res-util-pool-c8m2,,366,,pool,,1,,503,,554,,67,,1.0,,Cannot find cue top
sec6-res-util-pool-c8m2,,369,,pool,,1,,497,,571,,86,,1.0,,Cannot find cue top
sec6-res-util-pool-c8m2,,373,,pool,,1,,498,,594,,107,,0.516914259749,,Cannot find cue top
sec6-res-util-pool-c8m2,,377,,pool,,1,,495,,628,,211,,1.55085320996e-13,,Cannot find cue top
sec6-res-util-pool-c8m2,,399,,pool,,1,,496,,595,,108,,0.391747753483,,Cannot find cue top
sec6-res-util-pool-c8m2,,402,,pool,,1,,496,,568,,82,,1.0,,Cannot find cue top
sec6-res-util-pool-c8m2,,406,,pool,,1,,496,,589,,103,,0.95904,,Cannot find cue bottom
sec6-res-util-pool-c8m2,,410,,pool,,1,,496,,604,,129,,0.0011597237497,,Cannot find cue bottom
sec6-res-util-pool-c8m2,,414,,pool,,1,,497,,602,,115,,0.05625,,Cannot find cue bottom
sec6-res-util-pool-c8m2,,419,,pool,,1,,497,,603,,120,,0.0140625,,Cannot find cue bottom
sec6-res-util-pool-c8m2,,423,,pool,,1,,496,,567,,80,,1.0,,Cannot find cue bottom
sec6-res-util-pool-c8m2,,427,,pool,,1,,497,,566,,80,,1.0,,Cannot find cue bottom
sec6-res-util-pool-c8m2,,430,,pool,,1,,496,,549,,62,,1.0,,Cannot find cue top
sec6-res-util-pool-c8m2,,433,,pool,,1,,496,,585,,99,,0.99744,,Cannot find cue top
sec6-res-util-pool-c8m2,,436,,pool,,1,,497,,573,,86,,1.0,,Cannot find cue bottom
sec6-res-util-pool-c8m2,,440,,pool,,1,,499,,570,,156,,6.50474982195e-07,,Cannot find cue bottom
sec6-res-util-pool-c8m2,,445,,pool,,1,,497,,575,,89,,1.0,,Cannot find cue bottom
sec6-res-util-pool-c8m2,,449,,pool,,1,,497,,570,,84,,1.0,,Cannot find cue bottom
sec6-res-util-pool-c8m2,,452,,pool,,1,,496,,644,,157,,4.92967853306e-07,,Cannot find cue bottom
sec6-res-util-pool-c8m2,,458,,pool,,1,,497,,580,,94,,1.0,,Cannot find cue bottom
sec6-res-util-pool-c8m2,,461,,pool,,1,,497,,598,,145,,1.37329101563e-05,,Cannot find cue bottom
sec6-res-util-pool-c8m2,,467,,pool,,1,,497,,580,,93,,1.0,,Cannot find cue bottom
sec6-res-util-pool-c8m2,,470,,pool,,1,,498,,571,,84,,1.0,,Cannot find cue bottom
sec6-res-util-pool-c8m2,,474,,pool,,1,,497,,586,,99,,0.99744,,Cannot find cue ball
