sec6-res-util-lego-c2m2,,353,,lego,,3,,431,,933,,559,,1.0,,[[2 2 2 2]]
sec6-res-util-lego-c2m2,,370,,lego,,3,,388,,867,,564,,1.0,,[[2 2 2 2]]
sec6-res-util-lego-c2m2,,387,,lego,,3,,388,,850,,500,,1.0,,[[2 2 2 2]]
sec6-res-util-lego-c2m2,,402,,lego,,3,,388,,864,,497,,1.0,,[[2 2 2 2]]
sec6-res-util-lego-c2m2,,418,,lego,,3,,389,,860,,595,,1.0,,[[2 2 2 2]]!!State Change!!
sec6-res-util-lego-c2m2,,451,,lego,,3,,394,,979,,711,,0.999999219425,,[[2 2 2 2]]
sec6-res-util-lego-c2m2,,484,,lego,,3,,430,,1031,,745,,0.999997727024,,[[2 2 2 2]]
sec6-res-util-lego-c2m2,,515,,lego,,3,,734,,837,,526,,1.0,,Cannot locate board border, maybe not the full board is in the scene. Failed at stage 1
sec6-res-util-lego-c2m2,,544,,lego,,3,,434,,513,,137,,1.0,,Cannot locate board border, maybe not the full board is in the scene. Failed at stage 1
sec6-res-util-lego-c2m2,,571,,lego,,3,,415,,489,,113,,1.0,,Cannot locate board border, maybe not the full board is in the scene. Failed at stage 1
sec6-res-util-lego-c2m2,,593,,lego,,3,,441,,1048,,684,,0.999999744,,[[2 2 2 2]]
sec6-res-util-lego-c2m2,,614,,lego,,3,,439,,466,,90,,1.0,,Cannot locate board border, maybe not the full board is in the scene. Failed at stage 1
sec6-res-util-lego-c2m2,,630,,lego,,3,,421,,447,,71,,1.0,,Cannot locate board border, maybe not the full board is in the scene. Failed at stage 1
sec6-res-util-lego-c2m2,,643,,lego,,3,,879,,912,,554,,1.0,,Cannot locate board border, maybe not the full board is in the scene. Failed at stage 1
sec6-res-util-lego-c2m2,,661,,lego,,3,,387,,423,,47,,1.0,,Cannot locate board border, maybe not the full board is in the scene. Failed at stage 1
sec6-res-util-lego-c2m2,,670,,lego,,3,,415,,449,,73,,1.0,,Cannot locate board border, maybe not the full board is in the scene. Failed at stage 1
sec6-res-util-lego-c2m2,,678,,lego,,3,,425,,465,,89,,1.0,,Cannot locate board border, maybe not the full board is in the scene. Failed at stage 1
sec6-res-util-lego-c2m2,,686,,lego,,3,,617,,679,,375,,1.0,,Cannot locate board border, maybe not the full board is in the scene. Failed at stage 1
sec6-res-util-lego-c2m2,,697,,lego,,3,,400,,486,,110,,1.0,,Cannot locate board border, maybe not the full board is in the scene. Failed at stage 1
sec6-res-util-lego-c2m2,,703,,lego,,3,,389,,966,,607,,0.999999999988,,[[0 0 1 0]
 [2 2 2 2]]
sec6-res-util-lego-c2m2,,722,,lego,,3,,483,,1044,,702,,0.999999443425,,[[0 0 1 0]
 [2 2 2 2]]
sec6-res-util-lego-c2m2,,744,,lego,,3,,425,,981,,691,,0.999999647395,,[[0 0 1 0]
 [2 2 2 2]]
sec6-res-util-lego-c2m2,,765,,lego,,3,,426,,967,,703,,0.999999421276,,[[0 0 1 0]
 [2 2 2 2]]
sec6-res-util-lego-c2m2,,787,,lego,,3,,490,,1191,,899,,0.999958903241,,[[0 0 1 0]
 [2 2 2 2]]!!State Change!!
sec6-res-util-lego-c2m2,,820,,lego,,3,,707,,1397,,1111,,0.999649404432,,[[0 0 1 0]
 [2 2 2 2]]
sec6-res-util-lego-c2m2,,854,,lego,,3,,435,,1057,,693,,0.99999961536,,[[0 0 1 0]
 [2 2 2 2]]
sec6-res-util-lego-c2m2,,886,,lego,,3,,394,,991,,673,,0.999999853979,,[[0 0 1 0]
 [2 2 2 2]]
sec6-res-util-lego-c2m2,,915,,lego,,3,,438,,550,,173,,1.0,,Too little black dots with more accurate dot detection. Image may be blurred
sec6-res-util-lego-c2m2,,942,,lego,,3,,398,,431,,55,,1.0,,Cannot locate board border, maybe not the full board is in the scene. Failed at stage 1
sec6-res-util-lego-c2m2,,966,,lego,,3,,396,,430,,53,,1.0,,Cannot locate board border, maybe not the full board is in the scene. Failed at stage 1
sec6-res-util-lego-c2m2,,986,,lego,,3,,756,,784,,491,,1.0,,Cannot locate board border, maybe not the full board is in the scene. Failed at stage 1
sec6-res-util-lego-c2m2,,1002,,lego,,3,,394,,439,,62,,1.0,,Cannot locate board border, maybe not the full board is in the scene. Failed at stage 1
sec6-res-util-lego-c2m2,,1016,,lego,,3,,595,,616,,326,,1.0,,Cannot locate board border, maybe not the full board is in the scene. Failed at stage 1
sec6-res-util-lego-c2m2,,1026,,lego,,3,,388,,418,,41,,1.0,,Cannot locate board border, maybe not the full board is in the scene. Failed at stage 1
sec6-res-util-lego-c2m2,,1037,,lego,,3,,411,,452,,76,,1.0,,Cannot locate board border, maybe not the full board is in the scene. Failed at stage 1
sec6-res-util-lego-c2m2,,1047,,lego,,3,,410,,434,,57,,1.0,,Cannot locate board border, maybe not the full board is in the scene. Failed at stage 1
sec6-res-util-lego-c2m2,,1055,,lego,,3,,396,,423,,47,,1.0,,Cannot locate board border, maybe not the full board is in the scene. Failed at stage 1
sec6-res-util-lego-c2m2,,1063,,lego,,3,,394,,417,,41,,1.0,,Cannot locate board border, maybe not the full board is in the scene. Failed at stage 1
sec6-res-util-lego-c2m2,,1070,,lego,,3,,387,,410,,33,,1.0,,Cannot locate board border, maybe not the full board is in the scene. Failed at stage 1
sec6-res-util-lego-c2m2,,1076,,lego,,3,,405,,433,,57,,1.0,,Cannot locate board border, maybe not the full board is in the scene. Failed at stage 1
sec6-res-util-lego-c2m2,,1082,,lego,,3,,388,,421,,44,,1.0,,Cannot locate board border, maybe not the full board is in the scene. Failed at stage 1
sec6-res-util-lego-c2m2,,1088,,lego,,3,,387,,421,,45,,1.0,,Cannot locate board border, maybe not the full board is in the scene. Failed at stage 1
sec6-res-util-lego-c2m2,,1093,,lego,,3,,428,,461,,85,,1.0,,Cannot locate board border, maybe not the full board is in the scene. Failed at stage 1
sec6-res-util-lego-c2m2,,1098,,lego,,3,,390,,433,,56,,1.0,,Cannot locate board border, maybe not the full board is in the scene. Failed at stage 1
sec6-res-util-lego-c2m2,,1102,,lego,,3,,388,,425,,48,,1.0,,Cannot locate board border, maybe not the full board is in the scene. Failed at stage 1
sec6-res-util-lego-c2m2,,1107,,lego,,3,,388,,450,,163,,1.0,,Cannot locate board border, maybe not the full board is in the scene. Failed at stage 1
sec6-res-util-lego-c2m2,,1112,,lego,,3,,389,,951,,586,,1.0,,Not confident about reconstruction, maybe too much noise
sec6-res-util-lego-c2m2,,1131,,lego,,3,,386,,1033,,692,,0.999999631639,,Not confident about reconstruction, maybe too much noise
sec6-res-util-lego-c2m2,,1152,,lego,,3,,391,,1045,,691,,0.999999647395,,[[0 0 1 6]
 [2 2 2 2]]
sec6-res-util-lego-c2m2,,1174,,lego,,3,,405,,1002,,701,,0.999999464933,,[[0 0 1 6]
 [2 2 2 2]]
sec6-res-util-lego-c2m2,,1195,,lego,,3,,402,,1027,,702,,0.999999443425,,[[0 0 1 6]
 [2 2 2 2]]
sec6-res-util-lego-c2m2,,1217,,lego,,3,,390,,1068,,792,,0.999993012405,,[[0 0 1 6]
 [2 2 2 2]]
sec6-res-util-lego-c2m2,,1241,,lego,,3,,388,,1039,,689,,0.999999677386,,Not confident about reconstruction, maybe too much noise
sec6-res-util-lego-c2m2,,1263,,lego,,3,,458,,489,,112,,1.0,,Cannot locate board border, maybe not the full board is in the scene. Failed at stage 1
sec6-res-util-lego-c2m2,,1267,,lego,,3,,444,,499,,122,,1.0,,Cannot locate board border, maybe not the full board is in the scene. Failed at stage 1
sec6-res-util-lego-c2m2,,1271,,lego,,3,,455,,483,,107,,1.0,,Cannot locate board border, maybe not the full board is in the scene. Failed at stage 1
sec6-res-util-lego-c2m2,,1275,,lego,,3,,434,,475,,99,,1.0,,Cannot locate board border, maybe not the full board is in the scene. Failed at stage 1
sec6-res-util-lego-c2m2,,1278,,lego,,3,,438,,470,,188,,1.0,,Cannot locate board border, maybe not the full board is in the scene. Failed at stage 1
sec6-res-util-lego-c2m2,,1284,,lego,,3,,435,,464,,87,,1.0,,Cannot locate board border, maybe not the full board is in the scene. Failed at stage 1
sec6-res-util-lego-c2m2,,1287,,lego,,3,,436,,465,,90,,1.0,,Cannot locate board border, maybe not the full board is in the scene. Failed at stage 1
sec6-res-util-lego-c2m2,,1290,,lego,,3,,499,,530,,153,,1.0,,Cannot locate board border, maybe not the full board is in the scene. Failed at stage 1
sec6-res-util-lego-c2m2,,1295,,lego,,3,,504,,549,,227,,1.0,,Cannot locate board border, maybe not the full board is in the scene. Failed at stage 1
sec6-res-util-lego-c2m2,,1303,,lego,,3,,513,,555,,179,,1.0,,Cannot locate board border, maybe not the full board is in the scene. Failed at stage 1
sec6-res-util-lego-c2m2,,1308,,lego,,3,,438,,505,,128,,1.0,,Cannot locate board border, maybe not the full board is in the scene. Failed at stage 1
sec6-res-util-lego-c2m2,,1313,,lego,,3,,509,,559,,183,,1.0,,Cannot locate board border, maybe not the full board is in the scene. Failed at stage 1
sec6-res-util-lego-c2m2,,1319,,lego,,3,,483,,510,,133,,1.0,,Cannot locate board border, maybe not the full board is in the scene. Failed at stage 1
sec6-res-util-lego-c2m2,,1323,,lego,,3,,482,,524,,148,,1.0,,Cannot locate board border, maybe not the full board is in the scene. Failed at stage 1
sec6-res-util-lego-c2m2,,1328,,lego,,3,,487,,555,,269,,1.0,,Cannot locate board border, maybe not the full board is in the scene. Failed at stage 1
sec6-res-util-lego-c2m2,,1336,,lego,,3,,391,,420,,43,,1.0,,Cannot locate board border, maybe not the full board is in the scene. Failed at stage 1
sec6-res-util-lego-c2m2,,1338,,lego,,3,,419,,448,,71,,1.0,,Cannot locate board border, maybe not the full board is in the scene. Failed at stage 1
sec6-res-util-lego-c2m2,,1341,,lego,,3,,457,,485,,108,,1.0,,Cannot locate board border, maybe not the full board is in the scene. Failed at stage 1
sec6-res-util-lego-c2m2,,1344,,lego,,3,,455,,502,,126,,1.0,,Cannot locate board border, maybe not the full board is in the scene. Failed at stage 1
sec6-res-util-lego-c2m2,,1349,,lego,,3,,456,,484,,108,,1.0,,Cannot locate board border, maybe not the full board is in the scene. Failed at stage 1
sec6-res-util-lego-c2m2,,1352,,lego,,3,,443,,483,,106,,1.0,,Cannot locate board border, maybe not the full board is in the scene. Failed at stage 1
sec6-res-util-lego-c2m2,,1356,,lego,,3,,440,,472,,96,,1.0,,Cannot locate board border, maybe not the full board is in the scene. Failed at stage 1
sec6-res-util-lego-c2m2,,1359,,lego,,3,,428,,455,,145,,1.0,,Cannot locate board border, maybe not the full board is in the scene. Failed at stage 1
sec6-res-util-lego-c2m2,,1364,,lego,,3,,416,,457,,81,,1.0,,Cannot locate board border, maybe not the full board is in the scene. Failed at stage 1
sec6-res-util-lego-c2m2,,1367,,lego,,3,,476,,506,,129,,1.0,,Cannot locate board border, maybe not the full board is in the scene. Failed at stage 1
sec6-res-util-lego-c2m2,,1371,,lego,,3,,526,,554,,248,,1.0,,Cannot locate board border, maybe not the full board is in the scene. Failed at stage 1
sec6-res-util-lego-c2m2,,1379,,lego,,3,,446,,474,,98,,1.0,,Cannot locate board border, maybe not the full board is in the scene. Failed at stage 1
sec6-res-util-lego-c2m2,,1383,,lego,,3,,475,,540,,164,,1.0,,Cannot locate board border, maybe not the full board is in the scene. Failed at stage 1
sec6-res-util-lego-c2m2,,1388,,lego,,3,,413,,458,,82,,1.0,,Cannot locate board border, maybe not the full board is in the scene. Failed at stage 1
sec6-res-util-lego-c2m2,,1391,,lego,,3,,474,,501,,125,,1.0,,Cannot locate board border, maybe not the full board is in the scene. Failed at stage 1
sec6-res-util-lego-c2m2,,1395,,lego,,3,,481,,528,,177,,1.0,,Cannot locate board border, maybe not the full board is in the scene. Failed at stage 1
sec6-res-util-lego-c2m2,,1401,,lego,,3,,390,,430,,53,,1.0,,Cannot locate board border, maybe not the full board is in the scene. Failed at stage 1
sec6-res-util-lego-c2m2,,1403,,lego,,3,,461,,490,,113,,1.0,,Cannot locate board border, maybe not the full board is in the scene. Failed at stage 1
sec6-res-util-lego-c2m2,,1407,,lego,,3,,518,,563,,187,,1.0,,Cannot locate board border, maybe not the full board is in the scene. Failed at stage 1
sec6-res-util-lego-c2m2,,1413,,lego,,3,,391,,447,,71,,1.0,,Cannot locate board border, maybe not the full board is in the scene. Failed at stage 1
sec6-res-util-lego-c2m2,,1415,,lego,,3,,466,,497,,154,,1.0,,Cannot locate board border, maybe not the full board is in the scene. Failed at stage 1
sec6-res-util-lego-c2m2,,1420,,lego,,3,,441,,487,,111,,1.0,,Cannot locate board border, maybe not the full board is in the scene. Failed at stage 1
sec6-res-util-lego-c2m2,,1424,,lego,,3,,460,,487,,132,,1.0,,Cannot locate board border, maybe not the full board is in the scene. Failed at stage 1
sec6-res-util-lego-c2m2,,1429,,lego,,3,,432,,505,,128,,1.0,,Cannot locate board border, maybe not the full board is in the scene. Failed at stage 1
sec6-res-util-lego-c2m2,,1433,,lego,,3,,459,,499,,122,,1.0,,Cannot locate board border, maybe not the full board is in the scene. Failed at stage 1
sec6-res-util-lego-c2m2,,1437,,lego,,3,,936,,964,,630,,0.999999995835,,Cannot locate board border, maybe not the full board is in the scene. Failed at stage 1
sec6-res-util-lego-c2m2,,1456,,lego,,3,,466,,497,,120,,1.0,,Cannot locate board border, maybe not the full board is in the scene. Failed at stage 1
sec6-res-util-lego-c2m2,,1460,,lego,,3,,784,,842,,566,,1.0,,Cannot locate board border, maybe not the full board is in the scene. Failed at stage 1
sec6-res-util-lego-c2m2,,1478,,lego,,3,,420,,470,,94,,1.0,,Cannot locate board border, maybe not the full board is in the scene. Failed at stage 1
sec6-res-util-lego-c2m2,,1481,,lego,,3,,396,,444,,67,,1.0,,Cannot locate board border, maybe not the full board is in the scene. Failed at stage 1
sec6-res-util-lego-c2m2,,1483,,lego,,3,,735,,786,,509,,1.0,,Cannot locate board border, maybe not the full board is in the scene. Failed at stage 1
sec6-res-util-lego-c2m2,,1499,,lego,,3,,445,,1080,,795,,0.999992565337,,Not confident about reconstruction, maybe too much noise
sec6-res-util-lego-c2m2,,1524,,lego,,3,,932,,1025,,698,,0.999999525728,,Cannot locate board border, maybe not the full board is in the scene. Failed at stage 1
sec6-res-util-lego-c2m2,,1545,,lego,,3,,512,,1131,,794,,0.999992716674,,Not confident about reconstruction, maybe too much noise
sec6-res-util-lego-c2m2,,1570,,lego,,3,,536,,1123,,803,,0.999991268136,,Not confident about reconstruction, maybe too much noise
sec6-res-util-lego-c2m2,,1594,,lego,,3,,405,,1011,,691,,0.999999647395,,Not confident about reconstruction, maybe too much noise
sec6-res-util-lego-c2m2,,1616,,lego,,3,,397,,972,,690,,0.999999662641,,Not confident about reconstruction, maybe too much noise
sec6-res-util-lego-c2m2,,1637,,lego,,3,,404,,1030,,704,,0.999999398472,,Not confident about reconstruction, maybe too much noise
sec6-res-util-lego-c2m2,,1659,,lego,,3,,412,,453,,76,,1.0,,Cannot locate board border, maybe not the full board is in the scene. Failed at stage 1
sec6-res-util-lego-c2m2,,1662,,lego,,3,,432,,461,,86,,1.0,,Cannot locate board border, maybe not the full board is in the scene. Failed at stage 1
sec6-res-util-lego-c2m2,,1665,,lego,,3,,428,,460,,84,,1.0,,Cannot locate board border, maybe not the full board is in the scene. Failed at stage 1
sec6-res-util-lego-c2m2,,1668,,lego,,3,,428,,471,,94,,1.0,,Cannot locate board border, maybe not the full board is in the scene. Failed at stage 1
sec6-res-util-lego-c2m2,,1671,,lego,,3,,421,,451,,74,,1.0,,Cannot locate board border, maybe not the full board is in the scene. Failed at stage 1
sec6-res-util-lego-c2m2,,1674,,lego,,3,,417,,449,,72,,1.0,,Cannot locate board border, maybe not the full board is in the scene. Failed at stage 1
sec6-res-util-lego-c2m2,,1677,,lego,,3,,396,,463,,89,,1.0,,Cannot locate board border, maybe not the full board is in the scene. Failed at stage 1
sec6-res-util-lego-c2m2,,1680,,lego,,3,,423,,470,,94,,1.0,,Cannot locate board border, maybe not the full board is in the scene. Failed at stage 1
sec6-res-util-lego-c2m2,,1683,,lego,,3,,422,,460,,84,,1.0,,Cannot locate board border, maybe not the full board is in the scene. Failed at stage 1
sec6-res-util-lego-c2m2,,1686,,lego,,3,,388,,441,,64,,1.0,,Cannot locate board border, maybe not the full board is in the scene. Failed at stage 1
sec6-res-util-lego-c2m2,,1688,,lego,,3,,396,,458,,83,,1.0,,Cannot locate board border, maybe not the full board is in the scene. Failed at stage 1
sec6-res-util-lego-c2m2,,1691,,lego,,3,,403,,460,,84,,1.0,,Cannot locate board border, maybe not the full board is in the scene. Failed at stage 1
sec6-res-util-lego-c2m2,,1694,,lego,,3,,399,,472,,96,,1.0,,Cannot locate board border, maybe not the full board is in the scene. Failed at stage 1
sec6-res-util-lego-c2m2,,1697,,lego,,3,,434,,470,,93,,1.0,,Cannot locate board border, maybe not the full board is in the scene. Failed at stage 1
sec6-res-util-lego-c2m2,,1700,,lego,,3,,425,,469,,92,,1.0,,Cannot locate board border, maybe not the full board is in the scene. Failed at stage 1
sec6-res-util-lego-c2m2,,1704,,lego,,3,,427,,474,,98,,1.0,,Cannot locate board border, maybe not the full board is in the scene. Failed at stage 1
sec6-res-util-lego-c2m2,,1707,,lego,,3,,419,,454,,77,,1.0,,Cannot locate board border, maybe not the full board is in the scene. Failed at stage 1
sec6-res-util-lego-c2m2,,1710,,lego,,3,,413,,442,,67,,1.0,,Cannot locate board border, maybe not the full board is in the scene. Failed at stage 1
sec6-res-util-lego-c2m2,,1712,,lego,,3,,388,,443,,67,,1.0,,Cannot locate board border, maybe not the full board is in the scene. Failed at stage 1
sec6-res-util-lego-c2m2,,1715,,lego,,3,,389,,450,,74,,1.0,,Cannot locate board border, maybe not the full board is in the scene. Failed at stage 1
sec6-res-util-lego-c2m2,,1718,,lego,,3,,402,,456,,80,,1.0,,Cannot locate board border, maybe not the full board is in the scene. Failed at stage 1
sec6-res-util-lego-c2m2,,1720,,lego,,3,,395,,423,,47,,1.0,,Cannot locate board border, maybe not the full board is in the scene. Failed at stage 1
sec6-res-util-lego-c2m2,,1722,,lego,,3,,419,,445,,69,,1.0,,Cannot locate board border, maybe not the full board is in the scene. Failed at stage 1
sec6-res-util-lego-c2m2,,1725,,lego,,3,,429,,466,,89,,1.0,,Cannot locate board border, maybe not the full board is in the scene. Failed at stage 1
sec6-res-util-lego-c2m2,,1728,,lego,,3,,431,,456,,80,,1.0,,Cannot locate board border, maybe not the full board is in the scene. Failed at stage 1
sec6-res-util-lego-c2m2,,1731,,lego,,3,,415,,441,,65,,1.0,,Cannot locate board border, maybe not the full board is in the scene. Failed at stage 1
sec6-res-util-lego-c2m2,,1733,,lego,,3,,393,,451,,169,,1.0,,Cannot locate board border, maybe not the full board is in the scene. Failed at stage 1
sec6-res-util-lego-c2m2,,1739,,lego,,3,,389,,416,,39,,1.0,,Cannot locate board border, maybe not the full board is in the scene. Failed at stage 1
sec6-res-util-lego-c2m2,,1740,,lego,,3,,404,,428,,51,,1.0,,Cannot locate board border, maybe not the full board is in the scene. Failed at stage 1
sec6-res-util-lego-c2m2,,1742,,lego,,3,,387,,451,,75,,1.0,,Cannot locate board border, maybe not the full board is in the scene. Failed at stage 1
sec6-res-util-lego-c2m2,,1745,,lego,,3,,396,,451,,74,,1.0,,Cannot locate board border, maybe not the full board is in the scene. Failed at stage 1
sec6-res-util-lego-c2m2,,1748,,lego,,3,,389,,446,,70,,1.0,,Cannot locate board border, maybe not the full board is in the scene. Failed at stage 1
sec6-res-util-lego-c2m2,,1750,,lego,,3,,400,,464,,88,,1.0,,Cannot locate board border, maybe not the full board is in the scene. Failed at stage 1
sec6-res-util-lego-c2m2,,1754,,lego,,3,,406,,470,,109,,1.0,,Cannot locate board border, maybe not the full board is in the scene. Failed at stage 1
sec6-res-util-lego-c2m2,,1757,,lego,,3,,388,,442,,64,,1.0,,Cannot locate board border, maybe not the full board is in the scene. Failed at stage 1
sec6-res-util-lego-c2m2,,1760,,lego,,3,,407,,457,,83,,1.0,,Cannot locate board border, maybe not the full board is in the scene. Failed at stage 1
sec6-res-util-lego-c2m2,,1763,,lego,,3,,388,,414,,37,,1.0,,Cannot locate board border, maybe not the full board is in the scene. Failed at stage 1
sec6-res-util-lego-c2m2,,1764,,lego,,3,,421,,447,,70,,1.0,,Cannot locate board border, maybe not the full board is in the scene. Failed at stage 1
sec6-res-util-lego-c2m2,,1767,,lego,,3,,435,,474,,97,,1.0,,Cannot locate board border, maybe not the full board is in the scene. Failed at stage 1
sec6-res-util-lego-c2m2,,1770,,lego,,3,,448,,475,,99,,1.0,,Cannot locate board border, maybe not the full board is in the scene. Failed at stage 1
sec6-res-util-lego-c2m2,,1773,,lego,,3,,431,,455,,79,,1.0,,Cannot locate board border, maybe not the full board is in the scene. Failed at stage 1
sec6-res-util-lego-c2m2,,1776,,lego,,3,,458,,514,,138,,1.0,,Cannot locate board border, maybe not the full board is in the scene. Failed at stage 1
sec6-res-util-lego-c2m2,,1781,,lego,,3,,774,,801,,525,,1.0,,Cannot locate board border, maybe not the full board is in the scene. Failed at stage 1
sec6-res-util-lego-c2m2,,1797,,lego,,3,,443,,468,,91,,1.0,,Cannot locate board border, maybe not the full board is in the scene. Failed at stage 1
sec6-res-util-lego-c2m2,,1800,,lego,,3,,425,,448,,73,,1.0,,Cannot locate board border, maybe not the full board is in the scene. Failed at stage 1
sec6-res-util-lego-c2m2,,1803,,lego,,3,,909,,943,,612,,0.999999999893,,Cannot locate board border, maybe not the full board is in the scene. Failed at stage 1
sec6-res-util-lego-c2m2,,1822,,lego,,3,,387,,410,,33,,1.0,,Cannot locate board border, maybe not the full board is in the scene. Failed at stage 1
sec6-res-util-lego-c2m2,,1823,,lego,,3,,990,,1050,,755,,0.999997032098,,Cannot locate board border, maybe not the full board is in the scene. Failed at stage 1
sec6-res-util-lego-c2m2,,1846,,lego,,3,,1000,,1094,,804,,0.999991094804,,Cannot locate board border, maybe not the full board is in the scene. Failed at stage 1
sec6-res-util-lego-c2m2,,1871,,lego,,3,,442,,1070,,805,,0.999990918904,,[[0 0 1 1]
 [0 2 1 6]
 [2 2 2 2]]
sec6-res-util-lego-c2m2,,1896,,lego,,3,,686,,1361,,1004,,0.999863022801,,Not confident about reconstruction, maybe too much noise
sec6-res-util-lego-c2m2,,1926,,lego,,3,,448,,1013,,690,,0.999999662641,,[[0 0 1 1]
 [0 2 1 6]
 [2 2 2 2]]
sec6-res-util-lego-c2m2,,1948,,lego,,3,,390,,1076,,796,,0.999992411654,,[[0 0 1 1]
 [0 2 1 6]
 [2 2 2 2]]
sec6-res-util-lego-c2m2,,1972,,lego,,3,,854,,1552,,1199,,0.999338042495,,[[0 0 1 1]
 [0 2 1 6]
 [2 2 2 2]]
sec6-res-util-lego-c2m2,,2009,,lego,,3,,435,,1045,,690,,0.999999662641,,[[0 0 1 1]
 [0 2 1 6]
 [2 2 2 2]]!!State Change!!
sec6-res-util-lego-c2m2,,2043,,lego,,3,,437,,467,,91,,1.0,,Cannot locate board border, maybe not the full board is in the scene. Failed at stage 1
sec6-res-util-lego-c2m2,,2076,,lego,,3,,394,,432,,55,,1.0,,Cannot locate board border, maybe not the full board is in the scene. Failed at stage 1
sec6-res-util-lego-c2m2,,2108,,lego,,3,,462,,491,,118,,1.0,,Cannot locate board border, maybe not the full board is in the scene. Failed at stage 1
sec6-res-util-lego-c2m2,,2138,,lego,,3,,410,,439,,64,,1.0,,Cannot locate board border, maybe not the full board is in the scene. Failed at stage 1
sec6-res-util-lego-c2m2,,2165,,lego,,3,,391,,415,,38,,1.0,,Cannot locate board border, maybe not the full board is in the scene. Failed at stage 1
sec6-res-util-lego-c2m2,,2188,,lego,,3,,445,,485,,108,,1.0,,Cannot locate board border, maybe not the full board is in the scene. Failed at stage 1
sec6-res-util-lego-c2m2,,2207,,lego,,3,,406,,446,,69,,1.0,,Cannot locate board border, maybe not the full board is in the scene. Failed at stage 1
sec6-res-util-lego-c2m2,,2223,,lego,,3,,582,,625,,328,,1.0,,Cannot locate board border, maybe not the full board is in the scene. Failed at stage 1
sec6-res-util-lego-c2m2,,2235,,lego,,3,,819,,839,,531,,1.0,,Cannot locate board border, maybe not the full board is in the scene. Failed at stage 1
sec6-res-util-lego-c2m2,,2252,,lego,,3,,454,,478,,101,,1.0,,Cannot locate board border, maybe not the full board is in the scene. Failed at stage 1
sec6-res-util-lego-c2m2,,2261,,lego,,3,,772,,833,,487,,1.0,,Cannot locate board border, maybe not the full board is in the scene. Failed at stage 1
sec6-res-util-lego-c2m2,,2277,,lego,,3,,824,,881,,595,,1.0,,Cannot locate board border, maybe not the full board is in the scene. Failed at stage 1
sec6-res-util-lego-c2m2,,2295,,lego,,3,,440,,482,,105,,1.0,,Cannot locate board border, maybe not the full board is in the scene. Failed at stage 1
sec6-res-util-lego-c2m2,,2300,,lego,,3,,757,,796,,515,,1.0,,Cannot locate board border, maybe not the full board is in the scene. Failed at stage 1
sec6-res-util-lego-c2m2,,2316,,lego,,3,,452,,530,,153,,1.0,,Cannot locate board border, maybe not the full board is in the scene. Failed at stage 1
sec6-res-util-lego-c2m2,,2321,,lego,,3,,834,,1469,,1148,,0.999536291502,,Not confident about reconstruction, maybe too much noise
sec6-res-util-lego-c2m2,,2356,,lego,,3,,691,,1327,,1010,,0.999854702465,,[[0 2 1 1]
 [0 2 1 6]
 [2 2 2 2]]
sec6-res-util-lego-c2m2,,2387,,lego,,3,,389,,889,,599,,1.0,,Not confident about reconstruction, maybe too much noise
sec6-res-util-lego-c2m2,,2406,,lego,,3,,404,,1130,,802,,0.999991438925,,Not confident about reconstruction, maybe too much noise
sec6-res-util-lego-c2m2,,2430,,lego,,3,,389,,962,,691,,0.999999647395,,[[0 2 1 1]
 [0 2 1 6]
 [2 2 2 2]]
sec6-res-util-lego-c2m2,,2452,,lego,,3,,398,,440,,63,,1.0,,Cannot locate board border, maybe not the full board is in the scene. Failed at stage 1
sec6-res-util-lego-c2m2,,2454,,lego,,3,,388,,425,,48,,1.0,,Cannot locate board border, maybe not the full board is in the scene. Failed at stage 1
sec6-res-util-lego-c2m2,,2456,,lego,,3,,403,,446,,69,,1.0,,Cannot locate board border, maybe not the full board is in the scene. Failed at stage 1
sec6-res-util-lego-c2m2,,2459,,lego,,3,,388,,425,,49,,1.0,,Cannot locate board border, maybe not the full board is in the scene. Failed at stage 1
sec6-res-util-lego-c2m2,,2461,,lego,,3,,394,,424,,47,,1.0,,Cannot locate board border, maybe not the full board is in the scene. Failed at stage 1
sec6-res-util-lego-c2m2,,2463,,lego,,3,,388,,425,,49,,1.0,,Cannot locate board border, maybe not the full board is in the scene. Failed at stage 1
sec6-res-util-lego-c2m2,,2465,,lego,,3,,392,,420,,43,,1.0,,Cannot locate board border, maybe not the full board is in the scene. Failed at stage 1
sec6-res-util-lego-c2m2,,2466,,lego,,3,,400,,429,,53,,1.0,,Cannot locate board border, maybe not the full board is in the scene. Failed at stage 1
sec6-res-util-lego-c2m2,,2468,,lego,,3,,393,,446,,70,,1.0,,Cannot locate board border, maybe not the full board is in the scene. Failed at stage 1
sec6-res-util-lego-c2m2,,2471,,lego,,3,,388,,417,,41,,1.0,,Cannot locate board border, maybe not the full board is in the scene. Failed at stage 1
sec6-res-util-lego-c2m2,,2473,,lego,,3,,397,,427,,50,,1.0,,Cannot locate board border, maybe not the full board is in the scene. Failed at stage 1
sec6-res-util-lego-c2m2,,2475,,lego,,3,,388,,442,,65,,1.0,,Cannot locate board border, maybe not the full board is in the scene. Failed at stage 1
sec6-res-util-lego-c2m2,,2477,,lego,,3,,401,,431,,54,,1.0,,Cannot locate board border, maybe not the full board is in the scene. Failed at stage 1
sec6-res-util-lego-c2m2,,2479,,lego,,3,,388,,417,,41,,1.0,,Cannot locate board border, maybe not the full board is in the scene. Failed at stage 1
sec6-res-util-lego-c2m2,,2481,,lego,,3,,401,,441,,64,,1.0,,Cannot locate board border, maybe not the full board is in the scene. Failed at stage 1
sec6-res-util-lego-c2m2,,2483,,lego,,3,,388,,419,,42,,1.0,,Cannot locate board border, maybe not the full board is in the scene. Failed at stage 1
sec6-res-util-lego-c2m2,,2485,,lego,,3,,400,,430,,53,,1.0,,Cannot locate board border, maybe not the full board is in the scene. Failed at stage 1
sec6-res-util-lego-c2m2,,2487,,lego,,3,,417,,447,,71,,1.0,,Cannot locate board border, maybe not the full board is in the scene. Failed at stage 1
sec6-res-util-lego-c2m2,,2489,,lego,,3,,388,,419,,49,,1.0,,Cannot locate board border, maybe not the full board is in the scene. Failed at stage 1
sec6-res-util-lego-c2m2,,2491,,lego,,3,,388,,418,,41,,1.0,,Cannot locate board border, maybe not the full board is in the scene. Failed at stage 1
sec6-res-util-lego-c2m2,,2493,,lego,,3,,388,,421,,44,,1.0,,Cannot locate board border, maybe not the full board is in the scene. Failed at stage 1
sec6-res-util-lego-c2m2,,2495,,lego,,3,,390,,419,,42,,1.0,,Cannot locate board border, maybe not the full board is in the scene. Failed at stage 1
sec6-res-util-lego-c2m2,,2497,,lego,,3,,423,,452,,75,,1.0,,Cannot locate board border, maybe not the full board is in the scene. Failed at stage 1
sec6-res-util-lego-c2m2,,2499,,lego,,3,,407,,439,,62,,1.0,,Cannot locate board border, maybe not the full board is in the scene. Failed at stage 1
sec6-res-util-lego-c2m2,,2502,,lego,,3,,388,,436,,59,,1.0,,Cannot locate board border, maybe not the full board is in the scene. Failed at stage 1
sec6-res-util-lego-c2m2,,2504,,lego,,3,,388,,418,,41,,1.0,,Cannot locate board border, maybe not the full board is in the scene. Failed at stage 1
sec6-res-util-lego-c2m2,,2506,,lego,,3,,392,,421,,44,,1.0,,Cannot locate board border, maybe not the full board is in the scene. Failed at stage 1
sec6-res-util-lego-c2m2,,2508,,lego,,3,,388,,434,,58,,1.0,,Cannot locate board border, maybe not the full board is in the scene. Failed at stage 1
sec6-res-util-lego-c2m2,,2510,,lego,,3,,390,,420,,43,,1.0,,Cannot locate board border, maybe not the full board is in the scene. Failed at stage 1
sec6-res-util-lego-c2m2,,2511,,lego,,3,,402,,442,,65,,1.0,,Cannot locate board border, maybe not the full board is in the scene. Failed at stage 1
sec6-res-util-lego-c2m2,,2514,,lego,,3,,389,,440,,63,,1.0,,Cannot locate board border, maybe not the full board is in the scene. Failed at stage 1
sec6-res-util-lego-c2m2,,2516,,lego,,3,,391,,441,,65,,1.0,,Cannot locate board border, maybe not the full board is in the scene. Failed at stage 1
sec6-res-util-lego-c2m2,,2518,,lego,,3,,391,,421,,45,,1.0,,Cannot locate board border, maybe not the full board is in the scene. Failed at stage 1
sec6-res-util-lego-c2m2,,2520,,lego,,3,,438,,468,,92,,1.0,,Cannot locate board border, maybe not the full board is in the scene. Failed at stage 1
sec6-res-util-lego-c2m2,,2523,,lego,,3,,406,,439,,62,,1.0,,Cannot locate board border, maybe not the full board is in the scene. Failed at stage 1
sec6-res-util-lego-c2m2,,2526,,lego,,3,,387,,430,,53,,1.0,,Cannot locate board border, maybe not the full board is in the scene. Failed at stage 1
sec6-res-util-lego-c2m2,,2528,,lego,,3,,396,,425,,49,,1.0,,Cannot locate board border, maybe not the full board is in the scene. Failed at stage 1
sec6-res-util-lego-c2m2,,2530,,lego,,3,,389,,418,,41,,1.0,,Cannot locate board border, maybe not the full board is in the scene. Failed at stage 1
sec6-res-util-lego-c2m2,,2531,,lego,,3,,388,,439,,62,,1.0,,Cannot locate board border, maybe not the full board is in the scene. Failed at stage 1
sec6-res-util-lego-c2m2,,2534,,lego,,3,,388,,410,,33,,1.0,,Cannot locate board border, maybe not the full board is in the scene. Failed at stage 1
sec6-res-util-lego-c2m2,,2535,,lego,,3,,402,,426,,51,,1.0,,Cannot locate board border, maybe not the full board is in the scene. Failed at stage 1
sec6-res-util-lego-c2m2,,2537,,lego,,3,,388,,411,,34,,1.0,,Cannot locate board border, maybe not the full board is in the scene. Failed at stage 1
sec6-res-util-lego-c2m2,,2539,,lego,,3,,425,,449,,72,,1.0,,Cannot locate board border, maybe not the full board is in the scene. Failed at stage 1
sec6-res-util-lego-c2m2,,2541,,lego,,3,,406,,439,,62,,1.0,,Cannot locate board border, maybe not the full board is in the scene. Failed at stage 1
sec6-res-util-lego-c2m2,,2544,,lego,,3,,388,,449,,73,,1.0,,Cannot locate board border, maybe not the full board is in the scene. Failed at stage 1
sec6-res-util-lego-c2m2,,2546,,lego,,3,,392,,446,,72,,1.0,,Cannot locate board border, maybe not the full board is in the scene. Failed at stage 1
sec6-res-util-lego-c2m2,,2549,,lego,,3,,388,,446,,69,,1.0,,Cannot locate board border, maybe not the full board is in the scene. Failed at stage 1
sec6-res-util-lego-c2m2,,2552,,lego,,3,,388,,424,,47,,1.0,,Cannot locate board border, maybe not the full board is in the scene. Failed at stage 1
sec6-res-util-lego-c2m2,,2553,,lego,,3,,400,,434,,57,,1.0,,Cannot locate board border, maybe not the full board is in the scene. Failed at stage 1
sec6-res-util-lego-c2m2,,2556,,lego,,3,,478,,527,,150,,1.0,,Cannot locate board border, maybe not the full board is in the scene. Failed at stage 1
sec6-res-util-lego-c2m2,,2561,,lego,,3,,389,,422,,140,,1.0,,Cannot locate board border, maybe not the full board is in the scene. Failed at stage 1
sec6-res-util-lego-c2m2,,2565,,lego,,3,,388,,425,,48,,1.0,,Cannot locate board border, maybe not the full board is in the scene. Failed at stage 1
sec6-res-util-lego-c2m2,,2567,,lego,,3,,388,,431,,54,,1.0,,Cannot locate board border, maybe not the full board is in the scene. Failed at stage 1
sec6-res-util-lego-c2m2,,2569,,lego,,3,,414,,446,,69,,1.0,,Cannot locate board border, maybe not the full board is in the scene. Failed at stage 1
sec6-res-util-lego-c2m2,,2572,,lego,,3,,403,,434,,58,,1.0,,Cannot locate board border, maybe not the full board is in the scene. Failed at stage 1
sec6-res-util-lego-c2m2,,2574,,lego,,3,,388,,448,,71,,1.0,,Cannot locate board border, maybe not the full board is in the scene. Failed at stage 1
sec6-res-util-lego-c2m2,,2576,,lego,,3,,408,,462,,84,,1.0,,Cannot locate board border, maybe not the full board is in the scene. Failed at stage 1
sec6-res-util-lego-c2m2,,2579,,lego,,3,,399,,445,,69,,1.0,,Cannot locate board border, maybe not the full board is in the scene. Failed at stage 1
sec6-res-util-lego-c2m2,,2582,,lego,,3,,477,,505,,128,,1.0,,Cannot locate board border, maybe not the full board is in the scene. Failed at stage 1
sec6-res-util-lego-c2m2,,2586,,lego,,3,,426,,454,,77,,1.0,,Cannot locate board border, maybe not the full board is in the scene. Failed at stage 1
sec6-res-util-lego-c2m2,,2589,,lego,,3,,413,,442,,66,,1.0,,Cannot locate board border, maybe not the full board is in the scene. Failed at stage 1
sec6-res-util-lego-c2m2,,2591,,lego,,3,,433,,461,,85,,1.0,,Cannot locate board border, maybe not the full board is in the scene. Failed at stage 1
sec6-res-util-lego-c2m2,,2595,,lego,,3,,445,,481,,104,,1.0,,Cannot locate board border, maybe not the full board is in the scene. Failed at stage 1
sec6-res-util-lego-c2m2,,2598,,lego,,3,,420,,456,,79,,1.0,,Cannot locate board border, maybe not the full board is in the scene. Failed at stage 1
sec6-res-util-lego-c2m2,,2601,,lego,,3,,388,,432,,55,,1.0,,Cannot locate board border, maybe not the full board is in the scene. Failed at stage 1
sec6-res-util-lego-c2m2,,2603,,lego,,3,,416,,459,,83,,1.0,,Cannot locate board border, maybe not the full board is in the scene. Failed at stage 1
sec6-res-util-lego-c2m2,,2606,,lego,,3,,404,,461,,84,,1.0,,Cannot locate board border, maybe not the full board is in the scene. Failed at stage 1
sec6-res-util-lego-c2m2,,2609,,lego,,3,,452,,475,,99,,1.0,,Cannot locate board border, maybe not the full board is in the scene. Failed at stage 1
sec6-res-util-lego-c2m2,,2612,,lego,,3,,406,,449,,73,,1.0,,Cannot locate board border, maybe not the full board is in the scene. Failed at stage 1
sec6-res-util-lego-c2m2,,2615,,lego,,3,,408,,447,,71,,1.0,,Cannot locate board border, maybe not the full board is in the scene. Failed at stage 1
sec6-res-util-lego-c2m2,,2618,,lego,,3,,482,,512,,135,,1.0,,Cannot locate board border, maybe not the full board is in the scene. Failed at stage 1
sec6-res-util-lego-c2m2,,2622,,lego,,3,,439,,463,,87,,1.0,,Cannot locate board border, maybe not the full board is in the scene. Failed at stage 1
sec6-res-util-lego-c2m2,,2625,,lego,,3,,387,,411,,34,,1.0,,Cannot locate board border, maybe not the full board is in the scene. Failed at stage 1
sec6-res-util-lego-c2m2,,2627,,lego,,3,,390,,418,,41,,1.0,,Cannot locate board border, maybe not the full board is in the scene. Failed at stage 1
sec6-res-util-lego-c2m2,,2629,,lego,,3,,455,,507,,130,,1.0,,Cannot locate board border, maybe not the full board is in the scene. Failed at stage 1
sec6-res-util-lego-c2m2,,2633,,lego,,3,,409,,448,,71,,1.0,,Cannot locate board border, maybe not the full board is in the scene. Failed at stage 1
sec6-res-util-lego-c2m2,,2635,,lego,,3,,476,,498,,122,,1.0,,Cannot locate board border, maybe not the full board is in the scene. Failed at stage 1
sec6-res-util-lego-c2m2,,2640,,lego,,3,,450,,471,,94,,1.0,,Cannot locate board border, maybe not the full board is in the scene. Failed at stage 1
sec6-res-util-lego-c2m2,,2643,,lego,,3,,642,,667,,365,,1.0,,Cannot locate board border, maybe not the full board is in the scene. Failed at stage 1
sec6-res-util-lego-c2m2,,2654,,lego,,3,,753,,781,,496,,1.0,,Cannot locate board border, maybe not the full board is in the scene. Failed at stage 1
sec6-res-util-lego-c2m2,,2670,,lego,,3,,544,,577,,200,,1.0,,Cannot locate board border, maybe not the full board is in the scene. Failed at stage 1
sec6-res-util-lego-c2m2,,2676,,lego,,3,,742,,783,,483,,1.0,,Cannot locate board border, maybe not the full board is in the scene. Failed at stage 1
sec6-res-util-lego-c2m2,,2691,,lego,,3,,552,,1208,,895,,0.999961058661,,[[0 2 2 2]
 [0 2 1 1]
 [0 2 1 6]
 [2 2 2 2]]
sec6-res-util-lego-c2m2,,2719,,lego,,3,,729,,1344,,1099,,0.999681195088,,[[0 2 2 2]
 [0 2 1 1]
 [0 2 1 6]
 [2 2 2 2]]
sec6-res-util-lego-c2m2,,2753,,lego,,3,,595,,1245,,894,,0.999961584,,[[0 2 2 2]
 [0 2 1 1]
 [0 2 1 6]
 [2 2 2 2]]
sec6-res-util-lego-c2m2,,2780,,lego,,3,,925,,1543,,1202,,0.999324681284,,Not confident about reconstruction, maybe too much noise
sec6-res-util-lego-c2m2,,2817,,lego,,3,,506,,1038,,702,,0.999999443425,,Not confident about reconstruction, maybe too much noise
sec6-res-util-lego-c2m2,,2839,,lego,,3,,488,,1134,,804,,0.999991094804,,Not confident about reconstruction, maybe too much noise
sec6-res-util-lego-c2m2,,4,,lego,,3,,423,,512,,135,,1.0,,Cannot find a large enough foreground near the center of board
sec6-res-util-lego-c2m2,,9,,lego,,3,,388,,478,,101,,1.0,,Cannot find a large enough foreground near the center of board
sec6-res-util-lego-c2m2,,12,,lego,,3,,388,,460,,84,,1.0,,Cannot find a large enough foreground near the center of board
sec6-res-util-lego-c2m2,,15,,lego,,3,,388,,511,,139,,1.0,,Cannot find a large enough foreground near the center of board
sec6-res-util-lego-c2m2,,20,,lego,,3,,387,,479,,101,,1.0,,Cannot find a large enough foreground near the center of board
sec6-res-util-lego-c2m2,,23,,lego,,3,,389,,471,,94,,1.0,,Cannot find a large enough foreground near the center of board
sec6-res-util-lego-c2m2,,27,,lego,,3,,444,,570,,193,,1.0,,Cannot find a large enough foreground near the center of board
sec6-res-util-lego-c2m2,,33,,lego,,3,,410,,516,,139,,1.0,,Cannot find a large enough foreground near the center of board
sec6-res-util-lego-c2m2,,38,,lego,,3,,407,,532,,180,,1.0,,Cannot find a large enough foreground near the center of board
sec6-res-util-lego-c2m2,,43,,lego,,3,,389,,506,,129,,1.0,,Cannot find a large enough foreground near the center of board
sec6-res-util-lego-c2m2,,48,,lego,,3,,426,,519,,142,,1.0,,Cannot find a large enough foreground near the center of board
sec6-res-util-lego-c2m2,,52,,lego,,3,,389,,502,,126,,1.0,,Cannot find a large enough foreground near the center of board
sec6-res-util-lego-c2m2,,57,,lego,,3,,426,,527,,151,,1.0,,Cannot find a large enough foreground near the center of board
sec6-res-util-lego-c2m2,,62,,lego,,3,,391,,506,,129,,1.0,,Cannot find a large enough foreground near the center of board
sec6-res-util-lego-c2m2,,66,,lego,,3,,420,,515,,178,,1.0,,Cannot find a large enough foreground near the center of board
sec6-res-util-lego-c2m2,,72,,lego,,3,,410,,519,,142,,1.0,,Cannot find a large enough foreground near the center of board
sec6-res-util-lego-c2m2,,76,,lego,,3,,388,,510,,133,,1.0,,Cannot find a large enough foreground near the center of board
sec6-res-util-lego-c2m2,,81,,lego,,3,,387,,480,,103,,1.0,,Cannot find a large enough foreground near the center of board
sec6-res-util-lego-c2m2,,84,,lego,,3,,410,,516,,141,,1.0,,Cannot find a large enough foreground near the center of board
sec6-res-util-lego-c2m2,,89,,lego,,3,,444,,556,,228,,1.0,,Cannot find a large enough foreground near the center of board
sec6-res-util-lego-c2m2,,96,,lego,,3,,402,,499,,122,,1.0,,Cannot find a large enough foreground near the center of board
sec6-res-util-lego-c2m2,,100,,lego,,3,,390,,498,,122,,1.0,,Cannot find a large enough foreground near the center of board
sec6-res-util-lego-c2m2,,105,,lego,,3,,388,,486,,109,,1.0,,Cannot find a large enough foreground near the center of board
sec6-res-util-lego-c2m2,,108,,lego,,3,,412,,519,,142,,1.0,,Cannot find a large enough foreground near the center of board
sec6-res-util-lego-c2m2,,113,,lego,,3,,388,,489,,113,,1.0,,Cannot find a large enough foreground near the center of board
sec6-res-util-lego-c2m2,,117,,lego,,3,,425,,532,,155,,1.0,,Cannot find a large enough foreground near the center of board
sec6-res-util-lego-c2m2,,122,,lego,,3,,388,,547,,261,,1.0,,Cannot find a large enough foreground near the center of board
sec6-res-util-lego-c2m2,,130,,lego,,3,,418,,524,,148,,1.0,,Cannot find a large enough foreground near the center of board
sec6-res-util-lego-c2m2,,135,,lego,,3,,431,,528,,151,,1.0,,Cannot find a large enough foreground near the center of board
sec6-res-util-lego-c2m2,,140,,lego,,3,,397,,495,,118,,1.0,,Cannot find a large enough foreground near the center of board
sec6-res-util-lego-c2m2,,144,,lego,,3,,459,,605,,329,,1.0,,Cannot find a large enough foreground near the center of board
sec6-res-util-lego-c2m2,,155,,lego,,3,,452,,574,,198,,1.0,,Cannot find a large enough foreground near the center of board
sec6-res-util-lego-c2m2,,161,,lego,,3,,448,,545,,182,,1.0,,Cannot find a large enough foreground near the center of board
sec6-res-util-lego-c2m2,,167,,lego,,3,,493,,581,,204,,1.0,,Cannot find a large enough foreground near the center of board
sec6-res-util-lego-c2m2,,174,,lego,,3,,495,,625,,276,,1.0,,Cannot find a large enough foreground near the center of board
sec6-res-util-lego-c2m2,,182,,lego,,3,,402,,538,,161,,1.0,,Cannot find a large enough foreground near the center of board
sec6-res-util-lego-c2m2,,188,,lego,,3,,456,,567,,190,,1.0,,Cannot find a large enough foreground near the center of board
sec6-res-util-lego-c2m2,,194,,lego,,3,,486,,571,,207,,1.0,,Cannot find a large enough foreground near the center of board
sec6-res-util-lego-c2m2,,201,,lego,,3,,473,,596,,290,,1.0,,Cannot find a large enough foreground near the center of board
sec6-res-util-lego-c2m2,,210,,lego,,3,,460,,560,,183,,1.0,,Cannot find a large enough foreground near the center of board
sec6-res-util-lego-c2m2,,216,,lego,,3,,509,,580,,203,,1.0,,Cannot find a large enough foreground near the center of board
sec6-res-util-lego-c2m2,,223,,lego,,3,,504,,627,,282,,1.0,,Cannot find a large enough foreground near the center of board
sec6-res-util-lego-c2m2,,232,,lego,,3,,422,,517,,140,,1.0,,Cannot find a large enough foreground near the center of board
sec6-res-util-lego-c2m2,,236,,lego,,3,,396,,495,,118,,1.0,,Cannot find a large enough foreground near the center of board
sec6-res-util-lego-c2m2,,240,,lego,,3,,421,,517,,140,,1.0,,Cannot find a large enough foreground near the center of board
sec6-res-util-lego-c2m2,,245,,lego,,3,,395,,518,,155,,1.0,,Cannot find a large enough foreground near the center of board
sec6-res-util-lego-c2m2,,250,,lego,,3,,415,,507,,130,,1.0,,Cannot find a large enough foreground near the center of board
sec6-res-util-lego-c2m2,,254,,lego,,3,,431,,548,,171,,1.0,,Cannot find a large enough foreground near the center of board
sec6-res-util-lego-c2m2,,260,,lego,,3,,963,,1089,,777,,0.999994953202,,Cannot find a large enough foreground near the center of board
sec6-res-util-lego-c2m2,,284,,lego,,3,,388,,474,,97,,1.0,,Cannot find a large enough foreground near the center of board
sec6-res-util-lego-c2m2,,287,,lego,,3,,463,,583,,206,,1.0,,Cannot find a large enough foreground near the center of board
sec6-res-util-lego-c2m2,,294,,lego,,3,,444,,482,,105,,1.0,,Cannot locate board border, maybe not the full board is in the scene. Failed at stage 1
sec6-res-util-lego-c2m2,,297,,lego,,3,,406,,443,,66,,1.0,,Cannot locate board border, maybe not the full board is in the scene. Failed at stage 1
sec6-res-util-lego-c2m2,,300,,lego,,3,,448,,481,,137,,1.0,,Cannot locate board border, maybe not the full board is in the scene. Failed at stage 1
sec6-res-util-lego-c2m2,,304,,lego,,3,,398,,470,,94,,1.0,,Cannot locate board border, maybe not the full board is in the scene. Failed at stage 1
sec6-res-util-lego-c2m2,,308,,lego,,3,,388,,423,,45,,1.0,,Cannot locate board border, maybe not the full board is in the scene. Failed at stage 1
sec6-res-util-lego-c2m2,,309,,lego,,3,,434,,465,,114,,1.0,,Cannot locate board border, maybe not the full board is in the scene. Failed at stage 1
sec6-res-util-lego-c2m2,,313,,lego,,3,,420,,478,,100,,1.0,,Cannot locate board border, maybe not the full board is in the scene. Failed at stage 1
sec6-res-util-lego-c2m2,,317,,lego,,3,,424,,1000,,724,,0.999998784347,,[[2 2 2 2]]
sec6-res-util-lego-c2m2,,339,,lego,,3,,854,,1598,,1305,,0.998729778998,,[[2 2 2 2]]
sec6-res-util-lego-c2m2,,379,,lego,,3,,827,,1487,,1201,,0.999329157283,,[[2 2 2 2]]
sec6-res-util-lego-c2m2,,416,,lego,,3,,920,,1505,,1220,,0.999240216988,,[[2 2 2 2]]
sec6-res-util-lego-c2m2,,453,,lego,,3,,876,,1466,,1118,,0.999629795358,,[[2 2 2 2]]!!State Change!!
sec6-res-util-lego-c2m2,,486,,lego,,3,,527,,1130,,805,,0.999990918904,,[[2 2 2 2]]
sec6-res-util-lego-c2m2,,519,,lego,,3,,432,,475,,110,,1.0,,Cannot locate board border, maybe not the full board is in the scene. Failed at stage 1
sec6-res-util-lego-c2m2,,552,,lego,,3,,439,,475,,98,,1.0,,Cannot locate board border, maybe not the full board is in the scene. Failed at stage 1
sec6-res-util-lego-c2m2,,583,,lego,,3,,397,,442,,65,,1.0,,Cannot locate board border, maybe not the full board is in the scene. Failed at stage 1
sec6-res-util-lego-c2m2,,611,,lego,,3,,436,,462,,85,,1.0,,Cannot locate board border, maybe not the full board is in the scene. Failed at stage 1
sec6-res-util-lego-c2m2,,636,,lego,,3,,423,,448,,71,,1.0,,Cannot locate board border, maybe not the full board is in the scene. Failed at stage 1
sec6-res-util-lego-c2m2,,656,,lego,,3,,437,,459,,81,,1.0,,Cannot locate board border, maybe not the full board is in the scene. Failed at stage 1
sec6-res-util-lego-c2m2,,673,,lego,,3,,395,,428,,50,,1.0,,Cannot locate board border, maybe not the full board is in the scene. Failed at stage 1
sec6-res-util-lego-c2m2,,688,,lego,,3,,427,,492,,115,,1.0,,Cannot locate board border, maybe not the full board is in the scene. Failed at stage 1
sec6-res-util-lego-c2m2,,700,,lego,,3,,414,,505,,127,,1.0,,Cannot locate board border, maybe not the full board is in the scene. Failed at stage 1
sec6-res-util-lego-c2m2,,710,,lego,,3,,463,,1071,,807,,0.9999905593,,[[0 0 1 0]
 [2 2 2 2]]
sec6-res-util-lego-c2m2,,735,,lego,,3,,387,,1033,,702,,0.999999443425,,[[0 0 1 0]
 [2 2 2 2]]
sec6-res-util-lego-c2m2,,757,,lego,,3,,625,,1227,,905,,0.999955503876,,[[0 0 1 0]
 [2 2 2 2]]
sec6-res-util-lego-c2m2,,784,,lego,,3,,485,,1083,,805,,0.999990918904,,[[0 0 1 0]
 [2 2 2 2]]
sec6-res-util-lego-c2m2,,809,,lego,,3,,390,,990,,614,,0.999999999802,,[[0 0 1 0]
 [2 2 2 2]]!!State Change!!
sec6-res-util-lego-c2m2,,842,,lego,,3,,449,,1123,,805,,0.999990918904,,[[0 0 1 0]
 [2 2 2 2]]
sec6-res-util-lego-c2m2,,875,,lego,,3,,395,,989,,645,,0.999999978915,,[[0 0 1 0]
 [2 2 2 2]]
sec6-res-util-lego-c2m2,,906,,lego,,3,,420,,1014,,738,,0.99999813517,,[[0 0 1 0]
 [2 2 2 2]]
sec6-res-util-lego-c2m2,,934,,lego,,3,,504,,525,,149,,1.0,,Cannot locate board border, maybe not the full board is in the scene. Failed at stage 1
sec6-res-util-lego-c2m2,,961,,lego,,3,,475,,498,,121,,1.0,,Cannot locate board border, maybe not the full board is in the scene. Failed at stage 1
sec6-res-util-lego-c2m2,,984,,lego,,3,,453,,475,,98,,1.0,,Cannot locate board border, maybe not the full board is in the scene. Failed at stage 1
sec6-res-util-lego-c2m2,,1003,,lego,,3,,417,,465,,88,,1.0,,Cannot locate board border, maybe not the full board is in the scene. Failed at stage 1
sec6-res-util-lego-c2m2,,1020,,lego,,3,,398,,440,,63,,1.0,,Cannot locate board border, maybe not the full board is in the scene. Failed at stage 1
sec6-res-util-lego-c2m2,,1033,,lego,,3,,416,,438,,62,,1.0,,Cannot locate board border, maybe not the full board is in the scene. Failed at stage 1
sec6-res-util-lego-c2m2,,1045,,lego,,3,,779,,806,,519,,1.0,,Cannot locate board border, maybe not the full board is in the scene. Failed at stage 1
sec6-res-util-lego-c2m2,,1061,,lego,,3,,455,,479,,103,,1.0,,Cannot locate board border, maybe not the full board is in the scene. Failed at stage 1
sec6-res-util-lego-c2m2,,1069,,lego,,3,,616,,643,,318,,1.0,,Cannot locate board border, maybe not the full board is in the scene. Failed at stage 1
sec6-res-util-lego-c2m2,,1079,,lego,,3,,449,,490,,114,,1.0,,Cannot locate board border, maybe not the full board is in the scene. Failed at stage 1
sec6-res-util-lego-c2m2,,1086,,lego,,3,,849,,934,,583,,1.0,,Cannot locate board border, maybe not the full board is in the scene. Failed at stage 1
sec6-res-util-lego-c2m2,,1104,,lego,,3,,461,,544,,168,,1.0,,Cannot locate board border, maybe not the full board is in the scene. Failed at stage 1
sec6-res-util-lego-c2m2,,1110,,lego,,3,,797,,1454,,1132,,0.999588121284,,[[0 0 1 6]
 [2 2 2 2]]
sec6-res-util-lego-c2m2,,1144,,lego,,3,,470,,1107,,790,,0.999993299037,,Not confident about reconstruction, maybe too much noise
sec6-res-util-lego-c2m2,,1168,,lego,,3,,458,,1055,,688,,0.999999691643,,[[0 0 1 6]
 [2 2 2 2]]
sec6-res-util-lego-c2m2,,1190,,lego,,3,,498,,1147,,804,,0.999991094804,,[[0 0 1 6]
 [2 2 2 2]]
sec6-res-util-lego-c2m2,,1215,,lego,,3,,472,,1136,,790,,0.999993299037,,Not confident about reconstruction, maybe too much noise
sec6-res-util-lego-c2m2,,1239,,lego,,3,,509,,1143,,803,,0.999991268136,,[[0 0 1 6]
 [2 2 2 2]]
sec6-res-util-lego-c2m2,,1264,,lego,,3,,479,,507,,129,,1.0,,Cannot locate board border, maybe not the full board is in the scene. Failed at stage 1
sec6-res-util-lego-c2m2,,1268,,lego,,3,,424,,467,,90,,1.0,,Cannot locate board border, maybe not the full board is in the scene. Failed at stage 1
sec6-res-util-lego-c2m2,,1272,,lego,,3,,395,,453,,77,,1.0,,Cannot locate board border, maybe not the full board is in the scene. Failed at stage 1
sec6-res-util-lego-c2m2,,1274,,lego,,3,,432,,476,,99,,1.0,,Cannot locate board border, maybe not the full board is in the scene. Failed at stage 1
sec6-res-util-lego-c2m2,,1278,,lego,,3,,424,,453,,76,,1.0,,Cannot locate board border, maybe not the full board is in the scene. Failed at stage 1
sec6-res-util-lego-c2m2,,1281,,lego,,3,,426,,459,,82,,1.0,,Cannot locate board border, maybe not the full board is in the scene. Failed at stage 1
sec6-res-util-lego-c2m2,,1284,,lego,,3,,430,,461,,84,,1.0,,Cannot locate board border, maybe not the full board is in the scene. Failed at stage 1
sec6-res-util-lego-c2m2,,1287,,lego,,3,,430,,474,,98,,1.0,,Cannot locate board border, maybe not the full board is in the scene. Failed at stage 1
sec6-res-util-lego-c2m2,,1290,,lego,,3,,433,,464,,87,,1.0,,Cannot locate board border, maybe not the full board is in the scene. Failed at stage 1
sec6-res-util-lego-c2m2,,1293,,lego,,3,,429,,457,,80,,1.0,,Cannot locate board border, maybe not the full board is in the scene. Failed at stage 1
sec6-res-util-lego-c2m2,,1296,,lego,,3,,411,,440,,63,,1.0,,Cannot locate board border, maybe not the full board is in the scene. Failed at stage 1
sec6-res-util-lego-c2m2,,1298,,lego,,3,,403,,457,,80,,1.0,,Cannot locate board border, maybe not the full board is in the scene. Failed at stage 1
sec6-res-util-lego-c2m2,,1301,,lego,,3,,406,,474,,170,,1.0,,Cannot locate board border, maybe not the full board is in the scene. Failed at stage 1
sec6-res-util-lego-c2m2,,1307,,lego,,3,,404,,461,,85,,1.0,,Cannot locate board border, maybe not the full board is in the scene. Failed at stage 1
sec6-res-util-lego-c2m2,,1310,,lego,,3,,424,,472,,96,,1.0,,Cannot locate board border, maybe not the full board is in the scene. Failed at stage 1
sec6-res-util-lego-c2m2,,1313,,lego,,3,,422,,464,,87,,1.0,,Cannot locate board border, maybe not the full board is in the scene. Failed at stage 1
sec6-res-util-lego-c2m2,,1316,,lego,,3,,438,,456,,79,,1.0,,Cannot locate board border, maybe not the full board is in the scene. Failed at stage 1
sec6-res-util-lego-c2m2,,1319,,lego,,3,,413,,461,,84,,1.0,,Cannot locate board border, maybe not the full board is in the scene. Failed at stage 1
sec6-res-util-lego-c2m2,,1322,,lego,,3,,443,,484,,107,,1.0,,Cannot locate board border, maybe not the full board is in the scene. Failed at stage 1
sec6-res-util-lego-c2m2,,1326,,lego,,3,,391,,446,,70,,1.0,,Cannot locate board border, maybe not the full board is in the scene. Failed at stage 1
sec6-res-util-lego-c2m2,,1328,,lego,,3,,446,,486,,109,,1.0,,Cannot locate board border, maybe not the full board is in the scene. Failed at stage 1
sec6-res-util-lego-c2m2,,1332,,lego,,3,,448,,476,,169,,1.0,,Cannot locate board border, maybe not the full board is in the scene. Failed at stage 1
sec6-res-util-lego-c2m2,,1337,,lego,,3,,411,,446,,69,,1.0,,Cannot locate board border, maybe not the full board is in the scene. Failed at stage 1
sec6-res-util-lego-c2m2,,1340,,lego,,3,,414,,466,,89,,1.0,,Cannot locate board border, maybe not the full board is in the scene. Failed at stage 1
sec6-res-util-lego-c2m2,,1343,,lego,,3,,461,,500,,158,,1.0,,Cannot locate board border, maybe not the full board is in the scene. Failed at stage 1
sec6-res-util-lego-c2m2,,1348,,lego,,3,,388,,429,,51,,1.0,,Cannot locate board border, maybe not the full board is in the scene. Failed at stage 1
sec6-res-util-lego-c2m2,,1350,,lego,,3,,413,,444,,67,,1.0,,Cannot locate board border, maybe not the full board is in the scene. Failed at stage 1
sec6-res-util-lego-c2m2,,1353,,lego,,3,,440,,466,,89,,1.0,,Cannot locate board border, maybe not the full board is in the scene. Failed at stage 1
sec6-res-util-lego-c2m2,,1356,,lego,,3,,451,,478,,101,,1.0,,Cannot locate board border, maybe not the full board is in the scene. Failed at stage 1
sec6-res-util-lego-c2m2,,1359,,lego,,3,,437,,463,,174,,1.0,,Cannot locate board border, maybe not the full board is in the scene. Failed at stage 1
sec6-res-util-lego-c2m2,,1365,,lego,,3,,427,,454,,77,,1.0,,Cannot locate board border, maybe not the full board is in the scene. Failed at stage 1
sec6-res-util-lego-c2m2,,1368,,lego,,3,,515,,557,,180,,1.0,,Cannot locate board border, maybe not the full board is in the scene. Failed at stage 1
sec6-res-util-lego-c2m2,,1374,,lego,,3,,389,,440,,62,,1.0,,Cannot locate board border, maybe not the full board is in the scene. Failed at stage 1
sec6-res-util-lego-c2m2,,1376,,lego,,3,,444,,472,,95,,1.0,,Cannot locate board border, maybe not the full board is in the scene. Failed at stage 1
sec6-res-util-lego-c2m2,,1379,,lego,,3,,490,,538,,161,,1.0,,Cannot locate board border, maybe not the full board is in the scene. Failed at stage 1
sec6-res-util-lego-c2m2,,1385,,lego,,3,,437,,478,,100,,1.0,,Cannot locate board border, maybe not the full board is in the scene. Failed at stage 1
sec6-res-util-lego-c2m2,,1388,,lego,,3,,474,,509,,243,,1.0,,Cannot locate board border, maybe not the full board is in the scene. Failed at stage 1
sec6-res-util-lego-c2m2,,1396,,lego,,3,,397,,438,,61,,1.0,,Cannot locate board border, maybe not the full board is in the scene. Failed at stage 1
sec6-res-util-lego-c2m2,,1398,,lego,,3,,438,,468,,91,,1.0,,Cannot locate board border, maybe not the full board is in the scene. Failed at stage 1
sec6-res-util-lego-c2m2,,1401,,lego,,3,,439,,467,,119,,1.0,,Cannot locate board border, maybe not the full board is in the scene. Failed at stage 1
sec6-res-util-lego-c2m2,,1405,,lego,,3,,426,,478,,102,,1.0,,Cannot locate board border, maybe not the full board is in the scene. Failed at stage 1
sec6-res-util-lego-c2m2,,1409,,lego,,3,,414,,463,,86,,1.0,,Cannot locate board border, maybe not the full board is in the scene. Failed at stage 1
sec6-res-util-lego-c2m2,,1412,,lego,,3,,409,,469,,92,,1.0,,Cannot locate board border, maybe not the full board is in the scene. Failed at stage 1
sec6-res-util-lego-c2m2,,1415,,lego,,3,,459,,489,,113,,1.0,,Cannot locate board border, maybe not the full board is in the scene. Failed at stage 1
sec6-res-util-lego-c2m2,,1419,,lego,,3,,388,,452,,76,,1.0,,Cannot locate board border, maybe not the full board is in the scene. Failed at stage 1
sec6-res-util-lego-c2m2,,1422,,lego,,3,,388,,424,,47,,1.0,,Cannot locate board border, maybe not the full board is in the scene. Failed at stage 1
sec6-res-util-lego-c2m2,,1424,,lego,,3,,389,,418,,42,,1.0,,Cannot locate board border, maybe not the full board is in the scene. Failed at stage 1
sec6-res-util-lego-c2m2,,1425,,lego,,3,,388,,417,,40,,1.0,,Cannot locate board border, maybe not the full board is in the scene. Failed at stage 1
sec6-res-util-lego-c2m2,,1427,,lego,,3,,388,,416,,38,,1.0,,Cannot locate board border, maybe not the full board is in the scene. Failed at stage 1
sec6-res-util-lego-c2m2,,1429,,lego,,3,,396,,423,,45,,1.0,,Cannot locate board border, maybe not the full board is in the scene. Failed at stage 1
sec6-res-util-lego-c2m2,,1430,,lego,,3,,390,,436,,59,,1.0,,Cannot locate board border, maybe not the full board is in the scene. Failed at stage 1
sec6-res-util-lego-c2m2,,1433,,lego,,3,,406,,466,,90,,1.0,,Cannot locate board border, maybe not the full board is in the scene. Failed at stage 1
sec6-res-util-lego-c2m2,,1436,,lego,,3,,422,,468,,91,,1.0,,Cannot locate board border, maybe not the full board is in the scene. Failed at stage 1
sec6-res-util-lego-c2m2,,1439,,lego,,3,,407,,456,,79,,1.0,,Cannot locate board border, maybe not the full board is in the scene. Failed at stage 1
sec6-res-util-lego-c2m2,,1442,,lego,,3,,406,,431,,54,,1.0,,Cannot locate board border, maybe not the full board is in the scene. Failed at stage 1
sec6-res-util-lego-c2m2,,1444,,lego,,3,,420,,444,,67,,1.0,,Cannot locate board border, maybe not the full board is in the scene. Failed at stage 1
sec6-res-util-lego-c2m2,,1446,,lego,,3,,439,,519,,145,,1.0,,Cannot locate board border, maybe not the full board is in the scene. Failed at stage 1
sec6-res-util-lego-c2m2,,1451,,lego,,3,,388,,451,,75,,1.0,,Cannot locate board border, maybe not the full board is in the scene. Failed at stage 1
sec6-res-util-lego-c2m2,,1454,,lego,,3,,388,,415,,38,,1.0,,Cannot locate board border, maybe not the full board is in the scene. Failed at stage 1
sec6-res-util-lego-c2m2,,1455,,lego,,3,,396,,421,,44,,1.0,,Cannot locate board border, maybe not the full board is in the scene. Failed at stage 1
sec6-res-util-lego-c2m2,,1457,,lego,,3,,388,,433,,57,,1.0,,Cannot locate board border, maybe not the full board is in the scene. Failed at stage 1
sec6-res-util-lego-c2m2,,1459,,lego,,3,,392,,422,,44,,1.0,,Cannot locate board border, maybe not the full board is in the scene. Failed at stage 1
sec6-res-util-lego-c2m2,,1461,,lego,,3,,402,,437,,60,,1.0,,Cannot locate board border, maybe not the full board is in the scene. Failed at stage 1
sec6-res-util-lego-c2m2,,1463,,lego,,3,,437,,468,,91,,1.0,,Cannot locate board border, maybe not the full board is in the scene. Failed at stage 1
sec6-res-util-lego-c2m2,,1467,,lego,,3,,443,,475,,97,,1.0,,Cannot locate board border, maybe not the full board is in the scene. Failed at stage 1
sec6-res-util-lego-c2m2,,1470,,lego,,3,,423,,454,,77,,1.0,,Cannot locate board border, maybe not the full board is in the scene. Failed at stage 1
sec6-res-util-lego-c2m2,,1473,,lego,,3,,424,,465,,88,,1.0,,Cannot locate board border, maybe not the full board is in the scene. Failed at stage 1
sec6-res-util-lego-c2m2,,1476,,lego,,3,,425,,459,,82,,1.0,,Cannot locate board border, maybe not the full board is in the scene. Failed at stage 1
sec6-res-util-lego-c2m2,,1479,,lego,,3,,453,,537,,198,,1.0,,Cannot locate board border, maybe not the full board is in the scene. Failed at stage 1
sec6-res-util-lego-c2m2,,1485,,lego,,3,,389,,440,,63,,1.0,,Cannot locate board border, maybe not the full board is in the scene. Failed at stage 1
sec6-res-util-lego-c2m2,,1487,,lego,,3,,388,,427,,56,,1.0,,Cannot locate board border, maybe not the full board is in the scene. Failed at stage 1
sec6-res-util-lego-c2m2,,1489,,lego,,3,,392,,430,,53,,1.0,,Cannot locate board border, maybe not the full board is in the scene. Failed at stage 1
sec6-res-util-lego-c2m2,,1491,,lego,,3,,389,,431,,54,,1.0,,Cannot locate board border, maybe not the full board is in the scene. Failed at stage 1
sec6-res-util-lego-c2m2,,1493,,lego,,3,,390,,975,,621,,0.999999999,,Not confident about reconstruction, maybe too much noise
sec6-res-util-lego-c2m2,,1513,,lego,,3,,425,,1091,,805,,0.999990918904,,Not confident about reconstruction, maybe too much noise
sec6-res-util-lego-c2m2,,1537,,lego,,3,,392,,1019,,698,,0.999999525728,,Not confident about reconstruction, maybe too much noise
sec6-res-util-lego-c2m2,,1559,,lego,,3,,454,,1004,,693,,0.99999961536,,Not confident about reconstruction, maybe too much noise
sec6-res-util-lego-c2m2,,1580,,lego,,3,,439,,1074,,792,,0.999993012405,,Not confident about reconstruction, maybe too much noise
sec6-res-util-lego-c2m2,,1605,,lego,,3,,683,,1235,,905,,0.999955503876,,Not confident about reconstruction, maybe too much noise
sec6-res-util-lego-c2m2,,1632,,lego,,3,,419,,1022,,692,,0.999999631639,,Not confident about reconstruction, maybe too much noise
sec6-res-util-lego-c2m2,,1654,,lego,,3,,415,,448,,71,,1.0,,Cannot locate board border, maybe not the full board is in the scene. Failed at stage 1
sec6-res-util-lego-c2m2,,1656,,lego,,3,,415,,444,,67,,1.0,,Cannot locate board border, maybe not the full board is in the scene. Failed at stage 1
sec6-res-util-lego-c2m2,,1659,,lego,,3,,433,,467,,92,,1.0,,Cannot locate board border, maybe not the full board is in the scene. Failed at stage 1
sec6-res-util-lego-c2m2,,1662,,lego,,3,,388,,418,,41,,1.0,,Cannot locate board border, maybe not the full board is in the scene. Failed at stage 1
sec6-res-util-lego-c2m2,,1664,,lego,,3,,409,,447,,70,,1.0,,Cannot locate board border, maybe not the full board is in the scene. Failed at stage 1
sec6-res-util-lego-c2m2,,1666,,lego,,3,,400,,431,,54,,1.0,,Cannot locate board border, maybe not the full board is in the scene. Failed at stage 1
sec6-res-util-lego-c2m2,,1669,,lego,,3,,421,,452,,75,,1.0,,Cannot locate board border, maybe not the full board is in the scene. Failed at stage 1
sec6-res-util-lego-c2m2,,1671,,lego,,3,,412,,442,,64,,1.0,,Cannot locate board border, maybe not the full board is in the scene. Failed at stage 1
sec6-res-util-lego-c2m2,,1674,,lego,,3,,395,,446,,71,,1.0,,Cannot locate board border, maybe not the full board is in the scene. Failed at stage 1
sec6-res-util-lego-c2m2,,1676,,lego,,3,,386,,439,,62,,1.0,,Cannot locate board border, maybe not the full board is in the scene. Failed at stage 1
sec6-res-util-lego-c2m2,,1679,,lego,,3,,386,,417,,40,,1.0,,Cannot locate board border, maybe not the full board is in the scene. Failed at stage 1
sec6-res-util-lego-c2m2,,1680,,lego,,3,,428,,459,,81,,1.0,,Cannot locate board border, maybe not the full board is in the scene. Failed at stage 1
sec6-res-util-lego-c2m2,,1683,,lego,,3,,411,,443,,65,,1.0,,Cannot locate board border, maybe not the full board is in the scene. Failed at stage 1
sec6-res-util-lego-c2m2,,1685,,lego,,3,,462,,496,,160,,1.0,,Cannot locate board border, maybe not the full board is in the scene. Failed at stage 1
sec6-res-util-lego-c2m2,,1691,,lego,,3,,386,,418,,40,,1.0,,Cannot locate board border, maybe not the full board is in the scene. Failed at stage 1
sec6-res-util-lego-c2m2,,1692,,lego,,3,,446,,498,,120,,1.0,,Cannot locate board border, maybe not the full board is in the scene. Failed at stage 1
sec6-res-util-lego-c2m2,,1696,,lego,,3,,483,,526,,149,,1.0,,Cannot locate board border, maybe not the full board is in the scene. Failed at stage 1
sec6-res-util-lego-c2m2,,1701,,lego,,3,,386,,424,,47,,1.0,,Cannot locate board border, maybe not the full board is in the scene. Failed at stage 1
sec6-res-util-lego-c2m2,,1703,,lego,,3,,386,,438,,60,,1.0,,Cannot locate board border, maybe not the full board is in the scene. Failed at stage 1
sec6-res-util-lego-c2m2,,1705,,lego,,3,,402,,433,,82,,1.0,,Cannot locate board border, maybe not the full board is in the scene. Failed at stage 1
sec6-res-util-lego-c2m2,,1708,,lego,,3,,435,,490,,112,,1.0,,Cannot locate board border, maybe not the full board is in the scene. Failed at stage 1
sec6-res-util-lego-c2m2,,1712,,lego,,3,,456,,484,,106,,1.0,,Cannot locate board border, maybe not the full board is in the scene. Failed at stage 1
sec6-res-util-lego-c2m2,,1716,,lego,,3,,451,,478,,101,,1.0,,Cannot locate board border, maybe not the full board is in the scene. Failed at stage 1
sec6-res-util-lego-c2m2,,1719,,lego,,3,,453,,529,,264,,1.0,,Cannot locate board border, maybe not the full board is in the scene. Failed at stage 1
sec6-res-util-lego-c2m2,,1728,,lego,,3,,390,,431,,54,,1.0,,Cannot locate board border, maybe not the full board is in the scene. Failed at stage 1
sec6-res-util-lego-c2m2,,1730,,lego,,3,,414,,467,,89,,1.0,,Cannot locate board border, maybe not the full board is in the scene. Failed at stage 1
sec6-res-util-lego-c2m2,,1733,,lego,,3,,476,,511,,134,,1.0,,Cannot locate board border, maybe not the full board is in the scene. Failed at stage 1
sec6-res-util-lego-c2m2,,1737,,lego,,3,,465,,503,,126,,1.0,,Cannot locate board border, maybe not the full board is in the scene. Failed at stage 1
sec6-res-util-lego-c2m2,,1742,,lego,,3,,435,,480,,105,,1.0,,Cannot locate board border, maybe not the full board is in the scene. Failed at stage 1
sec6-res-util-lego-c2m2,,1745,,lego,,3,,488,,555,,222,,1.0,,Cannot locate board border, maybe not the full board is in the scene. Failed at stage 1
sec6-res-util-lego-c2m2,,1752,,lego,,3,,387,,428,,50,,1.0,,Cannot locate board border, maybe not the full board is in the scene. Failed at stage 1
sec6-res-util-lego-c2m2,,1754,,lego,,3,,439,,478,,101,,1.0,,Cannot locate board border, maybe not the full board is in the scene. Failed at stage 1
sec6-res-util-lego-c2m2,,1758,,lego,,3,,498,,551,,174,,1.0,,Cannot locate board border, maybe not the full board is in the scene. Failed at stage 1
sec6-res-util-lego-c2m2,,1763,,lego,,3,,468,,494,,116,,1.0,,Cannot locate board border, maybe not the full board is in the scene. Failed at stage 1
sec6-res-util-lego-c2m2,,1767,,lego,,3,,421,,447,,70,,1.0,,Cannot locate board border, maybe not the full board is in the scene. Failed at stage 1
sec6-res-util-lego-c2m2,,1770,,lego,,3,,454,,478,,100,,1.0,,Cannot locate board border, maybe not the full board is in the scene. Failed at stage 1
sec6-res-util-lego-c2m2,,1773,,lego,,3,,403,,429,,52,,1.0,,Cannot locate board border, maybe not the full board is in the scene. Failed at stage 1
sec6-res-util-lego-c2m2,,1775,,lego,,3,,407,,453,,76,,1.0,,Cannot locate board border, maybe not the full board is in the scene. Failed at stage 1
sec6-res-util-lego-c2m2,,1778,,lego,,3,,468,,494,,123,,1.0,,Cannot locate board border, maybe not the full board is in the scene. Failed at stage 1
sec6-res-util-lego-c2m2,,1782,,lego,,3,,739,,764,,420,,1.0,,Cannot locate board border, maybe not the full board is in the scene. Failed at stage 1
sec6-res-util-lego-c2m2,,1795,,lego,,3,,393,,417,,40,,1.0,,Cannot locate board border, maybe not the full board is in the scene. Failed at stage 1
sec6-res-util-lego-c2m2,,1797,,lego,,3,,477,,533,,156,,1.0,,Cannot locate board border, maybe not the full board is in the scene. Failed at stage 1
sec6-res-util-lego-c2m2,,1802,,lego,,3,,899,,971,,685,,0.99999973159,,Cannot locate board border, maybe not the full board is in the scene. Failed at stage 1
sec6-res-util-lego-c2m2,,1823,,lego,,3,,893,,946,,588,,1.0,,Cannot locate board border, maybe not the full board is in the scene. Failed at stage 1
sec6-res-util-lego-c2m2,,1841,,lego,,3,,451,,480,,103,,1.0,,Cannot locate board border, maybe not the full board is in the scene. Failed at stage 1
sec6-res-util-lego-c2m2,,1845,,lego,,3,,417,,459,,82,,1.0,,Cannot locate board border, maybe not the full board is in the scene. Failed at stage 1
sec6-res-util-lego-c2m2,,1848,,lego,,3,,388,,445,,68,,1.0,,Cannot locate board border, maybe not the full board is in the scene. Failed at stage 1
sec6-res-util-lego-c2m2,,1850,,lego,,3,,466,,557,,180,,1.0,,Cannot locate board border, maybe not the full board is in the scene. Failed at stage 1
sec6-res-util-lego-c2m2,,1856,,lego,,3,,469,,512,,135,,1.0,,Cannot locate board border, maybe not the full board is in the scene. Failed at stage 1
sec6-res-util-lego-c2m2,,1861,,lego,,3,,453,,515,,138,,1.0,,Cannot locate board border, maybe not the full board is in the scene. Failed at stage 1
sec6-res-util-lego-c2m2,,1865,,lego,,3,,457,,516,,139,,1.0,,Cannot locate board border, maybe not the full board is in the scene. Failed at stage 1
sec6-res-util-lego-c2m2,,1870,,lego,,3,,425,,511,,162,,1.0,,Cannot locate board border, maybe not the full board is in the scene. Failed at stage 1
sec6-res-util-lego-c2m2,,1875,,lego,,3,,451,,1045,,703,,0.999999421276,,Not confident about reconstruction, maybe too much noise
sec6-res-util-lego-c2m2,,1897,,lego,,3,,393,,1038,,690,,0.999999662641,,Not confident about reconstruction, maybe too much noise
sec6-res-util-lego-c2m2,,1918,,lego,,3,,425,,1075,,805,,0.999990918904,,Not confident about reconstruction, maybe too much noise
sec6-res-util-lego-c2m2,,1943,,lego,,3,,389,,1007,,688,,0.999999691643,,[[0 0 1 1]
 [0 2 1 6]
 [2 2 2 2]]
sec6-res-util-lego-c2m2,,1964,,lego,,3,,390,,977,,685,,0.99999973159,,Not confident about reconstruction, maybe too much noise
sec6-res-util-lego-c2m2,,1986,,lego,,3,,394,,1030,,703,,0.999999421276,,Not confident about reconstruction, maybe too much noise
sec6-res-util-lego-c2m2,,2007,,lego,,3,,407,,949,,589,,1.0,,[[0 0 1 1]
 [0 2 1 6]
 [2 2 2 2]]
sec6-res-util-lego-c2m2,,2026,,lego,,3,,424,,505,,128,,1.0,,Cannot locate board border, maybe not the full board is in the scene. Failed at stage 1
sec6-res-util-lego-c2m2,,2030,,lego,,3,,387,,439,,62,,1.0,,Cannot locate board border, maybe not the full board is in the scene. Failed at stage 1
sec6-res-util-lego-c2m2,,2033,,lego,,3,,388,,426,,49,,1.0,,Cannot locate board border, maybe not the full board is in the scene. Failed at stage 1
sec6-res-util-lego-c2m2,,2034,,lego,,3,,395,,424,,47,,1.0,,Cannot locate board border, maybe not the full board is in the scene. Failed at stage 1
sec6-res-util-lego-c2m2,,2036,,lego,,3,,390,,437,,60,,1.0,,Cannot locate board border, maybe not the full board is in the scene. Failed at stage 1
sec6-res-util-lego-c2m2,,2038,,lego,,3,,389,,417,,40,,1.0,,Cannot locate board border, maybe not the full board is in the scene. Failed at stage 1
sec6-res-util-lego-c2m2,,2040,,lego,,3,,410,,439,,61,,1.0,,Cannot locate board border, maybe not the full board is in the scene. Failed at stage 1
sec6-res-util-lego-c2m2,,2042,,lego,,3,,394,,442,,65,,1.0,,Cannot locate board border, maybe not the full board is in the scene. Failed at stage 1
sec6-res-util-lego-c2m2,,2045,,lego,,3,,390,,419,,42,,1.0,,Cannot locate board border, maybe not the full board is in the scene. Failed at stage 1
sec6-res-util-lego-c2m2,,2046,,lego,,3,,388,,425,,48,,1.0,,Cannot locate board border, maybe not the full board is in the scene. Failed at stage 1
sec6-res-util-lego-c2m2,,2048,,lego,,3,,400,,454,,77,,1.0,,Cannot locate board border, maybe not the full board is in the scene. Failed at stage 1
sec6-res-util-lego-c2m2,,2051,,lego,,3,,388,,418,,41,,1.0,,Cannot locate board border, maybe not the full board is in the scene. Failed at stage 1
sec6-res-util-lego-c2m2,,2053,,lego,,3,,392,,421,,43,,1.0,,Cannot locate board border, maybe not the full board is in the scene. Failed at stage 1
sec6-res-util-lego-c2m2,,2054,,lego,,3,,388,,435,,57,,1.0,,Cannot locate board border, maybe not the full board is in the scene. Failed at stage 1
sec6-res-util-lego-c2m2,,2056,,lego,,3,,389,,417,,40,,1.0,,Cannot locate board border, maybe not the full board is in the scene. Failed at stage 1
sec6-res-util-lego-c2m2,,2058,,lego,,3,,414,,443,,69,,1.0,,Cannot locate board border, maybe not the full board is in the scene. Failed at stage 1
sec6-res-util-lego-c2m2,,2061,,lego,,3,,395,,435,,58,,1.0,,Cannot locate board border, maybe not the full board is in the scene. Failed at stage 1
sec6-res-util-lego-c2m2,,2063,,lego,,3,,394,,424,,48,,1.0,,Cannot locate board border, maybe not the full board is in the scene. Failed at stage 1
sec6-res-util-lego-c2m2,,2065,,lego,,3,,408,,436,,59,,1.0,,Cannot locate board border, maybe not the full board is in the scene. Failed at stage 1
sec6-res-util-lego-c2m2,,2067,,lego,,3,,431,,463,,85,,1.0,,Cannot locate board border, maybe not the full board is in the scene. Failed at stage 1
sec6-res-util-lego-c2m2,,2070,,lego,,3,,415,,445,,68,,1.0,,Cannot locate board border, maybe not the full board is in the scene. Failed at stage 1
sec6-res-util-lego-c2m2,,2072,,lego,,3,,401,,441,,64,,1.0,,Cannot locate board border, maybe not the full board is in the scene. Failed at stage 1
sec6-res-util-lego-c2m2,,2075,,lego,,3,,389,,419,,42,,1.0,,Cannot locate board border, maybe not the full board is in the scene. Failed at stage 1
sec6-res-util-lego-c2m2,,2076,,lego,,3,,391,,424,,47,,1.0,,Cannot locate board border, maybe not the full board is in the scene. Failed at stage 1
sec6-res-util-lego-c2m2,,2078,,lego,,3,,405,,455,,78,,1.0,,Cannot locate board border, maybe not the full board is in the scene. Failed at stage 1
sec6-res-util-lego-c2m2,,2081,,lego,,3,,405,,455,,77,,1.0,,Cannot locate board border, maybe not the full board is in the scene. Failed at stage 1
sec6-res-util-lego-c2m2,,2084,,lego,,3,,438,,476,,201,,1.0,,Cannot locate board border, maybe not the full board is in the scene. Failed at stage 1
sec6-res-util-lego-c2m2,,2090,,lego,,3,,391,,419,,42,,1.0,,Cannot locate board border, maybe not the full board is in the scene. Failed at stage 1
sec6-res-util-lego-c2m2,,2092,,lego,,3,,419,,445,,105,,1.0,,Cannot locate board border, maybe not the full board is in the scene. Failed at stage 1
sec6-res-util-lego-c2m2,,2095,,lego,,3,,390,,417,,40,,1.0,,Cannot locate board border, maybe not the full board is in the scene. Failed at stage 1
sec6-res-util-lego-c2m2,,2097,,lego,,3,,416,,445,,68,,1.0,,Cannot locate board border, maybe not the full board is in the scene. Failed at stage 1
sec6-res-util-lego-c2m2,,2099,,lego,,3,,430,,457,,79,,1.0,,Cannot locate board border, maybe not the full board is in the scene. Failed at stage 1
sec6-res-util-lego-c2m2,,2102,,lego,,3,,406,,454,,77,,1.0,,Cannot locate board border, maybe not the full board is in the scene. Failed at stage 1
sec6-res-util-lego-c2m2,,2105,,lego,,3,,408,,453,,76,,1.0,,Cannot locate board border, maybe not the full board is in the scene. Failed at stage 1
sec6-res-util-lego-c2m2,,2108,,lego,,3,,406,,435,,74,,1.0,,Cannot locate board border, maybe not the full board is in the scene. Failed at stage 1
sec6-res-util-lego-c2m2,,2110,,lego,,3,,471,,501,,231,,1.0,,Cannot locate board border, maybe not the full board is in the scene. Failed at stage 1
sec6-res-util-lego-c2m2,,2118,,lego,,3,,389,,419,,42,,1.0,,Cannot locate board border, maybe not the full board is in the scene. Failed at stage 1
sec6-res-util-lego-c2m2,,2119,,lego,,3,,462,,490,,113,,1.0,,Cannot locate board border, maybe not the full board is in the scene. Failed at stage 1
sec6-res-util-lego-c2m2,,2123,,lego,,3,,406,,456,,80,,1.0,,Cannot locate board border, maybe not the full board is in the scene. Failed at stage 1
sec6-res-util-lego-c2m2,,2126,,lego,,3,,403,,450,,73,,1.0,,Cannot locate board border, maybe not the full board is in the scene. Failed at stage 1
sec6-res-util-lego-c2m2,,2129,,lego,,3,,452,,481,,103,,1.0,,Cannot locate board border, maybe not the full board is in the scene. Failed at stage 1
sec6-res-util-lego-c2m2,,2132,,lego,,3,,445,,474,,97,,1.0,,Cannot locate board border, maybe not the full board is in the scene. Failed at stage 1
sec6-res-util-lego-c2m2,,2136,,lego,,3,,450,,479,,102,,1.0,,Cannot locate board border, maybe not the full board is in the scene. Failed at stage 1
sec6-res-util-lego-c2m2,,2139,,lego,,3,,389,,418,,40,,1.0,,Cannot locate board border, maybe not the full board is in the scene. Failed at stage 1
sec6-res-util-lego-c2m2,,2141,,lego,,3,,418,,458,,140,,1.0,,Cannot locate board border, maybe not the full board is in the scene. Failed at stage 1
sec6-res-util-lego-c2m2,,2145,,lego,,3,,400,,426,,49,,1.0,,Cannot locate board border, maybe not the full board is in the scene. Failed at stage 1
sec6-res-util-lego-c2m2,,2147,,lego,,3,,400,,441,,64,,1.0,,Cannot locate board border, maybe not the full board is in the scene. Failed at stage 1
sec6-res-util-lego-c2m2,,2150,,lego,,3,,432,,472,,95,,1.0,,Cannot locate board border, maybe not the full board is in the scene. Failed at stage 1
sec6-res-util-lego-c2m2,,2153,,lego,,3,,400,,458,,81,,1.0,,Cannot locate board border, maybe not the full board is in the scene. Failed at stage 1
sec6-res-util-lego-c2m2,,2156,,lego,,3,,398,,458,,81,,1.0,,Cannot locate board border, maybe not the full board is in the scene. Failed at stage 1
sec6-res-util-lego-c2m2,,2159,,lego,,3,,389,,411,,34,,1.0,,Cannot locate board border, maybe not the full board is in the scene. Failed at stage 1
sec6-res-util-lego-c2m2,,2160,,lego,,3,,413,,438,,60,,1.0,,Cannot locate board border, maybe not the full board is in the scene. Failed at stage 1
sec6-res-util-lego-c2m2,,2163,,lego,,3,,454,,479,,102,,1.0,,Cannot locate board border, maybe not the full board is in the scene. Failed at stage 1
sec6-res-util-lego-c2m2,,2166,,lego,,3,,450,,475,,98,,1.0,,Cannot locate board border, maybe not the full board is in the scene. Failed at stage 1
sec6-res-util-lego-c2m2,,2169,,lego,,3,,413,,437,,59,,1.0,,Cannot locate board border, maybe not the full board is in the scene. Failed at stage 1
sec6-res-util-lego-c2m2,,2172,,lego,,3,,449,,473,,96,,1.0,,Cannot locate board border, maybe not the full board is in the scene. Failed at stage 1
sec6-res-util-lego-c2m2,,2175,,lego,,3,,412,,435,,58,,1.0,,Cannot locate board border, maybe not the full board is in the scene. Failed at stage 1
sec6-res-util-lego-c2m2,,2177,,lego,,3,,389,,440,,62,,1.0,,Cannot locate board border, maybe not the full board is in the scene. Failed at stage 1
sec6-res-util-lego-c2m2,,2179,,lego,,3,,389,,413,,37,,1.0,,Cannot locate board border, maybe not the full board is in the scene. Failed at stage 1
sec6-res-util-lego-c2m2,,2181,,lego,,3,,425,,447,,70,,1.0,,Cannot locate board border, maybe not the full board is in the scene. Failed at stage 1
sec6-res-util-lego-c2m2,,2184,,lego,,3,,430,,451,,74,,1.0,,Cannot locate board border, maybe not the full board is in the scene. Failed at stage 1
sec6-res-util-lego-c2m2,,2186,,lego,,3,,443,,463,,86,,1.0,,Cannot locate board border, maybe not the full board is in the scene. Failed at stage 1
sec6-res-util-lego-c2m2,,2189,,lego,,3,,445,,469,,92,,1.0,,Cannot locate board border, maybe not the full board is in the scene. Failed at stage 1
sec6-res-util-lego-c2m2,,2192,,lego,,3,,445,,466,,89,,1.0,,Cannot locate board border, maybe not the full board is in the scene. Failed at stage 1
sec6-res-util-lego-c2m2,,2196,,lego,,3,,471,,530,,256,,1.0,,Cannot locate board border, maybe not the full board is in the scene. Failed at stage 1
sec6-res-util-lego-c2m2,,2204,,lego,,3,,448,,474,,96,,1.0,,Cannot locate board border, maybe not the full board is in the scene. Failed at stage 1
sec6-res-util-lego-c2m2,,2207,,lego,,3,,483,,506,,129,,1.0,,Cannot locate board border, maybe not the full board is in the scene. Failed at stage 1
sec6-res-util-lego-c2m2,,2211,,lego,,3,,502,,528,,150,,1.0,,Cannot locate board border, maybe not the full board is in the scene. Failed at stage 1
sec6-res-util-lego-c2m2,,2216,,lego,,3,,473,,494,,117,,1.0,,Cannot locate board border, maybe not the full board is in the scene. Failed at stage 1
sec6-res-util-lego-c2m2,,2220,,lego,,3,,418,,438,,61,,1.0,,Cannot locate board border, maybe not the full board is in the scene. Failed at stage 1
sec6-res-util-lego-c2m2,,2223,,lego,,3,,417,,437,,60,,1.0,,Cannot locate board border, maybe not the full board is in the scene. Failed at stage 1
sec6-res-util-lego-c2m2,,2225,,lego,,3,,486,,509,,132,,1.0,,Cannot locate board border, maybe not the full board is in the scene. Failed at stage 1
sec6-res-util-lego-c2m2,,2229,,lego,,3,,501,,525,,253,,1.0,,Cannot locate board border, maybe not the full board is in the scene. Failed at stage 1
sec6-res-util-lego-c2m2,,2238,,lego,,3,,478,,539,,162,,1.0,,Cannot locate board border, maybe not the full board is in the scene. Failed at stage 1
sec6-res-util-lego-c2m2,,2243,,lego,,3,,392,,418,,41,,1.0,,Cannot locate board border, maybe not the full board is in the scene. Failed at stage 1
sec6-res-util-lego-c2m2,,2244,,lego,,3,,449,,498,,121,,1.0,,Cannot locate board border, maybe not the full board is in the scene. Failed at stage 1
sec6-res-util-lego-c2m2,,2249,,lego,,3,,401,,419,,42,,1.0,,Cannot locate board border, maybe not the full board is in the scene. Failed at stage 1
sec6-res-util-lego-c2m2,,2250,,lego,,3,,418,,446,,69,,1.0,,Cannot locate board border, maybe not the full board is in the scene. Failed at stage 1
sec6-res-util-lego-c2m2,,2253,,lego,,3,,459,,518,,140,,1.0,,Cannot locate board border, maybe not the full board is in the scene. Failed at stage 1
sec6-res-util-lego-c2m2,,2258,,lego,,3,,399,,430,,52,,1.0,,Cannot locate board border, maybe not the full board is in the scene. Failed at stage 1
sec6-res-util-lego-c2m2,,2260,,lego,,3,,414,,443,,66,,1.0,,Cannot locate board border, maybe not the full board is in the scene. Failed at stage 1
sec6-res-util-lego-c2m2,,2262,,lego,,3,,451,,477,,100,,1.0,,Cannot locate board border, maybe not the full board is in the scene. Failed at stage 1
sec6-res-util-lego-c2m2,,2266,,lego,,3,,420,,450,,73,,1.0,,Cannot locate board border, maybe not the full board is in the scene. Failed at stage 1
sec6-res-util-lego-c2m2,,2268,,lego,,3,,416,,459,,84,,1.0,,Cannot locate board border, maybe not the full board is in the scene. Failed at stage 1
sec6-res-util-lego-c2m2,,2271,,lego,,3,,462,,528,,151,,1.0,,Cannot locate board border, maybe not the full board is in the scene. Failed at stage 1
sec6-res-util-lego-c2m2,,2276,,lego,,3,,398,,460,,83,,1.0,,Cannot locate board border, maybe not the full board is in the scene. Failed at stage 1
sec6-res-util-lego-c2m2,,2279,,lego,,3,,391,,461,,141,,1.0,,Cannot locate board border, maybe not the full board is in the scene. Failed at stage 1
sec6-res-util-lego-c2m2,,2284,,lego,,3,,416,,454,,76,,1.0,,Cannot locate board border, maybe not the full board is in the scene. Failed at stage 1
sec6-res-util-lego-c2m2,,2286,,lego,,3,,429,,464,,87,,1.0,,Cannot locate board border, maybe not the full board is in the scene. Failed at stage 1
sec6-res-util-lego-c2m2,,2289,,lego,,3,,431,,469,,92,,1.0,,Cannot locate board border, maybe not the full board is in the scene. Failed at stage 1
sec6-res-util-lego-c2m2,,2293,,lego,,3,,418,,456,,79,,1.0,,Cannot locate board border, maybe not the full board is in the scene. Failed at stage 1
sec6-res-util-lego-c2m2,,2295,,lego,,3,,456,,531,,153,,1.0,,Cannot locate board border, maybe not the full board is in the scene. Failed at stage 1
sec6-res-util-lego-c2m2,,2300,,lego,,3,,493,,554,,178,,1.0,,Cannot locate board border, maybe not the full board is in the scene. Failed at stage 1
sec6-res-util-lego-c2m2,,2306,,lego,,3,,476,,540,,163,,1.0,,Cannot locate board border, maybe not the full board is in the scene. Failed at stage 1
sec6-res-util-lego-c2m2,,2311,,lego,,3,,508,,598,,287,,1.0,,Cannot locate board border, maybe not the full board is in the scene. Failed at stage 1
sec6-res-util-lego-c2m2,,2321,,lego,,3,,391,,1006,,699,,0.999999506072,,Not confident about reconstruction, maybe too much noise
sec6-res-util-lego-c2m2,,2342,,lego,,3,,504,,1154,,803,,0.999991268136,,Not confident about reconstruction, maybe too much noise
sec6-res-util-lego-c2m2,,2367,,lego,,3,,541,,1139,,796,,0.999992411654,,[[0 2 1 1]
 [0 2 1 6]
 [2 2 2 2]]
sec6-res-util-lego-c2m2,,2391,,lego,,3,,495,,1150,,791,,0.999993156846,,Not confident about reconstruction, maybe too much noise
sec6-res-util-lego-c2m2,,2416,,lego,,3,,528,,1194,,894,,0.999961584,,[[0 2 1 1]
 [0 2 1 6]
 [2 2 2 2]]
sec6-res-util-lego-c2m2,,2443,,lego,,3,,463,,1099,,791,,0.999993156846,,[[0 2 1 1]
 [0 2 1 6]
 [2 2 2 2]]
sec6-res-util-lego-c2m2,,2468,,lego,,3,,423,,465,,88,,1.0,,Cannot locate board border, maybe not the full board is in the scene. Failed at stage 1
sec6-res-util-lego-c2m2,,2471,,lego,,3,,473,,499,,122,,1.0,,Cannot locate board border, maybe not the full board is in the scene. Failed at stage 1
sec6-res-util-lego-c2m2,,2475,,lego,,3,,422,,448,,71,,1.0,,Cannot locate board border, maybe not the full board is in the scene. Failed at stage 1
sec6-res-util-lego-c2m2,,2478,,lego,,3,,557,,586,,209,,1.0,,Cannot locate board border, maybe not the full board is in the scene. Failed at stage 1
sec6-res-util-lego-c2m2,,2485,,lego,,3,,539,,610,,246,,1.0,,Cannot locate board border, maybe not the full board is in the scene. Failed at stage 1
sec6-res-util-lego-c2m2,,2493,,lego,,3,,460,,500,,144,,1.0,,Cannot locate board border, maybe not the full board is in the scene. Failed at stage 1
sec6-res-util-lego-c2m2,,2497,,lego,,3,,387,,418,,40,,1.0,,Cannot locate board border, maybe not the full board is in the scene. Failed at stage 1
sec6-res-util-lego-c2m2,,2499,,lego,,3,,466,,526,,150,,1.0,,Cannot locate board border, maybe not the full board is in the scene. Failed at stage 1
sec6-res-util-lego-c2m2,,2504,,lego,,3,,560,,590,,323,,1.0,,Cannot locate board border, maybe not the full board is in the scene. Failed at stage 1
sec6-res-util-lego-c2m2,,2514,,lego,,3,,424,,460,,82,,1.0,,Cannot locate board border, maybe not the full board is in the scene. Failed at stage 1
sec6-res-util-lego-c2m2,,2517,,lego,,3,,436,,467,,89,,1.0,,Cannot locate board border, maybe not the full board is in the scene. Failed at stage 1
sec6-res-util-lego-c2m2,,2520,,lego,,3,,528,,558,,181,,1.0,,Cannot locate board border, maybe not the full board is in the scene. Failed at stage 1
sec6-res-util-lego-c2m2,,2526,,lego,,3,,496,,542,,164,,1.0,,Cannot locate board border, maybe not the full board is in the scene. Failed at stage 1
sec6-res-util-lego-c2m2,,2531,,lego,,3,,498,,555,,177,,1.0,,Cannot locate board border, maybe not the full board is in the scene. Failed at stage 1
sec6-res-util-lego-c2m2,,2537,,lego,,3,,495,,564,,187,,1.0,,Cannot locate board border, maybe not the full board is in the scene. Failed at stage 1
sec6-res-util-lego-c2m2,,2543,,lego,,3,,509,,559,,181,,1.0,,Cannot locate board border, maybe not the full board is in the scene. Failed at stage 1
sec6-res-util-lego-c2m2,,2549,,lego,,3,,485,,553,,176,,1.0,,Cannot locate board border, maybe not the full board is in the scene. Failed at stage 1
sec6-res-util-lego-c2m2,,2555,,lego,,3,,475,,524,,171,,1.0,,Cannot locate board border, maybe not the full board is in the scene. Failed at stage 1
sec6-res-util-lego-c2m2,,2560,,lego,,3,,411,,478,,101,,1.0,,Cannot locate board border, maybe not the full board is in the scene. Failed at stage 1
sec6-res-util-lego-c2m2,,2564,,lego,,3,,504,,560,,182,,1.0,,Cannot locate board border, maybe not the full board is in the scene. Failed at stage 1
sec6-res-util-lego-c2m2,,2570,,lego,,3,,479,,510,,132,,1.0,,Cannot locate board border, maybe not the full board is in the scene. Failed at stage 1
sec6-res-util-lego-c2m2,,2574,,lego,,3,,413,,445,,67,,1.0,,Cannot locate board border, maybe not the full board is in the scene. Failed at stage 1
sec6-res-util-lego-c2m2,,2577,,lego,,3,,450,,516,,140,,1.0,,Cannot locate board border, maybe not the full board is in the scene. Failed at stage 1
sec6-res-util-lego-c2m2,,2581,,lego,,3,,413,,478,,195,,1.0,,Cannot locate board border, maybe not the full board is in the scene. Failed at stage 1
sec6-res-util-lego-c2m2,,2588,,lego,,3,,390,,421,,43,,1.0,,Cannot locate board border, maybe not the full board is in the scene. Failed at stage 1
sec6-res-util-lego-c2m2,,2590,,lego,,3,,497,,526,,149,,1.0,,Cannot locate board border, maybe not the full board is in the scene. Failed at stage 1
sec6-res-util-lego-c2m2,,2594,,lego,,3,,734,,774,,476,,1.0,,Cannot locate board border, maybe not the full board is in the scene. Failed at stage 1
sec6-res-util-lego-c2m2,,2609,,lego,,3,,595,,646,,291,,1.0,,Cannot locate board border, maybe not the full board is in the scene. Failed at stage 1
sec6-res-util-lego-c2m2,,2618,,lego,,3,,391,,429,,52,,1.0,,Cannot locate board border, maybe not the full board is in the scene. Failed at stage 1
sec6-res-util-lego-c2m2,,2621,,lego,,3,,661,,695,,429,,1.0,,Cannot locate board border, maybe not the full board is in the scene. Failed at stage 1
sec6-res-util-lego-c2m2,,2634,,lego,,3,,510,,542,,164,,1.0,,Cannot locate board border, maybe not the full board is in the scene. Failed at stage 1
sec6-res-util-lego-c2m2,,2639,,lego,,3,,451,,484,,106,,1.0,,Cannot locate board border, maybe not the full board is in the scene. Failed at stage 1
sec6-res-util-lego-c2m2,,2643,,lego,,3,,476,,524,,146,,1.0,,Cannot locate board border, maybe not the full board is in the scene. Failed at stage 1
sec6-res-util-lego-c2m2,,2648,,lego,,3,,467,,491,,114,,1.0,,Cannot locate board border, maybe not the full board is in the scene. Failed at stage 1
sec6-res-util-lego-c2m2,,2652,,lego,,3,,400,,439,,61,,1.0,,Cannot locate board border, maybe not the full board is in the scene. Failed at stage 1
sec6-res-util-lego-c2m2,,2654,,lego,,3,,456,,484,,130,,1.0,,Cannot locate board border, maybe not the full board is in the scene. Failed at stage 1
sec6-res-util-lego-c2m2,,2658,,lego,,3,,434,,461,,117,,1.0,,Cannot locate board border, maybe not the full board is in the scene. Failed at stage 1
sec6-res-util-lego-c2m2,,2662,,lego,,3,,419,,487,,109,,1.0,,Cannot locate board border, maybe not the full board is in the scene. Failed at stage 1
sec6-res-util-lego-c2m2,,2666,,lego,,3,,389,,445,,68,,1.0,,Cannot locate board border, maybe not the full board is in the scene. Failed at stage 1
sec6-res-util-lego-c2m2,,2669,,lego,,3,,417,,479,,102,,1.0,,Cannot locate board border, maybe not the full board is in the scene. Failed at stage 1
sec6-res-util-lego-c2m2,,2672,,lego,,3,,407,,458,,80,,1.0,,Cannot locate board border, maybe not the full board is in the scene. Failed at stage 1
sec6-res-util-lego-c2m2,,2675,,lego,,3,,410,,468,,90,,1.0,,Cannot locate board border, maybe not the full board is in the scene. Failed at stage 1
sec6-res-util-lego-c2m2,,2678,,lego,,3,,408,,987,,660,,0.999999933361,,Not confident about reconstruction, maybe too much noise
sec6-res-util-lego-c2m2,,2698,,lego,,3,,388,,991,,691,,0.999999647395,,Not confident about reconstruction, maybe too much noise
