sec6-res-util-pool-c4m2,,765,,pool,,1,,555,,800,,385,,1.73333694995e-34,,Cannot find cue top
sec6-res-util-pool-c4m2,,776,,pool,,1,,501,,701,,288,,8.29558135533e-23,,Cannot find cue bottom
sec6-res-util-pool-c4m2,,786,,pool,,1,,498,,595,,111,,0.170518113732,,Cannot find cue top
sec6-res-util-pool-c4m2,,789,,pool,,1,,519,,618,,135,,0.0002197265625,,Cannot find cue top
sec6-res-util-pool-c4m2,,794,,pool,,1,,508,,702,,314,,6.1395264107e-26,,Cannot find cue top
sec6-res-util-pool-c4m2,,804,,pool,,1,,500,,639,,156,,6.50474982195e-07,,Cannot find cue top
sec6-res-util-pool-c4m2,,809,,pool,,1,,500,,756,,420,,1.05794491574e-38,,Cannot find cue top
sec6-res-util-pool-c4m2,,822,,pool,,1,,499,,654,,177,,1.92565567698e-09,,Cannot find cue top
sec6-res-util-pool-c4m2,,828,,pool,,1,,525,,691,,208,,3.56292506224e-13,,Cannot find cue top
sec6-res-util-pool-c4m2,,835,,pool,,1,,504,,628,,145,,1.37329101563e-05,,Cannot find cue ball
sec6-res-util-pool-c4m2,,840,,pool,,1,,535,,670,,187,,1.20353479811e-10,,Cannot find cue top
sec6-res-util-pool-c4m2,,846,,pool,,1,,530,,634,,151,,2.60189992878e-06,,Cannot find cue top
sec6-res-util-pool-c4m2,,851,,pool,,1,,500,,671,,188,,9.12108815935e-11,,Cannot find cue top
sec6-res-util-pool-c4m2,,857,,pool,,1,,498,,788,,358,,3.09034487431e-31,,Cannot find cue top
sec6-res-util-pool-c4m2,,2,,pool,,1,,502,,694,,211,,1.55085320996e-13,,Cannot find cue top
sec6-res-util-pool-c4m2,,9,,pool,,1,,502,,619,,136,,0.000166521595442,,Cannot find cue top
sec6-res-util-pool-c4m2,,14,,pool,,1,,500,,716,,421,,8.01772317621e-39,,Cannot find cue top
sec6-res-util-pool-c4m2,,27,,pool,,1,,499,,709,,293,,2.07389533883e-23,,Cannot find cue bottom
sec6-res-util-pool-c4m2,,36,,pool,,1,,498,,593,,136,,0.000166521595442,,Cannot find cue top
sec6-res-util-pool-c4m2,,41,,pool,,1,,510,,816,,351,,2.15224117689e-30,,Cannot find cue ball
sec6-res-util-pool-c4m2,,52,,pool,,1,,497,,877,,491,,2.98683463641e-47,,Cannot find cue bottom
sec6-res-util-pool-c4m2,,67,,pool,,1,,494,,663,,182,,4.81413919245e-10,,Cannot find cue bottom
sec6-res-util-pool-c4m2,,73,,pool,,1,,505,,647,,164,,7.07839202699e-08,,Cannot find cue bottom
sec6-res-util-pool-c4m2,,78,,pool,,1,,499,,660,,176,,2.5409178992e-09,,Cannot find cue bottom
sec6-res-util-pool-c4m2,,84,,pool,,1,,499,,771,,336,,1.37743435321e-28,,Cannot find object ball
sec6-res-util-pool-c4m2,,95,,pool,,1,,500,,713,,290,,4.76456032831e-23,,Cannot find object ball
sec6-res-util-pool-c4m2,,104,,pool,,1,,498,,812,,395,,1.08333559372e-35,,Cannot find cue bottom
sec6-res-util-pool-c4m2,,116,,pool,,1,,573,,711,,228,,1.39176760244e-15,,Cannot find cue bottom
sec6-res-util-pool-c4m2,,123,,pool,,1,,498,,792,,358,,3.09034487431e-31,,Cannot find cue bottom
sec6-res-util-pool-c4m2,,135,,pool,,1,,500,,617,,137,,0.000126199770446,,Cannot find object ball
sec6-res-util-pool-c4m2,,139,,pool,,1,,499,,656,,173,,5.83749642198e-09,,Cannot find object ball
sec6-res-util-pool-c4m2,,145,,pool,,1,,535,,766,,356,,5.38060294222e-31,,Cannot find object ball
sec6-res-util-pool-c4m2,,156,,pool,,1,,498,,778,,394,,1.42946988593e-35,,speech: right
sec6-res-util-pool-c4m2,,168,,pool,,1,,497,,603,,120,,0.0140625,,Cannot find object ball
sec6-res-util-pool-c4m2,,173,,pool,,1,,514,,766,,359,,2.34204346111e-31,,Cannot find cue bottom
sec6-res-util-pool-c4m2,,184,,pool,,1,,500,,667,,183,,3.64843526374e-10,,Cannot find cue bottom
sec6-res-util-pool-c4m2,,190,,pool,,1,,534,,849,,393,,1.8861968227e-35,,Cannot find object ball
sec6-res-util-pool-c4m2,,202,,pool,,1,,499,,634,,152,,1.97187141323e-06,,Cannot find cue bottom
sec6-res-util-pool-c4m2,,207,,pool,,1,,502,,710,,341,,3.44358588302e-29,,Cannot find cue bottom
sec6-res-util-pool-c4m2,,218,,pool,,1,,525,,621,,146,,1.04075997151e-05,,Cannot find object ball
sec6-res-util-pool-c4m2,,223,,pool,,1,,537,,690,,219,,1.6876201694e-14,,speech: left
sec6-res-util-pool-c4m2,,230,,pool,,1,,507,,709,,287,,1.09460852228e-22,,speech: left
sec6-res-util-pool-c4m2,,239,,pool,,1,,498,,632,,149,,4.53017089728e-06,,Cannot find object ball
sec6-res-util-pool-c4m2,,244,,pool,,1,,532,,762,,327,,1.67024005475e-27,,Cannot find cue ball
sec6-res-util-pool-c4m2,,254,,pool,,1,,496,,590,,107,,0.516914259749,,Cannot find cue top
sec6-res-util-pool-c4m2,,258,,pool,,1,,498,,669,,195,,1.30967237055e-11,,Cannot find cue bottom
sec6-res-util-pool-c4m2,,264,,pool,,1,,537,,602,,124,,0.00463889499881,,Cannot find cue top
sec6-res-util-pool-c4m2,,269,,pool,,1,,543,,644,,169,,1.76959800675e-08,,Cannot find cue top
sec6-res-util-pool-c4m2,,274,,pool,,1,,516,,657,,173,,5.83749642198e-09,,Cannot find cue top
sec6-res-util-pool-c4m2,,280,,pool,,1,,526,,645,,162,,1.23241963327e-07,,Cannot find object ball
sec6-res-util-pool-c4m2,,286,,pool,,1,,500,,686,,203,,1.4251700249e-12,,Cannot find cue ball
sec6-res-util-pool-c4m2,,292,,pool,,1,,536,,745,,364,,5.85510865278e-32,,Cannot find cue bottom
sec6-res-util-pool-c4m2,,304,,pool,,1,,498,,668,,184,,2.76499688554e-10,,Cannot find cue bottom
sec6-res-util-pool-c4m2,,310,,pool,,1,,501,,748,,295,,1.19114008208e-23,,Cannot find cue bottom
sec6-res-util-pool-c4m2,,319,,pool,,1,,499,,584,,100,,0.99375,,Cannot find cue bottom
sec6-res-util-pool-c4m2,,322,,pool,,1,,496,,676,,277,,1.75137363565e-21,,Cannot find cue bottom
sec6-res-util-pool-c4m2,,331,,pool,,1,,500,,671,,188,,9.12108815935e-11,,Cannot find cue bottom
sec6-res-util-pool-c4m2,,337,,pool,,1,,523,,680,,197,,7.5220924882e-12,,Cannot find cue bottom
sec6-res-util-pool-c4m2,,344,,pool,,1,,498,,742,,285,,1.90582413132e-22,,Cannot find cue top
sec6-res-util-pool-c4m2,,353,,pool,,1,,506,,667,,288,,8.29558135533e-23,,Cannot find cue top
sec6-res-util-pool-c4m2,,362,,pool,,1,,500,,619,,136,,0.000166521595442,,Cannot find cue top
sec6-res-util-pool-c4m2,,367,,pool,,1,,501,,753,,341,,3.44358588302e-29,,Cannot find cue top
sec6-res-util-pool-c4m2,,377,,pool,,1,,497,,600,,117,,0.0323071412343,,Cannot find cue top
sec6-res-util-pool-c4m2,,381,,pool,,1,,499,,672,,189,,6.91249221386e-11,,Cannot find cue top
sec6-res-util-pool-c4m2,,387,,pool,,1,,499,,662,,179,,1.10599875422e-09,,Cannot find cue top
sec6-res-util-pool-c4m2,,393,,pool,,1,,499,,695,,271,,9.24380546784e-21,,Cannot find cue top
sec6-res-util-pool-c4m2,,402,,pool,,1,,498,,678,,195,,1.30967237055e-11,,Cannot find cue top
sec6-res-util-pool-c4m2,,408,,pool,,1,,497,,704,,280,,7.62329652529e-22,,Cannot find cue bottom
sec6-res-util-pool-c4m2,,417,,pool,,1,,496,,576,,93,,1.0,,Cannot find cue bottom
sec6-res-util-pool-c4m2,,421,,pool,,1,,499,,751,,283,,3.31823254213e-22,,Cannot find cue bottom
sec6-res-util-pool-c4m2,,430,,pool,,1,,496,,654,,171,,1.01636715968e-08,,Cannot find cue top
sec6-res-util-pool-c4m2,,435,,pool,,1,,499,,712,,302,,1.71032581607e-24,,Cannot find cue bottom
sec6-res-util-pool-c4m2,,445,,pool,,1,,498,,697,,215,,5.11590769747e-14,,Cannot find cue bottom
sec6-res-util-pool-c4m2,,452,,pool,,1,,502,,740,,365,,4.43734259187e-32,,Cannot find cue bottom
sec6-res-util-pool-c4m2,,463,,pool,,1,,499,,670,,187,,1.20353479811e-10,,Cannot find cue bottom
sec6-res-util-pool-c4m2,,469,,pool,,1,,499,,758,,290,,4.76456032831e-23,,Cannot find cue bottom
sec6-res-util-pool-c4m2,,479,,pool,,1,,507,,600,,117,,0.0323071412343,,Cannot find cue bottom
sec6-res-util-pool-c4m2,,483,,pool,,1,,499,,622,,189,,6.91249221386e-11,,Cannot find cue bottom
sec6-res-util-pool-c4m2,,489,,pool,,1,,498,,613,,130,,0.00087890625,,Cannot find cue bottom
sec6-res-util-pool-c4m2,,493,,pool,,1,,514,,727,,311,,1.41049277769e-25,,Cannot find cue bottom
sec6-res-util-pool-c4m2,,503,,pool,,1,,499,,796,,388,,7.5447872908e-35,,Cannot find cue bottom
sec6-res-util-pool-c4m2,,516,,pool,,1,,500,,687,,204,,1.08007690842e-12,,Cannot find cue top
sec6-res-util-pool-c4m2,,522,,pool,,1,,657,,732,,382,,3.98216260612e-34,,Cannot find cue top
sec6-res-util-pool-c4m2,,534,,pool,,1,,504,,780,,385,,1.73333694995e-34,,Cannot find cue bottom
sec6-res-util-pool-c4m2,,546,,pool,,1,,504,,594,,111,,0.170518113732,,Cannot find cue top
sec6-res-util-pool-c4m2,,550,,pool,,1,,526,,667,,183,,3.64843526374e-10,,Cannot find cue top
sec6-res-util-pool-c4m2,,556,,pool,,1,,502,,641,,158,,3.73599771007e-07,,Cannot find cue top
sec6-res-util-pool-c4m2,,561,,pool,,1,,505,,689,,299,,3.92929690285e-24,,Cannot find cue top
sec6-res-util-pool-c4m2,,571,,pool,,1,,501,,662,,179,,1.10599875422e-09,,Cannot find cue top
sec6-res-util-pool-c4m2,,577,,pool,,1,,501,,740,,299,,3.92929690285e-24,,Cannot find cue top
sec6-res-util-pool-c4m2,,586,,pool,,1,,498,,577,,95,,1.0,,Cannot find cue top
sec6-res-util-pool-c4m2,,590,,pool,,1,,509,,649,,166,,4.06546863872e-08,,Cannot find cue top
sec6-res-util-pool-c4m2,,595,,pool,,1,,500,,690,,298,,5.18473834708e-24,,Cannot find cue bottom
sec6-res-util-pool-c4m2,,605,,pool,,1,,499,,722,,294,,1.57171876114e-23,,Cannot find cue top
sec6-res-util-pool-c4m2,,614,,pool,,1,,500,,710,,288,,8.29558135533e-23,,Cannot find cue bottom
sec6-res-util-pool-c4m2,,623,,pool,,1,,499,,731,,289,,6.28687504455e-23,,Cannot find cue ball
sec6-res-util-pool-c4m2,,632,,pool,,1,,499,,714,,289,,6.28687504455e-23,,Cannot find cue ball
sec6-res-util-pool-c4m2,,641,,pool,,1,,499,,739,,290,,4.76456032831e-23,,Cannot find cue ball
sec6-res-util-pool-c4m2,,651,,pool,,1,,498,,684,,201,,2.48136513594e-12,,Cannot find cue top
sec6-res-util-pool-c4m2,,657,,pool,,1,,503,,779,,377,,1.59286504245e-33,,speech: left
sec6-res-util-pool-c4m2,,669,,pool,,1,,498,,689,,206,,6.20341283984e-13,,Cannot find object ball
sec6-res-util-pool-c4m2,,676,,pool,,1,,498,,674,,271,,9.24380546784e-21,,Cannot find object ball
sec6-res-util-pool-c4m2,,684,,pool,,1,,499,,598,,115,,0.05625,,Cannot find cue bottom
sec6-res-util-pool-c4m2,,688,,pool,,1,,522,,643,,160,,2.14576721191e-07,,Cannot find cue top
sec6-res-util-pool-c4m2,,694,,pool,,1,,498,,644,,161,,1.62618745549e-07,,Cannot find cue top
sec6-res-util-pool-c4m2,,699,,pool,,1,,500,,697,,214,,6.7504806776e-14,,Cannot find cue top
sec6-res-util-pool-c4m2,,706,,pool,,1,,496,,597,,114,,0.074222319981,,speech: left
sec6-res-util-pool-c4m2,,710,,pool,,1,,499,,647,,165,,5.36441802979e-08,,Cannot find object ball
sec6-res-util-pool-c4m2,,715,,pool,,1,,496,,752,,268,,2.12366882696e-20,,speech: left
sec6-res-util-pool-c4m2,,724,,pool,,1,,494,,848,,414,,5.58386674192e-38,,speech: left
sec6-res-util-pool-c4m2,,737,,pool,,1,,506,,751,,289,,6.28687504455e-23,,Cannot find object ball
sec6-res-util-pool-c4m2,,746,,pool,,1,,502,,708,,292,,2.7365213057e-23,,Cannot find cue ball
sec6-res-util-pool-c4m2,,755,,pool,,1,,502,,710,,293,,2.07389533883e-23,,Cannot find cue ball
sec6-res-util-pool-c4m2,,764,,pool,,1,,497,,619,,135,,0.0002197265625,,Cannot find cue ball
sec6-res-util-pool-c4m2,,765,,pool,,1,,497,,658,,175,,3.35276126862e-09,,Cannot find cue top
sec6-res-util-pool-c4m2,,770,,pool,,1,,498,,590,,107,,0.516914259749,,Cannot find cue top
sec6-res-util-pool-c4m2,,774,,pool,,1,,524,,644,,160,,2.14576721191e-07,,Cannot find cue ball
sec6-res-util-pool-c4m2,,779,,pool,,1,,498,,568,,85,,1.0,,Cannot find cue top
sec6-res-util-pool-c4m2,,782,,pool,,1,,500,,588,,105,,0.9,,Cannot find cue top
sec6-res-util-pool-c4m2,,786,,pool,,1,,512,,639,,155,,8.58306884766e-07,,Cannot find cue top
sec6-res-util-pool-c4m2,,791,,pool,,1,,500,,593,,109,,0.296889279924,,Cannot find cue top
sec6-res-util-pool-c4m2,,795,,pool,,1,,500,,557,,75,,1.0,,Cannot find cue top
sec6-res-util-pool-c4m2,,798,,pool,,1,,520,,669,,236,,1.51450508785e-16,,Cannot find cue bottom
sec6-res-util-pool-c4m2,,805,,pool,,1,,499,,611,,127,,0.00201919632714,,Cannot find cue top
sec6-res-util-pool-c4m2,,810,,pool,,1,,524,,728,,267,,2.80219781704e-20,,Cannot find cue bottom
sec6-res-util-pool-c4m2,,818,,pool,,1,,530,,649,,166,,4.06546863872e-08,,Cannot find cue top
sec6-res-util-pool-c4m2,,824,,pool,,1,,530,,595,,113,,0.0979369383708,,Cannot find cue top
sec6-res-util-pool-c4m2,,828,,pool,,1,,502,,587,,104,,0.93439,,Cannot find cue top
sec6-res-util-pool-c4m2,,831,,pool,,1,,515,,615,,139,,7.24827343564e-05,,Cannot find cue top
sec6-res-util-pool-c4m2,,836,,pool,,1,,502,,695,,222,,7.3457934455e-15,,Cannot find cue bottom
sec6-res-util-pool-c4m2,,843,,pool,,1,,498,,592,,137,,0.000126199770446,,Cannot find cue top
sec6-res-util-pool-c4m2,,848,,pool,,1,,586,,683,,203,,1.4251700249e-12,,Cannot find cue top
sec6-res-util-pool-c4m2,,854,,pool,,1,,561,,653,,178,,1.4593741055e-09,,Cannot find cue top
sec6-res-util-pool-c4m2,,860,,pool,,1,,584,,679,,248,,5.43659219703e-18,,Cannot find cue top
sec6-res-util-pool-c4m2,,2,,pool,,1,,521,,609,,135,,0.0002197265625,,Cannot find cue top
sec6-res-util-pool-c4m2,,7,,pool,,1,,505,,590,,113,,0.0979369383708,,Cannot find cue bottom
sec6-res-util-pool-c4m2,,11,,pool,,1,,520,,616,,146,,1.04075997151e-05,,Cannot find cue top
sec6-res-util-pool-c4m2,,15,,pool,,1,,532,,740,,258,,3.39787012314e-19,,Cannot find cue bottom
sec6-res-util-pool-c4m2,,24,,pool,,1,,524,,660,,179,,1.10599875422e-09,,Cannot find cue bottom
sec6-res-util-pool-c4m2,,30,,pool,,1,,501,,604,,121,,0.0106573821083,,Cannot find cue top
sec6-res-util-pool-c4m2,,34,,pool,,1,,518,,663,,180,,8.38190317154e-10,,Cannot find cue top
sec6-res-util-pool-c4m2,,40,,pool,,1,,499,,760,,343,,1.97782071956e-29,,Cannot find cue ball
sec6-res-util-pool-c4m2,,51,,pool,,1,,511,,617,,134,,0.000289930937426,,Cannot find cue bottom
sec6-res-util-pool-c4m2,,55,,pool,,1,,509,,658,,226,,2.42320814056e-15,,Cannot find cue bottom
sec6-res-util-pool-c4m2,,63,,pool,,1,,499,,783,,508,,2.68044690117e-49,,Cannot find cue bottom
sec6-res-util-pool-c4m2,,78,,pool,,1,,530,,859,,504,,8.1255955475e-49,,Cannot find cue bottom
sec6-res-util-pool-c4m2,,94,,pool,,1,,558,,760,,277,,1.75137363565e-21,,Cannot find object ball
sec6-res-util-pool-c4m2,,103,,pool,,1,,499,,586,,102,,0.97599,,Cannot find cue bottom
sec6-res-util-pool-c4m2,,106,,pool,,1,,497,,566,,86,,1.0,,Cannot find cue bottom
sec6-res-util-pool-c4m2,,109,,pool,,1,,500,,648,,178,,1.4593741055e-09,,Cannot find cue bottom
sec6-res-util-pool-c4m2,,115,,pool,,1,,502,,595,,115,,0.05625,,Cannot find cue bottom
sec6-res-util-pool-c4m2,,119,,pool,,1,,530,,640,,159,,2.8313568108e-07,,Cannot find cue bottom
sec6-res-util-pool-c4m2,,124,,pool,,1,,517,,684,,203,,1.4251700249e-12,,Cannot find cue bottom
sec6-res-util-pool-c4m2,,131,,pool,,1,,497,,601,,121,,0.0106573821083,,Cannot find object ball
sec6-res-util-pool-c4m2,,135,,pool,,1,,500,,624,,149,,4.53017089728e-06,,Cannot find object ball
sec6-res-util-pool-c4m2,,140,,pool,,1,,508,,615,,131,,0.000666086381767,,speech: right
sec6-res-util-pool-c4m2,,144,,pool,,1,,496,,610,,128,,0.00153026466204,,speech: right
sec6-res-util-pool-c4m2,,148,,pool,,1,,497,,814,,410,,1.69271186518e-37,,speech: right
sec6-res-util-pool-c4m2,,161,,pool,,1,,502,,714,,394,,1.42946988593e-35,,Cannot find cue bottom
sec6-res-util-pool-c4m2,,174,,pool,,1,,509,,611,,129,,0.0011597237497,,Cannot find cue bottom
sec6-res-util-pool-c4m2,,178,,pool,,1,,508,,732,,447,,5.93388468939e-42,,Cannot find cue bottom
sec6-res-util-pool-c4m2,,192,,pool,,1,,540,,665,,183,,3.64843526374e-10,,Cannot find object ball
sec6-res-util-pool-c4m2,,198,,pool,,1,,549,,795,,394,,1.42946988593e-35,,Cannot find cue bottom
sec6-res-util-pool-c4m2,,210,,pool,,1,,498,,768,,286,,1.44434460435e-22,,Cannot find object ball
sec6-res-util-pool-c4m2,,219,,pool,,1,,532,,672,,191,,3.9701842175e-11,,Cannot find object ball
sec6-res-util-pool-c4m2,,226,,pool,,1,,499,,589,,135,,0.0002197265625,,speech: good
sec6-res-util-pool-c4m2,,230,,pool,,1,,499,,729,,338,,7.91128287824e-29,,speech: left
sec6-res-util-pool-c4m2,,241,,pool,,1,,497,,687,,203,,1.4251700249e-12,,Cannot find cue bottom
sec6-res-util-pool-c4m2,,248,,pool,,1,,499,,637,,156,,6.50474982195e-07,,Cannot find cue top
sec6-res-util-pool-c4m2,,253,,pool,,1,,506,,635,,152,,1.97187141323e-06,,Cannot find cue top
sec6-res-util-pool-c4m2,,258,,pool,,1,,496,,684,,202,,1.88052312205e-12,,Cannot find cue bottom
sec6-res-util-pool-c4m2,,264,,pool,,1,,500,,675,,192,,3.00883699528e-11,,Cannot find cue top
sec6-res-util-pool-c4m2,,270,,pool,,1,,501,,657,,232,,4.59112090344e-16,,Cannot find cue top
sec6-res-util-pool-c4m2,,278,,pool,,1,,500,,598,,115,,0.05625,,Cannot find cue bottom
sec6-res-util-pool-c4m2,,282,,pool,,1,,505,,596,,118,,0.0244842345927,,Cannot find cue ball
sec6-res-util-pool-c4m2,,286,,pool,,1,,500,,673,,191,,3.9701842175e-11,,Cannot find cue ball
sec6-res-util-pool-c4m2,,292,,pool,,1,,513,,717,,328,,1.26580526052e-27,,Cannot find cue bottom
sec6-res-util-pool-c4m2,,303,,pool,,1,,508,,596,,113,,0.0979369383708,,Cannot find cue bottom
sec6-res-util-pool-c4m2,,306,,pool,,1,,518,,687,,204,,1.08007690842e-12,,Cannot find cue bottom
sec6-res-util-pool-c4m2,,313,,pool,,1,,518,,650,,168,,2.33499856879e-08,,Cannot find cue bottom
sec6-res-util-pool-c4m2,,318,,pool,,1,,522,,753,,375,,2.77333911992e-33,,Cannot find cue bottom
sec6-res-util-pool-c4m2,,330,,pool,,1,,514,,667,,207,,4.70130780512e-13,,Cannot find cue bottom
sec6-res-util-pool-c4m2,,337,,pool,,1,,518,,644,,161,,1.62618745549e-07,,Cannot find cue bottom
sec6-res-util-pool-c4m2,,342,,pool,,1,,543,,684,,201,,2.48136513594e-12,,Cannot find cue top
sec6-res-util-pool-c4m2,,349,,pool,,1,,533,,605,,122,,0.00807678530857,,Cannot find cue top
sec6-res-util-pool-c4m2,,353,,pool,,1,,497,,631,,149,,4.53017089728e-06,,Cannot find cue top
sec6-res-util-pool-c4m2,,358,,pool,,1,,522,,646,,164,,7.07839202699e-08,,Cannot find cue top
sec6-res-util-pool-c4m2,,363,,pool,,1,,501,,691,,208,,3.56292506224e-13,,Cannot find cue top
sec6-res-util-pool-c4m2,,370,,pool,,1,,536,,658,,175,,3.35276126862e-09,,Cannot find cue top
sec6-res-util-pool-c4m2,,376,,pool,,1,,498,,587,,104,,0.93439,,Cannot find cue top
sec6-res-util-pool-c4m2,,379,,pool,,1,,511,,727,,296,,9.02715377719e-24,,Cannot find cue top
sec6-res-util-pool-c4m2,,389,,pool,,1,,499,,699,,216,,3.8771330249e-14,,Cannot find cue top
sec6-res-util-pool-c4m2,,396,,pool,,1,,497,,703,,363,,7.72586218578e-32,,Cannot find cue bottom
sec6-res-util-pool-c4m2,,407,,pool,,1,,498,,559,,75,,1.0,,Cannot find cue bottom
sec6-res-util-pool-c4m2,,410,,pool,,1,,498,,650,,212,,1.17532695128e-13,,Cannot find cue bottom
sec6-res-util-pool-c4m2,,416,,pool,,1,,498,,714,,281,,5.7773784174e-22,,Cannot find cue bottom
sec6-res-util-pool-c4m2,,425,,pool,,1,,502,,720,,393,,1.8861968227e-35,,Cannot find cue bottom
sec6-res-util-pool-c4m2,,438,,pool,,1,,501,,776,,397,,6.22212907207e-36,,Cannot find cue bottom
sec6-res-util-pool-c4m2,,450,,pool,,1,,504,,658,,175,,3.35276126862e-09,,Cannot find cue bottom
sec6-res-util-pool-c4m2,,456,,pool,,1,,499,,680,,197,,7.5220924882e-12,,Cannot find cue top
sec6-res-util-pool-c4m2,,462,,pool,,1,,543,,667,,184,,2.76499688554e-10,,Cannot find cue bottom
sec6-res-util-pool-c4m2,,468,,pool,,1,,542,,761,,298,,5.18473834708e-24,,Cannot find cue bottom
sec6-res-util-pool-c4m2,,478,,pool,,1,,498,,676,,193,,2.28027203984e-11,,Cannot find cue bottom
sec6-res-util-pool-c4m2,,484,,pool,,1,,497,,764,,391,,3.28405941298e-35,,Cannot find cue bottom
sec6-res-util-pool-c4m2,,496,,pool,,1,,513,,641,,158,,3.73599771007e-07,,Cannot find cue bottom
sec6-res-util-pool-c4m2,,501,,pool,,1,,539,,701,,427,,1.51907448049e-39,,Cannot find cue bottom
sec6-res-util-pool-c4m2,,515,,pool,,1,,507,,717,,293,,2.07389533883e-23,,Cannot find cue bottom
sec6-res-util-pool-c4m2,,524,,pool,,1,,510,,625,,142,,3.15499426116e-05,,Cannot find cue top
sec6-res-util-pool-c4m2,,529,,pool,,1,,519,,626,,145,,1.37329101563e-05,,Cannot find cue top
sec6-res-util-pool-c4m2,,534,,pool,,1,,557,,776,,371,,8.40719209722e-33,,Cannot find cue bottom
sec6-res-util-pool-c4m2,,545,,pool,,1,,572,,690,,208,,3.56292506224e-13,,Cannot find cue top
sec6-res-util-pool-c4m2,,552,,pool,,1,,509,,682,,385,,1.73333694995e-34,,Cannot find cue top
sec6-res-util-pool-c4m2,,564,,pool,,1,,866,,922,,445,,1.03314933178e-41,,Cannot find cue top
sec6-res-util-pool-c4m2,,578,,pool,,1,,584,,649,,169,,1.76959800675e-08,,Cannot find cue top
sec6-res-util-pool-c4m2,,584,,pool,,1,,522,,644,,162,,1.23241963327e-07,,Cannot find cue top
sec6-res-util-pool-c4m2,,589,,pool,,1,,519,,591,,108,,0.391747753483,,Cannot find cue top
sec6-res-util-pool-c4m2,,593,,pool,,1,,511,,594,,148,,5.97759633611e-06,,Cannot find cue bottom
sec6-res-util-pool-c4m2,,598,,pool,,1,,623,,765,,297,,6.84130326426e-24,,Cannot find cue top
sec6-res-util-pool-c4m2,,607,,pool,,1,,545,,675,,233,,3.4794190061e-16,,Cannot find cue top
sec6-res-util-pool-c4m2,,615,,pool,,1,,607,,699,,224,,4.2190504235e-15,,Cannot find cue bottom
sec6-res-util-pool-c4m2,,622,,pool,,1,,509,,595,,122,,0.00807678530857,,Cannot find cue ball
sec6-res-util-pool-c4m2,,626,,pool,,1,,515,,699,,220,,1.27897692437e-14,,Cannot find cue ball
sec6-res-util-pool-c4m2,,633,,pool,,1,,504,,687,,206,,6.20341283984e-13,,Cannot find cue ball
sec6-res-util-pool-c4m2,,640,,pool,,1,,517,,611,,131,,0.000666086381767,,Cannot find cue ball
sec6-res-util-pool-c4m2,,644,,pool,,1,,508,,682,,199,,4.32030763366e-12,,Cannot find cue ball
sec6-res-util-pool-c4m2,,651,,pool,,1,,504,,704,,223,,5.56707040976e-15,,Cannot find cue top
sec6-res-util-pool-c4m2,,658,,pool,,1,,502,,625,,210,,2.04636307899e-13,,speech: left
sec6-res-util-pool-c4m2,,665,,pool,,1,,497,,631,,148,,5.97759633611e-06,,Cannot find object ball
sec6-res-util-pool-c4m2,,670,,pool,,1,,516,,744,,431,,5.01107698513e-40,,Cannot find object ball
sec6-res-util-pool-c4m2,,683,,pool,,1,,501,,697,,215,,5.11590769747e-14,,Cannot find cue top
sec6-res-util-pool-c4m2,,690,,pool,,1,,509,,598,,161,,1.62618745549e-07,,Cannot find cue bottom
sec6-res-util-pool-c4m2,,696,,pool,,1,,499,,683,,200,,3.27418092638e-12,,Cannot find cue top
sec6-res-util-pool-c4m2,,702,,pool,,1,,537,,673,,190,,5.23868948221e-11,,speech: good
sec6-res-util-pool-c4m2,,709,,pool,,1,,529,,671,,187,,1.20353479811e-10,,speech: right
sec6-res-util-pool-c4m2,,715,,pool,,1,,523,,674,,269,,1.60944001141e-20,,speech: left
sec6-res-util-pool-c4m2,,723,,pool,,1,,536,,754,,392,,2.48885162883e-35,,speech: left
sec6-res-util-pool-c4m2,,736,,pool,,1,,525,,652,,169,,1.76959800675e-08,,Cannot find object ball
sec6-res-util-pool-c4m2,,741,,pool,,1,,504,,752,,311,,1.41049277769e-25,,Cannot find object ball
sec6-res-util-pool-c4m2,,751,,pool,,1,,509,,747,,283,,3.31823254213e-22,,Cannot find object ball
sec6-res-util-pool-c4m2,,760,,pool,,1,,498,,922,,494,,1.3000952876e-47,,Cannot find cue ball
sec6-res-util-pool-c4m2,,776,,pool,,1,,498,,711,,288,,8.29558135533e-23,,Cannot find cue bottom
sec6-res-util-pool-c4m2,,785,,pool,,1,,502,,646,,163,,9.33999427517e-08,,Cannot find cue top
sec6-res-util-pool-c4m2,,790,,pool,,1,,509,,571,,91,,1.0,,Cannot find cue top
sec6-res-util-pool-c4m2,,793,,pool,,1,,500,,646,,162,,1.23241963327e-07,,Cannot find cue top
sec6-res-util-pool-c4m2,,799,,pool,,1,,521,,750,,335,,1.81753552563e-28,,Cannot find cue bottom
sec6-res-util-pool-c4m2,,809,,pool,,1,,506,,701,,218,,2.2268281639e-14,,Cannot find cue top
sec6-res-util-pool-c4m2,,816,,pool,,1,,502,,650,,167,,3.08104908317e-08,,Cannot find cue top
sec6-res-util-pool-c4m2,,822,,pool,,1,,498,,590,,107,,0.516914259749,,Cannot find cue top
sec6-res-util-pool-c4m2,,826,,pool,,1,,501,,574,,93,,1.0,,Cannot find cue top
sec6-res-util-pool-c4m2,,829,,pool,,1,,518,,653,,177,,1.92565567698e-09,,Cannot find cue top
sec6-res-util-pool-c4m2,,835,,pool,,1,,505,,656,,262,,1.12087912682e-19,,Cannot find cue ball
sec6-res-util-pool-c4m2,,843,,pool,,1,,498,,665,,181,,6.35229474799e-10,,Cannot find cue top
sec6-res-util-pool-c4m2,,849,,pool,,1,,514,,688,,209,,2.70019227104e-13,,Cannot find cue bottom
sec6-res-util-pool-c4m2,,856,,pool,,1,,497,,571,,274,,4.02360002851e-21,,Cannot find cue top
sec6-res-util-pool-c4m2,,865,,pool,,1,,499,,667,,184,,2.76499688554e-10,,Cannot find cue top
sec6-res-util-pool-c4m2,,5,,pool,,1,,498,,639,,155,,8.58306884766e-07,,Cannot find cue top
sec6-res-util-pool-c4m2,,10,,pool,,1,,505,,707,,327,,1.67024005475e-27,,Cannot find cue top
sec6-res-util-pool-c4m2,,20,,pool,,1,,509,,621,,138,,9.56415413777e-05,,Cannot find cue top
sec6-res-util-pool-c4m2,,25,,pool,,1,,497,,709,,345,,1.13595970352e-29,,Cannot find cue bottom
sec6-res-util-pool-c4m2,,36,,pool,,1,,509,,641,,158,,3.73599771007e-07,,Cannot find cue top
sec6-res-util-pool-c4m2,,41,,pool,,1,,520,,649,,167,,3.08104908317e-08,,Cannot find cue ball
sec6-res-util-pool-c4m2,,46,,pool,,1,,498,,677,,196,,9.92546054374e-12,,Cannot find cue ball
sec6-res-util-pool-c4m2,,53,,pool,,1,,503,,755,,277,,1.75137363565e-21,,Cannot find cue ball
sec6-res-util-pool-c4m2,,62,,pool,,1,,528,,848,,366,,3.36287683889e-32,,Cannot find cue bottom
sec6-res-util-pool-c4m2,,73,,pool,,1,,503,,600,,118,,0.0244842345927,,Cannot find cue bottom
sec6-res-util-pool-c4m2,,77,,pool,,1,,505,,639,,157,,4.92967853306e-07,,Cannot find cue bottom
sec6-res-util-pool-c4m2,,82,,pool,,1,,540,,696,,377,,1.59286504245e-33,,Cannot find cue bottom
sec6-res-util-pool-c4m2,,94,,pool,,1,,546,,701,,285,,1.90582413132e-22,,Cannot find object ball
sec6-res-util-pool-c4m2,,103,,pool,,1,,506,,648,,164,,7.07839202699e-08,,Cannot find cue bottom
sec6-res-util-pool-c4m2,,109,,pool,,1,,566,,796,,421,,8.01772317621e-39,,Cannot find cue bottom
sec6-res-util-pool-c4m2,,122,,pool,,1,,501,,770,,390,,4.33334237487e-35,,Cannot find cue bottom
sec6-res-util-pool-c4m2,,134,,pool,,1,,522,,674,,194,,1.72812305347e-11,,Cannot find object ball
sec6-res-util-pool-c4m2,,140,,pool,,1,,566,,836,,392,,2.48885162883e-35,,speech: right
sec6-res-util-pool-c4m2,,152,,pool,,1,,499,,733,,249,,4.1201664292e-18,,Cannot find object ball
sec6-res-util-pool-c4m2,,160,,pool,,1,,498,,584,,102,,0.97599,,Cannot find cue bottom
sec6-res-util-pool-c4m2,,164,,pool,,1,,517,,725,,242,,2.86945056465e-17,,Cannot find object ball
sec6-res-util-pool-c4m2,,172,,pool,,1,,498,,708,,255,,7.8062556419e-19,,Cannot find object ball
sec6-res-util-pool-c4m2,,180,,pool,,1,,499,,623,,140,,5.4931640625e-05,,Cannot find cue bottom
sec6-res-util-pool-c4m2,,185,,pool,,1,,526,,746,,439,,5.45299486516e-41,,Cannot find object ball
sec6-res-util-pool-c4m2,,198,,pool,,1,,501,,621,,142,,3.15499426116e-05,,Cannot find cue bottom
sec6-res-util-pool-c4m2,,203,,pool,,1,,520,,742,,441,,3.13192311571e-41,,Cannot find cue bottom
sec6-res-util-pool-c4m2,,217,,pool,,1,,502,,784,,393,,1.8861968227e-35,,Cannot find object ball
sec6-res-util-pool-c4m2,,229,,pool,,1,,498,,751,,388,,7.5447872908e-35,,Cannot find cue ball
sec6-res-util-pool-c4m2,,241,,pool,,1,,523,,664,,181,,6.35229474799e-10,,Cannot find cue bottom
sec6-res-util-pool-c4m2,,247,,pool,,1,,541,,610,,130,,0.00087890625,,Cannot find cue top
sec6-res-util-pool-c4m2,,252,,pool,,1,,498,,612,,128,,0.00153026466204,,Cannot find cue top
sec6-res-util-pool-c4m2,,256,,pool,,1,,497,,686,,625,,2.18777880862e-63,,Cannot find cue bottom
sec6-res-util-pool-c4m2,,275,,pool,,1,,505,,568,,86,,1.0,,Cannot find cue bottom
sec6-res-util-pool-c4m2,,278,,pool,,1,,503,,716,,287,,1.09460852228e-22,,Cannot find cue bottom
sec6-res-util-pool-c4m2,,288,,pool,,1,,505,,647,,164,,7.07839202699e-08,,Cannot find cue bottom
sec6-res-util-pool-c4m2,,293,,pool,,1,,499,,578,,134,,0.000289930937426,,Cannot find cue bottom
sec6-res-util-pool-c4m2,,297,,pool,,1,,501,,623,,139,,7.24827343564e-05,,Cannot find cue bottom
sec6-res-util-pool-c4m2,,302,,pool,,1,,509,,644,,160,,2.14576721191e-07,,Cannot find cue bottom
sec6-res-util-pool-c4m2,,307,,pool,,1,,532,,764,,355,,7.09974814699e-31,,Cannot find cue bottom
sec6-res-util-pool-c4m2,,319,,pool,,1,,509,,575,,93,,1.0,,Cannot find cue bottom
sec6-res-util-pool-c4m2,,322,,pool,,1,,524,,661,,178,,1.4593741055e-09,,Cannot find cue bottom
sec6-res-util-pool-c4m2,,328,,pool,,1,,505,,620,,171,,1.01636715968e-08,,Cannot find cue bottom
sec6-res-util-pool-c4m2,,333,,pool,,1,,501,,705,,226,,2.42320814056e-15,,Cannot find cue bottom
sec6-res-util-pool-c4m2,,341,,pool,,1,,524,,597,,118,,0.0244842345927,,Cannot find cue top
sec6-res-util-pool-c4m2,,345,,pool,,1,,506,,580,,113,,0.0979369383708,,Cannot find cue top
sec6-res-util-pool-c4m2,,349,,pool,,1,,557,,701,,222,,7.3457934455e-15,,Cannot find cue top
sec6-res-util-pool-c4m2,,356,,pool,,1,,539,,621,,141,,4.16303988605e-05,,Cannot find cue top
sec6-res-util-pool-c4m2,,361,,pool,,1,,527,,668,,224,,4.2190504235e-15,,Cannot find cue top
sec6-res-util-pool-c4m2,,368,,pool,,1,,532,,657,,173,,5.83749642198e-09,,Cannot find cue top
sec6-res-util-pool-c4m2,,373,,pool,,1,,533,,675,,193,,2.28027203984e-11,,Cannot find cue top
sec6-res-util-pool-c4m2,,380,,pool,,1,,520,,657,,281,,5.7773784174e-22,,Cannot find cue top
sec6-res-util-pool-c4m2,,389,,pool,,1,,521,,725,,290,,4.76456032831e-23,,Cannot find cue top
sec6-res-util-pool-c4m2,,398,,pool,,1,,519,,737,,290,,4.76456032831e-23,,Cannot find cue top
sec6-res-util-pool-c4m2,,407,,pool,,1,,498,,848,,391,,3.28405941298e-35,,Cannot find cue bottom
sec6-res-util-pool-c4m2,,420,,pool,,1,,499,,742,,289,,6.28687504455e-23,,Cannot find cue bottom
sec6-res-util-pool-c4m2,,429,,pool,,1,,573,,807,,405,,6.77084746074e-37,,Cannot find cue bottom
sec6-res-util-pool-c4m2,,441,,pool,,1,,499,,602,,124,,0.00463889499881,,Cannot find cue bottom
sec6-res-util-pool-c4m2,,446,,pool,,1,,503,,657,,174,,4.42399501687e-09,,Cannot find cue bottom
sec6-res-util-pool-c4m2,,451,,pool,,1,,498,,757,,356,,5.38060294222e-31,,Cannot find cue bottom
sec6-res-util-pool-c4m2,,463,,pool,,1,,501,,776,,391,,3.28405941298e-35,,Cannot find cue bottom
sec6-res-util-pool-c4m2,,475,,pool,,1,,500,,804,,398,,4.71549205675e-36,,Cannot find cue bottom
sec6-res-util-pool-c4m2,,487,,pool,,1,,498,,568,,85,,1.0,,Cannot find cue bottom
sec6-res-util-pool-c4m2,,490,,pool,,1,,503,,694,,212,,1.17532695128e-13,,Cannot find cue bottom
sec6-res-util-pool-c4m2,,497,,pool,,1,,520,,751,,464,,5.32519029801e-44,,Cannot find cue bottom
sec6-res-util-pool-c4m2,,512,,pool,,1,,523,,764,,499,,3.250238219e-48,,Cannot find cue bottom
sec6-res-util-pool-c4m2,,527,,pool,,1,,507,,629,,148,,5.97759633611e-06,,Cannot find cue top
sec6-res-util-pool-c4m2,,532,,pool,,1,,610,,747,,269,,1.60944001141e-20,,Cannot find cue top
sec6-res-util-pool-c4m2,,541,,pool,,1,,537,,659,,248,,5.43659219703e-18,,Cannot find cue top
sec6-res-util-pool-c4m2,,549,,pool,,1,,513,,623,,142,,3.15499426116e-05,,Cannot find cue top
sec6-res-util-pool-c4m2,,554,,pool,,1,,561,,681,,198,,5.70068009959e-12,,Cannot find cue top
sec6-res-util-pool-c4m2,,560,,pool,,1,,511,,730,,440,,4.13259732711e-41,,Cannot find cue top
sec6-res-util-pool-c4m2,,574,,pool,,1,,538,,655,,187,,1.20353479811e-10,,Cannot find cue top
sec6-res-util-pool-c4m2,,580,,pool,,1,,518,,571,,87,,1.0,,Cannot find cue top
sec6-res-util-pool-c4m2,,583,,pool,,1,,691,,772,,289,,6.28687504455e-23,,Cannot find cue top
sec6-res-util-pool-c4m2,,592,,pool,,1,,499,,580,,102,,0.97599,,Cannot find cue top
sec6-res-util-pool-c4m2,,596,,pool,,1,,633,,703,,225,,3.19744231092e-15,,Cannot find cue top
sec6-res-util-pool-c4m2,,603,,pool,,1,,698,,743,,274,,4.02360002851e-21,,Cannot find cue top
sec6-res-util-pool-c4m2,,612,,pool,,1,,500,,728,,337,,1.04390003422e-28,,Cannot find cue bottom
sec6-res-util-pool-c4m2,,623,,pool,,1,,502,,677,,194,,1.72812305347e-11,,Cannot find cue ball
sec6-res-util-pool-c4m2,,629,,pool,,1,,534,,656,,173,,5.83749642198e-09,,Cannot find cue ball
sec6-res-util-pool-c4m2,,635,,pool,,1,,1053,,1276,,800,,1.85312073221e-84,,Cannot find cue ball
sec6-res-util-pool-c4m2,,659,,pool,,1,,521,,606,,125,,0.003515625,,speech: left
sec6-res-util-pool-c4m2,,664,,pool,,1,,506,,696,,220,,1.27897692437e-14,,speech: left
sec6-res-util-pool-c4m2,,671,,pool,,1,,513,,640,,165,,5.36441802979e-08,,Cannot find object ball
sec6-res-util-pool-c4m2,,676,,pool,,1,,507,,772,,291,,3.61086151088e-23,,Cannot find object ball
sec6-res-util-pool-c4m2,,686,,pool,,1,,497,,553,,71,,1.0,,Cannot find cue top
sec6-res-util-pool-c4m2,,688,,pool,,1,,610,,774,,291,,3.61086151088e-23,,Cannot find cue top
sec6-res-util-pool-c4m2,,697,,pool,,1,,592,,692,,209,,2.70019227104e-13,,Cannot find cue top
sec6-res-util-pool-c4m2,,704,,pool,,1,,527,,772,,432,,3.79768620121e-40,,speech: left
sec6-res-util-pool-c4m2,,718,,pool,,1,,505,,693,,210,,2.04636307899e-13,,speech: left
sec6-res-util-pool-c4m2,,725,,pool,,1,,515,,660,,365,,4.43734259187e-32,,speech: left
sec6-res-util-pool-c4m2,,736,,pool,,1,,547,,760,,287,,1.09460852228e-22,,Cannot find object ball
sec6-res-util-pool-c4m2,,745,,pool,,1,,542,,695,,394,,1.42946988593e-35,,Cannot find object ball
sec6-res-util-pool-c4m2,,758,,pool,,1,,530,,732,,250,,3.12250225676e-18,,Cannot find cue ball
sec6-res-util-pool-c4m2,,766,,pool,,1,,510,,599,,119,,0.0185555799952,,Cannot find cue top
sec6-res-util-pool-c4m2,,770,,pool,,1,,527,,595,,111,,0.170518113732,,Cannot find cue top
sec6-res-util-pool-c4m2,,774,,pool,,1,,502,,653,,214,,6.7504806776e-14,,Cannot find cue ball
sec6-res-util-pool-c4m2,,780,,pool,,1,,516,,603,,122,,0.00807678530857,,Cannot find cue top
sec6-res-util-pool-c4m2,,785,,pool,,1,,527,,580,,146,,1.04075997151e-05,,Cannot find cue top
sec6-res-util-pool-c4m2,,790,,pool,,1,,508,,671,,188,,9.12108815935e-11,,Cannot find cue top
sec6-res-util-pool-c4m2,,796,,pool,,1,,589,,703,,221,,9.69283256225e-15,,Cannot find cue top
sec6-res-util-pool-c4m2,,803,,pool,,1,,520,,670,,420,,1.05794491574e-38,,Cannot find cue bottom
sec6-res-util-pool-c4m2,,816,,pool,,1,,500,,624,,144,,1.81206835891e-05,,Cannot find cue top
sec6-res-util-pool-c4m2,,821,,pool,,1,,521,,642,,159,,2.8313568108e-07,,Cannot find cue top
sec6-res-util-pool-c4m2,,826,,pool,,1,,544,,685,,201,,2.48136513594e-12,,Cannot find cue top
sec6-res-util-pool-c4m2,,833,,pool,,1,,500,,631,,152,,1.97187141323e-06,,Cannot find cue top
sec6-res-util-pool-c4m2,,838,,pool,,1,,503,,613,,131,,0.000666086381767,,Cannot find cue top
sec6-res-util-pool-c4m2,,842,,pool,,1,,507,,614,,131,,0.000666086381767,,Cannot find cue top
sec6-res-util-pool-c4m2,,847,,pool,,1,,500,,687,,290,,4.76456032831e-23,,Cannot find cue top
sec6-res-util-pool-c4m2,,856,,pool,,1,,501,,592,,109,,0.296889279924,,Cannot find cue top
sec6-res-util-pool-c4m2,,860,,pool,,1,,523,,662,,179,,1.10599875422e-09,,Cannot find cue top
sec6-res-util-pool-c4m2,,0,,pool,,1,,525,,663,,179,,1.10599875422e-09,,Cannot find cue top
sec6-res-util-pool-c4m2,,6,,pool,,1,,529,,769,,382,,3.98216260612e-34,,Cannot find cue bottom
sec6-res-util-pool-c4m2,,18,,pool,,1,,500,,737,,302,,1.71032581607e-24,,Cannot find cue bottom
sec6-res-util-pool-c4m2,,27,,pool,,1,,500,,641,,157,,4.92967853306e-07,,Cannot find cue bottom
sec6-res-util-pool-c4m2,,33,,pool,,1,,532,,602,,118,,0.0244842345927,,Cannot find cue top
sec6-res-util-pool-c4m2,,37,,pool,,1,,500,,719,,236,,1.51450508785e-16,,Cannot find cue top
sec6-res-util-pool-c4m2,,44,,pool,,1,,545,,845,,424,,3.4899167137e-39,,Cannot find cue ball
sec6-res-util-pool-c4m2,,57,,pool,,1,,504,,738,,291,,3.61086151088e-23,,Cannot find cue bottom
sec6-res-util-pool-c4m2,,67,,pool,,1,,499,,631,,151,,2.60189992878e-06,,Cannot find cue bottom
sec6-res-util-pool-c4m2,,72,,pool,,1,,567,,842,,532,,3.453975479e-52,,Cannot find cue bottom
sec6-res-util-pool-c4m2,,88,,pool,,1,,516,,681,,203,,1.4251700249e-12,,Cannot find object ball
sec6-res-util-pool-c4m2,,95,,pool,,1,,501,,793,,481,,4.77893541826e-46,,Cannot find object ball
sec6-res-util-pool-c4m2,,110,,pool,,1,,503,,573,,92,,1.0,,Cannot find cue bottom
sec6-res-util-pool-c4m2,,113,,pool,,1,,507,,666,,183,,3.64843526374e-10,,Cannot find cue bottom
sec6-res-util-pool-c4m2,,119,,pool,,1,,509,,600,,126,,0.00266434552707,,Cannot find cue bottom
sec6-res-util-pool-c4m2,,123,,pool,,1,,502,,645,,163,,9.33999427517e-08,,Cannot find cue bottom
sec6-res-util-pool-c4m2,,129,,pool,,1,,526,,656,,178,,1.4593741055e-09,,Cannot find object ball
sec6-res-util-pool-c4m2,,135,,pool,,1,,511,,636,,171,,1.01636715968e-08,,Cannot find object ball
sec6-res-util-pool-c4m2,,140,,pool,,1,,507,,608,,137,,0.000126199770446,,speech: right
sec6-res-util-pool-c4m2,,145,,pool,,1,,499,,821,,453,,1.12426091593e-42,,Cannot find object ball
sec6-res-util-pool-c4m2,,159,,pool,,1,,502,,656,,178,,1.4593741055e-09,,Cannot find cue bottom
sec6-res-util-pool-c4m2,,165,,pool,,1,,504,,741,,260,,1.95156391047e-19,,Cannot find object ball
sec6-res-util-pool-c4m2,,173,,pool,,1,,550,,623,,143,,2.39103853444e-05,,Cannot find cue bottom
sec6-res-util-pool-c4m2,,178,,pool,,1,,508,,633,,150,,3.43322753906e-06,,Cannot find cue bottom
sec6-res-util-pool-c4m2,,183,,pool,,1,,572,,668,,186,,1.588073687e-10,,Cannot find cue bottom
sec6-res-util-pool-c4m2,,189,,pool,,1,,518,,671,,188,,9.12108815935e-11,,Cannot find object ball
sec6-res-util-pool-c4m2,,195,,pool,,1,,519,,746,,264,,6.43776004562e-20,,Cannot find cue bottom
sec6-res-util-pool-c4m2,,203,,pool,,1,,534,,744,,343,,1.97782071956e-29,,Cannot find cue bottom
sec6-res-util-pool-c4m2,,214,,pool,,1,,506,,718,,282,,4.37843408913e-22,,Cannot find cue ball
sec6-res-util-pool-c4m2,,223,,pool,,1,,504,,705,,224,,4.2190504235e-15,,speech: left
sec6-res-util-pool-c4m2,,230,,pool,,1,,507,,655,,359,,2.34204346111e-31,,speech: left
sec6-res-util-pool-c4m2,,242,,pool,,1,,506,,616,,134,,0.000289930937426,,Cannot find cue ball
sec6-res-util-pool-c4m2,,246,,pool,,1,,506,,640,,161,,1.62618745549e-07,,Cannot find cue ball
sec6-res-util-pool-c4m2,,252,,pool,,1,,499,,589,,106,,0.68207245493,,Cannot find cue top
sec6-res-util-pool-c4m2,,255,,pool,,1,,506,,729,,350,,2.8398992588e-30,,Cannot find cue bottom
sec6-res-util-pool-c4m2,,266,,pool,,1,,498,,652,,168,,2.33499856879e-08,,Cannot find cue top
sec6-res-util-pool-c4m2,,272,,pool,,1,,497,,694,,212,,1.17532695128e-13,,Cannot find cue top
sec6-res-util-pool-c4m2,,279,,pool,,1,,541,,671,,190,,5.23868948221e-11,,Cannot find cue bottom
sec6-res-util-pool-c4m2,,285,,pool,,1,,516,,658,,175,,3.35276126862e-09,,Cannot find cue ball
sec6-res-util-pool-c4m2,,291,,pool,,1,,520,,673,,192,,3.00883699528e-11,,Cannot find cue bottom
sec6-res-util-pool-c4m2,,297,,pool,,1,,500,,761,,291,,3.61086151088e-23,,Cannot find cue bottom
sec6-res-util-pool-c4m2,,306,,pool,,1,,499,,720,,288,,8.29558135533e-23,,Cannot find cue bottom
sec6-res-util-pool-c4m2,,315,,pool,,1,,504,,735,,293,,2.07389533883e-23,,Cannot find cue bottom
sec6-res-util-pool-c4m2,,325,,pool,,1,,508,,604,,121,,0.0106573821083,,Cannot find cue top
sec6-res-util-pool-c4m2,,329,,pool,,1,,501,,769,,366,,3.36287683889e-32,,Cannot find cue bottom
sec6-res-util-pool-c4m2,,340,,pool,,1,,498,,626,,143,,2.39103853444e-05,,Cannot find cue top
sec6-res-util-pool-c4m2,,345,,pool,,1,,522,,642,,159,,2.8313568108e-07,,Cannot find cue top
sec6-res-util-pool-c4m2,,350,,pool,,1,,501,,691,,208,,3.56292506224e-13,,Cannot find cue top
sec6-res-util-pool-c4m2,,357,,pool,,1,,524,,577,,94,,1.0,,Cannot find cue top
sec6-res-util-pool-c4m2,,360,,pool,,1,,506,,608,,125,,0.003515625,,Cannot find cue top
sec6-res-util-pool-c4m2,,365,,pool,,1,,498,,710,,297,,6.84130326426e-24,,Cannot find cue top
sec6-res-util-pool-c4m2,,374,,pool,,1,,498,,659,,176,,2.5409178992e-09,,Cannot find cue top
sec6-res-util-pool-c4m2,,380,,pool,,1,,497,,600,,117,,0.0323071412343,,Cannot find cue top
sec6-res-util-pool-c4m2,,384,,pool,,1,,521,,670,,186,,1.588073687e-10,,Cannot find cue top
sec6-res-util-pool-c4m2,,390,,pool,,1,,499,,664,,181,,6.35229474799e-10,,Cannot find cue top
sec6-res-util-pool-c4m2,,396,,pool,,1,,519,,766,,283,,3.31823254213e-22,,Cannot find cue bottom
sec6-res-util-pool-c4m2,,405,,pool,,1,,519,,652,,169,,1.76959800675e-08,,Cannot find cue bottom
sec6-res-util-pool-c4m2,,410,,pool,,1,,499,,744,,501,,1.86677164776e-48,,Cannot find cue bottom
sec6-res-util-pool-c4m2,,426,,pool,,1,,498,,663,,180,,8.38190317154e-10,,Cannot find cue bottom
sec6-res-util-pool-c4m2,,432,,pool,,1,,518,,594,,132,,0.000504799081786,,Cannot find cue top
sec6-res-util-pool-c4m2,,436,,pool,,1,,499,,800,,353,,1.23613794972e-30,,Cannot find cue bottom
sec6-res-util-pool-c4m2,,448,,pool,,1,,498,,746,,292,,2.7365213057e-23,,Cannot find cue bottom
sec6-res-util-pool-c4m2,,457,,pool,,1,,497,,788,,389,,5.71787954373e-35,,Cannot find cue bottom
sec6-res-util-pool-c4m2,,469,,pool,,1,,498,,727,,291,,3.61086151088e-23,,Cannot find cue bottom
sec6-res-util-pool-c4m2,,478,,pool,,1,,500,,695,,212,,1.17532695128e-13,,Cannot find cue bottom
sec6-res-util-pool-c4m2,,485,,pool,,1,,500,,611,,265,,4.87890977618e-20,,Cannot find cue bottom
sec6-res-util-pool-c4m2,,494,,pool,,1,,500,,675,,191,,3.9701842175e-11,,Cannot find cue bottom
sec6-res-util-pool-c4m2,,500,,pool,,1,,503,,707,,288,,8.29558135533e-23,,Cannot find cue bottom
sec6-res-util-pool-c4m2,,509,,pool,,1,,499,,609,,167,,3.08104908317e-08,,Cannot find cue bottom
sec6-res-util-pool-c4m2,,514,,pool,,1,,503,,700,,310,,1.86115637824e-25,,Cannot find cue top
sec6-res-util-pool-c4m2,,524,,pool,,1,,499,,567,,84,,1.0,,Cannot find cue top
sec6-res-util-pool-c4m2,,527,,pool,,1,,500,,760,,291,,3.61086151088e-23,,Cannot find cue top
sec6-res-util-pool-c4m2,,537,,pool,,1,,503,,572,,89,,1.0,,Cannot find cue top
sec6-res-util-pool-c4m2,,540,,pool,,1,,516,,636,,153,,1.49439908403e-06,,Cannot find cue top
sec6-res-util-pool-c4m2,,545,,pool,,1,,502,,657,,214,,6.7504806776e-14,,Cannot find cue top
sec6-res-util-pool-c4m2,,552,,pool,,1,,516,,685,,205,,8.18545231596e-13,,Cannot find cue top
sec6-res-util-pool-c4m2,,559,,pool,,1,,499,,633,,150,,3.43322753906e-06,,Cannot find cue top
sec6-res-util-pool-c4m2,,564,,pool,,1,,528,,667,,184,,2.76499688554e-10,,Cannot find cue top
sec6-res-util-pool-c4m2,,570,,pool,,1,,526,,683,,313,,8.10115366731e-26,,Cannot find cue top
sec6-res-util-pool-c4m2,,580,,pool,,1,,501,,722,,294,,1.57171876114e-23,,Cannot find cue top
sec6-res-util-pool-c4m2,,589,,pool,,1,,499,,618,,135,,0.0002197265625,,Cannot find cue top
sec6-res-util-pool-c4m2,,593,,pool,,1,,533,,738,,339,,5.99563126045e-29,,Cannot find cue bottom
sec6-res-util-pool-c4m2,,604,,pool,,1,,499,,619,,137,,0.000126199770446,,Cannot find cue top
sec6-res-util-pool-c4m2,,609,,pool,,1,,521,,630,,147,,7.8874856529e-06,,Cannot find cue bottom
sec6-res-util-pool-c4m2,,614,,pool,,1,,500,,694,,210,,2.04636307899e-13,,Cannot find cue bottom
sec6-res-util-pool-c4m2,,621,,pool,,1,,529,,638,,155,,8.58306884766e-07,,Cannot find cue ball
sec6-res-util-pool-c4m2,,626,,pool,,1,,500,,663,,180,,8.38190317154e-10,,Cannot find cue ball
sec6-res-util-pool-c4m2,,632,,pool,,1,,499,,787,,398,,4.71549205675e-36,,Cannot find cue ball
sec6-res-util-pool-c4m2,,644,,pool,,1,,499,,648,,165,,5.36441802979e-08,,Cannot find cue ball
sec6-res-util-pool-c4m2,,650,,pool,,1,,499,,741,,310,,1.86115637824e-25,,Cannot find cue top
sec6-res-util-pool-c4m2,,660,,pool,,1,,501,,679,,196,,9.92546054374e-12,,speech: left
sec6-res-util-pool-c4m2,,666,,pool,,1,,522,,939,,496,,7.46708659103e-48,,Cannot find object ball
sec6-res-util-pool-c4m2,,681,,pool,,1,,497,,667,,183,,3.64843526374e-10,,Cannot find object ball
sec6-res-util-pool-c4m2,,687,,pool,,1,,499,,652,,169,,1.76959800675e-08,,Cannot find cue top
sec6-res-util-pool-c4m2,,693,,pool,,1,,526,,665,,181,,6.35229474799e-10,,Cannot find cue top
sec6-res-util-pool-c4m2,,699,,pool,,1,,526,,660,,178,,1.4593741055e-09,,Cannot find cue top
sec6-res-util-pool-c4m2,,705,,pool,,1,,538,,885,,430,,6.61215572338e-40,,speech: left
sec6-res-util-pool-c4m2,,718,,pool,,1,,499,,693,,209,,2.70019227104e-13,,speech: left
sec6-res-util-pool-c4m2,,725,,pool,,1,,498,,800,,376,,2.10179802431e-33,,speech: left
sec6-res-util-pool-c4m2,,736,,pool,,1,,507,,706,,222,,7.3457934455e-15,,Cannot find object ball
sec6-res-util-pool-c4m2,,744,,pool,,1,,532,,655,,253,,1.35914804926e-18,,Cannot find object ball
sec6-res-util-pool-c4m2,,752,,pool,,1,,499,,791,,391,,3.28405941298e-35,,Cannot find object ball
sec6-res-util-pool-c4m2,,764,,pool,,1,,499,,675,,193,,2.28027203984e-11,,Cannot find cue ball
sec6-res-util-pool-c4m2,,765,,pool,,1,,497,,659,,175,,3.35276126862e-09,,Cannot find cue top
sec6-res-util-pool-c4m2,,770,,pool,,1,,499,,564,,80,,1.0,,Cannot find cue top
sec6-res-util-pool-c4m2,,773,,pool,,1,,498,,685,,202,,1.88052312205e-12,,Cannot find cue top
sec6-res-util-pool-c4m2,,780,,pool,,1,,498,,662,,187,,1.20353479811e-10,,Cannot find cue top
sec6-res-util-pool-c4m2,,786,,pool,,1,,498,,661,,178,,1.4593741055e-09,,Cannot find cue top
sec6-res-util-pool-c4m2,,792,,pool,,1,,535,,648,,164,,7.07839202699e-08,,Cannot find cue top
sec6-res-util-pool-c4m2,,797,,pool,,1,,501,,604,,120,,0.0140625,,Cannot find cue top
sec6-res-util-pool-c4m2,,801,,pool,,1,,500,,650,,166,,4.06546863872e-08,,Cannot find cue bottom
sec6-res-util-pool-c4m2,,807,,pool,,1,,501,,586,,102,,0.97599,,Cannot find cue top
sec6-res-util-pool-c4m2,,810,,pool,,1,,513,,727,,292,,2.7365213057e-23,,Cannot find cue bottom
sec6-res-util-pool-c4m2,,819,,pool,,1,,504,,728,,290,,4.76456032831e-23,,Cannot find cue top
sec6-res-util-pool-c4m2,,829,,pool,,1,,500,,597,,113,,0.0979369383708,,Cannot find cue top
sec6-res-util-pool-c4m2,,833,,pool,,1,,499,,679,,195,,1.30967237055e-11,,Cannot find cue top
sec6-res-util-pool-c4m2,,839,,pool,,1,,499,,671,,254,,1.0300416073e-18,,Cannot find cue top
sec6-res-util-pool-c4m2,,847,,pool,,1,,498,,619,,136,,0.000166521595442,,Cannot find cue top
sec6-res-util-pool-c4m2,,852,,pool,,1,,529,,636,,153,,1.49439908403e-06,,Cannot find cue top
sec6-res-util-pool-c4m2,,857,,pool,,1,,500,,679,,196,,9.92546054374e-12,,Cannot find cue top
sec6-res-util-pool-c4m2,,863,,pool,,1,,501,,667,,268,,2.12366882696e-20,,Cannot find cue top
sec6-res-util-pool-c4m2,,6,,pool,,1,,500,,765,,387,,9.95540651531e-35,,Cannot find cue bottom
sec6-res-util-pool-c4m2,,18,,pool,,1,,500,,674,,190,,5.23868948221e-11,,Cannot find cue bottom
sec6-res-util-pool-c4m2,,24,,pool,,1,,501,,675,,285,,1.90582413132e-22,,Cannot find cue bottom
sec6-res-util-pool-c4m2,,33,,pool,,1,,500,,673,,190,,5.23868948221e-11,,Cannot find cue top
sec6-res-util-pool-c4m2,,40,,pool,,1,,533,,838,,392,,2.48885162883e-35,,Cannot find cue ball
sec6-res-util-pool-c4m2,,52,,pool,,1,,497,,663,,179,,1.10599875422e-09,,Cannot find cue bottom
sec6-res-util-pool-c4m2,,58,,pool,,1,,530,,678,,195,,1.30967237055e-11,,Cannot find cue bottom
sec6-res-util-pool-c4m2,,64,,pool,,1,,511,,812,,388,,7.5447872908e-35,,Cannot find cue bottom
sec6-res-util-pool-c4m2,,76,,pool,,1,,499,,742,,290,,4.76456032831e-23,,Cannot find cue bottom
sec6-res-util-pool-c4m2,,86,,pool,,1,,499,,749,,288,,8.29558135533e-23,,Cannot find object ball
sec6-res-util-pool-c4m2,,95,,pool,,1,,504,,709,,290,,4.76456032831e-23,,Cannot find object ball
sec6-res-util-pool-c4m2,,104,,pool,,1,,500,,645,,161,,1.62618745549e-07,,Cannot find cue bottom
sec6-res-util-pool-c4m2,,109,,pool,,1,,500,,741,,317,,2.6723840876e-26,,Cannot find cue bottom
sec6-res-util-pool-c4m2,,119,,pool,,1,,499,,599,,117,,0.0323071412343,,Cannot find cue bottom
sec6-res-util-pool-c4m2,,123,,pool,,1,,497,,753,,364,,5.85510865278e-32,,Cannot find cue bottom
sec6-res-util-pool-c4m2,,135,,pool,,1,,498,,704,,287,,1.09460852228e-22,,Cannot find object ball
sec6-res-util-pool-c4m2,,144,,pool,,1,,498,,688,,204,,1.08007690842e-12,,speech: right
sec6-res-util-pool-c4m2,,151,,pool,,1,,503,,745,,277,,1.75137363565e-21,,Cannot find object ball
sec6-res-util-pool-c4m2,,159,,pool,,1,,498,,685,,201,,2.48136513594e-12,,Cannot find cue bottom
sec6-res-util-pool-c4m2,,166,,pool,,1,,525,,761,,381,,5.25449506076e-34,,Cannot find object ball
sec6-res-util-pool-c4m2,,178,,pool,,1,,502,,658,,176,,2.5409178992e-09,,Cannot find cue bottom
sec6-res-util-pool-c4m2,,184,,pool,,1,,533,,641,,157,,4.92967853306e-07,,Cannot find cue bottom
sec6-res-util-pool-c4m2,,189,,pool,,1,,499,,581,,97,,0.99984,,Cannot find object ball
sec6-res-util-pool-c4m2,,192,,pool,,1,,495,,596,,111,,0.170518113732,,Cannot find object ball
sec6-res-util-pool-c4m2,,196,,pool,,1,,503,,742,,304,,9.82324225712e-25,,Cannot find cue bottom
sec6-res-util-pool-c4m2,,205,,pool,,1,,505,,807,,393,,1.8861968227e-35,,Cannot find cue bottom
sec6-res-util-pool-c4m2,,218,,pool,,1,,501,,708,,291,,3.61086151088e-23,,Cannot find object ball
sec6-res-util-pool-c4m2,,227,,pool,,1,,499,,822,,390,,4.33334237487e-35,,Cannot find cue ball
sec6-res-util-pool-c4m2,,239,,pool,,1,,500,,705,,293,,2.07389533883e-23,,Cannot find object ball
sec6-res-util-pool-c4m2,,248,,pool,,1,,500,,610,,126,,0.00266434552707,,Cannot find cue top
sec6-res-util-pool-c4m2,,253,,pool,,1,,529,,649,,166,,4.06546863872e-08,,Cannot find cue top
sec6-res-util-pool-c4m2,,258,,pool,,1,,498,,661,,178,,1.4593741055e-09,,Cannot find cue bottom
sec6-res-util-pool-c4m2,,264,,pool,,1,,500,,689,,206,,6.20341283984e-13,,Cannot find cue top
sec6-res-util-pool-c4m2,,271,,pool,,1,,535,,610,,126,,0.00266434552707,,Cannot find cue top
sec6-res-util-pool-c4m2,,275,,pool,,1,,501,,622,,139,,7.24827343564e-05,,Cannot find cue bottom
sec6-res-util-pool-c4m2,,279,,pool,,1,,500,,774,,384,,2.28715181749e-34,,Cannot find cue bottom
sec6-res-util-pool-c4m2,,291,,pool,,1,,500,,689,,205,,8.18545231596e-13,,Cannot find cue bottom
sec6-res-util-pool-c4m2,,298,,pool,,1,,500,,675,,271,,9.24380546784e-21,,Cannot find cue bottom
sec6-res-util-pool-c4m2,,307,,pool,,1,,499,,655,,172,,7.70262270791e-09,,Cannot find cue bottom
sec6-res-util-pool-c4m2,,312,,pool,,1,,542,,771,,309,,2.45581056428e-25,,Cannot find cue bottom
sec6-res-util-pool-c4m2,,322,,pool,,1,,502,,656,,174,,4.42399501687e-09,,Cannot find cue bottom
sec6-res-util-pool-c4m2,,328,,pool,,1,,524,,753,,303,,1.29618458677e-24,,Cannot find cue bottom
sec6-res-util-pool-c4m2,,337,,pool,,1,,497,,718,,292,,2.7365213057e-23,,Cannot find cue bottom
sec6-res-util-pool-c4m2,,347,,pool,,1,,508,,722,,289,,6.28687504455e-23,,Cannot find cue top
sec6-res-util-pool-c4m2,,356,,pool,,1,,499,,625,,141,,4.16303988605e-05,,Cannot find cue top
sec6-res-util-pool-c4m2,,361,,pool,,1,,502,,688,,336,,1.37743435321e-28,,Cannot find cue top
sec6-res-util-pool-c4m2,,371,,pool,,1,,499,,686,,203,,1.4251700249e-12,,Cannot find cue top
sec6-res-util-pool-c4m2,,378,,pool,,1,,499,,701,,274,,4.02360002851e-21,,Cannot find cue top
sec6-res-util-pool-c4m2,,387,,pool,,1,,500,,636,,153,,1.49439908403e-06,,Cannot find cue top
sec6-res-util-pool-c4m2,,392,,pool,,1,,506,,611,,128,,0.00153026466204,,Cannot find cue top
sec6-res-util-pool-c4m2,,396,,pool,,1,,499,,758,,385,,1.73333694995e-34,,Cannot find cue bottom
sec6-res-util-pool-c4m2,,408,,pool,,1,,500,,599,,165,,5.36441802979e-08,,Cannot find cue bottom
sec6-res-util-pool-c4m2,,414,,pool,,1,,499,,632,,148,,5.97759633611e-06,,Cannot find cue bottom
sec6-res-util-pool-c4m2,,419,,pool,,1,,501,,730,,353,,1.23613794972e-30,,Cannot find cue bottom
sec6-res-util-pool-c4m2,,430,,pool,,1,,501,,589,,149,,4.53017089728e-06,,Cannot find cue top
sec6-res-util-pool-c4m2,,435,,pool,,1,,498,,802,,333,,3.16451315129e-28,,Cannot find cue bottom
sec6-res-util-pool-c4m2,,445,,pool,,1,,500,,725,,296,,9.02715377719e-24,,Cannot find cue bottom
sec6-res-util-pool-c4m2,,454,,pool,,1,,498,,748,,287,,1.09460852228e-22,,Cannot find cue top
sec6-res-util-pool-c4m2,,463,,pool,,1,,506,,734,,292,,2.7365213057e-23,,Cannot find cue bottom
sec6-res-util-pool-c4m2,,473,,pool,,1,,499,,590,,106,,0.68207245493,,Cannot find cue bottom
sec6-res-util-pool-c4m2,,476,,pool,,1,,504,,782,,375,,2.77333911992e-33,,Cannot find cue bottom
sec6-res-util-pool-c4m2,,488,,pool,,1,,497,,737,,293,,2.07389533883e-23,,Cannot find cue bottom
sec6-res-util-pool-c4m2,,497,,pool,,1,,498,,637,,153,,1.49439908403e-06,,Cannot find cue bottom
sec6-res-util-pool-c4m2,,502,,pool,,1,,501,,647,,163,,9.33999427517e-08,,Cannot find cue bottom
sec6-res-util-pool-c4m2,,508,,pool,,1,,526,,681,,347,,6.52437521387e-30,,Cannot find cue bottom
sec6-res-util-pool-c4m2,,519,,pool,,1,,501,,697,,213,,8.90731265561e-14,,Cannot find cue bottom
sec6-res-util-pool-c4m2,,526,,pool,,1,,502,,660,,261,,1.47900887485e-19,,Cannot find cue top
sec6-res-util-pool-c4m2,,534,,pool,,1,,502,,655,,172,,7.70262270791e-09,,Cannot find cue bottom
sec6-res-util-pool-c4m2,,540,,pool,,1,,502,,692,,306,,5.64197111074e-25,,Cannot find cue top
sec6-res-util-pool-c4m2,,549,,pool,,1,,501,,737,,289,,6.28687504455e-23,,Cannot find cue top
sec6-res-util-pool-c4m2,,559,,pool,,1,,529,,660,,176,,2.5409178992e-09,,Cannot find cue top
sec6-res-util-pool-c4m2,,564,,pool,,1,,503,,581,,97,,0.99984,,Cannot find cue top
sec6-res-util-pool-c4m2,,568,,pool,,1,,520,,662,,179,,1.10599875422e-09,,Cannot find cue top
sec6-res-util-pool-c4m2,,574,,pool,,1,,531,,660,,193,,2.28027203984e-11,,Cannot find cue top
sec6-res-util-pool-c4m2,,580,,pool,,1,,517,,759,,292,,2.7365213057e-23,,Cannot find cue top
sec6-res-util-pool-c4m2,,589,,pool,,1,,501,,648,,164,,7.07839202699e-08,,Cannot find cue top
sec6-res-util-pool-c4m2,,595,,pool,,1,,523,,729,,311,,1.41049277769e-25,,Cannot find cue bottom
sec6-res-util-pool-c4m2,,605,,pool,,1,,499,,640,,156,,6.50474982195e-07,,Cannot find cue top
sec6-res-util-pool-c4m2,,610,,pool,,1,,519,,640,,156,,6.50474982195e-07,,Cannot find cue bottom
sec6-res-util-pool-c4m2,,615,,pool,,1,,543,,695,,211,,1.55085320996e-13,,Cannot find cue bottom
sec6-res-util-pool-c4m2,,622,,pool,,1,,502,,649,,165,,5.36441802979e-08,,Cannot find cue ball
sec6-res-util-pool-c4m2,,628,,pool,,1,,530,,758,,344,,1.49890781511e-29,,Cannot find cue ball
sec6-res-util-pool-c4m2,,638,,pool,,1,,504,,707,,224,,4.2190504235e-15,,Cannot find cue ball
sec6-res-util-pool-c4m2,,646,,pool,,1,,499,,730,,258,,3.39787012314e-19,,Cannot find cue ball
sec6-res-util-pool-c4m2,,654,,pool,,1,,499,,605,,168,,2.33499856879e-08,,speech: left
sec6-res-util-pool-c4m2,,660,,pool,,1,,500,,709,,305,,7.44462551298e-25,,speech: left
sec6-res-util-pool-c4m2,,669,,pool,,1,,498,,760,,276,,2.31095136696e-21,,Cannot find object ball
sec6-res-util-pool-c4m2,,678,,pool,,1,,502,,753,,302,,1.71032581607e-24,,Cannot find object ball
sec6-res-util-pool-c4m2,,688,,pool,,1,,498,,589,,106,,0.68207245493,,Cannot find cue top
sec6-res-util-pool-c4m2,,691,,pool,,1,,497,,562,,120,,0.0140625,,Cannot find cue top
sec6-res-util-pool-c4m2,,696,,pool,,1,,502,,702,,234,,2.63690651469e-16,,Cannot find cue top
sec6-res-util-pool-c4m2,,703,,pool,,1,,519,,760,,288,,8.29558135533e-23,,speech: left
sec6-res-util-pool-c4m2,,712,,pool,,1,,500,,577,,131,,0.000666086381767,,Cannot find object ball
sec6-res-util-pool-c4m2,,717,,pool,,1,,499,,670,,187,,1.20353479811e-10,,speech: left
sec6-res-util-pool-c4m2,,723,,pool,,1,,500,,796,,350,,2.8398992588e-30,,speech: left
sec6-res-util-pool-c4m2,,734,,pool,,1,,501,,746,,390,,4.33334237487e-35,,Cannot find cue ball
sec6-res-util-pool-c4m2,,746,,pool,,1,,499,,735,,292,,2.7365213057e-23,,Cannot find cue ball
sec6-res-util-pool-c4m2,,755,,pool,,1,,499,,780,,389,,5.71787954373e-35,,Cannot find cue ball
sec6-res-util-pool-c4m2,,768,,pool,,1,,499,,606,,124,,0.00463889499881,,Cannot find cue top
sec6-res-util-pool-c4m2,,772,,pool,,1,,529,,676,,191,,3.9701842175e-11,,Cannot find cue top
sec6-res-util-pool-c4m2,,778,,pool,,1,,516,,622,,141,,4.16303988605e-05,,Cannot find cue top
sec6-res-util-pool-c4m2,,783,,pool,,1,,498,,596,,113,,0.0979369383708,,Cannot find cue top
sec6-res-util-pool-c4m2,,787,,pool,,1,,529,,667,,267,,2.80219781704e-20,,Cannot find cue top
sec6-res-util-pool-c4m2,,795,,pool,,1,,501,,673,,189,,6.91249221386e-11,,Cannot find cue top
sec6-res-util-pool-c4m2,,801,,pool,,1,,501,,675,,290,,4.76456032831e-23,,Cannot find cue bottom
sec6-res-util-pool-c4m2,,811,,pool,,1,,498,,636,,152,,1.97187141323e-06,,Cannot find cue top
sec6-res-util-pool-c4m2,,816,,pool,,1,,499,,572,,89,,1.0,,Cannot find cue top
sec6-res-util-pool-c4m2,,819,,pool,,1,,499,,612,,172,,7.70262270791e-09,,Cannot find cue top
sec6-res-util-pool-c4m2,,825,,pool,,1,,502,,569,,86,,1.0,,Cannot find cue top
sec6-res-util-pool-c4m2,,828,,pool,,1,,498,,590,,107,,0.516914259749,,Cannot find cue top
sec6-res-util-pool-c4m2,,831,,pool,,1,,499,,666,,183,,3.64843526374e-10,,Cannot find cue top
sec6-res-util-pool-c4m2,,837,,pool,,1,,500,,750,,318,,2.02528841683e-26,,Cannot find cue bottom
sec6-res-util-pool-c4m2,,847,,pool,,1,,502,,631,,147,,7.8874856529e-06,,Cannot find cue top
sec6-res-util-pool-c4m2,,852,,pool,,1,,498,,679,,195,,1.30967237055e-11,,Cannot find cue top
sec6-res-util-pool-c4m2,,859,,pool,,1,,499,,577,,93,,1.0,,Cannot find cue top
sec6-res-util-pool-c4m2,,862,,pool,,1,,518,,638,,155,,8.58306884766e-07,,Cannot find cue top
sec6-res-util-pool-c4m2,,1,,pool,,1,,501,,648,,246,,9.46565679907e-18,,Cannot find cue top
sec6-res-util-pool-c4m2,,9,,pool,,1,,501,,613,,130,,0.00087890625,,Cannot find cue top
sec6-res-util-pool-c4m2,,13,,pool,,1,,537,,688,,204,,1.08007690842e-12,,Cannot find cue top
sec6-res-util-pool-c4m2,,20,,pool,,1,,501,,646,,163,,9.33999427517e-08,,Cannot find cue top
sec6-res-util-pool-c4m2,,25,,pool,,1,,498,,684,,200,,3.27418092638e-12,,Cannot find cue bottom
sec6-res-util-pool-c4m2,,32,,pool,,1,,500,,640,,243,,2.17463687881e-17,,Cannot find cue top
sec6-res-util-pool-c4m2,,40,,pool,,1,,498,,875,,495,,9.85287982728e-48,,Cannot find cue ball
sec6-res-util-pool-c4m2,,55,,pool,,1,,498,,774,,394,,1.42946988593e-35,,Cannot find cue bottom
sec6-res-util-pool-c4m2,,67,,pool,,1,,503,,749,,291,,3.61086151088e-23,,Cannot find cue bottom
sec6-res-util-pool-c4m2,,77,,pool,,1,,502,,596,,112,,0.129228564937,,Cannot find cue bottom
sec6-res-util-pool-c4m2,,81,,pool,,1,,499,,734,,262,,1.12087912682e-19,,Cannot find cue bottom
sec6-res-util-pool-c4m2,,89,,pool,,1,,497,,663,,180,,8.38190317154e-10,,Cannot find object ball
sec6-res-util-pool-c4m2,,95,,pool,,1,,501,,753,,300,,2.97785020519e-24,,Cannot find object ball
sec6-res-util-pool-c4m2,,104,,pool,,1,,511,,744,,291,,3.61086151088e-23,,Cannot find cue bottom
sec6-res-util-pool-c4m2,,114,,pool,,1,,504,,806,,394,,1.42946988593e-35,,Cannot find cue bottom
sec6-res-util-pool-c4m2,,126,,pool,,1,,501,,740,,291,,3.61086151088e-23,,Cannot find object ball
sec6-res-util-pool-c4m2,,135,,pool,,1,,498,,626,,142,,3.15499426116e-05,,Cannot find object ball
sec6-res-util-pool-c4m2,,140,,pool,,1,,529,,831,,443,,1.7988174655e-41,,speech: right
sec6-res-util-pool-c4m2,,153,,pool,,1,,499,,623,,139,,7.24827343564e-05,,Cannot find object ball
sec6-res-util-pool-c4m2,,158,,pool,,1,,516,,739,,342,,2.60975008555e-29,,Cannot find cue bottom
sec6-res-util-pool-c4m2,,169,,pool,,1,,499,,703,,219,,1.6876201694e-14,,Cannot find object ball
sec6-res-util-pool-c4m2,,176,,pool,,1,,524,,677,,193,,2.28027203984e-11,,Cannot find cue bottom
sec6-res-util-pool-c4m2,,182,,pool,,1,,516,,739,,359,,2.34204346111e-31,,Cannot find cue bottom
sec6-res-util-pool-c4m2,,193,,pool,,1,,503,,677,,193,,2.28027203984e-11,,Cannot find object ball
sec6-res-util-pool-c4m2,,200,,pool,,1,,532,,654,,185,,2.09547579288e-10,,Cannot find cue bottom
sec6-res-util-pool-c4m2,,206,,pool,,1,,532,,762,,293,,2.07389533883e-23,,Cannot find cue bottom
sec6-res-util-pool-c4m2,,215,,pool,,1,,499,,764,,292,,2.7365213057e-23,,Cannot find cue ball
sec6-res-util-pool-c4m2,,224,,pool,,1,,499,,741,,292,,2.7365213057e-23,,speech: good
sec6-res-util-pool-c4m2,,233,,pool,,1,,498,,755,,291,,3.61086151088e-23,,Cannot find object ball
sec6-res-util-pool-c4m2,,243,,pool,,1,,499,,655,,172,,7.70262270791e-09,,Cannot find cue ball
sec6-res-util-pool-c4m2,,248,,pool,,1,,515,,663,,179,,1.10599875422e-09,,Cannot find cue top
sec6-res-util-pool-c4m2,,254,,pool,,1,,498,,626,,143,,2.39103853444e-05,,Cannot find cue top
sec6-res-util-pool-c4m2,,259,,pool,,1,,500,,664,,180,,8.38190317154e-10,,Cannot find cue top
sec6-res-util-pool-c4m2,,265,,pool,,1,,500,,575,,91,,1.0,,Cannot find cue top
sec6-res-util-pool-c4m2,,268,,pool,,1,,499,,599,,115,,0.05625,,Cannot find cue top
sec6-res-util-pool-c4m2,,272,,pool,,1,,526,,664,,239,,6.59226628672e-17,,Cannot find cue top
sec6-res-util-pool-c4m2,,279,,pool,,1,,505,,685,,201,,2.48136513594e-12,,Cannot find cue bottom
sec6-res-util-pool-c4m2,,286,,pool,,1,,500,,607,,124,,0.00463889499881,,Cannot find cue ball
sec6-res-util-pool-c4m2,,290,,pool,,1,,501,,619,,135,,0.0002197265625,,Cannot find cue bottom
sec6-res-util-pool-c4m2,,295,,pool,,1,,499,,599,,115,,0.05625,,Cannot find cue bottom
sec6-res-util-pool-c4m2,,299,,pool,,1,,536,,602,,168,,2.33499856879e-08,,Cannot find cue bottom
sec6-res-util-pool-c4m2,,304,,pool,,1,,500,,779,,392,,2.48885162883e-35,,Cannot find cue bottom
sec6-res-util-pool-c4m2,,316,,pool,,1,,505,,603,,119,,0.0185555799952,,Cannot find cue bottom
sec6-res-util-pool-c4m2,,320,,pool,,1,,507,,638,,155,,8.58306884766e-07,,Cannot find cue bottom
sec6-res-util-pool-c4m2,,326,,pool,,1,,501,,573,,89,,1.0,,Cannot find cue top
sec6-res-util-pool-c4m2,,329,,pool,,1,,498,,640,,182,,4.81413919245e-10,,Cannot find cue bottom
sec6-res-util-pool-c4m2,,335,,pool,,1,,503,,665,,182,,4.81413919245e-10,,Cannot find cue top
sec6-res-util-pool-c4m2,,341,,pool,,1,,506,,655,,172,,7.70262270791e-09,,Cannot find cue top
sec6-res-util-pool-c4m2,,346,,pool,,1,,499,,683,,200,,3.27418092638e-12,,Cannot find cue top
sec6-res-util-pool-c4m2,,353,,pool,,1,,532,,661,,178,,1.4593741055e-09,,Cannot find cue top
sec6-res-util-pool-c4m2,,358,,pool,,1,,500,,744,,318,,2.02528841683e-26,,Cannot find cue top
sec6-res-util-pool-c4m2,,369,,pool,,1,,498,,710,,288,,8.29558135533e-23,,Cannot find cue top
sec6-res-util-pool-c4m2,,378,,pool,,1,,499,,651,,211,,1.55085320996e-13,,Cannot find cue top
sec6-res-util-pool-c4m2,,385,,pool,,1,,498,,621,,137,,0.000126199770446,,Cannot find cue top
sec6-res-util-pool-c4m2,,389,,pool,,1,,498,,619,,135,,0.0002197265625,,Cannot find cue top
sec6-res-util-pool-c4m2,,394,,pool,,1,,500,,669,,184,,2.76499688554e-10,,Cannot find cue top
sec6-res-util-pool-c4m2,,400,,pool,,1,,499,,665,,270,,1.21972744405e-20,,Cannot find cue top
sec6-res-util-pool-c4m2,,408,,pool,,1,,500,,711,,287,,1.09460852228e-22,,Cannot find cue bottom
sec6-res-util-pool-c4m2,,418,,pool,,1,,502,,624,,180,,8.38190317154e-10,,Cannot find cue bottom
sec6-res-util-pool-c4m2,,424,,pool,,1,,499,,697,,213,,8.90731265561e-14,,Cannot find cue bottom
sec6-res-util-pool-c4m2,,430,,pool,,1,,497,,602,,118,,0.0244842345927,,Cannot find cue top
sec6-res-util-pool-c4m2,,435,,pool,,1,,498,,633,,149,,4.53017089728e-06,,Cannot find cue bottom
sec6-res-util-pool-c4m2,,440,,pool,,1,,503,,765,,379,,9.14860726997e-34,,Cannot find cue bottom
sec6-res-util-pool-c4m2,,451,,pool,,1,,499,,706,,289,,6.28687504455e-23,,Cannot find cue bottom
sec6-res-util-pool-c4m2,,461,,pool,,1,,531,,764,,291,,3.61086151088e-23,,Cannot find cue bottom
sec6-res-util-pool-c4m2,,470,,pool,,1,,525,,761,,293,,2.07389533883e-23,,Cannot find cue bottom
sec6-res-util-pool-c4m2,,479,,pool,,1,,515,,766,,396,,8.21014853244e-36,,Cannot find cue bottom
sec6-res-util-pool-c4m2,,491,,pool,,1,,502,,717,,289,,6.28687504455e-23,,Cannot find cue bottom
sec6-res-util-pool-c4m2,,501,,pool,,1,,503,,697,,213,,8.90731265561e-14,,Cannot find cue bottom
sec6-res-util-pool-c4m2,,508,,pool,,1,,503,,777,,361,,1.34515073556e-31,,Cannot find cue bottom
sec6-res-util-pool-c4m2,,519,,pool,,1,,501,,787,,396,,8.21014853244e-36,,Cannot find cue bottom
sec6-res-util-pool-c4m2,,531,,pool,,1,,501,,628,,187,,1.20353479811e-10,,Cannot find cue top
sec6-res-util-pool-c4m2,,538,,pool,,1,,505,,668,,288,,8.29558135533e-23,,Cannot find cue top
sec6-res-util-pool-c4m2,,547,,pool,,1,,510,,615,,131,,0.000666086381767,,Cannot find cue top
sec6-res-util-pool-c4m2,,551,,pool,,1,,517,,720,,248,,5.43659219703e-18,,Cannot find cue top
sec6-res-util-pool-c4m2,,559,,pool,,1,,500,,691,,207,,4.70130780512e-13,,Cannot find cue top
sec6-res-util-pool-c4m2,,566,,pool,,1,,534,,669,,185,,2.09547579288e-10,,Cannot find cue top
sec6-res-util-pool-c4m2,,572,,pool,,1,,501,,569,,85,,1.0,,Cannot find cue top
