sec6-res-util-pool-c2m2,,392,,pool,,1,,608,,810,,392,,2.48885162883e-35,,Cannot find cue top
sec6-res-util-pool-c2m2,,404,,pool,,1,,603,,712,,228,,1.39176760244e-15,,Cannot find cue top
sec6-res-util-pool-c2m2,,411,,pool,,1,,658,,864,,452,,1.48347117235e-42,,Cannot find cue bottom
sec6-res-util-pool-c2m2,,425,,pool,,1,,614,,901,,495,,9.85287982728e-48,,Cannot find cue bottom
sec6-res-util-pool-c2m2,,440,,pool,,1,,613,,883,,494,,1.3000952876e-47,,Cannot find cue bottom
sec6-res-util-pool-c2m2,,456,,pool,,1,,574,,786,,393,,1.8861968227e-35,,Cannot find cue top
sec6-res-util-pool-c2m2,,468,,pool,,1,,578,,860,,392,,2.48885162883e-35,,Cannot find cue bottom
sec6-res-util-pool-c2m2,,480,,pool,,1,,675,,954,,496,,7.46708659103e-48,,Cannot find cue bottom
sec6-res-util-pool-c2m2,,496,,pool,,1,,725,,931,,492,,2.26359736992e-47,,Cannot find cue bottom
sec6-res-util-pool-c2m2,,511,,pool,,1,,645,,922,,495,,9.85287982728e-48,,Cannot find cue bottom
sec6-res-util-pool-c2m2,,526,,pool,,1,,625,,811,,391,,3.28405941298e-35,,Cannot find cue top
sec6-res-util-pool-c2m2,,539,,pool,,1,,716,,917,,495,,9.85287982728e-48,,Cannot find cue top
sec6-res-util-pool-c2m2,,554,,pool,,1,,604,,716,,289,,6.28687504455e-23,,Cannot find cue top
sec6-res-util-pool-c2m2,,563,,pool,,1,,600,,779,,391,,3.28405941298e-35,,Cannot find cue bottom
sec6-res-util-pool-c2m2,,576,,pool,,1,,574,,771,,392,,2.48885162883e-35,,Cannot find cue top
sec6-res-util-pool-c2m2,,588,,pool,,1,,566,,757,,290,,4.76456032831e-23,,Cannot find cue top
sec6-res-util-pool-c2m2,,597,,pool,,1,,670,,873,,494,,1.3000952876e-47,,Cannot find cue top
sec6-res-util-pool-c2m2,,613,,pool,,1,,562,,778,,393,,1.8861968227e-35,,Cannot find cue bottom
sec6-res-util-pool-c2m2,,625,,pool,,1,,643,,860,,397,,6.22212907207e-36,,Cannot find cue ball
sec6-res-util-pool-c2m2,,637,,pool,,1,,647,,936,,493,,1.71548601675e-47,,Cannot find cue ball
sec6-res-util-pool-c2m2,,652,,pool,,1,,713,,911,,498,,4.28871504187e-48,,Cannot find cue top
sec6-res-util-pool-c2m2,,668,,pool,,1,,693,,918,,495,,9.85287982728e-48,,Cannot find object ball
sec6-res-util-pool-c2m2,,683,,pool,,1,,604,,798,,388,,7.5447872908e-35,,Cannot find cue top
sec6-res-util-pool-c2m2,,695,,pool,,1,,590,,772,,390,,4.33334237487e-35,,Cannot find cue top
sec6-res-util-pool-c2m2,,708,,pool,,1,,499,,679,,195,,1.30967237055e-11,,Cannot find cue ball
sec6-res-util-pool-c2m2,,714,,pool,,1,,675,,957,,485,,1.57646077237e-46,,speech: left
sec6-res-util-pool-c2m2,,729,,pool,,1,,655,,893,,496,,7.46708659103e-48,,Cannot find object ball
sec6-res-util-pool-c2m2,,745,,pool,,1,,631,,856,,391,,3.28405941298e-35,,Cannot find object ball
sec6-res-util-pool-c2m2,,757,,pool,,1,,642,,927,,493,,1.71548601675e-47,,Cannot find cue ball
sec6-res-util-pool-c2m2,,772,,pool,,1,,623,,812,,395,,1.08333559372e-35,,Cannot find cue top
sec6-res-util-pool-c2m2,,785,,pool,,1,,620,,809,,391,,3.28405941298e-35,,Cannot find cue top
sec6-res-util-pool-c2m2,,797,,pool,,1,,611,,809,,390,,4.33334237487e-35,,Cannot find cue top
sec6-res-util-pool-c2m2,,809,,pool,,1,,684,,818,,393,,1.8861968227e-35,,Cannot find cue top
sec6-res-util-pool-c2m2,,821,,pool,,1,,673,,808,,392,,2.48885162883e-35,,Cannot find cue top
sec6-res-util-pool-c2m2,,834,,pool,,1,,592,,781,,393,,1.8861968227e-35,,Cannot find cue top
sec6-res-util-pool-c2m2,,846,,pool,,1,,574,,763,,290,,4.76456032831e-23,,Cannot find cue top
sec6-res-util-pool-c2m2,,855,,pool,,1,,578,,680,,196,,9.92546054374e-12,,Cannot find cue top
sec6-res-util-pool-c2m2,,862,,pool,,1,,653,,834,,382,,3.98216260612e-34,,Cannot find cue top
sec6-res-util-pool-c2m2,,8,,pool,,1,,647,,835,,700,,2.03752779274e-72,,Cannot find cue top
sec6-res-util-pool-c2m2,,29,,pool,,1,,618,,817,,389,,5.71787954373e-35,,Cannot find cue top
sec6-res-util-pool-c2m2,,41,,pool,,1,,647,,931,,496,,7.46708659103e-48,,Cannot find cue ball
sec6-res-util-pool-c2m2,,57,,pool,,1,,697,,917,,501,,1.86677164776e-48,,Cannot find cue bottom
sec6-res-util-pool-c2m2,,72,,pool,,1,,606,,888,,488,,6.86194406698e-47,,Cannot find cue bottom
sec6-res-util-pool-c2m2,,88,,pool,,1,,591,,890,,493,,1.71548601675e-47,,Cannot find object ball
sec6-res-util-pool-c2m2,,103,,pool,,1,,668,,877,,494,,1.3000952876e-47,,Cannot find cue bottom
sec6-res-util-pool-c2m2,,118,,pool,,1,,650,,862,,389,,5.71787954373e-35,,Cannot find cue bottom
sec6-res-util-pool-c2m2,,131,,pool,,1,,732,,865,,491,,2.98683463641e-47,,Cannot find object ball
sec6-res-util-pool-c2m2,,146,,pool,,1,,543,,838,,393,,1.8861968227e-35,,speech: right
sec6-res-util-pool-c2m2,,158,,pool,,1,,725,,924,,495,,9.85287982728e-48,,Cannot find cue bottom
sec6-res-util-pool-c2m2,,174,,pool,,1,,731,,1013,,600,,2.24028550003e-60,,Cannot find cue bottom
sec6-res-util-pool-c2m2,,192,,pool,,1,,696,,925,,495,,9.85287982728e-48,,Cannot find object ball
sec6-res-util-pool-c2m2,,207,,pool,,1,,699,,916,,599,,2.95607443968e-60,,Cannot find cue bottom
sec6-res-util-pool-c2m2,,226,,pool,,1,,501,,695,,291,,3.61086151088e-23,,speech: good
sec6-res-util-pool-c2m2,,235,,pool,,1,,662,,871,,500,,2.46321995682e-48,,Cannot find object ball
sec6-res-util-pool-c2m2,,250,,pool,,1,,646,,781,,392,,2.48885162883e-35,,Cannot find cue top
sec6-res-util-pool-c2m2,,263,,pool,,1,,645,,835,,394,,1.42946988593e-35,,Cannot find cue top
sec6-res-util-pool-c2m2,,275,,pool,,1,,659,,863,,499,,3.250238219e-48,,Cannot find cue bottom
sec6-res-util-pool-c2m2,,290,,pool,,1,,611,,725,,291,,3.61086151088e-23,,Cannot find cue bottom
sec6-res-util-pool-c2m2,,299,,pool,,1,,617,,819,,396,,8.21014853244e-36,,Cannot find cue bottom
sec6-res-util-pool-c2m2,,312,,pool,,1,,601,,797,,393,,1.8861968227e-35,,Cannot find cue bottom
sec6-res-util-pool-c2m2,,324,,pool,,1,,518,,699,,215,,5.11590769747e-14,,Cannot find cue bottom
sec6-res-util-pool-c2m2,,331,,pool,,1,,662,,873,,470,,1.00893489431e-44,,Cannot find cue bottom
sec6-res-util-pool-c2m2,,346,,pool,,1,,668,,800,,391,,3.28405941298e-35,,Cannot find cue top
sec6-res-util-pool-c2m2,,358,,pool,,1,,659,,863,,394,,1.42946988593e-35,,Cannot find cue top
sec6-res-util-pool-c2m2,,370,,pool,,1,,659,,856,,392,,2.48885162883e-35,,Cannot find cue top
sec6-res-util-pool-c2m2,,382,,pool,,1,,647,,772,,391,,3.28405941298e-35,,Cannot find cue top
sec6-res-util-pool-c2m2,,395,,pool,,1,,634,,836,,391,,3.28405941298e-35,,Cannot find cue top
sec6-res-util-pool-c2m2,,407,,pool,,1,,622,,841,,391,,3.28405941298e-35,,Cannot find cue bottom
sec6-res-util-pool-c2m2,,419,,pool,,1,,630,,929,,491,,2.98683463641e-47,,Cannot find cue bottom
sec6-res-util-pool-c2m2,,435,,pool,,1,,712,,829,,391,,3.28405941298e-35,,Cannot find cue bottom
sec6-res-util-pool-c2m2,,447,,pool,,1,,602,,808,,392,,2.48885162883e-35,,Cannot find cue bottom
sec6-res-util-pool-c2m2,,459,,pool,,1,,616,,900,,496,,7.46708659103e-48,,Cannot find cue bottom
sec6-res-util-pool-c2m2,,475,,pool,,1,,679,,898,,494,,1.3000952876e-47,,Cannot find cue bottom
sec6-res-util-pool-c2m2,,490,,pool,,1,,678,,961,,494,,1.3000952876e-47,,Cannot find cue bottom
sec6-res-util-pool-c2m2,,505,,pool,,1,,742,,880,,495,,9.85287982728e-48,,Cannot find cue top
sec6-res-util-pool-c2m2,,521,,pool,,1,,734,,948,,492,,2.26359736992e-47,,Cannot find cue bottom
sec6-res-util-pool-c2m2,,536,,pool,,1,,729,,862,,497,,5.65899342479e-48,,Cannot find cue top
sec6-res-util-pool-c2m2,,551,,pool,,1,,621,,822,,390,,4.33334237487e-35,,Cannot find cue top
sec6-res-util-pool-c2m2,,564,,pool,,1,,699,,839,,495,,9.85287982728e-48,,Cannot find cue top
sec6-res-util-pool-c2m2,,579,,pool,,1,,607,,795,,391,,3.28405941298e-35,,Cannot find cue top
sec6-res-util-pool-c2m2,,591,,pool,,1,,580,,677,,193,,2.28027203984e-11,,Cannot find cue top
sec6-res-util-pool-c2m2,,598,,pool,,1,,681,,870,,489,,5.2003811504e-47,,Cannot find cue top
sec6-res-util-pool-c2m2,,613,,pool,,1,,600,,871,,495,,9.85287982728e-48,,Cannot find cue bottom
sec6-res-util-pool-c2m2,,628,,pool,,1,,573,,778,,294,,1.57171876114e-23,,Cannot find cue ball
sec6-res-util-pool-c2m2,,638,,pool,,1,,736,,945,,490,,3.94115193091e-47,,Cannot find cue ball
sec6-res-util-pool-c2m2,,653,,pool,,1,,639,,928,,496,,7.46708659103e-48,,speech: good
sec6-res-util-pool-c2m2,,668,,pool,,1,,631,,927,,493,,1.71548601675e-47,,Cannot find object ball
sec6-res-util-pool-c2m2,,683,,pool,,1,,626,,821,,396,,8.21014853244e-36,,Cannot find cue top
sec6-res-util-pool-c2m2,,696,,pool,,1,,696,,896,,493,,1.71548601675e-47,,Cannot find cue top
sec6-res-util-pool-c2m2,,711,,pool,,1,,598,,810,,394,,1.42946988593e-35,,Cannot find object ball
sec6-res-util-pool-c2m2,,723,,pool,,1,,685,,977,,598,,3.90056360799e-60,,speech: left
sec6-res-util-pool-c2m2,,742,,pool,,1,,563,,678,,194,,1.72812305347e-11,,Cannot find object ball
sec6-res-util-pool-c2m2,,748,,pool,,1,,650,,784,,391,,3.28405941298e-35,,Cannot find cue ball
sec6-res-util-pool-c2m2,,760,,pool,,1,,648,,863,,392,,2.48885162883e-35,,Cannot find cue ball
sec6-res-util-pool-c2m2,,773,,pool,,1,,633,,765,,391,,3.28405941298e-35,,Cannot find cue top
sec6-res-util-pool-c2m2,,785,,pool,,1,,629,,759,,291,,3.61086151088e-23,,Cannot find cue top
sec6-res-util-pool-c2m2,,794,,pool,,1,,650,,835,,391,,3.28405941298e-35,,Cannot find cue top
sec6-res-util-pool-c2m2,,806,,pool,,1,,637,,744,,294,,1.57171876114e-23,,Cannot find cue top
sec6-res-util-pool-c2m2,,816,,pool,,1,,716,,903,,496,,7.46708659103e-48,,Cannot find cue top
sec6-res-util-pool-c2m2,,831,,pool,,1,,592,,792,,389,,5.71787954373e-35,,Cannot find cue top
sec6-res-util-pool-c2m2,,843,,pool,,1,,609,,797,,398,,4.71549205675e-36,,Cannot find cue top
sec6-res-util-pool-c2m2,,855,,pool,,1,,612,,793,,403,,1.17887301419e-36,,Cannot find cue top
sec6-res-util-pool-c2m2,,2,,pool,,1,,609,,802,,395,,1.08333559372e-35,,Cannot find cue top
sec6-res-util-pool-c2m2,,14,,pool,,1,,673,,875,,499,,3.250238219e-48,,Cannot find cue top
sec6-res-util-pool-c2m2,,29,,pool,,1,,555,,673,,188,,9.12108815935e-11,,Cannot find cue top
sec6-res-util-pool-c2m2,,35,,pool,,1,,740,,943,,499,,3.250238219e-48,,Cannot find cue top
sec6-res-util-pool-c2m2,,51,,pool,,1,,647,,851,,403,,1.17887301419e-36,,Cannot find cue bottom
sec6-res-util-pool-c2m2,,63,,pool,,1,,715,,942,,498,,4.28871504187e-48,,Cannot find cue bottom
sec6-res-util-pool-c2m2,,79,,pool,,1,,701,,917,,496,,7.46708659103e-48,,Cannot find cue bottom
sec6-res-util-pool-c2m2,,94,,pool,,1,,698,,926,,442,,2.37355387576e-41,,Cannot find object ball
sec6-res-util-pool-c2m2,,108,,pool,,1,,743,,958,,555,,5.8727740212e-55,,Cannot find cue bottom
sec6-res-util-pool-c2m2,,125,,pool,,1,,673,,884,,497,,5.65899342479e-48,,Cannot find object ball
sec6-res-util-pool-c2m2,,140,,pool,,1,,576,,797,,393,,1.8861968227e-35,,speech: right
sec6-res-util-pool-c2m2,,152,,pool,,1,,654,,856,,402,,1.55553226802e-36,,Cannot find object ball
sec6-res-util-pool-c2m2,,164,,pool,,1,,664,,866,,402,,1.55553226802e-36,,Cannot find object ball
sec6-res-util-pool-c2m2,,177,,pool,,1,,574,,747,,301,,2.2567884443e-24,,Cannot find cue bottom
sec6-res-util-pool-c2m2,,186,,pool,,1,,644,,864,,400,,2.70833898429e-36,,Cannot find cue bottom
sec6-res-util-pool-c2m2,,198,,pool,,1,,657,,922,,507,,3.5368708905e-49,,Cannot find cue bottom
sec6-res-util-pool-c2m2,,214,,pool,,1,,608,,830,,404,,8.93418678708e-37,,Cannot find cue ball
sec6-res-util-pool-c2m2,,226,,pool,,1,,520,,721,,396,,8.21014853244e-36,,speech: good
sec6-res-util-pool-c2m2,,238,,pool,,1,,584,,803,,397,,6.22212907207e-36,,Cannot find object ball
sec6-res-util-pool-c2m2,,251,,pool,,1,,580,,706,,297,,6.84130326426e-24,,Cannot find cue top
sec6-res-util-pool-c2m2,,260,,pool,,1,,569,,688,,202,,1.88052312205e-12,,Cannot find cue top
sec6-res-util-pool-c2m2,,266,,pool,,1,,663,,772,,386,,1.31362376519e-34,,Cannot find cue top
sec6-res-util-pool-c2m2,,278,,pool,,1,,558,,769,,298,,5.18473834708e-24,,Cannot find cue bottom
sec6-res-util-pool-c2m2,,287,,pool,,1,,673,,868,,401,,2.05253713311e-36,,Cannot find cue ball
sec6-res-util-pool-c2m2,,300,,pool,,1,,657,,859,,605,,5.60071375008e-61,,Cannot find cue bottom
sec6-res-util-pool-c2m2,,318,,pool,,1,,494,,726,,298,,5.18473834708e-24,,Cannot find cue bottom
sec6-res-util-pool-c2m2,,327,,pool,,1,,541,,720,,298,,5.18473834708e-24,,Cannot find cue bottom
sec6-res-util-pool-c2m2,,336,,pool,,1,,633,,841,,402,,1.55553226802e-36,,Cannot find cue bottom
sec6-res-util-pool-c2m2,,349,,pool,,1,,698,,836,,401,,2.05253713311e-36,,Cannot find cue top
sec6-res-util-pool-c2m2,,361,,pool,,1,,619,,793,,396,,8.21014853244e-36,,Cannot find cue top
sec6-res-util-pool-c2m2,,373,,pool,,1,,600,,803,,393,,1.8861968227e-35,,Cannot find cue top
sec6-res-util-pool-c2m2,,386,,pool,,1,,588,,797,,394,,1.42946988593e-35,,Cannot find cue top
sec6-res-util-pool-c2m2,,398,,pool,,1,,666,,861,,398,,4.71549205675e-36,,Cannot find cue top
sec6-res-util-pool-c2m2,,410,,pool,,1,,568,,766,,293,,2.07389533883e-23,,Cannot find cue bottom
sec6-res-util-pool-c2m2,,420,,pool,,1,,663,,953,,599,,2.95607443968e-60,,Cannot find cue bottom
sec6-res-util-pool-c2m2,,438,,pool,,1,,534,,743,,293,,2.07389533883e-23,,Cannot find cue bottom
sec6-res-util-pool-c2m2,,447,,pool,,1,,637,,924,,497,,5.65899342479e-48,,Cannot find cue bottom
sec6-res-util-pool-c2m2,,463,,pool,,1,,613,,909,,497,,5.65899342479e-48,,Cannot find cue bottom
sec6-res-util-pool-c2m2,,478,,pool,,1,,587,,796,,392,,2.48885162883e-35,,Cannot find cue bottom
sec6-res-util-pool-c2m2,,490,,pool,,1,,600,,886,,402,,1.55553226802e-36,,Cannot find cue bottom
sec6-res-util-pool-c2m2,,503,,pool,,1,,676,,882,,492,,2.26359736992e-47,,Cannot find cue bottom
sec6-res-util-pool-c2m2,,518,,pool,,1,,570,,773,,395,,1.08333559372e-35,,Cannot find cue top
sec6-res-util-pool-c2m2,,530,,pool,,1,,558,,752,,293,,2.07389533883e-23,,Cannot find cue top
sec6-res-util-pool-c2m2,,539,,pool,,1,,664,,843,,395,,1.08333559372e-35,,Cannot find cue top
sec6-res-util-pool-c2m2,,552,,pool,,1,,565,,734,,293,,2.07389533883e-23,,Cannot find cue top
sec6-res-util-pool-c2m2,,561,,pool,,1,,634,,827,,396,,8.21014853244e-36,,Cannot find cue top
sec6-res-util-pool-c2m2,,573,,pool,,1,,618,,758,,398,,4.71549205675e-36,,Cannot find cue top
sec6-res-util-pool-c2m2,,585,,pool,,1,,617,,829,,395,,1.08333559372e-35,,Cannot find cue top
sec6-res-util-pool-c2m2,,598,,pool,,1,,616,,740,,293,,2.07389533883e-23,,Cannot find cue top
sec6-res-util-pool-c2m2,,607,,pool,,1,,613,,812,,397,,6.22212907207e-36,,Cannot find cue top
sec6-res-util-pool-c2m2,,619,,pool,,1,,680,,803,,394,,1.42946988593e-35,,Cannot find cue bottom
sec6-res-util-pool-c2m2,,631,,pool,,1,,584,,787,,395,,1.08333559372e-35,,Cannot find cue ball
sec6-res-util-pool-c2m2,,644,,pool,,1,,593,,789,,394,,1.42946988593e-35,,Cannot find cue ball
sec6-res-util-pool-c2m2,,656,,pool,,1,,579,,868,,396,,8.21014853244e-36,,speech: left
sec6-res-util-pool-c2m2,,668,,pool,,1,,649,,868,,395,,1.08333559372e-35,,Cannot find object ball
sec6-res-util-pool-c2m2,,681,,pool,,1,,737,,957,,498,,4.28871504187e-48,,Cannot find object ball
sec6-res-util-pool-c2m2,,696,,pool,,1,,630,,824,,395,,1.08333559372e-35,,Cannot find cue top
sec6-res-util-pool-c2m2,,708,,pool,,1,,611,,830,,395,,1.08333559372e-35,,Cannot find cue ball
sec6-res-util-pool-c2m2,,721,,pool,,1,,701,,917,,498,,4.28871504187e-48,,Cannot find cue ball
sec6-res-util-pool-c2m2,,736,,pool,,1,,600,,818,,397,,6.22212907207e-36,,Cannot find object ball
sec6-res-util-pool-c2m2,,748,,pool,,1,,684,,898,,498,,4.28871504187e-48,,Cannot find cue ball
sec6-res-util-pool-c2m2,,764,,pool,,1,,685,,907,,495,,9.85287982728e-48,,Cannot find cue ball
sec6-res-util-pool-c2m2,,779,,pool,,1,,591,,757,,292,,2.7365213057e-23,,Cannot find cue top
sec6-res-util-pool-c2m2,,788,,pool,,1,,573,,673,,188,,9.12108815935e-11,,Cannot find cue top
sec6-res-util-pool-c2m2,,794,,pool,,1,,573,,761,,297,,6.84130326426e-24,,Cannot find cue top
sec6-res-util-pool-c2m2,,804,,pool,,1,,676,,836,,394,,1.42946988593e-35,,Cannot find cue top
sec6-res-util-pool-c2m2,,816,,pool,,1,,645,,831,,396,,8.21014853244e-36,,Cannot find cue top
sec6-res-util-pool-c2m2,,828,,pool,,1,,645,,842,,397,,6.22212907207e-36,,Cannot find cue top
sec6-res-util-pool-c2m2,,840,,pool,,1,,632,,830,,393,,1.8861968227e-35,,Cannot find cue top
sec6-res-util-pool-c2m2,,853,,pool,,1,,641,,826,,394,,1.42946988593e-35,,Cannot find cue top
sec6-res-util-pool-c2m2,,865,,pool,,1,,630,,816,,395,,1.08333559372e-35,,Cannot find cue top
sec6-res-util-pool-c2m2,,11,,pool,,1,,618,,815,,395,,1.08333559372e-35,,Cannot find cue top
sec6-res-util-pool-c2m2,,24,,pool,,1,,606,,878,,501,,1.86677164776e-48,,Cannot find cue bottom
sec6-res-util-pool-c2m2,,39,,pool,,1,,579,,873,,495,,9.85287982728e-48,,Cannot find cue ball
sec6-res-util-pool-c2m2,,54,,pool,,1,,647,,846,,396,,8.21014853244e-36,,Cannot find cue bottom
sec6-res-util-pool-c2m2,,67,,pool,,1,,560,,749,,293,,2.07389533883e-23,,Cannot find cue bottom
sec6-res-util-pool-c2m2,,76,,pool,,1,,632,,856,,395,,1.08333559372e-35,,Cannot find cue bottom
sec6-res-util-pool-c2m2,,88,,pool,,1,,642,,946,,498,,4.28871504187e-48,,Cannot find object ball
sec6-res-util-pool-c2m2,,103,,pool,,1,,620,,827,,395,,1.08333559372e-35,,Cannot find cue bottom
sec6-res-util-pool-c2m2,,116,,pool,,1,,707,,917,,497,,5.65899342479e-48,,Cannot find cue bottom
sec6-res-util-pool-c2m2,,131,,pool,,1,,690,,903,,497,,5.65899342479e-48,,Cannot find object ball
sec6-res-util-pool-c2m2,,146,,pool,,1,,686,,978,,600,,2.24028550003e-60,,speech: right
sec6-res-util-pool-c2m2,,165,,pool,,1,,584,,865,,396,,8.21014853244e-36,,Cannot find object ball
sec6-res-util-pool-c2m2,,177,,pool,,1,,679,,961,,495,,9.85287982728e-48,,Cannot find cue bottom
sec6-res-util-pool-c2m2,,192,,pool,,1,,751,,975,,601,,1.69781892305e-60,,Cannot find object ball
sec6-res-util-pool-c2m2,,211,,pool,,1,,553,,735,,291,,3.61086151088e-23,,Cannot find object ball
sec6-res-util-pool-c2m2,,220,,pool,,1,,547,,822,,395,,1.08333559372e-35,,Cannot find object ball
sec6-res-util-pool-c2m2,,232,,pool,,1,,618,,843,,497,,5.65899342479e-48,,Cannot find cue ball
sec6-res-util-pool-c2m2,,248,,pool,,1,,597,,711,,293,,2.07389533883e-23,,Cannot find cue top
sec6-res-util-pool-c2m2,,257,,pool,,1,,690,,815,,395,,1.08333559372e-35,,Cannot find cue top
sec6-res-util-pool-c2m2,,269,,pool,,1,,684,,815,,498,,4.28871504187e-48,,Cannot find cue top
sec6-res-util-pool-c2m2,,285,,pool,,1,,583,,788,,396,,8.21014853244e-36,,Cannot find cue ball
sec6-res-util-pool-c2m2,,297,,pool,,1,,670,,881,,498,,4.28871504187e-48,,Cannot find cue bottom
sec6-res-util-pool-c2m2,,312,,pool,,1,,645,,849,,397,,6.22212907207e-36,,Cannot find cue bottom
sec6-res-util-pool-c2m2,,325,,pool,,1,,555,,759,,292,,2.7365213057e-23,,Cannot find cue top
sec6-res-util-pool-c2m2,,334,,pool,,1,,645,,857,,395,,1.08333559372e-35,,Cannot find cue top
sec6-res-util-pool-c2m2,,346,,pool,,1,,722,,920,,498,,4.28871504187e-48,,Cannot find cue top
sec6-res-util-pool-c2m2,,361,,pool,,1,,533,,705,,291,,3.61086151088e-23,,Cannot find cue top
sec6-res-util-pool-c2m2,,371,,pool,,1,,534,,726,,294,,1.57171876114e-23,,Cannot find cue top
sec6-res-util-pool-c2m2,,380,,pool,,1,,709,,898,,497,,5.65899342479e-48,,Cannot find cue top
sec6-res-util-pool-c2m2,,395,,pool,,1,,603,,807,,396,,8.21014853244e-36,,Cannot find cue top
sec6-res-util-pool-c2m2,,408,,pool,,1,,686,,988,,602,,1.2867061343e-60,,Cannot find cue bottom
sec6-res-util-pool-c2m2,,426,,pool,,1,,581,,868,,397,,6.22212907207e-36,,Cannot find cue bottom
sec6-res-util-pool-c2m2,,438,,pool,,1,,678,,954,,500,,2.46321995682e-48,,Cannot find cue bottom
sec6-res-util-pool-c2m2,,454,,pool,,1,,640,,864,,397,,6.22212907207e-36,,Cannot find cue top
sec6-res-util-pool-c2m2,,466,,pool,,1,,665,,947,,500,,2.46321995682e-48,,Cannot find cue bottom
sec6-res-util-pool-c2m2,,481,,pool,,1,,618,,843,,401,,2.05253713311e-36,,Cannot find cue bottom
sec6-res-util-pool-c2m2,,494,,pool,,1,,622,,841,,390,,4.33334237487e-35,,Cannot find cue bottom
sec6-res-util-pool-c2m2,,506,,pool,,1,,641,,800,,400,,2.70833898429e-36,,Cannot find cue top
sec6-res-util-pool-c2m2,,518,,pool,,1,,504,,619,,132,,0.000504799081786,,Cannot find cue top
sec6-res-util-pool-c2m2,,522,,pool,,1,,669,,857,,461,,1.22340746707e-43,,Cannot find cue top
sec6-res-util-pool-c2m2,,536,,pool,,1,,575,,704,,299,,3.92929690285e-24,,Cannot find cue top
sec6-res-util-pool-c2m2,,546,,pool,,1,,599,,780,,401,,2.05253713311e-36,,Cannot find cue top
sec6-res-util-pool-c2m2,,558,,pool,,1,,585,,787,,397,,6.22212907207e-36,,Cannot find cue top
sec6-res-util-pool-c2m2,,570,,pool,,1,,574,,770,,295,,1.19114008208e-23,,Cannot find cue top
sec6-res-util-pool-c2m2,,580,,pool,,1,,743,,940,,500,,2.46321995682e-48,,Cannot find cue top
sec6-res-util-pool-c2m2,,595,,pool,,1,,647,,926,,499,,3.250238219e-48,,Cannot find cue bottom
sec6-res-util-pool-c2m2,,610,,pool,,1,,639,,922,,501,,1.86677164776e-48,,Cannot find cue bottom
sec6-res-util-pool-c2m2,,626,,pool,,1,,509,,708,,295,,1.19114008208e-23,,Cannot find cue ball
sec6-res-util-pool-c2m2,,635,,pool,,1,,594,,812,,400,,2.70833898429e-36,,Cannot find cue ball
sec6-res-util-pool-c2m2,,647,,pool,,1,,582,,804,,320,,1.1632227364e-26,,Cannot find cue ball
sec6-res-util-pool-c2m2,,657,,pool,,1,,670,,871,,471,,7.64629666921e-45,,speech: left
sec6-res-util-pool-c2m2,,672,,pool,,1,,585,,866,,399,,3.57367471483e-36,,Cannot find object ball
sec6-res-util-pool-c2m2,,684,,pool,,1,,659,,875,,500,,2.46321995682e-48,,Cannot find cue bottom
sec6-res-util-pool-c2m2,,699,,pool,,1,,573,,769,,295,,1.19114008208e-23,,Cannot find cue top
sec6-res-util-pool-c2m2,,709,,pool,,1,,670,,946,,495,,9.85287982728e-48,,speech: right
sec6-res-util-pool-c2m2,,724,,pool,,1,,726,,1024,,605,,5.60071375008e-61,,speech: left
sec6-res-util-pool-c2m2,,742,,pool,,1,,543,,818,,392,,2.48885162883e-35,,Cannot find object ball
sec6-res-util-pool-c2m2,,755,,pool,,1,,618,,843,,501,,1.86677164776e-48,,Cannot find cue ball
sec6-res-util-pool-c2m2,,770,,pool,,1,,597,,791,,397,,6.22212907207e-36,,Cannot find cue top
sec6-res-util-pool-c2m2,,782,,pool,,1,,590,,781,,397,,6.22212907207e-36,,Cannot find cue top
sec6-res-util-pool-c2m2,,795,,pool,,1,,582,,772,,397,,6.22212907207e-36,,Cannot find cue top
sec6-res-util-pool-c2m2,,807,,pool,,1,,573,,683,,198,,5.70068009959e-12,,Cannot find cue top
sec6-res-util-pool-c2m2,,813,,pool,,1,,562,,687,,289,,6.28687504455e-23,,Cannot find cue top
sec6-res-util-pool-c2m2,,822,,pool,,1,,597,,783,,403,,1.17887301419e-36,,Cannot find cue top
sec6-res-util-pool-c2m2,,834,,pool,,1,,577,,763,,298,,5.18473834708e-24,,Cannot find cue top
sec6-res-util-pool-c2m2,,844,,pool,,1,,650,,839,,402,,1.55553226802e-36,,Cannot find cue top
sec6-res-util-pool-c2m2,,856,,pool,,1,,648,,835,,402,,1.55553226802e-36,,Cannot find cue top
sec6-res-util-pool-c2m2,,2,,pool,,1,,637,,819,,402,,1.55553226802e-36,,Cannot find cue top
sec6-res-util-pool-c2m2,,14,,pool,,1,,618,,814,,402,,1.55553226802e-36,,Cannot find cue top
sec6-res-util-pool-c2m2,,27,,pool,,1,,622,,905,,502,,1.4147483562e-48,,Cannot find cue bottom
sec6-res-util-pool-c2m2,,42,,pool,,1,,589,,889,,505,,6.15804989205e-49,,Cannot find cue ball
sec6-res-util-pool-c2m2,,58,,pool,,1,,571,,872,,496,,7.46708659103e-48,,Cannot find cue bottom
sec6-res-util-pool-c2m2,,73,,pool,,1,,562,,785,,402,,1.55553226802e-36,,Cannot find cue bottom
sec6-res-util-pool-c2m2,,85,,pool,,1,,576,,851,,395,,1.08333559372e-35,,Cannot find object ball
sec6-res-util-pool-c2m2,,97,,pool,,1,,570,,780,,402,,1.55553226802e-36,,Cannot find object ball
sec6-res-util-pool-c2m2,,110,,pool,,1,,645,,847,,398,,4.71549205675e-36,,Cannot find cue bottom
sec6-res-util-pool-c2m2,,122,,pool,,1,,726,,931,,496,,7.46708659103e-48,,Cannot find cue bottom
sec6-res-util-pool-c2m2,,138,,pool,,1,,708,,1008,,599,,2.95607443968e-60,,Cannot find object ball
sec6-res-util-pool-c2m2,,156,,pool,,1,,610,,906,,499,,3.250238219e-48,,speech: right
sec6-res-util-pool-c2m2,,171,,pool,,1,,688,,902,,498,,4.28871504187e-48,,Cannot find object ball
sec6-res-util-pool-c2m2,,187,,pool,,1,,683,,891,,497,,5.65899342479e-48,,Cannot find cue bottom
sec6-res-util-pool-c2m2,,202,,pool,,1,,661,,874,,498,,4.28871504187e-48,,Cannot find cue bottom
sec6-res-util-pool-c2m2,,217,,pool,,1,,647,,879,,501,,1.86677164776e-48,,Cannot find object ball
sec6-res-util-pool-c2m2,,233,,pool,,1,,627,,849,,393,,1.8861968227e-35,,Cannot find object ball
sec6-res-util-pool-c2m2,,245,,pool,,1,,637,,846,,396,,8.21014853244e-36,,Cannot find cue ball
sec6-res-util-pool-c2m2,,257,,pool,,1,,717,,913,,497,,5.65899342479e-48,,Cannot find cue top
sec6-res-util-pool-c2m2,,273,,pool,,1,,604,,797,,391,,3.28405941298e-35,,Cannot find cue top
sec6-res-util-pool-c2m2,,285,,pool,,1,,595,,797,,395,,1.08333559372e-35,,Cannot find cue ball
sec6-res-util-pool-c2m2,,297,,pool,,1,,605,,812,,393,,1.8861968227e-35,,Cannot find cue bottom
sec6-res-util-pool-c2m2,,309,,pool,,1,,676,,880,,505,,6.15804989205e-49,,Cannot find cue bottom
sec6-res-util-pool-c2m2,,325,,pool,,1,,572,,764,,296,,9.02715377719e-24,,Cannot find cue top
sec6-res-util-pool-c2m2,,334,,pool,,1,,680,,888,,505,,6.15804989205e-49,,Cannot find cue top
sec6-res-util-pool-c2m2,,349,,pool,,1,,561,,747,,296,,9.02715377719e-24,,Cannot find cue top
sec6-res-util-pool-c2m2,,359,,pool,,1,,652,,850,,401,,2.05253713311e-36,,Cannot find cue top
sec6-res-util-pool-c2m2,,371,,pool,,1,,731,,866,,503,,1.07217876047e-48,,Cannot find cue top
sec6-res-util-pool-c2m2,,386,,pool,,1,,642,,830,,403,,1.17887301419e-36,,Cannot find cue top
sec6-res-util-pool-c2m2,,399,,pool,,1,,701,,906,,496,,7.46708659103e-48,,Cannot find cue top
sec6-res-util-pool-c2m2,,414,,pool,,1,,599,,815,,394,,1.42946988593e-35,,Cannot find cue bottom
sec6-res-util-pool-c2m2,,426,,pool,,1,,686,,905,,505,,6.15804989205e-49,,Cannot find cue bottom
sec6-res-util-pool-c2m2,,442,,pool,,1,,596,,876,,497,,5.65899342479e-48,,Cannot find cue bottom
sec6-res-util-pool-c2m2,,457,,pool,,1,,557,,781,,395,,1.08333559372e-35,,Cannot find cue bottom
sec6-res-util-pool-c2m2,,469,,pool,,1,,587,,870,,401,,2.05253713311e-36,,Cannot find cue bottom
sec6-res-util-pool-c2m2,,481,,pool,,1,,680,,950,,504,,8.1255955475e-49,,Cannot find cue bottom
sec6-res-util-pool-c2m2,,497,,pool,,1,,646,,848,,400,,2.70833898429e-36,,Cannot find cue bottom
sec6-res-util-pool-c2m2,,509,,pool,,1,,658,,925,,549,,3.09966871166e-54,,Cannot find cue bottom
sec6-res-util-pool-c2m2,,526,,pool,,1,,579,,777,,290,,4.76456032831e-23,,Cannot find cue top
sec6-res-util-pool-c2m2,,535,,pool,,1,,761,,882,,463,,7.02663072459e-44,,Cannot find cue top
sec6-res-util-pool-c2m2,,549,,pool,,1,,533,,789,,402,,1.55553226802e-36,,Cannot find cue top
sec6-res-util-pool-c2m2,,561,,pool,,1,,495,,616,,190,,5.23868948221e-11,,Cannot find cue top
sec6-res-util-pool-c2m2,,567,,pool,,1,,610,,810,,405,,6.77084746074e-37,,Cannot find cue top
sec6-res-util-pool-c2m2,,580,,pool,,1,,607,,796,,400,,2.70833898429e-36,,Cannot find cue top
sec6-res-util-pool-c2m2,,592,,pool,,1,,577,,775,,399,,3.57367471483e-36,,Cannot find cue top
sec6-res-util-pool-c2m2,,605,,pool,,1,,643,,780,,394,,1.42946988593e-35,,Cannot find cue top
sec6-res-util-pool-c2m2,,617,,pool,,1,,642,,851,,397,,6.22212907207e-36,,Cannot find cue bottom
sec6-res-util-pool-c2m2,,629,,pool,,1,,649,,920,,498,,4.28871504187e-48,,Cannot find cue ball
sec6-res-util-pool-c2m2,,644,,pool,,1,,634,,915,,500,,2.46321995682e-48,,Cannot find cue ball
sec6-res-util-pool-c2m2,,660,,pool,,1,,620,,913,,498,,4.28871504187e-48,,speech: left
sec6-res-util-pool-c2m2,,675,,pool,,1,,697,,926,,602,,1.2867061343e-60,,Cannot find object ball
sec6-res-util-pool-c2m2,,694,,pool,,1,,578,,710,,293,,2.07389533883e-23,,Cannot find cue top
sec6-res-util-pool-c2m2,,703,,pool,,1,,593,,791,,396,,8.21014853244e-36,,speech: left
sec6-res-util-pool-c2m2,,715,,pool,,1,,655,,873,,497,,5.65899342479e-48,,speech: left
sec6-res-util-pool-c2m2,,730,,pool,,1,,570,,846,,397,,6.22212907207e-36,,Cannot find object ball
sec6-res-util-pool-c2m2,,743,,pool,,1,,638,,868,,399,,3.57367471483e-36,,Cannot find object ball
sec6-res-util-pool-c2m2,,755,,pool,,1,,729,,1026,,596,,6.79127569222e-60,,Cannot find cue ball
sec6-res-util-pool-c2m2,,773,,pool,,1,,625,,813,,397,,6.22212907207e-36,,Cannot find cue top
sec6-res-util-pool-c2m2,,786,,pool,,1,,613,,805,,395,,1.08333559372e-35,,Cannot find cue top
sec6-res-util-pool-c2m2,,798,,pool,,1,,589,,806,,393,,1.8861968227e-35,,Cannot find cue bottom
sec6-res-util-pool-c2m2,,810,,pool,,1,,592,,792,,392,,2.48885162883e-35,,Cannot find cue bottom
sec6-res-util-pool-c2m2,,823,,pool,,1,,591,,771,,394,,1.42946988593e-35,,Cannot find cue top
sec6-res-util-pool-c2m2,,835,,pool,,1,,558,,770,,285,,1.90582413132e-22,,Cannot find cue ball
sec6-res-util-pool-c2m2,,844,,pool,,1,,583,,762,,308,,3.24046146693e-25,,Cannot find cue top
sec6-res-util-pool-c2m2,,854,,pool,,1,,636,,694,,209,,2.70019227104e-13,,Cannot find cue top
sec6-res-util-pool-c2m2,,860,,pool,,1,,612,,740,,266,,3.69752218714e-20,,Cannot find cue top
sec6-res-util-pool-c2m2,,3,,pool,,1,,664,,861,,376,,2.10179802431e-33,,Cannot find cue top
sec6-res-util-pool-c2m2,,14,,pool,,1,,644,,776,,352,,1.63109380347e-30,,Cannot find cue top
sec6-res-util-pool-c2m2,,25,,pool,,1,,687,,896,,456,,4.89362986829e-43,,Cannot find cue bottom
sec6-res-util-pool-c2m2,,40,,pool,,1,,618,,919,,497,,5.65899342479e-48,,Cannot find cue ball
sec6-res-util-pool-c2m2,,55,,pool,,1,,617,,907,,496,,7.46708659103e-48,,Cannot find cue bottom
sec6-res-util-pool-c2m2,,70,,pool,,1,,621,,891,,497,,5.65899342479e-48,,Cannot find cue bottom
sec6-res-util-pool-c2m2,,86,,pool,,1,,667,,972,,498,,4.28871504187e-48,,Cannot find object ball
sec6-res-util-pool-c2m2,,101,,pool,,1,,685,,967,,497,,5.65899342479e-48,,Cannot find cue bottom
sec6-res-util-pool-c2m2,,116,,pool,,1,,580,,859,,394,,1.42946988593e-35,,Cannot find cue bottom
sec6-res-util-pool-c2m2,,129,,pool,,1,,566,,844,,396,,8.21014853244e-36,,Cannot find object ball
sec6-res-util-pool-c2m2,,141,,pool,,1,,640,,939,,496,,7.46708659103e-48,,speech: good
sec6-res-util-pool-c2m2,,156,,pool,,1,,639,,915,,498,,4.28871504187e-48,,speech: right
sec6-res-util-pool-c2m2,,172,,pool,,1,,630,,913,,496,,7.46708659103e-48,,Cannot find object ball
sec6-res-util-pool-c2m2,,187,,pool,,1,,695,,914,,498,,4.28871504187e-48,,Cannot find cue bottom
sec6-res-util-pool-c2m2,,202,,pool,,1,,685,,908,,496,,7.46708659103e-48,,Cannot find cue bottom
sec6-res-util-pool-c2m2,,218,,pool,,1,,682,,974,,498,,4.28871504187e-48,,Cannot find object ball
sec6-res-util-pool-c2m2,,233,,pool,,1,,669,,959,,497,,5.65899342479e-48,,Cannot find object ball
sec6-res-util-pool-c2m2,,248,,pool,,1,,660,,859,,394,,1.42946988593e-35,,Cannot find cue top
sec6-res-util-pool-c2m2,,261,,pool,,1,,645,,837,,393,,1.8861968227e-35,,Cannot find cue top
sec6-res-util-pool-c2m2,,273,,pool,,1,,642,,762,,303,,1.29618458677e-24,,Cannot find cue top
sec6-res-util-pool-c2m2,,282,,pool,,1,,536,,727,,293,,2.07389533883e-23,,Cannot find cue ball
sec6-res-util-pool-c2m2,,291,,pool,,1,,546,,816,,497,,5.65899342479e-48,,Cannot find cue bottom
sec6-res-util-pool-c2m2,,307,,pool,,1,,519,,738,,397,,6.22212907207e-36,,Cannot find cue bottom
sec6-res-util-pool-c2m2,,319,,pool,,1,,602,,810,,395,,1.08333559372e-35,,Cannot find cue bottom
sec6-res-util-pool-c2m2,,331,,pool,,1,,677,,887,,499,,3.250238219e-48,,Cannot find cue bottom
sec6-res-util-pool-c2m2,,347,,pool,,1,,568,,769,,395,,1.08333559372e-35,,Cannot find cue top
sec6-res-util-pool-c2m2,,359,,pool,,1,,654,,781,,394,,1.42946988593e-35,,Cannot find cue top
sec6-res-util-pool-c2m2,,371,,pool,,1,,645,,766,,294,,1.57171876114e-23,,Cannot find cue top
sec6-res-util-pool-c2m2,,380,,pool,,1,,740,,879,,499,,3.250238219e-48,,Cannot find cue top
sec6-res-util-pool-c2m2,,396,,pool,,1,,650,,938,,499,,3.250238219e-48,,Cannot find cue bottom
sec6-res-util-pool-c2m2,,411,,pool,,1,,632,,854,,396,,8.21014853244e-36,,Cannot find cue bottom
sec6-res-util-pool-c2m2,,424,,pool,,1,,710,,909,,497,,5.65899342479e-48,,Cannot find cue bottom
sec6-res-util-pool-c2m2,,439,,pool,,1,,598,,811,,395,,1.08333559372e-35,,Cannot find cue bottom
sec6-res-util-pool-c2m2,,451,,pool,,1,,603,,792,,396,,8.21014853244e-36,,Cannot find cue bottom
sec6-res-util-pool-c2m2,,463,,pool,,1,,602,,895,,499,,3.250238219e-48,,Cannot find cue bottom
sec6-res-util-pool-c2m2,,479,,pool,,1,,660,,876,,498,,4.28871504187e-48,,Cannot find cue bottom
sec6-res-util-pool-c2m2,,494,,pool,,1,,559,,763,,293,,2.07389533883e-23,,Cannot find cue bottom
sec6-res-util-pool-c2m2,,503,,pool,,1,,649,,854,,397,,6.22212907207e-36,,Cannot find cue bottom
sec6-res-util-pool-c2m2,,516,,pool,,1,,638,,838,,396,,8.21014853244e-36,,Cannot find cue top
sec6-res-util-pool-c2m2,,528,,pool,,1,,634,,841,,396,,8.21014853244e-36,,Cannot find cue top
sec6-res-util-pool-c2m2,,540,,pool,,1,,633,,823,,397,,6.22212907207e-36,,Cannot find cue top
sec6-res-util-pool-c2m2,,553,,pool,,1,,611,,804,,319,,1.53488160267e-26,,Cannot find cue top
sec6-res-util-pool-c2m2,,563,,pool,,1,,681,,890,,473,,4.39164420287e-45,,Cannot find cue bottom
sec6-res-util-pool-c2m2,,577,,pool,,1,,607,,785,,393,,1.8861968227e-35,,Cannot find cue top
sec6-res-util-pool-c2m2,,589,,pool,,1,,589,,785,,395,,1.08333559372e-35,,Cannot find cue top
sec6-res-util-pool-c2m2,,602,,pool,,1,,600,,796,,393,,1.8861968227e-35,,Cannot find cue top
sec6-res-util-pool-c2m2,,614,,pool,,1,,671,,879,,497,,5.65899342479e-48,,Cannot find cue bottom
sec6-res-util-pool-c2m2,,629,,pool,,1,,658,,873,,494,,1.3000952876e-47,,Cannot find cue ball
sec6-res-util-pool-c2m2,,645,,pool,,1,,653,,940,,499,,3.250238219e-48,,Cannot find cue ball
sec6-res-util-pool-c2m2,,660,,pool,,1,,636,,919,,500,,2.46321995682e-48,,speech: left
sec6-res-util-pool-c2m2,,675,,pool,,1,,614,,840,,396,,8.21014853244e-36,,Cannot find object ball
sec6-res-util-pool-c2m2,,688,,pool,,1,,714,,908,,500,,2.46321995682e-48,,Cannot find cue top
sec6-res-util-pool-c2m2,,703,,pool,,1,,607,,812,,392,,2.48885162883e-35,,speech: left
sec6-res-util-pool-c2m2,,715,,pool,,1,,610,,885,,496,,7.46708659103e-48,,speech: left
sec6-res-util-pool-c2m2,,731,,pool,,1,,497,,698,,212,,1.17532695128e-13,,Cannot find cue ball
sec6-res-util-pool-c2m2,,738,,pool,,1,,678,,959,,577,,1.31758708153e-57,,Cannot find object ball
sec6-res-util-pool-c2m2,,755,,pool,,1,,564,,849,,393,,1.8861968227e-35,,Cannot find cue ball
sec6-res-util-pool-c2m2,,768,,pool,,1,,664,,866,,395,,1.08333559372e-35,,Cannot find cue top
sec6-res-util-pool-c2m2,,780,,pool,,1,,653,,850,,398,,4.71549205675e-36,,Cannot find cue top
sec6-res-util-pool-c2m2,,792,,pool,,1,,714,,852,,496,,7.46708659103e-48,,Cannot find cue top
sec6-res-util-pool-c2m2,,808,,pool,,1,,630,,818,,396,,8.21014853244e-36,,Cannot find cue top
sec6-res-util-pool-c2m2,,820,,pool,,1,,537,,722,,293,,2.07389533883e-23,,Cannot find cue top
sec6-res-util-pool-c2m2,,829,,pool,,1,,601,,736,,395,,1.08333559372e-35,,Cannot find cue top
sec6-res-util-pool-c2m2,,841,,pool,,1,,599,,787,,396,,8.21014853244e-36,,Cannot find cue top
sec6-res-util-pool-c2m2,,854,,pool,,1,,667,,795,,395,,1.08333559372e-35,,Cannot find cue top
sec6-res-util-pool-c2m2,,0,,pool,,1,,678,,891,,498,,4.28871504187e-48,,Cannot find cue top
sec6-res-util-pool-c2m2,,15,,pool,,1,,548,,752,,292,,2.7365213057e-23,,Cannot find cue bottom
sec6-res-util-pool-c2m2,,24,,pool,,1,,643,,861,,395,,1.08333559372e-35,,Cannot find cue bottom
sec6-res-util-pool-c2m2,,37,,pool,,1,,639,,850,,396,,8.21014853244e-36,,Cannot find cue top
sec6-res-util-pool-c2m2,,49,,pool,,1,,717,,941,,496,,7.46708659103e-48,,Cannot find cue ball
sec6-res-util-pool-c2m2,,64,,pool,,1,,703,,1002,,596,,6.79127569222e-60,,Cannot find cue bottom
sec6-res-util-pool-c2m2,,83,,pool,,1,,606,,908,,498,,4.28871504187e-48,,Cannot find object ball
sec6-res-util-pool-c2m2,,98,,pool,,1,,598,,804,,395,,1.08333559372e-35,,Cannot find object ball
sec6-res-util-pool-c2m2,,111,,pool,,1,,590,,807,,395,,1.08333559372e-35,,Cannot find cue bottom
sec6-res-util-pool-c2m2,,123,,pool,,1,,666,,880,,502,,1.4147483562e-48,,Cannot find cue bottom
sec6-res-util-pool-c2m2,,138,,pool,,1,,548,,673,,188,,9.12108815935e-11,,Cannot find object ball
sec6-res-util-pool-c2m2,,144,,pool,,1,,647,,856,,397,,6.22212907207e-36,,speech: right
sec6-res-util-pool-c2m2,,157,,pool,,1,,557,,757,,293,,2.07389533883e-23,,speech: right
sec6-res-util-pool-c2m2,,166,,pool,,1,,659,,934,,498,,4.28871504187e-48,,Cannot find object ball
sec6-res-util-pool-c2m2,,181,,pool,,1,,625,,842,,395,,1.08333559372e-35,,Cannot find cue bottom
sec6-res-util-pool-c2m2,,193,,pool,,1,,636,,918,,497,,5.65899342479e-48,,Cannot find object ball
sec6-res-util-pool-c2m2,,209,,pool,,1,,605,,821,,399,,3.57367471483e-36,,Cannot find object ball
sec6-res-util-pool-c2m2,,221,,pool,,1,,607,,889,,495,,9.85287982728e-48,,Cannot find object ball
