sec6-res-util-pool-c2m2,,559,,pool,,4,,685,,881,,401,,2.05253713311e-36,,Cannot find cue bottom
sec6-res-util-pool-c2m2,,571,,pool,,4,,637,,744,,190,,5.23868948221e-11,,Cannot find cue ball
sec6-res-util-pool-c2m2,,578,,pool,,4,,613,,735,,181,,6.35229474799e-10,,Cannot find cue bottom
sec6-res-util-pool-c2m2,,584,,pool,,4,,567,,723,,168,,2.33499856879e-08,,Cannot find cue bottom
sec6-res-util-pool-c2m2,,612,,pool,,4,,597,,717,,257,,4.48351650727e-19,,Cannot find cue top
sec6-res-util-pool-c2m2,,620,,pool,,4,,624,,813,,259,,2.57510401825e-19,,Cannot find cue top
sec6-res-util-pool-c2m2,,647,,pool,,4,,615,,818,,317,,2.6723840876e-26,,Cannot find cue bottom
sec6-res-util-pool-c2m2,,657,,pool,,4,,589,,787,,287,,1.09460852228e-22,,Cannot find cue bottom
sec6-res-util-pool-c2m2,,678,,pool,,4,,575,,787,,308,,3.24046146693e-25,,Cannot find cue bottom
sec6-res-util-pool-c2m2,,688,,pool,,4,,647,,866,,382,,3.98216260612e-34,,Cannot find cue bottom
sec6-res-util-pool-c2m2,,700,,pool,,4,,737,,943,,482,,3.62175579187e-46,,Cannot find cue bottom
sec6-res-util-pool-c2m2,,715,,pool,,4,,649,,832,,378,,1.20716596653e-33,,Cannot find cue ball
sec6-res-util-pool-c2m2,,728,,pool,,4,,645,,919,,379,,9.14860726997e-34,,Cannot find cue ball
sec6-res-util-pool-c2m2,,740,,pool,,4,,725,,936,,485,,1.57646077237e-46,,Cannot find cue ball
sec6-res-util-pool-c2m2,,755,,pool,,4,,794,,1009,,481,,4.77893541826e-46,,Cannot find cue bottom
sec6-res-util-pool-c2m2,,771,,pool,,4,,789,,1019,,482,,3.62175579187e-46,,Cannot find cue ball
sec6-res-util-pool-c2m2,,786,,pool,,4,,787,,1072,,584,,1.89188764139e-58,,Cannot find cue bottom
sec6-res-util-pool-c2m2,,804,,pool,,4,,751,,963,,482,,3.62175579187e-46,,Cannot find cue bottom
sec6-res-util-pool-c2m2,,820,,pool,,4,,741,,952,,482,,3.62175579187e-46,,Cannot find cue bottom
sec6-res-util-pool-c2m2,,835,,pool,,4,,643,,854,,376,,2.10179802431e-33,,Cannot find cue bottom
sec6-res-util-pool-c2m2,,847,,pool,,4,,566,,820,,277,,1.75137363565e-21,,Cannot find cue top
sec6-res-util-pool-c2m2,,857,,pool,,4,,715,,917,,380,,6.93334779979e-34,,Cannot find cue top
sec6-res-util-pool-c2m2,,869,,pool,,4,,711,,910,,378,,1.20716596653e-33,,Cannot find cue top
sec6-res-util-pool-c2m2,,881,,pool,,4,,566,,724,,170,,1.34110450745e-08,,Cannot find cue top
sec6-res-util-pool-c2m2,,887,,pool,,4,,717,,1001,,488,,6.86194406698e-47,,Cannot find cue ball
sec6-res-util-pool-c2m2,,903,,pool,,4,,697,,989,,482,,3.62175579187e-46,,Cannot find cue bottom
sec6-res-util-pool-c2m2,,918,,pool,,4,,593,,795,,278,,1.32729301685e-21,,Cannot find cue bottom
sec6-res-util-pool-c2m2,,927,,pool,,4,,567,,766,,212,,1.17532695128e-13,,Cannot find cue ball
sec6-res-util-pool-c2m2,,934,,pool,,4,,722,,840,,350,,2.8398992588e-30,,Cannot find cue top
sec6-res-util-pool-c2m2,,946,,pool,,4,,651,,866,,376,,2.10179802431e-33,,Cannot find cue bottom
sec6-res-util-pool-c2m2,,958,,pool,,4,,737,,872,,381,,5.25449506076e-34,,Cannot find cue bottom
sec6-res-util-pool-c2m2,,970,,pool,,4,,621,,757,,202,,1.88052312205e-12,,Cannot find cue top
sec6-res-util-pool-c2m2,,977,,pool,,4,,713,,914,,457,,3.70867793087e-43,,Cannot find cue ball
sec6-res-util-pool-c2m2,,992,,pool,,4,,635,,905,,380,,6.93334779979e-34,,speech: right
sec6-res-util-pool-c2m2,,1004,,pool,,4,,627,,908,,383,,3.01791491632e-34,,speech: right
sec6-res-util-pool-c2m2,,1016,,pool,,4,,703,,906,,380,,6.93334779979e-34,,Cannot find cue bottom
sec6-res-util-pool-c2m2,,1042,,pool,,4,,573,,770,,215,,5.11590769747e-14,,Cannot find cue bottom
sec6-res-util-pool-c2m2,,1049,,pool,,4,,603,,824,,324,,3.83720400669e-27,,Cannot find cue bottom
sec6-res-util-pool-c2m2,,1059,,pool,,4,,684,,950,,481,,4.77893541826e-46,,Cannot find cue top
sec6-res-util-pool-c2m2,,1075,,pool,,4,,661,,947,,482,,3.62175579187e-46,,Cannot find cue bottom
sec6-res-util-pool-c2m2,,7,,pool,,4,,655,,936,,484,,2.08015246016e-46,,Cannot find cue ball
sec6-res-util-pool-c2m2,,23,,pool,,4,,631,,853,,378,,1.20716596653e-33,,Cannot find cue ball
sec6-res-util-pool-c2m2,,35,,pool,,4,,716,,940,,484,,2.08015246016e-46,,Cannot find cue bottom
sec6-res-util-pool-c2m2,,50,,pool,,4,,792,,1012,,457,,3.70867793087e-43,,Cannot find cue bottom
sec6-res-util-pool-c2m2,,65,,pool,,4,,813,,1031,,502,,1.4147483562e-48,,Cannot find object ball
sec6-res-util-pool-c2m2,,81,,pool,,4,,784,,902,,484,,2.08015246016e-46,,Cannot find cue ball
sec6-res-util-pool-c2m2,,96,,pool,,4,,587,,865,,378,,1.20716596653e-33,,Cannot find cue ball
sec6-res-util-pool-c2m2,,109,,pool,,4,,663,,966,,483,,2.74477762679e-46,,speech: good
sec6-res-util-pool-c2m2,,124,,pool,,4,,677,,875,,484,,2.08015246016e-46,,Cannot find cue top
sec6-res-util-pool-c2m2,,139,,pool,,4,,640,,858,,379,,9.14860726997e-34,,Cannot find cue top
sec6-res-util-pool-c2m2,,152,,pool,,4,,636,,843,,383,,3.01791491632e-34,,Cannot find cue top
sec6-res-util-pool-c2m2,,164,,pool,,4,,718,,1004,,483,,2.74477762679e-46,,speech: left
sec6-res-util-pool-c2m2,,179,,pool,,4,,698,,907,,376,,2.10179802431e-33,,Cannot find cue top
sec6-res-util-pool-c2m2,,191,,pool,,4,,606,,890,,379,,9.14860726997e-34,,Cannot find cue ball
sec6-res-util-pool-c2m2,,204,,pool,,4,,697,,991,,486,,1.19473385456e-46,,speech: right
sec6-res-util-pool-c2m2,,219,,pool,,4,,693,,985,,481,,4.77893541826e-46,,speech: right
sec6-res-util-pool-c2m2,,234,,pool,,4,,756,,894,,380,,6.93334779979e-34,,Cannot find cue ball
sec6-res-util-pool-c2m2,,247,,pool,,4,,649,,869,,382,,3.98216260612e-34,,Cannot find cue ball
sec6-res-util-pool-c2m2,,259,,pool,,4,,568,,853,,380,,6.93334779979e-34,,speech: right
sec6-res-util-pool-c2m2,,271,,pool,,4,,744,,1038,,586,,1.08660411075e-58,,speech: right
sec6-res-util-pool-c2m2,,290,,pool,,4,,717,,921,,380,,6.93334779979e-34,,Cannot find cue top
sec6-res-util-pool-c2m2,,302,,pool,,4,,723,,1006,,485,,1.57646077237e-46,,Cannot find cue bottom
sec6-res-util-pool-c2m2,,317,,pool,,4,,691,,886,,374,,3.65944290799e-33,,Cannot find cue top
sec6-res-util-pool-c2m2,,330,,pool,,4,,774,,911,,480,,6.30584308946e-46,,Cannot find cue top
sec6-res-util-pool-c2m2,,345,,pool,,4,,681,,966,,482,,3.62175579187e-46,,Cannot find cue bottom
sec6-res-util-pool-c2m2,,371,,pool,,4,,653,,852,,358,,3.09034487431e-31,,Cannot find cue top
sec6-res-util-pool-c2m2,,382,,pool,,4,,741,,937,,480,,6.30584308946e-46,,Cannot find cue top
sec6-res-util-pool-c2m2,,406,,pool,,4,,573,,784,,324,,3.83720400669e-27,,Cannot find cue bottom
sec6-res-util-pool-c2m2,,416,,pool,,4,,619,,834,,383,,3.01791491632e-34,,Cannot find cue bottom
sec6-res-util-pool-c2m2,,428,,pool,,4,,698,,920,,381,,5.25449506076e-34,,Cannot find cue ball
sec6-res-util-pool-c2m2,,440,,pool,,4,,796,,1014,,481,,4.77893541826e-46,,Cannot find cue ball
sec6-res-util-pool-c2m2,,456,,pool,,4,,569,,710,,157,,4.92967853306e-07,,Cannot find cue top
sec6-res-util-pool-c2m2,,461,,pool,,4,,799,,1092,,602,,1.2867061343e-60,,speech: left
sec6-res-util-pool-c2m2,,480,,pool,,4,,670,,960,,482,,3.62175579187e-46,,Cannot find cue ball
sec6-res-util-pool-c2m2,,496,,pool,,4,,677,,975,,483,,2.74477762679e-46,,Cannot find cue ball
sec6-res-util-pool-c2m2,,511,,pool,,4,,741,,956,,482,,3.62175579187e-46,,Cannot find cue bottom
sec6-res-util-pool-c2m2,,526,,pool,,4,,565,,745,,190,,5.23868948221e-11,,Cannot find object ball
sec6-res-util-pool-c2m2,,532,,pool,,4,,747,,938,,485,,1.57646077237e-46,,Cannot find cue top
sec6-res-util-pool-c2m2,,548,,pool,,4,,618,,816,,279,,1.00590000713e-21,,Cannot find cue top
sec6-res-util-pool-c2m2,,557,,pool,,4,,642,,903,,380,,6.93334779979e-34,,Cannot find cue bottom
sec6-res-util-pool-c2m2,,569,,pool,,4,,710,,918,,380,,6.93334779979e-34,,Cannot find cue bottom
sec6-res-util-pool-c2m2,,582,,pool,,4,,793,,1008,,584,,1.89188764139e-58,,Cannot find cue bottom
sec6-res-util-pool-c2m2,,612,,pool,,4,,573,,714,,221,,9.69283256225e-15,,Cannot find cue top
sec6-res-util-pool-c2m2,,619,,pool,,4,,637,,832,,357,,4.07773450867e-31,,Cannot find cue top
sec6-res-util-pool-c2m2,,647,,pool,,4,,643,,856,,380,,6.93334779979e-34,,Cannot find cue bottom
sec6-res-util-pool-c2m2,,658,,pool,,4,,646,,847,,387,,9.95540651531e-35,,Cannot find cue top
sec6-res-util-pool-c2m2,,678,,pool,,4,,598,,816,,370,,1.10933564797e-32,,Cannot find cue bottom
sec6-res-util-pool-c2m2,,689,,pool,,4,,598,,799,,379,,9.14860726997e-34,,Cannot find cue bottom
sec6-res-util-pool-c2m2,,701,,pool,,4,,566,,799,,279,,1.00590000713e-21,,speech: good
sec6-res-util-pool-c2m2,,711,,pool,,4,,694,,911,,382,,3.98216260612e-34,,Cannot find object ball
sec6-res-util-pool-c2m2,,723,,pool,,4,,766,,994,,480,,6.30584308946e-46,,speech: right
sec6-res-util-pool-c2m2,,738,,pool,,4,,669,,886,,381,,5.25449506076e-34,,Cannot find cue ball
sec6-res-util-pool-c2m2,,751,,pool,,4,,683,,873,,382,,3.98216260612e-34,,Cannot find cue top
sec6-res-util-pool-c2m2,,763,,pool,,4,,671,,952,,481,,4.77893541826e-46,,Cannot find cue ball
sec6-res-util-pool-c2m2,,778,,pool,,4,,637,,925,,381,,5.25449506076e-34,,Cannot find cue ball
sec6-res-util-pool-c2m2,,790,,pool,,4,,631,,847,,379,,9.14860726997e-34,,Cannot find cue ball
sec6-res-util-pool-c2m2,,803,,pool,,4,,623,,837,,384,,2.28715181749e-34,,Cannot find cue top
sec6-res-util-pool-c2m2,,815,,pool,,4,,568,,815,,278,,1.32729301685e-21,,Cannot find cue bottom
sec6-res-util-pool-c2m2,,824,,pool,,4,,724,,997,,487,,9.05438947967e-47,,Cannot find cue bottom
sec6-res-util-pool-c2m2,,840,,pool,,4,,607,,801,,276,,2.31095136696e-21,,Cannot find cue bottom
sec6-res-util-pool-c2m2,,849,,pool,,4,,589,,793,,279,,1.00590000713e-21,,Cannot find cue bottom
sec6-res-util-pool-c2m2,,858,,pool,,4,,569,,769,,215,,5.11590769747e-14,,Cannot find cue top
sec6-res-util-pool-c2m2,,865,,pool,,4,,829,,1026,,546,,7.12116870024e-54,,Cannot find cue top
sec6-res-util-pool-c2m2,,883,,pool,,4,,675,,965,,488,,6.86194406698e-47,,speech: left
sec6-res-util-pool-c2m2,,898,,pool,,4,,737,,968,,481,,4.77893541826e-46,,Cannot find cue bottom
sec6-res-util-pool-c2m2,,913,,pool,,4,,744,,1035,,585,,1.43378272002e-58,,Cannot find cue bottom
sec6-res-util-pool-c2m2,,932,,pool,,4,,630,,844,,381,,5.25449506076e-34,,Cannot find cue bottom
sec6-res-util-pool-c2m2,,944,,pool,,4,,723,,923,,380,,6.93334779979e-34,,Cannot find cue top
sec6-res-util-pool-c2m2,,956,,pool,,4,,796,,923,,380,,6.93334779979e-34,,Cannot find cue top
sec6-res-util-pool-c2m2,,969,,pool,,4,,796,,1001,,482,,3.62175579187e-46,,Cannot find object ball
sec6-res-util-pool-c2m2,,984,,pool,,4,,696,,893,,377,,1.59286504245e-33,,speech: left
sec6-res-util-pool-c2m2,,996,,pool,,4,,769,,970,,483,,2.74477762679e-46,,speech: left
sec6-res-util-pool-c2m2,,1012,,pool,,4,,742,,962,,481,,4.77893541826e-46,,Cannot find cue bottom
sec6-res-util-pool-c2m2,,1042,,pool,,4,,576,,854,,410,,1.69271186518e-37,,Cannot find cue bottom
sec6-res-util-pool-c2m2,,1055,,pool,,4,,608,,813,,277,,1.75137363565e-21,,Cannot find cue top
sec6-res-util-pool-c2m2,,1064,,pool,,4,,708,,923,,379,,9.14860726997e-34,,Cannot find cue top
sec6-res-util-pool-c2m2,,1076,,pool,,4,,708,,923,,381,,5.25449506076e-34,,Cannot find cue top
sec6-res-util-pool-c2m2,,5,,pool,,4,,716,,992,,482,,3.62175579187e-46,,Cannot find cue ball
sec6-res-util-pool-c2m2,,21,,pool,,4,,682,,897,,380,,6.93334779979e-34,,Cannot find cue bottom
sec6-res-util-pool-c2m2,,33,,pool,,4,,583,,862,,379,,9.14860726997e-34,,Cannot find cue ball
sec6-res-util-pool-c2m2,,45,,pool,,4,,752,,898,,380,,6.93334779979e-34,,Cannot find cue bottom
sec6-res-util-pool-c2m2,,58,,pool,,4,,584,,768,,213,,8.90731265561e-14,,Cannot find cue bottom
sec6-res-util-pool-c2m2,,65,,pool,,4,,607,,811,,341,,3.44358588302e-29,,Cannot find object ball
sec6-res-util-pool-c2m2,,76,,pool,,4,,565,,831,,379,,9.14860726997e-34,,speech: right
sec6-res-util-pool-c2m2,,88,,pool,,4,,639,,933,,482,,3.62175579187e-46,,Cannot find cue ball
sec6-res-util-pool-c2m2,,104,,pool,,4,,621,,853,,379,,9.14860726997e-34,,Cannot find cue bottom
sec6-res-util-pool-c2m2,,116,,pool,,4,,565,,800,,277,,1.75137363565e-21,,speech: left
sec6-res-util-pool-c2m2,,125,,pool,,4,,600,,808,,277,,1.75137363565e-21,,Cannot find cue top
sec6-res-util-pool-c2m2,,134,,pool,,4,,704,,907,,381,,5.25449506076e-34,,Cannot find cue top
sec6-res-util-pool-c2m2,,147,,pool,,4,,571,,771,,216,,3.8771330249e-14,,Cannot find cue bottom
sec6-res-util-pool-c2m2,,154,,pool,,4,,567,,731,,236,,1.51450508785e-16,,Cannot find cue top
sec6-res-util-pool-c2m2,,162,,pool,,4,,698,,975,,484,,2.08015246016e-46,,Cannot find cue bottom
sec6-res-util-pool-c2m2,,178,,pool,,4,,747,,963,,480,,6.30584308946e-46,,speech: right
sec6-res-util-pool-c2m2,,193,,pool,,4,,671,,964,,486,,1.19473385456e-46,,speech: left
sec6-res-util-pool-c2m2,,208,,pool,,4,,641,,755,,200,,3.27418092638e-12,,Cannot find cue bottom
sec6-res-util-pool-c2m2,,215,,pool,,4,,712,,913,,460,,1.6142958309e-43,,speech: right
sec6-res-util-pool-c2m2,,230,,pool,,4,,615,,837,,380,,6.93334779979e-34,,Cannot find cue ball
sec6-res-util-pool-c2m2,,242,,pool,,4,,566,,809,,277,,1.75137363565e-21,,speech: left
sec6-res-util-pool-c2m2,,251,,pool,,4,,700,,994,,482,,3.62175579187e-46,,speech: right
sec6-res-util-pool-c2m2,,267,,pool,,4,,703,,989,,483,,2.74477762679e-46,,Cannot find cue bottom
sec6-res-util-pool-c2m2,,282,,pool,,4,,590,,877,,380,,6.93334779979e-34,,Cannot find object ball
sec6-res-util-pool-c2m2,,294,,pool,,4,,684,,894,,482,,3.62175579187e-46,,Cannot find cue top
sec6-res-util-pool-c2m2,,310,,pool,,4,,676,,949,,478,,1.09791105072e-45,,Cannot find cue bottom
sec6-res-util-pool-c2m2,,325,,pool,,4,,635,,840,,381,,5.25449506076e-34,,Cannot find cue top
sec6-res-util-pool-c2m2,,337,,pool,,4,,567,,726,,170,,1.34110450745e-08,,Cannot find cue top
sec6-res-util-pool-c2m2,,343,,pool,,4,,566,,833,,384,,2.28715181749e-34,,Cannot find cue bottom
sec6-res-util-pool-c2m2,,371,,pool,,4,,640,,854,,396,,8.21014853244e-36,,Cannot find cue top
sec6-res-util-pool-c2m2,,383,,pool,,4,,618,,817,,281,,5.7773784174e-22,,Cannot find cue top
sec6-res-util-pool-c2m2,,406,,pool,,4,,572,,762,,207,,4.70130780512e-13,,Cannot find cue bottom
sec6-res-util-pool-c2m2,,412,,pool,,4,,628,,850,,342,,2.60975008555e-29,,Cannot find cue bottom
sec6-res-util-pool-c2m2,,423,,pool,,4,,679,,964,,483,,2.74477762679e-46,,Cannot find object ball
sec6-res-util-pool-c2m2,,439,,pool,,4,,565,,764,,209,,2.70019227104e-13,,Cannot find cue ball
sec6-res-util-pool-c2m2,,446,,pool,,4,,639,,839,,348,,4.9445517989e-30,,Cannot find cue top
sec6-res-util-pool-c2m2,,457,,pool,,4,,738,,936,,482,,3.62175579187e-46,,Cannot find cue top
sec6-res-util-pool-c2m2,,472,,pool,,4,,653,,946,,484,,2.08015246016e-46,,Cannot find cue ball
sec6-res-util-pool-c2m2,,488,,pool,,4,,712,,1007,,481,,4.77893541826e-46,,Cannot find cue ball
sec6-res-util-pool-c2m2,,503,,pool,,4,,708,,903,,380,,6.93334779979e-34,,Cannot find cue ball
sec6-res-util-pool-c2m2,,515,,pool,,4,,695,,906,,379,,9.14860726997e-34,,Cannot find cue bottom
sec6-res-util-pool-c2m2,,528,,pool,,4,,782,,1006,,481,,4.77893541826e-46,,Cannot find cue ball
sec6-res-util-pool-c2m2,,543,,pool,,4,,771,,988,,483,,2.74477762679e-46,,Cannot find cue bottom
sec6-res-util-pool-c2m2,,558,,pool,,4,,677,,875,,378,,1.20716596653e-33,,Cannot find cue top
sec6-res-util-pool-c2m2,,559,,pool,,4,,752,,943,,483,,2.74477762679e-46,,Cannot find cue bottom
sec6-res-util-pool-c2m2,,574,,pool,,4,,568,,833,,383,,3.01791491632e-34,,Cannot find cue bottom
sec6-res-util-pool-c2m2,,586,,pool,,4,,569,,757,,275,,3.04931861012e-21,,Cannot find cue bottom
sec6-res-util-pool-c2m2,,612,,pool,,4,,573,,699,,144,,1.81206835891e-05,,Cannot find cue top
sec6-res-util-pool-c2m2,,617,,pool,,4,,703,,832,,379,,9.14860726997e-34,,Cannot find cue top
sec6-res-util-pool-c2m2,,647,,pool,,4,,572,,649,,94,,1.0,,Cannot find cue bottom
sec6-res-util-pool-c2m2,,650,,pool,,4,,592,,708,,152,,1.97187141323e-06,,Cannot find cue top
sec6-res-util-pool-c2m2,,655,,pool,,4,,565,,822,,323,,5.06322104207e-27,,Cannot find cue bottom
sec6-res-util-pool-c2m2,,678,,pool,,4,,596,,876,,402,,1.55553226802e-36,,Cannot find cue bottom
sec6-res-util-pool-c2m2,,690,,pool,,4,,568,,843,,380,,6.93334779979e-34,,Cannot find cue bottom
sec6-res-util-pool-c2m2,,703,,pool,,4,,569,,745,,190,,5.23868948221e-11,,speech: left
sec6-res-util-pool-c2m2,,709,,pool,,4,,740,,1026,,568,,1.59767085383e-56,,Cannot find object ball
sec6-res-util-pool-c2m2,,727,,pool,,4,,720,,933,,484,,2.08015246016e-46,,Cannot find cue ball
sec6-res-util-pool-c2m2,,743,,pool,,4,,624,,900,,382,,3.98216260612e-34,,Cannot find cue ball
sec6-res-util-pool-c2m2,,755,,pool,,4,,606,,817,,276,,2.31095136696e-21,,Cannot find cue bottom
sec6-res-util-pool-c2m2,,764,,pool,,4,,611,,880,,379,,9.14860726997e-34,,Cannot find cue ball
sec6-res-util-pool-c2m2,,776,,pool,,4,,673,,891,,369,,1.46377716319e-32,,Cannot find cue ball
sec6-res-util-pool-c2m2,,789,,pool,,4,,698,,866,,381,,5.25449506076e-34,,Cannot find cue top
sec6-res-util-pool-c2m2,,801,,pool,,4,,652,,856,,381,,5.25449506076e-34,,Cannot find cue bottom
sec6-res-util-pool-c2m2,,813,,pool,,4,,738,,943,,477,,1.44870231675e-45,,Cannot find cue bottom
sec6-res-util-pool-c2m2,,829,,pool,,4,,565,,839,,380,,6.93334779979e-34,,Cannot find cue bottom
sec6-res-util-pool-c2m2,,841,,pool,,4,,637,,926,,480,,6.30584308946e-46,,Cannot find cue bottom
sec6-res-util-pool-c2m2,,856,,pool,,4,,607,,749,,280,,7.62329652529e-22,,Cannot find cue top
sec6-res-util-pool-c2m2,,866,,pool,,4,,722,,928,,480,,6.30584308946e-46,,Cannot find cue top
sec6-res-util-pool-c2m2,,881,,pool,,4,,619,,826,,281,,5.7773784174e-22,,Cannot find cue top
sec6-res-util-pool-c2m2,,890,,pool,,4,,684,,911,,381,,5.25449506076e-34,,Cannot find object ball
sec6-res-util-pool-c2m2,,902,,pool,,4,,790,,1012,,489,,5.2003811504e-47,,Cannot find cue bottom
sec6-res-util-pool-c2m2,,918,,pool,,4,,774,,998,,486,,1.19473385456e-46,,Cannot find cue bottom
sec6-res-util-pool-c2m2,,933,,pool,,4,,774,,968,,482,,3.62175579187e-46,,Cannot find cue bottom
sec6-res-util-pool-c2m2,,949,,pool,,4,,666,,836,,376,,2.10179802431e-33,,Cannot find cue top
sec6-res-util-pool-c2m2,,961,,pool,,4,,727,,857,,380,,6.93334779979e-34,,Cannot find cue top
sec6-res-util-pool-c2m2,,973,,pool,,4,,647,,825,,380,,6.93334779979e-34,,Cannot find cue top
sec6-res-util-pool-c2m2,,985,,pool,,4,,632,,910,,382,,3.98216260612e-34,,speech: right
sec6-res-util-pool-c2m2,,998,,pool,,4,,717,,939,,480,,6.30584308946e-46,,speech: good
sec6-res-util-pool-c2m2,,1013,,pool,,4,,623,,892,,383,,3.01791491632e-34,,Cannot find cue bottom
sec6-res-util-pool-c2m2,,1042,,pool,,4,,656,,942,,454,,8.52030447681e-43,,Cannot find cue bottom
sec6-res-util-pool-c2m2,,1056,,pool,,4,,652,,858,,381,,5.25449506076e-34,,Cannot find cue top
sec6-res-util-pool-c2m2,,1068,,pool,,4,,648,,853,,299,,3.92929690285e-24,,Cannot find cue top
sec6-res-util-pool-c2m2,,1078,,pool,,4,,573,,713,,158,,3.73599771007e-07,,Cannot find cue top
sec6-res-util-pool-c2m2,,1,,pool,,4,,566,,740,,184,,2.76499688554e-10,,Cannot find cue ball
sec6-res-util-pool-c2m2,,7,,pool,,4,,568,,720,,165,,5.36441802979e-08,,Cannot find cue ball
sec6-res-util-pool-c2m2,,13,,pool,,4,,644,,842,,370,,1.10933564797e-32,,Cannot find cue bottom
sec6-res-util-pool-c2m2,,25,,pool,,4,,629,,824,,280,,7.62329652529e-22,,Cannot find cue ball
sec6-res-util-pool-c2m2,,34,,pool,,4,,645,,922,,379,,9.14860726997e-34,,Cannot find cue ball
sec6-res-util-pool-c2m2,,47,,pool,,4,,593,,733,,177,,1.92565567698e-09,,Cannot find cue top
sec6-res-util-pool-c2m2,,53,,pool,,4,,566,,792,,274,,4.02360002851e-21,,Cannot find cue bottom
sec6-res-util-pool-c2m2,,62,,pool,,4,,707,,989,,483,,2.74477762679e-46,,Cannot find cue bottom
sec6-res-util-pool-c2m2,,77,,pool,,4,,671,,900,,483,,2.74477762679e-46,,speech: right
sec6-res-util-pool-c2m2,,93,,pool,,4,,598,,880,,381,,5.25449506076e-34,,Cannot find cue bottom
sec6-res-util-pool-c2m2,,105,,pool,,4,,751,,968,,481,,4.77893541826e-46,,Cannot find cue bottom
sec6-res-util-pool-c2m2,,121,,pool,,4,,736,,959,,483,,2.74477762679e-46,,Cannot find cue ball
sec6-res-util-pool-c2m2,,136,,pool,,4,,653,,852,,381,,5.25449506076e-34,,Cannot find cue top
sec6-res-util-pool-c2m2,,148,,pool,,4,,644,,923,,382,,3.98216260612e-34,,Cannot find cue bottom
sec6-res-util-pool-c2m2,,160,,pool,,4,,640,,834,,380,,6.93334779979e-34,,Cannot find cue top
sec6-res-util-pool-c2m2,,173,,pool,,4,,571,,808,,276,,2.31095136696e-21,,speech: left
sec6-res-util-pool-c2m2,,182,,pool,,4,,626,,890,,383,,3.01791491632e-34,,Cannot find cue top
sec6-res-util-pool-c2m2,,194,,pool,,4,,677,,891,,377,,1.59286504245e-33,,speech: left
sec6-res-util-pool-c2m2,,207,,pool,,4,,567,,783,,277,,1.75137363565e-21,,speech: left
sec6-res-util-pool-c2m2,,216,,pool,,4,,567,,865,,381,,5.25449506076e-34,,speech: left
sec6-res-util-pool-c2m2,,228,,pool,,4,,678,,970,,484,,2.08015246016e-46,,speech: right
sec6-res-util-pool-c2m2,,243,,pool,,4,,567,,760,,205,,8.18545231596e-13,,speech: right
sec6-res-util-pool-c2m2,,250,,pool,,4,,706,,1007,,547,,5.39683668594e-54,,speech: good
sec6-res-util-pool-c2m2,,268,,pool,,4,,747,,1040,,582,,3.29396770382e-58,,speech: right
sec6-res-util-pool-c2m2,,286,,pool,,4,,607,,830,,382,,3.98216260612e-34,,Cannot find cue ball
sec6-res-util-pool-c2m2,,299,,pool,,4,,706,,913,,380,,6.93334779979e-34,,Cannot find cue bottom
sec6-res-util-pool-c2m2,,311,,pool,,4,,621,,816,,277,,1.75137363565e-21,,Cannot find cue top
sec6-res-util-pool-c2m2,,320,,pool,,4,,685,,891,,379,,9.14860726997e-34,,Cannot find cue bottom
sec6-res-util-pool-c2m2,,332,,pool,,4,,692,,903,,379,,9.14860726997e-34,,Cannot find cue top
sec6-res-util-pool-c2m2,,345,,pool,,4,,758,,969,,479,,8.32060984064e-46,,Cannot find cue bottom
sec6-res-util-pool-c2m2,,371,,pool,,4,,575,,726,,170,,1.34110450745e-08,,Cannot find cue top
sec6-res-util-pool-c2m2,,377,,pool,,4,,729,,1005,,549,,3.09966871166e-54,,Cannot find cue top
sec6-res-util-pool-c2m2,,406,,pool,,4,,674,,897,,417,,2.43051916878e-38,,Cannot find cue bottom
sec6-res-util-pool-c2m2,,419,,pool,,4,,636,,908,,379,,9.14860726997e-34,,Cannot find cue ball
sec6-res-util-pool-c2m2,,431,,pool,,4,,719,,937,,584,,1.89188764139e-58,,Cannot find cue ball
sec6-res-util-pool-c2m2,,449,,pool,,4,,595,,793,,281,,5.7773784174e-22,,Cannot find cue top
sec6-res-util-pool-c2m2,,458,,pool,,4,,683,,795,,275,,3.04931861012e-21,,Cannot find cue top
sec6-res-util-pool-c2m2,,468,,pool,,4,,686,,966,,411,,1.28283570819e-37,,Cannot find cue ball
sec6-res-util-pool-c2m2,,481,,pool,,4,,663,,934,,456,,4.89362986829e-43,,Cannot find cue ball
sec6-res-util-pool-c2m2,,495,,pool,,4,,579,,857,,376,,2.10179802431e-33,,Cannot find cue ball
sec6-res-util-pool-c2m2,,508,,pool,,4,,655,,864,,380,,6.93334779979e-34,,Cannot find cue bottom
sec6-res-util-pool-c2m2,,520,,pool,,4,,664,,943,,487,,9.05438947967e-47,,Cannot find cue bottom
sec6-res-util-pool-c2m2,,535,,pool,,4,,626,,836,,376,,2.10179802431e-33,,Cannot find cue top
sec6-res-util-pool-c2m2,,547,,pool,,4,,621,,835,,385,,1.73333694995e-34,,Cannot find cue bottom
sec6-res-util-pool-c2m2,,560,,pool,,4,,629,,822,,278,,1.32729301685e-21,,Cannot find cue bottom
sec6-res-util-pool-c2m2,,569,,pool,,4,,706,,917,,382,,3.98216260612e-34,,Cannot find cue bottom
sec6-res-util-pool-c2m2,,581,,pool,,4,,800,,1085,,585,,1.43378272002e-58,,Cannot find cue bottom
sec6-res-util-pool-c2m2,,612,,pool,,4,,574,,625,,110,,0.225,,Cannot find cue top
sec6-res-util-pool-c2m2,,616,,pool,,4,,566,,652,,96,,0.99999,,Cannot find cue top
sec6-res-util-pool-c2m2,,620,,pool,,4,,817,,1017,,537,,8.6349386975e-53,,Cannot find cue top
sec6-res-util-pool-c2m2,,647,,pool,,4,,699,,927,,456,,4.89362986829e-43,,Cannot find cue bottom
sec6-res-util-pool-c2m2,,661,,pool,,4,,720,,848,,379,,9.14860726997e-34,,Cannot find cue top
sec6-res-util-pool-c2m2,,678,,pool,,4,,567,,786,,650,,2.1365027428e-66,,Cannot find cue bottom
sec6-res-util-pool-c2m2,,698,,pool,,4,,604,,893,,380,,6.93334779979e-34,,Cannot find cue bottom
sec6-res-util-pool-c2m2,,710,,pool,,4,,591,,810,,279,,1.00590000713e-21,,Cannot find object ball
sec6-res-util-pool-c2m2,,720,,pool,,4,,696,,981,,484,,2.08015246016e-46,,Cannot find cue ball
sec6-res-util-pool-c2m2,,735,,pool,,4,,668,,881,,380,,6.93334779979e-34,,Cannot find cue ball
sec6-res-util-pool-c2m2,,747,,pool,,4,,684,,952,,481,,4.77893541826e-46,,Cannot find cue ball
sec6-res-util-pool-c2m2,,763,,pool,,4,,567,,751,,195,,1.30967237055e-11,,Cannot find cue ball
sec6-res-util-pool-c2m2,,769,,pool,,4,,740,,1018,,562,,8.43255732178e-56,,Cannot find cue ball
sec6-res-util-pool-c2m2,,787,,pool,,4,,639,,837,,380,,6.93334779979e-34,,Cannot find cue bottom
sec6-res-util-pool-c2m2,,799,,pool,,4,,707,,921,,380,,6.93334779979e-34,,Cannot find cue ball
sec6-res-util-pool-c2m2,,812,,pool,,4,,710,,928,,479,,8.32060984064e-46,,Cannot find cue bottom
sec6-res-util-pool-c2m2,,827,,pool,,4,,697,,856,,382,,3.98216260612e-34,,Cannot find cue bottom
sec6-res-util-pool-c2m2,,839,,pool,,4,,578,,798,,274,,4.02360002851e-21,,Cannot find cue bottom
sec6-res-util-pool-c2m2,,849,,pool,,4,,686,,971,,482,,3.62175579187e-46,,Cannot find cue bottom
sec6-res-util-pool-c2m2,,864,,pool,,4,,680,,894,,377,,1.59286504245e-33,,Cannot find cue top
sec6-res-util-pool-c2m2,,876,,pool,,4,,671,,879,,382,,3.98216260612e-34,,Cannot find cue top
sec6-res-util-pool-c2m2,,889,,pool,,4,,751,,967,,484,,2.08015246016e-46,,Cannot find object ball
sec6-res-util-pool-c2m2,,904,,pool,,4,,735,,926,,370,,1.10933564797e-32,,Cannot find cue bottom
sec6-res-util-pool-c2m2,,916,,pool,,4,,734,,933,,390,,4.33334237487e-35,,Cannot find cue bottom
sec6-res-util-pool-c2m2,,928,,pool,,4,,811,,1028,,483,,2.74477762679e-46,,Cannot find cue bottom
sec6-res-util-pool-c2m2,,944,,pool,,4,,728,,929,,484,,2.08015246016e-46,,Cannot find cue top
sec6-res-util-pool-c2m2,,959,,pool,,4,,613,,789,,276,,2.31095136696e-21,,Cannot find cue top
sec6-res-util-pool-c2m2,,968,,pool,,4,,710,,914,,382,,3.98216260612e-34,,Cannot find cue ball
sec6-res-util-pool-c2m2,,981,,pool,,4,,766,,972,,482,,3.62175579187e-46,,Cannot find cue ball
sec6-res-util-pool-c2m2,,996,,pool,,4,,677,,888,,383,,3.01791491632e-34,,speech: left
sec6-res-util-pool-c2m2,,1008,,pool,,4,,675,,948,,480,,6.30584308946e-46,,Cannot find cue bottom
sec6-res-util-pool-c2m2,,1024,,pool,,4,,646,,848,,357,,4.07773450867e-31,,Cannot find cue bottom
sec6-res-util-pool-c2m2,,1042,,pool,,4,,637,,839,,283,,3.31823254213e-22,,Cannot find cue bottom
sec6-res-util-pool-c2m2,,1051,,pool,,4,,723,,928,,389,,5.71787954373e-35,,Cannot find cue top
sec6-res-util-pool-c2m2,,1064,,pool,,4,,621,,734,,178,,1.4593741055e-09,,Cannot find cue top
sec6-res-util-pool-c2m2,,1070,,pool,,4,,713,,832,,482,,3.62175579187e-46,,Cannot find cue top
sec6-res-util-pool-c2m2,,2,,pool,,4,,621,,804,,280,,7.62329652529e-22,,Cannot find cue ball
sec6-res-util-pool-c2m2,,11,,pool,,4,,688,,897,,382,,3.98216260612e-34,,Cannot find cue ball
sec6-res-util-pool-c2m2,,24,,pool,,4,,677,,885,,377,,1.59286504245e-33,,Cannot find cue ball
sec6-res-util-pool-c2m2,,36,,pool,,4,,763,,980,,481,,4.77893541826e-46,,Cannot find cue bottom
sec6-res-util-pool-c2m2,,51,,pool,,4,,674,,876,,384,,2.28715181749e-34,,Cannot find cue top
sec6-res-util-pool-c2m2,,64,,pool,,4,,738,,949,,482,,3.62175579187e-46,,Cannot find cue ball
sec6-res-util-pool-c2m2,,79,,pool,,4,,660,,955,,484,,2.08015246016e-46,,speech: right
sec6-res-util-pool-c2m2,,94,,pool,,4,,646,,934,,483,,2.74477762679e-46,,Cannot find cue bottom
sec6-res-util-pool-c2m2,,110,,pool,,4,,707,,1017,,484,,2.08015246016e-46,,speech: good
sec6-res-util-pool-c2m2,,125,,pool,,4,,689,,827,,380,,6.93334779979e-34,,Cannot find cue top
sec6-res-util-pool-c2m2,,137,,pool,,4,,599,,811,,279,,1.00590000713e-21,,Cannot find cue top
sec6-res-util-pool-c2m2,,147,,pool,,4,,776,,1001,,482,,3.62175579187e-46,,Cannot find cue bottom
sec6-res-util-pool-c2m2,,162,,pool,,4,,684,,902,,485,,1.57646077237e-46,,Cannot find cue bottom
sec6-res-util-pool-c2m2,,177,,pool,,4,,749,,1044,,580,,5.73513088008e-58,,speech: left
sec6-res-util-pool-c2m2,,196,,pool,,4,,642,,851,,379,,9.14860726997e-34,,Cannot find cue top
sec6-res-util-pool-c2m2,,208,,pool,,4,,568,,833,,378,,1.20716596653e-33,,Cannot find cue bottom
sec6-res-util-pool-c2m2,,220,,pool,,4,,613,,913,,380,,6.93334779979e-34,,speech: right
sec6-res-util-pool-c2m2,,233,,pool,,4,,630,,910,,378,,1.20716596653e-33,,Cannot find cue ball
sec6-res-util-pool-c2m2,,245,,pool,,4,,620,,919,,380,,6.93334779979e-34,,speech: right
sec6-res-util-pool-c2m2,,257,,pool,,4,,786,,1020,,580,,5.73513088008e-58,,Cannot find object ball
sec6-res-util-pool-c2m2,,276,,pool,,4,,774,,992,,484,,2.08015246016e-46,,speech: right
sec6-res-util-pool-c2m2,,291,,pool,,4,,769,,980,,480,,6.30584308946e-46,,Cannot find cue top
sec6-res-util-pool-c2m2,,306,,pool,,4,,677,,946,,482,,3.62175579187e-46,,Cannot find cue bottom
sec6-res-util-pool-c2m2,,322,,pool,,4,,648,,853,,379,,9.14860726997e-34,,Cannot find cue top
sec6-res-util-pool-c2m2,,334,,pool,,4,,657,,862,,381,,5.25449506076e-34,,Cannot find cue top
sec6-res-util-pool-c2m2,,346,,pool,,4,,731,,951,,483,,2.74477762679e-46,,Cannot find cue bottom
sec6-res-util-pool-c2m2,,371,,pool,,4,,617,,817,,287,,1.09460852228e-22,,Cannot find cue top
sec6-res-util-pool-c2m2,,380,,pool,,4,,693,,892,,379,,9.14860726997e-34,,Cannot find cue top
sec6-res-util-pool-c2m2,,406,,pool,,4,,778,,1056,,567,,2.10813933044e-56,,Cannot find cue bottom
sec6-res-util-pool-c2m2,,423,,pool,,4,,685,,876,,381,,5.25449506076e-34,,Cannot find object ball
sec6-res-util-pool-c2m2,,435,,pool,,4,,661,,859,,379,,9.14860726997e-34,,Cannot find cue ball
sec6-res-util-pool-c2m2,,448,,pool,,4,,567,,761,,206,,6.20341283984e-13,,Cannot find cue top
sec6-res-util-pool-c2m2,,455,,pool,,4,,611,,829,,351,,2.15224117689e-30,,Cannot find cue bottom
sec6-res-util-pool-c2m2,,466,,pool,,4,,633,,858,,378,,1.20716596653e-33,,speech: left
sec6-res-util-pool-c2m2,,478,,pool,,4,,717,,940,,477,,1.44870231675e-45,,Cannot find cue ball
sec6-res-util-pool-c2m2,,494,,pool,,4,,632,,923,,379,,9.14860726997e-34,,Cannot find cue ball
sec6-res-util-pool-c2m2,,506,,pool,,4,,716,,1007,,482,,3.62175579187e-46,,Cannot find cue bottom
sec6-res-util-pool-c2m2,,521,,pool,,4,,702,,908,,381,,5.25449506076e-34,,Cannot find cue bottom
sec6-res-util-pool-c2m2,,534,,pool,,4,,695,,973,,480,,6.30584308946e-46,,Cannot find cue bottom
sec6-res-util-pool-c2m2,,549,,pool,,4,,677,,882,,380,,6.93334779979e-34,,Cannot find cue top
sec6-res-util-pool-c2m2,,561,,pool,,4,,654,,875,,381,,5.25449506076e-34,,Cannot find cue bottom
sec6-res-util-pool-c2m2,,574,,pool,,4,,659,,857,,382,,3.98216260612e-34,,Cannot find cue bottom
sec6-res-util-pool-c2m2,,586,,pool,,4,,567,,723,,167,,3.08104908317e-08,,Cannot find cue bottom
sec6-res-util-pool-c2m2,,612,,pool,,4,,583,,698,,144,,1.81206835891e-05,,Cannot find cue top
sec6-res-util-pool-c2m2,,616,,pool,,4,,567,,813,,286,,1.44434460435e-22,,Cannot find cue top
sec6-res-util-pool-c2m2,,647,,pool,,4,,631,,912,,401,,2.05253713311e-36,,Cannot find cue bottom
sec6-res-util-pool-c2m2,,660,,pool,,4,,678,,886,,378,,1.20716596653e-33,,Cannot find cue top
sec6-res-util-pool-c2m2,,678,,pool,,4,,581,,781,,290,,4.76456032831e-23,,Cannot find cue bottom
sec6-res-util-pool-c2m2,,687,,pool,,4,,660,,879,,382,,3.98216260612e-34,,Cannot find cue bottom
sec6-res-util-pool-c2m2,,700,,pool,,4,,664,,848,,378,,1.20716596653e-33,,Cannot find cue bottom
sec6-res-util-pool-c2m2,,712,,pool,,4,,568,,840,,380,,6.93334779979e-34,,Cannot find cue ball
sec6-res-util-pool-c2m2,,724,,pool,,4,,647,,924,,380,,6.93334779979e-34,,Cannot find object ball
sec6-res-util-pool-c2m2,,736,,pool,,4,,714,,928,,481,,4.77893541826e-46,,Cannot find cue ball
sec6-res-util-pool-c2m2,,752,,pool,,4,,622,,825,,380,,6.93334779979e-34,,Cannot find cue top
sec6-res-util-pool-c2m2,,764,,pool,,4,,611,,887,,380,,6.93334779979e-34,,Cannot find cue ball
sec6-res-util-pool-c2m2,,776,,pool,,4,,691,,915,,381,,5.25449506076e-34,,Cannot find cue ball
sec6-res-util-pool-c2m2,,789,,pool,,4,,584,,783,,682,,2.99584617443e-70,,Cannot find cue top
sec6-res-util-pool-c2m2,,810,,pool,,4,,564,,775,,297,,6.84130326426e-24,,Cannot find cue bottom
sec6-res-util-pool-c2m2,,819,,pool,,4,,565,,775,,292,,2.7365213057e-23,,Cannot find cue bottom
sec6-res-util-pool-c2m2,,828,,pool,,4,,656,,867,,397,,6.22212907207e-36,,Cannot find cue bottom
sec6-res-util-pool-c2m2,,841,,pool,,4,,633,,851,,295,,1.19114008208e-23,,Cannot find cue bottom
sec6-res-util-pool-c2m2,,851,,pool,,4,,731,,934,,465,,4.03573957726e-44,,Cannot find cue top
sec6-res-util-pool-c2m2,,865,,pool,,4,,711,,910,,370,,1.10933564797e-32,,Cannot find cue top
sec6-res-util-pool-c2m2,,878,,pool,,4,,706,,819,,277,,1.75137363565e-21,,Cannot find cue top
sec6-res-util-pool-c2m2,,887,,pool,,4,,695,,909,,380,,6.93334779979e-34,,Cannot find cue ball
sec6-res-util-pool-c2m2,,899,,pool,,4,,710,,995,,481,,4.77893541826e-46,,Cannot find cue bottom
sec6-res-util-pool-c2m2,,914,,pool,,4,,690,,973,,483,,2.74477762679e-46,,Cannot find cue bottom
sec6-res-util-pool-c2m2,,930,,pool,,4,,665,,868,,380,,6.93334779979e-34,,Cannot find cue bottom
sec6-res-util-pool-c2m2,,942,,pool,,4,,655,,851,,379,,9.14860726997e-34,,Cannot find cue top
sec6-res-util-pool-c2m2,,954,,pool,,4,,651,,856,,381,,5.25449506076e-34,,Cannot find cue bottom
sec6-res-util-pool-c2m2,,967,,pool,,4,,651,,850,,380,,6.93334779979e-34,,Cannot find cue ball
sec6-res-util-pool-c2m2,,979,,pool,,4,,719,,925,,378,,1.20716596653e-33,,Cannot find cue ball
sec6-res-util-pool-c2m2,,991,,pool,,4,,568,,820,,278,,1.32729301685e-21,,speech: left
sec6-res-util-pool-c2m2,,1001,,pool,,4,,707,,913,,380,,6.93334779979e-34,,speech: right
sec6-res-util-pool-c2m2,,1013,,pool,,4,,711,,914,,359,,2.34204346111e-31,,Cannot find cue bottom
sec6-res-util-pool-c2m2,,1042,,pool,,4,,574,,839,,336,,1.37743435321e-28,,Cannot find cue bottom
sec6-res-util-pool-c2m2,,1053,,pool,,4,,610,,869,,382,,3.98216260612e-34,,Cannot find cue top
sec6-res-util-pool-c2m2,,1065,,pool,,4,,678,,887,,380,,6.93334779979e-34,,Cannot find cue top
sec6-res-util-pool-c2m2,,1077,,pool,,4,,676,,874,,379,,9.14860726997e-34,,Cannot find cue top
sec6-res-util-pool-c2m2,,7,,pool,,4,,651,,859,,376,,2.10179802431e-33,,Cannot find cue ball
sec6-res-util-pool-c2m2,,19,,pool,,4,,658,,930,,481,,4.77893541826e-46,,Cannot find cue ball
sec6-res-util-pool-c2m2,,34,,pool,,4,,619,,842,,380,,6.93334779979e-34,,Cannot find cue ball
sec6-res-util-pool-c2m2,,47,,pool,,4,,635,,833,,377,,1.59286504245e-33,,Cannot find cue top
sec6-res-util-pool-c2m2,,59,,pool,,4,,711,,909,,378,,1.20716596653e-33,,Cannot find cue top
sec6-res-util-pool-c2m2,,71,,pool,,4,,796,,1006,,481,,4.77893541826e-46,,Cannot find cue ball
sec6-res-util-pool-c2m2,,86,,pool,,4,,781,,978,,486,,1.19473385456e-46,,Cannot find cue top
sec6-res-util-pool-c2m2,,102,,pool,,4,,596,,864,,381,,5.25449506076e-34,,speech: right
sec6-res-util-pool-c2m2,,114,,pool,,4,,662,,960,,482,,3.62175579187e-46,,speech: good
sec6-res-util-pool-c2m2,,129,,pool,,4,,671,,872,,482,,3.62175579187e-46,,Cannot find cue top
sec6-res-util-pool-c2m2,,145,,pool,,4,,648,,855,,380,,6.93334779979e-34,,Cannot find cue top
sec6-res-util-pool-c2m2,,157,,pool,,4,,735,,944,,482,,3.62175579187e-46,,Cannot find cue top
sec6-res-util-pool-c2m2,,173,,pool,,4,,707,,912,,376,,2.10179802431e-33,,speech: left
