sec6-res-util-pool-c4m2,,1046,,pool,,4,,603,,728,,176,,2.5409178992e-09,,Cannot find cue bottom
sec6-res-util-pool-c4m2,,1051,,pool,,4,,578,,732,,294,,1.57171876114e-23,,Cannot find cue top
sec6-res-util-pool-c4m2,,1061,,pool,,4,,563,,681,,128,,0.00153026466204,,Cannot find cue top
sec6-res-util-pool-c4m2,,1066,,pool,,4,,565,,646,,93,,1.0,,Cannot find cue bottom
sec6-res-util-pool-c4m2,,1069,,pool,,4,,565,,731,,178,,1.4593741055e-09,,Cannot find cue bottom
sec6-res-util-pool-c4m2,,1075,,pool,,4,,570,,818,,305,,7.44462551298e-25,,Cannot find cue bottom
sec6-res-util-pool-c4m2,,2,,pool,,4,,565,,749,,197,,7.5220924882e-12,,Cannot find cue ball
sec6-res-util-pool-c4m2,,9,,pool,,4,,564,,840,,358,,3.09034487431e-31,,Cannot find cue ball
sec6-res-util-pool-c4m2,,21,,pool,,4,,568,,659,,106,,0.68207245493,,Cannot find cue bottom
sec6-res-util-pool-c4m2,,25,,pool,,4,,566,,640,,87,,1.0,,Cannot find cue ball
sec6-res-util-pool-c4m2,,28,,pool,,4,,565,,632,,79,,1.0,,Cannot find cue ball
sec6-res-util-pool-c4m2,,32,,pool,,4,,570,,684,,131,,0.000666086381767,,Cannot find cue ball
sec6-res-util-pool-c4m2,,36,,pool,,4,,565,,771,,283,,3.31823254213e-22,,Cannot find cue bottom
sec6-res-util-pool-c4m2,,46,,pool,,4,,568,,724,,171,,1.01636715968e-08,,Cannot find cue bottom
sec6-res-util-pool-c4m2,,51,,pool,,4,,565,,655,,102,,0.97599,,Cannot find cue top
sec6-res-util-pool-c4m2,,55,,pool,,4,,575,,720,,167,,3.08104908317e-08,,Cannot find cue bottom
sec6-res-util-pool-c4m2,,61,,pool,,4,,564,,687,,134,,0.000289930937426,,Cannot find cue top
sec6-res-util-pool-c4m2,,66,,pool,,4,,563,,664,,111,,0.170518113732,,Cannot find object ball
sec6-res-util-pool-c4m2,,70,,pool,,4,,564,,652,,99,,0.99744,,Cannot find cue ball
sec6-res-util-pool-c4m2,,74,,pool,,4,,564,,658,,106,,0.68207245493,,Cannot find object ball
sec6-res-util-pool-c4m2,,78,,pool,,4,,562,,661,,108,,0.391747753483,,speech: left
sec6-res-util-pool-c4m2,,82,,pool,,4,,565,,689,,189,,6.91249221386e-11,,speech: good
sec6-res-util-pool-c4m2,,88,,pool,,4,,565,,781,,271,,9.24380546784e-21,,Cannot find cue ball
sec6-res-util-pool-c4m2,,98,,pool,,4,,563,,642,,88,,1.0,,speech: left
sec6-res-util-pool-c4m2,,101,,pool,,4,,564,,645,,92,,1.0,,speech: right
sec6-res-util-pool-c4m2,,105,,pool,,4,,565,,662,,109,,0.296889279924,,Cannot find cue bottom
sec6-res-util-pool-c4m2,,109,,pool,,4,,564,,670,,116,,0.0426295284331,,speech: good
sec6-res-util-pool-c4m2,,113,,pool,,4,,566,,639,,86,,1.0,,Cannot find cue ball
sec6-res-util-pool-c4m2,,117,,pool,,4,,564,,672,,118,,0.0244842345927,,Cannot find cue ball
sec6-res-util-pool-c4m2,,121,,pool,,4,,564,,648,,96,,0.99999,,Cannot find cue ball
sec6-res-util-pool-c4m2,,125,,pool,,4,,563,,699,,146,,1.04075997151e-05,,Cannot find cue top
sec6-res-util-pool-c4m2,,130,,pool,,4,,564,,654,,100,,0.99375,,Cannot find cue top
sec6-res-util-pool-c4m2,,134,,pool,,4,,564,,674,,121,,0.0106573821083,,Cannot find cue top
sec6-res-util-pool-c4m2,,138,,pool,,4,,565,,709,,156,,6.50474982195e-07,,Cannot find cue top
sec6-res-util-pool-c4m2,,144,,pool,,4,,566,,661,,108,,0.391747753483,,Cannot find cue top
sec6-res-util-pool-c4m2,,148,,pool,,4,,566,,645,,92,,1.0,,Cannot find cue bottom
sec6-res-util-pool-c4m2,,152,,pool,,4,,564,,649,,96,,0.99999,,Cannot find cue top
sec6-res-util-pool-c4m2,,156,,pool,,4,,565,,655,,190,,5.23868948221e-11,,Cannot find cue top
sec6-res-util-pool-c4m2,,162,,pool,,4,,565,,813,,274,,4.02360002851e-21,,Cannot find cue bottom
sec6-res-util-pool-c4m2,,171,,pool,,4,,567,,672,,118,,0.0244842345927,,speech: left
sec6-res-util-pool-c4m2,,176,,pool,,4,,566,,862,,332,,4.17560013688e-28,,speech: left
sec6-res-util-pool-c4m2,,187,,pool,,4,,565,,656,,103,,0.95904,,Cannot find cue top
sec6-res-util-pool-c4m2,,191,,pool,,4,,563,,886,,359,,2.34204346111e-31,,Cannot find cue ball
sec6-res-util-pool-c4m2,,202,,pool,,4,,566,,729,,176,,2.5409178992e-09,,Cannot find object ball
sec6-res-util-pool-c4m2,,209,,pool,,4,,570,,888,,374,,3.65944290799e-33,,Cannot find cue bottom
sec6-res-util-pool-c4m2,,221,,pool,,4,,564,,881,,384,,2.28715181749e-34,,speech: right
sec6-res-util-pool-c4m2,,233,,pool,,4,,565,,701,,148,,5.97759633611e-06,,Cannot find cue ball
sec6-res-util-pool-c4m2,,238,,pool,,4,,579,,734,,181,,6.35229474799e-10,,Cannot find cue ball
sec6-res-util-pool-c4m2,,245,,pool,,4,,567,,691,,139,,7.24827343564e-05,,speech: right
sec6-res-util-pool-c4m2,,250,,pool,,4,,564,,825,,337,,1.04390003422e-28,,speech: good
sec6-res-util-pool-c4m2,,261,,pool,,4,,568,,781,,280,,7.62329652529e-22,,Cannot find cue ball
sec6-res-util-pool-c4m2,,270,,pool,,4,,566,,677,,124,,0.00463889499881,,speech: right
sec6-res-util-pool-c4m2,,274,,pool,,4,,564,,703,,150,,3.43322753906e-06,,speech: good
sec6-res-util-pool-c4m2,,280,,pool,,4,,565,,737,,185,,2.09547579288e-10,,speech: right
sec6-res-util-pool-c4m2,,286,,pool,,4,,577,,671,,120,,0.0140625,,Cannot find cue ball
sec6-res-util-pool-c4m2,,291,,pool,,4,,564,,642,,89,,1.0,,Cannot find cue top
sec6-res-util-pool-c4m2,,294,,pool,,4,,563,,667,,114,,0.074222319981,,Cannot find cue top
sec6-res-util-pool-c4m2,,298,,pool,,4,,564,,714,,252,,1.79340660291e-18,,Cannot find cue bottom
sec6-res-util-pool-c4m2,,307,,pool,,4,,599,,808,,280,,7.62329652529e-22,,Cannot find cue bottom
sec6-res-util-pool-c4m2,,316,,pool,,4,,566,,639,,87,,1.0,,Cannot find cue top
sec6-res-util-pool-c4m2,,319,,pool,,4,,567,,625,,72,,1.0,,Cannot find cue top
sec6-res-util-pool-c4m2,,322,,pool,,4,,573,,626,,72,,1.0,,Cannot find cue top
sec6-res-util-pool-c4m2,,325,,pool,,4,,567,,617,,64,,1.0,,Cannot find cue top
sec6-res-util-pool-c4m2,,328,,pool,,4,,565,,624,,71,,1.0,,Cannot find cue top
sec6-res-util-pool-c4m2,,331,,pool,,4,,567,,695,,141,,4.16303988605e-05,,Cannot find cue top
sec6-res-util-pool-c4m2,,336,,pool,,4,,565,,636,,83,,1.0,,Cannot find cue top
sec6-res-util-pool-c4m2,,340,,pool,,4,,565,,640,,87,,1.0,,Cannot find cue top
sec6-res-util-pool-c4m2,,343,,pool,,4,,584,,787,,294,,1.57171876114e-23,,Cannot find cue bottom
sec6-res-util-pool-c4m2,,371,,pool,,4,,567,,639,,87,,1.0,,Cannot find cue top
sec6-res-util-pool-c4m2,,374,,pool,,4,,569,,635,,82,,1.0,,Cannot find cue top
sec6-res-util-pool-c4m2,,377,,pool,,4,,564,,809,,295,,1.19114008208e-23,,Cannot find cue top
sec6-res-util-pool-c4m2,,386,,pool,,4,,564,,695,,141,,4.16303988605e-05,,Cannot find cue top
sec6-res-util-pool-c4m2,,406,,pool,,4,,571,,656,,104,,0.93439,,Cannot find cue bottom
sec6-res-util-pool-c4m2,,410,,pool,,4,,569,,630,,77,,1.0,,Cannot find cue bottom
sec6-res-util-pool-c4m2,,413,,pool,,4,,567,,704,,152,,1.97187141323e-06,,Cannot find cue bottom
sec6-res-util-pool-c4m2,,418,,pool,,4,,565,,794,,253,,1.35914804926e-18,,Cannot find cue ball
sec6-res-util-pool-c4m2,,426,,pool,,4,,565,,768,,278,,1.32729301685e-21,,Cannot find object ball
sec6-res-util-pool-c4m2,,436,,pool,,4,,597,,701,,148,,5.97759633611e-06,,Cannot find cue ball
sec6-res-util-pool-c4m2,,441,,pool,,4,,565,,669,,123,,0.00612105864818,,Cannot find cue top
sec6-res-util-pool-c4m2,,446,,pool,,4,,566,,676,,123,,0.00612105864818,,Cannot find cue top
sec6-res-util-pool-c4m2,,450,,pool,,4,,564,,754,,307,,4.27581454016e-25,,Cannot find cue top
sec6-res-util-pool-c4m2,,460,,pool,,4,,567,,726,,175,,3.35276126862e-09,,Cannot find cue ball
sec6-res-util-pool-c4m2,,466,,pool,,4,,563,,800,,284,,2.51475001782e-22,,speech: left
sec6-res-util-pool-c4m2,,476,,pool,,4,,566,,801,,274,,4.02360002851e-21,,Cannot find cue ball
sec6-res-util-pool-c4m2,,485,,pool,,4,,565,,769,,278,,1.32729301685e-21,,Cannot find cue ball
sec6-res-util-pool-c4m2,,494,,pool,,4,,572,,672,,119,,0.0185555799952,,Cannot find cue ball
sec6-res-util-pool-c4m2,,498,,pool,,4,,565,,655,,102,,0.97599,,Cannot find cue ball
sec6-res-util-pool-c4m2,,502,,pool,,4,,565,,745,,194,,1.72812305347e-11,,Cannot find cue ball
sec6-res-util-pool-c4m2,,509,,pool,,4,,565,,797,,296,,9.02715377719e-24,,Cannot find cue bottom
sec6-res-util-pool-c4m2,,519,,pool,,4,,566,,762,,208,,3.56292506224e-13,,Cannot find cue bottom
sec6-res-util-pool-c4m2,,526,,pool,,4,,593,,745,,192,,3.00883699528e-11,,Cannot find object ball
sec6-res-util-pool-c4m2,,532,,pool,,4,,564,,677,,124,,0.00463889499881,,Cannot find cue top
sec6-res-util-pool-c4m2,,537,,pool,,4,,565,,680,,128,,0.00153026466204,,Cannot find cue bottom
sec6-res-util-pool-c4m2,,542,,pool,,4,,565,,678,,125,,0.003515625,,Cannot find cue top
sec6-res-util-pool-c4m2,,546,,pool,,4,,564,,655,,102,,0.97599,,Cannot find cue bottom
sec6-res-util-pool-c4m2,,550,,pool,,4,,564,,612,,59,,1.0,,Cannot find cue top
sec6-res-util-pool-c4m2,,553,,pool,,4,,564,,632,,79,,1.0,,Cannot find cue top
sec6-res-util-pool-c4m2,,556,,pool,,4,,567,,678,,124,,0.00463889499881,,Cannot find cue bottom
sec6-res-util-pool-c4m2,,561,,pool,,4,,564,,741,,188,,9.12108815935e-11,,Cannot find cue bottom
sec6-res-util-pool-c4m2,,567,,pool,,4,,565,,667,,113,,0.0979369383708,,Cannot find cue ball
sec6-res-util-pool-c4m2,,572,,pool,,4,,565,,686,,133,,0.000382566165511,,Cannot find cue ball
sec6-res-util-pool-c4m2,,577,,pool,,4,,565,,650,,97,,0.99984,,Cannot find cue bottom
sec6-res-util-pool-c4m2,,580,,pool,,4,,570,,632,,79,,1.0,,Cannot find cue bottom
sec6-res-util-pool-c4m2,,584,,pool,,4,,565,,695,,142,,3.15499426116e-05,,Cannot find cue bottom
sec6-res-util-pool-c4m2,,612,,pool,,4,,571,,644,,91,,1.0,,Cannot find cue top
sec6-res-util-pool-c4m2,,615,,pool,,4,,566,,639,,86,,1.0,,Cannot find cue top
sec6-res-util-pool-c4m2,,619,,pool,,4,,565,,640,,87,,1.0,,Cannot find cue top
sec6-res-util-pool-c4m2,,622,,pool,,4,,564,,699,,146,,1.04075997151e-05,,Cannot find cue top
sec6-res-util-pool-c4m2,,647,,pool,,4,,570,,830,,331,,5.50973741283e-28,,Cannot find cue bottom
sec6-res-util-pool-c4m2,,657,,pool,,4,,565,,656,,103,,0.95904,,Cannot find cue bottom
sec6-res-util-pool-c4m2,,661,,pool,,4,,564,,734,,181,,6.35229474799e-10,,Cannot find cue top
sec6-res-util-pool-c4m2,,678,,pool,,4,,568,,693,,140,,5.4931640625e-05,,Cannot find cue bottom
sec6-res-util-pool-c4m2,,682,,pool,,4,,580,,731,,178,,1.4593741055e-09,,Cannot find cue bottom
sec6-res-util-pool-c4m2,,688,,pool,,4,,565,,806,,350,,2.8398992588e-30,,Cannot find cue bottom
sec6-res-util-pool-c4m2,,700,,pool,,4,,565,,725,,174,,4.42399501687e-09,,Cannot find cue bottom
sec6-res-util-pool-c4m2,,706,,pool,,4,,566,,650,,176,,2.5409178992e-09,,Cannot find object ball
sec6-res-util-pool-c4m2,,712,,pool,,4,,565,,644,,90,,1.0,,Cannot find cue ball
sec6-res-util-pool-c4m2,,716,,pool,,4,,569,,653,,100,,0.99375,,Cannot find cue ball
sec6-res-util-pool-c4m2,,720,,pool,,4,,564,,658,,105,,0.9,,Cannot find cue ball
sec6-res-util-pool-c4m2,,724,,pool,,4,,564,,816,,311,,1.41049277769e-25,,Cannot find object ball
sec6-res-util-pool-c4m2,,734,,pool,,4,,566,,831,,380,,6.93334779979e-34,,Cannot find cue ball
sec6-res-util-pool-c4m2,,746,,pool,,4,,565,,762,,209,,2.70019227104e-13,,Cannot find cue ball
sec6-res-util-pool-c4m2,,753,,pool,,4,,565,,655,,139,,7.24827343564e-05,,Cannot find cue top
sec6-res-util-pool-c4m2,,758,,pool,,4,,564,,762,,208,,3.56292506224e-13,,Cannot find cue bottom
sec6-res-util-pool-c4m2,,765,,pool,,4,,564,,663,,110,,0.225,,Cannot find cue ball
sec6-res-util-pool-c4m2,,769,,pool,,4,,564,,635,,82,,1.0,,Cannot find cue ball
sec6-res-util-pool-c4m2,,773,,pool,,4,,564,,697,,144,,1.81206835891e-05,,Cannot find cue ball
sec6-res-util-pool-c4m2,,778,,pool,,4,,564,,799,,332,,4.17560013688e-28,,Cannot find cue ball
sec6-res-util-pool-c4m2,,789,,pool,,4,,564,,662,,108,,0.391747753483,,Cannot find cue top
sec6-res-util-pool-c4m2,,793,,pool,,4,,564,,790,,344,,1.49890781511e-29,,Cannot find cue ball
sec6-res-util-pool-c4m2,,804,,pool,,4,,564,,659,,105,,0.9,,Cannot find cue bottom
sec6-res-util-pool-c4m2,,808,,pool,,4,,563,,686,,133,,0.000382566165511,,Cannot find cue bottom
sec6-res-util-pool-c4m2,,813,,pool,,4,,564,,673,,120,,0.0140625,,Cannot find cue bottom
sec6-res-util-pool-c4m2,,818,,pool,,4,,565,,789,,341,,3.44358588302e-29,,Cannot find cue bottom
sec6-res-util-pool-c4m2,,829,,pool,,4,,563,,709,,159,,2.8313568108e-07,,Cannot find cue bottom
sec6-res-util-pool-c4m2,,835,,pool,,4,,565,,667,,114,,0.074222319981,,Cannot find cue bottom
sec6-res-util-pool-c4m2,,839,,pool,,4,,564,,723,,169,,1.76959800675e-08,,Cannot find cue bottom
sec6-res-util-pool-c4m2,,845,,pool,,4,,564,,708,,204,,1.08007690842e-12,,Cannot find cue top
sec6-res-util-pool-c4m2,,852,,pool,,4,,566,,664,,111,,0.170518113732,,Cannot find cue top
sec6-res-util-pool-c4m2,,856,,pool,,4,,564,,637,,84,,1.0,,Cannot find cue top
sec6-res-util-pool-c4m2,,859,,pool,,4,,565,,683,,130,,0.00087890625,,Cannot find cue top
sec6-res-util-pool-c4m2,,864,,pool,,4,,565,,724,,171,,1.01636715968e-08,,Cannot find cue top
sec6-res-util-pool-c4m2,,870,,pool,,4,,563,,652,,98,,0.99919,,Cannot find cue top
sec6-res-util-pool-c4m2,,874,,pool,,4,,564,,667,,114,,0.074222319981,,Cannot find cue top
sec6-res-util-pool-c4m2,,878,,pool,,4,,563,,614,,61,,1.0,,Cannot find cue top
sec6-res-util-pool-c4m2,,881,,pool,,4,,564,,623,,70,,1.0,,Cannot find cue top
sec6-res-util-pool-c4m2,,884,,pool,,4,,566,,794,,296,,9.02715377719e-24,,Cannot find object ball
sec6-res-util-pool-c4m2,,893,,pool,,4,,564,,766,,214,,6.7504806776e-14,,Cannot find cue ball
sec6-res-util-pool-c4m2,,901,,pool,,4,,565,,714,,239,,6.59226628672e-17,,Cannot find cue bottom
sec6-res-util-pool-c4m2,,909,,pool,,4,,565,,746,,193,,2.28027203984e-11,,Cannot find cue bottom
sec6-res-util-pool-c4m2,,915,,pool,,4,,566,,733,,180,,8.38190317154e-10,,Cannot find cue bottom
sec6-res-util-pool-c4m2,,922,,pool,,4,,596,,686,,133,,0.000382566165511,,Cannot find object ball
sec6-res-util-pool-c4m2,,927,,pool,,4,,562,,647,,93,,1.0,,Cannot find cue ball
sec6-res-util-pool-c4m2,,930,,pool,,4,,564,,647,,93,,1.0,,Cannot find cue bottom
sec6-res-util-pool-c4m2,,934,,pool,,4,,569,,645,,91,,1.0,,Cannot find cue top
sec6-res-util-pool-c4m2,,937,,pool,,4,,563,,795,,348,,4.9445517989e-30,,Cannot find cue top
sec6-res-util-pool-c4m2,,949,,pool,,4,,565,,619,,65,,1.0,,Cannot find cue top
sec6-res-util-pool-c4m2,,952,,pool,,4,,565,,737,,184,,2.76499688554e-10,,Cannot find cue top
sec6-res-util-pool-c4m2,,958,,pool,,4,,565,,644,,91,,1.0,,Cannot find cue bottom
sec6-res-util-pool-c4m2,,962,,pool,,4,,566,,698,,154,,1.13254272432e-06,,Cannot find object ball
sec6-res-util-pool-c4m2,,967,,pool,,4,,564,,646,,94,,1.0,,Cannot find cue ball
sec6-res-util-pool-c4m2,,971,,pool,,4,,562,,636,,82,,1.0,,Cannot find cue top
sec6-res-util-pool-c4m2,,974,,pool,,4,,562,,641,,87,,1.0,,Cannot find cue bottom
sec6-res-util-pool-c4m2,,977,,pool,,4,,564,,635,,82,,1.0,,Cannot find cue ball
sec6-res-util-pool-c4m2,,980,,pool,,4,,563,,643,,90,,1.0,,Cannot find cue ball
sec6-res-util-pool-c4m2,,984,,pool,,4,,566,,643,,89,,1.0,,speech: left
sec6-res-util-pool-c4m2,,987,,pool,,4,,563,,706,,212,,1.17532695128e-13,,speech: right
sec6-res-util-pool-c4m2,,995,,pool,,4,,570,,706,,152,,1.97187141323e-06,,speech: left
sec6-res-util-pool-c4m2,,1000,,pool,,4,,567,,634,,82,,1.0,,speech: right
sec6-res-util-pool-c4m2,,1003,,pool,,4,,564,,636,,82,,1.0,,speech: right
sec6-res-util-pool-c4m2,,1007,,pool,,4,,563,,689,,135,,0.0002197265625,,speech: right
sec6-res-util-pool-c4m2,,1012,,pool,,4,,563,,642,,88,,1.0,,Cannot find cue bottom
sec6-res-util-pool-c4m2,,1015,,pool,,4,,563,,644,,91,,1.0,,Cannot find cue bottom
sec6-res-util-pool-c4m2,,1019,,pool,,4,,563,,682,,129,,0.0011597237497,,Cannot find cue bottom
sec6-res-util-pool-c4m2,,1024,,pool,,4,,563,,721,,167,,3.08104908317e-08,,Cannot find cue bottom
sec6-res-util-pool-c4m2,,1042,,pool,,4,,577,,657,,103,,0.95904,,Cannot find cue bottom
sec6-res-util-pool-c4m2,,1046,,pool,,4,,565,,675,,122,,0.00807678530857,,Cannot find cue bottom
sec6-res-util-pool-c4m2,,1050,,pool,,4,,564,,683,,130,,0.00087890625,,Cannot find cue top
sec6-res-util-pool-c4m2,,1055,,pool,,4,,564,,781,,325,,2.90805684101e-27,,Cannot find cue top
sec6-res-util-pool-c4m2,,1066,,pool,,4,,565,,750,,196,,9.92546054374e-12,,Cannot find cue bottom
sec6-res-util-pool-c4m2,,1072,,pool,,4,,576,,635,,150,,3.43322753906e-06,,Cannot find cue bottom
sec6-res-util-pool-c4m2,,1078,,pool,,4,,596,,700,,146,,1.04075997151e-05,,Cannot find cue top
sec6-res-util-pool-c4m2,,0,,pool,,4,,563,,766,,305,,7.44462551298e-25,,Cannot find cue top
sec6-res-util-pool-c4m2,,10,,pool,,4,,566,,807,,254,,1.0300416073e-18,,Cannot find cue ball
sec6-res-util-pool-c4m2,,19,,pool,,4,,566,,816,,298,,5.18473834708e-24,,Cannot find cue ball
sec6-res-util-pool-c4m2,,28,,pool,,4,,565,,786,,277,,1.75137363565e-21,,Cannot find cue ball
sec6-res-util-pool-c4m2,,38,,pool,,4,,565,,707,,154,,1.13254272432e-06,,Cannot find cue bottom
sec6-res-util-pool-c4m2,,43,,pool,,4,,565,,715,,161,,1.62618745549e-07,,Cannot find cue bottom
sec6-res-util-pool-c4m2,,49,,pool,,4,,588,,706,,152,,1.97187141323e-06,,Cannot find cue top
sec6-res-util-pool-c4m2,,54,,pool,,4,,606,,737,,184,,2.76499688554e-10,,Cannot find cue bottom
sec6-res-util-pool-c4m2,,61,,pool,,4,,590,,734,,181,,6.35229474799e-10,,Cannot find cue top
sec6-res-util-pool-c4m2,,67,,pool,,4,,581,,731,,177,,1.92565567698e-09,,Cannot find cue ball
sec6-res-util-pool-c4m2,,73,,pool,,4,,574,,711,,157,,4.92967853306e-07,,Cannot find object ball
sec6-res-util-pool-c4m2,,79,,pool,,4,,563,,808,,339,,5.99563126045e-29,,speech: right
sec6-res-util-pool-c4m2,,90,,pool,,4,,564,,678,,166,,4.06546863872e-08,,Cannot find cue bottom
sec6-res-util-pool-c4m2,,96,,pool,,4,,563,,767,,285,,1.90582413132e-22,,Cannot find cue ball
sec6-res-util-pool-c4m2,,105,,pool,,4,,565,,637,,84,,1.0,,Cannot find cue bottom
sec6-res-util-pool-c4m2,,109,,pool,,4,,570,,680,,126,,0.00266434552707,,speech: good
sec6-res-util-pool-c4m2,,113,,pool,,4,,563,,661,,107,,0.516914259749,,Cannot find cue ball
sec6-res-util-pool-c4m2,,117,,pool,,4,,562,,664,,178,,1.4593741055e-09,,Cannot find cue ball
sec6-res-util-pool-c4m2,,124,,pool,,4,,595,,724,,171,,1.01636715968e-08,,Cannot find cue top
sec6-res-util-pool-c4m2,,130,,pool,,4,,564,,717,,168,,2.33499856879e-08,,Cannot find cue top
sec6-res-util-pool-c4m2,,136,,pool,,4,,564,,701,,147,,7.8874856529e-06,,Cannot find cue top
sec6-res-util-pool-c4m2,,141,,pool,,4,,564,,760,,216,,3.8771330249e-14,,Cannot find cue top
sec6-res-util-pool-c4m2,,148,,pool,,4,,576,,684,,130,,0.00087890625,,Cannot find cue bottom
sec6-res-util-pool-c4m2,,153,,pool,,4,,564,,659,,106,,0.68207245493,,Cannot find cue top
sec6-res-util-pool-c4m2,,157,,pool,,4,,580,,681,,127,,0.00201919632714,,Cannot find cue top
sec6-res-util-pool-c4m2,,162,,pool,,4,,564,,760,,207,,4.70130780512e-13,,Cannot find cue bottom
sec6-res-util-pool-c4m2,,169,,pool,,4,,565,,813,,308,,3.24046146693e-25,,speech: left
sec6-res-util-pool-c4m2,,179,,pool,,4,,565,,695,,141,,4.16303988605e-05,,Cannot find cue top
sec6-res-util-pool-c4m2,,184,,pool,,4,,568,,737,,183,,3.64843526374e-10,,Cannot find cue top
sec6-res-util-pool-c4m2,,191,,pool,,4,,570,,799,,305,,7.44462551298e-25,,Cannot find cue ball
sec6-res-util-pool-c4m2,,201,,pool,,4,,564,,676,,122,,0.00807678530857,,Cannot find cue top
sec6-res-util-pool-c4m2,,205,,pool,,4,,583,,641,,87,,1.0,,Cannot find cue top
sec6-res-util-pool-c4m2,,209,,pool,,4,,566,,781,,315,,4.65289094561e-26,,Cannot find cue bottom
sec6-res-util-pool-c4m2,,219,,pool,,4,,563,,780,,293,,2.07389533883e-23,,speech: right
sec6-res-util-pool-c4m2,,228,,pool,,4,,566,,654,,101,,0.98704,,speech: right
sec6-res-util-pool-c4m2,,232,,pool,,4,,565,,644,,90,,1.0,,speech: right
sec6-res-util-pool-c4m2,,236,,pool,,4,,572,,697,,144,,1.81206835891e-05,,speech: right
sec6-res-util-pool-c4m2,,241,,pool,,4,,564,,714,,171,,1.01636715968e-08,,speech: right
sec6-res-util-pool-c4m2,,247,,pool,,4,,562,,738,,185,,2.09547579288e-10,,Cannot find cue ball
sec6-res-util-pool-c4m2,,253,,pool,,4,,589,,805,,272,,7.0054945426e-21,,speech: left
sec6-res-util-pool-c4m2,,262,,pool,,4,,577,,685,,133,,0.000382566165511,,Cannot find object ball
sec6-res-util-pool-c4m2,,267,,pool,,4,,567,,667,,115,,0.05625,,Cannot find cue bottom
sec6-res-util-pool-c4m2,,271,,pool,,4,,564,,818,,274,,4.02360002851e-21,,speech: right
sec6-res-util-pool-c4m2,,280,,pool,,4,,576,,807,,279,,1.00590000713e-21,,speech: right
sec6-res-util-pool-c4m2,,290,,pool,,4,,566,,692,,139,,7.24827343564e-05,,Cannot find cue top
sec6-res-util-pool-c4m2,,295,,pool,,4,,565,,647,,94,,1.0,,Cannot find cue top
sec6-res-util-pool-c4m2,,298,,pool,,4,,572,,646,,119,,0.0185555799952,,Cannot find cue bottom
sec6-res-util-pool-c4m2,,303,,pool,,4,,565,,676,,122,,0.00807678530857,,Cannot find cue bottom
sec6-res-util-pool-c4m2,,307,,pool,,4,,572,,775,,299,,3.92929690285e-24,,Cannot find cue bottom
sec6-res-util-pool-c4m2,,317,,pool,,4,,565,,636,,88,,1.0,,Cannot find cue top
sec6-res-util-pool-c4m2,,321,,pool,,4,,567,,698,,145,,1.37329101563e-05,,Cannot find cue top
sec6-res-util-pool-c4m2,,326,,pool,,4,,566,,699,,146,,1.04075997151e-05,,Cannot find cue top
sec6-res-util-pool-c4m2,,331,,pool,,4,,565,,617,,63,,1.0,,Cannot find cue top
sec6-res-util-pool-c4m2,,334,,pool,,4,,566,,641,,88,,1.0,,Cannot find cue top
sec6-res-util-pool-c4m2,,338,,pool,,4,,564,,625,,71,,1.0,,Cannot find cue top
sec6-res-util-pool-c4m2,,340,,pool,,4,,563,,638,,85,,1.0,,Cannot find cue top
sec6-res-util-pool-c4m2,,344,,pool,,4,,564,,709,,155,,8.58306884766e-07,,Cannot find cue bottom
sec6-res-util-pool-c4m2,,371,,pool,,4,,583,,697,,143,,2.39103853444e-05,,Cannot find cue top
sec6-res-util-pool-c4m2,,375,,pool,,4,,563,,678,,124,,0.00463889499881,,Cannot find cue top
sec6-res-util-pool-c4m2,,380,,pool,,4,,565,,619,,65,,1.0,,Cannot find cue top
sec6-res-util-pool-c4m2,,383,,pool,,4,,566,,676,,122,,0.00807678530857,,Cannot find cue top
sec6-res-util-pool-c4m2,,387,,pool,,4,,563,,664,,201,,2.48136513594e-12,,Cannot find cue top
sec6-res-util-pool-c4m2,,406,,pool,,4,,571,,741,,187,,1.20353479811e-10,,Cannot find cue bottom
sec6-res-util-pool-c4m2,,412,,pool,,4,,564,,800,,287,,1.09460852228e-22,,Cannot find cue bottom
sec6-res-util-pool-c4m2,,422,,pool,,4,,565,,712,,158,,3.73599771007e-07,,Cannot find cue ball
sec6-res-util-pool-c4m2,,427,,pool,,4,,564,,718,,165,,5.36441802979e-08,,Cannot find cue ball
sec6-res-util-pool-c4m2,,433,,pool,,4,,583,,808,,305,,7.44462551298e-25,,Cannot find object ball
sec6-res-util-pool-c4m2,,443,,pool,,4,,565,,776,,277,,1.75137363565e-21,,Cannot find cue top
sec6-res-util-pool-c4m2,,452,,pool,,4,,566,,701,,147,,7.8874856529e-06,,Cannot find cue top
sec6-res-util-pool-c4m2,,458,,pool,,4,,564,,673,,120,,0.0140625,,Cannot find cue top
sec6-res-util-pool-c4m2,,462,,pool,,4,,563,,652,,99,,0.99744,,speech: good
sec6-res-util-pool-c4m2,,466,,pool,,4,,565,,686,,132,,0.000504799081786,,speech: left
sec6-res-util-pool-c4m2,,471,,pool,,4,,563,,677,,124,,0.00463889499881,,Cannot find cue ball
sec6-res-util-pool-c4m2,,476,,pool,,4,,564,,772,,323,,5.06322104207e-27,,Cannot find cue ball
sec6-res-util-pool-c4m2,,486,,pool,,4,,567,,749,,195,,1.30967237055e-11,,Cannot find cue ball
sec6-res-util-pool-c4m2,,493,,pool,,4,,564,,722,,169,,1.76959800675e-08,,Cannot find cue ball
sec6-res-util-pool-c4m2,,499,,pool,,4,,567,,673,,119,,0.0185555799952,,Cannot find cue ball
sec6-res-util-pool-c4m2,,503,,pool,,4,,564,,655,,101,,0.98704,,Cannot find cue ball
sec6-res-util-pool-c4m2,,507,,pool,,4,,564,,648,,94,,1.0,,Cannot find cue bottom
sec6-res-util-pool-c4m2,,511,,pool,,4,,581,,719,,268,,2.12366882696e-20,,Cannot find cue bottom
sec6-res-util-pool-c4m2,,520,,pool,,4,,564,,714,,160,,2.14576721191e-07,,Cannot find cue bottom
sec6-res-util-pool-c4m2,,526,,pool,,4,,562,,738,,184,,2.76499688554e-10,,Cannot find object ball
sec6-res-util-pool-c4m2,,532,,pool,,4,,585,,786,,287,,1.09460852228e-22,,Cannot find cue top
sec6-res-util-pool-c4m2,,541,,pool,,4,,584,,712,,159,,2.8313568108e-07,,Cannot find cue top
sec6-res-util-pool-c4m2,,547,,pool,,4,,564,,733,,181,,6.35229474799e-10,,Cannot find cue bottom
sec6-res-util-pool-c4m2,,553,,pool,,4,,564,,639,,85,,1.0,,Cannot find cue top
sec6-res-util-pool-c4m2,,557,,pool,,4,,568,,653,,113,,0.0979369383708,,Cannot find cue bottom
sec6-res-util-pool-c4m2,,561,,pool,,4,,563,,748,,251,,2.36641419977e-18,,Cannot find cue bottom
sec6-res-util-pool-c4m2,,569,,pool,,4,,565,,781,,284,,2.51475001782e-22,,Cannot find cue bottom
sec6-res-util-pool-c4m2,,578,,pool,,4,,567,,779,,277,,1.75137363565e-21,,Cannot find cue bottom
sec6-res-util-pool-c4m2,,612,,pool,,4,,573,,681,,176,,2.5409178992e-09,,Cannot find cue top
sec6-res-util-pool-c4m2,,618,,pool,,4,,564,,672,,118,,0.0244842345927,,Cannot find cue top
sec6-res-util-pool-c4m2,,622,,pool,,4,,577,,721,,167,,3.08104908317e-08,,Cannot find cue top
sec6-res-util-pool-c4m2,,647,,pool,,4,,571,,813,,276,,2.31095136696e-21,,Cannot find cue bottom
sec6-res-util-pool-c4m2,,655,,pool,,4,,567,,815,,279,,1.00590000713e-21,,Cannot find cue bottom
sec6-res-util-pool-c4m2,,678,,pool,,4,,571,,687,,134,,0.000289930937426,,Cannot find cue bottom
sec6-res-util-pool-c4m2,,682,,pool,,4,,568,,815,,392,,2.48885162883e-35,,Cannot find cue bottom
sec6-res-util-pool-c4m2,,695,,pool,,4,,565,,755,,202,,1.88052312205e-12,,Cannot find cue bottom
sec6-res-util-pool-c4m2,,702,,pool,,4,,564,,680,,126,,0.00266434552707,,speech: left
sec6-res-util-pool-c4m2,,707,,pool,,4,,564,,698,,144,,1.81206835891e-05,,Cannot find cue ball
sec6-res-util-pool-c4m2,,712,,pool,,4,,564,,796,,328,,1.26580526052e-27,,Cannot find cue ball
sec6-res-util-pool-c4m2,,723,,pool,,4,,564,,661,,107,,0.516914259749,,speech: right
sec6-res-util-pool-c4m2,,727,,pool,,4,,563,,663,,111,,0.170518113732,,Cannot find cue ball
sec6-res-util-pool-c4m2,,731,,pool,,4,,564,,677,,123,,0.00612105864818,,Cannot find cue ball
sec6-res-util-pool-c4m2,,736,,pool,,4,,596,,727,,173,,5.83749642198e-09,,Cannot find cue ball
sec6-res-util-pool-c4m2,,742,,pool,,4,,562,,697,,144,,1.81206835891e-05,,Cannot find cue ball
sec6-res-util-pool-c4m2,,747,,pool,,4,,564,,683,,129,,0.0011597237497,,Cannot find cue ball
sec6-res-util-pool-c4m2,,752,,pool,,4,,563,,696,,143,,2.39103853444e-05,,Cannot find cue top
sec6-res-util-pool-c4m2,,757,,pool,,4,,565,,667,,113,,0.0979369383708,,Cannot find cue bottom
sec6-res-util-pool-c4m2,,761,,pool,,4,,564,,632,,78,,1.0,,Cannot find cue ball
sec6-res-util-pool-c4m2,,764,,pool,,4,,563,,646,,92,,1.0,,Cannot find cue ball
sec6-res-util-pool-c4m2,,768,,pool,,4,,563,,634,,81,,1.0,,Cannot find cue ball
sec6-res-util-pool-c4m2,,771,,pool,,4,,562,,647,,93,,1.0,,Cannot find cue ball
sec6-res-util-pool-c4m2,,775,,pool,,4,,562,,644,,376,,2.10179802431e-33,,Cannot find cue ball
sec6-res-util-pool-c4m2,,787,,pool,,4,,564,,705,,151,,2.60189992878e-06,,Cannot find cue bottom
sec6-res-util-pool-c4m2,,793,,pool,,4,,563,,715,,161,,1.62618745549e-07,,Cannot find cue ball
sec6-res-util-pool-c4m2,,798,,pool,,4,,562,,653,,99,,0.99744,,Cannot find cue ball
sec6-res-util-pool-c4m2,,802,,pool,,4,,562,,656,,102,,0.97599,,Cannot find cue bottom
sec6-res-util-pool-c4m2,,806,,pool,,4,,565,,643,,89,,1.0,,Cannot find cue bottom
sec6-res-util-pool-c4m2,,810,,pool,,4,,563,,630,,75,,1.0,,Cannot find cue bottom
sec6-res-util-pool-c4m2,,813,,pool,,4,,565,,652,,135,,0.0002197265625,,Cannot find cue bottom
sec6-res-util-pool-c4m2,,818,,pool,,4,,562,,621,,68,,1.0,,Cannot find cue bottom
sec6-res-util-pool-c4m2,,821,,pool,,4,,563,,684,,130,,0.00087890625,,Cannot find cue bottom
sec6-res-util-pool-c4m2,,826,,pool,,4,,562,,720,,229,,1.05476260587e-15,,Cannot find cue bottom
sec6-res-util-pool-c4m2,,833,,pool,,4,,564,,641,,87,,1.0,,Cannot find cue bottom
sec6-res-util-pool-c4m2,,837,,pool,,4,,564,,640,,86,,1.0,,Cannot find cue bottom
sec6-res-util-pool-c4m2,,840,,pool,,4,,562,,661,,107,,0.516914259749,,Cannot find cue bottom
sec6-res-util-pool-c4m2,,845,,pool,,4,,563,,679,,213,,8.90731265561e-14,,Cannot find cue top
sec6-res-util-pool-c4m2,,852,,pool,,4,,565,,655,,102,,0.97599,,Cannot find cue top
sec6-res-util-pool-c4m2,,856,,pool,,4,,564,,645,,93,,1.0,,Cannot find cue top
sec6-res-util-pool-c4m2,,859,,pool,,4,,573,,632,,79,,1.0,,Cannot find cue top
sec6-res-util-pool-c4m2,,863,,pool,,4,,565,,698,,144,,1.81206835891e-05,,Cannot find cue top
sec6-res-util-pool-c4m2,,868,,pool,,4,,592,,696,,142,,3.15499426116e-05,,Cannot find cue top
sec6-res-util-pool-c4m2,,873,,pool,,4,,565,,731,,177,,1.92565567698e-09,,Cannot find cue top
sec6-res-util-pool-c4m2,,879,,pool,,4,,565,,818,,290,,4.76456032831e-23,,Cannot find cue top
sec6-res-util-pool-c4m2,,889,,pool,,4,,569,,719,,166,,4.06546863872e-08,,Cannot find object ball
sec6-res-util-pool-c4m2,,895,,pool,,4,,565,,700,,146,,1.04075997151e-05,,Cannot find cue bottom
sec6-res-util-pool-c4m2,,900,,pool,,4,,565,,670,,116,,0.0426295284331,,Cannot find cue bottom
sec6-res-util-pool-c4m2,,904,,pool,,4,,565,,730,,176,,2.5409178992e-09,,Cannot find cue bottom
sec6-res-util-pool-c4m2,,910,,pool,,4,,565,,893,,376,,2.10179802431e-33,,Cannot find cue bottom
sec6-res-util-pool-c4m2,,923,,pool,,4,,565,,795,,278,,1.32729301685e-21,,speech: good
sec6-res-util-pool-c4m2,,932,,pool,,4,,565,,682,,128,,0.00153026466204,,Cannot find cue bottom
sec6-res-util-pool-c4m2,,937,,pool,,4,,564,,706,,153,,1.49439908403e-06,,Cannot find cue top
sec6-res-util-pool-c4m2,,942,,pool,,4,,564,,724,,171,,1.01636715968e-08,,Cannot find cue top
sec6-res-util-pool-c4m2,,948,,pool,,4,,563,,747,,193,,2.28027203984e-11,,Cannot find cue bottom
sec6-res-util-pool-c4m2,,955,,pool,,4,,592,,723,,170,,1.34110450745e-08,,Cannot find cue top
sec6-res-util-pool-c4m2,,961,,pool,,4,,593,,665,,139,,7.24827343564e-05,,Cannot find cue top
sec6-res-util-pool-c4m2,,966,,pool,,4,,568,,629,,75,,1.0,,Cannot find object ball
sec6-res-util-pool-c4m2,,969,,pool,,4,,568,,662,,108,,0.391747753483,,Cannot find object ball
sec6-res-util-pool-c4m2,,973,,pool,,4,,583,,714,,163,,9.33999427517e-08,,Cannot find cue top
sec6-res-util-pool-c4m2,,979,,pool,,4,,567,,696,,144,,1.81206835891e-05,,Cannot find cue ball
sec6-res-util-pool-c4m2,,984,,pool,,4,,570,,663,,110,,0.225,,speech: left
sec6-res-util-pool-c4m2,,988,,pool,,4,,577,,729,,224,,4.2190504235e-15,,Cannot find cue ball
sec6-res-util-pool-c4m2,,996,,pool,,4,,566,,633,,79,,1.0,,speech: left
sec6-res-util-pool-c4m2,,999,,pool,,4,,566,,644,,91,,1.0,,speech: right
sec6-res-util-pool-c4m2,,1003,,pool,,4,,567,,649,,96,,0.99999,,speech: right
sec6-res-util-pool-c4m2,,1006,,pool,,4,,570,,704,,150,,3.43322753906e-06,,speech: right
sec6-res-util-pool-c4m2,,1012,,pool,,4,,565,,649,,96,,0.99999,,Cannot find cue bottom
sec6-res-util-pool-c4m2,,1016,,pool,,4,,565,,673,,124,,0.00463889499881,,Cannot find cue bottom
sec6-res-util-pool-c4m2,,1020,,pool,,4,,565,,714,,161,,1.62618745549e-07,,Cannot find cue bottom
sec6-res-util-pool-c4m2,,1042,,pool,,4,,566,,824,,316,,3.52623194421e-26,,Cannot find cue bottom
sec6-res-util-pool-c4m2,,1051,,pool,,4,,564,,714,,160,,2.14576721191e-07,,Cannot find cue top
sec6-res-util-pool-c4m2,,1057,,pool,,4,,584,,793,,298,,5.18473834708e-24,,Cannot find cue top
sec6-res-util-pool-c4m2,,1067,,pool,,4,,565,,660,,106,,0.68207245493,,Cannot find cue top
sec6-res-util-pool-c4m2,,1071,,pool,,4,,565,,674,,120,,0.0140625,,Cannot find cue bottom
sec6-res-util-pool-c4m2,,1075,,pool,,4,,566,,720,,167,,3.08104908317e-08,,Cannot find cue bottom
sec6-res-util-pool-c4m2,,1081,,pool,,4,,564,,801,,311,,1.41049277769e-25,,Cannot find cue top
sec6-res-util-pool-c4m2,,8,,pool,,4,,563,,845,,369,,1.46377716319e-32,,Cannot find cue ball
sec6-res-util-pool-c4m2,,21,,pool,,4,,567,,762,,209,,2.70019227104e-13,,Cannot find cue bottom
sec6-res-util-pool-c4m2,,28,,pool,,4,,586,,712,,239,,6.59226628672e-17,,Cannot find cue ball
sec6-res-util-pool-c4m2,,36,,pool,,4,,565,,751,,197,,7.5220924882e-12,,Cannot find cue bottom
sec6-res-util-pool-c4m2,,43,,pool,,4,,593,,739,,186,,1.588073687e-10,,Cannot find cue bottom
sec6-res-util-pool-c4m2,,49,,pool,,4,,584,,727,,173,,5.83749642198e-09,,Cannot find cue top
sec6-res-util-pool-c4m2,,55,,pool,,4,,577,,692,,138,,9.56415413777e-05,,Cannot find cue bottom
sec6-res-util-pool-c4m2,,60,,pool,,4,,563,,648,,95,,1.0,,Cannot find cue top
sec6-res-util-pool-c4m2,,64,,pool,,4,,564,,707,,154,,1.13254272432e-06,,Cannot find cue ball
sec6-res-util-pool-c4m2,,70,,pool,,4,,565,,763,,209,,2.70019227104e-13,,Cannot find cue ball
sec6-res-util-pool-c4m2,,77,,pool,,4,,570,,808,,364,,5.85510865278e-32,,speech: right
sec6-res-util-pool-c4m2,,88,,pool,,4,,578,,905,,382,,3.98216260612e-34,,Cannot find cue ball
sec6-res-util-pool-c4m2,,101,,pool,,4,,568,,714,,160,,2.14576721191e-07,,speech: right
sec6-res-util-pool-c4m2,,106,,pool,,4,,563,,651,,98,,0.99919,,speech: right
sec6-res-util-pool-c4m2,,110,,pool,,4,,564,,688,,135,,0.0002197265625,,speech: good
sec6-res-util-pool-c4m2,,115,,pool,,4,,564,,647,,93,,1.0,,Cannot find cue ball
sec6-res-util-pool-c4m2,,119,,pool,,4,,566,,721,,167,,3.08104908317e-08,,speech: left
sec6-res-util-pool-c4m2,,124,,pool,,4,,573,,721,,168,,2.33499856879e-08,,Cannot find cue top
sec6-res-util-pool-c4m2,,130,,pool,,4,,565,,707,,153,,1.49439908403e-06,,Cannot find cue top
sec6-res-util-pool-c4m2,,136,,pool,,4,,569,,658,,104,,0.93439,,Cannot find cue top
sec6-res-util-pool-c4m2,,140,,pool,,4,,578,,722,,168,,2.33499856879e-08,,Cannot find cue top
sec6-res-util-pool-c4m2,,146,,pool,,4,,565,,696,,142,,3.15499426116e-05,,Cannot find cue top
sec6-res-util-pool-c4m2,,151,,pool,,4,,592,,805,,347,,6.52437521387e-30,,Cannot find cue top
sec6-res-util-pool-c4m2,,162,,pool,,4,,566,,657,,103,,0.95904,,Cannot find cue bottom
sec6-res-util-pool-c4m2,,166,,pool,,4,,565,,652,,99,,0.99744,,speech: left
sec6-res-util-pool-c4m2,,170,,pool,,4,,566,,715,,161,,1.62618745549e-07,,speech: left
sec6-res-util-pool-c4m2,,176,,pool,,4,,566,,705,,231,,6.0580203514e-16,,speech: left
sec6-res-util-pool-c4m2,,184,,pool,,4,,565,,631,,78,,1.0,,Cannot find cue top
sec6-res-util-pool-c4m2,,187,,pool,,4,,566,,637,,83,,1.0,,Cannot find cue top
sec6-res-util-pool-c4m2,,190,,pool,,4,,565,,689,,135,,0.0002197265625,,Cannot find cue top
sec6-res-util-pool-c4m2,,195,,pool,,4,,569,,640,,86,,1.0,,Cannot find cue top
sec6-res-util-pool-c4m2,,199,,pool,,4,,566,,654,,100,,0.99375,,Cannot find cue top
sec6-res-util-pool-c4m2,,202,,pool,,4,,564,,668,,114,,0.074222319981,,Cannot find object ball
sec6-res-util-pool-c4m2,,207,,pool,,4,,566,,842,,314,,6.1395264107e-26,,speech: left
sec6-res-util-pool-c4m2,,217,,pool,,4,,574,,714,,161,,1.62618745549e-07,,speech: right
sec6-res-util-pool-c4m2,,223,,pool,,4,,566,,730,,176,,2.5409178992e-09,,speech: left
sec6-res-util-pool-c4m2,,229,,pool,,4,,570,,715,,162,,1.23241963327e-07,,Cannot find cue ball
sec6-res-util-pool-c4m2,,235,,pool,,4,,566,,656,,103,,0.95904,,speech: left
sec6-res-util-pool-c4m2,,239,,pool,,4,,565,,696,,143,,2.39103853444e-05,,Cannot find cue ball
sec6-res-util-pool-c4m2,,244,,pool,,4,,565,,735,,182,,4.81413919245e-10,,speech: right
sec6-res-util-pool-c4m2,,250,,pool,,4,,570,,714,,161,,1.62618745549e-07,,speech: good
sec6-res-util-pool-c4m2,,256,,pool,,4,,580,,784,,313,,8.10115366731e-26,,Cannot find cue bottom
sec6-res-util-pool-c4m2,,266,,pool,,4,,566,,764,,211,,1.55085320996e-13,,Cannot find object ball
sec6-res-util-pool-c4m2,,274,,pool,,4,,597,,709,,242,,2.86945056465e-17,,speech: good
sec6-res-util-pool-c4m2,,282,,pool,,4,,568,,660,,106,,0.68207245493,,Cannot find object ball
sec6-res-util-pool-c4m2,,286,,pool,,4,,592,,713,,159,,2.8313568108e-07,,Cannot find cue ball
sec6-res-util-pool-c4m2,,292,,pool,,4,,565,,709,,155,,8.58306884766e-07,,Cannot find cue top
sec6-res-util-pool-c4m2,,297,,pool,,4,,564,,747,,280,,7.62329652529e-22,,Cannot find cue top
sec6-res-util-pool-c4m2,,306,,pool,,4,,568,,720,,166,,4.06546863872e-08,,Cannot find cue bottom
sec6-res-util-pool-c4m2,,312,,pool,,4,,567,,747,,194,,1.72812305347e-11,,Cannot find cue bottom
sec6-res-util-pool-c4m2,,319,,pool,,4,,589,,725,,172,,7.70262270791e-09,,Cannot find cue top
sec6-res-util-pool-c4m2,,325,,pool,,4,,566,,708,,154,,1.13254272432e-06,,Cannot find cue top
sec6-res-util-pool-c4m2,,330,,pool,,4,,603,,659,,105,,0.9,,Cannot find cue top
sec6-res-util-pool-c4m2,,335,,pool,,4,,566,,622,,70,,1.0,,Cannot find cue top
sec6-res-util-pool-c4m2,,338,,pool,,4,,567,,616,,62,,1.0,,Cannot find cue top
sec6-res-util-pool-c4m2,,340,,pool,,4,,566,,616,,62,,1.0,,Cannot find cue top
sec6-res-util-pool-c4m2,,343,,pool,,4,,567,,653,,99,,0.99744,,Cannot find cue bottom
sec6-res-util-pool-c4m2,,347,,pool,,4,,566,,639,,85,,1.0,,Cannot find cue top
sec6-res-util-pool-c4m2,,371,,pool,,4,,572,,669,,115,,0.05625,,Cannot find cue top
sec6-res-util-pool-c4m2,,375,,pool,,4,,568,,650,,97,,0.99984,,Cannot find cue top
sec6-res-util-pool-c4m2,,379,,pool,,4,,564,,639,,85,,1.0,,Cannot find cue top
sec6-res-util-pool-c4m2,,382,,pool,,4,,565,,639,,86,,1.0,,Cannot find cue top
sec6-res-util-pool-c4m2,,386,,pool,,4,,564,,773,,297,,6.84130326426e-24,,Cannot find cue top
sec6-res-util-pool-c4m2,,406,,pool,,4,,571,,740,,186,,1.588073687e-10,,Cannot find cue bottom
sec6-res-util-pool-c4m2,,412,,pool,,4,,566,,645,,92,,1.0,,Cannot find cue bottom
sec6-res-util-pool-c4m2,,415,,pool,,4,,579,,820,,337,,1.04390003422e-28,,Cannot find cue bottom
sec6-res-util-pool-c4m2,,426,,pool,,4,,566,,837,,481,,4.77893541826e-46,,Cannot find object ball
sec6-res-util-pool-c4m2,,442,,pool,,4,,564,,648,,94,,1.0,,Cannot find cue top
sec6-res-util-pool-c4m2,,445,,pool,,4,,566,,656,,126,,0.00266434552707,,Cannot find cue top
sec6-res-util-pool-c4m2,,450,,pool,,4,,565,,667,,113,,0.0979369383708,,Cannot find cue top
sec6-res-util-pool-c4m2,,454,,pool,,4,,586,,713,,159,,2.8313568108e-07,,Cannot find cue top
sec6-res-util-pool-c4m2,,460,,pool,,4,,589,,726,,172,,7.70262270791e-09,,Cannot find cue ball
sec6-res-util-pool-c4m2,,466,,pool,,4,,587,,762,,284,,2.51475001782e-22,,speech: left
sec6-res-util-pool-c4m2,,475,,pool,,4,,567,,789,,274,,4.02360002851e-21,,Cannot find cue bottom
sec6-res-util-pool-c4m2,,485,,pool,,4,,570,,791,,281,,5.7773784174e-22,,Cannot find cue ball
sec6-res-util-pool-c4m2,,494,,pool,,4,,568,,806,,279,,1.00590000713e-21,,Cannot find cue ball
sec6-res-util-pool-c4m2,,503,,pool,,4,,568,,699,,145,,1.37329101563e-05,,Cannot find cue ball
sec6-res-util-pool-c4m2,,508,,pool,,4,,580,,783,,311,,1.41049277769e-25,,Cannot find cue bottom
sec6-res-util-pool-c4m2,,518,,pool,,4,,567,,687,,133,,0.000382566165511,,Cannot find cue bottom
sec6-res-util-pool-c4m2,,523,,pool,,4,,565,,749,,195,,1.30967237055e-11,,Cannot find cue ball
sec6-res-util-pool-c4m2,,530,,pool,,4,,566,,693,,139,,7.24827343564e-05,,speech: left
sec6-res-util-pool-c4m2,,535,,pool,,4,,568,,698,,145,,1.37329101563e-05,,Cannot find cue top
sec6-res-util-pool-c4m2,,540,,pool,,4,,565,,733,,179,,1.10599875422e-09,,Cannot find cue bottom
sec6-res-util-pool-c4m2,,547,,pool,,4,,569,,668,,115,,0.05625,,Cannot find cue bottom
sec6-res-util-pool-c4m2,,551,,pool,,4,,566,,688,,134,,0.000289930937426,,Cannot find cue top
sec6-res-util-pool-c4m2,,556,,pool,,4,,565,,816,,355,,7.09974814699e-31,,Cannot find cue bottom
sec6-res-util-pool-c4m2,,568,,pool,,4,,601,,743,,190,,5.23868948221e-11,,Cannot find cue ball
sec6-res-util-pool-c4m2,,574,,pool,,4,,581,,706,,153,,1.49439908403e-06,,Cannot find cue bottom
sec6-res-util-pool-c4m2,,580,,pool,,4,,565,,715,,164,,7.07839202699e-08,,Cannot find cue bottom
sec6-res-util-pool-c4m2,,585,,pool,,4,,565,,639,,85,,1.0,,Cannot find cue top
sec6-res-util-pool-c4m2,,612,,pool,,4,,569,,666,,113,,0.0979369383708,,Cannot find cue top
sec6-res-util-pool-c4m2,,615,,pool,,4,,565,,649,,96,,0.99999,,Cannot find cue top
sec6-res-util-pool-c4m2,,619,,pool,,4,,567,,686,,133,,0.000382566165511,,Cannot find cue top
sec6-res-util-pool-c4m2,,647,,pool,,4,,573,,797,,307,,4.27581454016e-25,,Cannot find cue bottom
sec6-res-util-pool-c4m2,,657,,pool,,4,,567,,650,,96,,0.99999,,Cannot find cue bottom
sec6-res-util-pool-c4m2,,660,,pool,,4,,565,,724,,170,,1.34110450745e-08,,Cannot find cue top
sec6-res-util-pool-c4m2,,678,,pool,,4,,571,,664,,111,,0.170518113732,,Cannot find cue bottom
sec6-res-util-pool-c4m2,,682,,pool,,4,,592,,749,,195,,1.30967237055e-11,,Cannot find cue bottom
sec6-res-util-pool-c4m2,,689,,pool,,4,,566,,640,,112,,0.129228564937,,Cannot find cue bottom
sec6-res-util-pool-c4m2,,693,,pool,,4,,571,,772,,219,,1.6876201694e-14,,Cannot find cue bottom
sec6-res-util-pool-c4m2,,700,,pool,,4,,564,,645,,92,,1.0,,Cannot find cue bottom
sec6-res-util-pool-c4m2,,704,,pool,,4,,573,,699,,145,,1.37329101563e-05,,speech: left
sec6-res-util-pool-c4m2,,709,,pool,,4,,579,,810,,272,,7.0054945426e-21,,Cannot find object ball
sec6-res-util-pool-c4m2,,718,,pool,,4,,568,,895,,378,,1.20716596653e-33,,Cannot find cue ball
sec6-res-util-pool-c4m2,,730,,pool,,4,,567,,737,,184,,2.76499688554e-10,,Cannot find cue ball
sec6-res-util-pool-c4m2,,737,,pool,,4,,568,,712,,158,,3.73599771007e-07,,Cannot find cue ball
sec6-res-util-pool-c4m2,,742,,pool,,4,,564,,718,,164,,7.07839202699e-08,,Cannot find cue ball
sec6-res-util-pool-c4m2,,748,,pool,,4,,576,,783,,293,,2.07389533883e-23,,Cannot find cue bottom
sec6-res-util-pool-c4m2,,758,,pool,,4,,567,,654,,99,,0.99744,,Cannot find cue bottom
sec6-res-util-pool-c4m2,,762,,pool,,4,,566,,784,,266,,3.69752218714e-20,,Cannot find cue ball
sec6-res-util-pool-c4m2,,770,,pool,,4,,566,,790,,278,,1.32729301685e-21,,Cannot find cue ball
sec6-res-util-pool-c4m2,,779,,pool,,4,,564,,739,,185,,2.09547579288e-10,,Cannot find cue ball
sec6-res-util-pool-c4m2,,786,,pool,,4,,565,,670,,120,,0.0140625,,Cannot find cue bottom
sec6-res-util-pool-c4m2,,790,,pool,,4,,575,,694,,140,,5.4931640625e-05,,Cannot find cue ball
sec6-res-util-pool-c4m2,,795,,pool,,4,,564,,646,,92,,1.0,,Cannot find cue ball
sec6-res-util-pool-c4m2,,799,,pool,,4,,568,,737,,244,,1.64806657168e-17,,Cannot find cue ball
sec6-res-util-pool-c4m2,,807,,pool,,4,,563,,644,,90,,1.0,,Cannot find cue bottom
sec6-res-util-pool-c4m2,,811,,pool,,4,,566,,822,,371,,8.40719209722e-33,,Cannot find cue bottom
sec6-res-util-pool-c4m2,,823,,pool,,4,,566,,752,,277,,1.75137363565e-21,,Cannot find cue bottom
sec6-res-util-pool-c4m2,,832,,pool,,4,,566,,797,,275,,3.04931861012e-21,,Cannot find cue bottom
sec6-res-util-pool-c4m2,,841,,pool,,4,,565,,719,,165,,5.36441802979e-08,,Cannot find cue bottom
sec6-res-util-pool-c4m2,,847,,pool,,4,,593,,737,,183,,3.64843526374e-10,,Cannot find cue top
sec6-res-util-pool-c4m2,,853,,pool,,4,,580,,794,,280,,7.62329652529e-22,,Cannot find cue bottom
sec6-res-util-pool-c4m2,,862,,pool,,4,,565,,642,,88,,1.0,,Cannot find cue top
sec6-res-util-pool-c4m2,,866,,pool,,4,,571,,707,,154,,1.13254272432e-06,,Cannot find cue top
sec6-res-util-pool-c4m2,,871,,pool,,4,,569,,718,,166,,4.06546863872e-08,,Cannot find cue top
sec6-res-util-pool-c4m2,,877,,pool,,4,,565,,818,,294,,1.57171876114e-23,,Cannot find cue top
sec6-res-util-pool-c4m2,,887,,pool,,4,,569,,709,,155,,8.58306884766e-07,,Cannot find cue ball
sec6-res-util-pool-c4m2,,893,,pool,,4,,565,,778,,299,,3.92929690285e-24,,Cannot find cue ball
sec6-res-util-pool-c4m2,,903,,pool,,4,,569,,837,,379,,9.14860726997e-34,,Cannot find cue bottom
sec6-res-util-pool-c4m2,,915,,pool,,4,,566,,673,,125,,0.003515625,,Cannot find cue bottom
sec6-res-util-pool-c4m2,,919,,pool,,4,,564,,786,,332,,4.17560013688e-28,,Cannot find cue ball
sec6-res-util-pool-c4m2,,930,,pool,,4,,567,,722,,168,,2.33499856879e-08,,Cannot find cue bottom
sec6-res-util-pool-c4m2,,936,,pool,,4,,565,,654,,100,,0.99375,,Cannot find cue top
sec6-res-util-pool-c4m2,,940,,pool,,4,,583,,638,,84,,1.0,,Cannot find cue top
sec6-res-util-pool-c4m2,,943,,pool,,4,,569,,634,,80,,1.0,,Cannot find cue top
sec6-res-util-pool-c4m2,,947,,pool,,4,,567,,611,,57,,1.0,,Cannot find cue top
sec6-res-util-pool-c4m2,,949,,pool,,4,,566,,608,,53,,1.0,,Cannot find cue top
sec6-res-util-pool-c4m2,,952,,pool,,4,,565,,627,,73,,1.0,,Cannot find cue top
sec6-res-util-pool-c4m2,,955,,pool,,4,,565,,610,,56,,1.0,,Cannot find cue top
sec6-res-util-pool-c4m2,,957,,pool,,4,,566,,633,,79,,1.0,,Cannot find cue top
sec6-res-util-pool-c4m2,,961,,pool,,4,,565,,630,,76,,1.0,,Cannot find cue top
sec6-res-util-pool-c4m2,,964,,pool,,4,,565,,620,,66,,1.0,,Cannot find cue ball
sec6-res-util-pool-c4m2,,967,,pool,,4,,566,,639,,85,,1.0,,Cannot find cue ball
sec6-res-util-pool-c4m2,,970,,pool,,4,,565,,620,,66,,1.0,,Cannot find cue top
sec6-res-util-pool-c4m2,,973,,pool,,4,,566,,635,,81,,1.0,,Cannot find cue top
sec6-res-util-pool-c4m2,,976,,pool,,4,,572,,626,,73,,1.0,,Cannot find cue ball
sec6-res-util-pool-c4m2,,979,,pool,,4,,565,,624,,70,,1.0,,Cannot find cue ball
sec6-res-util-pool-c4m2,,982,,pool,,4,,571,,640,,86,,1.0,,Cannot find cue ball
sec6-res-util-pool-c4m2,,986,,pool,,4,,566,,631,,99,,0.99744,,Cannot find cue ball
sec6-res-util-pool-c4m2,,990,,pool,,4,,566,,727,,173,,5.83749642198e-09,,speech: left
sec6-res-util-pool-c4m2,,996,,pool,,4,,568,,659,,105,,0.9,,speech: left
sec6-res-util-pool-c4m2,,1000,,pool,,4,,567,,648,,94,,1.0,,speech: right
sec6-res-util-pool-c4m2,,1004,,pool,,4,,566,,678,,124,,0.00463889499881,,speech: right
sec6-res-util-pool-c4m2,,1008,,pool,,4,,565,,758,,205,,8.18545231596e-13,,Cannot find cue bottom
sec6-res-util-pool-c4m2,,1015,,pool,,4,,566,,815,,296,,9.02715377719e-24,,Cannot find cue bottom
sec6-res-util-pool-c4m2,,1042,,pool,,4,,570,,653,,98,,0.99919,,Cannot find cue bottom
sec6-res-util-pool-c4m2,,1045,,pool,,4,,565,,647,,93,,1.0,,Cannot find cue bottom
sec6-res-util-pool-c4m2,,1046,,pool,,4,,566,,655,,102,,0.97599,,Cannot find cue bottom
sec6-res-util-pool-c4m2,,1049,,pool,,4,,566,,700,,147,,7.8874856529e-06,,Cannot find cue bottom
sec6-res-util-pool-c4m2,,1055,,pool,,4,,577,,722,,168,,2.33499856879e-08,,Cannot find cue top
sec6-res-util-pool-c4m2,,1061,,pool,,4,,563,,689,,136,,0.000166521595442,,Cannot find cue top
sec6-res-util-pool-c4m2,,1065,,pool,,4,,565,,664,,111,,0.170518113732,,Cannot find cue top
sec6-res-util-pool-c4m2,,1070,,pool,,4,,575,,812,,349,,3.74726953778e-30,,Cannot find cue top
sec6-res-util-pool-c4m2,,1081,,pool,,4,,567,,621,,68,,1.0,,Cannot find cue top
sec6-res-util-pool-c4m2,,1,,pool,,4,,566,,700,,146,,1.04075997151e-05,,Cannot find cue ball
sec6-res-util-pool-c4m2,,6,,pool,,4,,565,,674,,121,,0.0106573821083,,Cannot find cue ball
sec6-res-util-pool-c4m2,,11,,pool,,4,,571,,685,,132,,0.000504799081786,,Cannot find cue ball
sec6-res-util-pool-c4m2,,16,,pool,,4,,569,,770,,216,,3.8771330249e-14,,Cannot find object ball
sec6-res-util-pool-c4m2,,23,,pool,,4,,567,,673,,119,,0.0185555799952,,Cannot find cue ball
sec6-res-util-pool-c4m2,,27,,pool,,4,,567,,663,,109,,0.296889279924,,Cannot find cue ball
sec6-res-util-pool-c4m2,,32,,pool,,4,,576,,637,,82,,1.0,,Cannot find cue ball
sec6-res-util-pool-c4m2,,35,,pool,,4,,566,,688,,135,,0.0002197265625,,Cannot find cue bottom
sec6-res-util-pool-c4m2,,40,,pool,,4,,566,,650,,96,,0.99999,,Cannot find cue bottom
sec6-res-util-pool-c4m2,,44,,pool,,4,,565,,652,,98,,0.99919,,Cannot find cue bottom
sec6-res-util-pool-c4m2,,48,,pool,,4,,567,,867,,365,,4.43734259187e-32,,Cannot find cue bottom
sec6-res-util-pool-c4m2,,59,,pool,,4,,565,,670,,116,,0.0426295284331,,Cannot find cue top
sec6-res-util-pool-c4m2,,64,,pool,,4,,569,,731,,178,,1.4593741055e-09,,Cannot find cue ball
sec6-res-util-pool-c4m2,,70,,pool,,4,,567,,825,,334,,2.39825250418e-28,,Cannot find cue ball
sec6-res-util-pool-c4m2,,81,,pool,,4,,566,,689,,179,,1.10599875422e-09,,Cannot find cue ball
sec6-res-util-pool-c4m2,,87,,pool,,4,,566,,750,,276,,2.31095136696e-21,,Cannot find cue top
sec6-res-util-pool-c4m2,,96,,pool,,4,,566,,682,,128,,0.00153026466204,,Cannot find cue ball
sec6-res-util-pool-c4m2,,101,,pool,,4,,566,,882,,425,,2.64486228935e-39,,speech: right
sec6-res-util-pool-c4m2,,115,,pool,,4,,566,,722,,168,,2.33499856879e-08,,Cannot find cue ball
sec6-res-util-pool-c4m2,,121,,pool,,4,,565,,660,,107,,0.516914259749,,Cannot find cue ball
sec6-res-util-pool-c4m2,,125,,pool,,4,,565,,709,,156,,6.50474982195e-07,,Cannot find cue top
sec6-res-util-pool-c4m2,,130,,pool,,4,,565,,716,,162,,1.23241963327e-07,,Cannot find cue top
sec6-res-util-pool-c4m2,,136,,pool,,4,,566,,742,,189,,6.91249221386e-11,,Cannot find cue top
sec6-res-util-pool-c4m2,,142,,pool,,4,,567,,801,,285,,1.90582413132e-22,,Cannot find cue top
sec6-res-util-pool-c4m2,,152,,pool,,4,,567,,634,,80,,1.0,,Cannot find cue top
sec6-res-util-pool-c4m2,,155,,pool,,4,,568,,680,,126,,0.00266434552707,,Cannot find cue top
sec6-res-util-pool-c4m2,,160,,pool,,4,,566,,676,,122,,0.00807678530857,,Cannot find cue top
sec6-res-util-pool-c4m2,,164,,pool,,4,,568,,763,,263,,8.49467530786e-20,,speech: left
sec6-res-util-pool-c4m2,,173,,pool,,4,,567,,803,,273,,5.30917206741e-21,,speech: left
sec6-res-util-pool-c4m2,,182,,pool,,4,,566,,643,,97,,0.99984,,Cannot find cue top
sec6-res-util-pool-c4m2,,186,,pool,,4,,565,,775,,254,,1.0300416073e-18,,Cannot find cue ball
sec6-res-util-pool-c4m2,,195,,pool,,4,,566,,790,,278,,1.32729301685e-21,,Cannot find cue top
sec6-res-util-pool-c4m2,,204,,pool,,4,,567,,782,,381,,5.25449506076e-34,,speech: right
sec6-res-util-pool-c4m2,,216,,pool,,4,,567,,679,,125,,0.003515625,,speech: left
sec6-res-util-pool-c4m2,,221,,pool,,4,,577,,724,,170,,1.34110450745e-08,,speech: right
sec6-res-util-pool-c4m2,,227,,pool,,4,,572,,702,,148,,5.97759633611e-06,,speech: left
sec6-res-util-pool-c4m2,,232,,pool,,4,,597,,799,,258,,3.39787012314e-19,,speech: right
sec6-res-util-pool-c4m2,,241,,pool,,4,,564,,837,,385,,1.73333694995e-34,,speech: right
sec6-res-util-pool-c4m2,,253,,pool,,4,,565,,819,,280,,7.62329652529e-22,,speech: left
sec6-res-util-pool-c4m2,,262,,pool,,4,,565,,756,,202,,1.88052312205e-12,,Cannot find object ball
sec6-res-util-pool-c4m2,,269,,pool,,4,,568,,702,,148,,5.97759633611e-06,,Cannot find object ball
sec6-res-util-pool-c4m2,,274,,pool,,4,,566,,667,,138,,9.56415413777e-05,,speech: good
sec6-res-util-pool-c4m2,,279,,pool,,4,,573,,681,,127,,0.00201919632714,,Cannot find cue ball
sec6-res-util-pool-c4m2,,284,,pool,,4,,567,,685,,130,,0.00087890625,,speech: left
sec6-res-util-pool-c4m2,,288,,pool,,4,,565,,760,,224,,4.2190504235e-15,,speech: right
sec6-res-util-pool-c4m2,,296,,pool,,4,,565,,681,,127,,0.00201919632714,,Cannot find cue top
sec6-res-util-pool-c4m2,,301,,pool,,4,,567,,730,,176,,2.5409178992e-09,,Cannot find cue bottom
sec6-res-util-pool-c4m2,,307,,pool,,4,,567,,691,,136,,0.000166521595442,,Cannot find cue bottom
sec6-res-util-pool-c4m2,,312,,pool,,4,,566,,625,,71,,1.0,,Cannot find cue bottom
sec6-res-util-pool-c4m2,,314,,pool,,4,,565,,655,,101,,0.98704,,Cannot find cue bottom
sec6-res-util-pool-c4m2,,318,,pool,,4,,565,,656,,102,,0.97599,,Cannot find cue bottom
sec6-res-util-pool-c4m2,,322,,pool,,4,,565,,646,,92,,1.0,,Cannot find cue top
sec6-res-util-pool-c4m2,,326,,pool,,4,,566,,640,,86,,1.0,,Cannot find cue top
sec6-res-util-pool-c4m2,,329,,pool,,4,,565,,637,,84,,1.0,,Cannot find cue top
sec6-res-util-pool-c4m2,,333,,pool,,4,,566,,625,,71,,1.0,,Cannot find cue top
sec6-res-util-pool-c4m2,,336,,pool,,4,,564,,613,,62,,1.0,,Cannot find cue top
sec6-res-util-pool-c4m2,,338,,pool,,4,,567,,656,,103,,0.95904,,Cannot find cue top
sec6-res-util-pool-c4m2,,342,,pool,,4,,568,,717,,263,,8.49467530786e-20,,Cannot find cue top
sec6-res-util-pool-c4m2,,371,,pool,,4,,571,,638,,83,,1.0,,Cannot find cue top
sec6-res-util-pool-c4m2,,373,,pool,,4,,564,,745,,191,,3.9701842175e-11,,Cannot find cue top
sec6-res-util-pool-c4m2,,380,,pool,,4,,588,,726,,261,,1.47900887485e-19,,Cannot find cue top
sec6-res-util-pool-c4m2,,388,,pool,,4,,570,,649,,140,,5.4931640625e-05,,Cannot find cue top
sec6-res-util-pool-c4m2,,406,,pool,,4,,572,,726,,172,,7.70262270791e-09,,Cannot find cue bottom
sec6-res-util-pool-c4m2,,412,,pool,,4,,566,,667,,160,,2.14576721191e-07,,Cannot find cue bottom
sec6-res-util-pool-c4m2,,417,,pool,,4,,566,,709,,155,,8.58306884766e-07,,Cannot find cue ball
sec6-res-util-pool-c4m2,,423,,pool,,4,,566,,784,,250,,3.12250225676e-18,,Cannot find object ball
sec6-res-util-pool-c4m2,,431,,pool,,4,,567,,797,,280,,7.62329652529e-22,,Cannot find cue ball
sec6-res-util-pool-c4m2,,440,,pool,,4,,566,,773,,274,,4.02360002851e-21,,Cannot find cue ball
sec6-res-util-pool-c4m2,,450,,pool,,4,,566,,678,,124,,0.00463889499881,,Cannot find cue top
sec6-res-util-pool-c4m2,,454,,pool,,4,,567,,637,,83,,1.0,,Cannot find cue top
sec6-res-util-pool-c4m2,,458,,pool,,4,,587,,689,,135,,0.0002197265625,,Cannot find cue top
sec6-res-util-pool-c4m2,,463,,pool,,4,,565,,757,,255,,7.8062556419e-19,,Cannot find cue ball
sec6-res-util-pool-c4m2,,471,,pool,,4,,566,,638,,84,,1.0,,Cannot find cue ball
sec6-res-util-pool-c4m2,,475,,pool,,4,,568,,739,,185,,2.09547579288e-10,,Cannot find cue bottom
sec6-res-util-pool-c4m2,,481,,pool,,4,,599,,726,,172,,7.70262270791e-09,,Cannot find cue ball
sec6-res-util-pool-c4m2,,487,,pool,,4,,566,,745,,191,,3.9701842175e-11,,Cannot find cue ball
sec6-res-util-pool-c4m2,,494,,pool,,4,,577,,886,,347,,6.52437521387e-30,,Cannot find cue ball
sec6-res-util-pool-c4m2,,505,,pool,,4,,570,,745,,191,,3.9701842175e-11,,Cannot find cue ball
sec6-res-util-pool-c4m2,,511,,pool,,4,,582,,826,,365,,4.43734259187e-32,,Cannot find cue bottom
sec6-res-util-pool-c4m2,,523,,pool,,4,,565,,821,,280,,7.62329652529e-22,,Cannot find cue ball
sec6-res-util-pool-c4m2,,532,,pool,,4,,581,,727,,173,,5.83749642198e-09,,Cannot find cue top
sec6-res-util-pool-c4m2,,539,,pool,,4,,565,,891,,389,,5.71787954373e-35,,Cannot find cue bottom
sec6-res-util-pool-c4m2,,551,,pool,,4,,573,,797,,280,,7.62329652529e-22,,Cannot find cue top
sec6-res-util-pool-c4m2,,560,,pool,,4,,568,,686,,133,,0.000382566165511,,Cannot find cue bottom
sec6-res-util-pool-c4m2,,565,,pool,,4,,568,,827,,319,,1.53488160267e-26,,Cannot find cue bottom
sec6-res-util-pool-c4m2,,576,,pool,,4,,567,,688,,133,,0.000382566165511,,Cannot find cue bottom
sec6-res-util-pool-c4m2,,580,,pool,,4,,565,,745,,191,,3.9701842175e-11,,Cannot find cue bottom
sec6-res-util-pool-c4m2,,587,,pool,,4,,567,,676,,122,,0.00807678530857,,Cannot find cue top
sec6-res-util-pool-c4m2,,612,,pool,,4,,572,,685,,131,,0.000666086381767,,Cannot find cue top
sec6-res-util-pool-c4m2,,616,,pool,,4,,566,,748,,194,,1.72812305347e-11,,Cannot find cue top
sec6-res-util-pool-c4m2,,623,,pool,,4,,568,,634,,80,,1.0,,Cannot find cue top
sec6-res-util-pool-c4m2,,647,,pool,,4,,571,,647,,92,,1.0,,Cannot find cue bottom
sec6-res-util-pool-c4m2,,650,,pool,,4,,564,,641,,87,,1.0,,Cannot find cue top
sec6-res-util-pool-c4m2,,653,,pool,,4,,564,,677,,123,,0.00612105864818,,Cannot find cue top
sec6-res-util-pool-c4m2,,657,,pool,,4,,565,,733,,179,,1.10599875422e-09,,Cannot find cue bottom
sec6-res-util-pool-c4m2,,678,,pool,,4,,572,,766,,212,,1.17532695128e-13,,Cannot find cue bottom
sec6-res-util-pool-c4m2,,685,,pool,,4,,565,,741,,187,,1.20353479811e-10,,Cannot find cue bottom
sec6-res-util-pool-c4m2,,692,,pool,,4,,579,,804,,300,,2.97785020519e-24,,Cannot find cue bottom
sec6-res-util-pool-c4m2,,701,,pool,,4,,567,,672,,118,,0.0244842345927,,speech: good
sec6-res-util-pool-c4m2,,706,,pool,,4,,568,,735,,181,,6.35229474799e-10,,Cannot find object ball
sec6-res-util-pool-c4m2,,712,,pool,,4,,566,,795,,333,,3.16451315129e-28,,Cannot find cue ball
sec6-res-util-pool-c4m2,,723,,pool,,4,,567,,936,,482,,3.62175579187e-46,,speech: right
sec6-res-util-pool-c4m2,,738,,pool,,4,,566,,657,,103,,0.95904,,Cannot find cue ball
sec6-res-util-pool-c4m2,,742,,pool,,4,,565,,725,,171,,1.01636715968e-08,,Cannot find cue ball
sec6-res-util-pool-c4m2,,748,,pool,,4,,565,,645,,91,,1.0,,Cannot find cue bottom
sec6-res-util-pool-c4m2,,752,,pool,,4,,571,,667,,113,,0.0979369383708,,Cannot find cue top
sec6-res-util-pool-c4m2,,756,,pool,,4,,567,,649,,95,,1.0,,Cannot find cue bottom
sec6-res-util-pool-c4m2,,760,,pool,,4,,568,,640,,86,,1.0,,Cannot find cue bottom
sec6-res-util-pool-c4m2,,763,,pool,,4,,568,,637,,83,,1.0,,Cannot find cue ball
sec6-res-util-pool-c4m2,,767,,pool,,4,,568,,686,,132,,0.000504799081786,,Cannot find cue ball
sec6-res-util-pool-c4m2,,772,,pool,,4,,565,,824,,297,,6.84130326426e-24,,Cannot find cue ball
sec6-res-util-pool-c4m2,,782,,pool,,4,,568,,735,,181,,6.35229474799e-10,,Cannot find cue ball
sec6-res-util-pool-c4m2,,788,,pool,,4,,580,,785,,266,,3.69752218714e-20,,Cannot find cue top
sec6-res-util-pool-c4m2,,797,,pool,,4,,567,,726,,172,,7.70262270791e-09,,Cannot find cue ball
sec6-res-util-pool-c4m2,,803,,pool,,4,,582,,797,,283,,3.31823254213e-22,,Cannot find cue top
sec6-res-util-pool-c4m2,,812,,pool,,4,,569,,711,,157,,4.92967853306e-07,,Cannot find cue bottom
sec6-res-util-pool-c4m2,,818,,pool,,4,,565,,627,,73,,1.0,,Cannot find cue bottom
sec6-res-util-pool-c4m2,,821,,pool,,4,,566,,671,,117,,0.0323071412343,,Cannot find cue bottom
sec6-res-util-pool-c4m2,,825,,pool,,4,,564,,632,,78,,1.0,,Cannot find cue bottom
sec6-res-util-pool-c4m2,,828,,pool,,4,,564,,657,,103,,0.95904,,Cannot find cue bottom
sec6-res-util-pool-c4m2,,832,,pool,,4,,580,,811,,312,,1.06895363504e-25,,Cannot find cue bottom
sec6-res-util-pool-c4m2,,843,,pool,,4,,568,,758,,204,,1.08007690842e-12,,Cannot find cue bottom
sec6-res-util-pool-c4m2,,850,,pool,,4,,565,,662,,108,,0.391747753483,,Cannot find cue top
sec6-res-util-pool-c4m2,,854,,pool,,4,,567,,716,,162,,1.23241963327e-07,,Cannot find cue bottom
sec6-res-util-pool-c4m2,,860,,pool,,4,,574,,657,,103,,0.95904,,Cannot find cue top
sec6-res-util-pool-c4m2,,864,,pool,,4,,566,,657,,103,,0.95904,,Cannot find cue top
sec6-res-util-pool-c4m2,,868,,pool,,4,,566,,634,,80,,1.0,,Cannot find cue top
sec6-res-util-pool-c4m2,,871,,pool,,4,,564,,718,,164,,7.07839202699e-08,,Cannot find cue top
sec6-res-util-pool-c4m2,,877,,pool,,4,,590,,713,,160,,2.14576721191e-07,,Cannot find cue top
sec6-res-util-pool-c4m2,,883,,pool,,4,,565,,906,,375,,2.77333911992e-33,,speech: left
sec6-res-util-pool-c4m2,,895,,pool,,4,,567,,659,,138,,9.56415413777e-05,,Cannot find cue bottom
sec6-res-util-pool-c4m2,,900,,pool,,4,,566,,639,,84,,1.0,,Cannot find cue bottom
sec6-res-util-pool-c4m2,,904,,pool,,4,,568,,635,,81,,1.0,,Cannot find cue bottom
sec6-res-util-pool-c4m2,,907,,pool,,4,,565,,716,,162,,1.23241963327e-07,,Cannot find cue bottom
sec6-res-util-pool-c4m2,,913,,pool,,4,,566,,815,,301,,2.2567884443e-24,,Cannot find cue bottom
sec6-res-util-pool-c4m2,,923,,pool,,4,,565,,697,,143,,2.39103853444e-05,,speech: good
sec6-res-util-pool-c4m2,,928,,pool,,4,,565,,735,,182,,4.81413919245e-10,,Cannot find cue bottom
sec6-res-util-pool-c4m2,,934,,pool,,4,,568,,641,,87,,1.0,,Cannot find cue top
sec6-res-util-pool-c4m2,,938,,pool,,4,,574,,694,,141,,4.16303988605e-05,,Cannot find cue top
sec6-res-util-pool-c4m2,,943,,pool,,4,,566,,654,,101,,0.98704,,Cannot find cue top
sec6-res-util-pool-c4m2,,947,,pool,,4,,573,,720,,166,,4.06546863872e-08,,Cannot find cue top
sec6-res-util-pool-c4m2,,953,,pool,,4,,578,,712,,200,,3.27418092638e-12,,Cannot find cue top
sec6-res-util-pool-c4m2,,959,,pool,,4,,568,,695,,141,,4.16303988605e-05,,Cannot find cue top
sec6-res-util-pool-c4m2,,965,,pool,,4,,579,,729,,175,,3.35276126862e-09,,Cannot find cue ball
sec6-res-util-pool-c4m2,,971,,pool,,4,,570,,614,,60,,1.0,,Cannot find cue top
sec6-res-util-pool-c4m2,,973,,pool,,4,,566,,625,,71,,1.0,,Cannot find cue top
sec6-res-util-pool-c4m2,,976,,pool,,4,,565,,646,,91,,1.0,,Cannot find cue ball
sec6-res-util-pool-c4m2,,980,,pool,,4,,575,,728,,174,,4.42399501687e-09,,Cannot find cue ball
sec6-res-util-pool-c4m2,,986,,pool,,4,,565,,627,,73,,1.0,,Cannot find cue ball
sec6-res-util-pool-c4m2,,989,,pool,,4,,565,,677,,123,,0.00612105864818,,speech: left
sec6-res-util-pool-c4m2,,994,,pool,,4,,566,,714,,160,,2.14576721191e-07,,speech: right
sec6-res-util-pool-c4m2,,1000,,pool,,4,,566,,734,,180,,8.38190317154e-10,,speech: right
sec6-res-util-pool-c4m2,,1006,,pool,,4,,574,,752,,271,,9.24380546784e-21,,speech: right
sec6-res-util-pool-c4m2,,1015,,pool,,4,,572,,656,,102,,0.97599,,Cannot find cue bottom
sec6-res-util-pool-c4m2,,1019,,pool,,4,,566,,700,,146,,1.04075997151e-05,,Cannot find cue bottom
sec6-res-util-pool-c4m2,,1024,,pool,,4,,565,,639,,85,,1.0,,Cannot find cue bottom
sec6-res-util-pool-c4m2,,1042,,pool,,4,,573,,833,,306,,5.64197111074e-25,,Cannot find cue bottom
sec6-res-util-pool-c4m2,,1052,,pool,,4,,566,,635,,81,,1.0,,Cannot find cue top
sec6-res-util-pool-c4m2,,1055,,pool,,4,,568,,707,,153,,1.49439908403e-06,,Cannot find cue top
sec6-res-util-pool-c4m2,,1061,,pool,,4,,576,,742,,288,,8.29558135533e-23,,Cannot find cue top
sec6-res-util-pool-c4m2,,1070,,pool,,4,,565,,769,,272,,7.0054945426e-21,,Cannot find cue top
sec6-res-util-pool-c4m2,,1079,,pool,,4,,738,,876,,323,,5.06322104207e-27,,Cannot find cue top
sec6-res-util-pool-c4m2,,7,,pool,,4,,608,,729,,176,,2.5409178992e-09,,Cannot find cue ball
sec6-res-util-pool-c4m2,,13,,pool,,4,,606,,759,,341,,3.44358588302e-29,,Cannot find cue bottom
sec6-res-util-pool-c4m2,,24,,pool,,4,,577,,796,,386,,1.31362376519e-34,,Cannot find cue ball
sec6-res-util-pool-c4m2,,36,,pool,,4,,568,,745,,191,,3.9701842175e-11,,Cannot find cue bottom
sec6-res-util-pool-c4m2,,43,,pool,,4,,566,,838,,366,,3.36287683889e-32,,Cannot find cue bottom
sec6-res-util-pool-c4m2,,55,,pool,,4,,565,,747,,194,,1.72812305347e-11,,Cannot find cue bottom
sec6-res-util-pool-c4m2,,61,,pool,,4,,588,,725,,177,,1.92565567698e-09,,Cannot find cue top
sec6-res-util-pool-c4m2,,67,,pool,,4,,567,,735,,181,,6.35229474799e-10,,Cannot find cue ball
sec6-res-util-pool-c4m2,,74,,pool,,4,,577,,801,,261,,1.47900887485e-19,,Cannot find object ball
sec6-res-util-pool-c4m2,,82,,pool,,4,,568,,744,,190,,5.23868948221e-11,,speech: good
sec6-res-util-pool-c4m2,,89,,pool,,4,,566,,704,,150,,3.43322753906e-06,,Cannot find cue top
sec6-res-util-pool-c4m2,,94,,pool,,4,,565,,667,,113,,0.0979369383708,,Cannot find cue bottom
sec6-res-util-pool-c4m2,,98,,pool,,4,,565,,671,,116,,0.0426295284331,,speech: left
sec6-res-util-pool-c4m2,,103,,pool,,4,,566,,676,,122,,0.00807678530857,,Cannot find cue bottom
sec6-res-util-pool-c4m2,,107,,pool,,4,,565,,657,,102,,0.97599,,speech: left
sec6-res-util-pool-c4m2,,111,,pool,,4,,565,,672,,139,,7.24827343564e-05,,speech: left
sec6-res-util-pool-c4m2,,116,,pool,,4,,565,,699,,145,,1.37329101563e-05,,speech: left
sec6-res-util-pool-c4m2,,121,,pool,,4,,565,,740,,187,,1.20353479811e-10,,Cannot find cue ball
sec6-res-util-pool-c4m2,,128,,pool,,4,,572,,650,,95,,1.0,,Cannot find cue top
sec6-res-util-pool-c4m2,,131,,pool,,4,,568,,667,,112,,0.129228564937,,Cannot find cue top
sec6-res-util-pool-c4m2,,135,,pool,,4,,566,,629,,75,,1.0,,Cannot find cue top
sec6-res-util-pool-c4m2,,139,,pool,,4,,568,,633,,79,,1.0,,Cannot find cue top
sec6-res-util-pool-c4m2,,142,,pool,,4,,567,,642,,88,,1.0,,Cannot find cue top
sec6-res-util-pool-c4m2,,145,,pool,,4,,566,,633,,79,,1.0,,Cannot find cue top
sec6-res-util-pool-c4m2,,148,,pool,,4,,567,,655,,101,,0.98704,,Cannot find cue bottom
sec6-res-util-pool-c4m2,,152,,pool,,4,,564,,623,,69,,1.0,,Cannot find cue top
sec6-res-util-pool-c4m2,,155,,pool,,4,,565,,640,,86,,1.0,,Cannot find cue top
sec6-res-util-pool-c4m2,,158,,pool,,4,,570,,634,,81,,1.0,,Cannot find cue top
sec6-res-util-pool-c4m2,,162,,pool,,4,,566,,626,,73,,1.0,,Cannot find cue bottom
sec6-res-util-pool-c4m2,,165,,pool,,4,,568,,675,,121,,0.0106573821083,,speech: left
sec6-res-util-pool-c4m2,,169,,pool,,4,,570,,822,,360,,1.77493703675e-31,,speech: left
sec6-res-util-pool-c4m2,,181,,pool,,4,,565,,645,,92,,1.0,,Cannot find cue top
sec6-res-util-pool-c4m2,,184,,pool,,4,,566,,632,,77,,1.0,,Cannot find cue top
sec6-res-util-pool-c4m2,,187,,pool,,4,,565,,645,,90,,1.0,,Cannot find cue top
sec6-res-util-pool-c4m2,,191,,pool,,4,,573,,803,,352,,1.63109380347e-30,,Cannot find cue ball
sec6-res-util-pool-c4m2,,202,,pool,,4,,568,,813,,483,,2.74477762679e-46,,Cannot find object ball
sec6-res-util-pool-c4m2,,218,,pool,,4,,567,,850,,380,,6.93334779979e-34,,speech: right
sec6-res-util-pool-c4m2,,230,,pool,,4,,573,,778,,281,,5.7773784174e-22,,Cannot find cue ball
sec6-res-util-pool-c4m2,,239,,pool,,4,,566,,981,,486,,1.19473385456e-46,,Cannot find cue ball
sec6-res-util-pool-c4m2,,254,,pool,,4,,572,,885,,379,,9.14860726997e-34,,Cannot find cue ball
sec6-res-util-pool-c4m2,,267,,pool,,4,,566,,875,,387,,9.95540651531e-35,,Cannot find cue bottom
sec6-res-util-pool-c4m2,,279,,pool,,4,,571,,740,,186,,1.588073687e-10,,Cannot find cue ball
sec6-res-util-pool-c4m2,,285,,pool,,4,,565,,751,,272,,7.0054945426e-21,,Cannot find object ball
sec6-res-util-pool-c4m2,,294,,pool,,4,,574,,723,,169,,1.76959800675e-08,,Cannot find cue top
sec6-res-util-pool-c4m2,,300,,pool,,4,,565,,748,,193,,2.28027203984e-11,,Cannot find cue bottom
sec6-res-util-pool-c4m2,,307,,pool,,4,,564,,675,,126,,0.00266434552707,,Cannot find cue bottom
sec6-res-util-pool-c4m2,,311,,pool,,4,,565,,700,,146,,1.04075997151e-05,,Cannot find cue top
sec6-res-util-pool-c4m2,,317,,pool,,4,,577,,718,,164,,7.07839202699e-08,,Cannot find cue top
sec6-res-util-pool-c4m2,,322,,pool,,4,,563,,655,,101,,0.98704,,Cannot find cue top
sec6-res-util-pool-c4m2,,326,,pool,,4,,566,,777,,242,,2.86945056465e-17,,Cannot find cue top
sec6-res-util-pool-c4m2,,334,,pool,,4,,566,,639,,85,,1.0,,Cannot find cue top
sec6-res-util-pool-c4m2,,338,,pool,,4,,579,,713,,159,,2.8313568108e-07,,Cannot find cue top
sec6-res-util-pool-c4m2,,343,,pool,,4,,569,,805,,291,,3.61086151088e-23,,Cannot find cue bottom
sec6-res-util-pool-c4m2,,371,,pool,,4,,577,,803,,296,,9.02715377719e-24,,Cannot find cue top
sec6-res-util-pool-c4m2,,380,,pool,,4,,567,,668,,114,,0.074222319981,,Cannot find cue top
sec6-res-util-pool-c4m2,,385,,pool,,4,,565,,655,,101,,0.98704,,Cannot find cue bottom
sec6-res-util-pool-c4m2,,389,,pool,,4,,567,,653,,99,,0.99744,,Cannot find cue bottom
sec6-res-util-pool-c4m2,,406,,pool,,4,,574,,759,,205,,8.18545231596e-13,,Cannot find cue bottom
sec6-res-util-pool-c4m2,,412,,pool,,4,,566,,726,,172,,7.70262270791e-09,,Cannot find cue bottom
sec6-res-util-pool-c4m2,,418,,pool,,4,,597,,752,,198,,5.70068009959e-12,,Cannot find cue ball
sec6-res-util-pool-c4m2,,425,,pool,,4,,571,,782,,334,,2.39825250418e-28,,speech: good
sec6-res-util-pool-c4m2,,436,,pool,,4,,568,,713,,159,,2.8313568108e-07,,Cannot find cue ball
sec6-res-util-pool-c4m2,,441,,pool,,4,,566,,726,,172,,7.70262270791e-09,,Cannot find cue top
sec6-res-util-pool-c4m2,,447,,pool,,4,,568,,755,,201,,2.48136513594e-12,,Cannot find cue top
sec6-res-util-pool-c4m2,,454,,pool,,4,,597,,700,,146,,1.04075997151e-05,,Cannot find cue top
sec6-res-util-pool-c4m2,,459,,pool,,4,,565,,739,,185,,2.09547579288e-10,,speech: right
sec6-res-util-pool-c4m2,,466,,pool,,4,,607,,717,,196,,9.92546054374e-12,,speech: left
sec6-res-util-pool-c4m2,,473,,pool,,4,,580,,821,,277,,1.75137363565e-21,,Cannot find cue ball
sec6-res-util-pool-c4m2,,482,,pool,,4,,573,,743,,189,,6.91249221386e-11,,Cannot find cue ball
sec6-res-util-pool-c4m2,,488,,pool,,4,,569,,894,,364,,5.85510865278e-32,,Cannot find cue ball
sec6-res-util-pool-c4m2,,500,,pool,,4,,567,,649,,95,,1.0,,Cannot find cue ball
sec6-res-util-pool-c4m2,,504,,pool,,4,,566,,741,,187,,1.20353479811e-10,,Cannot find cue ball
sec6-res-util-pool-c4m2,,511,,pool,,4,,567,,637,,83,,1.0,,Cannot find cue bottom
sec6-res-util-pool-c4m2,,514,,pool,,4,,599,,816,,329,,9.59301001671e-28,,Cannot find cue bottom
sec6-res-util-pool-c4m2,,525,,pool,,4,,566,,655,,101,,0.98704,,Cannot find cue bottom
sec6-res-util-pool-c4m2,,529,,pool,,4,,564,,669,,146,,1.04075997151e-05,,Cannot find object ball
sec6-res-util-pool-c4m2,,534,,pool,,4,,569,,663,,108,,0.391747753483,,Cannot find cue bottom
sec6-res-util-pool-c4m2,,538,,pool,,4,,569,,648,,130,,0.00087890625,,Cannot find cue bottom
sec6-res-util-pool-c4m2,,543,,pool,,4,,566,,652,,98,,0.99919,,Cannot find cue bottom
sec6-res-util-pool-c4m2,,547,,pool,,4,,568,,631,,76,,1.0,,Cannot find cue bottom
sec6-res-util-pool-c4m2,,550,,pool,,4,,565,,634,,79,,1.0,,Cannot find cue top
sec6-res-util-pool-c4m2,,553,,pool,,4,,565,,710,,240,,4.99600361081e-17,,Cannot find cue top
sec6-res-util-pool-c4m2,,561,,pool,,4,,575,,757,,202,,1.88052312205e-12,,Cannot find cue bottom
sec6-res-util-pool-c4m2,,568,,pool,,4,,584,,640,,86,,1.0,,Cannot find cue ball
sec6-res-util-pool-c4m2,,572,,pool,,4,,567,,621,,67,,1.0,,Cannot find cue ball
sec6-res-util-pool-c4m2,,575,,pool,,4,,567,,626,,72,,1.0,,Cannot find cue bottom
sec6-res-util-pool-c4m2,,578,,pool,,4,,570,,705,,151,,2.60189992878e-06,,Cannot find cue bottom
sec6-res-util-pool-c4m2,,583,,pool,,4,,590,,833,,375,,2.77333911992e-33,,Cannot find cue bottom
