sec6-res-util-lego-c2m2,,3160,,lego,,6,,648,,745,,168,,1.0,,Cannot find a large enough foreground near the center of board
sec6-res-util-lego-c2m2,,3165,,lego,,6,,661,,750,,172,,1.0,,Cannot find a large enough foreground near the center of board
sec6-res-util-lego-c2m2,,3171,,lego,,6,,646,,753,,204,,1.0,,Cannot find a large enough foreground near the center of board
sec6-res-util-lego-c2m2,,3178,,lego,,6,,590,,701,,124,,1.0,,Cannot find a large enough foreground near the center of board
sec6-res-util-lego-c2m2,,3182,,lego,,6,,589,,721,,145,,1.0,,Cannot find a large enough foreground near the center of board
sec6-res-util-lego-c2m2,,3188,,lego,,6,,690,,783,,205,,1.0,,Cannot find a large enough foreground near the center of board
sec6-res-util-lego-c2m2,,3195,,lego,,6,,707,,854,,319,,1.0,,Cannot find a large enough foreground near the center of board
sec6-res-util-lego-c2m2,,3205,,lego,,6,,589,,678,,99,,1.0,,Cannot find a large enough foreground near the center of board
sec6-res-util-lego-c2m2,,3209,,lego,,6,,634,,727,,149,,1.0,,Cannot find a large enough foreground near the center of board
sec6-res-util-lego-c2m2,,3214,,lego,,6,,595,,699,,121,,1.0,,Cannot find a large enough foreground near the center of board
sec6-res-util-lego-c2m2,,3219,,lego,,6,,613,,649,,70,,1.0,,Cannot locate board border, maybe not the full board is in the scene. Failed at stage 1
sec6-res-util-lego-c2m2,,3222,,lego,,6,,615,,649,,71,,1.0,,Cannot locate board border, maybe not the full board is in the scene. Failed at stage 1
sec6-res-util-lego-c2m2,,3225,,lego,,6,,638,,672,,115,,1.0,,Cannot locate board border, maybe not the full board is in the scene. Failed at stage 1
sec6-res-util-lego-c2m2,,3229,,lego,,6,,651,,687,,108,,1.0,,Cannot locate board border, maybe not the full board is in the scene. Failed at stage 1
sec6-res-util-lego-c2m2,,3233,,lego,,6,,659,,725,,146,,1.0,,Cannot locate board border, maybe not the full board is in the scene. Failed at stage 1
sec6-res-util-lego-c2m2,,3238,,lego,,6,,701,,752,,173,,1.0,,Cannot locate board border, maybe not the full board is in the scene. Failed at stage 1
sec6-res-util-lego-c2m2,,3244,,lego,,6,,597,,647,,69,,1.0,,Cannot locate board border, maybe not the full board is in the scene. Failed at stage 1
sec6-res-util-lego-c2m2,,3247,,lego,,6,,690,,765,,187,,1.0,,Cannot locate board border, maybe not the full board is in the scene. Failed at stage 1
sec6-res-util-lego-c2m2,,3254,,lego,,6,,588,,622,,43,,1.0,,Cannot locate board border, maybe not the full board is in the scene. Failed at stage 1
sec6-res-util-lego-c2m2,,3256,,lego,,6,,619,,673,,95,,1.0,,Cannot locate board border, maybe not the full board is in the scene. Failed at stage 1
sec6-res-util-lego-c2m2,,3260,,lego,,6,,661,,696,,118,,1.0,,Cannot locate board border, maybe not the full board is in the scene. Failed at stage 1
sec6-res-util-lego-c2m2,,3264,,lego,,6,,601,,635,,58,,1.0,,Cannot locate board border, maybe not the full board is in the scene. Failed at stage 1
sec6-res-util-lego-c2m2,,3266,,lego,,6,,597,,631,,53,,1.0,,Cannot locate board border, maybe not the full board is in the scene. Failed at stage 1
sec6-res-util-lego-c2m2,,3269,,lego,,6,,596,,649,,72,,1.0,,Cannot locate board border, maybe not the full board is in the scene. Failed at stage 1
sec6-res-util-lego-c2m2,,3272,,lego,,6,,628,,663,,84,,1.0,,Cannot locate board border, maybe not the full board is in the scene. Failed at stage 1
sec6-res-util-lego-c2m2,,3276,,lego,,6,,587,,625,,47,,1.0,,Cannot locate board border, maybe not the full board is in the scene. Failed at stage 1
sec6-res-util-lego-c2m2,,3278,,lego,,6,,1064,,1143,,617,,0.999999999571,,Cannot locate board border, maybe not the full board is in the scene. Failed at stage 1
sec6-res-util-lego-c2m2,,3297,,lego,,6,,1006,,1715,,1193,,0.999364169152,,Not confident about reconstruction, maybe too much noise
sec6-res-util-lego-c2m2,,3334,,lego,,6,,759,,1349,,882,,0.999967482342,,Not confident about reconstruction, maybe too much noise
sec6-res-util-lego-c2m2,,3362,,lego,,6,,921,,1607,,1082,,0.999722469336,,Not confident about reconstruction, maybe too much noise
sec6-res-util-lego-c2m2,,3396,,lego,,6,,646,,1344,,789,,0.999993439,,Not confident about reconstruction, maybe too much noise
sec6-res-util-lego-c2m2,,3420,,lego,,6,,591,,1135,,580,,1.0,,Not confident about reconstruction, maybe too much noise
sec6-res-util-lego-c2m2,,3438,,lego,,6,,590,,1171,,676,,0.999999828455,,Not confident about reconstruction, maybe too much noise
sec6-res-util-lego-c2m2,,3460,,lego,,6,,590,,1189,,681,,0.999999778658,,Not confident about reconstruction, maybe too much noise
sec6-res-util-lego-c2m2,,3482,,lego,,6,,595,,646,,69,,1.0,,Cannot locate board border, maybe not the full board is in the scene. Failed at stage 1
sec6-res-util-lego-c2m2,,3484,,lego,,6,,590,,633,,55,,1.0,,Cannot locate board border, maybe not the full board is in the scene. Failed at stage 1
sec6-res-util-lego-c2m2,,3487,,lego,,6,,590,,641,,63,,1.0,,Cannot locate board border, maybe not the full board is in the scene. Failed at stage 1
sec6-res-util-lego-c2m2,,3490,,lego,,6,,590,,642,,65,,1.0,,Cannot locate board border, maybe not the full board is in the scene. Failed at stage 1
sec6-res-util-lego-c2m2,,3493,,lego,,6,,597,,651,,73,,1.0,,Cannot locate board border, maybe not the full board is in the scene. Failed at stage 1
sec6-res-util-lego-c2m2,,3496,,lego,,6,,590,,642,,65,,1.0,,Cannot locate board border, maybe not the full board is in the scene. Failed at stage 1
sec6-res-util-lego-c2m2,,3499,,lego,,6,,593,,648,,71,,1.0,,Cannot locate board border, maybe not the full board is in the scene. Failed at stage 1
sec6-res-util-lego-c2m2,,3502,,lego,,6,,590,,656,,79,,1.0,,Cannot locate board border, maybe not the full board is in the scene. Failed at stage 1
sec6-res-util-lego-c2m2,,3505,,lego,,6,,590,,748,,169,,1.0,,Cannot find a large enough foreground near the center of board
sec6-res-util-lego-c2m2,,3511,,lego,,6,,590,,649,,71,,1.0,,Cannot locate board border, maybe not the full board is in the scene. Failed at stage 1
sec6-res-util-lego-c2m2,,3728,,lego,,6,,596,,654,,77,,1.0,,Cannot locate board border, maybe not the full board is in the scene. Failed at stage 1
sec6-res-util-lego-c2m2,,3731,,lego,,6,,698,,784,,207,,1.0,,Cannot find a large enough foreground near the center of board
sec6-res-util-lego-c2m2,,3738,,lego,,6,,695,,811,,334,,1.0,,Cannot find a large enough foreground near the center of board
sec6-res-util-lego-c2m2,,3749,,lego,,6,,1121,,1276,,788,,0.999993576759,,Cannot find a large enough foreground near the center of board
sec6-res-util-lego-c2m2,,3773,,lego,,6,,1129,,1267,,785,,0.999993977043,,Cannot find a large enough foreground near the center of board
sec6-res-util-lego-c2m2,,3798,,lego,,6,,590,,669,,91,,1.0,,Cannot find a large enough foreground near the center of board
sec6-res-util-lego-c2m2,,3802,,lego,,6,,604,,692,,114,,1.0,,Cannot find a large enough foreground near the center of board
sec6-res-util-lego-c2m2,,3806,,lego,,6,,766,,876,,314,,1.0,,Cannot find a large enough foreground near the center of board
sec6-res-util-lego-c2m2,,3816,,lego,,6,,787,,879,,379,,1.0,,Cannot find a large enough foreground near the center of board
sec6-res-util-lego-c2m2,,3829,,lego,,6,,635,,714,,136,,1.0,,Cannot find a large enough foreground near the center of board
sec6-res-util-lego-c2m2,,3834,,lego,,6,,618,,658,,80,,1.0,,Cannot locate board border, maybe not the full board is in the scene. Failed at stage 1
sec6-res-util-lego-c2m2,,3837,,lego,,6,,590,,628,,50,,1.0,,Cannot locate board border, maybe not the full board is in the scene. Failed at stage 1
sec6-res-util-lego-c2m2,,3839,,lego,,6,,1107,,1155,,637,,0.999999990363,,Cannot locate board border, maybe not the full board is in the scene. Failed at stage 1
sec6-res-util-lego-c2m2,,3860,,lego,,6,,590,,638,,60,,1.0,,Cannot locate board border, maybe not the full board is in the scene. Failed at stage 1
sec6-res-util-lego-c2m2,,3862,,lego,,6,,590,,626,,50,,1.0,,Cannot locate board border, maybe not the full board is in the scene. Failed at stage 1
sec6-res-util-lego-c2m2,,3864,,lego,,6,,591,,632,,54,,1.0,,Cannot locate board border, maybe not the full board is in the scene. Failed at stage 1
sec6-res-util-lego-c2m2,,3867,,lego,,6,,602,,1175,,635,,0.999999992284,,Not confident about reconstruction, maybe too much noise
sec6-res-util-lego-c2m2,,3887,,lego,,6,,629,,1243,,683,,0.999999755975,,Not confident about reconstruction, maybe too much noise
sec6-res-util-lego-c2m2,,3909,,lego,,6,,611,,1214,,671,,0.999999869336,,[[0 2 2 2]
 [0 2 1 1]
 [0 2 1 6]
 [2 2 2 2]]
sec6-res-util-lego-c2m2,,3930,,lego,,6,,591,,1179,,677,,0.999999819247,,Not confident about reconstruction, maybe too much noise
sec6-res-util-lego-c2m2,,3952,,lego,,6,,591,,1116,,584,,1.0,,Not confident about reconstruction, maybe too much noise
sec6-res-util-lego-c2m2,,3970,,lego,,6,,590,,1090,,571,,1.0,,Not confident about reconstruction, maybe too much noise
sec6-res-util-lego-c2m2,,3988,,lego,,6,,590,,1084,,506,,1.0,,Not confident about reconstruction, maybe too much noise
sec6-res-util-lego-c2m2,,4005,,lego,,6,,592,,1156,,651,,0.999999965214,,Not confident about reconstruction, maybe too much noise
sec6-res-util-lego-c2m2,,4025,,lego,,6,,590,,1153,,675,,0.999999837307,,Not confident about reconstruction, maybe too much noise
sec6-res-util-lego-c2m2,,4047,,lego,,6,,641,,1304,,791,,0.999993156846,,Not confident about reconstruction, maybe too much noise
sec6-res-util-lego-c2m2,,4071,,lego,,6,,615,,1215,,683,,0.999999755975,,[[0 6 6 2]
 [0 6 1 1]
 [0 6 1 6]
 [6 6 6 6]]
sec6-res-util-lego-c2m2,,9,,lego,,6,,592,,695,,117,,1.0,,Cannot find a large enough foreground near the center of board
sec6-res-util-lego-c2m2,,13,,lego,,6,,621,,704,,127,,1.0,,Cannot find a large enough foreground near the center of board
sec6-res-util-lego-c2m2,,18,,lego,,6,,604,,699,,120,,1.0,,Cannot find a large enough foreground near the center of board
sec6-res-util-lego-c2m2,,22,,lego,,6,,630,,739,,160,,1.0,,Cannot find a large enough foreground near the center of board
sec6-res-util-lego-c2m2,,28,,lego,,6,,629,,736,,157,,1.0,,Cannot find a large enough foreground near the center of board
sec6-res-util-lego-c2m2,,34,,lego,,6,,632,,719,,141,,1.0,,Cannot find a large enough foreground near the center of board
sec6-res-util-lego-c2m2,,39,,lego,,6,,619,,708,,195,,1.0,,Cannot find a large enough foreground near the center of board
sec6-res-util-lego-c2m2,,46,,lego,,6,,589,,673,,95,,1.0,,Cannot find a large enough foreground near the center of board
sec6-res-util-lego-c2m2,,49,,lego,,6,,1055,,1157,,665,,0.999999908214,,Cannot find a large enough foreground near the center of board
sec6-res-util-lego-c2m2,,70,,lego,,6,,1115,,1249,,689,,0.999999677386,,Cannot find a large enough foreground near the center of board
sec6-res-util-lego-c2m2,,92,,lego,,6,,1142,,1248,,681,,0.999999778658,,Cannot find a large enough foreground near the center of board
sec6-res-util-lego-c2m2,,113,,lego,,6,,1209,,1326,,787,,0.999993712337,,Cannot find a large enough foreground near the center of board
sec6-res-util-lego-c2m2,,138,,lego,,6,,1099,,1170,,684,,0.999999744,,Cannot locate board border, maybe not the full board is in the scene. Failed at stage 1
sec6-res-util-lego-c2m2,,159,,lego,,6,,751,,804,,279,,1.0,,Cannot locate board border, maybe not the full board is in the scene. Failed at stage 1
sec6-res-util-lego-c2m2,,169,,lego,,6,,632,,667,,88,,1.0,,Cannot locate board border, maybe not the full board is in the scene. Failed at stage 1
sec6-res-util-lego-c2m2,,172,,lego,,6,,645,,709,,130,,1.0,,Cannot locate board border, maybe not the full board is in the scene. Failed at stage 1
sec6-res-util-lego-c2m2,,177,,lego,,6,,589,,655,,76,,1.0,,Cannot locate board border, maybe not the full board is in the scene. Failed at stage 1
sec6-res-util-lego-c2m2,,180,,lego,,6,,589,,1198,,711,,0.999999219425,,[[2 2 2 2]]
sec6-res-util-lego-c2m2,,202,,lego,,6,,589,,1162,,672,,0.999999861818,,[[2 2 2 2]]
sec6-res-util-lego-c2m2,,224,,lego,,6,,590,,1222,,678,,0.999999809673,,[[2 2 2 2]]
sec6-res-util-lego-c2m2,,245,,lego,,6,,591,,1218,,685,,0.99999973159,,[[2 2 2 2]]
sec6-res-util-lego-c2m2,,267,,lego,,6,,601,,1272,,784,,0.999994106217,,[[2 2 2 2]]!!State Change!!
sec6-res-util-lego-c2m2,,300,,lego,,6,,597,,1167,,685,,0.99999973159,,[[2 2 2 2]]
sec6-res-util-lego-c2m2,,333,,lego,,6,,596,,1156,,615,,0.99999999974,,[[2 2 2 2]]
sec6-res-util-lego-c2m2,,365,,lego,,6,,596,,1127,,581,,1.0,,[[2 2 2 2]]
sec6-res-util-lego-c2m2,,497,,lego,,6,,646,,691,,114,,1.0,,Cannot locate board border, maybe not the full board is in the scene. Failed at stage 1
sec6-res-util-lego-c2m2,,509,,lego,,6,,629,,662,,96,,1.0,,Cannot locate board border, maybe not the full board is in the scene. Failed at stage 1
sec6-res-util-lego-c2m2,,519,,lego,,6,,629,,688,,110,,1.0,,Cannot locate board border, maybe not the full board is in the scene. Failed at stage 1
sec6-res-util-lego-c2m2,,528,,lego,,6,,656,,707,,128,,1.0,,Cannot locate board border, maybe not the full board is in the scene. Failed at stage 1
sec6-res-util-lego-c2m2,,536,,lego,,6,,644,,698,,120,,1.0,,Cannot locate board border, maybe not the full board is in the scene. Failed at stage 1
sec6-res-util-lego-c2m2,,543,,lego,,6,,627,,671,,93,,1.0,,Cannot locate board border, maybe not the full board is in the scene. Failed at stage 1
sec6-res-util-lego-c2m2,,549,,lego,,6,,626,,668,,173,,1.0,,Cannot locate board border, maybe not the full board is in the scene. Failed at stage 1
sec6-res-util-lego-c2m2,,556,,lego,,6,,642,,675,,97,,1.0,,Cannot locate board border, maybe not the full board is in the scene. Failed at stage 1
sec6-res-util-lego-c2m2,,561,,lego,,6,,589,,639,,61,,1.0,,Cannot locate board border, maybe not the full board is in the scene. Failed at stage 1
sec6-res-util-lego-c2m2,,567,,lego,,6,,602,,650,,109,,1.0,,Cannot locate board border, maybe not the full board is in the scene. Failed at stage 1
sec6-res-util-lego-c2m2,,571,,lego,,6,,592,,640,,73,,1.0,,Cannot locate board border, maybe not the full board is in the scene. Failed at stage 1
sec6-res-util-lego-c2m2,,576,,lego,,6,,651,,685,,107,,1.0,,Cannot locate board border, maybe not the full board is in the scene. Failed at stage 1
sec6-res-util-lego-c2m2,,580,,lego,,6,,653,,686,,108,,1.0,,Cannot locate board border, maybe not the full board is in the scene. Failed at stage 1
sec6-res-util-lego-c2m2,,584,,lego,,6,,641,,691,,112,,1.0,,Cannot locate board border, maybe not the full board is in the scene. Failed at stage 1
sec6-res-util-lego-c2m2,,588,,lego,,6,,592,,646,,68,,1.0,,Cannot locate board border, maybe not the full board is in the scene. Failed at stage 1
sec6-res-util-lego-c2m2,,591,,lego,,6,,590,,656,,77,,1.0,,Cannot locate board border, maybe not the full board is in the scene. Failed at stage 1
sec6-res-util-lego-c2m2,,595,,lego,,6,,594,,644,,66,,1.0,,Cannot locate board border, maybe not the full board is in the scene. Failed at stage 1
sec6-res-util-lego-c2m2,,598,,lego,,6,,590,,630,,51,,1.0,,Cannot locate board border, maybe not the full board is in the scene. Failed at stage 1
sec6-res-util-lego-c2m2,,601,,lego,,6,,592,,634,,56,,1.0,,Cannot locate board border, maybe not the full board is in the scene. Failed at stage 1
sec6-res-util-lego-c2m2,,604,,lego,,6,,590,,633,,54,,1.0,,Cannot locate board border, maybe not the full board is in the scene. Failed at stage 1
sec6-res-util-lego-c2m2,,606,,lego,,6,,592,,644,,66,,1.0,,Cannot locate board border, maybe not the full board is in the scene. Failed at stage 1
sec6-res-util-lego-c2m2,,609,,lego,,6,,589,,638,,60,,1.0,,Cannot locate board border, maybe not the full board is in the scene. Failed at stage 1
sec6-res-util-lego-c2m2,,612,,lego,,6,,590,,639,,60,,1.0,,Cannot locate board border, maybe not the full board is in the scene. Failed at stage 1
sec6-res-util-lego-c2m2,,615,,lego,,6,,591,,631,,53,,1.0,,Cannot locate board border, maybe not the full board is in the scene. Failed at stage 1
sec6-res-util-lego-c2m2,,617,,lego,,6,,589,,628,,50,,1.0,,Cannot locate board border, maybe not the full board is in the scene. Failed at stage 1
sec6-res-util-lego-c2m2,,620,,lego,,6,,590,,631,,53,,1.0,,Cannot locate board border, maybe not the full board is in the scene. Failed at stage 1
sec6-res-util-lego-c2m2,,622,,lego,,6,,590,,627,,49,,1.0,,Cannot locate board border, maybe not the full board is in the scene. Failed at stage 1
sec6-res-util-lego-c2m2,,625,,lego,,6,,588,,622,,45,,1.0,,Cannot locate board border, maybe not the full board is in the scene. Failed at stage 1
sec6-res-util-lego-c2m2,,627,,lego,,6,,589,,624,,45,,1.0,,Cannot locate board border, maybe not the full board is in the scene. Failed at stage 1
sec6-res-util-lego-c2m2,,629,,lego,,6,,589,,624,,45,,1.0,,Cannot locate board border, maybe not the full board is in the scene. Failed at stage 1
sec6-res-util-lego-c2m2,,631,,lego,,6,,586,,623,,45,,1.0,,Cannot locate board border, maybe not the full board is in the scene. Failed at stage 1
sec6-res-util-lego-c2m2,,633,,lego,,6,,589,,631,,52,,1.0,,Cannot locate board border, maybe not the full board is in the scene. Failed at stage 1
sec6-res-util-lego-c2m2,,636,,lego,,6,,589,,626,,49,,1.0,,Cannot locate board border, maybe not the full board is in the scene. Failed at stage 1
sec6-res-util-lego-c2m2,,638,,lego,,6,,590,,645,,67,,1.0,,Cannot locate board border, maybe not the full board is in the scene. Failed at stage 1
sec6-res-util-lego-c2m2,,641,,lego,,6,,590,,646,,67,,1.0,,Cannot locate board border, maybe not the full board is in the scene. Failed at stage 1
sec6-res-util-lego-c2m2,,644,,lego,,6,,590,,644,,66,,1.0,,Cannot locate board border, maybe not the full board is in the scene. Failed at stage 1
sec6-res-util-lego-c2m2,,647,,lego,,6,,592,,634,,56,,1.0,,Cannot locate board border, maybe not the full board is in the scene. Failed at stage 1
sec6-res-util-lego-c2m2,,650,,lego,,6,,612,,659,,81,,1.0,,Cannot locate board border, maybe not the full board is in the scene. Failed at stage 1
sec6-res-util-lego-c2m2,,653,,lego,,6,,601,,639,,60,,1.0,,Cannot locate board border, maybe not the full board is in the scene. Failed at stage 1
sec6-res-util-lego-c2m2,,656,,lego,,6,,591,,1108,,628,,0.99999999684,,[[0 0 1 0]
 [2 2 2 2]]
sec6-res-util-lego-c2m2,,676,,lego,,6,,611,,1129,,583,,1.0,,[[0 0 1 0]
 [2 2 2 2]]
sec6-res-util-lego-c2m2,,694,,lego,,6,,611,,1136,,584,,1.0,,[[0 0 1 0]
 [2 2 2 2]]
sec6-res-util-lego-c2m2,,712,,lego,,6,,592,,1250,,685,,0.99999973159,,[[0 0 1 0]
 [2 2 2 2]]
sec6-res-util-lego-c2m2,,734,,lego,,6,,684,,1316,,776,,0.999995066291,,[[0 0 1 0]
 [2 2 2 2]]!!State Change!!
sec6-res-util-lego-c2m2,,768,,lego,,6,,720,,1397,,881,,0.999967941138,,[[0 0 1 0]
 [2 2 2 2]]
sec6-res-util-lego-c2m2,,800,,lego,,6,,598,,1173,,704,,0.999999398472,,[[0 0 1 0]
 [2 2 2 2]]
sec6-res-util-lego-c2m2,,914,,lego,,6,,596,,650,,73,,1.0,,Cannot locate board border, maybe not the full board is in the scene. Failed at stage 1
sec6-res-util-lego-c2m2,,934,,lego,,6,,597,,655,,78,,1.0,,Cannot locate board border, maybe not the full board is in the scene. Failed at stage 1
sec6-res-util-lego-c2m2,,950,,lego,,6,,609,,652,,74,,1.0,,Cannot locate board border, maybe not the full board is in the scene. Failed at stage 1
sec6-res-util-lego-c2m2,,964,,lego,,6,,597,,637,,58,,1.0,,Cannot locate board border, maybe not the full board is in the scene. Failed at stage 1
sec6-res-util-lego-c2m2,,975,,lego,,6,,598,,645,,67,,1.0,,Cannot locate board border, maybe not the full board is in the scene. Failed at stage 1
sec6-res-util-lego-c2m2,,986,,lego,,6,,663,,700,,121,,1.0,,Cannot locate board border, maybe not the full board is in the scene. Failed at stage 1
sec6-res-util-lego-c2m2,,994,,lego,,6,,592,,628,,49,,1.0,,Cannot locate board border, maybe not the full board is in the scene. Failed at stage 1
sec6-res-util-lego-c2m2,,1003,,lego,,6,,598,,649,,70,,1.0,,Cannot locate board border, maybe not the full board is in the scene. Failed at stage 1
sec6-res-util-lego-c2m2,,1010,,lego,,6,,589,,651,,72,,1.0,,Cannot locate board border, maybe not the full board is in the scene. Failed at stage 2
sec6-res-util-lego-c2m2,,1017,,lego,,6,,588,,623,,44,,1.0,,Cannot locate board border, maybe not the full board is in the scene. Failed at stage 1
sec6-res-util-lego-c2m2,,1023,,lego,,6,,652,,703,,134,,1.0,,Cannot locate board border, maybe not the full board is in the scene. Failed at stage 1
sec6-res-util-lego-c2m2,,1028,,lego,,6,,589,,641,,62,,1.0,,Cannot locate board border, maybe not the full board is in the scene. Failed at stage 1
sec6-res-util-lego-c2m2,,1033,,lego,,6,,589,,633,,55,,1.0,,Cannot locate board border, maybe not the full board is in the scene. Failed at stage 1
sec6-res-util-lego-c2m2,,1038,,lego,,6,,592,,634,,55,,1.0,,Cannot locate board border, maybe not the full board is in the scene. Failed at stage 1
sec6-res-util-lego-c2m2,,1043,,lego,,6,,615,,689,,110,,1.0,,Cannot locate board border, maybe not the full board is in the scene. Failed at stage 1
sec6-res-util-lego-c2m2,,1047,,lego,,6,,611,,653,,75,,1.0,,Cannot locate board border, maybe not the full board is in the scene. Failed at stage 1
sec6-res-util-lego-c2m2,,1052,,lego,,6,,618,,653,,75,,1.0,,Cannot locate board border, maybe not the full board is in the scene. Failed at stage 1
sec6-res-util-lego-c2m2,,1055,,lego,,6,,600,,634,,55,,1.0,,Cannot locate board border, maybe not the full board is in the scene. Failed at stage 1
sec6-res-util-lego-c2m2,,1059,,lego,,6,,588,,630,,51,,1.0,,Cannot locate board border, maybe not the full board is in the scene. Failed at stage 1
sec6-res-util-lego-c2m2,,1063,,lego,,6,,588,,645,,68,,1.0,,Cannot locate board border, maybe not the full board is in the scene. Failed at stage 1
sec6-res-util-lego-c2m2,,1066,,lego,,6,,592,,649,,70,,1.0,,Cannot locate board border, maybe not the full board is in the scene. Failed at stage 1
sec6-res-util-lego-c2m2,,1069,,lego,,6,,590,,634,,56,,1.0,,Cannot locate board border, maybe not the full board is in the scene. Failed at stage 1
sec6-res-util-lego-c2m2,,1071,,lego,,6,,589,,630,,52,,1.0,,Cannot locate board border, maybe not the full board is in the scene. Failed at stage 1
sec6-res-util-lego-c2m2,,1074,,lego,,6,,590,,641,,63,,1.0,,Cannot locate board border, maybe not the full board is in the scene. Failed at stage 1
sec6-res-util-lego-c2m2,,1077,,lego,,6,,588,,644,,65,,1.0,,Cannot locate board border, maybe not the full board is in the scene. Failed at stage 1
sec6-res-util-lego-c2m2,,1079,,lego,,6,,589,,657,,80,,1.0,,Cannot locate board border, maybe not the full board is in the scene. Failed at stage 1
sec6-res-util-lego-c2m2,,1083,,lego,,6,,590,,678,,99,,1.0,,Cannot find a large enough foreground near the center of board
sec6-res-util-lego-c2m2,,1087,,lego,,6,,588,,691,,185,,1.0,,Cannot find a large enough foreground near the center of board
sec6-res-util-lego-c2m2,,1093,,lego,,6,,592,,698,,120,,1.0,,Cannot find a large enough foreground near the center of board
sec6-res-util-lego-c2m2,,1098,,lego,,6,,589,,689,,111,,1.0,,Cannot find a large enough foreground near the center of board
sec6-res-util-lego-c2m2,,1102,,lego,,6,,589,,690,,112,,1.0,,Cannot find a large enough foreground near the center of board
sec6-res-util-lego-c2m2,,1106,,lego,,6,,590,,690,,112,,1.0,,Cannot find a large enough foreground near the center of board
sec6-res-util-lego-c2m2,,1111,,lego,,6,,588,,689,,202,,1.0,,Cannot find a large enough foreground near the center of board
sec6-res-util-lego-c2m2,,1118,,lego,,6,,611,,687,,109,,1.0,,Cannot find a large enough foreground near the center of board
sec6-res-util-lego-c2m2,,1122,,lego,,6,,589,,666,,87,,1.0,,Cannot find a large enough foreground near the center of board
sec6-res-util-lego-c2m2,,1126,,lego,,6,,589,,674,,96,,1.0,,Cannot find a large enough foreground near the center of board
sec6-res-util-lego-c2m2,,1129,,lego,,6,,591,,668,,89,,1.0,,Cannot find a large enough foreground near the center of board
sec6-res-util-lego-c2m2,,1133,,lego,,6,,589,,674,,96,,1.0,,Cannot find a large enough foreground near the center of board
sec6-res-util-lego-c2m2,,1137,,lego,,6,,588,,673,,149,,1.0,,Cannot find a large enough foreground near the center of board
sec6-res-util-lego-c2m2,,1142,,lego,,6,,588,,673,,94,,1.0,,Cannot find a large enough foreground near the center of board
sec6-res-util-lego-c2m2,,1146,,lego,,6,,589,,675,,96,,1.0,,Cannot find a large enough foreground near the center of board
sec6-res-util-lego-c2m2,,1150,,lego,,6,,588,,661,,82,,1.0,,Cannot find a large enough foreground near the center of board
sec6-res-util-lego-c2m2,,1154,,lego,,6,,588,,695,,116,,1.0,,Cannot find a large enough foreground near the center of board
sec6-res-util-lego-c2m2,,1158,,lego,,6,,588,,666,,87,,1.0,,Cannot find a large enough foreground near the center of board
sec6-res-util-lego-c2m2,,1162,,lego,,6,,590,,672,,94,,1.0,,Cannot find a large enough foreground near the center of board
sec6-res-util-lego-c2m2,,1165,,lego,,6,,595,,670,,92,,1.0,,Cannot find a large enough foreground near the center of board
sec6-res-util-lego-c2m2,,1169,,lego,,6,,609,,699,,120,,1.0,,Cannot find a large enough foreground near the center of board
sec6-res-util-lego-c2m2,,1174,,lego,,6,,594,,698,,161,,1.0,,Cannot find a large enough foreground near the center of board
sec6-res-util-lego-c2m2,,1179,,lego,,6,,588,,664,,85,,1.0,,Cannot find a large enough foreground near the center of board
sec6-res-util-lego-c2m2,,1183,,lego,,6,,588,,671,,92,,1.0,,Cannot find a large enough foreground near the center of board
sec6-res-util-lego-c2m2,,1186,,lego,,6,,616,,699,,120,,1.0,,Cannot find a large enough foreground near the center of board
sec6-res-util-lego-c2m2,,1191,,lego,,6,,594,,697,,119,,1.0,,Cannot find a large enough foreground near the center of board
sec6-res-util-lego-c2m2,,1195,,lego,,6,,591,,666,,87,,1.0,,Cannot find a large enough foreground near the center of board
sec6-res-util-lego-c2m2,,1199,,lego,,6,,617,,751,,173,,1.0,,Cannot find a large enough foreground near the center of board
sec6-res-util-lego-c2m2,,1205,,lego,,6,,605,,700,,121,,1.0,,Cannot find a large enough foreground near the center of board
sec6-res-util-lego-c2m2,,1210,,lego,,6,,624,,748,,169,,1.0,,Cannot find a large enough foreground near the center of board
sec6-res-util-lego-c2m2,,1216,,lego,,6,,588,,677,,98,,1.0,,Cannot find a large enough foreground near the center of board
sec6-res-util-lego-c2m2,,1220,,lego,,6,,1083,,1232,,764,,0.999996280383,,Cannot find a large enough foreground near the center of board
sec6-res-util-lego-c2m2,,1244,,lego,,6,,1002,,1152,,681,,0.999999778658,,Cannot find a large enough foreground near the center of board
sec6-res-util-lego-c2m2,,1265,,lego,,6,,1091,,1193,,685,,0.99999973159,,Cannot find a large enough foreground near the center of board
sec6-res-util-lego-c2m2,,1287,,lego,,6,,993,,1124,,585,,1.0,,Cannot find a large enough foreground near the center of board
sec6-res-util-lego-c2m2,,1305,,lego,,6,,590,,677,,98,,1.0,,Cannot find a large enough foreground near the center of board
sec6-res-util-lego-c2m2,,1309,,lego,,6,,655,,746,,167,,1.0,,Cannot find a large enough foreground near the center of board
sec6-res-util-lego-c2m2,,1315,,lego,,6,,652,,814,,258,,1.0,,Cannot find a large enough foreground near the center of board
sec6-res-util-lego-c2m2,,1324,,lego,,6,,590,,691,,112,,1.0,,Cannot find a large enough foreground near the center of board
sec6-res-util-lego-c2m2,,1328,,lego,,6,,634,,785,,206,,1.0,,Cannot find a large enough foreground near the center of board
sec6-res-util-lego-c2m2,,1335,,lego,,6,,609,,743,,164,,1.0,,Cannot find a large enough foreground near the center of board
sec6-res-util-lego-c2m2,,1341,,lego,,6,,594,,670,,91,,1.0,,Cannot find a large enough foreground near the center of board
sec6-res-util-lego-c2m2,,1345,,lego,,6,,593,,690,,111,,1.0,,Cannot find a large enough foreground near the center of board
sec6-res-util-lego-c2m2,,1349,,lego,,6,,619,,683,,104,,1.0,,Cannot locate board border, maybe not the full board is in the scene. Failed at stage 1
sec6-res-util-lego-c2m2,,1353,,lego,,6,,590,,671,,92,,1.0,,Cannot find a large enough foreground near the center of board
sec6-res-util-lego-c2m2,,1357,,lego,,6,,589,,658,,80,,1.0,,Cannot locate exact four board corners, probably because of occlusion
sec6-res-util-lego-c2m2,,1360,,lego,,6,,592,,673,,94,,1.0,,Cannot find a large enough foreground near the center of board
sec6-res-util-lego-c2m2,,1364,,lego,,6,,590,,685,,107,,1.0,,Cannot find a large enough foreground near the center of board
sec6-res-util-lego-c2m2,,1368,,lego,,6,,589,,667,,88,,1.0,,Cannot find a large enough foreground near the center of board
sec6-res-util-lego-c2m2,,1372,,lego,,6,,605,,703,,125,,1.0,,Cannot find a large enough foreground near the center of board
sec6-res-util-lego-c2m2,,1376,,lego,,6,,601,,694,,115,,1.0,,Cannot find a large enough foreground near the center of board
sec6-res-util-lego-c2m2,,1381,,lego,,6,,628,,728,,149,,1.0,,Cannot find a large enough foreground near the center of board
sec6-res-util-lego-c2m2,,1386,,lego,,6,,614,,707,,129,,1.0,,Cannot find a large enough foreground near the center of board
sec6-res-util-lego-c2m2,,1391,,lego,,6,,620,,693,,114,,1.0,,Cannot locate board border, maybe not the full board is in the scene. Failed at stage 1
sec6-res-util-lego-c2m2,,1395,,lego,,6,,589,,663,,84,,1.0,,Cannot locate board border, maybe not the full board is in the scene. Failed at stage 1
sec6-res-util-lego-c2m2,,1399,,lego,,6,,588,,627,,48,,1.0,,Cannot locate board border, maybe not the full board is in the scene. Failed at stage 1
sec6-res-util-lego-c2m2,,1401,,lego,,6,,587,,626,,48,,1.0,,Cannot locate board border, maybe not the full board is in the scene. Failed at stage 1
sec6-res-util-lego-c2m2,,1404,,lego,,6,,589,,624,,45,,1.0,,Cannot locate board border, maybe not the full board is in the scene. Failed at stage 1
sec6-res-util-lego-c2m2,,1406,,lego,,6,,590,,625,,48,,1.0,,Cannot locate board border, maybe not the full board is in the scene. Failed at stage 1
sec6-res-util-lego-c2m2,,1408,,lego,,6,,589,,625,,47,,1.0,,Cannot locate board border, maybe not the full board is in the scene. Failed at stage 1
sec6-res-util-lego-c2m2,,1411,,lego,,6,,607,,647,,68,,1.0,,Cannot locate board border, maybe not the full board is in the scene. Failed at stage 1
sec6-res-util-lego-c2m2,,1414,,lego,,6,,590,,626,,47,,1.0,,Cannot locate board border, maybe not the full board is in the scene. Failed at stage 1
sec6-res-util-lego-c2m2,,1416,,lego,,6,,588,,621,,42,,1.0,,Cannot locate board border, maybe not the full board is in the scene. Failed at stage 1
sec6-res-util-lego-c2m2,,1418,,lego,,6,,597,,638,,59,,1.0,,Cannot locate board border, maybe not the full board is in the scene. Failed at stage 1
sec6-res-util-lego-c2m2,,1421,,lego,,6,,588,,622,,43,,1.0,,Cannot locate board border, maybe not the full board is in the scene. Failed at stage 1
sec6-res-util-lego-c2m2,,1423,,lego,,6,,588,,637,,58,,1.0,,Cannot locate board border, maybe not the full board is in the scene. Failed at stage 1
sec6-res-util-lego-c2m2,,1426,,lego,,6,,588,,640,,59,,1.0,,Cannot locate board border, maybe not the full board is in the scene. Failed at stage 1
sec6-res-util-lego-c2m2,,1428,,lego,,6,,597,,669,,88,,1.0,,Cannot locate board border, maybe not the full board is in the scene. Failed at stage 1
sec6-res-util-lego-c2m2,,1431,,lego,,6,,609,,664,,83,,1.0,,Cannot locate board border, maybe not the full board is in the scene. Failed at stage 1
sec6-res-util-lego-c2m2,,1434,,lego,,6,,596,,654,,185,,1.0,,Cannot locate board border, maybe not the full board is in the scene. Failed at stage 1
sec6-res-util-lego-c2m2,,1440,,lego,,6,,587,,621,,54,,1.0,,Cannot locate board border, maybe not the full board is in the scene. Failed at stage 1
sec6-res-util-lego-c2m2,,1443,,lego,,6,,590,,621,,50,,1.0,,Cannot locate board border, maybe not the full board is in the scene. Failed at stage 1
sec6-res-util-lego-c2m2,,1445,,lego,,6,,595,,630,,61,,1.0,,Cannot locate board border, maybe not the full board is in the scene. Failed at stage 1
sec6-res-util-lego-c2m2,,1448,,lego,,6,,599,,632,,54,,1.0,,Cannot locate board border, maybe not the full board is in the scene. Failed at stage 1
sec6-res-util-lego-c2m2,,1451,,lego,,6,,608,,643,,64,,1.0,,Cannot locate board border, maybe not the full board is in the scene. Failed at stage 1
sec6-res-util-lego-c2m2,,1454,,lego,,6,,604,,639,,61,,1.0,,Cannot locate board border, maybe not the full board is in the scene. Failed at stage 1
sec6-res-util-lego-c2m2,,1456,,lego,,6,,605,,640,,61,,1.0,,Cannot locate board border, maybe not the full board is in the scene. Failed at stage 1
sec6-res-util-lego-c2m2,,1459,,lego,,6,,629,,669,,91,,1.0,,Cannot locate board border, maybe not the full board is in the scene. Failed at stage 1
sec6-res-util-lego-c2m2,,1463,,lego,,6,,614,,654,,76,,1.0,,Cannot locate board border, maybe not the full board is in the scene. Failed at stage 1
sec6-res-util-lego-c2m2,,1466,,lego,,6,,609,,655,,76,,1.0,,Cannot locate board border, maybe not the full board is in the scene. Failed at stage 1
sec6-res-util-lego-c2m2,,1469,,lego,,6,,604,,1276,,753,,0.99999718234,,Not confident about reconstruction, maybe too much noise
sec6-res-util-lego-c2m2,,1493,,lego,,6,,601,,1212,,691,,0.999999647395,,Not confident about reconstruction, maybe too much noise
sec6-res-util-lego-c2m2,,1514,,lego,,6,,626,,1215,,679,,0.999999799723,,Not confident about reconstruction, maybe too much noise
sec6-res-util-lego-c2m2,,1536,,lego,,6,,649,,1186,,675,,0.999999837307,,Not confident about reconstruction, maybe too much noise
sec6-res-util-lego-c2m2,,1557,,lego,,6,,733,,1368,,880,,0.999968395062,,Not confident about reconstruction, maybe too much noise
sec6-res-util-lego-c2m2,,1585,,lego,,6,,1076,,1737,,1200,,0.999333610995,,Not confident about reconstruction, maybe too much noise
sec6-res-util-lego-c2m2,,1622,,lego,,6,,1122,,1201,,684,,0.999999744,,Cannot locate board border, maybe not the full board is in the scene. Failed at stage 1
sec6-res-util-lego-c2m2,,1643,,lego,,6,,591,,639,,60,,1.0,,Cannot locate board border, maybe not the full board is in the scene. Failed at stage 1
sec6-res-util-lego-c2m2,,1646,,lego,,6,,603,,640,,61,,1.0,,Cannot locate board border, maybe not the full board is in the scene. Failed at stage 1
sec6-res-util-lego-c2m2,,1649,,lego,,6,,638,,704,,126,,1.0,,Cannot locate board border, maybe not the full board is in the scene. Failed at stage 1
sec6-res-util-lego-c2m2,,1653,,lego,,6,,648,,693,,114,,1.0,,Cannot locate board border, maybe not the full board is in the scene. Failed at stage 1
sec6-res-util-lego-c2m2,,1658,,lego,,6,,639,,1304,,814,,0.999989216049,,Not confident about reconstruction, maybe too much noise
sec6-res-util-lego-c2m2,,1683,,lego,,6,,744,,1354,,882,,0.999967482342,,Not confident about reconstruction, maybe too much noise
sec6-res-util-lego-c2m2,,1711,,lego,,6,,861,,936,,366,,1.0,,Cannot locate board border, maybe not the full board is in the scene. Failed at stage 1
sec6-res-util-lego-c2m2,,1723,,lego,,6,,621,,641,,62,,1.0,,Cannot locate board border, maybe not the full board is in the scene. Failed at stage 1
sec6-res-util-lego-c2m2,,1726,,lego,,6,,669,,718,,140,,1.0,,Cannot locate board border, maybe not the full board is in the scene. Failed at stage 1
sec6-res-util-lego-c2m2,,1731,,lego,,6,,589,,619,,40,,1.0,,Cannot locate board border, maybe not the full board is in the scene. Failed at stage 1
sec6-res-util-lego-c2m2,,1733,,lego,,6,,632,,694,,116,,1.0,,Cannot locate board border, maybe not the full board is in the scene. Failed at stage 1
sec6-res-util-lego-c2m2,,1737,,lego,,6,,652,,681,,103,,1.0,,Cannot locate board border, maybe not the full board is in the scene. Failed at stage 1
sec6-res-util-lego-c2m2,,1742,,lego,,6,,626,,653,,75,,1.0,,Cannot locate board border, maybe not the full board is in the scene. Failed at stage 1
sec6-res-util-lego-c2m2,,1745,,lego,,6,,625,,651,,72,,1.0,,Cannot locate board border, maybe not the full board is in the scene. Failed at stage 1
sec6-res-util-lego-c2m2,,1748,,lego,,6,,642,,698,,119,,1.0,,Cannot locate board border, maybe not the full board is in the scene. Failed at stage 1
sec6-res-util-lego-c2m2,,1752,,lego,,6,,589,,620,,41,,1.0,,Cannot locate board border, maybe not the full board is in the scene. Failed at stage 1
sec6-res-util-lego-c2m2,,1754,,lego,,6,,602,,624,,46,,1.0,,Cannot locate board border, maybe not the full board is in the scene. Failed at stage 1
sec6-res-util-lego-c2m2,,1757,,lego,,6,,608,,644,,65,,1.0,,Cannot locate board border, maybe not the full board is in the scene. Failed at stage 1
sec6-res-util-lego-c2m2,,1760,,lego,,6,,643,,691,,112,,1.0,,Cannot locate board border, maybe not the full board is in the scene. Failed at stage 1
sec6-res-util-lego-c2m2,,1764,,lego,,6,,622,,675,,96,,1.0,,Cannot locate board border, maybe not the full board is in the scene. Failed at stage 1
sec6-res-util-lego-c2m2,,1768,,lego,,6,,631,,668,,90,,1.0,,Cannot locate board border, maybe not the full board is in the scene. Failed at stage 1
sec6-res-util-lego-c2m2,,1771,,lego,,6,,641,,702,,123,,1.0,,Cannot locate board border, maybe not the full board is in the scene. Failed at stage 1
sec6-res-util-lego-c2m2,,1776,,lego,,6,,587,,646,,67,,1.0,,Cannot locate board border, maybe not the full board is in the scene. Failed at stage 1
sec6-res-util-lego-c2m2,,1779,,lego,,6,,595,,655,,76,,1.0,,Cannot locate board border, maybe not the full board is in the scene. Failed at stage 1
sec6-res-util-lego-c2m2,,1782,,lego,,6,,640,,678,,100,,1.0,,Cannot locate board border, maybe not the full board is in the scene. Failed at stage 1
sec6-res-util-lego-c2m2,,1786,,lego,,6,,590,,628,,49,,1.0,,Cannot locate board border, maybe not the full board is in the scene. Failed at stage 1
sec6-res-util-lego-c2m2,,1788,,lego,,6,,589,,652,,73,,1.0,,Cannot locate board border, maybe not the full board is in the scene. Failed at stage 2
sec6-res-util-lego-c2m2,,1791,,lego,,6,,589,,625,,47,,1.0,,Cannot locate board border, maybe not the full board is in the scene. Failed at stage 1
sec6-res-util-lego-c2m2,,1794,,lego,,6,,590,,628,,49,,1.0,,Cannot locate board border, maybe not the full board is in the scene. Failed at stage 1
sec6-res-util-lego-c2m2,,1796,,lego,,6,,590,,653,,74,,1.0,,Cannot locate board border, maybe not the full board is in the scene. Failed at stage 2
sec6-res-util-lego-c2m2,,1799,,lego,,6,,589,,626,,48,,1.0,,Cannot locate board border, maybe not the full board is in the scene. Failed at stage 1
sec6-res-util-lego-c2m2,,1802,,lego,,6,,590,,648,,71,,1.0,,Cannot locate board border, maybe not the full board is in the scene. Failed at stage 1
sec6-res-util-lego-c2m2,,1805,,lego,,6,,613,,653,,74,,1.0,,Cannot locate board border, maybe not the full board is in the scene. Failed at stage 1
sec6-res-util-lego-c2m2,,1808,,lego,,6,,599,,638,,59,,1.0,,Cannot locate board border, maybe not the full board is in the scene. Failed at stage 1
sec6-res-util-lego-c2m2,,1811,,lego,,6,,594,,632,,54,,1.0,,Cannot locate board border, maybe not the full board is in the scene. Failed at stage 1
sec6-res-util-lego-c2m2,,1813,,lego,,6,,620,,666,,88,,1.0,,Cannot locate board border, maybe not the full board is in the scene. Failed at stage 1
sec6-res-util-lego-c2m2,,1817,,lego,,6,,612,,652,,73,,1.0,,Cannot locate board border, maybe not the full board is in the scene. Failed at stage 1
sec6-res-util-lego-c2m2,,1820,,lego,,6,,592,,632,,54,,1.0,,Cannot locate board border, maybe not the full board is in the scene. Failed at stage 1
sec6-res-util-lego-c2m2,,1822,,lego,,6,,635,,672,,95,,1.0,,Cannot locate board border, maybe not the full board is in the scene. Failed at stage 1
sec6-res-util-lego-c2m2,,1826,,lego,,6,,617,,690,,111,,1.0,,Cannot locate board border, maybe not the full board is in the scene. Failed at stage 1
sec6-res-util-lego-c2m2,,1830,,lego,,6,,643,,682,,103,,1.0,,Cannot locate board border, maybe not the full board is in the scene. Failed at stage 1
sec6-res-util-lego-c2m2,,1834,,lego,,6,,620,,659,,80,,1.0,,Cannot locate board border, maybe not the full board is in the scene. Failed at stage 1
sec6-res-util-lego-c2m2,,1838,,lego,,6,,627,,692,,113,,1.0,,Cannot locate board border, maybe not the full board is in the scene. Failed at stage 1
sec6-res-util-lego-c2m2,,1842,,lego,,6,,594,,673,,94,,1.0,,Cannot locate board border, maybe not the full board is in the scene. Failed at stage 1
sec6-res-util-lego-c2m2,,1846,,lego,,6,,636,,679,,101,,1.0,,Cannot locate board border, maybe not the full board is in the scene. Failed at stage 1
sec6-res-util-lego-c2m2,,1850,,lego,,6,,629,,703,,125,,1.0,,Cannot locate board border, maybe not the full board is in the scene. Failed at stage 1
sec6-res-util-lego-c2m2,,1855,,lego,,6,,591,,656,,92,,1.0,,Cannot locate board border, maybe not the full board is in the scene. Failed at stage 1
sec6-res-util-lego-c2m2,,1858,,lego,,6,,629,,669,,91,,1.0,,Cannot locate board border, maybe not the full board is in the scene. Failed at stage 1
sec6-res-util-lego-c2m2,,1862,,lego,,6,,640,,709,,130,,1.0,,Cannot locate board border, maybe not the full board is in the scene. Failed at stage 1
sec6-res-util-lego-c2m2,,1867,,lego,,6,,685,,773,,194,,1.0,,Cannot locate board border, maybe not the full board is in the scene. Failed at stage 1
sec6-res-util-lego-c2m2,,1874,,lego,,6,,694,,1333,,789,,0.999993439,,Not confident about reconstruction, maybe too much noise
sec6-res-util-lego-c2m2,,1898,,lego,,6,,671,,737,,158,,1.0,,Cannot locate board border, maybe not the full board is in the scene. Failed at stage 2
sec6-res-util-lego-c2m2,,1904,,lego,,6,,599,,1276,,794,,0.999992716674,,[[0 0 1 6]
 [2 2 2 2]]
sec6-res-util-lego-c2m2,,1929,,lego,,6,,596,,1295,,785,,0.999993977043,,Not confident about reconstruction, maybe too much noise
sec6-res-util-lego-c2m2,,1953,,lego,,6,,589,,1152,,676,,0.999999828455,,Not confident about reconstruction, maybe too much noise
sec6-res-util-lego-c2m2,,1975,,lego,,6,,591,,655,,77,,1.0,,Cannot locate board border, maybe not the full board is in the scene. Failed at stage 1
sec6-res-util-lego-c2m2,,1978,,lego,,6,,742,,844,,373,,1.0,,Cannot locate board border, maybe not the full board is in the scene. Failed at stage 1
sec6-res-util-lego-c2m2,,1990,,lego,,6,,928,,1621,,1084,,0.999717834269,,Not confident about reconstruction, maybe too much noise
sec6-res-util-lego-c2m2,,2024,,lego,,6,,675,,805,,266,,1.0,,Cannot locate exact four board corners, probably because of occlusion
sec6-res-util-lego-c2m2,,2033,,lego,,6,,628,,1237,,791,,0.999993156846,,Not confident about reconstruction, maybe too much noise
sec6-res-util-lego-c2m2,,2058,,lego,,6,,1049,,1661,,1093,,0.999696254048,,[[0 0 1 6]
 [2 2 2 2]]
sec6-res-util-lego-c2m2,,2092,,lego,,6,,776,,917,,395,,1.0,,Cannot find a large enough foreground near the center of board
sec6-res-util-lego-c2m2,,2104,,lego,,6,,876,,988,,499,,1.0,,Cannot find a large enough foreground near the center of board
sec6-res-util-lego-c2m2,,2119,,lego,,6,,691,,804,,294,,1.0,,Cannot find a large enough foreground near the center of board
sec6-res-util-lego-c2m2,,2128,,lego,,6,,950,,1047,,498,,1.0,,Cannot find a large enough foreground near the center of board
sec6-res-util-lego-c2m2,,2144,,lego,,6,,724,,826,,291,,1.0,,Cannot find a large enough foreground near the center of board
sec6-res-util-lego-c2m2,,2153,,lego,,6,,913,,997,,480,,1.0,,Cannot find a large enough foreground near the center of board
sec6-res-util-lego-c2m2,,2168,,lego,,6,,725,,825,,275,,1.0,,Cannot find a large enough foreground near the center of board
sec6-res-util-lego-c2m2,,2178,,lego,,6,,613,,703,,123,,1.0,,Cannot find a large enough foreground near the center of board
sec6-res-util-lego-c2m2,,2182,,lego,,6,,724,,862,,324,,1.0,,Cannot find a large enough foreground near the center of board
sec6-res-util-lego-c2m2,,2193,,lego,,6,,715,,807,,277,,1.0,,Cannot find a large enough foreground near the center of board
sec6-res-util-lego-c2m2,,2202,,lego,,6,,655,,742,,164,,1.0,,Cannot locate board border, maybe not the full board is in the scene. Failed at stage 1
sec6-res-util-lego-c2m2,,2208,,lego,,6,,592,,653,,74,,1.0,,Cannot locate board border, maybe not the full board is in the scene. Failed at stage 1
sec6-res-util-lego-c2m2,,2211,,lego,,6,,599,,634,,55,,1.0,,Cannot locate board border, maybe not the full board is in the scene. Failed at stage 1
sec6-res-util-lego-c2m2,,2214,,lego,,6,,631,,692,,113,,1.0,,Cannot locate board border, maybe not the full board is in the scene. Failed at stage 1
sec6-res-util-lego-c2m2,,2218,,lego,,6,,726,,764,,186,,1.0,,Cannot locate board border, maybe not the full board is in the scene. Failed at stage 1
sec6-res-util-lego-c2m2,,2225,,lego,,6,,691,,732,,153,,1.0,,Cannot locate board border, maybe not the full board is in the scene. Failed at stage 1
sec6-res-util-lego-c2m2,,2230,,lego,,6,,653,,742,,163,,1.0,,Cannot locate board border, maybe not the full board is in the scene. Failed at stage 1
sec6-res-util-lego-c2m2,,2236,,lego,,6,,589,,648,,69,,1.0,,Cannot locate board border, maybe not the full board is in the scene. Failed at stage 1
sec6-res-util-lego-c2m2,,2239,,lego,,6,,592,,651,,73,,1.0,,Cannot locate board border, maybe not the full board is in the scene. Failed at stage 1
sec6-res-util-lego-c2m2,,2242,,lego,,6,,589,,628,,48,,1.0,,Cannot locate board border, maybe not the full board is in the scene. Failed at stage 1
sec6-res-util-lego-c2m2,,2245,,lego,,6,,590,,645,,66,,1.0,,Cannot locate board border, maybe not the full board is in the scene. Failed at stage 1
sec6-res-util-lego-c2m2,,2248,,lego,,6,,590,,624,,45,,1.0,,Cannot locate board border, maybe not the full board is in the scene. Failed at stage 1
sec6-res-util-lego-c2m2,,2250,,lego,,6,,591,,626,,48,,1.0,,Cannot locate board border, maybe not the full board is in the scene. Failed at stage 1
sec6-res-util-lego-c2m2,,2252,,lego,,6,,590,,625,,358,,1.0,,Cannot locate board border, maybe not the full board is in the scene. Failed at stage 1
sec6-res-util-lego-c2m2,,2264,,lego,,6,,636,,676,,107,,1.0,,Cannot locate board border, maybe not the full board is in the scene. Failed at stage 1
sec6-res-util-lego-c2m2,,2268,,lego,,6,,627,,1291,,753,,0.99999718234,,Not confident about reconstruction, maybe too much noise
sec6-res-util-lego-c2m2,,2291,,lego,,6,,657,,1264,,775,,0.999995177469,,[[0 0 1 1]
 [0 0 1 6]
 [2 2 2 2]]
sec6-res-util-lego-c2m2,,2316,,lego,,6,,592,,1163,,676,,0.999999828455,,[[0 0 1 1]
 [0 0 1 6]
 [2 2 2 2]]
sec6-res-util-lego-c2m2,,2337,,lego,,6,,592,,1132,,583,,1.0,,[[0 0 1 1]
 [0 0 1 6]
 [2 2 2 2]]
sec6-res-util-lego-c2m2,,2356,,lego,,6,,591,,1257,,783,,0.999994233302,,Not confident about reconstruction, maybe too much noise
sec6-res-util-lego-c2m2,,2381,,lego,,6,,649,,1307,,730,,0.999998531425,,[[0 0 1 1]
 [0 0 1 6]
 [2 2 2 2]]
sec6-res-util-lego-c2m2,,2403,,lego,,6,,654,,1259,,738,,0.99999813517,,Not confident about reconstruction, maybe too much noise
sec6-res-util-lego-c2m2,,2427,,lego,,6,,646,,1272,,779,,0.999994721203,,Not confident about reconstruction, maybe too much noise
sec6-res-util-lego-c2m2,,2527,,lego,,6,,665,,728,,150,,1.0,,Cannot locate board border, maybe not the full board is in the scene. Failed at stage 1
sec6-res-util-lego-c2m2,,2532,,lego,,6,,589,,620,,41,,1.0,,Cannot locate board border, maybe not the full board is in the scene. Failed at stage 1
sec6-res-util-lego-c2m2,,2534,,lego,,6,,634,,689,,109,,1.0,,Cannot locate board border, maybe not the full board is in the scene. Failed at stage 1
sec6-res-util-lego-c2m2,,2538,,lego,,6,,595,,656,,77,,1.0,,Cannot locate board border, maybe not the full board is in the scene. Failed at stage 1
sec6-res-util-lego-c2m2,,2541,,lego,,6,,596,,639,,60,,1.0,,Cannot locate board border, maybe not the full board is in the scene. Failed at stage 1
sec6-res-util-lego-c2m2,,2544,,lego,,6,,596,,646,,67,,1.0,,Cannot locate board border, maybe not the full board is in the scene. Failed at stage 1
sec6-res-util-lego-c2m2,,2547,,lego,,6,,604,,683,,104,,1.0,,Cannot locate board border, maybe not the full board is in the scene. Failed at stage 1
sec6-res-util-lego-c2m2,,2551,,lego,,6,,591,,664,,85,,1.0,,Cannot locate board border, maybe not the full board is in the scene. Failed at stage 1
sec6-res-util-lego-c2m2,,2555,,lego,,6,,591,,697,,201,,1.0,,Cannot find a large enough foreground near the center of board
sec6-res-util-lego-c2m2,,2562,,lego,,6,,590,,695,,116,,1.0,,Cannot locate exact four board corners, probably because of occlusion
sec6-res-util-lego-c2m2,,2566,,lego,,6,,591,,701,,122,,1.0,,Cannot find a large enough foreground near the center of board
sec6-res-util-lego-c2m2,,2571,,lego,,6,,1058,,1205,,683,,0.999999755975,,Cannot find a large enough foreground near the center of board
sec6-res-util-lego-c2m2,,2592,,lego,,6,,591,,698,,119,,1.0,,Cannot find a large enough foreground near the center of board
sec6-res-util-lego-c2m2,,2597,,lego,,6,,590,,696,,117,,1.0,,Cannot find a large enough foreground near the center of board
sec6-res-util-lego-c2m2,,2601,,lego,,6,,595,,678,,99,,1.0,,Cannot find a large enough foreground near the center of board
sec6-res-util-lego-c2m2,,2605,,lego,,6,,610,,688,,109,,1.0,,Cannot find a large enough foreground near the center of board
sec6-res-util-lego-c2m2,,2609,,lego,,6,,591,,670,,91,,1.0,,Cannot find a large enough foreground near the center of board
sec6-res-util-lego-c2m2,,2613,,lego,,6,,590,,697,,120,,1.0,,Cannot find a large enough foreground near the center of board
sec6-res-util-lego-c2m2,,2617,,lego,,6,,591,,695,,116,,1.0,,Cannot find a large enough foreground near the center of board
sec6-res-util-lego-c2m2,,2622,,lego,,6,,592,,697,,119,,1.0,,Cannot find a large enough foreground near the center of board
sec6-res-util-lego-c2m2,,2626,,lego,,6,,591,,698,,119,,1.0,,Cannot find a large enough foreground near the center of board
sec6-res-util-lego-c2m2,,2631,,lego,,6,,591,,685,,105,,1.0,,Cannot find a large enough foreground near the center of board
sec6-res-util-lego-c2m2,,2635,,lego,,6,,622,,718,,139,,1.0,,Cannot find a large enough foreground near the center of board
sec6-res-util-lego-c2m2,,2640,,lego,,6,,592,,684,,105,,1.0,,Cannot find a large enough foreground near the center of board
sec6-res-util-lego-c2m2,,2644,,lego,,6,,590,,679,,99,,1.0,,Cannot find a large enough foreground near the center of board
sec6-res-util-lego-c2m2,,2648,,lego,,6,,619,,741,,162,,1.0,,Cannot find a large enough foreground near the center of board
sec6-res-util-lego-c2m2,,2654,,lego,,6,,590,,665,,86,,1.0,,Cannot find a large enough foreground near the center of board
sec6-res-util-lego-c2m2,,2657,,lego,,6,,590,,682,,103,,1.0,,Cannot find a large enough foreground near the center of board
sec6-res-util-lego-c2m2,,2661,,lego,,6,,590,,668,,89,,1.0,,Cannot find a large enough foreground near the center of board
sec6-res-util-lego-c2m2,,2665,,lego,,6,,591,,667,,118,,1.0,,Cannot find a large enough foreground near the center of board
sec6-res-util-lego-c2m2,,2669,,lego,,6,,591,,698,,119,,1.0,,Cannot find a large enough foreground near the center of board
sec6-res-util-lego-c2m2,,2674,,lego,,6,,594,,694,,119,,1.0,,Cannot find a large enough foreground near the center of board
sec6-res-util-lego-c2m2,,2678,,lego,,6,,594,,685,,106,,1.0,,Cannot find a large enough foreground near the center of board
sec6-res-util-lego-c2m2,,2682,,lego,,6,,590,,694,,115,,1.0,,Cannot find a large enough foreground near the center of board
sec6-res-util-lego-c2m2,,2687,,lego,,6,,591,,679,,100,,1.0,,Cannot find a large enough foreground near the center of board
sec6-res-util-lego-c2m2,,2691,,lego,,6,,591,,647,,68,,1.0,,Cannot locate board border, maybe not the full board is in the scene. Failed at stage 1
sec6-res-util-lego-c2m2,,2694,,lego,,6,,592,,646,,68,,1.0,,Cannot locate board border, maybe not the full board is in the scene. Failed at stage 1
sec6-res-util-lego-c2m2,,2697,,lego,,6,,594,,641,,62,,1.0,,Cannot locate board border, maybe not the full board is in the scene. Failed at stage 1
sec6-res-util-lego-c2m2,,2700,,lego,,6,,630,,689,,110,,1.0,,Cannot locate board border, maybe not the full board is in the scene. Failed at stage 1
sec6-res-util-lego-c2m2,,2704,,lego,,6,,633,,666,,88,,1.0,,Cannot locate board border, maybe not the full board is in the scene. Failed at stage 1
sec6-res-util-lego-c2m2,,2707,,lego,,6,,647,,679,,99,,1.0,,Cannot locate board border, maybe not the full board is in the scene. Failed at stage 1
sec6-res-util-lego-c2m2,,2711,,lego,,6,,670,,718,,140,,1.0,,Cannot locate board border, maybe not the full board is in the scene. Failed at stage 1
sec6-res-util-lego-c2m2,,2716,,lego,,6,,606,,656,,77,,1.0,,Cannot locate board border, maybe not the full board is in the scene. Failed at stage 1
sec6-res-util-lego-c2m2,,2720,,lego,,6,,591,,633,,54,,1.0,,Cannot locate board border, maybe not the full board is in the scene. Failed at stage 1
sec6-res-util-lego-c2m2,,2722,,lego,,6,,590,,628,,49,,1.0,,Cannot locate board border, maybe not the full board is in the scene. Failed at stage 1
sec6-res-util-lego-c2m2,,2725,,lego,,6,,589,,649,,70,,1.0,,Cannot locate board border, maybe not the full board is in the scene. Failed at stage 1
sec6-res-util-lego-c2m2,,2728,,lego,,6,,589,,640,,64,,1.0,,Cannot locate board border, maybe not the full board is in the scene. Failed at stage 1
sec6-res-util-lego-c2m2,,2730,,lego,,6,,591,,634,,55,,1.0,,Cannot locate board border, maybe not the full board is in the scene. Failed at stage 1
sec6-res-util-lego-c2m2,,2733,,lego,,6,,595,,632,,64,,1.0,,Cannot locate board border, maybe not the full board is in the scene. Failed at stage 1
sec6-res-util-lego-c2m2,,2736,,lego,,6,,593,,661,,83,,1.0,,Cannot locate board border, maybe not the full board is in the scene. Failed at stage 1
sec6-res-util-lego-c2m2,,2739,,lego,,6,,593,,670,,92,,1.0,,Cannot locate board border, maybe not the full board is in the scene. Failed at stage 1
sec6-res-util-lego-c2m2,,2743,,lego,,6,,592,,1080,,583,,1.0,,Not confident about reconstruction, maybe too much noise
sec6-res-util-lego-c2m2,,2761,,lego,,6,,594,,662,,88,,1.0,,Cannot locate board border, maybe not the full board is in the scene. Failed at stage 1
sec6-res-util-lego-c2m2,,2765,,lego,,6,,604,,649,,70,,1.0,,Cannot locate board border, maybe not the full board is in the scene. Failed at stage 1
sec6-res-util-lego-c2m2,,2768,,lego,,6,,591,,658,,81,,1.0,,Cannot locate board border, maybe not the full board is in the scene. Failed at stage 1
sec6-res-util-lego-c2m2,,2772,,lego,,6,,593,,1214,,745,,0.999997727024,,Not confident about reconstruction, maybe too much noise
sec6-res-util-lego-c2m2,,2795,,lego,,6,,593,,1217,,686,,0.999999718734,,Not confident about reconstruction, maybe too much noise
sec6-res-util-lego-c2m2,,2817,,lego,,6,,591,,1111,,573,,1.0,,Not confident about reconstruction, maybe too much noise
sec6-res-util-lego-c2m2,,2835,,lego,,6,,591,,1216,,686,,0.999999718734,,Not confident about reconstruction, maybe too much noise
sec6-res-util-lego-c2m2,,2857,,lego,,6,,934,,1563,,1095,,0.999691295033,,Not confident about reconstruction, maybe too much noise
sec6-res-util-lego-c2m2,,2891,,lego,,6,,733,,779,,200,,1.0,,Cannot locate board border, maybe not the full board is in the scene. Failed at stage 1
sec6-res-util-lego-c2m2,,2897,,lego,,6,,938,,991,,557,,1.0,,Cannot locate board border, maybe not the full board is in the scene. Failed at stage 1
sec6-res-util-lego-c2m2,,2915,,lego,,6,,620,,726,,147,,1.0,,Cannot find a large enough foreground near the center of board
sec6-res-util-lego-c2m2,,2920,,lego,,6,,911,,984,,513,,1.0,,Cannot find a large enough foreground near the center of board
sec6-res-util-lego-c2m2,,2936,,lego,,6,,615,,703,,127,,1.0,,Cannot locate board border, maybe not the full board is in the scene. Failed at stage 1
sec6-res-util-lego-c2m2,,3076,,lego,,6,,596,,622,,42,,1.0,,Cannot locate board border, maybe not the full board is in the scene. Failed at stage 1
sec6-res-util-lego-c2m2,,3077,,lego,,6,,589,,623,,50,,1.0,,Cannot locate board border, maybe not the full board is in the scene. Failed at stage 1
sec6-res-util-lego-c2m2,,3079,,lego,,6,,591,,626,,46,,1.0,,Cannot locate board border, maybe not the full board is in the scene. Failed at stage 1
sec6-res-util-lego-c2m2,,3082,,lego,,6,,589,,624,,47,,1.0,,Cannot locate board border, maybe not the full board is in the scene. Failed at stage 1
sec6-res-util-lego-c2m2,,3084,,lego,,6,,595,,618,,39,,1.0,,Cannot locate board border, maybe not the full board is in the scene. Failed at stage 1
sec6-res-util-lego-c2m2,,3086,,lego,,6,,591,,612,,33,,1.0,,Cannot locate board border, maybe not the full board is in the scene. Failed at stage 1
sec6-res-util-lego-c2m2,,3088,,lego,,6,,590,,662,,82,,1.0,,Cannot find a large enough foreground near the center of board
sec6-res-util-lego-c2m2,,3092,,lego,,6,,600,,688,,109,,1.0,,Cannot find a large enough foreground near the center of board
sec6-res-util-lego-c2m2,,3096,,lego,,6,,596,,697,,128,,1.0,,Cannot find a large enough foreground near the center of board
sec6-res-util-lego-c2m2,,3101,,lego,,6,,597,,690,,111,,1.0,,Cannot find a large enough foreground near the center of board
sec6-res-util-lego-c2m2,,3105,,lego,,6,,590,,742,,163,,1.0,,Cannot find a large enough foreground near the center of board
sec6-res-util-lego-c2m2,,3111,,lego,,6,,590,,665,,85,,1.0,,Cannot find a large enough foreground near the center of board
sec6-res-util-lego-c2m2,,3114,,lego,,6,,588,,664,,85,,1.0,,Cannot find a large enough foreground near the center of board
sec6-res-util-lego-c2m2,,3118,,lego,,6,,615,,741,,162,,1.0,,Cannot find a large enough foreground near the center of board
sec6-res-util-lego-c2m2,,3124,,lego,,6,,591,,693,,113,,1.0,,Cannot find a large enough foreground near the center of board
sec6-res-util-lego-c2m2,,3128,,lego,,6,,605,,703,,123,,1.0,,Cannot find a large enough foreground near the center of board
sec6-res-util-lego-c2m2,,3133,,lego,,6,,589,,726,,147,,1.0,,Cannot find a large enough foreground near the center of board
sec6-res-util-lego-c2m2,,3138,,lego,,6,,592,,741,,162,,1.0,,Cannot find a large enough foreground near the center of board
sec6-res-util-lego-c2m2,,3144,,lego,,6,,589,,717,,138,,1.0,,Cannot find a large enough foreground near the center of board
sec6-res-util-lego-c2m2,,3149,,lego,,6,,619,,718,,139,,1.0,,Cannot find a large enough foreground near the center of board
sec6-res-util-lego-c2m2,,3154,,lego,,6,,615,,718,,139,,1.0,,Cannot find a large enough foreground near the center of board
sec6-res-util-lego-c2m2,,3159,,lego,,6,,660,,748,,226,,1.0,,Cannot find a large enough foreground near the center of board
sec6-res-util-lego-c2m2,,3160,,lego,,6,,605,,695,,115,,1.0,,Cannot find a large enough foreground near the center of board
sec6-res-util-lego-c2m2,,3164,,lego,,6,,653,,752,,173,,1.0,,Cannot find a large enough foreground near the center of board
sec6-res-util-lego-c2m2,,3170,,lego,,6,,589,,685,,106,,1.0,,Cannot find a large enough foreground near the center of board
sec6-res-util-lego-c2m2,,3174,,lego,,6,,643,,735,,156,,1.0,,Cannot find a large enough foreground near the center of board
sec6-res-util-lego-c2m2,,3180,,lego,,6,,633,,719,,139,,1.0,,Cannot find a large enough foreground near the center of board
sec6-res-util-lego-c2m2,,3185,,lego,,6,,649,,757,,246,,1.0,,Cannot find a large enough foreground near the center of board
sec6-res-util-lego-c2m2,,3193,,lego,,6,,616,,723,,143,,1.0,,Cannot find a large enough foreground near the center of board
sec6-res-util-lego-c2m2,,3198,,lego,,6,,597,,688,,108,,1.0,,Cannot find a large enough foreground near the center of board
sec6-res-util-lego-c2m2,,3203,,lego,,6,,589,,689,,109,,1.0,,Cannot find a large enough foreground near the center of board
sec6-res-util-lego-c2m2,,3207,,lego,,6,,620,,701,,122,,1.0,,Cannot find a large enough foreground near the center of board
sec6-res-util-lego-c2m2,,3211,,lego,,6,,587,,661,,81,,1.0,,Cannot find a large enough foreground near the center of board
sec6-res-util-lego-c2m2,,3215,,lego,,6,,591,,664,,85,,1.0,,Cannot locate board border, maybe not the full board is in the scene. Failed at stage 1
sec6-res-util-lego-c2m2,,3218,,lego,,6,,589,,640,,61,,1.0,,Cannot locate board border, maybe not the full board is in the scene. Failed at stage 1
sec6-res-util-lego-c2m2,,3221,,lego,,6,,889,,952,,485,,1.0,,Cannot locate board border, maybe not the full board is in the scene. Failed at stage 1
sec6-res-util-lego-c2m2,,3236,,lego,,6,,1079,,1160,,687,,0.999999705422,,Cannot locate board border, maybe not the full board is in the scene. Failed at stage 1
sec6-res-util-lego-c2m2,,3258,,lego,,6,,647,,723,,143,,1.0,,Cannot locate board border, maybe not the full board is in the scene. Failed at stage 1
sec6-res-util-lego-c2m2,,3263,,lego,,6,,1056,,1131,,614,,0.999999999802,,Cannot locate board border, maybe not the full board is in the scene. Failed at stage 1
sec6-res-util-lego-c2m2,,3282,,lego,,6,,607,,1294,,782,,0.999994358321,,Not confident about reconstruction, maybe too much noise
sec6-res-util-lego-c2m2,,3307,,lego,,6,,1005,,1630,,1095,,0.999691295033,,Not confident about reconstruction, maybe too much noise
sec6-res-util-lego-c2m2,,3341,,lego,,6,,1084,,1682,,1185,,0.999397792326,,Not confident about reconstruction, maybe too much noise
sec6-res-util-lego-c2m2,,3377,,lego,,6,,1054,,1674,,1197,,0.99934683915,,Not confident about reconstruction, maybe too much noise
sec6-res-util-lego-c2m2,,3414,,lego,,6,,620,,1231,,688,,0.999999691643,,Not confident about reconstruction, maybe too much noise
sec6-res-util-lego-c2m2,,3436,,lego,,6,,618,,1230,,684,,0.999999744,,Not confident about reconstruction, maybe too much noise
sec6-res-util-lego-c2m2,,3457,,lego,,6,,615,,1277,,790,,0.999993299037,,Not confident about reconstruction, maybe too much noise
sec6-res-util-lego-c2m2,,3482,,lego,,6,,591,,631,,52,,1.0,,Cannot locate board border, maybe not the full board is in the scene. Failed at stage 1
sec6-res-util-lego-c2m2,,3484,,lego,,6,,591,,629,,50,,1.0,,Cannot locate board border, maybe not the full board is in the scene. Failed at stage 1
sec6-res-util-lego-c2m2,,3487,,lego,,6,,591,,643,,64,,1.0,,Cannot locate board border, maybe not the full board is in the scene. Failed at stage 1
sec6-res-util-lego-c2m2,,3490,,lego,,6,,593,,627,,48,,1.0,,Cannot locate board border, maybe not the full board is in the scene. Failed at stage 1
sec6-res-util-lego-c2m2,,3492,,lego,,6,,592,,626,,47,,1.0,,Cannot locate board border, maybe not the full board is in the scene. Failed at stage 1
sec6-res-util-lego-c2m2,,3495,,lego,,6,,590,,624,,44,,1.0,,Cannot locate board border, maybe not the full board is in the scene. Failed at stage 1
sec6-res-util-lego-c2m2,,3497,,lego,,6,,590,,625,,46,,1.0,,Cannot locate board border, maybe not the full board is in the scene. Failed at stage 1
sec6-res-util-lego-c2m2,,3499,,lego,,6,,592,,642,,63,,1.0,,Cannot locate board border, maybe not the full board is in the scene. Failed at stage 1
sec6-res-util-lego-c2m2,,3502,,lego,,6,,616,,667,,88,,1.0,,Cannot locate board border, maybe not the full board is in the scene. Failed at stage 1
sec6-res-util-lego-c2m2,,3505,,lego,,6,,591,,670,,91,,1.0,,Cannot find a large enough foreground near the center of board
sec6-res-util-lego-c2m2,,3509,,lego,,6,,624,,691,,111,,1.0,,Cannot find a large enough foreground near the center of board
sec6-res-util-lego-c2m2,,3513,,lego,,6,,590,,659,,80,,1.0,,Cannot locate board border, maybe not the full board is in the scene. Failed at stage 1
sec6-res-util-lego-c2m2,,3728,,lego,,6,,597,,647,,68,,1.0,,Cannot locate board border, maybe not the full board is in the scene. Failed at stage 1
sec6-res-util-lego-c2m2,,3731,,lego,,6,,591,,703,,124,,1.0,,Cannot find a large enough foreground near the center of board
sec6-res-util-lego-c2m2,,3735,,lego,,6,,606,,693,,115,,1.0,,Cannot find a large enough foreground near the center of board
sec6-res-util-lego-c2m2,,3740,,lego,,6,,591,,683,,104,,1.0,,Cannot find a large enough foreground near the center of board
sec6-res-util-lego-c2m2,,3744,,lego,,6,,625,,739,,261,,1.0,,Cannot find a large enough foreground near the center of board
sec6-res-util-lego-c2m2,,3752,,lego,,6,,609,,687,,119,,1.0,,Cannot find a large enough foreground near the center of board
sec6-res-util-lego-c2m2,,3757,,lego,,6,,592,,670,,91,,1.0,,Cannot find a large enough foreground near the center of board
sec6-res-util-lego-c2m2,,3760,,lego,,6,,591,,687,,108,,1.0,,Cannot find a large enough foreground near the center of board
sec6-res-util-lego-c2m2,,3765,,lego,,6,,589,,675,,96,,1.0,,Cannot find a large enough foreground near the center of board
sec6-res-util-lego-c2m2,,3769,,lego,,6,,591,,681,,102,,1.0,,Cannot find a large enough foreground near the center of board
sec6-res-util-lego-c2m2,,3773,,lego,,6,,591,,665,,86,,1.0,,Cannot find a large enough foreground near the center of board
sec6-res-util-lego-c2m2,,3776,,lego,,6,,593,,667,,189,,1.0,,Cannot find a large enough foreground near the center of board
sec6-res-util-lego-c2m2,,3783,,lego,,6,,592,,670,,91,,1.0,,Cannot find a large enough foreground near the center of board
sec6-res-util-lego-c2m2,,3787,,lego,,6,,591,,671,,104,,1.0,,Cannot find a large enough foreground near the center of board
sec6-res-util-lego-c2m2,,3791,,lego,,6,,589,,689,,110,,1.0,,Cannot find a large enough foreground near the center of board
sec6-res-util-lego-c2m2,,3795,,lego,,6,,591,,678,,99,,1.0,,Cannot find a large enough foreground near the center of board
sec6-res-util-lego-c2m2,,3799,,lego,,6,,591,,695,,157,,1.0,,Cannot find a large enough foreground near the center of board
sec6-res-util-lego-c2m2,,3804,,lego,,6,,592,,697,,118,,1.0,,Cannot find a large enough foreground near the center of board
sec6-res-util-lego-c2m2,,3809,,lego,,6,,590,,683,,104,,1.0,,Cannot find a large enough foreground near the center of board
sec6-res-util-lego-c2m2,,3813,,lego,,6,,599,,682,,116,,1.0,,Cannot find a large enough foreground near the center of board
sec6-res-util-lego-c2m2,,3817,,lego,,6,,590,,690,,111,,1.0,,Cannot find a large enough foreground near the center of board
sec6-res-util-lego-c2m2,,3822,,lego,,6,,618,,719,,139,,1.0,,Cannot find a large enough foreground near the center of board
sec6-res-util-lego-c2m2,,3827,,lego,,6,,613,,740,,161,,1.0,,Cannot find a large enough foreground near the center of board
sec6-res-util-lego-c2m2,,3833,,lego,,6,,590,,664,,85,,1.0,,Cannot locate board border, maybe not the full board is in the scene. Failed at stage 1
sec6-res-util-lego-c2m2,,3836,,lego,,6,,622,,657,,79,,1.0,,Cannot locate board border, maybe not the full board is in the scene. Failed at stage 1
sec6-res-util-lego-c2m2,,3839,,lego,,6,,617,,663,,84,,1.0,,Cannot locate board border, maybe not the full board is in the scene. Failed at stage 1
sec6-res-util-lego-c2m2,,3843,,lego,,6,,612,,644,,76,,1.0,,Cannot locate board border, maybe not the full board is in the scene. Failed at stage 1
sec6-res-util-lego-c2m2,,3846,,lego,,6,,602,,635,,56,,1.0,,Cannot locate board border, maybe not the full board is in the scene. Failed at stage 1
sec6-res-util-lego-c2m2,,3849,,lego,,6,,617,,648,,70,,1.0,,Cannot locate board border, maybe not the full board is in the scene. Failed at stage 1
sec6-res-util-lego-c2m2,,3852,,lego,,6,,607,,642,,63,,1.0,,Cannot locate board border, maybe not the full board is in the scene. Failed at stage 1
sec6-res-util-lego-c2m2,,3854,,lego,,6,,639,,671,,99,,1.0,,Cannot locate board border, maybe not the full board is in the scene. Failed at stage 1
sec6-res-util-lego-c2m2,,3858,,lego,,6,,643,,695,,116,,1.0,,Cannot locate board border, maybe not the full board is in the scene. Failed at stage 1
sec6-res-util-lego-c2m2,,3863,,lego,,6,,657,,697,,118,,1.0,,Cannot locate board border, maybe not the full board is in the scene. Failed at stage 1
sec6-res-util-lego-c2m2,,3867,,lego,,6,,638,,1247,,742,,0.999997909375,,Not confident about reconstruction, maybe too much noise
sec6-res-util-lego-c2m2,,3891,,lego,,6,,623,,1259,,769,,0.999995805602,,Not confident about reconstruction, maybe too much noise
