sec6-res-util-lego-c2m2,,582,,lego,,6,,640,,675,,105,,1.0,,Cannot locate board border, maybe not the full board is in the scene. Failed at stage 1
sec6-res-util-lego-c2m2,,585,,lego,,6,,597,,638,,68,,1.0,,Cannot locate board border, maybe not the full board is in the scene. Failed at stage 1
sec6-res-util-lego-c2m2,,587,,lego,,6,,1053,,1137,,613,,0.999999999853,,Cannot locate board border, maybe not the full board is in the scene. Failed at stage 1
sec6-res-util-lego-c2m2,,606,,lego,,6,,609,,657,,84,,1.0,,Cannot locate board border, maybe not the full board is in the scene. Failed at stage 1
sec6-res-util-lego-c2m2,,609,,lego,,6,,579,,629,,57,,1.0,,Cannot locate board border, maybe not the full board is in the scene. Failed at stage 1
sec6-res-util-lego-c2m2,,611,,lego,,6,,1065,,1138,,635,,0.999999992284,,Cannot locate board border, maybe not the full board is in the scene. Failed at stage 1
sec6-res-util-lego-c2m2,,631,,lego,,6,,594,,643,,72,,1.0,,Cannot locate board border, maybe not the full board is in the scene. Failed at stage 1
sec6-res-util-lego-c2m2,,634,,lego,,6,,583,,636,,66,,1.0,,Cannot locate board border, maybe not the full board is in the scene. Failed at stage 1
sec6-res-util-lego-c2m2,,636,,lego,,6,,595,,648,,77,,1.0,,Cannot locate board border, maybe not the full board is in the scene. Failed at stage 1
sec6-res-util-lego-c2m2,,639,,lego,,6,,592,,648,,77,,1.0,,Cannot locate board border, maybe not the full board is in the scene. Failed at stage 1
sec6-res-util-lego-c2m2,,641,,lego,,6,,591,,642,,72,,1.0,,Cannot locate board border, maybe not the full board is in the scene. Failed at stage 1
sec6-res-util-lego-c2m2,,644,,lego,,6,,592,,660,,92,,1.0,,Cannot locate board border, maybe not the full board is in the scene. Failed at stage 1
sec6-res-util-lego-c2m2,,647,,lego,,6,,606,,680,,109,,1.0,,Cannot locate board border, maybe not the full board is in the scene. Failed at stage 1
sec6-res-util-lego-c2m2,,651,,lego,,6,,616,,658,,87,,1.0,,Cannot locate board border, maybe not the full board is in the scene. Failed at stage 1
sec6-res-util-lego-c2m2,,654,,lego,,6,,582,,630,,59,,1.0,,Cannot locate board border, maybe not the full board is in the scene. Failed at stage 1
sec6-res-util-lego-c2m2,,657,,lego,,6,,586,,1248,,759,,0.999996713669,,[[0 0 1 0]
 [2 2 2 2]]
sec6-res-util-lego-c2m2,,680,,lego,,6,,583,,1176,,692,,0.999999631639,,[[0 0 1 0]
 [2 2 2 2]]
sec6-res-util-lego-c2m2,,702,,lego,,6,,585,,1244,,702,,0.999999443425,,[[0 0 1 0]
 [2 2 2 2]]
sec6-res-util-lego-c2m2,,723,,lego,,6,,584,,1124,,584,,1.0,,[[0 0 1 0]
 [2 2 2 2]]
sec6-res-util-lego-c2m2,,742,,lego,,6,,608,,1241,,694,,0.999999598547,,[[0 0 1 0]
 [2 2 2 2]]!!State Change!!
sec6-res-util-lego-c2m2,,775,,lego,,6,,591,,1184,,699,,0.999999506072,,[[0 0 1 0]
 [2 2 2 2]]
sec6-res-util-lego-c2m2,,808,,lego,,6,,628,,1207,,729,,0.999998576093,,[[0 0 1 0]
 [2 2 2 2]]
sec6-res-util-lego-c2m2,,839,,lego,,6,,660,,702,,131,,1.0,,Cannot locate board border, maybe not the full board is in the scene. Failed at stage 1
sec6-res-util-lego-c2m2,,869,,lego,,6,,734,,1357,,836,,0.999984049627,,Not confident about reconstruction, maybe too much noise
sec6-res-util-lego-c2m2,,895,,lego,,6,,645,,716,,146,,1.0,,Cannot locate board border, maybe not the full board is in the scene. Failed at stage 1
sec6-res-util-lego-c2m2,,918,,lego,,6,,615,,651,,80,,1.0,,Cannot locate board border, maybe not the full board is in the scene. Failed at stage 1
sec6-res-util-lego-c2m2,,938,,lego,,6,,729,,791,,220,,1.0,,Cannot locate board border, maybe not the full board is in the scene. Failed at stage 1
sec6-res-util-lego-c2m2,,953,,lego,,6,,654,,700,,129,,1.0,,Cannot locate board border, maybe not the full board is in the scene. Failed at stage 1
sec6-res-util-lego-c2m2,,967,,lego,,6,,636,,681,,122,,1.0,,Cannot locate board border, maybe not the full board is in the scene. Failed at stage 1
sec6-res-util-lego-c2m2,,978,,lego,,6,,631,,666,,95,,1.0,,Cannot locate board border, maybe not the full board is in the scene. Failed at stage 1
sec6-res-util-lego-c2m2,,989,,lego,,6,,589,,621,,50,,1.0,,Cannot locate board border, maybe not the full board is in the scene. Failed at stage 1
sec6-res-util-lego-c2m2,,998,,lego,,6,,901,,994,,453,,1.0,,Cannot locate board border, maybe not the full board is in the scene. Failed at stage 1
sec6-res-util-lego-c2m2,,1012,,lego,,6,,590,,635,,64,,1.0,,Cannot locate board border, maybe not the full board is in the scene. Failed at stage 1
sec6-res-util-lego-c2m2,,1019,,lego,,6,,688,,720,,150,,1.0,,Cannot locate board border, maybe not the full board is in the scene. Failed at stage 1
sec6-res-util-lego-c2m2,,1025,,lego,,6,,582,,614,,43,,1.0,,Cannot locate board border, maybe not the full board is in the scene. Failed at stage 1
sec6-res-util-lego-c2m2,,1031,,lego,,6,,589,,640,,68,,1.0,,Cannot locate board border, maybe not the full board is in the scene. Failed at stage 1
sec6-res-util-lego-c2m2,,1036,,lego,,6,,582,,625,,54,,1.0,,Cannot locate board border, maybe not the full board is in the scene. Failed at stage 1
sec6-res-util-lego-c2m2,,1042,,lego,,6,,582,,632,,61,,1.0,,Cannot locate board border, maybe not the full board is in the scene. Failed at stage 1
sec6-res-util-lego-c2m2,,1046,,lego,,6,,879,,948,,472,,1.0,,Cannot locate board border, maybe not the full board is in the scene. Failed at stage 1
sec6-res-util-lego-c2m2,,1061,,lego,,6,,761,,815,,294,,1.0,,Cannot locate board border, maybe not the full board is in the scene. Failed at stage 1
sec6-res-util-lego-c2m2,,1070,,lego,,6,,583,,630,,59,,1.0,,Cannot locate board border, maybe not the full board is in the scene. Failed at stage 1
sec6-res-util-lego-c2m2,,1074,,lego,,6,,583,,634,,63,,1.0,,Cannot locate board border, maybe not the full board is in the scene. Failed at stage 1
sec6-res-util-lego-c2m2,,1077,,lego,,6,,583,,632,,61,,1.0,,Cannot locate board border, maybe not the full board is in the scene. Failed at stage 1
sec6-res-util-lego-c2m2,,1079,,lego,,6,,583,,632,,61,,1.0,,Cannot locate board border, maybe not the full board is in the scene. Failed at stage 1
sec6-res-util-lego-c2m2,,1082,,lego,,6,,1090,,1237,,741,,0.999997967646,,Cannot find a large enough foreground near the center of board
sec6-res-util-lego-c2m2,,1104,,lego,,6,,633,,743,,172,,1.0,,Cannot find a large enough foreground near the center of board
sec6-res-util-lego-c2m2,,1110,,lego,,6,,971,,1078,,614,,0.999999999802,,Cannot find a large enough foreground near the center of board
sec6-res-util-lego-c2m2,,1129,,lego,,6,,583,,661,,90,,1.0,,Cannot find a large enough foreground near the center of board
sec6-res-util-lego-c2m2,,1132,,lego,,6,,587,,668,,97,,1.0,,Cannot find a large enough foreground near the center of board
sec6-res-util-lego-c2m2,,1135,,lego,,6,,584,,670,,99,,1.0,,Cannot find a large enough foreground near the center of board
sec6-res-util-lego-c2m2,,1138,,lego,,6,,592,,680,,110,,1.0,,Cannot find a large enough foreground near the center of board
sec6-res-util-lego-c2m2,,1142,,lego,,6,,583,,665,,94,,1.0,,Cannot find a large enough foreground near the center of board
sec6-res-util-lego-c2m2,,1145,,lego,,6,,583,,657,,86,,1.0,,Cannot find a large enough foreground near the center of board
sec6-res-util-lego-c2m2,,1148,,lego,,6,,587,,664,,93,,1.0,,Cannot find a large enough foreground near the center of board
sec6-res-util-lego-c2m2,,1151,,lego,,6,,589,,666,,94,,1.0,,Cannot find a large enough foreground near the center of board
sec6-res-util-lego-c2m2,,1155,,lego,,6,,584,,663,,92,,1.0,,Cannot find a large enough foreground near the center of board
sec6-res-util-lego-c2m2,,1158,,lego,,6,,585,,659,,137,,1.0,,Cannot find a large enough foreground near the center of board
sec6-res-util-lego-c2m2,,1162,,lego,,6,,582,,680,,109,,1.0,,Cannot find a large enough foreground near the center of board
sec6-res-util-lego-c2m2,,1166,,lego,,6,,590,,677,,106,,1.0,,Cannot find a large enough foreground near the center of board
sec6-res-util-lego-c2m2,,1170,,lego,,6,,584,,658,,87,,1.0,,Cannot find a large enough foreground near the center of board
sec6-res-util-lego-c2m2,,1173,,lego,,6,,587,,664,,92,,1.0,,Cannot find a large enough foreground near the center of board
sec6-res-util-lego-c2m2,,1176,,lego,,6,,584,,656,,85,,1.0,,Cannot find a large enough foreground near the center of board
sec6-res-util-lego-c2m2,,1179,,lego,,6,,583,,673,,102,,1.0,,Cannot find a large enough foreground near the center of board
sec6-res-util-lego-c2m2,,1182,,lego,,6,,588,,659,,88,,1.0,,Cannot find a large enough foreground near the center of board
sec6-res-util-lego-c2m2,,1185,,lego,,6,,590,,668,,96,,1.0,,Cannot find a large enough foreground near the center of board
sec6-res-util-lego-c2m2,,1189,,lego,,6,,584,,668,,97,,1.0,,Cannot find a large enough foreground near the center of board
sec6-res-util-lego-c2m2,,1192,,lego,,6,,582,,663,,92,,1.0,,Cannot find a large enough foreground near the center of board
sec6-res-util-lego-c2m2,,1195,,lego,,6,,582,,658,,88,,1.0,,Cannot find a large enough foreground near the center of board
sec6-res-util-lego-c2m2,,1198,,lego,,6,,583,,664,,94,,1.0,,Cannot find a large enough foreground near the center of board
sec6-res-util-lego-c2m2,,1201,,lego,,6,,584,,673,,101,,1.0,,Cannot find a large enough foreground near the center of board
sec6-res-util-lego-c2m2,,1205,,lego,,6,,582,,657,,86,,1.0,,Cannot find a large enough foreground near the center of board
sec6-res-util-lego-c2m2,,1208,,lego,,6,,582,,655,,83,,1.0,,Cannot find a large enough foreground near the center of board
sec6-res-util-lego-c2m2,,1211,,lego,,6,,583,,658,,87,,1.0,,Cannot find a large enough foreground near the center of board
sec6-res-util-lego-c2m2,,1214,,lego,,6,,583,,657,,88,,1.0,,Cannot find a large enough foreground near the center of board
sec6-res-util-lego-c2m2,,1217,,lego,,6,,586,,731,,161,,1.0,,Cannot find a large enough foreground near the center of board
sec6-res-util-lego-c2m2,,1223,,lego,,6,,646,,718,,147,,1.0,,Cannot find a large enough foreground near the center of board
sec6-res-util-lego-c2m2,,1228,,lego,,6,,607,,741,,170,,1.0,,Cannot find a large enough foreground near the center of board
sec6-res-util-lego-c2m2,,1234,,lego,,6,,596,,696,,125,,1.0,,Cannot find a large enough foreground near the center of board
sec6-res-util-lego-c2m2,,1238,,lego,,6,,663,,768,,232,,1.0,,Cannot find a large enough foreground near the center of board
sec6-res-util-lego-c2m2,,1245,,lego,,6,,582,,662,,91,,1.0,,Cannot find a large enough foreground near the center of board
sec6-res-util-lego-c2m2,,1248,,lego,,6,,586,,711,,140,,1.0,,Cannot find a large enough foreground near the center of board
sec6-res-util-lego-c2m2,,1253,,lego,,6,,582,,694,,123,,1.0,,Cannot find a large enough foreground near the center of board
sec6-res-util-lego-c2m2,,1257,,lego,,6,,626,,736,,165,,1.0,,Cannot find a large enough foreground near the center of board
sec6-res-util-lego-c2m2,,1263,,lego,,6,,604,,692,,121,,1.0,,Cannot find a large enough foreground near the center of board
sec6-res-util-lego-c2m2,,1267,,lego,,6,,630,,719,,148,,1.0,,Cannot find a large enough foreground near the center of board
sec6-res-util-lego-c2m2,,1272,,lego,,6,,642,,739,,168,,1.0,,Cannot find a large enough foreground near the center of board
sec6-res-util-lego-c2m2,,1277,,lego,,6,,597,,693,,123,,1.0,,Cannot find a large enough foreground near the center of board
sec6-res-util-lego-c2m2,,1282,,lego,,6,,625,,722,,151,,1.0,,Cannot find a large enough foreground near the center of board
sec6-res-util-lego-c2m2,,1287,,lego,,6,,658,,744,,173,,1.0,,Cannot find a large enough foreground near the center of board
sec6-res-util-lego-c2m2,,1293,,lego,,6,,645,,758,,250,,1.0,,Cannot find a large enough foreground near the center of board
sec6-res-util-lego-c2m2,,1301,,lego,,6,,610,,764,,193,,1.0,,Cannot find a large enough foreground near the center of board
sec6-res-util-lego-c2m2,,1307,,lego,,6,,618,,712,,184,,1.0,,Cannot find a large enough foreground near the center of board
sec6-res-util-lego-c2m2,,1313,,lego,,6,,611,,777,,206,,1.0,,Cannot find a large enough foreground near the center of board
sec6-res-util-lego-c2m2,,1320,,lego,,6,,595,,697,,126,,1.0,,Cannot find a large enough foreground near the center of board
sec6-res-util-lego-c2m2,,1324,,lego,,6,,624,,754,,183,,1.0,,Cannot find a large enough foreground near the center of board
sec6-res-util-lego-c2m2,,1330,,lego,,6,,648,,738,,166,,1.0,,Cannot find a large enough foreground near the center of board
sec6-res-util-lego-c2m2,,1336,,lego,,6,,694,,837,,351,,1.0,,Cannot find a large enough foreground near the center of board
sec6-res-util-lego-c2m2,,1347,,lego,,6,,598,,727,,156,,1.0,,Cannot find a large enough foreground near the center of board
sec6-res-util-lego-c2m2,,1352,,lego,,6,,611,,706,,135,,1.0,,Cannot find a large enough foreground near the center of board
sec6-res-util-lego-c2m2,,1357,,lego,,6,,643,,725,,152,,1.0,,Cannot locate exact four board corners, probably because of occlusion
sec6-res-util-lego-c2m2,,1362,,lego,,6,,646,,769,,198,,1.0,,Cannot find a large enough foreground near the center of board
sec6-res-util-lego-c2m2,,1368,,lego,,6,,587,,682,,110,,1.0,,Cannot find a large enough foreground near the center of board
sec6-res-util-lego-c2m2,,1372,,lego,,6,,610,,704,,132,,1.0,,Cannot find a large enough foreground near the center of board
sec6-res-util-lego-c2m2,,1376,,lego,,6,,585,,710,,139,,1.0,,Cannot find a large enough foreground near the center of board
sec6-res-util-lego-c2m2,,1381,,lego,,6,,623,,711,,140,,1.0,,Cannot find a large enough foreground near the center of board
sec6-res-util-lego-c2m2,,1386,,lego,,6,,589,,681,,220,,1.0,,Cannot find a large enough foreground near the center of board
sec6-res-util-lego-c2m2,,1393,,lego,,6,,724,,765,,194,,1.0,,Cannot locate board border, maybe not the full board is in the scene. Failed at stage 1
sec6-res-util-lego-c2m2,,1399,,lego,,6,,701,,740,,169,,1.0,,Cannot locate board border, maybe not the full board is in the scene. Failed at stage 1
sec6-res-util-lego-c2m2,,1405,,lego,,6,,652,,732,,161,,1.0,,Cannot locate board border, maybe not the full board is in the scene. Failed at stage 1
sec6-res-util-lego-c2m2,,1410,,lego,,6,,588,,662,,91,,1.0,,Cannot locate board border, maybe not the full board is in the scene. Failed at stage 1
sec6-res-util-lego-c2m2,,1413,,lego,,6,,623,,670,,99,,1.0,,Cannot locate board border, maybe not the full board is in the scene. Failed at stage 1
sec6-res-util-lego-c2m2,,1417,,lego,,6,,704,,736,,213,,1.0,,Cannot locate board border, maybe not the full board is in the scene. Failed at stage 1
sec6-res-util-lego-c2m2,,1424,,lego,,6,,622,,670,,99,,1.0,,Cannot locate board border, maybe not the full board is in the scene. Failed at stage 1
sec6-res-util-lego-c2m2,,1427,,lego,,6,,658,,688,,117,,1.0,,Cannot locate board border, maybe not the full board is in the scene. Failed at stage 1
sec6-res-util-lego-c2m2,,1431,,lego,,6,,665,,736,,165,,1.0,,Cannot locate board border, maybe not the full board is in the scene. Failed at stage 1
sec6-res-util-lego-c2m2,,1437,,lego,,6,,605,,657,,86,,1.0,,Cannot locate board border, maybe not the full board is in the scene. Failed at stage 1
sec6-res-util-lego-c2m2,,1440,,lego,,6,,586,,642,,71,,1.0,,Cannot locate board border, maybe not the full board is in the scene. Failed at stage 1
sec6-res-util-lego-c2m2,,1442,,lego,,6,,587,,650,,80,,1.0,,Cannot locate board border, maybe not the full board is in the scene. Failed at stage 1
sec6-res-util-lego-c2m2,,1445,,lego,,6,,606,,667,,96,,1.0,,Cannot locate board border, maybe not the full board is in the scene. Failed at stage 1
sec6-res-util-lego-c2m2,,1449,,lego,,6,,604,,664,,93,,1.0,,Cannot locate board border, maybe not the full board is in the scene. Failed at stage 1
sec6-res-util-lego-c2m2,,1452,,lego,,6,,631,,663,,92,,1.0,,Cannot locate board border, maybe not the full board is in the scene. Failed at stage 1
sec6-res-util-lego-c2m2,,1455,,lego,,6,,672,,747,,267,,1.0,,Cannot locate board border, maybe not the full board is in the scene. Failed at stage 1
sec6-res-util-lego-c2m2,,1463,,lego,,6,,585,,639,,68,,1.0,,Cannot locate board border, maybe not the full board is in the scene. Failed at stage 1
sec6-res-util-lego-c2m2,,1466,,lego,,6,,583,,625,,54,,1.0,,Cannot locate board border, maybe not the full board is in the scene. Failed at stage 1
sec6-res-util-lego-c2m2,,1468,,lego,,6,,616,,1240,,750,,0.999997396918,,Not confident about reconstruction, maybe too much noise
sec6-res-util-lego-c2m2,,1491,,lego,,6,,616,,1280,,804,,0.999991094804,,Not confident about reconstruction, maybe too much noise
sec6-res-util-lego-c2m2,,1516,,lego,,6,,602,,1244,,699,,0.999999506072,,[[0 0 1 4]
 [2 2 2 2]]
sec6-res-util-lego-c2m2,,1537,,lego,,6,,630,,1295,,803,,0.999991268136,,Not confident about reconstruction, maybe too much noise
sec6-res-util-lego-c2m2,,1562,,lego,,6,,613,,1154,,686,,0.999999718734,,Not confident about reconstruction, maybe too much noise
sec6-res-util-lego-c2m2,,1583,,lego,,6,,634,,1171,,688,,0.999999691643,,Not confident about reconstruction, maybe too much noise
sec6-res-util-lego-c2m2,,1605,,lego,,6,,1173,,1847,,1315,,0.998656161781,,Not confident about reconstruction, maybe too much noise
sec6-res-util-lego-c2m2,,1645,,lego,,6,,614,,662,,92,,1.0,,Cannot locate board border, maybe not the full board is in the scene. Failed at stage 1
sec6-res-util-lego-c2m2,,1648,,lego,,6,,637,,714,,144,,1.0,,Cannot locate board border, maybe not the full board is in the scene. Failed at stage 1
sec6-res-util-lego-c2m2,,1653,,lego,,6,,1011,,1088,,541,,1.0,,Cannot locate board border, maybe not the full board is in the scene. Failed at stage 1
sec6-res-util-lego-c2m2,,1669,,lego,,6,,692,,822,,281,,1.0,,Cannot locate exact four board corners, probably because of occlusion
sec6-res-util-lego-c2m2,,1678,,lego,,6,,976,,1596,,1099,,0.999681195088,,Not confident about reconstruction, maybe too much noise
sec6-res-util-lego-c2m2,,1712,,lego,,6,,629,,671,,100,,1.0,,Cannot locate board border, maybe not the full board is in the scene. Failed at stage 1
sec6-res-util-lego-c2m2,,1716,,lego,,6,,618,,678,,106,,1.0,,Cannot locate board border, maybe not the full board is in the scene. Failed at stage 1
sec6-res-util-lego-c2m2,,1720,,lego,,6,,617,,653,,83,,1.0,,Cannot locate board border, maybe not the full board is in the scene. Failed at stage 1
sec6-res-util-lego-c2m2,,1723,,lego,,6,,650,,697,,126,,1.0,,Cannot locate board border, maybe not the full board is in the scene. Failed at stage 1
sec6-res-util-lego-c2m2,,1727,,lego,,6,,617,,633,,62,,1.0,,Cannot locate board border, maybe not the full board is in the scene. Failed at stage 1
sec6-res-util-lego-c2m2,,1729,,lego,,6,,629,,654,,83,,1.0,,Cannot locate board border, maybe not the full board is in the scene. Failed at stage 1
sec6-res-util-lego-c2m2,,1732,,lego,,6,,636,,699,,128,,1.0,,Cannot locate board border, maybe not the full board is in the scene. Failed at stage 1
sec6-res-util-lego-c2m2,,1736,,lego,,6,,598,,663,,92,,1.0,,Cannot locate board border, maybe not the full board is in the scene. Failed at stage 1
sec6-res-util-lego-c2m2,,1740,,lego,,6,,582,,609,,38,,1.0,,Cannot locate board border, maybe not the full board is in the scene. Failed at stage 1
sec6-res-util-lego-c2m2,,1741,,lego,,6,,616,,644,,73,,1.0,,Cannot locate board border, maybe not the full board is in the scene. Failed at stage 1
sec6-res-util-lego-c2m2,,1744,,lego,,6,,648,,707,,136,,1.0,,Cannot locate board border, maybe not the full board is in the scene. Failed at stage 1
sec6-res-util-lego-c2m2,,1748,,lego,,6,,620,,661,,90,,1.0,,Cannot locate board border, maybe not the full board is in the scene. Failed at stage 1
sec6-res-util-lego-c2m2,,1751,,lego,,6,,588,,610,,39,,1.0,,Cannot locate board border, maybe not the full board is in the scene. Failed at stage 1
sec6-res-util-lego-c2m2,,1753,,lego,,6,,630,,654,,110,,1.0,,Cannot locate board border, maybe not the full board is in the scene. Failed at stage 1
sec6-res-util-lego-c2m2,,1757,,lego,,6,,658,,682,,111,,1.0,,Cannot locate board border, maybe not the full board is in the scene. Failed at stage 1
sec6-res-util-lego-c2m2,,1761,,lego,,6,,587,,632,,62,,1.0,,Cannot locate board border, maybe not the full board is in the scene. Failed at stage 1
sec6-res-util-lego-c2m2,,1763,,lego,,6,,592,,673,,102,,1.0,,Cannot locate board border, maybe not the full board is in the scene. Failed at stage 2
sec6-res-util-lego-c2m2,,1767,,lego,,6,,583,,642,,71,,1.0,,Cannot locate board border, maybe not the full board is in the scene. Failed at stage 1
sec6-res-util-lego-c2m2,,1769,,lego,,6,,583,,653,,83,,1.0,,Cannot locate board border, maybe not the full board is in the scene. Failed at stage 1
sec6-res-util-lego-c2m2,,1772,,lego,,6,,598,,658,,86,,1.0,,Cannot locate board border, maybe not the full board is in the scene. Failed at stage 1
sec6-res-util-lego-c2m2,,1775,,lego,,6,,588,,669,,98,,1.0,,Cannot locate board border, maybe not the full board is in the scene. Failed at stage 1
sec6-res-util-lego-c2m2,,1779,,lego,,6,,586,,647,,77,,1.0,,Cannot locate board border, maybe not the full board is in the scene. Failed at stage 1
sec6-res-util-lego-c2m2,,1782,,lego,,6,,582,,661,,90,,1.0,,Cannot locate board border, maybe not the full board is in the scene. Failed at stage 1
sec6-res-util-lego-c2m2,,1785,,lego,,6,,592,,662,,91,,1.0,,Cannot locate board border, maybe not the full board is in the scene. Failed at stage 1
sec6-res-util-lego-c2m2,,1788,,lego,,6,,622,,677,,106,,1.0,,Cannot locate board border, maybe not the full board is in the scene. Failed at stage 2
sec6-res-util-lego-c2m2,,1792,,lego,,6,,618,,657,,85,,1.0,,Cannot locate board border, maybe not the full board is in the scene. Failed at stage 1
sec6-res-util-lego-c2m2,,1795,,lego,,6,,613,,648,,77,,1.0,,Cannot locate board border, maybe not the full board is in the scene. Failed at stage 1
sec6-res-util-lego-c2m2,,1798,,lego,,6,,631,,679,,131,,1.0,,Cannot locate board border, maybe not the full board is in the scene. Failed at stage 1
sec6-res-util-lego-c2m2,,1802,,lego,,6,,590,,628,,81,,1.0,,Cannot locate board border, maybe not the full board is in the scene. Failed at stage 1
sec6-res-util-lego-c2m2,,1805,,lego,,6,,600,,681,,110,,1.0,,Cannot locate board border, maybe not the full board is in the scene. Failed at stage 1
sec6-res-util-lego-c2m2,,1809,,lego,,6,,594,,662,,90,,1.0,,Cannot locate board border, maybe not the full board is in the scene. Failed at stage 1
sec6-res-util-lego-c2m2,,1812,,lego,,6,,588,,645,,74,,1.0,,Cannot locate board border, maybe not the full board is in the scene. Failed at stage 1
sec6-res-util-lego-c2m2,,1815,,lego,,6,,587,,650,,79,,1.0,,Cannot locate board border, maybe not the full board is in the scene. Failed at stage 1
sec6-res-util-lego-c2m2,,1817,,lego,,6,,589,,666,,95,,1.0,,Cannot locate board border, maybe not the full board is in the scene. Failed at stage 1
sec6-res-util-lego-c2m2,,1821,,lego,,6,,600,,664,,94,,1.0,,Cannot locate board border, maybe not the full board is in the scene. Failed at stage 1
sec6-res-util-lego-c2m2,,1824,,lego,,6,,591,,657,,85,,1.0,,Cannot locate board border, maybe not the full board is in the scene. Failed at stage 1
sec6-res-util-lego-c2m2,,1827,,lego,,6,,587,,648,,77,,1.0,,Cannot locate board border, maybe not the full board is in the scene. Failed at stage 1
sec6-res-util-lego-c2m2,,1830,,lego,,6,,585,,649,,78,,1.0,,Cannot locate board border, maybe not the full board is in the scene. Failed at stage 1
sec6-res-util-lego-c2m2,,1833,,lego,,6,,589,,660,,89,,1.0,,Cannot locate board border, maybe not the full board is in the scene. Failed at stage 1
sec6-res-util-lego-c2m2,,1836,,lego,,6,,587,,665,,93,,1.0,,Cannot locate board border, maybe not the full board is in the scene. Failed at stage 1
sec6-res-util-lego-c2m2,,1839,,lego,,6,,582,,637,,66,,1.0,,Cannot locate board border, maybe not the full board is in the scene. Failed at stage 1
sec6-res-util-lego-c2m2,,1841,,lego,,6,,609,,658,,87,,1.0,,Cannot locate board border, maybe not the full board is in the scene. Failed at stage 1
sec6-res-util-lego-c2m2,,1844,,lego,,6,,586,,647,,76,,1.0,,Cannot locate board border, maybe not the full board is in the scene. Failed at stage 1
sec6-res-util-lego-c2m2,,1847,,lego,,6,,587,,648,,77,,1.0,,Cannot locate board border, maybe not the full board is in the scene. Failed at stage 1
sec6-res-util-lego-c2m2,,1850,,lego,,6,,585,,621,,50,,1.0,,Cannot locate board border, maybe not the full board is in the scene. Failed at stage 1
sec6-res-util-lego-c2m2,,1852,,lego,,6,,622,,664,,118,,1.0,,Cannot locate board border, maybe not the full board is in the scene. Failed at stage 1
sec6-res-util-lego-c2m2,,1856,,lego,,6,,595,,686,,114,,1.0,,Cannot locate board border, maybe not the full board is in the scene. Failed at stage 1
sec6-res-util-lego-c2m2,,1860,,lego,,6,,624,,674,,102,,1.0,,Cannot locate board border, maybe not the full board is in the scene. Failed at stage 1
sec6-res-util-lego-c2m2,,1863,,lego,,6,,620,,705,,134,,1.0,,Cannot locate board border, maybe not the full board is in the scene. Failed at stage 1
sec6-res-util-lego-c2m2,,1868,,lego,,6,,593,,671,,100,,1.0,,Cannot locate board border, maybe not the full board is in the scene. Failed at stage 1
sec6-res-util-lego-c2m2,,1871,,lego,,6,,598,,698,,127,,1.0,,Cannot locate board border, maybe not the full board is in the scene. Failed at stage 2
sec6-res-util-lego-c2m2,,1876,,lego,,6,,615,,1147,,676,,0.999999828455,,Not confident about reconstruction, maybe too much noise
sec6-res-util-lego-c2m2,,1897,,lego,,6,,637,,1289,,790,,0.999993299037,,Not confident about reconstruction, maybe too much noise
sec6-res-util-lego-c2m2,,1921,,lego,,6,,615,,1227,,700,,0.999999485811,,[[0 0 1 6]
 [2 2 2 2]]
sec6-res-util-lego-c2m2,,1943,,lego,,6,,668,,1388,,894,,0.999961584,,Not confident about reconstruction, maybe too much noise
sec6-res-util-lego-c2m2,,1970,,lego,,6,,644,,693,,122,,1.0,,Cannot locate board border, maybe not the full board is in the scene. Failed at stage 1
sec6-res-util-lego-c2m2,,1974,,lego,,6,,869,,939,,464,,1.0,,Cannot locate board border, maybe not the full board is in the scene. Failed at stage 1
sec6-res-util-lego-c2m2,,1989,,lego,,6,,801,,1351,,880,,0.999968395062,,Not confident about reconstruction, maybe too much noise
sec6-res-util-lego-c2m2,,2016,,lego,,6,,998,,1615,,1102,,0.999673459022,,Not confident about reconstruction, maybe too much noise
sec6-res-util-lego-c2m2,,2050,,lego,,6,,1114,,1791,,1304,,0.998736970607,,Not confident about reconstruction, maybe too much noise
sec6-res-util-lego-c2m2,,2090,,lego,,6,,674,,816,,294,,1.0,,Cannot find a large enough foreground near the center of board
sec6-res-util-lego-c2m2,,2099,,lego,,6,,595,,675,,103,,1.0,,Cannot find a large enough foreground near the center of board
sec6-res-util-lego-c2m2,,2103,,lego,,6,,637,,744,,173,,1.0,,Cannot find a large enough foreground near the center of board
sec6-res-util-lego-c2m2,,2109,,lego,,6,,656,,776,,295,,1.0,,Cannot find a large enough foreground near the center of board
sec6-res-util-lego-c2m2,,2118,,lego,,6,,645,,735,,164,,1.0,,Cannot find a large enough foreground near the center of board
sec6-res-util-lego-c2m2,,2124,,lego,,6,,636,,732,,160,,1.0,,Cannot find a large enough foreground near the center of board
sec6-res-util-lego-c2m2,,2129,,lego,,6,,658,,782,,210,,1.0,,Cannot find a large enough foreground near the center of board
sec6-res-util-lego-c2m2,,2136,,lego,,6,,583,,672,,102,,1.0,,Cannot find a large enough foreground near the center of board
sec6-res-util-lego-c2m2,,2139,,lego,,6,,584,,668,,97,,1.0,,Cannot find a large enough foreground near the center of board
sec6-res-util-lego-c2m2,,2142,,lego,,6,,587,,703,,132,,1.0,,Cannot find a large enough foreground near the center of board
sec6-res-util-lego-c2m2,,2147,,lego,,6,,601,,705,,134,,1.0,,Cannot find a large enough foreground near the center of board
sec6-res-util-lego-c2m2,,2151,,lego,,6,,583,,675,,105,,1.0,,Cannot find a large enough foreground near the center of board
sec6-res-util-lego-c2m2,,2155,,lego,,6,,583,,697,,126,,1.0,,Cannot find a large enough foreground near the center of board
sec6-res-util-lego-c2m2,,2159,,lego,,6,,604,,684,,113,,1.0,,Cannot find a large enough foreground near the center of board
sec6-res-util-lego-c2m2,,2163,,lego,,6,,583,,672,,211,,1.0,,Cannot find a large enough foreground near the center of board
sec6-res-util-lego-c2m2,,2170,,lego,,6,,597,,692,,120,,1.0,,Cannot find a large enough foreground near the center of board
sec6-res-util-lego-c2m2,,2174,,lego,,6,,583,,703,,132,,1.0,,Cannot find a large enough foreground near the center of board
sec6-res-util-lego-c2m2,,2179,,lego,,6,,607,,676,,106,,1.0,,Cannot find a large enough foreground near the center of board
sec6-res-util-lego-c2m2,,2182,,lego,,6,,590,,684,,113,,1.0,,Cannot find a large enough foreground near the center of board
sec6-res-util-lego-c2m2,,2186,,lego,,6,,584,,673,,102,,1.0,,Cannot find a large enough foreground near the center of board
sec6-res-util-lego-c2m2,,2190,,lego,,6,,582,,675,,103,,1.0,,Cannot find a large enough foreground near the center of board
sec6-res-util-lego-c2m2,,2193,,lego,,6,,584,,674,,103,,1.0,,Cannot find a large enough foreground near the center of board
sec6-res-util-lego-c2m2,,2197,,lego,,6,,621,,705,,219,,1.0,,Cannot find a large enough foreground near the center of board
sec6-res-util-lego-c2m2,,2204,,lego,,6,,586,,621,,51,,1.0,,Cannot locate board border, maybe not the full board is in the scene. Failed at stage 1
sec6-res-util-lego-c2m2,,2206,,lego,,6,,602,,634,,63,,1.0,,Cannot locate board border, maybe not the full board is in the scene. Failed at stage 1
sec6-res-util-lego-c2m2,,2208,,lego,,6,,583,,641,,70,,1.0,,Cannot locate board border, maybe not the full board is in the scene. Failed at stage 1
sec6-res-util-lego-c2m2,,2211,,lego,,6,,610,,657,,86,,1.0,,Cannot locate board border, maybe not the full board is in the scene. Failed at stage 1
sec6-res-util-lego-c2m2,,2214,,lego,,6,,597,,663,,91,,1.0,,Cannot locate board border, maybe not the full board is in the scene. Failed at stage 1
sec6-res-util-lego-c2m2,,2217,,lego,,6,,595,,647,,76,,1.0,,Cannot locate board border, maybe not the full board is in the scene. Failed at stage 1
sec6-res-util-lego-c2m2,,2220,,lego,,6,,585,,630,,59,,1.0,,Cannot locate board border, maybe not the full board is in the scene. Failed at stage 1
sec6-res-util-lego-c2m2,,2222,,lego,,6,,585,,621,,50,,1.0,,Cannot locate board border, maybe not the full board is in the scene. Failed at stage 1
sec6-res-util-lego-c2m2,,2224,,lego,,6,,612,,649,,78,,1.0,,Cannot locate board border, maybe not the full board is in the scene. Failed at stage 1
sec6-res-util-lego-c2m2,,2227,,lego,,6,,597,,634,,63,,1.0,,Cannot locate board border, maybe not the full board is in the scene. Failed at stage 1
sec6-res-util-lego-c2m2,,2229,,lego,,6,,584,,645,,73,,1.0,,Cannot locate board border, maybe not the full board is in the scene. Failed at stage 1
sec6-res-util-lego-c2m2,,2232,,lego,,6,,623,,670,,99,,1.0,,Cannot locate board border, maybe not the full board is in the scene. Failed at stage 1
sec6-res-util-lego-c2m2,,2235,,lego,,6,,583,,633,,61,,1.0,,Cannot locate board border, maybe not the full board is in the scene. Failed at stage 1
sec6-res-util-lego-c2m2,,2238,,lego,,6,,584,,620,,49,,1.0,,Cannot locate board border, maybe not the full board is in the scene. Failed at stage 1
sec6-res-util-lego-c2m2,,2240,,lego,,6,,600,,647,,76,,1.0,,Cannot locate board border, maybe not the full board is in the scene. Failed at stage 1
sec6-res-util-lego-c2m2,,2243,,lego,,6,,584,,622,,51,,1.0,,Cannot locate board border, maybe not the full board is in the scene. Failed at stage 1
sec6-res-util-lego-c2m2,,2244,,lego,,6,,622,,659,,88,,1.0,,Cannot locate board border, maybe not the full board is in the scene. Failed at stage 1
sec6-res-util-lego-c2m2,,2248,,lego,,6,,582,,628,,56,,1.0,,Cannot locate board border, maybe not the full board is in the scene. Failed at stage 1
sec6-res-util-lego-c2m2,,2250,,lego,,6,,583,,634,,63,,1.0,,Cannot locate board border, maybe not the full board is in the scene. Failed at stage 1
sec6-res-util-lego-c2m2,,2252,,lego,,6,,589,,622,,72,,1.0,,Cannot locate board border, maybe not the full board is in the scene. Failed at stage 1
sec6-res-util-lego-c2m2,,2255,,lego,,6,,583,,615,,43,,1.0,,Cannot locate board border, maybe not the full board is in the scene. Failed at stage 1
sec6-res-util-lego-c2m2,,2257,,lego,,6,,595,,646,,74,,1.0,,Cannot locate board border, maybe not the full board is in the scene. Failed at stage 1
sec6-res-util-lego-c2m2,,2259,,lego,,6,,611,,644,,73,,1.0,,Cannot locate board border, maybe not the full board is in the scene. Failed at stage 1
sec6-res-util-lego-c2m2,,2262,,lego,,6,,590,,638,,67,,1.0,,Cannot locate board border, maybe not the full board is in the scene. Failed at stage 1
sec6-res-util-lego-c2m2,,2265,,lego,,6,,587,,643,,71,,1.0,,Cannot locate board border, maybe not the full board is in the scene. Failed at stage 1
sec6-res-util-lego-c2m2,,2267,,lego,,6,,591,,1279,,735,,0.999998292118,,Not confident about reconstruction, maybe too much noise
sec6-res-util-lego-c2m2,,2290,,lego,,6,,586,,1185,,689,,0.999999677386,,[[0 0 1 1]
 [0 0 1 6]
 [2 2 2 2]]
sec6-res-util-lego-c2m2,,2311,,lego,,6,,591,,1202,,632,,0.999999994608,,[[0 0 1 1]
 [0 0 1 6]
 [2 2 2 2]]
sec6-res-util-lego-c2m2,,2331,,lego,,6,,624,,1228,,748,,0.999997532997,,Not confident about reconstruction, maybe too much noise
sec6-res-util-lego-c2m2,,2354,,lego,,6,,663,,1272,,796,,0.999992411654,,[[0 0 1 1]
 [0 0 1 6]
 [2 2 2 2]]
sec6-res-util-lego-c2m2,,2379,,lego,,6,,1061,,1732,,1195,,0.99935554784,,[[0 0 1 1]
 [0 0 1 6]
 [2 2 2 2]]
sec6-res-util-lego-c2m2,,2416,,lego,,6,,611,,652,,81,,1.0,,Cannot locate board border, maybe not the full board is in the scene. Failed at stage 1
sec6-res-util-lego-c2m2,,2419,,lego,,6,,585,,1198,,705,,0.999999375,,Not confident about reconstruction, maybe too much noise
sec6-res-util-lego-c2m2,,2440,,lego,,6,,812,,1420,,904,,0.999956084568,,[[0 0 1 1]
 [0 0 1 6]
 [2 2 2 2]]!!State Change!!
sec6-res-util-lego-c2m2,,2474,,lego,,6,,669,,701,,130,,1.0,,Cannot locate board border, maybe not the full board is in the scene. Failed at stage 1
sec6-res-util-lego-c2m2,,2507,,lego,,6,,592,,626,,54,,1.0,,Cannot locate board border, maybe not the full board is in the scene. Failed at stage 1
sec6-res-util-lego-c2m2,,2539,,lego,,6,,616,,656,,99,,1.0,,Cannot locate board border, maybe not the full board is in the scene. Failed at stage 1
sec6-res-util-lego-c2m2,,2570,,lego,,6,,600,,694,,123,,1.0,,Cannot find a large enough foreground near the center of board
sec6-res-util-lego-c2m2,,2597,,lego,,6,,593,,696,,125,,1.0,,Cannot find a large enough foreground near the center of board
sec6-res-util-lego-c2m2,,2621,,lego,,6,,592,,688,,117,,1.0,,Cannot find a large enough foreground near the center of board
sec6-res-util-lego-c2m2,,2641,,lego,,6,,591,,697,,125,,1.0,,Cannot find a large enough foreground near the center of board
sec6-res-util-lego-c2m2,,2657,,lego,,6,,609,,708,,136,,1.0,,Cannot find a large enough foreground near the center of board
sec6-res-util-lego-c2m2,,2671,,lego,,6,,596,,705,,134,,1.0,,Cannot find a large enough foreground near the center of board
sec6-res-util-lego-c2m2,,2682,,lego,,6,,620,,719,,149,,1.0,,Cannot find a large enough foreground near the center of board
sec6-res-util-lego-c2m2,,2693,,lego,,6,,597,,630,,58,,1.0,,Cannot locate board border, maybe not the full board is in the scene. Failed at stage 1
sec6-res-util-lego-c2m2,,2702,,lego,,6,,601,,655,,84,,1.0,,Cannot locate board border, maybe not the full board is in the scene. Failed at stage 1
sec6-res-util-lego-c2m2,,2710,,lego,,6,,634,,683,,122,,1.0,,Cannot locate board border, maybe not the full board is in the scene. Failed at stage 1
sec6-res-util-lego-c2m2,,2718,,lego,,6,,638,,673,,101,,1.0,,Cannot locate board border, maybe not the full board is in the scene. Failed at stage 1
sec6-res-util-lego-c2m2,,2725,,lego,,6,,602,,653,,81,,1.0,,Cannot locate board border, maybe not the full board is in the scene. Failed at stage 1
sec6-res-util-lego-c2m2,,2731,,lego,,6,,621,,656,,84,,1.0,,Cannot locate board border, maybe not the full board is in the scene. Failed at stage 1
sec6-res-util-lego-c2m2,,2737,,lego,,6,,602,,636,,64,,1.0,,Cannot locate board border, maybe not the full board is in the scene. Failed at stage 1
sec6-res-util-lego-c2m2,,2742,,lego,,6,,668,,1326,,782,,0.999994358321,,Not confident about reconstruction, maybe too much noise
sec6-res-util-lego-c2m2,,2766,,lego,,6,,656,,1257,,791,,0.999993156846,,Not confident about reconstruction, maybe too much noise
sec6-res-util-lego-c2m2,,2791,,lego,,6,,626,,1250,,699,,0.999999506072,,Not confident about reconstruction, maybe too much noise
sec6-res-util-lego-c2m2,,2812,,lego,,6,,792,,1504,,998,,0.999870980573,,Not confident about reconstruction, maybe too much noise
sec6-res-util-lego-c2m2,,2843,,lego,,6,,960,,1584,,1099,,0.999681195088,,[[0 0 1 1]
 [0 2 1 6]
 [2 2 2 2]]
sec6-res-util-lego-c2m2,,2877,,lego,,6,,736,,1392,,906,,0.999954917444,,Not confident about reconstruction, maybe too much noise
sec6-res-util-lego-c2m2,,2904,,lego,,6,,1165,,1242,,703,,0.999999421276,,Cannot locate board border, maybe not the full board is in the scene. Failed at stage 1
sec6-res-util-lego-c2m2,,2926,,lego,,6,,696,,768,,196,,1.0,,Cannot find a large enough foreground near the center of board
sec6-res-util-lego-c2m2,,2932,,lego,,6,,925,,967,,488,,1.0,,Cannot locate board border, maybe not the full board is in the scene. Failed at stage 1
sec6-res-util-lego-c2m2,,2947,,lego,,6,,791,,820,,293,,1.0,,Cannot locate board border, maybe not the full board is in the scene. Failed at stage 1
sec6-res-util-lego-c2m2,,2956,,lego,,6,,907,,928,,1008,,0.999857516861,,Cannot locate board border, maybe not the full board is in the scene. Failed at stage 1
sec6-res-util-lego-c2m2,,2987,,lego,,6,,592,,607,,35,,1.0,,Cannot locate board border, maybe not the full board is in the scene. Failed at stage 1
sec6-res-util-lego-c2m2,,2989,,lego,,6,,745,,764,,245,,1.0,,Cannot locate board border, maybe not the full board is in the scene. Failed at stage 1
sec6-res-util-lego-c2m2,,2996,,lego,,6,,637,,653,,80,,1.0,,Cannot locate board border, maybe not the full board is in the scene. Failed at stage 1
sec6-res-util-lego-c2m2,,2999,,lego,,6,,603,,618,,45,,1.0,,Cannot locate board border, maybe not the full board is in the scene. Failed at stage 1
sec6-res-util-lego-c2m2,,3001,,lego,,6,,688,,707,,137,,1.0,,Cannot locate board border, maybe not the full board is in the scene. Failed at stage 1
sec6-res-util-lego-c2m2,,3006,,lego,,6,,668,,685,,113,,1.0,,Cannot locate board border, maybe not the full board is in the scene. Failed at stage 1
sec6-res-util-lego-c2m2,,3009,,lego,,6,,633,,648,,76,,1.0,,Cannot locate board border, maybe not the full board is in the scene. Failed at stage 1
sec6-res-util-lego-c2m2,,3012,,lego,,6,,627,,643,,76,,1.0,,Cannot locate board border, maybe not the full board is in the scene. Failed at stage 1
sec6-res-util-lego-c2m2,,3015,,lego,,6,,645,,660,,88,,1.0,,Cannot locate board border, maybe not the full board is in the scene. Failed at stage 1
sec6-res-util-lego-c2m2,,3018,,lego,,6,,597,,630,,58,,1.0,,Cannot locate board border, maybe not the full board is in the scene. Failed at stage 1
sec6-res-util-lego-c2m2,,3020,,lego,,6,,592,,608,,37,,1.0,,Cannot locate board border, maybe not the full board is in the scene. Failed at stage 1
sec6-res-util-lego-c2m2,,3022,,lego,,6,,620,,636,,64,,1.0,,Cannot locate board border, maybe not the full board is in the scene. Failed at stage 1
sec6-res-util-lego-c2m2,,3024,,lego,,6,,647,,663,,91,,1.0,,Cannot locate board border, maybe not the full board is in the scene. Failed at stage 1
sec6-res-util-lego-c2m2,,3027,,lego,,6,,618,,641,,72,,1.0,,Cannot locate board border, maybe not the full board is in the scene. Failed at stage 1
sec6-res-util-lego-c2m2,,3030,,lego,,6,,597,,639,,101,,1.0,,Cannot locate board border, maybe not the full board is in the scene. Failed at stage 1
sec6-res-util-lego-c2m2,,3033,,lego,,6,,581,,597,,25,,1.0,,Cannot locate board border, maybe not the full board is in the scene. Failed at stage 1
sec6-res-util-lego-c2m2,,3034,,lego,,6,,594,,611,,39,,1.0,,Cannot locate board border, maybe not the full board is in the scene. Failed at stage 1
sec6-res-util-lego-c2m2,,3036,,lego,,6,,625,,642,,73,,1.0,,Cannot locate board border, maybe not the full board is in the scene. Failed at stage 1
sec6-res-util-lego-c2m2,,3039,,lego,,6,,637,,659,,88,,1.0,,Cannot locate board border, maybe not the full board is in the scene. Failed at stage 1
sec6-res-util-lego-c2m2,,3042,,lego,,6,,597,,651,,79,,1.0,,Cannot locate board border, maybe not the full board is in the scene. Failed at stage 1
sec6-res-util-lego-c2m2,,3044,,lego,,6,,610,,656,,85,,1.0,,Cannot locate board border, maybe not the full board is in the scene. Failed at stage 1
sec6-res-util-lego-c2m2,,3047,,lego,,6,,643,,668,,96,,1.0,,Cannot locate board border, maybe not the full board is in the scene. Failed at stage 1
sec6-res-util-lego-c2m2,,3051,,lego,,6,,583,,638,,67,,1.0,,Cannot locate board border, maybe not the full board is in the scene. Failed at stage 1
sec6-res-util-lego-c2m2,,3053,,lego,,6,,594,,617,,45,,1.0,,Cannot locate board border, maybe not the full board is in the scene. Failed at stage 1
sec6-res-util-lego-c2m2,,3055,,lego,,6,,629,,647,,76,,1.0,,Cannot locate board border, maybe not the full board is in the scene. Failed at stage 1
sec6-res-util-lego-c2m2,,3058,,lego,,6,,581,,608,,36,,1.0,,Cannot locate board border, maybe not the full board is in the scene. Failed at stage 1
sec6-res-util-lego-c2m2,,3059,,lego,,6,,581,,601,,29,,1.0,,Cannot locate board border, maybe not the full board is in the scene. Failed at stage 1
sec6-res-util-lego-c2m2,,3060,,lego,,6,,614,,640,,68,,1.0,,Cannot locate board border, maybe not the full board is in the scene. Failed at stage 1
sec6-res-util-lego-c2m2,,3063,,lego,,6,,581,,602,,30,,1.0,,Cannot locate board border, maybe not the full board is in the scene. Failed at stage 1
sec6-res-util-lego-c2m2,,3064,,lego,,6,,625,,639,,68,,1.0,,Cannot locate board border, maybe not the full board is in the scene. Failed at stage 1
sec6-res-util-lego-c2m2,,3067,,lego,,6,,638,,654,,82,,1.0,,Cannot locate board border, maybe not the full board is in the scene. Failed at stage 1
sec6-res-util-lego-c2m2,,3069,,lego,,6,,581,,620,,48,,1.0,,Cannot locate board border, maybe not the full board is in the scene. Failed at stage 1
sec6-res-util-lego-c2m2,,3071,,lego,,6,,589,,603,,31,,1.0,,Cannot locate board border, maybe not the full board is in the scene. Failed at stage 1
sec6-res-util-lego-c2m2,,3073,,lego,,6,,621,,637,,66,,1.0,,Cannot locate board border, maybe not the full board is in the scene. Failed at stage 1
sec6-res-util-lego-c2m2,,3075,,lego,,6,,651,,676,,105,,1.0,,Cannot locate board border, maybe not the full board is in the scene. Failed at stage 1
sec6-res-util-lego-c2m2,,3079,,lego,,6,,654,,706,,134,,1.0,,Cannot locate board border, maybe not the full board is in the scene. Failed at stage 1
sec6-res-util-lego-c2m2,,3083,,lego,,6,,598,,656,,85,,1.0,,Cannot locate board border, maybe not the full board is in the scene. Failed at stage 1
sec6-res-util-lego-c2m2,,3086,,lego,,6,,662,,686,,114,,1.0,,Cannot locate board border, maybe not the full board is in the scene. Failed at stage 1
sec6-res-util-lego-c2m2,,3090,,lego,,6,,599,,679,,107,,1.0,,Cannot find a large enough foreground near the center of board
sec6-res-util-lego-c2m2,,3093,,lego,,6,,654,,754,,182,,1.0,,Cannot find a large enough foreground near the center of board
sec6-res-util-lego-c2m2,,3100,,lego,,6,,625,,722,,151,,1.0,,Cannot find a large enough foreground near the center of board
sec6-res-util-lego-c2m2,,3104,,lego,,6,,598,,700,,129,,1.0,,Cannot find a large enough foreground near the center of board
sec6-res-util-lego-c2m2,,3109,,lego,,6,,647,,754,,183,,1.0,,Cannot find a large enough foreground near the center of board
sec6-res-util-lego-c2m2,,3115,,lego,,6,,601,,675,,128,,1.0,,Cannot find a large enough foreground near the center of board
sec6-res-util-lego-c2m2,,3119,,lego,,6,,603,,699,,127,,1.0,,Cannot find a large enough foreground near the center of board
sec6-res-util-lego-c2m2,,3123,,lego,,6,,725,,824,,269,,1.0,,Cannot find a large enough foreground near the center of board
sec6-res-util-lego-c2m2,,3132,,lego,,6,,675,,764,,192,,1.0,,Cannot find a large enough foreground near the center of board
sec6-res-util-lego-c2m2,,3138,,lego,,6,,735,,860,,395,,1.0,,Cannot find a large enough foreground near the center of board
sec6-res-util-lego-c2m2,,3150,,lego,,6,,734,,824,,291,,1.0,,Cannot find a large enough foreground near the center of board
sec6-res-util-lego-c2m2,,3159,,lego,,6,,647,,742,,171,,1.0,,Cannot find a large enough foreground near the center of board
sec6-res-util-lego-c2m2,,3165,,lego,,6,,626,,736,,164,,1.0,,Cannot find a large enough foreground near the center of board
sec6-res-util-lego-c2m2,,3170,,lego,,6,,597,,691,,120,,1.0,,Cannot find a large enough foreground near the center of board
sec6-res-util-lego-c2m2,,3174,,lego,,6,,718,,805,,297,,1.0,,Cannot find a large enough foreground near the center of board
sec6-res-util-lego-c2m2,,3184,,lego,,6,,615,,708,,137,,1.0,,Cannot find a large enough foreground near the center of board
sec6-res-util-lego-c2m2,,3188,,lego,,6,,676,,774,,202,,1.0,,Cannot find a large enough foreground near the center of board
sec6-res-util-lego-c2m2,,3195,,lego,,6,,653,,752,,180,,1.0,,Cannot find a large enough foreground near the center of board
sec6-res-util-lego-c2m2,,3201,,lego,,6,,629,,704,,157,,1.0,,Cannot find a large enough foreground near the center of board
sec6-res-util-lego-c2m2,,3206,,lego,,6,,601,,713,,142,,1.0,,Cannot find a large enough foreground near the center of board
sec6-res-util-lego-c2m2,,3211,,lego,,6,,621,,714,,142,,1.0,,Cannot find a large enough foreground near the center of board
sec6-res-util-lego-c2m2,,3215,,lego,,6,,602,,670,,98,,1.0,,Cannot locate board border, maybe not the full board is in the scene. Failed at stage 1
sec6-res-util-lego-c2m2,,3219,,lego,,6,,1166,,1248,,767,,0.999996000657,,Cannot locate board border, maybe not the full board is in the scene. Failed at stage 1
sec6-res-util-lego-c2m2,,3242,,lego,,6,,595,,671,,100,,1.0,,Cannot locate board border, maybe not the full board is in the scene. Failed at stage 1
sec6-res-util-lego-c2m2,,3246,,lego,,6,,619,,655,,84,,1.0,,Cannot locate board border, maybe not the full board is in the scene. Failed at stage 1
sec6-res-util-lego-c2m2,,3248,,lego,,6,,609,,659,,87,,1.0,,Cannot locate board border, maybe not the full board is in the scene. Failed at stage 1
sec6-res-util-lego-c2m2,,3252,,lego,,6,,715,,759,,283,,1.0,,Cannot locate board border, maybe not the full board is in the scene. Failed at stage 1
sec6-res-util-lego-c2m2,,3261,,lego,,6,,631,,664,,94,,1.0,,Cannot locate board border, maybe not the full board is in the scene. Failed at stage 1
sec6-res-util-lego-c2m2,,3264,,lego,,6,,650,,682,,110,,1.0,,Cannot locate board border, maybe not the full board is in the scene. Failed at stage 1
sec6-res-util-lego-c2m2,,3268,,lego,,6,,608,,655,,83,,1.0,,Cannot locate board border, maybe not the full board is in the scene. Failed at stage 1
sec6-res-util-lego-c2m2,,3271,,lego,,6,,611,,643,,71,,1.0,,Cannot locate board border, maybe not the full board is in the scene. Failed at stage 1
sec6-res-util-lego-c2m2,,3273,,lego,,6,,642,,673,,102,,1.0,,Cannot locate board border, maybe not the full board is in the scene. Failed at stage 1
sec6-res-util-lego-c2m2,,3277,,lego,,6,,643,,678,,107,,1.0,,Cannot locate board border, maybe not the full board is in the scene. Failed at stage 1
sec6-res-util-lego-c2m2,,3280,,lego,,6,,906,,945,,461,,1.0,,Cannot locate board border, maybe not the full board is in the scene. Failed at stage 1
sec6-res-util-lego-c2m2,,3294,,lego,,6,,717,,1325,,790,,0.999993299037,,Not confident about reconstruction, maybe too much noise
sec6-res-util-lego-c2m2,,3319,,lego,,6,,1207,,1741,,1206,,0.99930655293,,Not confident about reconstruction, maybe too much noise
sec6-res-util-lego-c2m2,,3356,,lego,,6,,1169,,1809,,1302,,0.998751262167,,Not confident about reconstruction, maybe too much noise
sec6-res-util-lego-c2m2,,3396,,lego,,6,,1070,,1667,,1204,,0.999315662127,,Not confident about reconstruction, maybe too much noise
sec6-res-util-lego-c2m2,,3433,,lego,,6,,917,,1597,,1098,,0.999683742967,,Not confident about reconstruction, maybe too much noise
sec6-res-util-lego-c2m2,,3466,,lego,,6,,677,,1305,,808,,0.999990375545,,Not confident about reconstruction, maybe too much noise
sec6-res-util-lego-c2m2,,3491,,lego,,6,,587,,624,,85,,1.0,,Cannot locate board border, maybe not the full board is in the scene. Failed at stage 1
sec6-res-util-lego-c2m2,,3494,,lego,,6,,584,,633,,62,,1.0,,Cannot locate board border, maybe not the full board is in the scene. Failed at stage 1
sec6-res-util-lego-c2m2,,3496,,lego,,6,,613,,646,,75,,1.0,,Cannot locate board border, maybe not the full board is in the scene. Failed at stage 1
sec6-res-util-lego-c2m2,,3499,,lego,,6,,621,,656,,84,,1.0,,Cannot locate board border, maybe not the full board is in the scene. Failed at stage 1
sec6-res-util-lego-c2m2,,3502,,lego,,6,,583,,626,,54,,1.0,,Cannot locate board border, maybe not the full board is in the scene. Failed at stage 1
sec6-res-util-lego-c2m2,,3504,,lego,,6,,595,,647,,76,,1.0,,Cannot locate board border, maybe not the full board is in the scene. Failed at stage 1
sec6-res-util-lego-c2m2,,3507,,lego,,6,,582,,649,,77,,1.0,,Cannot find a large enough foreground near the center of board
sec6-res-util-lego-c2m2,,3510,,lego,,6,,601,,659,,87,,1.0,,Cannot locate board border, maybe not the full board is in the scene. Failed at stage 1
sec6-res-util-lego-c2m2,,3513,,lego,,6,,583,,649,,77,,1.0,,Cannot locate board border, maybe not the full board is in the scene. Failed at stage 1
sec6-res-util-lego-c2m2,,3516,,lego,,6,,625,,668,,96,,1.0,,Cannot locate board border, maybe not the full board is in the scene. Failed at stage 1
sec6-res-util-lego-c2m2,,3519,,lego,,6,,636,,675,,103,,1.0,,Cannot locate board border, maybe not the full board is in the scene. Failed at stage 1
sec6-res-util-lego-c2m2,,3523,,lego,,6,,620,,658,,86,,1.0,,Cannot locate board border, maybe not the full board is in the scene. Failed at stage 1
sec6-res-util-lego-c2m2,,3526,,lego,,6,,604,,640,,69,,1.0,,Cannot locate board border, maybe not the full board is in the scene. Failed at stage 1
sec6-res-util-lego-c2m2,,3528,,lego,,6,,583,,637,,66,,1.0,,Cannot locate board border, maybe not the full board is in the scene. Failed at stage 1
sec6-res-util-lego-c2m2,,3531,,lego,,6,,584,,620,,48,,1.0,,Cannot locate board border, maybe not the full board is in the scene. Failed at stage 1
sec6-res-util-lego-c2m2,,3532,,lego,,6,,608,,644,,73,,1.0,,Cannot locate board border, maybe not the full board is in the scene. Failed at stage 1
sec6-res-util-lego-c2m2,,3535,,lego,,6,,590,,623,,52,,1.0,,Cannot locate board border, maybe not the full board is in the scene. Failed at stage 1
sec6-res-util-lego-c2m2,,3537,,lego,,6,,583,,641,,69,,1.0,,Cannot locate board border, maybe not the full board is in the scene. Failed at stage 1
sec6-res-util-lego-c2m2,,3540,,lego,,6,,593,,649,,78,,1.0,,Cannot locate board border, maybe not the full board is in the scene. Failed at stage 1
sec6-res-util-lego-c2m2,,3543,,lego,,6,,584,,616,,57,,1.0,,Cannot locate board border, maybe not the full board is in the scene. Failed at stage 1
sec6-res-util-lego-c2m2,,3545,,lego,,6,,592,,623,,52,,1.0,,Cannot locate board border, maybe not the full board is in the scene. Failed at stage 1
sec6-res-util-lego-c2m2,,3547,,lego,,6,,614,,646,,74,,1.0,,Cannot locate board border, maybe not the full board is in the scene. Failed at stage 1
sec6-res-util-lego-c2m2,,3550,,lego,,6,,586,,629,,58,,1.0,,Cannot locate board border, maybe not the full board is in the scene. Failed at stage 1
sec6-res-util-lego-c2m2,,3552,,lego,,6,,624,,656,,85,,1.0,,Cannot locate board border, maybe not the full board is in the scene. Failed at stage 1
sec6-res-util-lego-c2m2,,3555,,lego,,6,,584,,636,,64,,1.0,,Cannot locate board border, maybe not the full board is in the scene. Failed at stage 1
sec6-res-util-lego-c2m2,,3557,,lego,,6,,583,,612,,41,,1.0,,Cannot locate board border, maybe not the full board is in the scene. Failed at stage 1
sec6-res-util-lego-c2m2,,3559,,lego,,6,,611,,640,,69,,1.0,,Cannot locate board border, maybe not the full board is in the scene. Failed at stage 1
sec6-res-util-lego-c2m2,,3562,,lego,,6,,586,,619,,47,,1.0,,Cannot locate board border, maybe not the full board is in the scene. Failed at stage 1
sec6-res-util-lego-c2m2,,3564,,lego,,6,,583,,611,,39,,1.0,,Cannot locate board border, maybe not the full board is in the scene. Failed at stage 1
sec6-res-util-lego-c2m2,,3565,,lego,,6,,582,,610,,40,,1.0,,Cannot locate board border, maybe not the full board is in the scene. Failed at stage 1
sec6-res-util-lego-c2m2,,3567,,lego,,6,,584,,609,,53,,1.0,,Cannot locate board border, maybe not the full board is in the scene. Failed at stage 1
sec6-res-util-lego-c2m2,,3569,,lego,,6,,584,,606,,35,,1.0,,Cannot locate board border, maybe not the full board is in the scene. Failed at stage 1
sec6-res-util-lego-c2m2,,3570,,lego,,6,,583,,628,,56,,1.0,,Cannot locate board border, maybe not the full board is in the scene. Failed at stage 1
sec6-res-util-lego-c2m2,,3572,,lego,,6,,592,,636,,65,,1.0,,Cannot locate board border, maybe not the full board is in the scene. Failed at stage 1
sec6-res-util-lego-c2m2,,3575,,lego,,6,,600,,626,,54,,1.0,,Cannot locate board border, maybe not the full board is in the scene. Failed at stage 1
sec6-res-util-lego-c2m2,,3577,,lego,,6,,581,,608,,36,,1.0,,Cannot locate board border, maybe not the full board is in the scene. Failed at stage 1
sec6-res-util-lego-c2m2,,3578,,lego,,6,,611,,648,,76,,1.0,,Cannot locate board border, maybe not the full board is in the scene. Failed at stage 1
sec6-res-util-lego-c2m2,,3581,,lego,,6,,580,,596,,25,,1.0,,Cannot locate board border, maybe not the full board is in the scene. Failed at stage 1
sec6-res-util-lego-c2m2,,3582,,lego,,6,,616,,632,,60,,1.0,,Cannot locate board border, maybe not the full board is in the scene. Failed at stage 1
sec6-res-util-lego-c2m2,,3585,,lego,,6,,581,,596,,24,,1.0,,Cannot locate board border, maybe not the full board is in the scene. Failed at stage 1
sec6-res-util-lego-c2m2,,3586,,lego,,6,,603,,619,,46,,1.0,,Cannot locate board border, maybe not the full board is in the scene. Failed at stage 1
sec6-res-util-lego-c2m2,,3587,,lego,,6,,607,,622,,50,,1.0,,Cannot locate board border, maybe not the full board is in the scene. Failed at stage 1
sec6-res-util-lego-c2m2,,3589,,lego,,6,,594,,610,,38,,1.0,,Cannot locate board border, maybe not the full board is in the scene. Failed at stage 1
sec6-res-util-lego-c2m2,,3591,,lego,,6,,584,,600,,28,,1.0,,Cannot locate board border, maybe not the full board is in the scene. Failed at stage 1
sec6-res-util-lego-c2m2,,3592,,lego,,6,,603,,618,,46,,1.0,,Cannot locate board border, maybe not the full board is in the scene. Failed at stage 1
sec6-res-util-lego-c2m2,,3594,,lego,,6,,597,,629,,57,,1.0,,Cannot locate board border, maybe not the full board is in the scene. Failed at stage 1
sec6-res-util-lego-c2m2,,3596,,lego,,6,,581,,596,,24,,1.0,,Cannot locate board border, maybe not the full board is in the scene. Failed at stage 1
sec6-res-util-lego-c2m2,,3598,,lego,,6,,603,,618,,46,,1.0,,Cannot locate board border, maybe not the full board is in the scene. Failed at stage 1
sec6-res-util-lego-c2m2,,3600,,lego,,6,,589,,636,,64,,1.0,,Cannot locate board border, maybe not the full board is in the scene. Failed at stage 1
sec6-res-util-lego-c2m2,,3602,,lego,,6,,581,,596,,23,,1.0,,Cannot locate board border, maybe not the full board is in the scene. Failed at stage 1
sec6-res-util-lego-c2m2,,3603,,lego,,6,,588,,621,,49,,1.0,,Cannot locate board border, maybe not the full board is in the scene. Failed at stage 1
sec6-res-util-lego-c2m2,,3605,,lego,,6,,582,,598,,26,,1.0,,Cannot locate board border, maybe not the full board is in the scene. Failed at stage 1
sec6-res-util-lego-c2m2,,3606,,lego,,6,,613,,628,,56,,1.0,,Cannot locate board border, maybe not the full board is in the scene. Failed at stage 1
sec6-res-util-lego-c2m2,,3609,,lego,,6,,589,,604,,32,,1.0,,Cannot locate board border, maybe not the full board is in the scene. Failed at stage 1
sec6-res-util-lego-c2m2,,3610,,lego,,6,,581,,595,,23,,1.0,,Cannot locate board border, maybe not the full board is in the scene. Failed at stage 1
sec6-res-util-lego-c2m2,,3611,,lego,,6,,592,,607,,35,,1.0,,Cannot locate board border, maybe not the full board is in the scene. Failed at stage 1
sec6-res-util-lego-c2m2,,3613,,lego,,6,,609,,624,,53,,1.0,,Cannot locate board border, maybe not the full board is in the scene. Failed at stage 1
sec6-res-util-lego-c2m2,,3615,,lego,,6,,588,,603,,31,,1.0,,Cannot locate board border, maybe not the full board is in the scene. Failed at stage 1
sec6-res-util-lego-c2m2,,3616,,lego,,6,,584,,600,,27,,1.0,,Cannot locate board border, maybe not the full board is in the scene. Failed at stage 1
sec6-res-util-lego-c2m2,,3618,,lego,,6,,581,,597,,25,,1.0,,Cannot locate board border, maybe not the full board is in the scene. Failed at stage 1
sec6-res-util-lego-c2m2,,3619,,lego,,6,,617,,633,,61,,1.0,,Cannot locate board border, maybe not the full board is in the scene. Failed at stage 1
sec6-res-util-lego-c2m2,,3621,,lego,,6,,581,,617,,45,,1.0,,Cannot locate board border, maybe not the full board is in the scene. Failed at stage 1
sec6-res-util-lego-c2m2,,3623,,lego,,6,,583,,598,,26,,1.0,,Cannot locate board border, maybe not the full board is in the scene. Failed at stage 1
sec6-res-util-lego-c2m2,,3624,,lego,,6,,611,,628,,56,,1.0,,Cannot locate board border, maybe not the full board is in the scene. Failed at stage 1
sec6-res-util-lego-c2m2,,3626,,lego,,6,,581,,598,,25,,1.0,,Cannot locate board border, maybe not the full board is in the scene. Failed at stage 1
sec6-res-util-lego-c2m2,,3628,,lego,,6,,584,,602,,30,,1.0,,Cannot locate board border, maybe not the full board is in the scene. Failed at stage 1
sec6-res-util-lego-c2m2,,3629,,lego,,6,,581,,598,,26,,1.0,,Cannot locate board border, maybe not the full board is in the scene. Failed at stage 1
sec6-res-util-lego-c2m2,,3630,,lego,,6,,581,,598,,26,,1.0,,Cannot locate board border, maybe not the full board is in the scene. Failed at stage 1
sec6-res-util-lego-c2m2,,3632,,lego,,6,,584,,600,,28,,1.0,,Cannot locate board border, maybe not the full board is in the scene. Failed at stage 1
sec6-res-util-lego-c2m2,,3633,,lego,,6,,582,,599,,26,,1.0,,Cannot locate board border, maybe not the full board is in the scene. Failed at stage 1
sec6-res-util-lego-c2m2,,3634,,lego,,6,,586,,603,,30,,1.0,,Cannot locate board border, maybe not the full board is in the scene. Failed at stage 1
sec6-res-util-lego-c2m2,,3635,,lego,,6,,604,,620,,66,,1.0,,Cannot locate board border, maybe not the full board is in the scene. Failed at stage 1
sec6-res-util-lego-c2m2,,3638,,lego,,6,,584,,600,,28,,1.0,,Cannot locate board border, maybe not the full board is in the scene. Failed at stage 1
sec6-res-util-lego-c2m2,,3639,,lego,,6,,582,,598,,40,,1.0,,Cannot locate board border, maybe not the full board is in the scene. Failed at stage 1
sec6-res-util-lego-c2m2,,3641,,lego,,6,,581,,598,,26,,1.0,,Cannot locate board border, maybe not the full board is in the scene. Failed at stage 1
sec6-res-util-lego-c2m2,,3642,,lego,,6,,585,,601,,43,,1.0,,Cannot locate board border, maybe not the full board is in the scene. Failed at stage 1
sec6-res-util-lego-c2m2,,3644,,lego,,6,,581,,597,,26,,1.0,,Cannot locate board border, maybe not the full board is in the scene. Failed at stage 1
sec6-res-util-lego-c2m2,,3645,,lego,,6,,621,,637,,65,,1.0,,Cannot locate board border, maybe not the full board is in the scene. Failed at stage 1
sec6-res-util-lego-c2m2,,3648,,lego,,6,,597,,646,,74,,1.0,,Cannot locate board border, maybe not the full board is in the scene. Failed at stage 1
sec6-res-util-lego-c2m2,,3650,,lego,,6,,657,,674,,103,,1.0,,Cannot locate board border, maybe not the full board is in the scene. Failed at stage 1
sec6-res-util-lego-c2m2,,3654,,lego,,6,,591,,607,,35,,1.0,,Cannot locate board border, maybe not the full board is in the scene. Failed at stage 1
sec6-res-util-lego-c2m2,,3655,,lego,,6,,617,,635,,63,,1.0,,Cannot locate board border, maybe not the full board is in the scene. Failed at stage 1
sec6-res-util-lego-c2m2,,3658,,lego,,6,,613,,629,,57,,1.0,,Cannot locate board border, maybe not the full board is in the scene. Failed at stage 1
sec6-res-util-lego-c2m2,,3660,,lego,,6,,640,,661,,89,,1.0,,Cannot locate board border, maybe not the full board is in the scene. Failed at stage 1
sec6-res-util-lego-c2m2,,3663,,lego,,6,,639,,661,,89,,1.0,,Cannot locate board border, maybe not the full board is in the scene. Failed at stage 1
sec6-res-util-lego-c2m2,,3666,,lego,,6,,584,,606,,34,,1.0,,Cannot locate board border, maybe not the full board is in the scene. Failed at stage 1
sec6-res-util-lego-c2m2,,3668,,lego,,6,,618,,635,,63,,1.0,,Cannot locate board border, maybe not the full board is in the scene. Failed at stage 1
sec6-res-util-lego-c2m2,,3670,,lego,,6,,615,,631,,60,,1.0,,Cannot locate board border, maybe not the full board is in the scene. Failed at stage 1
sec6-res-util-lego-c2m2,,3672,,lego,,6,,632,,654,,83,,1.0,,Cannot locate board border, maybe not the full board is in the scene. Failed at stage 1
sec6-res-util-lego-c2m2,,3675,,lego,,6,,914,,932,,398,,1.0,,Cannot locate board border, maybe not the full board is in the scene. Failed at stage 1
sec6-res-util-lego-c2m2,,3688,,lego,,6,,752,,802,,293,,1.0,,Cannot locate board border, maybe not the full board is in the scene. Failed at stage 1
sec6-res-util-lego-c2m2,,3697,,lego,,6,,805,,838,,291,,1.0,,Cannot locate board border, maybe not the full board is in the scene. Failed at stage 1
sec6-res-util-lego-c2m2,,3706,,lego,,6,,600,,632,,61,,1.0,,Cannot locate board border, maybe not the full board is in the scene. Failed at stage 1
sec6-res-util-lego-c2m2,,3708,,lego,,6,,845,,877,,315,,1.0,,Cannot locate board border, maybe not the full board is in the scene. Failed at stage 1
sec6-res-util-lego-c2m2,,3718,,lego,,6,,1212,,1279,,802,,0.999991438925,,Cannot locate board border, maybe not the full board is in the scene. Failed at stage 1
sec6-res-util-lego-c2m2,,3743,,lego,,6,,606,,715,,144,,1.0,,Cannot find a large enough foreground near the center of board
sec6-res-util-lego-c2m2,,3748,,lego,,6,,1047,,1156,,641,,0.99999998547,,Cannot find a large enough foreground near the center of board
sec6-res-util-lego-c2m2,,3767,,lego,,6,,583,,681,,109,,1.0,,Cannot find a large enough foreground near the center of board
sec6-res-util-lego-c2m2,,3771,,lego,,6,,635,,749,,178,,1.0,,Cannot find a large enough foreground near the center of board
sec6-res-util-lego-c2m2,,3777,,lego,,6,,636,,719,,147,,1.0,,Cannot find a large enough foreground near the center of board
sec6-res-util-lego-c2m2,,3782,,lego,,6,,639,,711,,139,,1.0,,Cannot find a large enough foreground near the center of board
sec6-res-util-lego-c2m2,,3787,,lego,,6,,639,,803,,253,,1.0,,Cannot find a large enough foreground near the center of board
sec6-res-util-lego-c2m2,,3795,,lego,,6,,598,,677,,105,,1.0,,Cannot find a large enough foreground near the center of board
sec6-res-util-lego-c2m2,,3799,,lego,,6,,582,,661,,90,,1.0,,Cannot find a large enough foreground near the center of board
sec6-res-util-lego-c2m2,,3802,,lego,,6,,619,,721,,150,,1.0,,Cannot find a large enough foreground near the center of board
sec6-res-util-lego-c2m2,,3807,,lego,,6,,626,,728,,156,,1.0,,Cannot find a large enough foreground near the center of board
sec6-res-util-lego-c2m2,,3812,,lego,,6,,682,,761,,192,,1.0,,Cannot find a large enough foreground near the center of board
sec6-res-util-lego-c2m2,,3818,,lego,,6,,658,,752,,232,,1.0,,Cannot find a large enough foreground near the center of board
sec6-res-util-lego-c2m2,,3826,,lego,,6,,609,,733,,161,,1.0,,Cannot find a large enough foreground near the center of board
sec6-res-util-lego-c2m2,,3831,,lego,,6,,582,,631,,59,,1.0,,Cannot locate board border, maybe not the full board is in the scene. Failed at stage 1
sec6-res-util-lego-c2m2,,3834,,lego,,6,,583,,619,,47,,1.0,,Cannot locate board border, maybe not the full board is in the scene. Failed at stage 1
sec6-res-util-lego-c2m2,,3836,,lego,,6,,583,,616,,43,,1.0,,Cannot locate board border, maybe not the full board is in the scene. Failed at stage 1
sec6-res-util-lego-c2m2,,3837,,lego,,6,,581,,622,,50,,1.0,,Cannot locate board border, maybe not the full board is in the scene. Failed at stage 1
sec6-res-util-lego-c2m2,,3839,,lego,,6,,642,,690,,118,,1.0,,Cannot locate board border, maybe not the full board is in the scene. Failed at stage 1
sec6-res-util-lego-c2m2,,3843,,lego,,6,,643,,673,,101,,1.0,,Cannot locate board border, maybe not the full board is in the scene. Failed at stage 1
sec6-res-util-lego-c2m2,,3847,,lego,,6,,623,,653,,81,,1.0,,Cannot locate board border, maybe not the full board is in the scene. Failed at stage 1
sec6-res-util-lego-c2m2,,3850,,lego,,6,,631,,693,,122,,1.0,,Cannot locate board border, maybe not the full board is in the scene. Failed at stage 1
sec6-res-util-lego-c2m2,,3854,,lego,,6,,615,,681,,109,,1.0,,Cannot locate board border, maybe not the full board is in the scene. Failed at stage 1
sec6-res-util-lego-c2m2,,3858,,lego,,6,,590,,648,,76,,1.0,,Cannot locate board border, maybe not the full board is in the scene. Failed at stage 1
sec6-res-util-lego-c2m2,,3860,,lego,,6,,599,,631,,64,,1.0,,Cannot locate board border, maybe not the full board is in the scene. Failed at stage 1
sec6-res-util-lego-c2m2,,3863,,lego,,6,,581,,621,,50,,1.0,,Cannot locate board border, maybe not the full board is in the scene. Failed at stage 1
sec6-res-util-lego-c2m2,,3865,,lego,,6,,583,,634,,61,,1.0,,Cannot locate board border, maybe not the full board is in the scene. Failed at stage 1
sec6-res-util-lego-c2m2,,3867,,lego,,6,,583,,1270,,754,,0.999997107951,,Not confident about reconstruction, maybe too much noise
sec6-res-util-lego-c2m2,,3890,,lego,,6,,585,,1247,,690,,0.999999662641,,Not confident about reconstruction, maybe too much noise
sec6-res-util-lego-c2m2,,3912,,lego,,6,,582,,1152,,689,,0.999999677386,,Not confident about reconstruction, maybe too much noise
sec6-res-util-lego-c2m2,,3933,,lego,,6,,596,,1330,,790,,0.999993299037,,Not confident about reconstruction, maybe too much noise
sec6-res-util-lego-c2m2,,3958,,lego,,6,,583,,1151,,592,,1.0,,Not confident about reconstruction, maybe too much noise
sec6-res-util-lego-c2m2,,3976,,lego,,6,,584,,1235,,702,,0.999999443425,,Not confident about reconstruction, maybe too much noise
sec6-res-util-lego-c2m2,,3998,,lego,,6,,587,,1164,,698,,0.999999525728,,Not confident about reconstruction, maybe too much noise
sec6-res-util-lego-c2m2,,4019,,lego,,6,,584,,1095,,583,,1.0,,Not confident about reconstruction, maybe too much noise
sec6-res-util-lego-c2m2,,4038,,lego,,6,,596,,1262,,793,,0.999992865689,,Not confident about reconstruction, maybe too much noise
sec6-res-util-lego-c2m2,,4062,,lego,,6,,604,,1204,,739,,0.999998080527,,Not confident about reconstruction, maybe too much noise
sec6-res-util-lego-c2m2,,1,,lego,,6,,679,,813,,336,,1.0,,Cannot find a large enough foreground near the center of board
sec6-res-util-lego-c2m2,,12,,lego,,6,,874,,971,,400,,1.0,,Cannot find a large enough foreground near the center of board
sec6-res-util-lego-c2m2,,25,,lego,,6,,701,,819,,265,,1.0,,Cannot find a large enough foreground near the center of board
sec6-res-util-lego-c2m2,,34,,lego,,6,,969,,1071,,598,,1.0,,Cannot find a large enough foreground near the center of board
sec6-res-util-lego-c2m2,,52,,lego,,6,,647,,723,,151,,1.0,,Cannot find a large enough foreground near the center of board
sec6-res-util-lego-c2m2,,57,,lego,,6,,924,,1033,,531,,1.0,,Cannot find a large enough foreground near the center of board
sec6-res-util-lego-c2m2,,74,,lego,,6,,682,,796,,290,,1.0,,Cannot find a large enough foreground near the center of board
sec6-res-util-lego-c2m2,,83,,lego,,6,,882,,987,,498,,1.0,,Cannot find a large enough foreground near the center of board
sec6-res-util-lego-c2m2,,98,,lego,,6,,586,,731,,160,,1.0,,Cannot find a large enough foreground near the center of board
sec6-res-util-lego-c2m2,,103,,lego,,6,,1015,,1142,,629,,0.999999996363,,Cannot find a large enough foreground near the center of board
sec6-res-util-lego-c2m2,,123,,lego,,6,,628,,748,,176,,1.0,,Cannot find a large enough foreground near the center of board
sec6-res-util-lego-c2m2,,129,,lego,,6,,939,,1038,,506,,1.0,,Cannot find a large enough foreground near the center of board
sec6-res-util-lego-c2m2,,144,,lego,,6,,609,,677,,105,,1.0,,Cannot locate board border, maybe not the full board is in the scene. Failed at stage 1
sec6-res-util-lego-c2m2,,148,,lego,,6,,599,,659,,88,,1.0,,Cannot locate board border, maybe not the full board is in the scene. Failed at stage 1
sec6-res-util-lego-c2m2,,151,,lego,,6,,602,,660,,88,,1.0,,Cannot locate board border, maybe not the full board is in the scene. Failed at stage 1
sec6-res-util-lego-c2m2,,154,,lego,,6,,598,,655,,85,,1.0,,Cannot locate board border, maybe not the full board is in the scene. Failed at stage 1
sec6-res-util-lego-c2m2,,157,,lego,,6,,581,,614,,63,,1.0,,Cannot locate board border, maybe not the full board is in the scene. Failed at stage 1
sec6-res-util-lego-c2m2,,160,,lego,,6,,589,,622,,51,,1.0,,Cannot locate board border, maybe not the full board is in the scene. Failed at stage 1
sec6-res-util-lego-c2m2,,162,,lego,,6,,616,,648,,76,,1.0,,Cannot locate board border, maybe not the full board is in the scene. Failed at stage 1
sec6-res-util-lego-c2m2,,165,,lego,,6,,627,,667,,95,,1.0,,Cannot locate board border, maybe not the full board is in the scene. Failed at stage 1
sec6-res-util-lego-c2m2,,168,,lego,,6,,624,,689,,117,,1.0,,Cannot locate board border, maybe not the full board is in the scene. Failed at stage 1
sec6-res-util-lego-c2m2,,172,,lego,,6,,592,,627,,81,,1.0,,Cannot locate board border, maybe not the full board is in the scene. Failed at stage 1
sec6-res-util-lego-c2m2,,175,,lego,,6,,584,,624,,52,,1.0,,Cannot locate board border, maybe not the full board is in the scene. Failed at stage 1
sec6-res-util-lego-c2m2,,177,,lego,,6,,613,,655,,83,,1.0,,Cannot locate board border, maybe not the full board is in the scene. Failed at stage 1
sec6-res-util-lego-c2m2,,180,,lego,,6,,626,,1294,,742,,0.999997909375,,[[2 2 2 2]]
sec6-res-util-lego-c2m2,,203,,lego,,6,,584,,1254,,788,,0.999993576759,,[[2 2 2 2]]
sec6-res-util-lego-c2m2,,227,,lego,,6,,584,,1302,,791,,0.999993156846,,[[2 2 2 2]]
sec6-res-util-lego-c2m2,,252,,lego,,6,,604,,1229,,693,,0.99999961536,,[[2 2 2 2]]
sec6-res-util-lego-c2m2,,273,,lego,,6,,621,,1301,,799,,0.999991936286,,[[2 2 2 2]]!!State Change!!
sec6-res-util-lego-c2m2,,307,,lego,,6,,602,,1270,,712,,0.999999190914,,[[2 2 2 2]]
sec6-res-util-lego-c2m2,,339,,lego,,6,,595,,1222,,751,,0.999997326805,,[[2 2 2 2]]
sec6-res-util-lego-c2m2,,371,,lego,,6,,589,,1260,,730,,0.999998531425,,[[2 2 2 2]]
sec6-res-util-lego-c2m2,,399,,lego,,6,,650,,702,,130,,1.0,,Cannot locate board border, maybe not the full board is in the scene. Failed at stage 1
sec6-res-util-lego-c2m2,,427,,lego,,6,,797,,872,,383,,1.0,,Cannot locate board border, maybe not the full board is in the scene. Failed at stage 1
sec6-res-util-lego-c2m2,,450,,lego,,6,,750,,817,,345,,1.0,,Cannot locate board border, maybe not the full board is in the scene. Failed at stage 1
sec6-res-util-lego-c2m2,,469,,lego,,6,,632,,1215,,732,,0.999998438944,,[[2 2 2 2]]
sec6-res-util-lego-c2m2,,491,,lego,,6,,747,,812,,288,,1.0,,Cannot locate board border, maybe not the full board is in the scene. Failed at stage 1
sec6-res-util-lego-c2m2,,504,,lego,,6,,689,,737,,165,,1.0,,Cannot locate board border, maybe not the full board is in the scene. Failed at stage 1
sec6-res-util-lego-c2m2,,515,,lego,,6,,643,,689,,117,,1.0,,Cannot locate board border, maybe not the full board is in the scene. Failed at stage 1
sec6-res-util-lego-c2m2,,525,,lego,,6,,679,,727,,157,,1.0,,Cannot locate board border, maybe not the full board is in the scene. Failed at stage 1
sec6-res-util-lego-c2m2,,534,,lego,,6,,612,,652,,80,,1.0,,Cannot locate board border, maybe not the full board is in the scene. Failed at stage 1
sec6-res-util-lego-c2m2,,542,,lego,,6,,590,,635,,64,,1.0,,Cannot locate board border, maybe not the full board is in the scene. Failed at stage 1
sec6-res-util-lego-c2m2,,549,,lego,,6,,593,,634,,63,,1.0,,Cannot locate board border, maybe not the full board is in the scene. Failed at stage 1
sec6-res-util-lego-c2m2,,556,,lego,,6,,586,,617,,45,,1.0,,Cannot locate board border, maybe not the full board is in the scene. Failed at stage 1
sec6-res-util-lego-c2m2,,563,,lego,,6,,606,,666,,94,,1.0,,Cannot locate board border, maybe not the full board is in the scene. Failed at stage 1
sec6-res-util-lego-c2m2,,568,,lego,,6,,608,,652,,81,,1.0,,Cannot locate board border, maybe not the full board is in the scene. Failed at stage 1
sec6-res-util-lego-c2m2,,574,,lego,,6,,602,,685,,113,,1.0,,Cannot locate board border, maybe not the full board is in the scene. Failed at stage 1
sec6-res-util-lego-c2m2,,579,,lego,,6,,583,,629,,57,,1.0,,Cannot locate board border, maybe not the full board is in the scene. Failed at stage 1
sec6-res-util-lego-c2m2,,583,,lego,,6,,638,,670,,99,,1.0,,Cannot locate board border, maybe not the full board is in the scene. Failed at stage 1
sec6-res-util-lego-c2m2,,588,,lego,,6,,617,,650,,78,,1.0,,Cannot locate board border, maybe not the full board is in the scene. Failed at stage 1
sec6-res-util-lego-c2m2,,592,,lego,,6,,596,,628,,57,,1.0,,Cannot locate board border, maybe not the full board is in the scene. Failed at stage 1
sec6-res-util-lego-c2m2,,596,,lego,,6,,632,,665,,93,,1.0,,Cannot locate board border, maybe not the full board is in the scene. Failed at stage 1
sec6-res-util-lego-c2m2,,599,,lego,,6,,636,,718,,147,,1.0,,Cannot locate board border, maybe not the full board is in the scene. Failed at stage 1
sec6-res-util-lego-c2m2,,604,,lego,,6,,585,,633,,61,,1.0,,Cannot locate board border, maybe not the full board is in the scene. Failed at stage 1
sec6-res-util-lego-c2m2,,608,,lego,,6,,640,,673,,101,,1.0,,Cannot locate board border, maybe not the full board is in the scene. Failed at stage 1
sec6-res-util-lego-c2m2,,611,,lego,,6,,670,,727,,182,,1.0,,Cannot locate board border, maybe not the full board is in the scene. Failed at stage 1
sec6-res-util-lego-c2m2,,617,,lego,,6,,612,,644,,72,,1.0,,Cannot locate board border, maybe not the full board is in the scene. Failed at stage 1
sec6-res-util-lego-c2m2,,620,,lego,,6,,641,,677,,105,,1.0,,Cannot locate board border, maybe not the full board is in the scene. Failed at stage 1
sec6-res-util-lego-c2m2,,624,,lego,,6,,648,,722,,187,,1.0,,Cannot locate board border, maybe not the full board is in the scene. Failed at stage 1
sec6-res-util-lego-c2m2,,630,,lego,,6,,585,,635,,63,,1.0,,Cannot locate board border, maybe not the full board is in the scene. Failed at stage 1
sec6-res-util-lego-c2m2,,632,,lego,,6,,659,,735,,164,,1.0,,Cannot locate board border, maybe not the full board is in the scene. Failed at stage 1
sec6-res-util-lego-c2m2,,637,,lego,,6,,669,,714,,234,,1.0,,Cannot locate board border, maybe not the full board is in the scene. Failed at stage 1
sec6-res-util-lego-c2m2,,645,,lego,,6,,634,,693,,122,,1.0,,Cannot locate board border, maybe not the full board is in the scene. Failed at stage 1
sec6-res-util-lego-c2m2,,649,,lego,,6,,594,,650,,78,,1.0,,Cannot locate board border, maybe not the full board is in the scene. Failed at stage 1
sec6-res-util-lego-c2m2,,652,,lego,,6,,589,,625,,53,,1.0,,Cannot locate board border, maybe not the full board is in the scene. Failed at stage 1
sec6-res-util-lego-c2m2,,654,,lego,,6,,644,,708,,136,,1.0,,Cannot locate board border, maybe not the full board is in the scene. Failed at stage 1
sec6-res-util-lego-c2m2,,659,,lego,,6,,634,,1181,,648,,0.999999972705,,[[0 0 1 0]
 [2 2 2 2]]
sec6-res-util-lego-c2m2,,679,,lego,,6,,611,,1200,,693,,0.99999961536,,[[0 0 1 0]
 [2 2 2 2]]
sec6-res-util-lego-c2m2,,700,,lego,,6,,612,,1265,,788,,0.999993576759,,[[0 0 1 0]
 [2 2 2 2]]
sec6-res-util-lego-c2m2,,725,,lego,,6,,621,,1226,,689,,0.999999677386,,[[0 0 1 0]
 [2 2 2 2]]
sec6-res-util-lego-c2m2,,746,,lego,,6,,623,,1214,,687,,0.999999705422,,[[0 0 1 0]
 [2 2 2 2]]!!State Change!!
sec6-res-util-lego-c2m2,,780,,lego,,6,,609,,1189,,686,,0.999999718734,,[[0 0 1 0]
 [2 2 2 2]]
sec6-res-util-lego-c2m2,,813,,lego,,6,,627,,716,,144,,1.0,,Cannot locate board border, maybe not the full board is in the scene. Failed at stage 1
sec6-res-util-lego-c2m2,,846,,lego,,6,,659,,729,,155,,1.0,,Cannot locate board border, maybe not the full board is in the scene. Failed at stage 1
sec6-res-util-lego-c2m2,,875,,lego,,6,,829,,907,,385,,1.0,,Cannot locate board border, maybe not the full board is in the scene. Failed at stage 1
sec6-res-util-lego-c2m2,,901,,lego,,6,,649,,681,,110,,1.0,,Cannot locate board border, maybe not the full board is in the scene. Failed at stage 1
sec6-res-util-lego-c2m2,,924,,lego,,6,,600,,635,,63,,1.0,,Cannot locate board border, maybe not the full board is in the scene. Failed at stage 1
sec6-res-util-lego-c2m2,,944,,lego,,6,,591,,642,,70,,1.0,,Cannot locate board border, maybe not the full board is in the scene. Failed at stage 1
sec6-res-util-lego-c2m2,,960,,lego,,6,,634,,667,,95,,1.0,,Cannot locate board border, maybe not the full board is in the scene. Failed at stage 1
sec6-res-util-lego-c2m2,,973,,lego,,6,,592,,631,,60,,1.0,,Cannot locate board border, maybe not the full board is in the scene. Failed at stage 1
sec6-res-util-lego-c2m2,,985,,lego,,6,,635,,667,,95,,1.0,,Cannot locate board border, maybe not the full board is in the scene. Failed at stage 1
sec6-res-util-lego-c2m2,,996,,lego,,6,,603,,636,,64,,1.0,,Cannot locate board border, maybe not the full board is in the scene. Failed at stage 1
sec6-res-util-lego-c2m2,,1005,,lego,,6,,614,,648,,76,,1.0,,Cannot locate board border, maybe not the full board is in the scene. Failed at stage 1
sec6-res-util-lego-c2m2,,1012,,lego,,6,,597,,664,,93,,1.0,,Cannot locate board border, maybe not the full board is in the scene. Failed at stage 1
sec6-res-util-lego-c2m2,,1020,,lego,,6,,606,,639,,67,,1.0,,Cannot locate board border, maybe not the full board is in the scene. Failed at stage 1
sec6-res-util-lego-c2m2,,1026,,lego,,6,,621,,654,,82,,1.0,,Cannot locate board border, maybe not the full board is in the scene. Failed at stage 1
sec6-res-util-lego-c2m2,,1032,,lego,,6,,611,,674,,102,,1.0,,Cannot locate board border, maybe not the full board is in the scene. Failed at stage 1
sec6-res-util-lego-c2m2,,1038,,lego,,6,,624,,656,,86,,1.0,,Cannot locate board border, maybe not the full board is in the scene. Failed at stage 1
sec6-res-util-lego-c2m2,,1043,,lego,,6,,618,,650,,78,,1.0,,Cannot locate board border, maybe not the full board is in the scene. Failed at stage 1
sec6-res-util-lego-c2m2,,1048,,lego,,6,,584,,615,,43,,1.0,,Cannot locate board border, maybe not the full board is in the scene. Failed at stage 1
sec6-res-util-lego-c2m2,,1053,,lego,,6,,606,,639,,67,,1.0,,Cannot locate board border, maybe not the full board is in the scene. Failed at stage 1
sec6-res-util-lego-c2m2,,1058,,lego,,6,,617,,650,,78,,1.0,,Cannot locate board border, maybe not the full board is in the scene. Failed at stage 1
sec6-res-util-lego-c2m2,,1062,,lego,,6,,623,,656,,84,,1.0,,Cannot locate board border, maybe not the full board is in the scene. Failed at stage 1
sec6-res-util-lego-c2m2,,1066,,lego,,6,,589,,624,,52,,1.0,,Cannot locate board border, maybe not the full board is in the scene. Failed at stage 1
sec6-res-util-lego-c2m2,,1070,,lego,,6,,598,,647,,75,,1.0,,Cannot locate board border, maybe not the full board is in the scene. Failed at stage 1
sec6-res-util-lego-c2m2,,1072,,lego,,6,,641,,689,,117,,1.0,,Cannot locate board border, maybe not the full board is in the scene. Failed at stage 1
sec6-res-util-lego-c2m2,,1076,,lego,,6,,619,,655,,83,,1.0,,Cannot locate board border, maybe not the full board is in the scene. Failed at stage 1
sec6-res-util-lego-c2m2,,1079,,lego,,6,,595,,647,,75,,1.0,,Cannot locate board border, maybe not the full board is in the scene. Failed at stage 1
sec6-res-util-lego-c2m2,,1082,,lego,,6,,650,,739,,167,,1.0,,Cannot find a large enough foreground near the center of board
sec6-res-util-lego-c2m2,,1087,,lego,,6,,613,,707,,135,,1.0,,Cannot find a large enough foreground near the center of board
sec6-res-util-lego-c2m2,,1092,,lego,,6,,632,,741,,169,,1.0,,Cannot find a large enough foreground near the center of board
sec6-res-util-lego-c2m2,,1097,,lego,,6,,584,,670,,98,,1.0,,Cannot find a large enough foreground near the center of board
sec6-res-util-lego-c2m2,,1101,,lego,,6,,613,,703,,132,,1.0,,Cannot find a large enough foreground near the center of board
sec6-res-util-lego-c2m2,,1105,,lego,,6,,617,,709,,137,,1.0,,Cannot find a large enough foreground near the center of board
sec6-res-util-lego-c2m2,,1110,,lego,,6,,630,,712,,140,,1.0,,Cannot find a large enough foreground near the center of board
sec6-res-util-lego-c2m2,,1114,,lego,,6,,637,,743,,174,,1.0,,Cannot find a large enough foreground near the center of board
sec6-res-util-lego-c2m2,,1120,,lego,,6,,602,,702,,130,,1.0,,Cannot find a large enough foreground near the center of board
sec6-res-util-lego-c2m2,,1125,,lego,,6,,609,,722,,151,,1.0,,Cannot find a large enough foreground near the center of board
sec6-res-util-lego-c2m2,,1130,,lego,,6,,588,,699,,127,,1.0,,Cannot find a large enough foreground near the center of board
sec6-res-util-lego-c2m2,,1134,,lego,,6,,609,,708,,136,,1.0,,Cannot find a large enough foreground near the center of board
sec6-res-util-lego-c2m2,,1138,,lego,,6,,589,,716,,143,,1.0,,Cannot find a large enough foreground near the center of board
sec6-res-util-lego-c2m2,,1143,,lego,,6,,601,,703,,132,,1.0,,Cannot find a large enough foreground near the center of board
sec6-res-util-lego-c2m2,,1147,,lego,,6,,592,,706,,134,,1.0,,Cannot find a large enough foreground near the center of board
sec6-res-util-lego-c2m2,,1152,,lego,,6,,611,,710,,138,,1.0,,Cannot find a large enough foreground near the center of board
sec6-res-util-lego-c2m2,,1157,,lego,,6,,596,,704,,132,,1.0,,Cannot find a large enough foreground near the center of board
sec6-res-util-lego-c2m2,,1161,,lego,,6,,594,,691,,119,,1.0,,Cannot find a large enough foreground near the center of board
sec6-res-util-lego-c2m2,,1165,,lego,,6,,588,,689,,117,,1.0,,Cannot find a large enough foreground near the center of board
sec6-res-util-lego-c2m2,,1169,,lego,,6,,597,,737,,165,,1.0,,Cannot find a large enough foreground near the center of board
sec6-res-util-lego-c2m2,,1174,,lego,,6,,678,,776,,268,,1.0,,Cannot find a large enough foreground near the center of board
sec6-res-util-lego-c2m2,,1183,,lego,,6,,616,,701,,131,,1.0,,Cannot find a large enough foreground near the center of board
sec6-res-util-lego-c2m2,,1187,,lego,,6,,642,,771,,199,,1.0,,Cannot find a large enough foreground near the center of board
sec6-res-util-lego-c2m2,,1194,,lego,,6,,613,,713,,141,,1.0,,Cannot find a large enough foreground near the center of board
sec6-res-util-lego-c2m2,,1198,,lego,,6,,661,,777,,205,,1.0,,Cannot find a large enough foreground near the center of board
sec6-res-util-lego-c2m2,,1205,,lego,,6,,655,,736,,164,,1.0,,Cannot find a large enough foreground near the center of board
sec6-res-util-lego-c2m2,,1210,,lego,,6,,792,,916,,391,,1.0,,Cannot find a large enough foreground near the center of board
sec6-res-util-lego-c2m2,,1223,,lego,,6,,934,,1010,,496,,1.0,,Cannot find a large enough foreground near the center of board
sec6-res-util-lego-c2m2,,1238,,lego,,6,,737,,862,,398,,1.0,,Cannot find a large enough foreground near the center of board
sec6-res-util-lego-c2m2,,1250,,lego,,6,,774,,873,,392,,1.0,,Cannot find a large enough foreground near the center of board
sec6-res-util-lego-c2m2,,1262,,lego,,6,,731,,822,,291,,1.0,,Cannot find a large enough foreground near the center of board
sec6-res-util-lego-c2m2,,1272,,lego,,6,,866,,963,,498,,1.0,,Cannot find a large enough foreground near the center of board
sec6-res-util-lego-c2m2,,1287,,lego,,6,,851,,938,,392,,1.0,,Cannot find a large enough foreground near the center of board
sec6-res-util-lego-c2m2,,1299,,lego,,6,,844,,931,,394,,1.0,,Cannot find a large enough foreground near the center of board
sec6-res-util-lego-c2m2,,1312,,lego,,6,,832,,928,,393,,1.0,,Cannot find a large enough foreground near the center of board
sec6-res-util-lego-c2m2,,1324,,lego,,6,,794,,900,,394,,1.0,,Cannot find a large enough foreground near the center of board
sec6-res-util-lego-c2m2,,1336,,lego,,6,,796,,892,,394,,1.0,,Cannot find a large enough foreground near the center of board
sec6-res-util-lego-c2m2,,1349,,lego,,6,,698,,759,,187,,1.0,,Cannot locate board border, maybe not the full board is in the scene. Failed at stage 1
sec6-res-util-lego-c2m2,,1355,,lego,,6,,588,,684,,189,,1.0,,Cannot find a large enough foreground near the center of board
sec6-res-util-lego-c2m2,,1361,,lego,,6,,600,,685,,113,,1.0,,Cannot find a large enough foreground near the center of board
sec6-res-util-lego-c2m2,,1365,,lego,,6,,721,,834,,368,,1.0,,Cannot find a large enough foreground near the center of board
sec6-res-util-lego-c2m2,,1376,,lego,,6,,587,,669,,99,,1.0,,Cannot find a large enough foreground near the center of board
sec6-res-util-lego-c2m2,,1380,,lego,,6,,719,,811,,277,,1.0,,Cannot find a large enough foreground near the center of board
sec6-res-util-lego-c2m2,,1388,,lego,,6,,635,,716,,144,,1.0,,Cannot locate board border, maybe not the full board is in the scene. Failed at stage 1
sec6-res-util-lego-c2m2,,1393,,lego,,6,,593,,663,,91,,1.0,,Cannot locate board border, maybe not the full board is in the scene. Failed at stage 1
sec6-res-util-lego-c2m2,,1397,,lego,,6,,697,,751,,178,,1.0,,Cannot locate board border, maybe not the full board is in the scene. Failed at stage 1
sec6-res-util-lego-c2m2,,1402,,lego,,6,,675,,720,,148,,1.0,,Cannot locate board border, maybe not the full board is in the scene. Failed at stage 1
sec6-res-util-lego-c2m2,,1407,,lego,,6,,701,,745,,201,,1.0,,Cannot locate board border, maybe not the full board is in the scene. Failed at stage 1
sec6-res-util-lego-c2m2,,1414,,lego,,6,,675,,710,,138,,1.0,,Cannot locate board border, maybe not the full board is in the scene. Failed at stage 1
sec6-res-util-lego-c2m2,,1418,,lego,,6,,739,,772,,199,,1.0,,Cannot locate board border, maybe not the full board is in the scene. Failed at stage 1
sec6-res-util-lego-c2m2,,1425,,lego,,6,,689,,721,,149,,1.0,,Cannot locate board border, maybe not the full board is in the scene. Failed at stage 1
sec6-res-util-lego-c2m2,,1430,,lego,,6,,721,,767,,195,,1.0,,Cannot locate board border, maybe not the full board is in the scene. Failed at stage 1
sec6-res-util-lego-c2m2,,1436,,lego,,6,,602,,650,,77,,1.0,,Cannot locate board border, maybe not the full board is in the scene. Failed at stage 1
sec6-res-util-lego-c2m2,,1439,,lego,,6,,625,,660,,88,,1.0,,Cannot locate board border, maybe not the full board is in the scene. Failed at stage 1
sec6-res-util-lego-c2m2,,1442,,lego,,6,,718,,750,,178,,1.0,,Cannot locate board border, maybe not the full board is in the scene. Failed at stage 1
sec6-res-util-lego-c2m2,,1448,,lego,,6,,672,,723,,242,,1.0,,Cannot locate board border, maybe not the full board is in the scene. Failed at stage 1
sec6-res-util-lego-c2m2,,1456,,lego,,6,,653,,704,,132,,1.0,,Cannot locate board border, maybe not the full board is in the scene. Failed at stage 1
sec6-res-util-lego-c2m2,,1460,,lego,,6,,621,,664,,92,,1.0,,Cannot locate board border, maybe not the full board is in the scene. Failed at stage 1
sec6-res-util-lego-c2m2,,1464,,lego,,6,,586,,633,,61,,1.0,,Cannot locate board border, maybe not the full board is in the scene. Failed at stage 1
sec6-res-util-lego-c2m2,,1466,,lego,,6,,660,,721,,149,,1.0,,Cannot locate board border, maybe not the full board is in the scene. Failed at stage 1
sec6-res-util-lego-c2m2,,1471,,lego,,6,,637,,1299,,803,,0.999991268136,,Not confident about reconstruction, maybe too much noise
sec6-res-util-lego-c2m2,,1496,,lego,,6,,612,,1246,,687,,0.999999705422,,Not confident about reconstruction, maybe too much noise
sec6-res-util-lego-c2m2,,1517,,lego,,6,,655,,1343,,803,,0.999991268136,,Not confident about reconstruction, maybe too much noise
sec6-res-util-lego-c2m2,,1542,,lego,,6,,600,,1178,,693,,0.99999961536,,Not confident about reconstruction, maybe too much noise
sec6-res-util-lego-c2m2,,1564,,lego,,6,,608,,1112,,689,,0.999999677386,,[[0 0 1 6]
 [2 2 2 2]]
