sec6-res-util-pool-c4m2,,4036,,pool,,2,,429,,529,,169,,1.76959800675e-08,,Cannot find cue bottom
sec6-res-util-pool-c4m2,,4041,,pool,,2,,372,,459,,99,,0.99744,,Cannot find cue bottom
sec6-res-util-pool-c4m2,,4044,,pool,,2,,373,,452,,92,,1.0,,Cannot find cue bottom
sec6-res-util-pool-c4m2,,4048,,pool,,2,,372,,459,,100,,0.99375,,Cannot find cue bottom
sec6-res-util-pool-c4m2,,4051,,pool,,2,,371,,443,,83,,1.0,,Cannot find cue top
sec6-res-util-pool-c4m2,,4054,,pool,,2,,371,,442,,82,,1.0,,Cannot find cue top
sec6-res-util-pool-c4m2,,4057,,pool,,2,,371,,444,,84,,1.0,,Cannot find cue top
sec6-res-util-pool-c4m2,,4060,,pool,,2,,371,,423,,63,,1.0,,Cannot find cue top
sec6-res-util-pool-c4m2,,4062,,pool,,2,,370,,418,,60,,1.0,,Cannot find cue top
sec6-res-util-pool-c4m2,,4064,,pool,,2,,371,,426,,66,,1.0,,Cannot find cue top
sec6-res-util-pool-c4m2,,4067,,pool,,2,,374,,448,,89,,1.0,,Cannot find cue top
sec6-res-util-pool-c4m2,,4070,,pool,,2,,371,,446,,87,,1.0,,Cannot find cue top
sec6-res-util-pool-c4m2,,4073,,pool,,2,,371,,434,,75,,1.0,,Cannot find cue top
sec6-res-util-pool-c4m2,,4075,,pool,,2,,371,,416,,55,,1.0,,Cannot find cue top
sec6-res-util-pool-c4m2,,4077,,pool,,2,,369,,438,,78,,1.0,,Cannot find cue top
sec6-res-util-pool-c4m2,,4080,,pool,,2,,371,,425,,65,,1.0,,Cannot find cue bottom
sec6-res-util-pool-c4m2,,4082,,pool,,2,,374,,450,,90,,1.0,,Cannot find cue bottom
sec6-res-util-pool-c4m2,,4085,,pool,,2,,372,,415,,55,,1.0,,Cannot find cue top
sec6-res-util-pool-c4m2,,4087,,pool,,2,,371,,424,,64,,1.0,,Cannot find cue top
sec6-res-util-pool-c4m2,,4090,,pool,,2,,371,,416,,56,,1.0,,Cannot find cue top
sec6-res-util-pool-c4m2,,4092,,pool,,2,,371,,415,,54,,1.0,,Cannot find cue top
sec6-res-util-pool-c4m2,,4094,,pool,,2,,371,,424,,64,,1.0,,Cannot find cue top
sec6-res-util-pool-c4m2,,4096,,pool,,2,,370,,416,,56,,1.0,,Cannot find cue top
sec6-res-util-pool-c4m2,,4098,,pool,,2,,371,,417,,57,,1.0,,Cannot find cue top
sec6-res-util-pool-c4m2,,4100,,pool,,2,,370,,423,,134,,0.000289930937426,,Cannot find cue top
sec6-res-util-pool-c4m2,,4105,,pool,,2,,371,,443,,83,,1.0,,Cannot find cue top
sec6-res-util-pool-c4m2,,4108,,pool,,2,,371,,441,,82,,1.0,,Cannot find cue top
sec6-res-util-pool-c4m2,,4110,,pool,,2,,372,,420,,60,,1.0,,Cannot find cue top
sec6-res-util-pool-c4m2,,4113,,pool,,2,,372,,451,,92,,1.0,,Cannot find cue top
sec6-res-util-pool-c4m2,,4116,,pool,,2,,371,,427,,67,,1.0,,Cannot find cue top
sec6-res-util-pool-c4m2,,4118,,pool,,2,,371,,443,,83,,1.0,,Cannot find cue top
sec6-res-util-pool-c4m2,,4121,,pool,,2,,371,,439,,78,,1.0,,Cannot find cue top
sec6-res-util-pool-c4m2,,4124,,pool,,2,,370,,419,,59,,1.0,,Cannot find cue top
sec6-res-util-pool-c4m2,,4126,,pool,,2,,371,,433,,73,,1.0,,Cannot find cue top
sec6-res-util-pool-c4m2,,4129,,pool,,2,,370,,442,,82,,1.0,,Cannot find cue top
sec6-res-util-pool-c4m2,,4132,,pool,,2,,372,,447,,89,,1.0,,Cannot find cue top
sec6-res-util-pool-c4m2,,4135,,pool,,2,,371,,444,,84,,1.0,,Cannot find cue top
sec6-res-util-pool-c4m2,,4138,,pool,,2,,371,,425,,64,,1.0,,Cannot find cue top
sec6-res-util-pool-c4m2,,4141,,pool,,2,,370,,437,,77,,1.0,,Cannot find cue top
sec6-res-util-pool-c4m2,,4143,,pool,,2,,371,,423,,63,,1.0,,Cannot find cue top
sec6-res-util-pool-c4m2,,4146,,pool,,2,,370,,420,,60,,1.0,,Cannot find cue top
sec6-res-util-pool-c4m2,,4148,,pool,,2,,371,,439,,80,,1.0,,Cannot find cue top
sec6-res-util-pool-c4m2,,2,,pool,,2,,375,,433,,73,,1.0,,Cannot find cue bottom
sec6-res-util-pool-c4m2,,4,,pool,,2,,370,,451,,91,,1.0,,Cannot find cue bottom
sec6-res-util-pool-c4m2,,7,,pool,,2,,371,,456,,114,,0.074222319981,,Cannot find cue bottom
sec6-res-util-pool-c4m2,,11,,pool,,2,,372,,456,,96,,0.99999,,Cannot find cue bottom
sec6-res-util-pool-c4m2,,14,,pool,,2,,372,,458,,98,,0.99919,,Cannot find cue bottom
sec6-res-util-pool-c4m2,,18,,pool,,2,,370,,454,,99,,0.99744,,Cannot find cue bottom
sec6-res-util-pool-c4m2,,21,,pool,,2,,371,,457,,97,,0.99984,,Cannot find cue bottom
sec6-res-util-pool-c4m2,,24,,pool,,2,,371,,462,,101,,0.98704,,Cannot find cue bottom
sec6-res-util-pool-c4m2,,28,,pool,,2,,371,,463,,103,,0.95904,,Cannot find cue bottom
sec6-res-util-pool-c4m2,,32,,pool,,2,,371,,464,,212,,1.17532695128e-13,,Cannot find cue bottom
sec6-res-util-pool-c4m2,,39,,pool,,2,,372,,495,,135,,0.0002197265625,,Cannot find cue bottom
sec6-res-util-pool-c4m2,,43,,pool,,2,,371,,435,,75,,1.0,,Cannot find cue bottom
sec6-res-util-pool-c4m2,,46,,pool,,2,,372,,462,,102,,0.97599,,Cannot find cue bottom
sec6-res-util-pool-c4m2,,49,,pool,,2,,399,,502,,143,,2.39103853444e-05,,Cannot find cue bottom
sec6-res-util-pool-c4m2,,54,,pool,,2,,372,,450,,94,,1.0,,Cannot find cue bottom
sec6-res-util-pool-c4m2,,57,,pool,,2,,369,,472,,111,,0.170518113732,,Cannot find cue bottom
sec6-res-util-pool-c4m2,,61,,pool,,2,,372,,472,,112,,0.129228564937,,Cannot find cue bottom
sec6-res-util-pool-c4m2,,65,,pool,,2,,371,,620,,340,,4.54383881407e-29,,Cannot find cue bottom
sec6-res-util-pool-c4m2,,75,,pool,,2,,379,,571,,211,,1.55085320996e-13,,Cannot find cue bottom
sec6-res-util-pool-c4m2,,82,,pool,,2,,404,,554,,269,,1.60944001141e-20,,Cannot find cue bottom
sec6-res-util-pool-c4m2,,91,,pool,,2,,371,,545,,184,,2.76499688554e-10,,Cannot find cue bottom
sec6-res-util-pool-c4m2,,97,,pool,,2,,371,,545,,187,,1.20353479811e-10,,Cannot find cue bottom
sec6-res-util-pool-c4m2,,103,,pool,,2,,371,,553,,193,,2.28027203984e-11,,Cannot find cue bottom
sec6-res-util-pool-c4m2,,109,,pool,,2,,371,,559,,199,,4.32030763366e-12,,Cannot find cue bottom
sec6-res-util-pool-c4m2,,115,,pool,,2,,398,,517,,157,,4.92967853306e-07,,Cannot find cue bottom
sec6-res-util-pool-c4m2,,121,,pool,,2,,372,,472,,112,,0.129228564937,,Cannot find cue bottom
sec6-res-util-pool-c4m2,,124,,pool,,2,,404,,662,,402,,1.55553226802e-36,,Cannot find cue bottom
sec6-res-util-pool-c4m2,,137,,pool,,2,,381,,630,,392,,2.48885162883e-35,,Cannot find cue bottom
sec6-res-util-pool-c4m2,,149,,pool,,2,,374,,625,,291,,3.61086151088e-23,,Cannot find cue bottom
sec6-res-util-pool-c4m2,,158,,pool,,2,,377,,631,,297,,6.84130326426e-24,,Cannot find cue bottom
sec6-res-util-pool-c4m2,,168,,pool,,2,,377,,672,,394,,1.42946988593e-35,,Cannot find cue bottom
sec6-res-util-pool-c4m2,,180,,pool,,2,,374,,598,,239,,6.59226628672e-17,,Cannot find cue bottom
sec6-res-util-pool-c4m2,,188,,pool,,2,,385,,633,,334,,2.39825250418e-28,,Cannot find cue bottom
sec6-res-util-pool-c4m2,,198,,pool,,2,,371,,542,,180,,8.38190317154e-10,,speech: good
sec6-res-util-pool-c4m2,,204,,pool,,2,,460,,674,,402,,1.55553226802e-36,,Cannot find cue ball
sec6-res-util-pool-c4m2,,217,,pool,,2,,369,,453,,92,,1.0,,Cannot find cue top
sec6-res-util-pool-c4m2,,220,,pool,,2,,368,,480,,166,,4.06546863872e-08,,Cannot find cue top
sec6-res-util-pool-c4m2,,225,,pool,,2,,369,,580,,332,,4.17560013688e-28,,Cannot find cue top
sec6-res-util-pool-c4m2,,235,,pool,,2,,374,,510,,157,,4.92967853306e-07,,Cannot find cue bottom
sec6-res-util-pool-c4m2,,240,,pool,,2,,370,,560,,200,,3.27418092638e-12,,Cannot find cue bottom
sec6-res-util-pool-c4m2,,247,,pool,,2,,370,,481,,121,,0.0106573821083,,Cannot find cue bottom
sec6-res-util-pool-c4m2,,251,,pool,,2,,370,,603,,283,,3.31823254213e-22,,Cannot find cue top
sec6-res-util-pool-c4m2,,260,,pool,,2,,375,,494,,134,,0.000289930937426,,Cannot find cue top
sec6-res-util-pool-c4m2,,264,,pool,,2,,370,,494,,133,,0.000382566165511,,Cannot find cue top
sec6-res-util-pool-c4m2,,269,,pool,,2,,388,,539,,179,,1.10599875422e-09,,Cannot find cue top
sec6-res-util-pool-c4m2,,275,,pool,,2,,394,,600,,313,,8.10115366731e-26,,Cannot find cue ball
sec6-res-util-pool-c4m2,,284,,pool,,2,,376,,512,,152,,1.97187141323e-06,,Cannot find cue bottom
sec6-res-util-pool-c4m2,,289,,pool,,2,,398,,624,,326,,2.20389496513e-27,,Cannot find cue bottom
sec6-res-util-pool-c4m2,,300,,pool,,2,,371,,470,,111,,0.170518113732,,Cannot find cue bottom
sec6-res-util-pool-c4m2,,304,,pool,,2,,399,,554,,194,,1.72812305347e-11,,Cannot find cue bottom
sec6-res-util-pool-c4m2,,310,,pool,,2,,370,,621,,368,,1.93146554644e-32,,Cannot find cue bottom
sec6-res-util-pool-c4m2,,321,,pool,,2,,371,,638,,290,,4.76456032831e-23,,Cannot find cue bottom
sec6-res-util-pool-c4m2,,331,,pool,,2,,374,,459,,99,,0.99744,,Cannot find cue bottom
sec6-res-util-pool-c4m2,,334,,pool,,2,,371,,445,,85,,1.0,,Cannot find cue top
sec6-res-util-pool-c4m2,,337,,pool,,2,,374,,638,,383,,3.01791491632e-34,,Cannot find cue top
sec6-res-util-pool-c4m2,,349,,pool,,2,,374,,443,,83,,1.0,,Cannot find cue top
sec6-res-util-pool-c4m2,,352,,pool,,2,,370,,520,,160,,2.14576721191e-07,,Cannot find cue top
sec6-res-util-pool-c4m2,,357,,pool,,2,,372,,666,,328,,1.26580526052e-27,,Cannot find cue top
sec6-res-util-pool-c4m2,,367,,pool,,2,,373,,519,,159,,2.8313568108e-07,,Cannot find cue top
sec6-res-util-pool-c4m2,,373,,pool,,2,,372,,573,,223,,5.56707040976e-15,,Cannot find cue bottom
sec6-res-util-pool-c4m2,,380,,pool,,2,,430,,510,,153,,1.49439908403e-06,,Cannot find cue top
sec6-res-util-pool-c4m2,,385,,pool,,2,,371,,457,,106,,0.68207245493,,Cannot find cue top
sec6-res-util-pool-c4m2,,388,,pool,,2,,404,,457,,98,,0.99919,,Cannot find cue top
sec6-res-util-pool-c4m2,,392,,pool,,2,,412,,521,,161,,1.62618745549e-07,,Cannot find cue top
sec6-res-util-pool-c4m2,,397,,pool,,2,,376,,466,,220,,1.27897692437e-14,,Cannot find cue top
sec6-res-util-pool-c4m2,,404,,pool,,2,,370,,514,,152,,1.97187141323e-06,,Cannot find cue top
sec6-res-util-pool-c4m2,,409,,pool,,2,,369,,542,,182,,4.81413919245e-10,,Cannot find cue top
sec6-res-util-pool-c4m2,,415,,pool,,2,,371,,581,,245,,1.2490009027e-17,,Cannot find cue bottom
sec6-res-util-pool-c4m2,,423,,pool,,2,,372,,578,,308,,3.24046146693e-25,,Cannot find cue bottom
sec6-res-util-pool-c4m2,,432,,pool,,2,,406,,491,,135,,0.0002197265625,,Cannot find object ball
sec6-res-util-pool-c4m2,,437,,pool,,2,,398,,641,,438,,7.19526986198e-41,,Cannot find object ball
sec6-res-util-pool-c4m2,,450,,pool,,2,,387,,557,,198,,5.70068009959e-12,,Cannot find cue ball
sec6-res-util-pool-c4m2,,457,,pool,,2,,387,,634,,283,,3.31823254213e-22,,Cannot find cue ball
sec6-res-util-pool-c4m2,,466,,pool,,2,,372,,462,,102,,0.97599,,speech: left
sec6-res-util-pool-c4m2,,469,,pool,,2,,379,,556,,195,,1.30967237055e-11,,speech: left
sec6-res-util-pool-c4m2,,475,,pool,,2,,397,,614,,270,,1.21972744405e-20,,Cannot find cue ball
sec6-res-util-pool-c4m2,,484,,pool,,2,,373,,468,,108,,0.391747753483,,Cannot find object ball
sec6-res-util-pool-c4m2,,488,,pool,,2,,403,,628,,375,,2.77333911992e-33,,Cannot find object ball
sec6-res-util-pool-c4m2,,499,,pool,,2,,402,,638,,294,,1.57171876114e-23,,Cannot find object ball
sec6-res-util-pool-c4m2,,509,,pool,,2,,391,,603,,244,,1.64806657168e-17,,Cannot find cue ball
sec6-res-util-pool-c4m2,,516,,pool,,2,,372,,588,,237,,1.14778022586e-16,,Cannot find object ball
sec6-res-util-pool-c4m2,,524,,pool,,2,,383,,536,,176,,2.5409178992e-09,,Cannot find object ball
sec6-res-util-pool-c4m2,,530,,pool,,2,,371,,638,,309,,2.45581056428e-25,,Cannot find cue ball
sec6-res-util-pool-c4m2,,539,,pool,,2,,373,,471,,111,,0.170518113732,,Cannot find object ball
sec6-res-util-pool-c4m2,,543,,pool,,2,,371,,584,,269,,1.60944001141e-20,,Cannot find object ball
sec6-res-util-pool-c4m2,,552,,pool,,2,,372,,561,,201,,2.48136513594e-12,,Cannot find object ball
sec6-res-util-pool-c4m2,,558,,pool,,2,,371,,597,,281,,5.7773784174e-22,,Cannot find cue ball
sec6-res-util-pool-c4m2,,567,,pool,,2,,373,,567,,207,,4.70130780512e-13,,Cannot find cue ball
sec6-res-util-pool-c4m2,,574,,pool,,2,,371,,634,,378,,1.20716596653e-33,,Cannot find cue ball
sec6-res-util-pool-c4m2,,585,,pool,,2,,370,,580,,294,,1.57171876114e-23,,Cannot find cue top
sec6-res-util-pool-c4m2,,595,,pool,,2,,372,,546,,186,,1.588073687e-10,,Cannot find cue bottom
sec6-res-util-pool-c4m2,,601,,pool,,2,,373,,549,,189,,6.91249221386e-11,,Cannot find cue bottom
sec6-res-util-pool-c4m2,,607,,pool,,2,,373,,576,,300,,2.97785020519e-24,,Cannot find cue bottom
sec6-res-util-pool-c4m2,,616,,pool,,2,,372,,461,,101,,0.98704,,Cannot find cue bottom
sec6-res-util-pool-c4m2,,620,,pool,,2,,396,,629,,283,,3.31823254213e-22,,Cannot find cue bottom
sec6-res-util-pool-c4m2,,628,,pool,,2,,377,,544,,184,,2.76499688554e-10,,Cannot find cue top
sec6-res-util-pool-c4m2,,634,,pool,,2,,371,,647,,399,,3.57367471483e-36,,Cannot find cue bottom
sec6-res-util-pool-c4m2,,647,,pool,,2,,375,,518,,158,,3.73599771007e-07,,Cannot find cue bottom
sec6-res-util-pool-c4m2,,652,,pool,,2,,410,,519,,170,,1.34110450745e-08,,Cannot find cue ball
sec6-res-util-pool-c4m2,,658,,pool,,2,,372,,579,,344,,1.49890781511e-29,,Cannot find cue top
sec6-res-util-pool-c4m2,,668,,pool,,2,,376,,601,,293,,2.07389533883e-23,,Cannot find cue top
sec6-res-util-pool-c4m2,,678,,pool,,2,,374,,435,,75,,1.0,,Cannot find cue top
sec6-res-util-pool-c4m2,,680,,pool,,2,,371,,427,,67,,1.0,,Cannot find cue top
sec6-res-util-pool-c4m2,,683,,pool,,2,,372,,545,,430,,6.61215572338e-40,,Cannot find cue bottom
sec6-res-util-pool-c4m2,,696,,pool,,2,,465,,674,,396,,8.21014853244e-36,,Cannot find cue bottom
sec6-res-util-pool-c4m2,,708,,pool,,2,,372,,447,,87,,1.0,,Cannot find cue ball
sec6-res-util-pool-c4m2,,711,,pool,,2,,373,,539,,179,,1.10599875422e-09,,Cannot find cue ball
sec6-res-util-pool-c4m2,,717,,pool,,2,,371,,569,,294,,1.57171876114e-23,,Cannot find cue ball
sec6-res-util-pool-c4m2,,727,,pool,,2,,374,,627,,292,,2.7365213057e-23,,Cannot find cue bottom
sec6-res-util-pool-c4m2,,736,,pool,,2,,374,,557,,195,,1.30967237055e-11,,Cannot find cue ball
sec6-res-util-pool-c4m2,,742,,pool,,2,,372,,611,,292,,2.7365213057e-23,,Cannot find cue bottom
sec6-res-util-pool-c4m2,,751,,pool,,2,,373,,462,,140,,5.4931640625e-05,,Cannot find cue bottom
sec6-res-util-pool-c4m2,,756,,pool,,2,,372,,651,,292,,2.7365213057e-23,,Cannot find cue bottom
sec6-res-util-pool-c4m2,,765,,pool,,2,,372,,496,,137,,0.000126199770446,,Cannot find cue bottom
sec6-res-util-pool-c4m2,,770,,pool,,2,,390,,622,,294,,1.57171876114e-23,,Cannot find cue bottom
sec6-res-util-pool-c4m2,,779,,pool,,2,,375,,616,,293,,2.07389533883e-23,,Cannot find cue bottom
sec6-res-util-pool-c4m2,,788,,pool,,2,,376,,626,,297,,6.84130326426e-24,,Cannot find cue bottom
sec6-res-util-pool-c4m2,,797,,pool,,2,,375,,520,,160,,2.14576721191e-07,,Cannot find cue bottom
sec6-res-util-pool-c4m2,,803,,pool,,2,,381,,628,,310,,1.86115637824e-25,,Cannot find cue bottom
sec6-res-util-pool-c4m2,,813,,pool,,2,,375,,597,,293,,2.07389533883e-23,,Cannot find object ball
sec6-res-util-pool-c4m2,,822,,pool,,2,,374,,498,,138,,9.56415413777e-05,,Cannot find cue top
sec6-res-util-pool-c4m2,,827,,pool,,2,,372,,543,,183,,3.64843526374e-10,,Cannot find cue bottom
sec6-res-util-pool-c4m2,,832,,pool,,2,,399,,505,,145,,1.37329101563e-05,,Cannot find cue top
sec6-res-util-pool-c4m2,,837,,pool,,2,,373,,498,,138,,9.56415413777e-05,,Cannot find cue bottom
sec6-res-util-pool-c4m2,,842,,pool,,2,,385,,485,,123,,0.00612105864818,,Cannot find cue top
sec6-res-util-pool-c4m2,,846,,pool,,2,,368,,487,,214,,6.7504806776e-14,,Cannot find cue bottom
sec6-res-util-pool-c4m2,,853,,pool,,2,,373,,461,,101,,0.98704,,Cannot find cue top
sec6-res-util-pool-c4m2,,856,,pool,,2,,409,,518,,158,,3.73599771007e-07,,Cannot find cue bottom
sec6-res-util-pool-c4m2,,861,,pool,,2,,370,,636,,310,,1.86115637824e-25,,Cannot find cue bottom
sec6-res-util-pool-c4m2,,871,,pool,,2,,371,,430,,70,,1.0,,Cannot find cue top
sec6-res-util-pool-c4m2,,874,,pool,,2,,372,,544,,184,,2.76499688554e-10,,Cannot find cue bottom
sec6-res-util-pool-c4m2,,880,,pool,,2,,372,,534,,216,,3.8771330249e-14,,Cannot find cue top
sec6-res-util-pool-c4m2,,886,,pool,,2,,395,,455,,97,,0.99984,,Cannot find cue top
sec6-res-util-pool-c4m2,,890,,pool,,2,,383,,588,,280,,7.62329652529e-22,,Cannot find cue top
sec6-res-util-pool-c4m2,,899,,pool,,2,,373,,538,,178,,1.4593741055e-09,,Cannot find cue top
sec6-res-util-pool-c4m2,,905,,pool,,2,,395,,597,,304,,9.82324225712e-25,,Cannot find cue top
sec6-res-util-pool-c4m2,,914,,pool,,2,,379,,544,,218,,2.2268281639e-14,,Cannot find cue top
sec6-res-util-pool-c4m2,,921,,pool,,2,,373,,559,,265,,4.87890977618e-20,,Cannot find cue bottom
sec6-res-util-pool-c4m2,,930,,pool,,2,,375,,491,,131,,0.000666086381767,,Cannot find cue bottom
sec6-res-util-pool-c4m2,,934,,pool,,2,,373,,537,,177,,1.92565567698e-09,,Cannot find cue top
sec6-res-util-pool-c4m2,,940,,pool,,2,,371,,521,,160,,2.14576721191e-07,,Cannot find cue bottom
sec6-res-util-pool-c4m2,,945,,pool,,2,,373,,489,,129,,0.0011597237497,,Cannot find cue bottom
sec6-res-util-pool-c4m2,,950,,pool,,2,,369,,452,,92,,1.0,,Cannot find cue bottom
sec6-res-util-pool-c4m2,,953,,pool,,2,,380,,628,,329,,9.59301001671e-28,,Cannot find cue bottom
sec6-res-util-pool-c4m2,,963,,pool,,2,,372,,474,,114,,0.074222319981,,Cannot find cue top
sec6-res-util-pool-c4m2,,967,,pool,,2,,407,,608,,263,,8.49467530786e-20,,Cannot find cue top
sec6-res-util-pool-c4m2,,976,,pool,,2,,370,,546,,185,,2.09547579288e-10,,Cannot find cue top
sec6-res-util-pool-c4m2,,982,,pool,,2,,370,,537,,176,,2.5409178992e-09,,Cannot find cue top
sec6-res-util-pool-c4m2,,987,,pool,,2,,370,,560,,310,,1.86115637824e-25,,Cannot find cue top
sec6-res-util-pool-c4m2,,997,,pool,,2,,372,,454,,100,,0.99375,,Cannot find cue top
sec6-res-util-pool-c4m2,,1001,,pool,,2,,370,,517,,157,,4.92967853306e-07,,Cannot find cue top
sec6-res-util-pool-c4m2,,1006,,pool,,2,,370,,520,,160,,2.14576721191e-07,,Cannot find cue top
sec6-res-util-pool-c4m2,,1011,,pool,,2,,370,,475,,120,,0.0140625,,Cannot find cue top
sec6-res-util-pool-c4m2,,1015,,pool,,2,,384,,460,,111,,0.170518113732,,Cannot find cue ball
sec6-res-util-pool-c4m2,,1019,,pool,,2,,386,,483,,127,,0.00201919632714,,Cannot find cue top
sec6-res-util-pool-c4m2,,1023,,pool,,2,,423,,556,,201,,2.48136513594e-12,,Cannot find cue ball
sec6-res-util-pool-c4m2,,1030,,pool,,2,,377,,537,,181,,6.35229474799e-10,,Cannot find cue ball
sec6-res-util-pool-c4m2,,1036,,pool,,2,,386,,471,,116,,0.0426295284331,,Cannot find cue ball
sec6-res-util-pool-c4m2,,1040,,pool,,2,,385,,506,,150,,3.43322753906e-06,,speech: right
sec6-res-util-pool-c4m2,,1045,,pool,,2,,384,,477,,136,,0.000166521595442,,Cannot find object ball
sec6-res-util-pool-c4m2,,1049,,pool,,2,,394,,612,,322,,6.680960219e-27,,Cannot find cue ball
sec6-res-util-pool-c4m2,,1059,,pool,,2,,374,,536,,177,,1.92565567698e-09,,Cannot find cue ball
sec6-res-util-pool-c4m2,,1065,,pool,,2,,376,,647,,379,,9.14860726997e-34,,Cannot find object ball
sec6-res-util-pool-c4m2,,1077,,pool,,2,,373,,653,,502,,1.4147483562e-48,,speech: left
sec6-res-util-pool-c4m2,,1092,,pool,,2,,373,,570,,210,,2.04636307899e-13,,Cannot find object ball
sec6-res-util-pool-c4m2,,1099,,pool,,2,,409,,631,,477,,1.44870231675e-45,,Cannot find cue ball
sec6-res-util-pool-c4m2,,1114,,pool,,2,,387,,570,,258,,3.39787012314e-19,,speech: left
sec6-res-util-pool-c4m2,,1122,,pool,,2,,375,,529,,177,,1.92565567698e-09,,Cannot find cue ball
sec6-res-util-pool-c4m2,,1128,,pool,,2,,382,,476,,118,,0.0244842345927,,Cannot find object ball
sec6-res-util-pool-c4m2,,1132,,pool,,2,,376,,668,,413,,7.36795633867e-38,,Cannot find cue ball
sec6-res-util-pool-c4m2,,1145,,pool,,2,,373,,504,,144,,1.81206835891e-05,,Cannot find cue ball
sec6-res-util-pool-c4m2,,1149,,pool,,2,,443,,541,,183,,3.64843526374e-10,,Cannot find object ball
sec6-res-util-pool-c4m2,,1155,,pool,,2,,401,,639,,349,,3.74726953778e-30,,Cannot find cue bottom
sec6-res-util-pool-c4m2,,1166,,pool,,2,,441,,527,,168,,2.33499856879e-08,,Cannot find cue top
sec6-res-util-pool-c4m2,,1172,,pool,,2,,793,,1027,,823,,3.15085019e-87,,Cannot find cue top
sec6-res-util-pool-c4m2,,1197,,pool,,2,,374,,480,,123,,0.00612105864818,,Cannot find cue top
sec6-res-util-pool-c4m2,,1201,,pool,,2,,410,,550,,192,,3.00883699528e-11,,Cannot find cue bottom
sec6-res-util-pool-c4m2,,1207,,pool,,2,,402,,465,,105,,0.9,,Cannot find cue bottom
sec6-res-util-pool-c4m2,,1211,,pool,,2,,506,,714,,537,,8.6349386975e-53,,Cannot find cue bottom
sec6-res-util-pool-c4m2,,1228,,pool,,2,,411,,528,,170,,1.34110450745e-08,,Cannot find cue top
sec6-res-util-pool-c4m2,,1233,,pool,,2,,375,,660,,410,,1.69271186518e-37,,Cannot find cue top
sec6-res-util-pool-c4m2,,1246,,pool,,2,,374,,570,,210,,2.04636307899e-13,,Cannot find cue bottom
sec6-res-util-pool-c4m2,,1253,,pool,,2,,392,,536,,277,,1.75137363565e-21,,Cannot find cue top
sec6-res-util-pool-c4m2,,1261,,pool,,2,,375,,456,,96,,0.99999,,Cannot find cue top
sec6-res-util-pool-c4m2,,1265,,pool,,2,,392,,610,,277,,1.75137363565e-21,,Cannot find cue top
sec6-res-util-pool-c4m2,,1274,,pool,,2,,382,,455,,95,,1.0,,Cannot find cue top
sec6-res-util-pool-c4m2,,1277,,pool,,2,,371,,524,,165,,5.36441802979e-08,,Cannot find cue top
sec6-res-util-pool-c4m2,,1282,,pool,,2,,372,,511,,224,,4.2190504235e-15,,Cannot find cue top
sec6-res-util-pool-c4m2,,1289,,pool,,2,,379,,480,,124,,0.00463889499881,,Cannot find cue top
sec6-res-util-pool-c4m2,,1294,,pool,,2,,372,,542,,183,,3.64843526374e-10,,Cannot find cue top
sec6-res-util-pool-c4m2,,1300,,pool,,2,,374,,574,,214,,6.7504806776e-14,,Cannot find cue bottom
sec6-res-util-pool-c4m2,,1306,,pool,,2,,373,,623,,327,,1.67024005475e-27,,Cannot find cue ball
sec6-res-util-pool-c4m2,,1317,,pool,,2,,377,,513,,154,,1.13254272432e-06,,Cannot find cue bottom
sec6-res-util-pool-c4m2,,1322,,pool,,2,,384,,535,,175,,3.35276126862e-09,,Cannot find cue ball
sec6-res-util-pool-c4m2,,1327,,pool,,2,,372,,597,,446,,7.82980778927e-42,,Cannot find cue bottom
sec6-res-util-pool-c4m2,,1341,,pool,,2,,379,,549,,189,,6.91249221386e-11,,Cannot find cue ball
sec6-res-util-pool-c4m2,,1347,,pool,,2,,373,,534,,176,,2.5409178992e-09,,Cannot find cue ball
sec6-res-util-pool-c4m2,,1353,,pool,,2,,411,,659,,395,,1.08333559372e-35,,Cannot find cue bottom
sec6-res-util-pool-c4m2,,1366,,pool,,2,,393,,568,,210,,2.04636307899e-13,,Cannot find object ball
sec6-res-util-pool-c4m2,,1373,,pool,,2,,397,,619,,271,,9.24380546784e-21,,Cannot find cue ball
sec6-res-util-pool-c4m2,,1381,,pool,,2,,410,,566,,210,,2.04636307899e-13,,Cannot find object ball
sec6-res-util-pool-c4m2,,1388,,pool,,2,,386,,514,,168,,2.33499856879e-08,,Cannot find object ball
sec6-res-util-pool-c4m2,,1393,,pool,,2,,403,,554,,194,,1.72812305347e-11,,Cannot find object ball
sec6-res-util-pool-c4m2,,1400,,pool,,2,,371,,657,,397,,6.22212907207e-36,,Cannot find object ball
sec6-res-util-pool-c4m2,,1412,,pool,,2,,392,,691,,388,,7.5447872908e-35,,Cannot find object ball
sec6-res-util-pool-c4m2,,1424,,pool,,2,,371,,618,,308,,3.24046146693e-25,,Cannot find object ball
sec6-res-util-pool-c4m2,,1434,,pool,,2,,371,,565,,205,,8.18545231596e-13,,speech: right
sec6-res-util-pool-c4m2,,1440,,pool,,2,,371,,441,,146,,1.04075997151e-05,,Cannot find cue ball
sec6-res-util-pool-c4m2,,1446,,pool,,2,,372,,574,,214,,6.7504806776e-14,,Cannot find object ball
sec6-res-util-pool-c4m2,,1452,,pool,,2,,370,,585,,269,,1.60944001141e-20,,Cannot find cue bottom
sec6-res-util-pool-c4m2,,1461,,pool,,2,,375,,470,,110,,0.225,,Cannot find cue bottom
sec6-res-util-pool-c4m2,,1465,,pool,,2,,372,,580,,270,,1.21972744405e-20,,Cannot find cue bottom
sec6-res-util-pool-c4m2,,1473,,pool,,2,,373,,480,,120,,0.0140625,,Cannot find cue top
sec6-res-util-pool-c4m2,,1477,,pool,,2,,404,,527,,167,,3.08104908317e-08,,Cannot find cue top
sec6-res-util-pool-c4m2,,1483,,pool,,2,,371,,507,,147,,7.8874856529e-06,,Cannot find cue bottom
sec6-res-util-pool-c4m2,,1488,,pool,,2,,371,,704,,423,,4.60497271167e-39,,Cannot find cue bottom
sec6-res-util-pool-c4m2,,1501,,pool,,2,,377,,653,,393,,1.8861968227e-35,,Cannot find cue bottom
sec6-res-util-pool-c4m2,,1513,,pool,,2,,375,,531,,172,,7.70262270791e-09,,Cannot find cue ball
sec6-res-util-pool-c4m2,,1519,,pool,,2,,372,,546,,187,,1.20353479811e-10,,Cannot find cue bottom
sec6-res-util-pool-c4m2,,1525,,pool,,2,,372,,579,,316,,3.52623194421e-26,,Cannot find cue bottom
sec6-res-util-pool-c4m2,,1535,,pool,,2,,381,,595,,283,,3.31823254213e-22,,Cannot find cue ball
sec6-res-util-pool-c4m2,,1544,,pool,,2,,382,,520,,160,,2.14576721191e-07,,Cannot find cue bottom
sec6-res-util-pool-c4m2,,1549,,pool,,2,,382,,532,,172,,7.70262270791e-09,,Cannot find cue bottom
sec6-res-util-pool-c4m2,,1555,,pool,,2,,423,,638,,444,,1.36324871629e-41,,Cannot find cue bottom
sec6-res-util-pool-c4m2,,1569,,pool,,2,,377,,479,,120,,0.0140625,,Cannot find cue ball
sec6-res-util-pool-c4m2,,1573,,pool,,2,,387,,566,,214,,6.7504806776e-14,,Cannot find cue ball
sec6-res-util-pool-c4m2,,1580,,pool,,2,,419,,544,,191,,3.9701842175e-11,,Cannot find cue ball
sec6-res-util-pool-c4m2,,1586,,pool,,2,,420,,619,,264,,6.43776004562e-20,,Cannot find cue bottom
sec6-res-util-pool-c4m2,,1594,,pool,,2,,564,,631,,274,,4.02360002851e-21,,Cannot find cue ball
sec6-res-util-pool-c4m2,,1603,,pool,,2,,514,,636,,289,,6.28687504455e-23,,Cannot find cue ball
sec6-res-util-pool-c4m2,,1612,,pool,,2,,417,,534,,181,,6.35229474799e-10,,Cannot find cue bottom
sec6-res-util-pool-c4m2,,1618,,pool,,2,,375,,526,,167,,3.08104908317e-08,,Cannot find cue bottom
sec6-res-util-pool-c4m2,,1623,,pool,,2,,431,,500,,140,,5.4931640625e-05,,Cannot find cue top
sec6-res-util-pool-c4m2,,1628,,pool,,2,,401,,468,,122,,0.00807678530857,,Cannot find cue top
sec6-res-util-pool-c4m2,,1632,,pool,,2,,381,,450,,95,,1.0,,Cannot find cue top
sec6-res-util-pool-c4m2,,1635,,pool,,2,,442,,555,,197,,7.5220924882e-12,,Cannot find cue top
sec6-res-util-pool-c4m2,,1642,,pool,,2,,450,,532,,178,,1.4593741055e-09,,Cannot find cue top
sec6-res-util-pool-c4m2,,1648,,pool,,2,,453,,528,,176,,2.5409178992e-09,,Cannot find cue ball
sec6-res-util-pool-c4m2,,1653,,pool,,2,,388,,491,,133,,0.000382566165511,,Cannot find cue ball
sec6-res-util-pool-c4m2,,1658,,pool,,2,,444,,510,,151,,2.60189992878e-06,,Cannot find cue top
sec6-res-util-pool-c4m2,,1663,,pool,,2,,376,,531,,171,,1.01636715968e-08,,Cannot find cue bottom
sec6-res-util-pool-c4m2,,1668,,pool,,2,,373,,663,,343,,1.97782071956e-29,,Cannot find cue ball
sec6-res-util-pool-c4m2,,1679,,pool,,2,,381,,497,,138,,9.56415413777e-05,,Cannot find cue bottom
sec6-res-util-pool-c4m2,,1684,,pool,,2,,421,,687,,330,,7.27014210252e-28,,Cannot find object ball
sec6-res-util-pool-c4m2,,1694,,pool,,2,,394,,500,,143,,2.39103853444e-05,,Cannot find cue ball
sec6-res-util-pool-c4m2,,1699,,pool,,2,,373,,557,,197,,7.5220924882e-12,,Cannot find cue ball
sec6-res-util-pool-c4m2,,1705,,pool,,2,,372,,654,,294,,1.57171876114e-23,,Cannot find cue ball
sec6-res-util-pool-c4m2,,1715,,pool,,2,,395,,482,,123,,0.00612105864818,,Cannot find cue ball
sec6-res-util-pool-c4m2,,1719,,pool,,2,,372,,567,,207,,4.70130780512e-13,,Cannot find cue ball
sec6-res-util-pool-c4m2,,1725,,pool,,2,,508,,573,,214,,6.7504806776e-14,,Cannot find cue ball
sec6-res-util-pool-c4m2,,1732,,pool,,2,,375,,560,,200,,3.27418092638e-12,,Cannot find cue ball
sec6-res-util-pool-c4m2,,1739,,pool,,2,,378,,552,,249,,4.1201664292e-18,,Cannot find object ball
sec6-res-util-pool-c4m2,,1747,,pool,,2,,371,,564,,204,,1.08007690842e-12,,speech: left
sec6-res-util-pool-c4m2,,1753,,pool,,2,,398,,605,,372,,6.3714601698e-33,,Cannot find cue ball
sec6-res-util-pool-c4m2,,1765,,pool,,2,,411,,485,,127,,0.00201919632714,,Cannot find cue ball
sec6-res-util-pool-c4m2,,1769,,pool,,2,,383,,512,,153,,1.49439908403e-06,,Cannot find cue ball
sec6-res-util-pool-c4m2,,1774,,pool,,2,,495,,749,,390,,4.33334237487e-35,,Cannot find cue ball
sec6-res-util-pool-c4m2,,1787,,pool,,2,,394,,543,,184,,2.76499688554e-10,,Cannot find cue ball
sec6-res-util-pool-c4m2,,1793,,pool,,2,,372,,626,,296,,9.02715377719e-24,,Cannot find cue ball
sec6-res-util-pool-c4m2,,1802,,pool,,2,,381,,645,,393,,1.8861968227e-35,,Cannot find cue ball
sec6-res-util-pool-c4m2,,1814,,pool,,2,,373,,526,,166,,4.06546863872e-08,,Cannot find cue bottom
sec6-res-util-pool-c4m2,,1820,,pool,,2,,392,,512,,152,,1.97187141323e-06,,Cannot find cue top
sec6-res-util-pool-c4m2,,1825,,pool,,2,,373,,444,,89,,1.0,,Cannot find cue top
sec6-res-util-pool-c4m2,,1828,,pool,,2,,388,,464,,104,,0.93439,,Cannot find cue top
sec6-res-util-pool-c4m2,,1831,,pool,,2,,401,,512,,152,,1.97187141323e-06,,Cannot find cue top
sec6-res-util-pool-c4m2,,1836,,pool,,2,,372,,553,,270,,1.21972744405e-20,,Cannot find cue top
sec6-res-util-pool-c4m2,,1845,,pool,,2,,377,,584,,393,,1.8861968227e-35,,Cannot find cue bottom
sec6-res-util-pool-c4m2,,1857,,pool,,2,,375,,472,,112,,0.129228564937,,Cannot find cue top
sec6-res-util-pool-c4m2,,1861,,pool,,2,,372,,453,,93,,1.0,,Cannot find cue bottom
sec6-res-util-pool-c4m2,,1864,,pool,,2,,403,,554,,196,,9.92546054374e-12,,Cannot find cue bottom
sec6-res-util-pool-c4m2,,1871,,pool,,2,,397,,530,,257,,4.48351650727e-19,,Cannot find cue top
sec6-res-util-pool-c4m2,,1879,,pool,,2,,374,,549,,189,,6.91249221386e-11,,Cannot find cue top
sec6-res-util-pool-c4m2,,1885,,pool,,2,,419,,569,,213,,8.90731265561e-14,,Cannot find cue top
sec6-res-util-pool-c4m2,,1892,,pool,,2,,391,,449,,184,,2.76499688554e-10,,Cannot find cue top
sec6-res-util-pool-c4m2,,1898,,pool,,2,,372,,452,,92,,1.0,,Cannot find cue bottom
sec6-res-util-pool-c4m2,,1901,,pool,,2,,383,,513,,155,,8.58306884766e-07,,Cannot find cue bottom
sec6-res-util-pool-c4m2,,1906,,pool,,2,,372,,535,,176,,2.5409178992e-09,,Cannot find cue top
sec6-res-util-pool-c4m2,,1912,,pool,,2,,372,,545,,345,,1.13595970352e-29,,Cannot find cue top
sec6-res-util-pool-c4m2,,1923,,pool,,2,,382,,495,,134,,0.000289930937426,,Cannot find cue top
sec6-res-util-pool-c4m2,,1927,,pool,,2,,410,,478,,118,,0.0244842345927,,Cannot find cue top
sec6-res-util-pool-c4m2,,1931,,pool,,2,,377,,519,,183,,3.64843526374e-10,,Cannot find cue top
sec6-res-util-pool-c4m2,,1937,,pool,,2,,399,,585,,226,,2.42320814056e-15,,Cannot find cue top
sec6-res-util-pool-c4m2,,1944,,pool,,2,,390,,476,,119,,0.0185555799952,,Cannot find cue top
sec6-res-util-pool-c4m2,,1948,,pool,,2,,385,,516,,158,,3.73599771007e-07,,Cannot find cue top
sec6-res-util-pool-c4m2,,1954,,pool,,2,,453,,660,,301,,2.2567884443e-24,,Cannot find cue top
sec6-res-util-pool-c4m2,,1963,,pool,,2,,425,,551,,194,,1.72812305347e-11,,Cannot find cue top
sec6-res-util-pool-c4m2,,1969,,pool,,2,,414,,569,,211,,1.55085320996e-13,,Cannot find cue bottom
sec6-res-util-pool-c4m2,,1976,,pool,,2,,376,,485,,127,,0.00201919632714,,Cannot find cue bottom
sec6-res-util-pool-c4m2,,1980,,pool,,2,,377,,577,,287,,1.09460852228e-22,,Cannot find cue top
sec6-res-util-pool-c4m2,,1989,,pool,,2,,557,,763,,497,,5.65899342479e-48,,Cannot find cue top
sec6-res-util-pool-c4m2,,2005,,pool,,2,,382,,450,,90,,1.0,,Cannot find cue top
sec6-res-util-pool-c4m2,,2008,,pool,,2,,382,,556,,203,,1.4251700249e-12,,Cannot find cue bottom
sec6-res-util-pool-c4m2,,2014,,pool,,2,,372,,610,,279,,1.00590000713e-21,,Cannot find cue bottom
sec6-res-util-pool-c4m2,,2023,,pool,,2,,372,,629,,293,,2.07389533883e-23,,Cannot find cue bottom
sec6-res-util-pool-c4m2,,2032,,pool,,2,,372,,536,,176,,2.5409178992e-09,,Cannot find cue top
sec6-res-util-pool-c4m2,,2038,,pool,,2,,374,,545,,186,,1.588073687e-10,,Cannot find cue bottom
sec6-res-util-pool-c4m2,,2044,,pool,,2,,376,,647,,313,,8.10115366731e-26,,Cannot find cue bottom
sec6-res-util-pool-c4m2,,2054,,pool,,2,,374,,624,,292,,2.7365213057e-23,,Cannot find cue bottom
sec6-res-util-pool-c4m2,,2063,,pool,,2,,378,,700,,340,,4.54383881407e-29,,Cannot find cue ball
sec6-res-util-pool-c4m2,,2074,,pool,,2,,383,,655,,346,,8.60896470755e-30,,Cannot find cue ball
sec6-res-util-pool-c4m2,,2085,,pool,,2,,374,,605,,294,,1.57171876114e-23,,Cannot find cue bottom
sec6-res-util-pool-c4m2,,2094,,pool,,2,,378,,445,,85,,1.0,,Cannot find cue top
sec6-res-util-pool-c4m2,,2097,,pool,,2,,394,,512,,156,,6.50474982195e-07,,Cannot find cue ball
sec6-res-util-pool-c4m2,,2102,,pool,,2,,379,,621,,327,,1.67024005475e-27,,Cannot find cue ball
sec6-res-util-pool-c4m2,,2112,,pool,,2,,375,,556,,196,,9.92546054374e-12,,Cannot find cue ball
sec6-res-util-pool-c4m2,,2119,,pool,,2,,373,,634,,384,,2.28715181749e-34,,Cannot find cue ball
sec6-res-util-pool-c4m2,,2131,,pool,,2,,379,,575,,220,,1.27897692437e-14,,Cannot find object ball
sec6-res-util-pool-c4m2,,2138,,pool,,2,,390,,539,,180,,8.38190317154e-10,,Cannot find cue ball
sec6-res-util-pool-c4m2,,2144,,pool,,2,,385,,624,,382,,3.98216260612e-34,,Cannot find cue ball
sec6-res-util-pool-c4m2,,2155,,pool,,2,,402,,706,,350,,2.8398992588e-30,,Cannot find cue ball
sec6-res-util-pool-c4m2,,2166,,pool,,2,,422,,509,,151,,2.60189992878e-06,,Cannot find cue ball
sec6-res-util-pool-c4m2,,2171,,pool,,2,,374,,439,,81,,1.0,,Cannot find cue top
sec6-res-util-pool-c4m2,,2174,,pool,,2,,377,,430,,69,,1.0,,Cannot find cue top
sec6-res-util-pool-c4m2,,2177,,pool,,2,,460,,627,,268,,2.12366882696e-20,,Cannot find cue top
sec6-res-util-pool-c4m2,,2185,,pool,,2,,390,,519,,160,,2.14576721191e-07,,Cannot find cue top
sec6-res-util-pool-c4m2,,2190,,pool,,2,,374,,474,,115,,0.05625,,Cannot find cue top
sec6-res-util-pool-c4m2,,2194,,pool,,2,,387,,435,,75,,1.0,,Cannot find cue top
sec6-res-util-pool-c4m2,,2197,,pool,,2,,417,,544,,186,,1.588073687e-10,,Cannot find cue top
sec6-res-util-pool-c4m2,,2203,,pool,,2,,377,,445,,88,,1.0,,Cannot find cue top
sec6-res-util-pool-c4m2,,2206,,pool,,2,,380,,547,,188,,9.12108815935e-11,,Cannot find cue top
sec6-res-util-pool-c4m2,,2212,,pool,,2,,382,,554,,195,,1.30967237055e-11,,Cannot find cue top
sec6-res-util-pool-c4m2,,2218,,pool,,2,,374,,445,,90,,1.0,,Cannot find cue top
sec6-res-util-pool-c4m2,,2221,,pool,,2,,408,,466,,110,,0.225,,Cannot find cue top
sec6-res-util-pool-c4m2,,2225,,pool,,2,,382,,508,,148,,5.97759633611e-06,,Cannot find cue top
sec6-res-util-pool-c4m2,,2230,,pool,,2,,461,,550,,192,,3.00883699528e-11,,Cannot find cue top
sec6-res-util-pool-c4m2,,2236,,pool,,2,,404,,520,,163,,9.33999427517e-08,,Cannot find cue top
sec6-res-util-pool-c4m2,,2242,,pool,,2,,416,,477,,118,,0.0244842345927,,Cannot find cue top
sec6-res-util-pool-c4m2,,2246,,pool,,2,,475,,541,,194,,1.72812305347e-11,,Cannot find cue top
sec6-res-util-pool-c4m2,,2252,,pool,,2,,386,,541,,251,,2.36641419977e-18,,Cannot find cue bottom
sec6-res-util-pool-c4m2,,2260,,pool,,2,,449,,619,,263,,8.49467530786e-20,,Cannot find cue bottom
sec6-res-util-pool-c4m2,,2268,,pool,,2,,439,,495,,135,,0.0002197265625,,Cannot find cue bottom
sec6-res-util-pool-c4m2,,2273,,pool,,2,,390,,534,,174,,4.42399501687e-09,,Cannot find cue bottom
sec6-res-util-pool-c4m2,,2278,,pool,,2,,407,,615,,304,,9.82324225712e-25,,Cannot find cue bottom
sec6-res-util-pool-c4m2,,2288,,pool,,2,,384,,526,,165,,5.36441802979e-08,,Cannot find cue ball
sec6-res-util-pool-c4m2,,2293,,pool,,2,,406,,536,,176,,2.5409178992e-09,,Cannot find cue bottom
sec6-res-util-pool-c4m2,,2299,,pool,,2,,377,,566,,315,,4.65289094561e-26,,Cannot find cue ball
sec6-res-util-pool-c4m2,,2309,,pool,,2,,378,,735,,376,,2.10179802431e-33,,Cannot find cue ball
sec6-res-util-pool-c4m2,,2321,,pool,,2,,396,,607,,314,,6.1395264107e-26,,Cannot find cue ball
sec6-res-util-pool-c4m2,,2331,,pool,,2,,444,,602,,242,,2.86945056465e-17,,Cannot find cue ball
sec6-res-util-pool-c4m2,,2338,,pool,,2,,403,,499,,231,,6.0580203514e-16,,Cannot find cue bottom
sec6-res-util-pool-c4m2,,2346,,pool,,2,,372,,561,,202,,1.88052312205e-12,,Cannot find cue bottom
sec6-res-util-pool-c4m2,,2352,,pool,,2,,372,,477,,177,,1.92565567698e-09,,Cannot find cue bottom
sec6-res-util-pool-c4m2,,2358,,pool,,2,,372,,559,,199,,4.32030763366e-12,,Cannot find cue bottom
sec6-res-util-pool-c4m2,,2364,,pool,,2,,372,,585,,384,,2.28715181749e-34,,Cannot find cue bottom
sec6-res-util-pool-c4m2,,2376,,pool,,2,,373,,682,,405,,6.77084746074e-37,,Cannot find cue bottom
sec6-res-util-pool-c4m2,,2389,,pool,,2,,374,,455,,94,,1.0,,Cannot find cue bottom
sec6-res-util-pool-c4m2,,2392,,pool,,2,,372,,547,,188,,9.12108815935e-11,,Cannot find cue bottom
sec6-res-util-pool-c4m2,,2398,,pool,,2,,436,,730,,396,,8.21014853244e-36,,Cannot find cue bottom
sec6-res-util-pool-c4m2,,2411,,pool,,2,,379,,539,,180,,8.38190317154e-10,,Cannot find cue bottom
sec6-res-util-pool-c4m2,,2416,,pool,,2,,399,,608,,253,,1.35914804926e-18,,Cannot find cue bottom
sec6-res-util-pool-c4m2,,2424,,pool,,2,,403,,545,,190,,5.23868948221e-11,,Cannot find cue bottom
sec6-res-util-pool-c4m2,,2431,,pool,,2,,424,,514,,240,,4.99600361081e-17,,Cannot find cue bottom
sec6-res-util-pool-c4m2,,2438,,pool,,2,,394,,539,,181,,6.35229474799e-10,,Cannot find cue bottom
sec6-res-util-pool-c4m2,,2444,,pool,,2,,386,,524,,167,,3.08104908317e-08,,Cannot find cue bottom
sec6-res-util-pool-c4m2,,2450,,pool,,2,,396,,546,,192,,3.00883699528e-11,,Cannot find cue bottom
sec6-res-util-pool-c4m2,,2456,,pool,,2,,388,,526,,173,,5.83749642198e-09,,Cannot find object ball
sec6-res-util-pool-c4m2,,2461,,pool,,2,,400,,605,,255,,7.8062556419e-19,,Cannot find cue bottom
sec6-res-util-pool-c4m2,,2470,,pool,,2,,402,,468,,114,,0.074222319981,,Cannot find cue top
sec6-res-util-pool-c4m2,,2473,,pool,,2,,375,,446,,95,,1.0,,Cannot find cue top
sec6-res-util-pool-c4m2,,2477,,pool,,2,,375,,523,,165,,5.36441802979e-08,,Cannot find cue bottom
sec6-res-util-pool-c4m2,,2482,,pool,,2,,420,,479,,121,,0.0106573821083,,Cannot find cue bottom
sec6-res-util-pool-c4m2,,2486,,pool,,2,,381,,423,,63,,1.0,,Cannot find cue top
sec6-res-util-pool-c4m2,,2489,,pool,,2,,386,,502,,142,,3.15499426116e-05,,Cannot find cue bottom
sec6-res-util-pool-c4m2,,2493,,pool,,2,,384,,446,,86,,1.0,,Cannot find cue ball
sec6-res-util-pool-c4m2,,2496,,pool,,2,,417,,473,,120,,0.0140625,,Cannot find cue ball
sec6-res-util-pool-c4m2,,2500,,pool,,2,,398,,477,,120,,0.0140625,,Cannot find cue bottom
sec6-res-util-pool-c4m2,,2504,,pool,,2,,485,,572,,213,,8.90731265561e-14,,Cannot find cue bottom
sec6-res-util-pool-c4m2,,2512,,pool,,2,,446,,670,,415,,4.23177966296e-38,,Cannot find cue bottom
sec6-res-util-pool-c4m2,,2524,,pool,,2,,376,,602,,243,,2.17463687881e-17,,Cannot find cue bottom
sec6-res-util-pool-c4m2,,2532,,pool,,2,,399,,594,,236,,1.51450508785e-16,,Cannot find cue bottom
sec6-res-util-pool-c4m2,,2540,,pool,,2,,384,,474,,120,,0.0140625,,Cannot find cue bottom
sec6-res-util-pool-c4m2,,2544,,pool,,2,,386,,457,,111,,0.170518113732,,Cannot find cue bottom
sec6-res-util-pool-c4m2,,2547,,pool,,2,,396,,458,,99,,0.99744,,Cannot find cue bottom
sec6-res-util-pool-c4m2,,2551,,pool,,2,,410,,624,,429,,8.72479178426e-40,,Cannot find cue bottom
sec6-res-util-pool-c4m2,,2564,,pool,,2,,381,,532,,217,,2.9383173782e-14,,Cannot find cue bottom
sec6-res-util-pool-c4m2,,2571,,pool,,2,,403,,468,,249,,4.1201664292e-18,,Cannot find cue bottom
sec6-res-util-pool-c4m2,,2579,,pool,,2,,375,,611,,397,,6.22212907207e-36,,Cannot find cue ball
sec6-res-util-pool-c4m2,,2592,,pool,,2,,384,,450,,90,,1.0,,Cannot find cue bottom
sec6-res-util-pool-c4m2,,2595,,pool,,2,,376,,491,,135,,0.0002197265625,,Cannot find cue bottom
sec6-res-util-pool-c4m2,,2599,,pool,,2,,408,,555,,201,,2.48136513594e-12,,Cannot find cue bottom
sec6-res-util-pool-c4m2,,2605,,pool,,2,,403,,533,,173,,5.83749642198e-09,,Cannot find cue top
sec6-res-util-pool-c4m2,,2611,,pool,,2,,412,,548,,191,,3.9701842175e-11,,Cannot find cue top
sec6-res-util-pool-c4m2,,2617,,pool,,2,,453,,628,,467,,2.31792370679e-44,,Cannot find cue bottom
sec6-res-util-pool-c4m2,,2632,,pool,,2,,405,,484,,130,,0.00087890625,,Cannot find cue top
sec6-res-util-pool-c4m2,,2636,,pool,,2,,463,,606,,246,,9.46565679907e-18,,Cannot find cue top
sec6-res-util-pool-c4m2,,2644,,pool,,2,,382,,664,,390,,4.33334237487e-35,,Cannot find cue bottom
sec6-res-util-pool-c4m2,,2656,,pool,,2,,378,,516,,158,,3.73599771007e-07,,Cannot find cue bottom
sec6-res-util-pool-c4m2,,2661,,pool,,2,,384,,549,,190,,5.23868948221e-11,,Cannot find cue top
sec6-res-util-pool-c4m2,,2667,,pool,,2,,383,,496,,141,,4.16303988605e-05,,Cannot find cue bottom
sec6-res-util-pool-c4m2,,2672,,pool,,2,,392,,603,,272,,7.0054945426e-21,,Cannot find cue bottom
sec6-res-util-pool-c4m2,,2681,,pool,,2,,394,,502,,143,,2.39103853444e-05,,Cannot find cue top
sec6-res-util-pool-c4m2,,2685,,pool,,2,,376,,473,,117,,0.0323071412343,,Cannot find cue top
sec6-res-util-pool-c4m2,,2689,,pool,,2,,401,,634,,280,,7.62329652529e-22,,Cannot find cue bottom
sec6-res-util-pool-c4m2,,2698,,pool,,2,,407,,511,,156,,6.50474982195e-07,,Cannot find cue top
sec6-res-util-pool-c4m2,,2703,,pool,,2,,376,,642,,362,,1.01943362717e-31,,Cannot find cue ball
sec6-res-util-pool-c4m2,,2715,,pool,,2,,402,,574,,215,,5.11590769747e-14,,Cannot find cue ball
sec6-res-util-pool-c4m2,,2722,,pool,,2,,376,,579,,219,,1.6876201694e-14,,Cannot find cue ball
sec6-res-util-pool-c4m2,,2729,,pool,,2,,373,,560,,200,,3.27418092638e-12,,Cannot find cue top
sec6-res-util-pool-c4m2,,2735,,pool,,2,,373,,496,,216,,3.8771330249e-14,,Cannot find cue ball
sec6-res-util-pool-c4m2,,2742,,pool,,2,,371,,574,,215,,5.11590769747e-14,,Cannot find cue bottom
sec6-res-util-pool-c4m2,,2749,,pool,,2,,372,,581,,267,,2.80219781704e-20,,Cannot find cue ball
sec6-res-util-pool-c4m2,,2757,,pool,,2,,371,,562,,202,,1.88052312205e-12,,Cannot find object ball
sec6-res-util-pool-c4m2,,2764,,pool,,2,,418,,557,,279,,1.00590000713e-21,,Cannot find cue ball
sec6-res-util-pool-c4m2,,2773,,pool,,2,,372,,669,,396,,8.21014853244e-36,,Cannot find cue ball
sec6-res-util-pool-c4m2,,2785,,pool,,2,,374,,630,,299,,3.92929690285e-24,,Cannot find object ball
sec6-res-util-pool-c4m2,,2794,,pool,,2,,372,,548,,282,,4.37843408913e-22,,Cannot find object ball
sec6-res-util-pool-c4m2,,2803,,pool,,2,,374,,520,,160,,2.14576721191e-07,,speech: left
sec6-res-util-pool-c4m2,,2809,,pool,,2,,371,,568,,208,,3.56292506224e-13,,speech: left
sec6-res-util-pool-c4m2,,2815,,pool,,2,,403,,643,,307,,4.27581454016e-25,,Cannot find object ball
sec6-res-util-pool-c4m2,,2825,,pool,,2,,381,,607,,289,,6.28687504455e-23,,Cannot find object ball
sec6-res-util-pool-c4m2,,2834,,pool,,2,,375,,489,,131,,0.000666086381767,,Cannot find object ball
sec6-res-util-pool-c4m2,,2839,,pool,,2,,399,,487,,128,,0.00153026466204,,speech: left
sec6-res-util-pool-c4m2,,2843,,pool,,2,,385,,612,,309,,2.45581056428e-25,,Cannot find object ball
sec6-res-util-pool-c4m2,,2853,,pool,,2,,377,,468,,114,,0.074222319981,,Cannot find object ball
sec6-res-util-pool-c4m2,,2857,,pool,,2,,418,,560,,200,,3.27418092638e-12,,Cannot find object ball
sec6-res-util-pool-c4m2,,2863,,pool,,2,,403,,626,,351,,2.15224117689e-30,,speech: left
sec6-res-util-pool-c4m2,,2874,,pool,,2,,371,,437,,79,,1.0,,Cannot find cue top
sec6-res-util-pool-c4m2,,2877,,pool,,2,,434,,480,,124,,0.00463889499881,,Cannot find cue top
sec6-res-util-pool-c4m2,,2881,,pool,,2,,402,,526,,170,,1.34110450745e-08,,Cannot find cue top
sec6-res-util-pool-c4m2,,2887,,pool,,2,,378,,446,,87,,1.0,,Cannot find cue top
sec6-res-util-pool-c4m2,,2890,,pool,,2,,439,,647,,480,,6.30584308946e-46,,Cannot find cue bottom
sec6-res-util-pool-c4m2,,2905,,pool,,2,,410,,458,,99,,0.99744,,Cannot find cue top
sec6-res-util-pool-c4m2,,2908,,pool,,2,,423,,538,,184,,2.76499688554e-10,,Cannot find cue bottom
sec6-res-util-pool-c4m2,,2914,,pool,,2,,408,,649,,393,,1.8861968227e-35,,Cannot find cue bottom
sec6-res-util-pool-c4m2,,2926,,pool,,2,,392,,539,,181,,6.35229474799e-10,,Cannot find cue bottom
sec6-res-util-pool-c4m2,,2932,,pool,,2,,381,,514,,157,,4.92967853306e-07,,Cannot find cue top
sec6-res-util-pool-c4m2,,2937,,pool,,2,,375,,560,,204,,1.08007690842e-12,,Cannot find cue top
sec6-res-util-pool-c4m2,,2944,,pool,,2,,395,,459,,100,,0.99375,,Cannot find cue top
sec6-res-util-pool-c4m2,,2947,,pool,,2,,480,,550,,190,,5.23868948221e-11,,Cannot find cue top
sec6-res-util-pool-c4m2,,2953,,pool,,2,,399,,613,,254,,1.0300416073e-18,,Cannot find cue top
sec6-res-util-pool-c4m2,,2962,,pool,,2,,386,,470,,115,,0.05625,,Cannot find cue top
sec6-res-util-pool-c4m2,,2965,,pool,,2,,400,,537,,179,,1.10599875422e-09,,Cannot find cue top
sec6-res-util-pool-c4m2,,2971,,pool,,2,,374,,462,,102,,0.97599,,Cannot find cue top
sec6-res-util-pool-c4m2,,2975,,pool,,2,,384,,541,,183,,3.64843526374e-10,,Cannot find cue top
sec6-res-util-pool-c4m2,,2981,,pool,,2,,392,,547,,234,,2.63690651469e-16,,Cannot find cue top
sec6-res-util-pool-c4m2,,2988,,pool,,2,,385,,470,,110,,0.225,,Cannot find cue top
sec6-res-util-pool-c4m2,,2992,,pool,,2,,389,,559,,201,,2.48136513594e-12,,Cannot find cue bottom
sec6-res-util-pool-c4m2,,2998,,pool,,2,,380,,511,,152,,1.97187141323e-06,,Cannot find cue top
sec6-res-util-pool-c4m2,,3003,,pool,,2,,375,,556,,488,,6.86194406698e-47,,Cannot find cue bottom
sec6-res-util-pool-c4m2,,3018,,pool,,2,,382,,448,,89,,1.0,,Cannot find cue top
sec6-res-util-pool-c4m2,,3022,,pool,,2,,375,,458,,98,,0.99919,,Cannot find cue top
sec6-res-util-pool-c4m2,,3025,,pool,,2,,374,,561,,286,,1.44434460435e-22,,Cannot find cue bottom
sec6-res-util-pool-c4m2,,3034,,pool,,2,,373,,526,,166,,4.06546863872e-08,,Cannot find cue ball
sec6-res-util-pool-c4m2,,3039,,pool,,2,,372,,567,,209,,2.70019227104e-13,,Cannot find cue ball
sec6-res-util-pool-c4m2,,3046,,pool,,2,,408,,550,,190,,5.23868948221e-11,,Cannot find cue ball
sec6-res-util-pool-c4m2,,3052,,pool,,2,,380,,650,,395,,1.08333559372e-35,,Cannot find object ball
sec6-res-util-pool-c4m2,,3065,,pool,,2,,373,,643,,391,,3.28405941298e-35,,Cannot find object ball
sec6-res-util-pool-c4m2,,3077,,pool,,2,,387,,600,,293,,2.07389533883e-23,,Cannot find object ball
sec6-res-util-pool-c4m2,,3086,,pool,,2,,379,,530,,170,,1.34110450745e-08,,Cannot find object ball
sec6-res-util-pool-c4m2,,3092,,pool,,2,,371,,541,,180,,8.38190317154e-10,,Cannot find object ball
sec6-res-util-pool-c4m2,,3097,,pool,,2,,398,,616,,327,,1.67024005475e-27,,Cannot find cue top
sec6-res-util-pool-c4m2,,3108,,pool,,2,,373,,583,,288,,8.29558135533e-23,,Cannot find cue bottom
sec6-res-util-pool-c4m2,,3117,,pool,,2,,371,,491,,131,,0.000666086381767,,Cannot find cue top
sec6-res-util-pool-c4m2,,3121,,pool,,2,,418,,614,,349,,3.74726953778e-30,,Cannot find cue bottom
sec6-res-util-pool-c4m2,,3132,,pool,,2,,375,,584,,293,,2.07389533883e-23,,Cannot find cue bottom
sec6-res-util-pool-c4m2,,3141,,pool,,2,,378,,564,,204,,1.08007690842e-12,,Cannot find cue bottom
sec6-res-util-pool-c4m2,,3148,,pool,,2,,372,,641,,379,,9.14860726997e-34,,Cannot find cue bottom
sec6-res-util-pool-c4m2,,3160,,pool,,2,,372,,566,,206,,6.20341283984e-13,,Cannot find cue bottom
sec6-res-util-pool-c4m2,,3166,,pool,,2,,401,,650,,376,,2.10179802431e-33,,Cannot find cue bottom
sec6-res-util-pool-c4m2,,3178,,pool,,2,,373,,645,,395,,1.08333559372e-35,,Cannot find cue ball
sec6-res-util-pool-c4m2,,3191,,pool,,2,,372,,446,,86,,1.0,,Cannot find cue bottom
sec6-res-util-pool-c4m2,,3194,,pool,,2,,375,,605,,290,,4.76456032831e-23,,Cannot find cue bottom
sec6-res-util-pool-c4m2,,3203,,pool,,2,,387,,537,,177,,1.92565567698e-09,,Cannot find cue bottom
sec6-res-util-pool-c4m2,,3209,,pool,,2,,372,,569,,306,,5.64197111074e-25,,Cannot find cue bottom
sec6-res-util-pool-c4m2,,3218,,pool,,2,,375,,576,,217,,2.9383173782e-14,,Cannot find cue bottom
sec6-res-util-pool-c4m2,,3225,,pool,,2,,375,,572,,212,,1.17532695128e-13,,Cannot find cue bottom
sec6-res-util-pool-c4m2,,3232,,pool,,2,,372,,537,,178,,1.4593741055e-09,,Cannot find cue bottom
sec6-res-util-pool-c4m2,,3238,,pool,,2,,372,,559,,199,,4.32030763366e-12,,Cannot find cue bottom
sec6-res-util-pool-c4m2,,3244,,pool,,2,,413,,525,,166,,4.06546863872e-08,,Cannot find object ball
sec6-res-util-pool-c4m2,,3249,,pool,,2,,372,,482,,122,,0.00807678530857,,Cannot find cue top
sec6-res-util-pool-c4m2,,3254,,pool,,2,,397,,497,,140,,5.4931640625e-05,,Cannot find cue top
sec6-res-util-pool-c4m2,,3258,,pool,,2,,374,,450,,90,,1.0,,Cannot find cue top
sec6-res-util-pool-c4m2,,3261,,pool,,2,,372,,464,,104,,0.93439,,Cannot find cue top
sec6-res-util-pool-c4m2,,3265,,pool,,2,,409,,623,,367,,2.54858406792e-32,,Cannot find cue bottom
sec6-res-util-pool-c4m2,,3277,,pool,,2,,373,,461,,101,,0.98704,,Cannot find cue bottom
sec6-res-util-pool-c4m2,,3280,,pool,,2,,409,,472,,161,,1.62618745549e-07,,Cannot find cue top
sec6-res-util-pool-c4m2,,3285,,pool,,2,,372,,476,,116,,0.0426295284331,,Cannot find cue top
sec6-res-util-pool-c4m2,,3289,,pool,,2,,372,,453,,95,,1.0,,Cannot find cue top
sec6-res-util-pool-c4m2,,3293,,pool,,2,,370,,435,,74,,1.0,,Cannot find cue top
sec6-res-util-pool-c4m2,,3295,,pool,,2,,372,,626,,282,,4.37843408913e-22,,Cannot find cue bottom
sec6-res-util-pool-c4m2,,3304,,pool,,2,,375,,441,,80,,1.0,,Cannot find cue top
sec6-res-util-pool-c4m2,,3307,,pool,,2,,372,,451,,90,,1.0,,Cannot find cue top
sec6-res-util-pool-c4m2,,3310,,pool,,2,,408,,554,,195,,1.30967237055e-11,,Cannot find cue top
sec6-res-util-pool-c4m2,,3316,,pool,,2,,399,,618,,295,,1.19114008208e-23,,Cannot find cue ball
sec6-res-util-pool-c4m2,,3326,,pool,,2,,376,,632,,290,,4.76456032831e-23,,Cannot find cue bottom
sec6-res-util-pool-c4m2,,3335,,pool,,2,,384,,537,,176,,2.5409178992e-09,,Cannot find cue bottom
sec6-res-util-pool-c4m2,,3341,,pool,,2,,379,,550,,192,,3.00883699528e-11,,Cannot find cue bottom
sec6-res-util-pool-c4m2,,3347,,pool,,2,,374,,585,,292,,2.7365213057e-23,,Cannot find cue bottom
sec6-res-util-pool-c4m2,,3356,,pool,,2,,374,,609,,290,,4.76456032831e-23,,Cannot find cue bottom
sec6-res-util-pool-c4m2,,3366,,pool,,2,,372,,562,,202,,1.88052312205e-12,,Cannot find cue bottom
sec6-res-util-pool-c4m2,,3372,,pool,,2,,375,,547,,277,,1.75137363565e-21,,Cannot find cue bottom
sec6-res-util-pool-c4m2,,3381,,pool,,2,,375,,686,,396,,8.21014853244e-36,,Cannot find cue bottom
sec6-res-util-pool-c4m2,,3393,,pool,,2,,373,,472,,112,,0.129228564937,,Cannot find cue bottom
sec6-res-util-pool-c4m2,,3398,,pool,,2,,396,,555,,195,,1.30967237055e-11,,Cannot find cue bottom
sec6-res-util-pool-c4m2,,3404,,pool,,2,,387,,592,,248,,5.43659219703e-18,,Cannot find cue bottom
sec6-res-util-pool-c4m2,,3412,,pool,,2,,373,,553,,192,,3.00883699528e-11,,Cannot find cue bottom
sec6-res-util-pool-c4m2,,3418,,pool,,2,,372,,612,,291,,3.61086151088e-23,,Cannot find cue bottom
sec6-res-util-pool-c4m2,,3427,,pool,,2,,378,,557,,196,,9.92546054374e-12,,Cannot find cue bottom
sec6-res-util-pool-c4m2,,3433,,pool,,2,,411,,548,,189,,6.91249221386e-11,,Cannot find cue top
sec6-res-util-pool-c4m2,,3439,,pool,,2,,402,,632,,292,,2.7365213057e-23,,Cannot find cue bottom
sec6-res-util-pool-c4m2,,3449,,pool,,2,,374,,505,,145,,1.37329101563e-05,,Cannot find cue top
sec6-res-util-pool-c4m2,,3453,,pool,,2,,372,,643,,336,,1.37743435321e-28,,Cannot find cue top
sec6-res-util-pool-c4m2,,3464,,pool,,2,,382,,452,,121,,0.0106573821083,,Cannot find cue top
sec6-res-util-pool-c4m2,,3468,,pool,,2,,373,,583,,260,,1.95156391047e-19,,Cannot find cue top
sec6-res-util-pool-c4m2,,3476,,pool,,2,,373,,526,,212,,1.17532695128e-13,,Cannot find cue top
sec6-res-util-pool-c4m2,,3483,,pool,,2,,373,,559,,270,,1.21972744405e-20,,Cannot find cue top
sec6-res-util-pool-c4m2,,3492,,pool,,2,,373,,502,,141,,4.16303988605e-05,,Cannot find cue ball
sec6-res-util-pool-c4m2,,3496,,pool,,2,,400,,554,,194,,1.72812305347e-11,,Cannot find cue top
sec6-res-util-pool-c4m2,,3503,,pool,,2,,375,,452,,92,,1.0,,Cannot find cue top
sec6-res-util-pool-c4m2,,3506,,pool,,2,,387,,550,,329,,9.59301001671e-28,,Cannot find cue top
sec6-res-util-pool-c4m2,,3516,,pool,,2,,374,,499,,139,,7.24827343564e-05,,Cannot find cue top
sec6-res-util-pool-c4m2,,3521,,pool,,2,,392,,540,,179,,1.10599875422e-09,,Cannot find cue top
sec6-res-util-pool-c4m2,,3526,,pool,,2,,376,,513,,151,,2.60189992878e-06,,Cannot find cue bottom
sec6-res-util-pool-c4m2,,3532,,pool,,2,,368,,545,,184,,2.76499688554e-10,,Cannot find cue bottom
sec6-res-util-pool-c4m2,,3537,,pool,,2,,370,,545,,203,,1.4251700249e-12,,Cannot find cue bottom
sec6-res-util-pool-c4m2,,3544,,pool,,2,,384,,523,,162,,1.23241963327e-07,,Cannot find cue bottom
sec6-res-util-pool-c4m2,,3549,,pool,,2,,368,,563,,205,,8.18545231596e-13,,Cannot find cue top
sec6-res-util-pool-c4m2,,3556,,pool,,2,,370,,490,,130,,0.00087890625,,Cannot find cue top
sec6-res-util-pool-c4m2,,3560,,pool,,2,,385,,590,,229,,1.05476260587e-15,,Cannot find cue ball
sec6-res-util-pool-c4m2,,3567,,pool,,2,,370,,517,,181,,6.35229474799e-10,,Cannot find cue bottom
sec6-res-util-pool-c4m2,,3573,,pool,,2,,372,,584,,239,,6.59226628672e-17,,Cannot find cue ball
sec6-res-util-pool-c4m2,,3581,,pool,,2,,373,,529,,168,,2.33499856879e-08,,Cannot find cue ball
sec6-res-util-pool-c4m2,,3586,,pool,,2,,411,,628,,314,,6.1395264107e-26,,Cannot find cue bottom
sec6-res-util-pool-c4m2,,3596,,pool,,2,,371,,637,,300,,2.97785020519e-24,,Cannot find cue bottom
sec6-res-util-pool-c4m2,,3605,,pool,,2,,369,,608,,296,,9.02715377719e-24,,Cannot find cue bottom
sec6-res-util-pool-c4m2,,3614,,pool,,2,,375,,594,,300,,2.97785020519e-24,,Cannot find cue bottom
sec6-res-util-pool-c4m2,,3624,,pool,,2,,370,,518,,203,,1.4251700249e-12,,Cannot find cue bottom
sec6-res-util-pool-c4m2,,3630,,pool,,2,,371,,583,,290,,4.76456032831e-23,,Cannot find cue bottom
sec6-res-util-pool-c4m2,,3639,,pool,,2,,369,,500,,139,,7.24827343564e-05,,Cannot find cue bottom
sec6-res-util-pool-c4m2,,3643,,pool,,2,,371,,652,,355,,7.09974814699e-31,,Cannot find cue bottom
sec6-res-util-pool-c4m2,,3655,,pool,,2,,371,,442,,83,,1.0,,Cannot find cue top
sec6-res-util-pool-c4m2,,3657,,pool,,2,,370,,561,,200,,3.27418092638e-12,,Cannot find cue ball
sec6-res-util-pool-c4m2,,3664,,pool,,2,,369,,526,,178,,1.4593741055e-09,,Cannot find cue top
sec6-res-util-pool-c4m2,,3670,,pool,,2,,370,,475,,115,,0.05625,,Cannot find cue top
sec6-res-util-pool-c4m2,,3674,,pool,,2,,369,,495,,134,,0.000289930937426,,Cannot find cue top
sec6-res-util-pool-c4m2,,3678,,pool,,2,,369,,547,,186,,1.588073687e-10,,Cannot find cue top
sec6-res-util-pool-c4m2,,3684,,pool,,2,,369,,557,,197,,7.5220924882e-12,,Cannot find cue top
sec6-res-util-pool-c4m2,,3690,,pool,,2,,371,,455,,95,,1.0,,Cannot find cue bottom
sec6-res-util-pool-c4m2,,3694,,pool,,2,,373,,571,,309,,2.45581056428e-25,,Cannot find cue bottom
sec6-res-util-pool-c4m2,,3704,,pool,,2,,374,,646,,398,,4.71549205675e-36,,Cannot find cue bottom
sec6-res-util-pool-c4m2,,3716,,pool,,2,,374,,608,,247,,7.17362641163e-18,,Cannot find cue bottom
sec6-res-util-pool-c4m2,,3724,,pool,,2,,372,,529,,169,,1.76959800675e-08,,Cannot find cue bottom
sec6-res-util-pool-c4m2,,3730,,pool,,2,,372,,466,,105,,0.9,,Cannot find cue bottom
sec6-res-util-pool-c4m2,,3733,,pool,,2,,372,,432,,72,,1.0,,Cannot find cue bottom
sec6-res-util-pool-c4m2,,3736,,pool,,2,,372,,572,,211,,1.55085320996e-13,,Cannot find cue bottom
sec6-res-util-pool-c4m2,,3743,,pool,,2,,391,,548,,188,,9.12108815935e-11,,Cannot find cue bottom
sec6-res-util-pool-c4m2,,3749,,pool,,2,,373,,508,,152,,1.97187141323e-06,,Cannot find cue bottom
sec6-res-util-pool-c4m2,,3754,,pool,,2,,373,,561,,201,,2.48136513594e-12,,Cannot find cue bottom
sec6-res-util-pool-c4m2,,3760,,pool,,2,,369,,459,,99,,0.99744,,Cannot find cue bottom
sec6-res-util-pool-c4m2,,3764,,pool,,2,,397,,624,,264,,6.43776004562e-20,,Cannot find cue bottom
sec6-res-util-pool-c4m2,,3772,,pool,,2,,375,,548,,187,,1.20353479811e-10,,Cannot find cue bottom
sec6-res-util-pool-c4m2,,3778,,pool,,2,,403,,553,,192,,3.00883699528e-11,,Cannot find cue bottom
sec6-res-util-pool-c4m2,,3785,,pool,,2,,398,,533,,254,,1.0300416073e-18,,Cannot find cue top
sec6-res-util-pool-c4m2,,3793,,pool,,2,,371,,540,,179,,1.10599875422e-09,,Cannot find cue top
sec6-res-util-pool-c4m2,,3799,,pool,,2,,372,,459,,100,,0.99375,,Cannot find cue top
sec6-res-util-pool-c4m2,,3802,,pool,,2,,415,,478,,154,,1.13254272432e-06,,Cannot find cue top
sec6-res-util-pool-c4m2,,3807,,pool,,2,,370,,603,,322,,6.680960219e-27,,Cannot find cue bottom
sec6-res-util-pool-c4m2,,3817,,pool,,2,,372,,520,,160,,2.14576721191e-07,,Cannot find cue bottom
sec6-res-util-pool-c4m2,,3822,,pool,,2,,371,,494,,134,,0.000289930937426,,Cannot find cue bottom
sec6-res-util-pool-c4m2,,3827,,pool,,2,,370,,445,,84,,1.0,,Cannot find cue bottom
sec6-res-util-pool-c4m2,,3830,,pool,,2,,368,,442,,80,,1.0,,Cannot find cue bottom
sec6-res-util-pool-c4m2,,3833,,pool,,2,,368,,414,,52,,1.0,,Cannot find cue top
sec6-res-util-pool-c4m2,,3835,,pool,,2,,368,,538,,176,,2.5409178992e-09,,Cannot find cue ball
sec6-res-util-pool-c4m2,,3840,,pool,,2,,370,,474,,134,,0.000289930937426,,Cannot find cue bottom
sec6-res-util-pool-c4m2,,3845,,pool,,2,,389,,636,,295,,1.19114008208e-23,,Cannot find cue ball
sec6-res-util-pool-c4m2,,3854,,pool,,2,,382,,507,,147,,7.8874856529e-06,,Cannot find cue ball
sec6-res-util-pool-c4m2,,3859,,pool,,2,,371,,591,,242,,2.86945056465e-17,,Cannot find object ball
sec6-res-util-pool-c4m2,,3866,,pool,,2,,374,,715,,394,,1.42946988593e-35,,speech: right
sec6-res-util-pool-c4m2,,3879,,pool,,2,,373,,573,,213,,8.90731265561e-14,,Cannot find object ball
sec6-res-util-pool-c4m2,,3885,,pool,,2,,370,,566,,207,,4.70130780512e-13,,Cannot find cue ball
sec6-res-util-pool-c4m2,,3892,,pool,,2,,399,,616,,344,,1.49890781511e-29,,Cannot find cue ball
sec6-res-util-pool-c4m2,,3903,,pool,,2,,373,,595,,293,,2.07389533883e-23,,Cannot find cue bottom
sec6-res-util-pool-c4m2,,3912,,pool,,2,,380,,453,,92,,1.0,,Cannot find cue top
sec6-res-util-pool-c4m2,,3916,,pool,,2,,371,,460,,100,,0.99375,,Cannot find cue top
sec6-res-util-pool-c4m2,,3919,,pool,,2,,370,,547,,187,,1.20353479811e-10,,Cannot find cue top
sec6-res-util-pool-c4m2,,3925,,pool,,2,,369,,565,,205,,8.18545231596e-13,,Cannot find cue top
sec6-res-util-pool-c4m2,,3932,,pool,,2,,373,,521,,161,,1.62618745549e-07,,Cannot find cue top
sec6-res-util-pool-c4m2,,3937,,pool,,2,,400,,632,,381,,5.25449506076e-34,,Cannot find cue bottom
sec6-res-util-pool-c4m2,,3949,,pool,,2,,404,,548,,188,,9.12108815935e-11,,Cannot find cue bottom
sec6-res-util-pool-c4m2,,3955,,pool,,2,,402,,560,,295,,1.19114008208e-23,,Cannot find cue bottom
sec6-res-util-pool-c4m2,,3965,,pool,,2,,372,,498,,137,,0.000126199770446,,Cannot find cue top
sec6-res-util-pool-c4m2,,3969,,pool,,2,,370,,560,,199,,4.32030763366e-12,,Cannot find cue top
sec6-res-util-pool-c4m2,,3976,,pool,,2,,371,,541,,181,,6.35229474799e-10,,Cannot find cue top
sec6-res-util-pool-c4m2,,3981,,pool,,2,,369,,493,,132,,0.000504799081786,,Cannot find cue top
sec6-res-util-pool-c4m2,,3986,,pool,,2,,372,,532,,171,,1.01636715968e-08,,Cannot find cue top
sec6-res-util-pool-c4m2,,3991,,pool,,2,,392,,494,,134,,0.000289930937426,,Cannot find cue top
sec6-res-util-pool-c4m2,,3996,,pool,,2,,370,,457,,97,,0.99984,,Cannot find cue top
sec6-res-util-pool-c4m2,,3999,,pool,,2,,371,,475,,114,,0.074222319981,,Cannot find cue top
sec6-res-util-pool-c4m2,,4003,,pool,,2,,406,,547,,236,,1.51450508785e-16,,Cannot find cue top
sec6-res-util-pool-c4m2,,4011,,pool,,2,,372,,572,,212,,1.17532695128e-13,,Cannot find cue top
sec6-res-util-pool-c4m2,,4018,,pool,,2,,374,,660,,372,,6.3714601698e-33,,Cannot find cue bottom
sec6-res-util-pool-c4m2,,4029,,pool,,2,,373,,464,,104,,0.93439,,Cannot find cue bottom
sec6-res-util-pool-c4m2,,4033,,pool,,2,,373,,570,,210,,2.04636307899e-13,,Cannot find cue bottom
sec6-res-util-pool-c4m2,,4039,,pool,,2,,401,,547,,186,,1.588073687e-10,,Cannot find cue bottom
sec6-res-util-pool-c4m2,,4045,,pool,,2,,370,,455,,94,,1.0,,Cannot find cue bottom
sec6-res-util-pool-c4m2,,4049,,pool,,2,,369,,595,,255,,7.8062556419e-19,,Cannot find cue bottom
sec6-res-util-pool-c4m2,,4057,,pool,,2,,374,,564,,204,,1.08007690842e-12,,Cannot find cue top
sec6-res-util-pool-c4m2,,4063,,pool,,2,,400,,502,,141,,4.16303988605e-05,,Cannot find cue top
sec6-res-util-pool-c4m2,,4068,,pool,,2,,371,,458,,97,,0.99984,,Cannot find cue top
sec6-res-util-pool-c4m2,,4071,,pool,,2,,370,,534,,173,,5.83749642198e-09,,Cannot find cue top
sec6-res-util-pool-c4m2,,4077,,pool,,2,,369,,577,,234,,2.63690651469e-16,,Cannot find cue top
sec6-res-util-pool-c4m2,,4085,,pool,,2,,373,,509,,148,,5.97759633611e-06,,Cannot find cue top
sec6-res-util-pool-c4m2,,4090,,pool,,2,,372,,479,,119,,0.0185555799952,,Cannot find cue top
sec6-res-util-pool-c4m2,,4094,,pool,,2,,372,,492,,132,,0.000504799081786,,Cannot find cue top
sec6-res-util-pool-c4m2,,4098,,pool,,2,,369,,493,,133,,0.000382566165511,,Cannot find cue top
sec6-res-util-pool-c4m2,,4102,,pool,,2,,369,,515,,154,,1.13254272432e-06,,Cannot find cue top
sec6-res-util-pool-c4m2,,4108,,pool,,2,,369,,564,,240,,4.99600361081e-17,,Cannot find cue top
sec6-res-util-pool-c4m2,,4115,,pool,,2,,374,,483,,122,,0.00807678530857,,Cannot find cue top
sec6-res-util-pool-c4m2,,4119,,pool,,2,,369,,552,,191,,3.9701842175e-11,,Cannot find cue top
sec6-res-util-pool-c4m2,,4126,,pool,,2,,369,,461,,100,,0.99375,,Cannot find cue top
sec6-res-util-pool-c4m2,,4129,,pool,,2,,370,,651,,344,,1.49890781511e-29,,Cannot find cue top
sec6-res-util-pool-c4m2,,4140,,pool,,2,,374,,465,,105,,0.9,,Cannot find cue top
sec6-res-util-pool-c4m2,,4143,,pool,,2,,370,,538,,177,,1.92565567698e-09,,Cannot find cue top
sec6-res-util-pool-c4m2,,0,,pool,,2,,371,,579,,290,,4.76456032831e-23,,Cannot find cue bottom
sec6-res-util-pool-c4m2,,9,,pool,,2,,372,,548,,187,,1.20353479811e-10,,Cannot find cue ball
sec6-res-util-pool-c4m2,,15,,pool,,2,,371,,560,,295,,1.19114008208e-23,,Cannot find cue ball
sec6-res-util-pool-c4m2,,25,,pool,,2,,372,,539,,178,,1.4593741055e-09,,Cannot find cue bottom
sec6-res-util-pool-c4m2,,30,,pool,,2,,372,,582,,303,,1.29618458677e-24,,Cannot find cue bottom
sec6-res-util-pool-c4m2,,40,,pool,,2,,374,,650,,394,,1.42946988593e-35,,Cannot find cue bottom
sec6-res-util-pool-c4m2,,52,,pool,,2,,409,,550,,190,,5.23868948221e-11,,Cannot find cue bottom
sec6-res-util-pool-c4m2,,58,,pool,,2,,375,,538,,191,,3.9701842175e-11,,Cannot find cue bottom
sec6-res-util-pool-c4m2,,64,,pool,,2,,399,,543,,182,,4.81413919245e-10,,Cannot find cue bottom
sec6-res-util-pool-c4m2,,70,,pool,,2,,371,,511,,150,,3.43322753906e-06,,Cannot find cue bottom
sec6-res-util-pool-c4m2,,75,,pool,,2,,371,,586,,238,,8.69854751525e-17,,Cannot find cue bottom
sec6-res-util-pool-c4m2,,83,,pool,,2,,376,,609,,293,,2.07389533883e-23,,Cannot find cue bottom
sec6-res-util-pool-c4m2,,92,,pool,,2,,376,,614,,294,,1.57171876114e-23,,Cannot find cue bottom
sec6-res-util-pool-c4m2,,101,,pool,,2,,382,,525,,207,,4.70130780512e-13,,Cannot find cue bottom
sec6-res-util-pool-c4m2,,108,,pool,,2,,371,,569,,275,,3.04931861012e-21,,Cannot find cue bottom
sec6-res-util-pool-c4m2,,117,,pool,,2,,370,,673,,384,,2.28715181749e-34,,Cannot find cue bottom
sec6-res-util-pool-c4m2,,129,,pool,,2,,375,,561,,201,,2.48136513594e-12,,Cannot find cue bottom
sec6-res-util-pool-c4m2,,136,,pool,,2,,371,,547,,280,,7.62329652529e-22,,Cannot find cue bottom
sec6-res-util-pool-c4m2,,144,,pool,,2,,372,,540,,180,,8.38190317154e-10,,Cannot find cue bottom
sec6-res-util-pool-c4m2,,150,,pool,,2,,371,,578,,304,,9.82324225712e-25,,Cannot find cue bottom
sec6-res-util-pool-c4m2,,160,,pool,,2,,371,,625,,264,,6.43776004562e-20,,Cannot find cue bottom
sec6-res-util-pool-c4m2,,168,,pool,,2,,371,,645,,314,,6.1395264107e-26,,Cannot find cue bottom
sec6-res-util-pool-c4m2,,178,,pool,,2,,373,,473,,113,,0.0979369383708,,Cannot find cue bottom
sec6-res-util-pool-c4m2,,182,,pool,,2,,382,,704,,367,,2.54858406792e-32,,Cannot find cue bottom
sec6-res-util-pool-c4m2,,194,,pool,,2,,391,,605,,594,,1.18242977587e-59,,speech: left
sec6-res-util-pool-c4m2,,212,,pool,,2,,381,,497,,137,,0.000126199770446,,Cannot find cue ball
sec6-res-util-pool-c4m2,,217,,pool,,2,,372,,562,,201,,2.48136513594e-12,,Cannot find cue top
sec6-res-util-pool-c4m2,,223,,pool,,2,,371,,646,,332,,4.17560013688e-28,,Cannot find cue bottom
sec6-res-util-pool-c4m2,,233,,pool,,2,,373,,473,,112,,0.129228564937,,Cannot find cue bottom
sec6-res-util-pool-c4m2,,237,,pool,,2,,372,,590,,266,,3.69752218714e-20,,Cannot find cue bottom
sec6-res-util-pool-c4m2,,246,,pool,,2,,373,,579,,291,,3.61086151088e-23,,Cannot find cue bottom
sec6-res-util-pool-c4m2,,255,,pool,,2,,375,,573,,212,,1.17532695128e-13,,Cannot find cue bottom
sec6-res-util-pool-c4m2,,262,,pool,,2,,373,,539,,267,,2.80219781704e-20,,Cannot find cue top
sec6-res-util-pool-c4m2,,270,,pool,,2,,373,,470,,110,,0.225,,Cannot find cue top
sec6-res-util-pool-c4m2,,274,,pool,,2,,374,,548,,188,,9.12108815935e-11,,Cannot find cue top
sec6-res-util-pool-c4m2,,280,,pool,,2,,409,,509,,149,,4.53017089728e-06,,Cannot find cue bottom
sec6-res-util-pool-c4m2,,285,,pool,,2,,372,,497,,137,,0.000126199770446,,Cannot find cue bottom
sec6-res-util-pool-c4m2,,290,,pool,,2,,400,,459,,98,,0.99919,,Cannot find cue bottom
sec6-res-util-pool-c4m2,,293,,pool,,2,,384,,592,,258,,3.39787012314e-19,,Cannot find cue bottom
sec6-res-util-pool-c4m2,,301,,pool,,2,,373,,544,,184,,2.76499688554e-10,,Cannot find cue bottom
sec6-res-util-pool-c4m2,,307,,pool,,2,,379,,623,,301,,2.2567884443e-24,,Cannot find cue bottom
sec6-res-util-pool-c4m2,,316,,pool,,2,,375,,461,,100,,0.99375,,Cannot find cue bottom
sec6-res-util-pool-c4m2,,320,,pool,,2,,371,,605,,283,,3.31823254213e-22,,Cannot find object ball
sec6-res-util-pool-c4m2,,329,,pool,,2,,374,,539,,179,,1.10599875422e-09,,Cannot find object ball
sec6-res-util-pool-c4m2,,334,,pool,,2,,398,,467,,106,,0.68207245493,,Cannot find cue top
sec6-res-util-pool-c4m2,,338,,pool,,2,,372,,510,,150,,3.43322753906e-06,,Cannot find cue top
sec6-res-util-pool-c4m2,,343,,pool,,2,,371,,547,,222,,7.3457934455e-15,,Cannot find cue top
sec6-res-util-pool-c4m2,,350,,pool,,2,,375,,439,,115,,0.05625,,Cannot find cue top
sec6-res-util-pool-c4m2,,354,,pool,,2,,372,,561,,200,,3.27418092638e-12,,Cannot find cue top
sec6-res-util-pool-c4m2,,361,,pool,,2,,373,,543,,254,,1.0300416073e-18,,Cannot find cue top
sec6-res-util-pool-c4m2,,369,,pool,,2,,376,,588,,294,,1.57171876114e-23,,Cannot find cue bottom
sec6-res-util-pool-c4m2,,378,,pool,,2,,373,,655,,393,,1.8861968227e-35,,Cannot find cue top
sec6-res-util-pool-c4m2,,390,,pool,,2,,375,,475,,114,,0.074222319981,,Cannot find cue top
sec6-res-util-pool-c4m2,,394,,pool,,2,,372,,520,,160,,2.14576721191e-07,,Cannot find cue top
sec6-res-util-pool-c4m2,,399,,pool,,2,,374,,581,,223,,5.56707040976e-15,,Cannot find cue top
sec6-res-util-pool-c4m2,,407,,pool,,2,,398,,505,,144,,1.81206835891e-05,,Cannot find cue top
sec6-res-util-pool-c4m2,,411,,pool,,2,,372,,634,,294,,1.57171876114e-23,,Cannot find cue top
sec6-res-util-pool-c4m2,,421,,pool,,2,,372,,450,,91,,1.0,,Cannot find cue bottom
sec6-res-util-pool-c4m2,,424,,pool,,2,,373,,632,,289,,6.28687504455e-23,,Cannot find cue bottom
sec6-res-util-pool-c4m2,,433,,pool,,2,,372,,460,,99,,0.99744,,Cannot find object ball
sec6-res-util-pool-c4m2,,437,,pool,,2,,372,,519,,159,,2.8313568108e-07,,Cannot find object ball
sec6-res-util-pool-c4m2,,442,,pool,,2,,422,,478,,117,,0.0323071412343,,Cannot find object ball
sec6-res-util-pool-c4m2,,446,,pool,,2,,394,,538,,178,,1.4593741055e-09,,Cannot find cue ball
sec6-res-util-pool-c4m2,,452,,pool,,2,,395,,550,,191,,3.9701842175e-11,,Cannot find cue ball
sec6-res-util-pool-c4m2,,458,,pool,,2,,390,,641,,296,,9.02715377719e-24,,Cannot find cue ball
sec6-res-util-pool-c4m2,,467,,pool,,2,,373,,719,,391,,3.28405941298e-35,,speech: left
sec6-res-util-pool-c4m2,,479,,pool,,2,,374,,583,,225,,3.19744231092e-15,,Cannot find object ball
sec6-res-util-pool-c4m2,,486,,pool,,2,,371,,589,,262,,1.12087912682e-19,,Cannot find object ball
sec6-res-util-pool-c4m2,,495,,pool,,2,,372,,606,,288,,8.29558135533e-23,,Cannot find object ball
sec6-res-util-pool-c4m2,,504,,pool,,2,,373,,583,,293,,2.07389533883e-23,,Cannot find cue ball
sec6-res-util-pool-c4m2,,513,,pool,,2,,374,,559,,198,,5.70068009959e-12,,Cannot find cue ball
sec6-res-util-pool-c4m2,,519,,pool,,2,,372,,493,,133,,0.000382566165511,,Cannot find object ball
sec6-res-util-pool-c4m2,,524,,pool,,2,,371,,494,,133,,0.000382566165511,,Cannot find object ball
sec6-res-util-pool-c4m2,,528,,pool,,2,,372,,575,,296,,9.02715377719e-24,,Cannot find object ball
sec6-res-util-pool-c4m2,,538,,pool,,2,,372,,634,,291,,3.61086151088e-23,,Cannot find object ball
sec6-res-util-pool-c4m2,,547,,pool,,2,,375,,464,,103,,0.95904,,Cannot find object ball
sec6-res-util-pool-c4m2,,550,,pool,,2,,372,,620,,275,,3.04931861012e-21,,Cannot find object ball
sec6-res-util-pool-c4m2,,559,,pool,,2,,390,,719,,399,,3.57367471483e-36,,Cannot find cue ball
sec6-res-util-pool-c4m2,,572,,pool,,2,,371,,619,,281,,5.7773784174e-22,,Cannot find cue ball
sec6-res-util-pool-c4m2,,581,,pool,,2,,372,,498,,138,,9.56415413777e-05,,Cannot find cue top
sec6-res-util-pool-c4m2,,585,,pool,,2,,371,,588,,241,,3.78626271963e-17,,Cannot find cue top
sec6-res-util-pool-c4m2,,593,,pool,,2,,385,,506,,146,,1.04075997151e-05,,Cannot find cue top
sec6-res-util-pool-c4m2,,598,,pool,,2,,372,,538,,179,,1.10599875422e-09,,Cannot find cue bottom
sec6-res-util-pool-c4m2,,604,,pool,,2,,372,,478,,118,,0.0244842345927,,Cannot find cue bottom
sec6-res-util-pool-c4m2,,607,,pool,,2,,398,,462,,102,,0.97599,,Cannot find cue bottom
sec6-res-util-pool-c4m2,,611,,pool,,2,,382,,498,,138,,9.56415413777e-05,,Cannot find cue bottom
sec6-res-util-pool-c4m2,,616,,pool,,2,,373,,491,,255,,7.8062556419e-19,,Cannot find cue bottom
sec6-res-util-pool-c4m2,,624,,pool,,2,,373,,467,,106,,0.68207245493,,Cannot find cue top
sec6-res-util-pool-c4m2,,627,,pool,,2,,372,,585,,274,,4.02360002851e-21,,Cannot find cue top
sec6-res-util-pool-c4m2,,636,,pool,,2,,373,,592,,292,,2.7365213057e-23,,Cannot find cue bottom
sec6-res-util-pool-c4m2,,645,,pool,,2,,373,,555,,194,,1.72812305347e-11,,Cannot find cue bottom
sec6-res-util-pool-c4m2,,651,,pool,,2,,373,,542,,287,,1.09460852228e-22,,Cannot find cue ball
sec6-res-util-pool-c4m2,,660,,pool,,2,,373,,472,,112,,0.129228564937,,Cannot find cue top
sec6-res-util-pool-c4m2,,664,,pool,,2,,406,,510,,150,,3.43322753906e-06,,Cannot find cue top
sec6-res-util-pool-c4m2,,669,,pool,,2,,380,,466,,109,,0.296889279924,,Cannot find cue top
sec6-res-util-pool-c4m2,,673,,pool,,2,,375,,553,,289,,6.28687504455e-23,,Cannot find cue top
sec6-res-util-pool-c4m2,,682,,pool,,2,,372,,451,,90,,1.0,,Cannot find cue bottom
sec6-res-util-pool-c4m2,,685,,pool,,2,,379,,556,,195,,1.30967237055e-11,,Cannot find cue bottom
sec6-res-util-pool-c4m2,,691,,pool,,2,,399,,556,,284,,2.51475001782e-22,,Cannot find cue bottom
sec6-res-util-pool-c4m2,,700,,pool,,2,,401,,546,,185,,2.09547579288e-10,,Cannot find cue bottom
sec6-res-util-pool-c4m2,,706,,pool,,2,,401,,614,,305,,7.44462551298e-25,,Cannot find cue bottom
sec6-res-util-pool-c4m2,,716,,pool,,2,,380,,600,,284,,2.51475001782e-22,,Cannot find cue ball
sec6-res-util-pool-c4m2,,725,,pool,,2,,376,,507,,147,,7.8874856529e-06,,Cannot find cue bottom
sec6-res-util-pool-c4m2,,730,,pool,,2,,372,,630,,336,,1.37743435321e-28,,Cannot find cue bottom
sec6-res-util-pool-c4m2,,740,,pool,,2,,372,,502,,141,,4.16303988605e-05,,Cannot find cue bottom
sec6-res-util-pool-c4m2,,745,,pool,,2,,372,,530,,170,,1.34110450745e-08,,Cannot find cue bottom
sec6-res-util-pool-c4m2,,751,,pool,,2,,413,,564,,206,,6.20341283984e-13,,Cannot find cue bottom
sec6-res-util-pool-c4m2,,758,,pool,,2,,374,,534,,174,,4.42399501687e-09,,Cannot find cue bottom
sec6-res-util-pool-c4m2,,763,,pool,,2,,372,,440,,79,,1.0,,Cannot find cue bottom
sec6-res-util-pool-c4m2,,766,,pool,,2,,396,,603,,340,,4.54383881407e-29,,Cannot find cue bottom
sec6-res-util-pool-c4m2,,777,,pool,,2,,373,,564,,204,,1.08007690842e-12,,Cannot find cue bottom
sec6-res-util-pool-c4m2,,784,,pool,,2,,421,,541,,278,,1.32729301685e-21,,Cannot find cue bottom
sec6-res-util-pool-c4m2,,793,,pool,,2,,373,,577,,217,,2.9383173782e-14,,Cannot find cue bottom
sec6-res-util-pool-c4m2,,799,,pool,,2,,397,,561,,203,,1.4251700249e-12,,Cannot find cue bottom
sec6-res-util-pool-c4m2,,806,,pool,,2,,379,,579,,252,,1.79340660291e-18,,Cannot find cue bottom
sec6-res-util-pool-c4m2,,814,,pool,,2,,374,,542,,182,,4.81413919245e-10,,Cannot find object ball
sec6-res-util-pool-c4m2,,820,,pool,,2,,372,,563,,202,,1.88052312205e-12,,Cannot find cue ball
sec6-res-util-pool-c4m2,,826,,pool,,2,,399,,546,,186,,1.588073687e-10,,Cannot find cue top
sec6-res-util-pool-c4m2,,833,,pool,,2,,398,,536,,177,,1.92565567698e-09,,Cannot find cue bottom
sec6-res-util-pool-c4m2,,838,,pool,,2,,373,,650,,309,,2.45581056428e-25,,Cannot find cue bottom
sec6-res-util-pool-c4m2,,848,,pool,,2,,381,,603,,290,,4.76456032831e-23,,Cannot find cue bottom
sec6-res-util-pool-c4m2,,857,,pool,,2,,373,,512,,151,,2.60189992878e-06,,Cannot find cue bottom
sec6-res-util-pool-c4m2,,862,,pool,,2,,412,,536,,176,,2.5409178992e-09,,Cannot find cue top
sec6-res-util-pool-c4m2,,868,,pool,,2,,373,,570,,241,,3.78626271963e-17,,Cannot find cue bottom
sec6-res-util-pool-c4m2,,876,,pool,,2,,382,,690,,397,,6.22212907207e-36,,Cannot find cue bottom
sec6-res-util-pool-c4m2,,888,,pool,,2,,375,,567,,207,,4.70130780512e-13,,Cannot find cue top
sec6-res-util-pool-c4m2,,894,,pool,,2,,373,,471,,174,,4.42399501687e-09,,Cannot find cue top
sec6-res-util-pool-c4m2,,900,,pool,,2,,374,,449,,89,,1.0,,Cannot find cue top
sec6-res-util-pool-c4m2,,903,,pool,,2,,374,,476,,116,,0.0426295284331,,Cannot find cue top
sec6-res-util-pool-c4m2,,907,,pool,,2,,411,,559,,198,,5.70068009959e-12,,Cannot find cue top
sec6-res-util-pool-c4m2,,913,,pool,,2,,398,,531,,170,,1.34110450745e-08,,Cannot find cue top
