sec6-res-util-pool-c2m2,,3076,,pool,,2,,417,,550,,191,,3.9701842175e-11,,Cannot find object ball
sec6-res-util-pool-c2m2,,3082,,pool,,2,,373,,533,,172,,7.70262270791e-09,,Cannot find object ball
sec6-res-util-pool-c2m2,,3087,,pool,,2,,371,,462,,102,,0.97599,,Cannot find object ball
sec6-res-util-pool-c2m2,,3091,,pool,,2,,371,,546,,186,,1.588073687e-10,,Cannot find object ball
sec6-res-util-pool-c2m2,,3097,,pool,,2,,371,,532,,171,,1.01636715968e-08,,Cannot find cue top
sec6-res-util-pool-c2m2,,3102,,pool,,2,,371,,569,,208,,3.56292506224e-13,,Cannot find cue bottom
sec6-res-util-pool-c2m2,,3109,,pool,,2,,371,,503,,142,,3.15499426116e-05,,Cannot find cue top
sec6-res-util-pool-c2m2,,3114,,pool,,2,,371,,486,,125,,0.003515625,,Cannot find cue top
sec6-res-util-pool-c2m2,,3118,,pool,,2,,370,,511,,150,,3.43322753906e-06,,Cannot find cue top
sec6-res-util-pool-c2m2,,3123,,pool,,2,,371,,551,,190,,5.23868948221e-11,,Cannot find cue bottom
sec6-res-util-pool-c2m2,,3129,,pool,,2,,371,,484,,123,,0.00612105864818,,Cannot find cue top
sec6-res-util-pool-c2m2,,3133,,pool,,2,,372,,461,,137,,0.000126199770446,,Cannot find cue bottom
sec6-res-util-pool-c2m2,,3138,,pool,,2,,372,,488,,188,,9.12108815935e-11,,Cannot find cue bottom
sec6-res-util-pool-c2m2,,3144,,pool,,2,,372,,554,,296,,9.02715377719e-24,,Cannot find cue bottom
sec6-res-util-pool-c2m2,,3153,,pool,,2,,372,,556,,195,,1.30967237055e-11,,Cannot find cue bottom
sec6-res-util-pool-c2m2,,3159,,pool,,2,,447,,727,,387,,9.95540651531e-35,,Cannot find cue bottom
sec6-res-util-pool-c2m2,,3171,,pool,,2,,452,,657,,395,,1.08333559372e-35,,Cannot find cue bottom
sec6-res-util-pool-c2m2,,3184,,pool,,2,,434,,645,,395,,1.08333559372e-35,,Cannot find cue ball
sec6-res-util-pool-c2m2,,3196,,pool,,2,,427,,629,,291,,3.61086151088e-23,,Cannot find cue bottom
sec6-res-util-pool-c2m2,,3205,,pool,,2,,503,,706,,395,,1.08333559372e-35,,Cannot find cue ball
sec6-res-util-pool-c2m2,,3217,,pool,,2,,590,,715,,405,,6.77084746074e-37,,Cannot find cue bottom
sec6-res-util-pool-c2m2,,3230,,pool,,2,,470,,583,,282,,4.37843408913e-22,,Cannot find cue bottom
sec6-res-util-pool-c2m2,,3239,,pool,,2,,494,,693,,397,,6.22212907207e-36,,Cannot find cue bottom
sec6-res-util-pool-c2m2,,3251,,pool,,2,,489,,668,,397,,6.22212907207e-36,,Cannot find cue top
sec6-res-util-pool-c2m2,,3264,,pool,,2,,481,,665,,392,,2.48885162883e-35,,Cannot find cue top
sec6-res-util-pool-c2m2,,3276,,pool,,2,,544,,676,,394,,1.42946988593e-35,,Cannot find cue top
sec6-res-util-pool-c2m2,,3288,,pool,,2,,547,,665,,396,,8.21014853244e-36,,Cannot find cue top
sec6-res-util-pool-c2m2,,3300,,pool,,2,,540,,720,,393,,1.8861968227e-35,,Cannot find cue top
sec6-res-util-pool-c2m2,,3313,,pool,,2,,535,,757,,496,,7.46708659103e-48,,Cannot find cue bottom
sec6-res-util-pool-c2m2,,3328,,pool,,2,,506,,728,,396,,8.21014853244e-36,,Cannot find cue bottom
sec6-res-util-pool-c2m2,,3340,,pool,,2,,596,,810,,496,,7.46708659103e-48,,Cannot find cue bottom
sec6-res-util-pool-c2m2,,3356,,pool,,2,,509,,798,,496,,7.46708659103e-48,,Cannot find cue bottom
sec6-res-util-pool-c2m2,,3371,,pool,,2,,490,,688,,397,,6.22212907207e-36,,Cannot find cue bottom
sec6-res-util-pool-c2m2,,3383,,pool,,2,,390,,580,,289,,6.28687504455e-23,,Cannot find cue bottom
sec6-res-util-pool-c2m2,,3393,,pool,,2,,454,,656,,393,,1.8861968227e-35,,Cannot find cue bottom
sec6-res-util-pool-c2m2,,3405,,pool,,2,,452,,669,,394,,1.42946988593e-35,,Cannot find cue bottom
sec6-res-util-pool-c2m2,,3417,,pool,,2,,538,,750,,485,,1.57646077237e-46,,Cannot find cue bottom
sec6-res-util-pool-c2m2,,3433,,pool,,2,,531,,732,,393,,1.8861968227e-35,,Cannot find cue top
sec6-res-util-pool-c2m2,,3445,,pool,,2,,605,,737,,484,,2.08015246016e-46,,Cannot find cue top
sec6-res-util-pool-c2m2,,3460,,pool,,2,,523,,724,,395,,1.08333559372e-35,,Cannot find cue bottom
sec6-res-util-pool-c2m2,,3472,,pool,,2,,586,,724,,394,,1.42946988593e-35,,Cannot find cue bottom
sec6-res-util-pool-c2m2,,3485,,pool,,2,,482,,681,,394,,1.42946988593e-35,,Cannot find cue top
sec6-res-util-pool-c2m2,,3497,,pool,,2,,484,,670,,394,,1.42946988593e-35,,Cannot find cue top
sec6-res-util-pool-c2m2,,3509,,pool,,2,,478,,597,,395,,1.08333559372e-35,,Cannot find cue top
sec6-res-util-pool-c2m2,,3522,,pool,,2,,462,,661,,395,,1.08333559372e-35,,Cannot find cue bottom
sec6-res-util-pool-c2m2,,3534,,pool,,2,,457,,645,,394,,1.42946988593e-35,,Cannot find cue bottom
sec6-res-util-pool-c2m2,,3546,,pool,,2,,428,,636,,292,,2.7365213057e-23,,Cannot find cue top
sec6-res-util-pool-c2m2,,3555,,pool,,2,,530,,727,,395,,1.08333559372e-35,,Cannot find cue top
sec6-res-util-pool-c2m2,,3568,,pool,,2,,513,,725,,398,,4.71549205675e-36,,Cannot find cue ball
sec6-res-util-pool-c2m2,,3580,,pool,,2,,521,,724,,393,,1.8861968227e-35,,Cannot find cue ball
sec6-res-util-pool-c2m2,,3592,,pool,,2,,524,,798,,497,,5.65899342479e-48,,Cannot find cue bottom
sec6-res-util-pool-c2m2,,3608,,pool,,2,,488,,785,,495,,9.85287982728e-48,,Cannot find cue bottom
sec6-res-util-pool-c2m2,,3623,,pool,,2,,486,,710,,498,,4.28871504187e-48,,Cannot find cue bottom
sec6-res-util-pool-c2m2,,3638,,pool,,2,,479,,698,,495,,9.85287982728e-48,,Cannot find cue bottom
sec6-res-util-pool-c2m2,,3654,,pool,,2,,381,,571,,211,,1.55085320996e-13,,Cannot find cue top
sec6-res-util-pool-c2m2,,3660,,pool,,2,,537,,740,,476,,1.9115741673e-45,,Cannot find cue bottom
sec6-res-util-pool-c2m2,,3675,,pool,,2,,439,,559,,198,,5.70068009959e-12,,Cannot find cue top
sec6-res-util-pool-c2m2,,3682,,pool,,2,,450,,636,,284,,2.51475001782e-22,,Cannot find cue top
sec6-res-util-pool-c2m2,,3691,,pool,,2,,519,,729,,394,,1.42946988593e-35,,Cannot find cue bottom
sec6-res-util-pool-c2m2,,3703,,pool,,2,,510,,715,,394,,1.42946988593e-35,,Cannot find cue bottom
sec6-res-util-pool-c2m2,,3715,,pool,,2,,401,,524,,163,,9.33999427517e-08,,Cannot find cue bottom
sec6-res-util-pool-c2m2,,3720,,pool,,2,,557,,760,,523,,4.18819828307e-51,,Cannot find cue bottom
sec6-res-util-pool-c2m2,,3737,,pool,,2,,597,,872,,590,,3.58445680005e-59,,Cannot find cue bottom
sec6-res-util-pool-c2m2,,3755,,pool,,2,,489,,695,,396,,8.21014853244e-36,,Cannot find cue bottom
sec6-res-util-pool-c2m2,,3767,,pool,,2,,567,,773,,494,,1.3000952876e-47,,Cannot find cue bottom
sec6-res-util-pool-c2m2,,3783,,pool,,2,,550,,766,,497,,5.65899342479e-48,,Cannot find cue bottom
sec6-res-util-pool-c2m2,,3798,,pool,,2,,463,,643,,390,,4.33334237487e-35,,Cannot find cue top
sec6-res-util-pool-c2m2,,3810,,pool,,2,,444,,640,,292,,2.7365213057e-23,,Cannot find cue bottom
sec6-res-util-pool-c2m2,,3820,,pool,,2,,551,,732,,395,,1.08333559372e-35,,Cannot find cue bottom
sec6-res-util-pool-c2m2,,3832,,pool,,2,,515,,643,,293,,2.07389533883e-23,,Cannot find cue bottom
sec6-res-util-pool-c2m2,,3841,,pool,,2,,527,,806,,496,,7.46708659103e-48,,Cannot find cue bottom
sec6-res-util-pool-c2m2,,3856,,pool,,2,,501,,804,,488,,6.86194406698e-47,,Cannot find object ball
sec6-res-util-pool-c2m2,,3872,,pool,,2,,573,,870,,588,,6.24090177278e-59,,Cannot find cue ball
sec6-res-util-pool-c2m2,,3890,,pool,,2,,500,,861,,601,,1.69781892305e-60,,speech: left
sec6-res-util-pool-c2m2,,3909,,pool,,2,,445,,580,,290,,4.76456032831e-23,,Cannot find cue top
sec6-res-util-pool-c2m2,,3918,,pool,,2,,463,,661,,394,,1.42946988593e-35,,Cannot find cue bottom
sec6-res-util-pool-c2m2,,3930,,pool,,2,,449,,635,,290,,4.76456032831e-23,,Cannot find cue top
sec6-res-util-pool-c2m2,,3939,,pool,,2,,446,,722,,392,,2.48885162883e-35,,Cannot find cue bottom
sec6-res-util-pool-c2m2,,3952,,pool,,2,,515,,724,,389,,5.71787954373e-35,,Cannot find cue bottom
sec6-res-util-pool-c2m2,,3964,,pool,,2,,438,,702,,393,,1.8861968227e-35,,Cannot find cue top
sec6-res-util-pool-c2m2,,3976,,pool,,2,,497,,605,,293,,2.07389533883e-23,,Cannot find cue top
sec6-res-util-pool-c2m2,,3986,,pool,,2,,485,,615,,294,,1.57171876114e-23,,Cannot find cue top
sec6-res-util-pool-c2m2,,3995,,pool,,2,,490,,681,,394,,1.42946988593e-35,,Cannot find cue top
sec6-res-util-pool-c2m2,,4007,,pool,,2,,480,,597,,290,,4.76456032831e-23,,Cannot find cue top
sec6-res-util-pool-c2m2,,4016,,pool,,2,,397,,598,,237,,1.14778022586e-16,,Cannot find cue top
sec6-res-util-pool-c2m2,,4024,,pool,,2,,622,,811,,552,,1.34920917148e-54,,Cannot find cue top
sec6-res-util-pool-c2m2,,4041,,pool,,2,,457,,666,,394,,1.42946988593e-35,,Cannot find cue bottom
sec6-res-util-pool-c2m2,,4053,,pool,,2,,532,,670,,396,,8.21014853244e-36,,Cannot find cue top
sec6-res-util-pool-c2m2,,4065,,pool,,2,,534,,739,,392,,2.48885162883e-35,,Cannot find cue top
sec6-res-util-pool-c2m2,,4078,,pool,,2,,455,,718,,394,,1.42946988593e-35,,Cannot find cue bottom
sec6-res-util-pool-c2m2,,4090,,pool,,2,,513,,706,,394,,1.42946988593e-35,,Cannot find cue top
sec6-res-util-pool-c2m2,,4102,,pool,,2,,518,,704,,393,,1.8861968227e-35,,Cannot find cue top
sec6-res-util-pool-c2m2,,4114,,pool,,2,,521,,723,,402,,1.55553226802e-36,,Cannot find cue top
sec6-res-util-pool-c2m2,,4127,,pool,,2,,503,,617,,394,,1.42946988593e-35,,Cannot find cue top
sec6-res-util-pool-c2m2,,4139,,pool,,2,,488,,702,,393,,1.8861968227e-35,,Cannot find cue top
sec6-res-util-pool-c2m2,,2,,pool,,2,,499,,780,,498,,4.28871504187e-48,,Cannot find cue bottom
sec6-res-util-pool-c2m2,,18,,pool,,2,,464,,743,,397,,6.22212907207e-36,,Cannot find cue bottom
sec6-res-util-pool-c2m2,,30,,pool,,2,,456,,656,,391,,3.28405941298e-35,,Cannot find cue bottom
sec6-res-util-pool-c2m2,,42,,pool,,2,,527,,730,,399,,3.57367471483e-36,,Cannot find cue bottom
sec6-res-util-pool-c2m2,,55,,pool,,2,,453,,720,,394,,1.42946988593e-35,,Cannot find cue bottom
sec6-res-util-pool-c2m2,,67,,pool,,2,,604,,815,,496,,7.46708659103e-48,,Cannot find cue bottom
sec6-res-util-pool-c2m2,,82,,pool,,2,,593,,803,,499,,3.250238219e-48,,Cannot find cue bottom
sec6-res-util-pool-c2m2,,98,,pool,,2,,587,,801,,495,,9.85287982728e-48,,Cannot find cue bottom
sec6-res-util-pool-c2m2,,113,,pool,,2,,562,,777,,484,,2.08015246016e-46,,Cannot find cue bottom
sec6-res-util-pool-c2m2,,128,,pool,,2,,492,,689,,392,,2.48885162883e-35,,Cannot find cue bottom
sec6-res-util-pool-c2m2,,141,,pool,,2,,563,,758,,497,,5.65899342479e-48,,Cannot find cue bottom
sec6-res-util-pool-c2m2,,156,,pool,,2,,459,,747,,496,,7.46708659103e-48,,Cannot find cue bottom
sec6-res-util-pool-c2m2,,171,,pool,,2,,447,,739,,394,,1.42946988593e-35,,Cannot find cue bottom
sec6-res-util-pool-c2m2,,184,,pool,,2,,536,,817,,495,,9.85287982728e-48,,Cannot find cue bottom
sec6-res-util-pool-c2m2,,199,,pool,,2,,528,,818,,498,,4.28871504187e-48,,speech: good
sec6-res-util-pool-c2m2,,214,,pool,,2,,512,,729,,394,,1.42946988593e-35,,Cannot find cue ball
sec6-res-util-pool-c2m2,,227,,pool,,2,,597,,784,,497,,5.65899342479e-48,,Cannot find cue top
sec6-res-util-pool-c2m2,,242,,pool,,2,,470,,682,,396,,8.21014853244e-36,,Cannot find cue bottom
sec6-res-util-pool-c2m2,,254,,pool,,2,,465,,596,,295,,1.19114008208e-23,,Cannot find cue top
sec6-res-util-pool-c2m2,,264,,pool,,2,,559,,756,,497,,5.65899342479e-48,,Cannot find cue top
sec6-res-util-pool-c2m2,,279,,pool,,2,,439,,554,,192,,3.00883699528e-11,,Cannot find cue top
sec6-res-util-pool-c2m2,,285,,pool,,2,,446,,564,,284,,2.51475001782e-22,,Cannot find cue bottom
sec6-res-util-pool-c2m2,,294,,pool,,2,,529,,733,,397,,6.22212907207e-36,,Cannot find cue bottom
sec6-res-util-pool-c2m2,,306,,pool,,2,,447,,656,,394,,1.42946988593e-35,,Cannot find cue bottom
sec6-res-util-pool-c2m2,,319,,pool,,2,,441,,712,,395,,1.08333559372e-35,,Cannot find cue bottom
sec6-res-util-pool-c2m2,,331,,pool,,2,,498,,707,,395,,1.08333559372e-35,,Cannot find cue bottom
sec6-res-util-pool-c2m2,,343,,pool,,2,,519,,721,,394,,1.42946988593e-35,,Cannot find cue top
sec6-res-util-pool-c2m2,,356,,pool,,2,,513,,720,,498,,4.28871504187e-48,,Cannot find cue top
sec6-res-util-pool-c2m2,,371,,pool,,2,,473,,672,,380,,6.93334779979e-34,,Cannot find cue bottom
sec6-res-util-pool-c2m2,,383,,pool,,2,,567,,761,,498,,4.28871504187e-48,,Cannot find cue top
sec6-res-util-pool-c2m2,,399,,pool,,2,,464,,654,,394,,1.42946988593e-35,,Cannot find cue top
sec6-res-util-pool-c2m2,,411,,pool,,2,,463,,657,,396,,8.21014853244e-36,,Cannot find cue top
sec6-res-util-pool-c2m2,,423,,pool,,2,,447,,654,,397,,6.22212907207e-36,,Cannot find cue bottom
sec6-res-util-pool-c2m2,,436,,pool,,2,,373,,534,,173,,5.83749642198e-09,,Cannot find object ball
sec6-res-util-pool-c2m2,,441,,pool,,2,,549,,752,,413,,7.36795633867e-38,,Cannot find object ball
sec6-res-util-pool-c2m2,,454,,pool,,2,,615,,831,,498,,4.28871504187e-48,,Cannot find cue ball
sec6-res-util-pool-c2m2,,469,,pool,,2,,594,,813,,500,,2.46321995682e-48,,speech: left
sec6-res-util-pool-c2m2,,485,,pool,,2,,579,,800,,497,,5.65899342479e-48,,Cannot find object ball
sec6-res-util-pool-c2m2,,500,,pool,,2,,473,,675,,394,,1.42946988593e-35,,Cannot find object ball
sec6-res-util-pool-c2m2,,512,,pool,,2,,455,,679,,386,,1.31362376519e-34,,Cannot find object ball
sec6-res-util-pool-c2m2,,525,,pool,,2,,471,,753,,498,,4.28871504187e-48,,Cannot find object ball
sec6-res-util-pool-c2m2,,540,,pool,,2,,440,,655,,395,,1.08333559372e-35,,Cannot find object ball
sec6-res-util-pool-c2m2,,552,,pool,,2,,553,,833,,495,,9.85287982728e-48,,Cannot find object ball
sec6-res-util-pool-c2m2,,568,,pool,,2,,541,,823,,499,,3.250238219e-48,,Cannot find cue ball
sec6-res-util-pool-c2m2,,583,,pool,,2,,502,,614,,282,,4.37843408913e-22,,Cannot find cue top
sec6-res-util-pool-c2m2,,592,,pool,,2,,525,,720,,396,,8.21014853244e-36,,Cannot find cue top
sec6-res-util-pool-c2m2,,605,,pool,,2,,593,,796,,493,,1.71548601675e-47,,Cannot find cue bottom
sec6-res-util-pool-c2m2,,620,,pool,,2,,496,,680,,395,,1.08333559372e-35,,Cannot find cue bottom
sec6-res-util-pool-c2m2,,632,,pool,,2,,572,,778,,495,,9.85287982728e-48,,Cannot find cue bottom
sec6-res-util-pool-c2m2,,647,,pool,,2,,477,,684,,396,,8.21014853244e-36,,Cannot find cue bottom
sec6-res-util-pool-c2m2,,660,,pool,,2,,477,,647,,396,,8.21014853244e-36,,Cannot find cue top
sec6-res-util-pool-c2m2,,672,,pool,,2,,536,,732,,390,,4.33334237487e-35,,Cannot find cue top
sec6-res-util-pool-c2m2,,684,,pool,,2,,538,,747,,498,,4.28871504187e-48,,Cannot find cue bottom
sec6-res-util-pool-c2m2,,700,,pool,,2,,519,,732,,396,,8.21014853244e-36,,Cannot find cue bottom
sec6-res-util-pool-c2m2,,712,,pool,,2,,526,,729,,400,,2.70833898429e-36,,Cannot find cue ball
sec6-res-util-pool-c2m2,,724,,pool,,2,,390,,523,,163,,9.33999427517e-08,,Cannot find cue bottom
sec6-res-util-pool-c2m2,,730,,pool,,2,,518,,637,,319,,1.53488160267e-26,,Cannot find cue bottom
sec6-res-util-pool-c2m2,,740,,pool,,2,,417,,605,,295,,1.19114008208e-23,,Cannot find cue bottom
sec6-res-util-pool-c2m2,,749,,pool,,2,,507,,715,,499,,3.250238219e-48,,Cannot find cue bottom
sec6-res-util-pool-c2m2,,764,,pool,,2,,466,,686,,394,,1.42946988593e-35,,Cannot find cue bottom
sec6-res-util-pool-c2m2,,777,,pool,,2,,556,,771,,499,,3.250238219e-48,,Cannot find cue bottom
sec6-res-util-pool-c2m2,,792,,pool,,2,,556,,773,,496,,7.46708659103e-48,,Cannot find cue bottom
sec6-res-util-pool-c2m2,,807,,pool,,2,,439,,652,,393,,1.8861968227e-35,,Cannot find cue bottom
sec6-res-util-pool-c2m2,,820,,pool,,2,,526,,742,,396,,8.21014853244e-36,,Cannot find cue ball
sec6-res-util-pool-c2m2,,832,,pool,,2,,622,,815,,497,,5.65899342479e-48,,Cannot find cue top
sec6-res-util-pool-c2m2,,847,,pool,,2,,516,,722,,392,,2.48885162883e-35,,Cannot find cue bottom
sec6-res-util-pool-c2m2,,859,,pool,,2,,598,,806,,499,,3.250238219e-48,,Cannot find cue bottom
sec6-res-util-pool-c2m2,,875,,pool,,2,,574,,688,,395,,1.08333559372e-35,,Cannot find cue bottom
sec6-res-util-pool-c2m2,,887,,pool,,2,,407,,585,,296,,9.02715377719e-24,,Cannot find cue top
sec6-res-util-pool-c2m2,,896,,pool,,2,,475,,688,,394,,1.42946988593e-35,,Cannot find cue top
sec6-res-util-pool-c2m2,,909,,pool,,2,,555,,750,,498,,4.28871504187e-48,,Cannot find cue top
sec6-res-util-pool-c2m2,,924,,pool,,2,,453,,663,,394,,1.42946988593e-35,,Cannot find cue bottom
sec6-res-util-pool-c2m2,,936,,pool,,2,,541,,723,,392,,2.48885162883e-35,,Cannot find cue top
sec6-res-util-pool-c2m2,,949,,pool,,2,,538,,745,,395,,1.08333559372e-35,,Cannot find cue top
sec6-res-util-pool-c2m2,,961,,pool,,2,,507,,711,,394,,1.42946988593e-35,,Cannot find cue top
sec6-res-util-pool-c2m2,,973,,pool,,2,,497,,633,,396,,8.21014853244e-36,,Cannot find cue top
sec6-res-util-pool-c2m2,,986,,pool,,2,,486,,626,,393,,1.8861968227e-35,,Cannot find cue top
sec6-res-util-pool-c2m2,,998,,pool,,2,,495,,696,,394,,1.42946988593e-35,,Cannot find cue bottom
sec6-res-util-pool-c2m2,,1010,,pool,,2,,411,,577,,290,,4.76456032831e-23,,Cannot find cue top
sec6-res-util-pool-c2m2,,1019,,pool,,2,,498,,681,,396,,8.21014853244e-36,,Cannot find cue top
sec6-res-util-pool-c2m2,,1032,,pool,,2,,476,,665,,395,,1.08333559372e-35,,Cannot find cue ball
sec6-res-util-pool-c2m2,,1044,,pool,,2,,459,,673,,395,,1.08333559372e-35,,speech: left
sec6-res-util-pool-c2m2,,1056,,pool,,2,,460,,665,,393,,1.8861968227e-35,,Cannot find object ball
sec6-res-util-pool-c2m2,,1068,,pool,,2,,459,,728,,395,,1.08333559372e-35,,Cannot find object ball
sec6-res-util-pool-c2m2,,1081,,pool,,2,,539,,829,,498,,4.28871504187e-48,,speech: left
sec6-res-util-pool-c2m2,,1096,,pool,,2,,524,,803,,494,,1.3000952876e-47,,Cannot find cue ball
sec6-res-util-pool-c2m2,,1111,,pool,,2,,494,,701,,395,,1.08333559372e-35,,Cannot find cue ball
sec6-res-util-pool-c2m2,,1124,,pool,,2,,484,,624,,396,,8.21014853244e-36,,Cannot find object ball
sec6-res-util-pool-c2m2,,1136,,pool,,2,,485,,774,,496,,7.46708659103e-48,,Cannot find object ball
sec6-res-util-pool-c2m2,,1151,,pool,,2,,392,,662,,393,,1.8861968227e-35,,Cannot find cue ball
sec6-res-util-pool-c2m2,,1164,,pool,,2,,453,,649,,393,,1.8861968227e-35,,Cannot find cue top
sec6-res-util-pool-c2m2,,1176,,pool,,2,,448,,573,,212,,1.17532695128e-13,,Cannot find cue top
sec6-res-util-pool-c2m2,,1183,,pool,,2,,533,,717,,463,,7.02663072459e-44,,Cannot find cue top
sec6-res-util-pool-c2m2,,1197,,pool,,2,,443,,558,,292,,2.7365213057e-23,,Cannot find cue top
sec6-res-util-pool-c2m2,,1207,,pool,,2,,516,,651,,392,,2.48885162883e-35,,Cannot find cue bottom
sec6-res-util-pool-c2m2,,1219,,pool,,2,,509,,722,,394,,1.42946988593e-35,,Cannot find cue bottom
sec6-res-util-pool-c2m2,,1231,,pool,,2,,596,,801,,498,,4.28871504187e-48,,Cannot find cue top
sec6-res-util-pool-c2m2,,1247,,pool,,2,,513,,789,,428,,1.15124317792e-39,,Cannot find cue bottom
sec6-res-util-pool-c2m2,,1260,,pool,,2,,562,,766,,462,,9.27169482718e-44,,Cannot find cue top
sec6-res-util-pool-c2m2,,1274,,pool,,2,,487,,677,,391,,3.28405941298e-35,,Cannot find cue top
sec6-res-util-pool-c2m2,,1286,,pool,,2,,468,,671,,396,,8.21014853244e-36,,Cannot find cue bottom
sec6-res-util-pool-c2m2,,1299,,pool,,2,,475,,665,,396,,8.21014853244e-36,,Cannot find cue top
sec6-res-util-pool-c2m2,,1311,,pool,,2,,436,,642,,292,,2.7365213057e-23,,Cannot find cue bottom
sec6-res-util-pool-c2m2,,1320,,pool,,2,,553,,759,,496,,7.46708659103e-48,,Cannot find cue ball
sec6-res-util-pool-c2m2,,1336,,pool,,2,,417,,537,,176,,2.5409178992e-09,,Cannot find cue ball
sec6-res-util-pool-c2m2,,1341,,pool,,2,,468,,666,,409,,2.23354669677e-37,,Cannot find cue ball
sec6-res-util-pool-c2m2,,1354,,pool,,2,,504,,722,,396,,8.21014853244e-36,,Cannot find cue bottom
sec6-res-util-pool-c2m2,,1366,,pool,,2,,590,,801,,497,,5.65899342479e-48,,Cannot find object ball
sec6-res-util-pool-c2m2,,1382,,pool,,2,,498,,785,,493,,1.71548601675e-47,,Cannot find object ball
sec6-res-util-pool-c2m2,,1397,,pool,,2,,582,,873,,602,,1.2867061343e-60,,Cannot find object ball
sec6-res-util-pool-c2m2,,1416,,pool,,2,,478,,766,,497,,5.65899342479e-48,,Cannot find object ball
sec6-res-util-pool-c2m2,,1431,,pool,,2,,547,,767,,599,,2.95607443968e-60,,Cannot find object ball
sec6-res-util-pool-c2m2,,1449,,pool,,2,,448,,734,,396,,8.21014853244e-36,,Cannot find object ball
sec6-res-util-pool-c2m2,,1462,,pool,,2,,614,,824,,497,,5.65899342479e-48,,Cannot find cue bottom
sec6-res-util-pool-c2m2,,1477,,pool,,2,,527,,632,,291,,3.61086151088e-23,,Cannot find cue top
sec6-res-util-pool-c2m2,,1486,,pool,,2,,510,,626,,291,,3.61086151088e-23,,Cannot find cue bottom
sec6-res-util-pool-c2m2,,1495,,pool,,2,,596,,800,,498,,4.28871504187e-48,,Cannot find cue bottom
sec6-res-util-pool-c2m2,,1511,,pool,,2,,575,,717,,496,,7.46708659103e-48,,Cannot find cue bottom
sec6-res-util-pool-c2m2,,1526,,pool,,2,,477,,684,,395,,1.08333559372e-35,,Cannot find cue bottom
sec6-res-util-pool-c2m2,,1538,,pool,,2,,549,,750,,482,,3.62175579187e-46,,Cannot find cue ball
sec6-res-util-pool-c2m2,,1554,,pool,,2,,448,,668,,395,,1.08333559372e-35,,Cannot find cue bottom
sec6-res-util-pool-c2m2,,1566,,pool,,2,,463,,664,,396,,8.21014853244e-36,,Cannot find cue ball
sec6-res-util-pool-c2m2,,1578,,pool,,2,,455,,724,,392,,2.48885162883e-35,,Cannot find cue bottom
sec6-res-util-pool-c2m2,,1591,,pool,,2,,515,,723,,394,,1.42946988593e-35,,Cannot find cue ball
sec6-res-util-pool-c2m2,,1603,,pool,,2,,534,,737,,394,,1.42946988593e-35,,Cannot find cue ball
sec6-res-util-pool-c2m2,,1615,,pool,,2,,602,,805,,496,,7.46708659103e-48,,Cannot find cue bottom
sec6-res-util-pool-c2m2,,1631,,pool,,2,,480,,576,,214,,6.7504806776e-14,,Cannot find cue top
sec6-res-util-pool-c2m2,,1638,,pool,,2,,546,,666,,363,,7.72586218578e-32,,Cannot find cue top
sec6-res-util-pool-c2m2,,1649,,pool,,2,,499,,694,,397,,6.22212907207e-36,,Cannot find cue ball
sec6-res-util-pool-c2m2,,1661,,pool,,2,,486,,765,,497,,5.65899342479e-48,,Cannot find cue bottom
sec6-res-util-pool-c2m2,,1677,,pool,,2,,459,,672,,397,,6.22212907207e-36,,Cannot find cue ball
sec6-res-util-pool-c2m2,,1689,,pool,,2,,552,,757,,494,,1.3000952876e-47,,Cannot find cue ball
sec6-res-util-pool-c2m2,,1704,,pool,,2,,536,,754,,498,,4.28871504187e-48,,Cannot find cue ball
sec6-res-util-pool-c2m2,,1720,,pool,,2,,515,,728,,389,,5.71787954373e-35,,Cannot find cue ball
sec6-res-util-pool-c2m2,,1732,,pool,,2,,534,,821,,497,,5.65899342479e-48,,Cannot find cue ball
sec6-res-util-pool-c2m2,,1747,,pool,,2,,604,,826,,603,,9.75140901998e-61,,speech: left
sec6-res-util-pool-c2m2,,1766,,pool,,2,,485,,782,,496,,7.46708659103e-48,,Cannot find cue ball
sec6-res-util-pool-c2m2,,1781,,pool,,2,,479,,667,,394,,1.42946988593e-35,,Cannot find cue ball
sec6-res-util-pool-c2m2,,1793,,pool,,2,,390,,593,,396,,8.21014853244e-36,,Cannot find cue ball
sec6-res-util-pool-c2m2,,1806,,pool,,2,,448,,670,,396,,8.21014853244e-36,,Cannot find object ball
sec6-res-util-pool-c2m2,,1818,,pool,,2,,480,,670,,396,,8.21014853244e-36,,Cannot find cue top
sec6-res-util-pool-c2m2,,1830,,pool,,2,,458,,643,,393,,1.8861968227e-35,,Cannot find cue top
sec6-res-util-pool-c2m2,,1843,,pool,,2,,530,,722,,393,,1.8861968227e-35,,Cannot find cue top
sec6-res-util-pool-c2m2,,1855,,pool,,2,,607,,815,,496,,7.46708659103e-48,,Cannot find cue bottom
sec6-res-util-pool-c2m2,,1870,,pool,,2,,526,,737,,497,,5.65899342479e-48,,Cannot find cue bottom
sec6-res-util-pool-c2m2,,1886,,pool,,2,,414,,622,,394,,1.42946988593e-35,,Cannot find cue bottom
sec6-res-util-pool-c2m2,,1898,,pool,,2,,502,,716,,497,,5.65899342479e-48,,Cannot find cue bottom
sec6-res-util-pool-c2m2,,1913,,pool,,2,,481,,684,,394,,1.42946988593e-35,,Cannot find cue top
sec6-res-util-pool-c2m2,,1925,,pool,,2,,475,,672,,393,,1.8861968227e-35,,Cannot find cue top
sec6-res-util-pool-c2m2,,1938,,pool,,2,,462,,645,,395,,1.08333559372e-35,,Cannot find cue top
sec6-res-util-pool-c2m2,,1950,,pool,,2,,533,,734,,392,,2.48885162883e-35,,Cannot find cue top
sec6-res-util-pool-c2m2,,1962,,pool,,2,,530,,660,,396,,8.21014853244e-36,,Cannot find cue top
sec6-res-util-pool-c2m2,,1975,,pool,,2,,533,,817,,495,,9.85287982728e-48,,Cannot find cue bottom
sec6-res-util-pool-c2m2,,1990,,pool,,2,,607,,804,,499,,3.250238219e-48,,Cannot find cue top
sec6-res-util-pool-c2m2,,2005,,pool,,2,,593,,728,,396,,8.21014853244e-36,,Cannot find cue top
sec6-res-util-pool-c2m2,,2018,,pool,,2,,596,,798,,500,,2.46321995682e-48,,Cannot find cue bottom
sec6-res-util-pool-c2m2,,2033,,pool,,2,,569,,777,,498,,4.28871504187e-48,,Cannot find cue top
sec6-res-util-pool-c2m2,,2048,,pool,,2,,460,,666,,394,,1.42946988593e-35,,Cannot find cue ball
sec6-res-util-pool-c2m2,,2061,,pool,,2,,450,,658,,394,,1.42946988593e-35,,Cannot find cue bottom
sec6-res-util-pool-c2m2,,2073,,pool,,2,,441,,649,,395,,1.08333559372e-35,,Cannot find cue ball
sec6-res-util-pool-c2m2,,2085,,pool,,2,,550,,768,,498,,4.28871504187e-48,,Cannot find cue bottom
sec6-res-util-pool-c2m2,,2101,,pool,,2,,522,,744,,496,,7.46708659103e-48,,Cannot find cue ball
sec6-res-util-pool-c2m2,,2116,,pool,,2,,523,,815,,494,,1.3000952876e-47,,Cannot find cue ball
sec6-res-util-pool-c2m2,,2131,,pool,,2,,590,,821,,496,,7.46708659103e-48,,Cannot find object ball
sec6-res-util-pool-c2m2,,2147,,pool,,2,,480,,687,,393,,1.8861968227e-35,,Cannot find object ball
sec6-res-util-pool-c2m2,,2159,,pool,,2,,473,,690,,391,,3.28405941298e-35,,Cannot find cue ball
sec6-res-util-pool-c2m2,,2171,,pool,,2,,570,,763,,497,,5.65899342479e-48,,Cannot find cue top
sec6-res-util-pool-c2m2,,2187,,pool,,2,,554,,683,,396,,8.21014853244e-36,,Cannot find cue top
sec6-res-util-pool-c2m2,,2199,,pool,,2,,549,,674,,398,,4.71549205675e-36,,Cannot find cue top
sec6-res-util-pool-c2m2,,2211,,pool,,2,,555,,745,,495,,9.85287982728e-48,,Cannot find cue top
sec6-res-util-pool-c2m2,,2227,,pool,,2,,520,,621,,296,,9.02715377719e-24,,Cannot find cue top
sec6-res-util-pool-c2m2,,2236,,pool,,2,,510,,612,,292,,2.7365213057e-23,,Cannot find cue top
sec6-res-util-pool-c2m2,,2245,,pool,,2,,512,,628,,294,,1.57171876114e-23,,Cannot find cue top
sec6-res-util-pool-c2m2,,2254,,pool,,2,,519,,724,,399,,3.57367471483e-36,,Cannot find cue bottom
sec6-res-util-pool-c2m2,,2267,,pool,,2,,502,,692,,391,,3.28405941298e-35,,Cannot find cue bottom
sec6-res-util-pool-c2m2,,2279,,pool,,2,,503,,713,,402,,1.55553226802e-36,,Cannot find cue bottom
sec6-res-util-pool-c2m2,,2291,,pool,,2,,555,,760,,480,,6.30584308946e-46,,Cannot find cue bottom
sec6-res-util-pool-c2m2,,2306,,pool,,2,,555,,762,,496,,7.46708659103e-48,,Cannot find cue ball
sec6-res-util-pool-c2m2,,2322,,pool,,2,,468,,750,,498,,4.28871504187e-48,,Cannot find cue ball
sec6-res-util-pool-c2m2,,2337,,pool,,2,,454,,736,,394,,1.42946988593e-35,,Cannot find cue ball
sec6-res-util-pool-c2m2,,2349,,pool,,2,,549,,828,,497,,5.65899342479e-48,,Cannot find cue bottom
sec6-res-util-pool-c2m2,,2365,,pool,,2,,535,,750,,498,,4.28871504187e-48,,Cannot find cue bottom
sec6-res-util-pool-c2m2,,2380,,pool,,2,,511,,716,,392,,2.48885162883e-35,,Cannot find cue bottom
sec6-res-util-pool-c2m2,,2392,,pool,,2,,592,,795,,498,,4.28871504187e-48,,Cannot find cue bottom
sec6-res-util-pool-c2m2,,2408,,pool,,2,,495,,701,,395,,1.08333559372e-35,,Cannot find cue bottom
sec6-res-util-pool-c2m2,,2420,,pool,,2,,556,,779,,488,,6.86194406698e-47,,Cannot find cue bottom
sec6-res-util-pool-c2m2,,2435,,pool,,2,,492,,763,,496,,7.46708659103e-48,,Cannot find cue bottom
sec6-res-util-pool-c2m2,,2451,,pool,,2,,448,,663,,396,,8.21014853244e-36,,Cannot find cue bottom
sec6-res-util-pool-c2m2,,2463,,pool,,2,,449,,653,,396,,8.21014853244e-36,,Cannot find cue bottom
sec6-res-util-pool-c2m2,,2475,,pool,,2,,454,,724,,394,,1.42946988593e-35,,Cannot find cue bottom
sec6-res-util-pool-c2m2,,2488,,pool,,2,,522,,728,,392,,2.48885162883e-35,,Cannot find cue bottom
sec6-res-util-pool-c2m2,,2500,,pool,,2,,531,,739,,394,,1.42946988593e-35,,Cannot find cue bottom
sec6-res-util-pool-c2m2,,2512,,pool,,2,,597,,803,,499,,3.250238219e-48,,Cannot find cue bottom
sec6-res-util-pool-c2m2,,2528,,pool,,2,,499,,623,,294,,1.57171876114e-23,,Cannot find cue bottom
sec6-res-util-pool-c2m2,,2537,,pool,,2,,486,,618,,396,,8.21014853244e-36,,Cannot find cue bottom
sec6-res-util-pool-c2m2,,2549,,pool,,2,,482,,695,,391,,3.28405941298e-35,,Cannot find cue bottom
sec6-res-util-pool-c2m2,,2561,,pool,,2,,573,,775,,497,,5.65899342479e-48,,Cannot find cue bottom
sec6-res-util-pool-c2m2,,2577,,pool,,2,,548,,754,,497,,5.65899342479e-48,,Cannot find cue ball
sec6-res-util-pool-c2m2,,2592,,pool,,2,,455,,679,,395,,1.08333559372e-35,,Cannot find cue bottom
sec6-res-util-pool-c2m2,,2604,,pool,,2,,546,,740,,395,,1.08333559372e-35,,Cannot find cue top
sec6-res-util-pool-c2m2,,2617,,pool,,2,,549,,825,,500,,2.46321995682e-48,,Cannot find cue bottom
sec6-res-util-pool-c2m2,,2632,,pool,,2,,516,,723,,382,,3.98216260612e-34,,Cannot find cue top
sec6-res-util-pool-c2m2,,2644,,pool,,2,,528,,800,,499,,3.250238219e-48,,Cannot find cue bottom
sec6-res-util-pool-c2m2,,2660,,pool,,2,,487,,618,,393,,1.8861968227e-35,,Cannot find cue top
sec6-res-util-pool-c2m2,,2672,,pool,,2,,477,,683,,405,,6.77084746074e-37,,Cannot find cue bottom
sec6-res-util-pool-c2m2,,2684,,pool,,2,,384,,500,,139,,7.24827343564e-05,,Cannot find cue top
sec6-res-util-pool-c2m2,,2689,,pool,,2,,605,,719,,443,,1.7988174655e-41,,Cannot find cue bottom
sec6-res-util-pool-c2m2,,2703,,pool,,2,,450,,575,,214,,6.7504806776e-14,,Cannot find cue ball
sec6-res-util-pool-c2m2,,2710,,pool,,2,,548,,759,,473,,4.39164420287e-45,,Cannot find cue ball
sec6-res-util-pool-c2m2,,2724,,pool,,2,,457,,649,,389,,5.71787954373e-35,,Cannot find object ball
sec6-res-util-pool-c2m2,,2737,,pool,,2,,459,,724,,395,,1.08333559372e-35,,Cannot find cue bottom
sec6-res-util-pool-c2m2,,2749,,pool,,2,,453,,719,,395,,1.08333559372e-35,,Cannot find cue ball
sec6-res-util-pool-c2m2,,2761,,pool,,2,,520,,726,,394,,1.42946988593e-35,,Cannot find cue ball
sec6-res-util-pool-c2m2,,2773,,pool,,2,,590,,812,,497,,5.65899342479e-48,,Cannot find cue ball
sec6-res-util-pool-c2m2,,2789,,pool,,2,,583,,798,,495,,9.85287982728e-48,,Cannot find object ball
sec6-res-util-pool-c2m2,,2804,,pool,,2,,582,,876,,599,,2.95607443968e-60,,speech: left
sec6-res-util-pool-c2m2,,2823,,pool,,2,,561,,761,,400,,2.70833898429e-36,,speech: left
sec6-res-util-pool-c2m2,,2835,,pool,,2,,526,,745,,481,,4.77893541826e-46,,Cannot find object ball
sec6-res-util-pool-c2m2,,2850,,pool,,2,,544,,757,,498,,4.28871504187e-48,,Cannot find object ball
sec6-res-util-pool-c2m2,,2866,,pool,,2,,537,,820,,498,,4.28871504187e-48,,speech: left
sec6-res-util-pool-c2m2,,2881,,pool,,2,,532,,725,,393,,1.8861968227e-35,,Cannot find cue top
sec6-res-util-pool-c2m2,,2893,,pool,,2,,525,,734,,397,,6.22212907207e-36,,Cannot find cue bottom
sec6-res-util-pool-c2m2,,2905,,pool,,2,,516,,712,,397,,6.22212907207e-36,,Cannot find cue top
sec6-res-util-pool-c2m2,,2918,,pool,,2,,480,,690,,392,,2.48885162883e-35,,Cannot find cue bottom
sec6-res-util-pool-c2m2,,2930,,pool,,2,,476,,672,,394,,1.42946988593e-35,,Cannot find cue top
sec6-res-util-pool-c2m2,,2942,,pool,,2,,480,,673,,395,,1.08333559372e-35,,Cannot find cue top
sec6-res-util-pool-c2m2,,2955,,pool,,2,,464,,669,,392,,2.48885162883e-35,,Cannot find cue top
sec6-res-util-pool-c2m2,,2967,,pool,,2,,444,,578,,292,,2.7365213057e-23,,Cannot find cue top
sec6-res-util-pool-c2m2,,2976,,pool,,2,,543,,656,,395,,1.08333559372e-35,,Cannot find cue top
sec6-res-util-pool-c2m2,,2988,,pool,,2,,426,,557,,293,,2.07389533883e-23,,Cannot find cue top
sec6-res-util-pool-c2m2,,2998,,pool,,2,,373,,449,,152,,1.97187141323e-06,,Cannot find cue top
sec6-res-util-pool-c2m2,,3003,,pool,,2,,476,,679,,330,,7.27014210252e-28,,Cannot find cue bottom
sec6-res-util-pool-c2m2,,3013,,pool,,2,,523,,706,,393,,1.8861968227e-35,,Cannot find cue top
sec6-res-util-pool-c2m2,,3025,,pool,,2,,493,,707,,394,,1.42946988593e-35,,Cannot find cue bottom
sec6-res-util-pool-c2m2,,3038,,pool,,2,,508,,806,,496,,7.46708659103e-48,,Cannot find cue ball
sec6-res-util-pool-c2m2,,3053,,pool,,2,,579,,811,,497,,5.65899342479e-48,,Cannot find cue ball
sec6-res-util-pool-c2m2,,3068,,pool,,2,,573,,867,,599,,2.95607443968e-60,,Cannot find object ball
sec6-res-util-pool-c2m2,,3087,,pool,,2,,466,,757,,496,,7.46708659103e-48,,Cannot find object ball
sec6-res-util-pool-c2m2,,3102,,pool,,2,,460,,670,,395,,1.08333559372e-35,,Cannot find cue bottom
sec6-res-util-pool-c2m2,,3114,,pool,,2,,531,,660,,396,,8.21014853244e-36,,Cannot find cue top
sec6-res-util-pool-c2m2,,3127,,pool,,2,,532,,646,,394,,1.42946988593e-35,,Cannot find cue top
sec6-res-util-pool-c2m2,,3139,,pool,,2,,517,,721,,396,,8.21014853244e-36,,Cannot find cue bottom
sec6-res-util-pool-c2m2,,3151,,pool,,2,,607,,816,,492,,2.26359736992e-47,,Cannot find cue bottom
sec6-res-util-pool-c2m2,,3167,,pool,,2,,505,,715,,397,,6.22212907207e-36,,Cannot find cue bottom
sec6-res-util-pool-c2m2,,3179,,pool,,2,,581,,793,,496,,7.46708659103e-48,,Cannot find object ball
sec6-res-util-pool-c2m2,,3194,,pool,,2,,568,,777,,495,,9.85287982728e-48,,Cannot find cue bottom
sec6-res-util-pool-c2m2,,3210,,pool,,2,,550,,750,,499,,3.250238219e-48,,Cannot find cue bottom
sec6-res-util-pool-c2m2,,3225,,pool,,2,,540,,742,,396,,8.21014853244e-36,,Cannot find cue bottom
sec6-res-util-pool-c2m2,,3237,,pool,,2,,642,,845,,497,,5.65899342479e-48,,Cannot find cue bottom
sec6-res-util-pool-c2m2,,3253,,pool,,2,,542,,735,,394,,1.42946988593e-35,,Cannot find cue top
sec6-res-util-pool-c2m2,,3265,,pool,,2,,525,,730,,395,,1.08333559372e-35,,Cannot find cue bottom
sec6-res-util-pool-c2m2,,3277,,pool,,2,,595,,717,,392,,2.48885162883e-35,,Cannot find cue bottom
sec6-res-util-pool-c2m2,,3289,,pool,,2,,502,,625,,293,,2.07389533883e-23,,Cannot find cue top
sec6-res-util-pool-c2m2,,3299,,pool,,2,,398,,583,,292,,2.7365213057e-23,,Cannot find cue top
sec6-res-util-pool-c2m2,,3308,,pool,,2,,410,,596,,290,,4.76456032831e-23,,Cannot find cue top
sec6-res-util-pool-c2m2,,3317,,pool,,2,,577,,786,,497,,5.65899342479e-48,,Cannot find cue ball
sec6-res-util-pool-c2m2,,3332,,pool,,2,,573,,791,,601,,1.69781892305e-60,,Cannot find cue bottom
sec6-res-util-pool-c2m2,,3351,,pool,,2,,537,,758,,493,,1.71548601675e-47,,Cannot find cue bottom
sec6-res-util-pool-c2m2,,3366,,pool,,2,,452,,655,,394,,1.42946988593e-35,,Cannot find cue bottom
sec6-res-util-pool-c2m2,,3379,,pool,,2,,517,,727,,394,,1.42946988593e-35,,Cannot find cue bottom
sec6-res-util-pool-c2m2,,3391,,pool,,2,,521,,729,,395,,1.08333559372e-35,,Cannot find cue bottom
sec6-res-util-pool-c2m2,,3403,,pool,,2,,596,,810,,494,,1.3000952876e-47,,Cannot find cue bottom
sec6-res-util-pool-c2m2,,3418,,pool,,2,,496,,708,,396,,8.21014853244e-36,,Cannot find cue bottom
sec6-res-util-pool-c2m2,,3431,,pool,,2,,501,,682,,398,,4.71549205675e-36,,Cannot find cue top
sec6-res-util-pool-c2m2,,3443,,pool,,2,,476,,606,,292,,2.7365213057e-23,,Cannot find cue top
sec6-res-util-pool-c2m2,,3452,,pool,,2,,561,,691,,397,,6.22212907207e-36,,Cannot find cue top
sec6-res-util-pool-c2m2,,3465,,pool,,2,,551,,695,,396,,8.21014853244e-36,,Cannot find cue bottom
sec6-res-util-pool-c2m2,,3477,,pool,,2,,536,,666,,381,,5.25449506076e-34,,Cannot find cue top
sec6-res-util-pool-c2m2,,3489,,pool,,2,,549,,741,,395,,1.08333559372e-35,,Cannot find cue top
sec6-res-util-pool-c2m2,,3501,,pool,,2,,535,,725,,394,,1.42946988593e-35,,Cannot find cue top
sec6-res-util-pool-c2m2,,3514,,pool,,2,,524,,716,,355,,7.09974814699e-31,,Cannot find cue top
sec6-res-util-pool-c2m2,,3525,,pool,,2,,548,,751,,433,,2.87810794479e-40,,Cannot find cue bottom
sec6-res-util-pool-c2m2,,3538,,pool,,2,,512,,711,,395,,1.08333559372e-35,,Cannot find cue top
sec6-res-util-pool-c2m2,,3551,,pool,,2,,493,,690,,394,,1.42946988593e-35,,Cannot find cue top
sec6-res-util-pool-c2m2,,3563,,pool,,2,,479,,684,,396,,8.21014853244e-36,,Cannot find cue bottom
sec6-res-util-pool-c2m2,,3575,,pool,,2,,485,,690,,395,,1.08333559372e-35,,Cannot find cue bottom
sec6-res-util-pool-c2m2,,3587,,pool,,2,,461,,672,,397,,6.22212907207e-36,,Cannot find object ball
sec6-res-util-pool-c2m2,,3600,,pool,,2,,462,,752,,498,,4.28871504187e-48,,Cannot find cue bottom
sec6-res-util-pool-c2m2,,3615,,pool,,2,,458,,738,,398,,4.71549205675e-36,,Cannot find cue bottom
sec6-res-util-pool-c2m2,,3627,,pool,,2,,550,,826,,498,,4.28871504187e-48,,Cannot find cue bottom
sec6-res-util-pool-c2m2,,3643,,pool,,2,,527,,810,,495,,9.85287982728e-48,,Cannot find cue bottom
sec6-res-util-pool-c2m2,,3658,,pool,,2,,516,,647,,403,,1.17887301419e-36,,Cannot find cue top
sec6-res-util-pool-c2m2,,3670,,pool,,2,,496,,692,,395,,1.08333559372e-35,,Cannot find cue top
sec6-res-util-pool-c2m2,,3683,,pool,,2,,482,,674,,387,,9.95540651531e-35,,Cannot find cue top
sec6-res-util-pool-c2m2,,3695,,pool,,2,,493,,686,,396,,8.21014853244e-36,,Cannot find cue bottom
sec6-res-util-pool-c2m2,,3707,,pool,,2,,564,,775,,494,,1.3000952876e-47,,Cannot find cue bottom
sec6-res-util-pool-c2m2,,3723,,pool,,2,,548,,753,,496,,7.46708659103e-48,,Cannot find cue bottom
sec6-res-util-pool-c2m2,,3738,,pool,,2,,462,,668,,385,,1.73333694995e-34,,Cannot find cue bottom
sec6-res-util-pool-c2m2,,3750,,pool,,2,,553,,749,,397,,6.22212907207e-36,,Cannot find cue bottom
sec6-res-util-pool-c2m2,,3763,,pool,,2,,440,,644,,283,,3.31823254213e-22,,Cannot find cue bottom
sec6-res-util-pool-c2m2,,3771,,pool,,2,,547,,760,,507,,3.5368708905e-49,,Cannot find cue bottom
sec6-res-util-pool-c2m2,,3787,,pool,,2,,428,,626,,284,,2.51475001782e-22,,Cannot find cue top
sec6-res-util-pool-c2m2,,3796,,pool,,2,,500,,714,,396,,8.21014853244e-36,,Cannot find cue bottom
sec6-res-util-pool-c2m2,,3809,,pool,,2,,507,,785,,497,,5.65899342479e-48,,Cannot find cue bottom
sec6-res-util-pool-c2m2,,3824,,pool,,2,,575,,783,,497,,5.65899342479e-48,,Cannot find cue bottom
sec6-res-util-pool-c2m2,,3839,,pool,,2,,458,,679,,396,,8.21014853244e-36,,Cannot find cue ball
sec6-res-util-pool-c2m2,,3852,,pool,,2,,458,,687,,395,,1.08333559372e-35,,Cannot find cue ball
sec6-res-util-pool-c2m2,,3864,,pool,,2,,461,,761,,436,,1.25276924628e-40,,speech: right
sec6-res-util-pool-c2m2,,3878,,pool,,2,,518,,719,,451,,1.95745194732e-42,,Cannot find object ball
sec6-res-util-pool-c2m2,,3892,,pool,,2,,516,,750,,499,,3.250238219e-48,,Cannot find cue ball
sec6-res-util-pool-c2m2,,3907,,pool,,2,,525,,727,,385,,1.73333694995e-34,,Cannot find cue ball
sec6-res-util-pool-c2m2,,3919,,pool,,2,,509,,693,,394,,1.42946988593e-35,,Cannot find cue top
sec6-res-util-pool-c2m2,,3932,,pool,,2,,506,,701,,396,,8.21014853244e-36,,Cannot find cue top
sec6-res-util-pool-c2m2,,3944,,pool,,2,,573,,785,,495,,9.85287982728e-48,,Cannot find cue bottom
sec6-res-util-pool-c2m2,,3959,,pool,,2,,579,,779,,496,,7.46708659103e-48,,Cannot find cue top
sec6-res-util-pool-c2m2,,3975,,pool,,2,,478,,672,,396,,8.21014853244e-36,,Cannot find cue top
sec6-res-util-pool-c2m2,,3987,,pool,,2,,544,,680,,397,,6.22212907207e-36,,Cannot find cue top
sec6-res-util-pool-c2m2,,3999,,pool,,2,,549,,667,,396,,8.21014853244e-36,,Cannot find cue top
sec6-res-util-pool-c2m2,,4011,,pool,,2,,448,,623,,293,,2.07389533883e-23,,Cannot find cue top
sec6-res-util-pool-c2m2,,4021,,pool,,2,,528,,638,,297,,6.84130326426e-24,,Cannot find cue top
sec6-res-util-pool-c2m2,,4030,,pool,,2,,537,,738,,376,,2.10179802431e-33,,Cannot find cue bottom
sec6-res-util-pool-c2m2,,4042,,pool,,2,,615,,816,,506,,4.66692911939e-49,,Cannot find cue top
sec6-res-util-pool-c2m2,,4057,,pool,,2,,515,,717,,396,,8.21014853244e-36,,Cannot find cue top
sec6-res-util-pool-c2m2,,4070,,pool,,2,,591,,788,,499,,3.250238219e-48,,Cannot find cue top
sec6-res-util-pool-c2m2,,4085,,pool,,2,,492,,688,,393,,1.8861968227e-35,,Cannot find cue top
