sec6-res-util-pool-c6m2,,3603,,pool,,3,,444,,595,,198,,5.70068009959e-12,,Cannot find cue top
sec6-res-util-pool-c6m2,,3609,,pool,,3,,411,,519,,121,,0.0106573821083,,Cannot find cue top
sec6-res-util-pool-c6m2,,3613,,pool,,3,,410,,469,,71,,1.0,,Cannot find cue top
sec6-res-util-pool-c6m2,,3620,,pool,,3,,410,,476,,78,,1.0,,Cannot find cue top
sec6-res-util-pool-c6m2,,3623,,pool,,3,,410,,473,,76,,1.0,,Cannot find cue top
sec6-res-util-pool-c6m2,,3626,,pool,,3,,411,,536,,139,,7.24827343564e-05,,Cannot find cue bottom
sec6-res-util-pool-c6m2,,3631,,pool,,3,,409,,512,,115,,0.05625,,Cannot find cue top
sec6-res-util-pool-c6m2,,3635,,pool,,3,,408,,521,,123,,0.00612105864818,,Cannot find cue bottom
sec6-res-util-pool-c6m2,,3640,,pool,,3,,410,,505,,107,,0.516914259749,,Cannot find cue bottom
sec6-res-util-pool-c6m2,,3644,,pool,,3,,409,,501,,104,,0.93439,,Cannot find cue bottom
sec6-res-util-pool-c6m2,,3648,,pool,,3,,412,,516,,161,,1.62618745549e-07,,Cannot find cue bottom
sec6-res-util-pool-c6m2,,3654,,pool,,3,,411,,525,,128,,0.00153026466204,,Cannot find cue bottom
sec6-res-util-pool-c6m2,,3658,,pool,,3,,409,,496,,99,,0.99744,,Cannot find cue top
sec6-res-util-pool-c6m2,,3662,,pool,,3,,409,,470,,72,,1.0,,Cannot find cue top
sec6-res-util-pool-c6m2,,3665,,pool,,3,,409,,483,,85,,1.0,,Cannot find cue bottom
sec6-res-util-pool-c6m2,,3669,,pool,,3,,409,,477,,80,,1.0,,Cannot find cue bottom
sec6-res-util-pool-c6m2,,3672,,pool,,3,,409,,476,,78,,1.0,,Cannot find cue bottom
sec6-res-util-pool-c6m2,,3675,,pool,,3,,410,,475,,77,,1.0,,Cannot find cue bottom
sec6-res-util-pool-c6m2,,3678,,pool,,3,,409,,473,,76,,1.0,,Cannot find cue top
sec6-res-util-pool-c6m2,,3682,,pool,,3,,411,,469,,72,,1.0,,Cannot find cue top
sec6-res-util-pool-c6m2,,3685,,pool,,3,,410,,483,,85,,1.0,,Cannot find cue bottom
sec6-res-util-pool-c6m2,,3688,,pool,,3,,410,,493,,95,,1.0,,Cannot find cue top
sec6-res-util-pool-c6m2,,3692,,pool,,3,,411,,523,,126,,0.00266434552707,,Cannot find cue top
sec6-res-util-pool-c6m2,,3697,,pool,,3,,410,,473,,76,,1.0,,Cannot find cue top
sec6-res-util-pool-c6m2,,3700,,pool,,3,,410,,507,,109,,0.296889279924,,Cannot find cue top
sec6-res-util-pool-c6m2,,3704,,pool,,3,,413,,490,,93,,1.0,,Cannot find cue bottom
sec6-res-util-pool-c6m2,,3708,,pool,,3,,408,,472,,74,,1.0,,Cannot find cue bottom
sec6-res-util-pool-c6m2,,3711,,pool,,3,,409,,465,,67,,1.0,,Cannot find cue top
sec6-res-util-pool-c6m2,,3714,,pool,,3,,409,,485,,87,,1.0,,Cannot find cue ball
sec6-res-util-pool-c6m2,,3717,,pool,,3,,409,,507,,109,,0.296889279924,,Cannot find cue ball
sec6-res-util-pool-c6m2,,3721,,pool,,3,,408,,483,,85,,1.0,,Cannot find cue top
sec6-res-util-pool-c6m2,,3725,,pool,,3,,409,,505,,156,,6.50474982195e-07,,Cannot find cue bottom
sec6-res-util-pool-c6m2,,3730,,pool,,3,,408,,483,,85,,1.0,,Cannot find cue bottom
sec6-res-util-pool-c6m2,,3734,,pool,,3,,408,,478,,81,,1.0,,Cannot find cue bottom
sec6-res-util-pool-c6m2,,3739,,pool,,3,,408,,502,,104,,0.93439,,Cannot find cue ball
sec6-res-util-pool-c6m2,,3742,,pool,,3,,408,,480,,83,,1.0,,Cannot find cue ball
sec6-res-util-pool-c6m2,,3746,,pool,,3,,408,,505,,107,,0.516914259749,,Cannot find cue bottom
sec6-res-util-pool-c6m2,,3750,,pool,,3,,408,,473,,138,,9.56415413777e-05,,Cannot find cue ball
sec6-res-util-pool-c6m2,,3755,,pool,,3,,408,,516,,118,,0.0244842345927,,Cannot find cue ball
sec6-res-util-pool-c6m2,,3759,,pool,,3,,408,,494,,96,,0.99999,,Cannot find cue ball
sec6-res-util-pool-c6m2,,3763,,pool,,3,,408,,483,,106,,0.68207245493,,Cannot find cue ball
sec6-res-util-pool-c6m2,,3767,,pool,,3,,409,,544,,178,,1.4593741055e-09,,Cannot find cue ball
sec6-res-util-pool-c6m2,,3773,,pool,,3,,409,,546,,147,,7.8874856529e-06,,Cannot find object ball
sec6-res-util-pool-c6m2,,3779,,pool,,3,,407,,497,,102,,0.97599,,Cannot find object ball
sec6-res-util-pool-c6m2,,3782,,pool,,3,,409,,506,,108,,0.391747753483,,Cannot find object ball
sec6-res-util-pool-c6m2,,3786,,pool,,3,,409,,502,,104,,0.93439,,Cannot find cue ball
sec6-res-util-pool-c6m2,,3790,,pool,,3,,410,,508,,126,,0.00266434552707,,Cannot find cue ball
sec6-res-util-pool-c6m2,,3795,,pool,,3,,409,,508,,110,,0.225,,Cannot find object ball
sec6-res-util-pool-c6m2,,3799,,pool,,3,,409,,504,,106,,0.68207245493,,Cannot find cue ball
sec6-res-util-pool-c6m2,,3803,,pool,,3,,409,,486,,88,,1.0,,Cannot find object ball
sec6-res-util-pool-c6m2,,3806,,pool,,3,,409,,480,,82,,1.0,,Cannot find cue ball
sec6-res-util-pool-c6m2,,3810,,pool,,3,,408,,487,,90,,1.0,,Cannot find object ball
sec6-res-util-pool-c6m2,,3813,,pool,,3,,408,,508,,174,,4.42399501687e-09,,Cannot find object ball
sec6-res-util-pool-c6m2,,3819,,pool,,3,,408,,522,,124,,0.00463889499881,,Cannot find cue bottom
sec6-res-util-pool-c6m2,,3824,,pool,,3,,410,,529,,131,,0.000666086381767,,Cannot find cue bottom
sec6-res-util-pool-c6m2,,3829,,pool,,3,,410,,497,,99,,0.99744,,Cannot find cue bottom
sec6-res-util-pool-c6m2,,3833,,pool,,3,,411,,489,,91,,1.0,,Cannot find cue ball
sec6-res-util-pool-c6m2,,3836,,pool,,3,,410,,481,,83,,1.0,,Cannot find cue top
sec6-res-util-pool-c6m2,,3840,,pool,,3,,410,,455,,56,,1.0,,Cannot find cue top
sec6-res-util-pool-c6m2,,3842,,pool,,3,,408,,466,,67,,1.0,,Cannot find cue top
sec6-res-util-pool-c6m2,,3845,,pool,,3,,410,,456,,59,,1.0,,Cannot find cue top
sec6-res-util-pool-c6m2,,3847,,pool,,3,,410,,455,,57,,1.0,,Cannot find cue top
sec6-res-util-pool-c6m2,,3850,,pool,,3,,410,,476,,181,,6.35229474799e-10,,Cannot find cue top
sec6-res-util-pool-c6m2,,3856,,pool,,3,,411,,468,,71,,1.0,,Cannot find cue bottom
sec6-res-util-pool-c6m2,,3859,,pool,,3,,411,,454,,58,,1.0,,Cannot find cue top
sec6-res-util-pool-c6m2,,3862,,pool,,3,,410,,481,,84,,1.0,,Cannot find cue top
sec6-res-util-pool-c6m2,,3865,,pool,,3,,413,,499,,101,,0.98704,,Cannot find cue bottom
sec6-res-util-pool-c6m2,,3869,,pool,,3,,411,,468,,70,,1.0,,Cannot find cue top
sec6-res-util-pool-c6m2,,3872,,pool,,3,,411,,478,,80,,1.0,,Cannot find cue bottom
sec6-res-util-pool-c6m2,,3875,,pool,,3,,410,,516,,118,,0.0244842345927,,Cannot find cue bottom
sec6-res-util-pool-c6m2,,3880,,pool,,3,,410,,501,,103,,0.95904,,Cannot find cue bottom
sec6-res-util-pool-c6m2,,3884,,pool,,3,,417,,582,,184,,2.76499688554e-10,,Cannot find cue bottom
sec6-res-util-pool-c6m2,,3890,,pool,,3,,417,,542,,145,,1.37329101563e-05,,Cannot find cue bottom
sec6-res-util-pool-c6m2,,3895,,pool,,3,,413,,521,,123,,0.00612105864818,,Cannot find cue bottom
sec6-res-util-pool-c6m2,,3900,,pool,,3,,410,,461,,64,,1.0,,Cannot find cue bottom
sec6-res-util-pool-c6m2,,3903,,pool,,3,,411,,464,,66,,1.0,,Cannot find cue bottom
sec6-res-util-pool-c6m2,,3906,,pool,,3,,410,,470,,74,,1.0,,Cannot find cue bottom
sec6-res-util-pool-c6m2,,3909,,pool,,3,,410,,467,,69,,1.0,,Cannot find cue bottom
sec6-res-util-pool-c6m2,,3912,,pool,,3,,411,,465,,68,,1.0,,Cannot find cue bottom
sec6-res-util-pool-c6m2,,3915,,pool,,3,,413,,472,,74,,1.0,,Cannot find cue bottom
sec6-res-util-pool-c6m2,,3918,,pool,,3,,410,,461,,63,,1.0,,Cannot find cue bottom
sec6-res-util-pool-c6m2,,3920,,pool,,3,,411,,499,,101,,0.98704,,Cannot find cue ball
sec6-res-util-pool-c6m2,,3924,,pool,,3,,413,,509,,111,,0.170518113732,,Cannot find cue bottom
sec6-res-util-pool-c6m2,,3929,,pool,,3,,411,,495,,98,,0.99919,,Cannot find cue bottom
sec6-res-util-pool-c6m2,,3932,,pool,,3,,410,,501,,103,,0.95904,,Cannot find cue ball
sec6-res-util-pool-c6m2,,3936,,pool,,3,,410,,490,,92,,1.0,,Cannot find cue ball
sec6-res-util-pool-c6m2,,3940,,pool,,3,,411,,465,,67,,1.0,,Cannot find cue bottom
sec6-res-util-pool-c6m2,,3943,,pool,,3,,409,,489,,163,,9.33999427517e-08,,Cannot find cue bottom
sec6-res-util-pool-c6m2,,3948,,pool,,3,,411,,519,,122,,0.00807678530857,,Cannot find cue bottom
sec6-res-util-pool-c6m2,,3953,,pool,,3,,414,,533,,136,,0.000166521595442,,Cannot find cue bottom
sec6-res-util-pool-c6m2,,3958,,pool,,3,,413,,504,,106,,0.68207245493,,Cannot find cue bottom
sec6-res-util-pool-c6m2,,3962,,pool,,3,,410,,501,,103,,0.95904,,Cannot find cue bottom
sec6-res-util-pool-c6m2,,3966,,pool,,3,,411,,513,,213,,8.90731265561e-14,,Cannot find cue bottom
sec6-res-util-pool-c6m2,,3973,,pool,,3,,414,,508,,110,,0.225,,Cannot find cue bottom
sec6-res-util-pool-c6m2,,3977,,pool,,3,,411,,487,,89,,1.0,,Cannot find cue bottom
sec6-res-util-pool-c6m2,,3981,,pool,,3,,412,,490,,93,,1.0,,Cannot find cue bottom
sec6-res-util-pool-c6m2,,3984,,pool,,3,,410,,502,,105,,0.9,,Cannot find cue bottom
sec6-res-util-pool-c6m2,,3988,,pool,,3,,411,,485,,87,,1.0,,Cannot find cue bottom
sec6-res-util-pool-c6m2,,3992,,pool,,3,,411,,534,,136,,0.000166521595442,,Cannot find cue bottom
sec6-res-util-pool-c6m2,,3997,,pool,,3,,411,,486,,105,,0.9,,Cannot find cue bottom
sec6-res-util-pool-c6m2,,4001,,pool,,3,,416,,502,,104,,0.93439,,Cannot find cue bottom
sec6-res-util-pool-c6m2,,4005,,pool,,3,,413,,502,,104,,0.93439,,Cannot find cue bottom
sec6-res-util-pool-c6m2,,2,,pool,,3,,411,,470,,72,,1.0,,Cannot find cue bottom
sec6-res-util-pool-c6m2,,5,,pool,,3,,409,,493,,96,,0.99999,,Cannot find cue bottom
sec6-res-util-pool-c6m2,,9,,pool,,3,,409,,499,,101,,0.98704,,Cannot find cue bottom
sec6-res-util-pool-c6m2,,13,,pool,,3,,409,,495,,97,,0.99984,,Cannot find cue bottom
sec6-res-util-pool-c6m2,,17,,pool,,3,,409,,481,,83,,1.0,,Cannot find cue bottom
sec6-res-util-pool-c6m2,,20,,pool,,3,,409,,502,,143,,2.39103853444e-05,,Cannot find cue bottom
sec6-res-util-pool-c6m2,,25,,pool,,3,,409,,494,,96,,0.99999,,Cannot find cue bottom
sec6-res-util-pool-c6m2,,29,,pool,,3,,409,,465,,67,,1.0,,Cannot find cue bottom
sec6-res-util-pool-c6m2,,32,,pool,,3,,409,,456,,59,,1.0,,Cannot find cue top
sec6-res-util-pool-c6m2,,35,,pool,,3,,409,,484,,86,,1.0,,Cannot find cue top
sec6-res-util-pool-c6m2,,38,,pool,,3,,409,,470,,72,,1.0,,Cannot find cue ball
sec6-res-util-pool-c6m2,,41,,pool,,3,,409,,482,,84,,1.0,,Cannot find cue bottom
sec6-res-util-pool-c6m2,,45,,pool,,3,,409,,486,,88,,1.0,,Cannot find cue bottom
sec6-res-util-pool-c6m2,,48,,pool,,3,,408,,464,,65,,1.0,,Cannot find cue top
sec6-res-util-pool-c6m2,,51,,pool,,3,,408,,475,,76,,1.0,,Cannot find cue bottom
sec6-res-util-pool-c6m2,,54,,pool,,3,,409,,472,,74,,1.0,,Cannot find cue ball
sec6-res-util-pool-c6m2,,57,,pool,,3,,408,,479,,81,,1.0,,Cannot find cue ball
sec6-res-util-pool-c6m2,,61,,pool,,3,,413,,479,,80,,1.0,,Cannot find cue ball
sec6-res-util-pool-c6m2,,64,,pool,,3,,407,,496,,98,,0.99919,,Cannot find cue ball
sec6-res-util-pool-c6m2,,67,,pool,,3,,409,,494,,96,,0.99999,,Cannot find cue ball
sec6-res-util-pool-c6m2,,71,,pool,,3,,408,,470,,72,,1.0,,Cannot find cue ball
sec6-res-util-pool-c6m2,,74,,pool,,3,,408,,524,,126,,0.00266434552707,,speech: good
sec6-res-util-pool-c6m2,,79,,pool,,3,,409,,493,,131,,0.000666086381767,,Cannot find object ball
sec6-res-util-pool-c6m2,,84,,pool,,3,,410,,518,,120,,0.0140625,,Cannot find object ball
sec6-res-util-pool-c6m2,,88,,pool,,3,,412,,481,,83,,1.0,,speech: right
sec6-res-util-pool-c6m2,,92,,pool,,3,,409,,529,,132,,0.000504799081786,,speech: right
sec6-res-util-pool-c6m2,,97,,pool,,3,,409,,481,,83,,1.0,,Cannot find object ball
sec6-res-util-pool-c6m2,,100,,pool,,3,,409,,471,,74,,1.0,,Cannot find cue ball
sec6-res-util-pool-c6m2,,103,,pool,,3,,408,,472,,74,,1.0,,Cannot find object ball
sec6-res-util-pool-c6m2,,106,,pool,,3,,408,,480,,82,,1.0,,Cannot find object ball
sec6-res-util-pool-c6m2,,110,,pool,,3,,409,,498,,100,,0.99375,,Cannot find cue ball
sec6-res-util-pool-c6m2,,113,,pool,,3,,409,,503,,211,,1.55085320996e-13,,Cannot find cue ball
sec6-res-util-pool-c6m2,,121,,pool,,3,,408,,509,,111,,0.170518113732,,Cannot find object ball
sec6-res-util-pool-c6m2,,125,,pool,,3,,408,,530,,133,,0.000382566165511,,Cannot find cue ball
sec6-res-util-pool-c6m2,,130,,pool,,3,,408,,515,,118,,0.0244842345927,,Cannot find object ball
sec6-res-util-pool-c6m2,,134,,pool,,3,,408,,518,,120,,0.0140625,,Cannot find object ball
sec6-res-util-pool-c6m2,,139,,pool,,3,,407,,493,,96,,0.99999,,speech: right
sec6-res-util-pool-c6m2,,143,,pool,,3,,408,,519,,161,,1.62618745549e-07,,speech: right
sec6-res-util-pool-c6m2,,148,,pool,,3,,408,,479,,82,,1.0,,speech: right
sec6-res-util-pool-c6m2,,152,,pool,,3,,405,,470,,74,,1.0,,Cannot find object ball
sec6-res-util-pool-c6m2,,155,,pool,,3,,408,,475,,77,,1.0,,Cannot find cue ball
sec6-res-util-pool-c6m2,,158,,pool,,3,,407,,482,,85,,1.0,,Cannot find cue ball
sec6-res-util-pool-c6m2,,161,,pool,,3,,408,,520,,122,,0.00807678530857,,Cannot find cue ball
sec6-res-util-pool-c6m2,,166,,pool,,3,,416,,545,,147,,7.8874856529e-06,,speech: left
sec6-res-util-pool-c6m2,,171,,pool,,3,,408,,482,,84,,1.0,,Cannot find cue ball
sec6-res-util-pool-c6m2,,174,,pool,,3,,412,,493,,95,,1.0,,Cannot find object ball
sec6-res-util-pool-c6m2,,178,,pool,,3,,412,,531,,133,,0.000382566165511,,Cannot find object ball
sec6-res-util-pool-c6m2,,183,,pool,,3,,409,,473,,76,,1.0,,Cannot find object ball
sec6-res-util-pool-c6m2,,186,,pool,,3,,408,,474,,76,,1.0,,Cannot find object ball
sec6-res-util-pool-c6m2,,189,,pool,,3,,409,,497,,99,,0.99744,,Cannot find object ball
sec6-res-util-pool-c6m2,,193,,pool,,3,,408,,487,,89,,1.0,,Cannot find object ball
sec6-res-util-pool-c6m2,,197,,pool,,3,,408,,526,,128,,0.00153026466204,,Cannot find object ball
sec6-res-util-pool-c6m2,,202,,pool,,3,,408,,517,,120,,0.0140625,,Cannot find cue ball
sec6-res-util-pool-c6m2,,206,,pool,,3,,408,,472,,74,,1.0,,Cannot find object ball
sec6-res-util-pool-c6m2,,209,,pool,,3,,411,,492,,95,,1.0,,Cannot find cue top
sec6-res-util-pool-c6m2,,213,,pool,,3,,408,,490,,92,,1.0,,Cannot find cue top
sec6-res-util-pool-c6m2,,217,,pool,,3,,407,,504,,106,,0.68207245493,,Cannot find cue bottom
sec6-res-util-pool-c6m2,,221,,pool,,3,,407,,518,,120,,0.0140625,,Cannot find cue top
sec6-res-util-pool-c6m2,,225,,pool,,3,,408,,474,,76,,1.0,,Cannot find cue top
sec6-res-util-pool-c6m2,,228,,pool,,3,,408,,500,,174,,4.42399501687e-09,,Cannot find cue ball
sec6-res-util-pool-c6m2,,234,,pool,,3,,407,,450,,52,,1.0,,Cannot find cue top
sec6-res-util-pool-c6m2,,237,,pool,,3,,409,,461,,63,,1.0,,Cannot find cue top
sec6-res-util-pool-c6m2,,239,,pool,,3,,409,,463,,65,,1.0,,Cannot find cue top
sec6-res-util-pool-c6m2,,242,,pool,,3,,408,,481,,84,,1.0,,Cannot find cue bottom
sec6-res-util-pool-c6m2,,246,,pool,,3,,409,,463,,66,,1.0,,Cannot find cue bottom
sec6-res-util-pool-c6m2,,249,,pool,,3,,408,,467,,69,,1.0,,Cannot find cue bottom
sec6-res-util-pool-c6m2,,251,,pool,,3,,410,,462,,64,,1.0,,Cannot find cue bottom
sec6-res-util-pool-c6m2,,254,,pool,,3,,409,,459,,60,,1.0,,Cannot find cue bottom
sec6-res-util-pool-c6m2,,257,,pool,,3,,410,,459,,60,,1.0,,Cannot find cue bottom
sec6-res-util-pool-c6m2,,260,,pool,,3,,409,,470,,73,,1.0,,Cannot find cue bottom
sec6-res-util-pool-c6m2,,263,,pool,,3,,408,,462,,64,,1.0,,Cannot find cue bottom
sec6-res-util-pool-c6m2,,266,,pool,,3,,410,,479,,81,,1.0,,Cannot find cue bottom
sec6-res-util-pool-c6m2,,269,,pool,,3,,409,,481,,82,,1.0,,Cannot find cue ball
sec6-res-util-pool-c6m2,,272,,pool,,3,,411,,485,,87,,1.0,,Cannot find cue ball
sec6-res-util-pool-c6m2,,276,,pool,,3,,409,,476,,78,,1.0,,Cannot find cue bottom
sec6-res-util-pool-c6m2,,297,,pool,,3,,415,,509,,111,,0.170518113732,,Cannot find cue bottom
sec6-res-util-pool-c6m2,,300,,pool,,3,,411,,470,,72,,1.0,,Cannot find cue bottom
sec6-res-util-pool-c6m2,,303,,pool,,3,,408,,474,,76,,1.0,,Cannot find cue bottom
sec6-res-util-pool-c6m2,,307,,pool,,3,,407,,456,,58,,1.0,,Cannot find cue bottom
sec6-res-util-pool-c6m2,,309,,pool,,3,,407,,464,,66,,1.0,,Cannot find cue bottom
sec6-res-util-pool-c6m2,,312,,pool,,3,,409,,467,,69,,1.0,,Cannot find cue bottom
sec6-res-util-pool-c6m2,,315,,pool,,3,,406,,456,,58,,1.0,,Cannot find cue bottom
sec6-res-util-pool-c6m2,,318,,pool,,3,,408,,483,,85,,1.0,,Cannot find cue bottom
sec6-res-util-pool-c6m2,,321,,pool,,3,,414,,470,,72,,1.0,,Cannot find cue bottom
sec6-res-util-pool-c6m2,,324,,pool,,3,,411,,481,,83,,1.0,,Cannot find cue bottom
sec6-res-util-pool-c6m2,,341,,pool,,3,,416,,496,,96,,0.99999,,Cannot find cue bottom
sec6-res-util-pool-c6m2,,344,,pool,,3,,406,,461,,63,,1.0,,Cannot find cue bottom
sec6-res-util-pool-c6m2,,346,,pool,,3,,408,,463,,65,,1.0,,Cannot find cue bottom
sec6-res-util-pool-c6m2,,349,,pool,,3,,405,,474,,76,,1.0,,Cannot find cue bottom
sec6-res-util-pool-c6m2,,352,,pool,,3,,406,,466,,68,,1.0,,Cannot find cue bottom
sec6-res-util-pool-c6m2,,355,,pool,,3,,408,,476,,78,,1.0,,Cannot find cue bottom
sec6-res-util-pool-c6m2,,358,,pool,,3,,406,,478,,85,,1.0,,Cannot find cue bottom
sec6-res-util-pool-c6m2,,375,,pool,,3,,415,,532,,134,,0.000289930937426,,Cannot find cue bottom
sec6-res-util-pool-c6m2,,379,,pool,,3,,409,,497,,99,,0.99744,,Cannot find cue bottom
sec6-res-util-pool-c6m2,,383,,pool,,3,,408,,493,,95,,1.0,,Cannot find cue bottom
sec6-res-util-pool-c6m2,,387,,pool,,3,,408,,503,,116,,0.0426295284331,,Cannot find cue bottom
sec6-res-util-pool-c6m2,,391,,pool,,3,,409,,484,,86,,1.0,,Cannot find cue bottom
sec6-res-util-pool-c6m2,,394,,pool,,3,,407,,510,,112,,0.129228564937,,Cannot find cue bottom
sec6-res-util-pool-c6m2,,399,,pool,,3,,408,,475,,76,,1.0,,Cannot find cue bottom
sec6-res-util-pool-c6m2,,402,,pool,,3,,408,,510,,112,,0.129228564937,,Cannot find cue bottom
sec6-res-util-pool-c6m2,,406,,pool,,3,,406,,511,,185,,2.09547579288e-10,,Cannot find object ball
sec6-res-util-pool-c6m2,,412,,pool,,3,,406,,514,,116,,0.0426295284331,,Cannot find object ball
sec6-res-util-pool-c6m2,,417,,pool,,3,,409,,494,,100,,0.99375,,Cannot find object ball
sec6-res-util-pool-c6m2,,421,,pool,,3,,411,,486,,89,,1.0,,Cannot find object ball
sec6-res-util-pool-c6m2,,424,,pool,,3,,409,,495,,97,,0.99984,,Cannot find object ball
sec6-res-util-pool-c6m2,,428,,pool,,3,,408,,482,,84,,1.0,,Cannot find cue ball
sec6-res-util-pool-c6m2,,431,,pool,,3,,408,,497,,99,,0.99744,,Cannot find object ball
sec6-res-util-pool-c6m2,,435,,pool,,3,,409,,479,,81,,1.0,,Cannot find cue ball
sec6-res-util-pool-c6m2,,439,,pool,,3,,409,,512,,218,,2.2268281639e-14,,Cannot find cue ball
sec6-res-util-pool-c6m2,,446,,pool,,3,,412,,516,,118,,0.0244842345927,,Cannot find cue ball
sec6-res-util-pool-c6m2,,451,,pool,,3,,408,,507,,109,,0.296889279924,,Cannot find object ball
sec6-res-util-pool-c6m2,,455,,pool,,3,,409,,524,,126,,0.00266434552707,,Cannot find cue ball
sec6-res-util-pool-c6m2,,460,,pool,,3,,409,,555,,157,,4.92967853306e-07,,Cannot find cue ball
sec6-res-util-pool-c6m2,,465,,pool,,3,,408,,545,,147,,7.8874856529e-06,,Cannot find cue ball
sec6-res-util-pool-c6m2,,471,,pool,,3,,409,,501,,104,,0.93439,,Cannot find cue ball
sec6-res-util-pool-c6m2,,475,,pool,,3,,409,,493,,95,,1.0,,Cannot find cue ball
sec6-res-util-pool-c6m2,,478,,pool,,3,,410,,489,,127,,0.00201919632714,,Cannot find cue bottom
sec6-res-util-pool-c6m2,,483,,pool,,3,,408,,473,,76,,1.0,,Cannot find cue bottom
sec6-res-util-pool-c6m2,,486,,pool,,3,,410,,511,,113,,0.0979369383708,,Cannot find cue bottom
sec6-res-util-pool-c6m2,,491,,pool,,3,,409,,501,,103,,0.95904,,Cannot find cue bottom
sec6-res-util-pool-c6m2,,495,,pool,,3,,409,,471,,76,,1.0,,Cannot find cue ball
sec6-res-util-pool-c6m2,,498,,pool,,3,,408,,493,,190,,5.23868948221e-11,,Cannot find cue bottom
sec6-res-util-pool-c6m2,,505,,pool,,3,,409,,482,,83,,1.0,,Cannot find cue bottom
sec6-res-util-pool-c6m2,,508,,pool,,3,,408,,475,,76,,1.0,,Cannot find cue ball
sec6-res-util-pool-c6m2,,511,,pool,,3,,409,,479,,81,,1.0,,Cannot find cue bottom
sec6-res-util-pool-c6m2,,514,,pool,,3,,409,,497,,99,,0.99744,,Cannot find cue bottom
sec6-res-util-pool-c6m2,,518,,pool,,3,,411,,484,,86,,1.0,,Cannot find cue bottom
sec6-res-util-pool-c6m2,,522,,pool,,3,,408,,469,,71,,1.0,,Cannot find cue bottom
sec6-res-util-pool-c6m2,,525,,pool,,3,,409,,497,,99,,0.99744,,Cannot find cue bottom
sec6-res-util-pool-c6m2,,529,,pool,,3,,411,,505,,107,,0.516914259749,,Cannot find cue bottom
sec6-res-util-pool-c6m2,,533,,pool,,3,,409,,484,,86,,1.0,,Cannot find cue bottom
sec6-res-util-pool-c6m2,,536,,pool,,3,,409,,475,,77,,1.0,,Cannot find cue bottom
sec6-res-util-pool-c6m2,,539,,pool,,3,,409,,486,,87,,1.0,,Cannot find object ball
sec6-res-util-pool-c6m2,,543,,pool,,3,,409,,518,,133,,0.000382566165511,,Cannot find object ball
sec6-res-util-pool-c6m2,,548,,pool,,3,,408,,488,,91,,1.0,,Cannot find cue ball
sec6-res-util-pool-c6m2,,551,,pool,,3,,411,,474,,76,,1.0,,Cannot find cue bottom
sec6-res-util-pool-c6m2,,554,,pool,,3,,409,,472,,74,,1.0,,Cannot find cue bottom
sec6-res-util-pool-c6m2,,557,,pool,,3,,409,,473,,75,,1.0,,Cannot find cue bottom
sec6-res-util-pool-c6m2,,561,,pool,,3,,409,,472,,73,,1.0,,Cannot find cue bottom
sec6-res-util-pool-c6m2,,564,,pool,,3,,409,,528,,156,,6.50474982195e-07,,Cannot find cue bottom
sec6-res-util-pool-c6m2,,569,,pool,,3,,409,,519,,121,,0.0106573821083,,Cannot find cue bottom
sec6-res-util-pool-c6m2,,574,,pool,,3,,412,,546,,148,,5.97759633611e-06,,Cannot find cue bottom
sec6-res-util-pool-c6m2,,579,,pool,,3,,410,,524,,127,,0.00201919632714,,Cannot find cue bottom
sec6-res-util-pool-c6m2,,584,,pool,,3,,410,,504,,106,,0.68207245493,,Cannot find cue bottom
sec6-res-util-pool-c6m2,,588,,pool,,3,,409,,505,,107,,0.516914259749,,Cannot find cue bottom
sec6-res-util-pool-c6m2,,592,,pool,,3,,409,,518,,245,,1.2490009027e-17,,Cannot find cue bottom
sec6-res-util-pool-c6m2,,600,,pool,,3,,408,,506,,108,,0.391747753483,,Cannot find cue bottom
sec6-res-util-pool-c6m2,,604,,pool,,3,,409,,498,,100,,0.99375,,Cannot find cue bottom
sec6-res-util-pool-c6m2,,608,,pool,,3,,407,,469,,71,,1.0,,Cannot find cue bottom
sec6-res-util-pool-c6m2,,611,,pool,,3,,408,,499,,101,,0.98704,,Cannot find cue bottom
sec6-res-util-pool-c6m2,,615,,pool,,3,,408,,472,,74,,1.0,,Cannot find object ball
sec6-res-util-pool-c6m2,,618,,pool,,3,,405,,493,,95,,1.0,,Cannot find cue bottom
sec6-res-util-pool-c6m2,,622,,pool,,3,,406,,472,,74,,1.0,,Cannot find cue bottom
sec6-res-util-pool-c6m2,,625,,pool,,3,,406,,453,,55,,1.0,,Cannot find cue top
sec6-res-util-pool-c6m2,,627,,pool,,3,,406,,460,,63,,1.0,,Cannot find cue bottom
sec6-res-util-pool-c6m2,,630,,pool,,3,,408,,463,,66,,1.0,,Cannot find cue bottom
sec6-res-util-pool-c6m2,,633,,pool,,3,,408,,508,,110,,0.225,,Cannot find cue bottom
sec6-res-util-pool-c6m2,,637,,pool,,3,,415,,480,,82,,1.0,,Cannot find cue top
sec6-res-util-pool-c6m2,,640,,pool,,3,,409,,474,,75,,1.0,,Cannot find cue top
sec6-res-util-pool-c6m2,,644,,pool,,3,,406,,490,,114,,0.074222319981,,Cannot find cue bottom
sec6-res-util-pool-c6m2,,648,,pool,,3,,406,,509,,111,,0.170518113732,,Cannot find cue bottom
sec6-res-util-pool-c6m2,,652,,pool,,3,,409,,514,,117,,0.0323071412343,,Cannot find cue bottom
sec6-res-util-pool-c6m2,,657,,pool,,3,,410,,471,,73,,1.0,,Cannot find cue bottom
sec6-res-util-pool-c6m2,,660,,pool,,3,,407,,467,,69,,1.0,,Cannot find cue ball
sec6-res-util-pool-c6m2,,663,,pool,,3,,407,,459,,61,,1.0,,Cannot find cue bottom
sec6-res-util-pool-c6m2,,666,,pool,,3,,410,,477,,79,,1.0,,Cannot find cue bottom
sec6-res-util-pool-c6m2,,669,,pool,,3,,411,,507,,112,,0.129228564937,,Cannot find cue bottom
sec6-res-util-pool-c6m2,,673,,pool,,3,,410,,525,,192,,3.00883699528e-11,,Cannot find cue bottom
sec6-res-util-pool-c6m2,,680,,pool,,3,,408,,501,,103,,0.95904,,Cannot find cue bottom
sec6-res-util-pool-c6m2,,684,,pool,,3,,407,,463,,64,,1.0,,Cannot find cue bottom
sec6-res-util-pool-c6m2,,686,,pool,,3,,410,,482,,84,,1.0,,Cannot find cue bottom
sec6-res-util-pool-c6m2,,690,,pool,,3,,410,,510,,111,,0.170518113732,,Cannot find cue bottom
sec6-res-util-pool-c6m2,,694,,pool,,3,,407,,485,,87,,1.0,,Cannot find cue bottom
sec6-res-util-pool-c6m2,,698,,pool,,3,,412,,470,,71,,1.0,,Cannot find cue bottom
sec6-res-util-pool-c6m2,,700,,pool,,3,,408,,470,,72,,1.0,,Cannot find cue bottom
sec6-res-util-pool-c6m2,,703,,pool,,3,,409,,487,,88,,1.0,,Cannot find cue bottom
sec6-res-util-pool-c6m2,,707,,pool,,3,,410,,464,,66,,1.0,,Cannot find cue bottom
sec6-res-util-pool-c6m2,,710,,pool,,3,,409,,474,,98,,0.99919,,Cannot find cue bottom
sec6-res-util-pool-c6m2,,713,,pool,,3,,410,,495,,97,,0.99984,,Cannot find cue bottom
sec6-res-util-pool-c6m2,,717,,pool,,3,,409,,506,,154,,1.13254272432e-06,,Cannot find cue bottom
sec6-res-util-pool-c6m2,,723,,pool,,3,,406,,482,,84,,1.0,,Cannot find cue bottom
sec6-res-util-pool-c6m2,,726,,pool,,3,,411,,487,,89,,1.0,,Cannot find cue bottom
sec6-res-util-pool-c6m2,,753,,pool,,3,,416,,508,,111,,0.170518113732,,Cannot find cue top
sec6-res-util-pool-c6m2,,756,,pool,,3,,409,,483,,85,,1.0,,Cannot find cue top
sec6-res-util-pool-c6m2,,760,,pool,,3,,413,,507,,109,,0.296889279924,,Cannot find cue bottom
sec6-res-util-pool-c6m2,,764,,pool,,3,,409,,465,,136,,0.000166521595442,,Cannot find cue bottom
sec6-res-util-pool-c6m2,,769,,pool,,3,,409,,466,,69,,1.0,,Cannot find cue bottom
sec6-res-util-pool-c6m2,,772,,pool,,3,,412,,471,,73,,1.0,,Cannot find cue top
sec6-res-util-pool-c6m2,,775,,pool,,3,,409,,479,,81,,1.0,,Cannot find cue ball
sec6-res-util-pool-c6m2,,778,,pool,,3,,407,,480,,82,,1.0,,Cannot find cue ball
sec6-res-util-pool-c6m2,,781,,pool,,3,,409,,513,,115,,0.05625,,Cannot find cue top
sec6-res-util-pool-c6m2,,786,,pool,,3,,409,,476,,78,,1.0,,Cannot find cue top
sec6-res-util-pool-c6m2,,789,,pool,,3,,411,,492,,95,,1.0,,Cannot find cue bottom
sec6-res-util-pool-c6m2,,793,,pool,,3,,410,,473,,76,,1.0,,Cannot find cue bottom
sec6-res-util-pool-c6m2,,796,,pool,,3,,410,,497,,99,,0.99744,,Cannot find cue bottom
sec6-res-util-pool-c6m2,,800,,pool,,3,,411,,488,,90,,1.0,,Cannot find cue bottom
sec6-res-util-pool-c6m2,,804,,pool,,3,,411,,490,,93,,1.0,,Cannot find cue top
sec6-res-util-pool-c6m2,,808,,pool,,3,,410,,491,,113,,0.0979369383708,,Cannot find cue top
sec6-res-util-pool-c6m2,,824,,pool,,3,,416,,505,,108,,0.391747753483,,Cannot find cue top
sec6-res-util-pool-c6m2,,828,,pool,,3,,413,,483,,85,,1.0,,Cannot find cue top
sec6-res-util-pool-c6m2,,831,,pool,,3,,409,,486,,88,,1.0,,Cannot find cue top
sec6-res-util-pool-c6m2,,835,,pool,,3,,412,,505,,107,,0.516914259749,,Cannot find cue top
sec6-res-util-pool-c6m2,,839,,pool,,3,,412,,470,,75,,1.0,,Cannot find cue top
sec6-res-util-pool-c6m2,,842,,pool,,3,,409,,464,,66,,1.0,,Cannot find cue top
sec6-res-util-pool-c6m2,,845,,pool,,3,,412,,468,,70,,1.0,,Cannot find cue top
sec6-res-util-pool-c6m2,,848,,pool,,3,,409,,494,,96,,0.99999,,Cannot find cue bottom
sec6-res-util-pool-c6m2,,852,,pool,,3,,408,,493,,97,,0.99984,,Cannot find cue bottom
sec6-res-util-pool-c6m2,,861,,pool,,3,,415,,505,,107,,0.516914259749,,Cannot find cue ball
sec6-res-util-pool-c6m2,,865,,pool,,3,,408,,466,,68,,1.0,,Cannot find cue bottom
sec6-res-util-pool-c6m2,,868,,pool,,3,,410,,471,,73,,1.0,,Cannot find cue ball
sec6-res-util-pool-c6m2,,871,,pool,,3,,409,,491,,93,,1.0,,Cannot find cue bottom
sec6-res-util-pool-c6m2,,874,,pool,,3,,409,,502,,104,,0.93439,,Cannot find cue bottom
sec6-res-util-pool-c6m2,,878,,pool,,3,,409,,526,,128,,0.00153026466204,,speech: left
sec6-res-util-pool-c6m2,,883,,pool,,3,,410,,497,,99,,0.99744,,Cannot find cue ball
sec6-res-util-pool-c6m2,,887,,pool,,3,,410,,496,,97,,0.99984,,Cannot find cue bottom
sec6-res-util-pool-c6m2,,891,,pool,,3,,409,,486,,88,,1.0,,Cannot find cue bottom
sec6-res-util-pool-c6m2,,894,,pool,,3,,413,,492,,190,,5.23868948221e-11,,Cannot find cue bottom
sec6-res-util-pool-c6m2,,901,,pool,,3,,409,,528,,130,,0.00087890625,,Cannot find cue bottom
sec6-res-util-pool-c6m2,,906,,pool,,3,,408,,522,,125,,0.003515625,,Cannot find cue ball
sec6-res-util-pool-c6m2,,911,,pool,,3,,409,,481,,83,,1.0,,Cannot find cue ball
sec6-res-util-pool-c6m2,,914,,pool,,3,,408,,471,,73,,1.0,,Cannot find cue ball
sec6-res-util-pool-c6m2,,917,,pool,,3,,408,,473,,75,,1.0,,speech: right
sec6-res-util-pool-c6m2,,920,,pool,,3,,410,,491,,93,,1.0,,Cannot find cue bottom
sec6-res-util-pool-c6m2,,924,,pool,,3,,412,,489,,89,,1.0,,Cannot find cue bottom
sec6-res-util-pool-c6m2,,927,,pool,,3,,405,,464,,69,,1.0,,Cannot find cue bottom
sec6-res-util-pool-c6m2,,930,,pool,,3,,408,,495,,97,,0.99984,,Cannot find cue bottom
sec6-res-util-pool-c6m2,,934,,pool,,3,,409,,469,,71,,1.0,,Cannot find cue bottom
sec6-res-util-pool-c6m2,,937,,pool,,3,,408,,478,,80,,1.0,,Cannot find cue ball
sec6-res-util-pool-c6m2,,940,,pool,,3,,408,,507,,110,,0.225,,Cannot find cue bottom
sec6-res-util-pool-c6m2,,944,,pool,,3,,428,,528,,130,,0.00087890625,,Cannot find object ball
sec6-res-util-pool-c6m2,,949,,pool,,3,,408,,490,,95,,1.0,,Cannot find object ball
sec6-res-util-pool-c6m2,,953,,pool,,3,,408,,508,,110,,0.225,,Cannot find object ball
sec6-res-util-pool-c6m2,,957,,pool,,3,,408,,502,,139,,7.24827343564e-05,,Cannot find object ball
sec6-res-util-pool-c6m2,,962,,pool,,3,,408,,473,,75,,1.0,,Cannot find object ball
sec6-res-util-pool-c6m2,,965,,pool,,3,,409,,493,,95,,1.0,,Cannot find cue bottom
sec6-res-util-pool-c6m2,,969,,pool,,3,,409,,485,,87,,1.0,,Cannot find cue bottom
sec6-res-util-pool-c6m2,,973,,pool,,3,,410,,501,,103,,0.95904,,Cannot find cue bottom
sec6-res-util-pool-c6m2,,977,,pool,,3,,409,,504,,106,,0.68207245493,,Cannot find cue bottom
sec6-res-util-pool-c6m2,,981,,pool,,3,,409,,525,,127,,0.00201919632714,,Cannot find cue bottom
sec6-res-util-pool-c6m2,,985,,pool,,3,,413,,521,,123,,0.00612105864818,,Cannot find cue bottom
sec6-res-util-pool-c6m2,,990,,pool,,3,,410,,508,,110,,0.225,,Cannot find cue bottom
sec6-res-util-pool-c6m2,,994,,pool,,3,,412,,498,,100,,0.99375,,Cannot find cue bottom
sec6-res-util-pool-c6m2,,998,,pool,,3,,409,,509,,110,,0.225,,Cannot find cue bottom
sec6-res-util-pool-c6m2,,1003,,pool,,3,,411,,506,,107,,0.516914259749,,Cannot find cue ball
sec6-res-util-pool-c6m2,,1007,,pool,,3,,412,,498,,132,,0.000504799081786,,Cannot find cue bottom
sec6-res-util-pool-c6m2,,1011,,pool,,3,,406,,487,,88,,1.0,,Cannot find cue bottom
sec6-res-util-pool-c6m2,,1015,,pool,,3,,411,,486,,89,,1.0,,Cannot find cue bottom
sec6-res-util-pool-c6m2,,1019,,pool,,3,,410,,482,,84,,1.0,,Cannot find cue bottom
sec6-res-util-pool-c6m2,,1022,,pool,,3,,413,,481,,83,,1.0,,Cannot find cue bottom
sec6-res-util-pool-c6m2,,1025,,pool,,3,,409,,502,,104,,0.93439,,Cannot find cue bottom
sec6-res-util-pool-c6m2,,1029,,pool,,3,,409,,510,,112,,0.129228564937,,Cannot find cue bottom
sec6-res-util-pool-c6m2,,1034,,pool,,3,,410,,542,,144,,1.81206835891e-05,,Cannot find cue ball
sec6-res-util-pool-c6m2,,1039,,pool,,3,,409,,570,,171,,1.01636715968e-08,,Cannot find cue ball
sec6-res-util-pool-c6m2,,1045,,pool,,3,,408,,559,,189,,6.91249221386e-11,,Cannot find cue ball
sec6-res-util-pool-c6m2,,1052,,pool,,3,,408,,516,,118,,0.0244842345927,,Cannot find cue ball
sec6-res-util-pool-c6m2,,1056,,pool,,3,,409,,513,,115,,0.05625,,Cannot find cue ball
sec6-res-util-pool-c6m2,,1061,,pool,,3,,409,,525,,127,,0.00201919632714,,Cannot find cue ball
sec6-res-util-pool-c6m2,,1065,,pool,,3,,409,,484,,87,,1.0,,Cannot find cue ball
sec6-res-util-pool-c6m2,,1069,,pool,,3,,406,,509,,111,,0.170518113732,,Cannot find cue bottom
sec6-res-util-pool-c6m2,,1073,,pool,,3,,409,,517,,119,,0.0185555799952,,Cannot find cue ball
sec6-res-util-pool-c6m2,,1077,,pool,,3,,411,,486,,87,,1.0,,Cannot find object ball
sec6-res-util-pool-c6m2,,1081,,pool,,3,,411,,545,,147,,7.8874856529e-06,,Cannot find object ball
sec6-res-util-pool-c6m2,,1086,,pool,,3,,409,,549,,151,,2.60189992878e-06,,Cannot find object ball
sec6-res-util-pool-c6m2,,1092,,pool,,3,,408,,483,,85,,1.0,,Cannot find cue ball
sec6-res-util-pool-c6m2,,1095,,pool,,3,,408,,520,,121,,0.0106573821083,,Cannot find cue ball
sec6-res-util-pool-c6m2,,1100,,pool,,3,,408,,521,,202,,1.88052312205e-12,,Cannot find object ball
sec6-res-util-pool-c6m2,,1107,,pool,,3,,411,,482,,84,,1.0,,Cannot find object ball
sec6-res-util-pool-c6m2,,1110,,pool,,3,,410,,498,,100,,0.99375,,Cannot find object ball
sec6-res-util-pool-c6m2,,1114,,pool,,3,,409,,534,,136,,0.000166521595442,,Cannot find cue ball
sec6-res-util-pool-c6m2,,1119,,pool,,3,,408,,472,,72,,1.0,,Cannot find cue ball
sec6-res-util-pool-c6m2,,1122,,pool,,3,,416,,533,,135,,0.0002197265625,,Cannot find object ball
sec6-res-util-pool-c6m2,,1127,,pool,,3,,409,,492,,111,,0.170518113732,,Cannot find cue ball
sec6-res-util-pool-c6m2,,1131,,pool,,3,,407,,472,,74,,1.0,,Cannot find object ball
sec6-res-util-pool-c6m2,,1134,,pool,,3,,408,,488,,92,,1.0,,Cannot find object ball
sec6-res-util-pool-c6m2,,1138,,pool,,3,,408,,485,,87,,1.0,,Cannot find cue ball
sec6-res-util-pool-c6m2,,1142,,pool,,3,,408,,460,,62,,1.0,,Cannot find cue top
sec6-res-util-pool-c6m2,,1144,,pool,,3,,408,,477,,78,,1.0,,Cannot find cue top
sec6-res-util-pool-c6m2,,1148,,pool,,3,,418,,478,,80,,1.0,,Cannot find cue top
sec6-res-util-pool-c6m2,,1163,,pool,,3,,414,,494,,95,,1.0,,Cannot find cue top
sec6-res-util-pool-c6m2,,1166,,pool,,3,,408,,479,,81,,1.0,,Cannot find cue top
sec6-res-util-pool-c6m2,,1169,,pool,,3,,409,,491,,93,,1.0,,Cannot find cue top
sec6-res-util-pool-c6m2,,1172,,pool,,3,,409,,465,,67,,1.0,,Cannot find cue top
sec6-res-util-pool-c6m2,,1175,,pool,,3,,408,,450,,52,,1.0,,Cannot find cue top
sec6-res-util-pool-c6m2,,1178,,pool,,3,,408,,457,,59,,1.0,,Cannot find cue top
sec6-res-util-pool-c6m2,,1180,,pool,,3,,409,,456,,58,,1.0,,Cannot find cue top
sec6-res-util-pool-c6m2,,1183,,pool,,3,,411,,453,,55,,1.0,,Cannot find cue top
sec6-res-util-pool-c6m2,,1185,,pool,,3,,410,,474,,77,,1.0,,Cannot find cue top
sec6-res-util-pool-c6m2,,1189,,pool,,3,,408,,480,,82,,1.0,,Cannot find cue top
sec6-res-util-pool-c6m2,,1192,,pool,,3,,408,,460,,84,,1.0,,Cannot find cue top
sec6-res-util-pool-c6m2,,1205,,pool,,3,,415,,489,,91,,1.0,,Cannot find cue top
sec6-res-util-pool-c6m2,,1208,,pool,,3,,410,,460,,62,,1.0,,Cannot find cue top
sec6-res-util-pool-c6m2,,1211,,pool,,3,,409,,484,,86,,1.0,,Cannot find cue bottom
sec6-res-util-pool-c6m2,,1214,,pool,,3,,409,,471,,73,,1.0,,Cannot find cue top
sec6-res-util-pool-c6m2,,1217,,pool,,3,,409,,458,,60,,1.0,,Cannot find cue top
sec6-res-util-pool-c6m2,,1220,,pool,,3,,409,,467,,68,,1.0,,Cannot find cue bottom
sec6-res-util-pool-c6m2,,1223,,pool,,3,,410,,471,,73,,1.0,,Cannot find cue bottom
sec6-res-util-pool-c6m2,,1226,,pool,,3,,409,,469,,71,,1.0,,Cannot find cue bottom
sec6-res-util-pool-c6m2,,1229,,pool,,3,,409,,460,,86,,1.0,,Cannot find cue bottom
sec6-res-util-pool-c6m2,,1251,,pool,,3,,413,,475,,77,,1.0,,Cannot find cue top
sec6-res-util-pool-c6m2,,1254,,pool,,3,,411,,462,,65,,1.0,,Cannot find cue top
sec6-res-util-pool-c6m2,,1257,,pool,,3,,409,,490,,92,,1.0,,Cannot find cue top
sec6-res-util-pool-c6m2,,1260,,pool,,3,,410,,466,,68,,1.0,,Cannot find cue top
sec6-res-util-pool-c6m2,,1263,,pool,,3,,409,,458,,60,,1.0,,Cannot find cue top
sec6-res-util-pool-c6m2,,1266,,pool,,3,,410,,460,,62,,1.0,,Cannot find cue top
sec6-res-util-pool-c6m2,,1269,,pool,,3,,408,,471,,73,,1.0,,Cannot find cue bottom
sec6-res-util-pool-c6m2,,1272,,pool,,3,,409,,456,,58,,1.0,,Cannot find cue top
sec6-res-util-pool-c6m2,,1292,,pool,,3,,416,,493,,93,,1.0,,Cannot find cue bottom
sec6-res-util-pool-c6m2,,1295,,pool,,3,,406,,458,,59,,1.0,,Cannot find cue bottom
sec6-res-util-pool-c6m2,,1297,,pool,,3,,406,,465,,69,,1.0,,Cannot find cue bottom
sec6-res-util-pool-c6m2,,1300,,pool,,3,,409,,481,,82,,1.0,,Cannot find cue bottom
sec6-res-util-pool-c6m2,,1303,,pool,,3,,410,,469,,71,,1.0,,Cannot find cue bottom
sec6-res-util-pool-c6m2,,1328,,pool,,3,,414,,476,,77,,1.0,,Cannot find cue bottom
sec6-res-util-pool-c6m2,,1330,,pool,,3,,406,,474,,75,,1.0,,Cannot find cue bottom
sec6-res-util-pool-c6m2,,1333,,pool,,3,,407,,488,,92,,1.0,,Cannot find cue bottom
sec6-res-util-pool-c6m2,,1337,,pool,,3,,407,,483,,85,,1.0,,Cannot find cue bottom
sec6-res-util-pool-c6m2,,1340,,pool,,3,,409,,479,,80,,1.0,,Cannot find cue bottom
sec6-res-util-pool-c6m2,,1343,,pool,,3,,409,,494,,96,,0.99999,,Cannot find cue bottom
sec6-res-util-pool-c6m2,,1347,,pool,,3,,409,,493,,95,,1.0,,Cannot find cue bottom
sec6-res-util-pool-c6m2,,1351,,pool,,3,,413,,533,,135,,0.0002197265625,,Cannot find cue bottom
sec6-res-util-pool-c6m2,,1364,,pool,,3,,421,,497,,99,,0.99744,,Cannot find cue bottom
sec6-res-util-pool-c6m2,,1367,,pool,,3,,407,,465,,67,,1.0,,Cannot find cue bottom
sec6-res-util-pool-c6m2,,1370,,pool,,3,,411,,468,,70,,1.0,,Cannot find cue bottom
sec6-res-util-pool-c6m2,,1373,,pool,,3,,407,,477,,79,,1.0,,Cannot find cue bottom
sec6-res-util-pool-c6m2,,1376,,pool,,3,,409,,507,,109,,0.296889279924,,Cannot find cue bottom
sec6-res-util-pool-c6m2,,1380,,pool,,3,,409,,479,,173,,5.83749642198e-09,,Cannot find cue bottom
sec6-res-util-pool-c6m2,,1391,,pool,,3,,407,,489,,91,,1.0,,Cannot find cue ball
sec6-res-util-pool-c6m2,,1394,,pool,,3,,408,,475,,78,,1.0,,Cannot find cue ball
sec6-res-util-pool-c6m2,,1397,,pool,,3,,408,,487,,89,,1.0,,Cannot find cue bottom
sec6-res-util-pool-c6m2,,1400,,pool,,3,,408,,516,,118,,0.0244842345927,,Cannot find cue bottom
sec6-res-util-pool-c6m2,,1405,,pool,,3,,413,,568,,277,,1.75137363565e-21,,Cannot find cue bottom
sec6-res-util-pool-c6m2,,1414,,pool,,3,,409,,497,,99,,0.99744,,Cannot find cue bottom
sec6-res-util-pool-c6m2,,1418,,pool,,3,,409,,489,,91,,1.0,,Cannot find cue bottom
sec6-res-util-pool-c6m2,,1421,,pool,,3,,409,,494,,96,,0.99999,,Cannot find object ball
sec6-res-util-pool-c6m2,,1425,,pool,,3,,410,,486,,88,,1.0,,Cannot find cue bottom
sec6-res-util-pool-c6m2,,1429,,pool,,3,,411,,492,,200,,3.27418092638e-12,,Cannot find object ball
sec6-res-util-pool-c6m2,,1435,,pool,,3,,411,,494,,95,,1.0,,Cannot find cue bottom
sec6-res-util-pool-c6m2,,1439,,pool,,3,,410,,474,,76,,1.0,,Cannot find cue bottom
sec6-res-util-pool-c6m2,,1442,,pool,,3,,410,,489,,91,,1.0,,Cannot find cue bottom
sec6-res-util-pool-c6m2,,1446,,pool,,3,,412,,496,,98,,0.99919,,Cannot find cue bottom
sec6-res-util-pool-c6m2,,1450,,pool,,3,,410,,492,,94,,1.0,,Cannot find cue bottom
sec6-res-util-pool-c6m2,,1454,,pool,,3,,409,,492,,93,,1.0,,Cannot find cue bottom
sec6-res-util-pool-c6m2,,1458,,pool,,3,,410,,507,,109,,0.296889279924,,Cannot find cue ball
sec6-res-util-pool-c6m2,,1462,,pool,,3,,410,,505,,219,,1.6876201694e-14,,Cannot find cue ball
sec6-res-util-pool-c6m2,,1469,,pool,,3,,411,,528,,130,,0.00087890625,,Cannot find cue ball
sec6-res-util-pool-c6m2,,1474,,pool,,3,,411,,520,,123,,0.00612105864818,,Cannot find cue bottom
sec6-res-util-pool-c6m2,,1479,,pool,,3,,410,,504,,107,,0.516914259749,,Cannot find cue bottom
sec6-res-util-pool-c6m2,,1483,,pool,,3,,409,,482,,84,,1.0,,Cannot find cue bottom
sec6-res-util-pool-c6m2,,1486,,pool,,3,,409,,479,,80,,1.0,,Cannot find cue bottom
sec6-res-util-pool-c6m2,,1489,,pool,,3,,409,,553,,220,,1.27897692437e-14,,Cannot find cue bottom
sec6-res-util-pool-c6m2,,1497,,pool,,3,,408,,502,,103,,0.95904,,Cannot find cue bottom
sec6-res-util-pool-c6m2,,1501,,pool,,3,,408,,498,,100,,0.99375,,Cannot find cue bottom
sec6-res-util-pool-c6m2,,1505,,pool,,3,,409,,489,,122,,0.00807678530857,,Cannot find cue bottom
sec6-res-util-pool-c6m2,,1509,,pool,,3,,408,,532,,134,,0.000289930937426,,Cannot find cue bottom
sec6-res-util-pool-c6m2,,1514,,pool,,3,,409,,478,,80,,1.0,,Cannot find cue bottom
sec6-res-util-pool-c6m2,,1517,,pool,,3,,410,,485,,87,,1.0,,Cannot find cue bottom
sec6-res-util-pool-c6m2,,1521,,pool,,3,,411,,489,,91,,1.0,,Cannot find cue bottom
sec6-res-util-pool-c6m2,,1524,,pool,,3,,419,,482,,84,,1.0,,Cannot find cue bottom
sec6-res-util-pool-c6m2,,1528,,pool,,3,,409,,537,,139,,7.24827343564e-05,,Cannot find cue bottom
sec6-res-util-pool-c6m2,,1533,,pool,,3,,409,,479,,81,,1.0,,Cannot find cue bottom
sec6-res-util-pool-c6m2,,1537,,pool,,3,,410,,466,,68,,1.0,,Cannot find cue bottom
sec6-res-util-pool-c6m2,,1540,,pool,,3,,409,,491,,93,,1.0,,Cannot find cue bottom
sec6-res-util-pool-c6m2,,1543,,pool,,3,,408,,482,,84,,1.0,,Cannot find cue bottom
sec6-res-util-pool-c6m2,,1547,,pool,,3,,409,,504,,106,,0.68207245493,,Cannot find cue bottom
sec6-res-util-pool-c6m2,,1551,,pool,,3,,410,,502,,212,,1.17532695128e-13,,Cannot find cue bottom
sec6-res-util-pool-c6m2,,1558,,pool,,3,,409,,467,,68,,1.0,,Cannot find cue bottom
sec6-res-util-pool-c6m2,,1561,,pool,,3,,410,,482,,83,,1.0,,Cannot find cue bottom
sec6-res-util-pool-c6m2,,1565,,pool,,3,,409,,485,,87,,1.0,,Cannot find cue bottom
sec6-res-util-pool-c6m2,,1568,,pool,,3,,409,,481,,83,,1.0,,Cannot find cue bottom
sec6-res-util-pool-c6m2,,1572,,pool,,3,,410,,466,,68,,1.0,,Cannot find cue bottom
sec6-res-util-pool-c6m2,,1574,,pool,,3,,409,,496,,97,,0.99984,,Cannot find cue bottom
sec6-res-util-pool-c6m2,,1578,,pool,,3,,409,,487,,89,,1.0,,Cannot find cue bottom
sec6-res-util-pool-c6m2,,1582,,pool,,3,,409,,514,,208,,3.56292506224e-13,,Cannot find cue bottom
sec6-res-util-pool-c6m2,,1589,,pool,,3,,409,,554,,156,,6.50474982195e-07,,Cannot find cue bottom
sec6-res-util-pool-c6m2,,1595,,pool,,3,,410,,528,,130,,0.00087890625,,Cannot find cue bottom
sec6-res-util-pool-c6m2,,1599,,pool,,3,,409,,505,,107,,0.516914259749,,Cannot find cue bottom
sec6-res-util-pool-c6m2,,1603,,pool,,3,,410,,497,,99,,0.99744,,Cannot find cue bottom
sec6-res-util-pool-c6m2,,1607,,pool,,3,,410,,501,,103,,0.95904,,Cannot find cue bottom
sec6-res-util-pool-c6m2,,1611,,pool,,3,,410,,509,,159,,2.8313568108e-07,,Cannot find cue bottom
sec6-res-util-pool-c6m2,,1617,,pool,,3,,410,,525,,127,,0.00201919632714,,Cannot find cue bottom
sec6-res-util-pool-c6m2,,1622,,pool,,3,,408,,533,,135,,0.0002197265625,,Cannot find cue bottom
sec6-res-util-pool-c6m2,,1627,,pool,,3,,406,,469,,73,,1.0,,speech: right
sec6-res-util-pool-c6m2,,1630,,pool,,3,,407,,464,,65,,1.0,,Cannot find cue ball
sec6-res-util-pool-c6m2,,1633,,pool,,3,,407,,459,,58,,1.0,,Cannot find cue top
sec6-res-util-pool-c6m2,,1635,,pool,,3,,407,,454,,55,,1.0,,Cannot find cue top
sec6-res-util-pool-c6m2,,1637,,pool,,3,,411,,474,,76,,1.0,,Cannot find cue top
sec6-res-util-pool-c6m2,,1641,,pool,,3,,407,,462,,64,,1.0,,Cannot find cue top
sec6-res-util-pool-c6m2,,1644,,pool,,3,,409,,479,,81,,1.0,,Cannot find cue top
sec6-res-util-pool-c6m2,,1647,,pool,,3,,407,,474,,76,,1.0,,Cannot find cue top
sec6-res-util-pool-c6m2,,1650,,pool,,3,,406,,468,,70,,1.0,,Cannot find cue top
sec6-res-util-pool-c6m2,,1653,,pool,,3,,407,,472,,73,,1.0,,Cannot find cue top
sec6-res-util-pool-c6m2,,1672,,pool,,3,,415,,482,,83,,1.0,,Cannot find cue top
sec6-res-util-pool-c6m2,,1675,,pool,,3,,408,,468,,70,,1.0,,Cannot find cue top
sec6-res-util-pool-c6m2,,1678,,pool,,3,,408,,553,,155,,8.58306884766e-07,,Cannot find cue bottom
sec6-res-util-pool-c6m2,,1683,,pool,,3,,408,,514,,116,,0.0426295284331,,Cannot find cue top
sec6-res-util-pool-c6m2,,1688,,pool,,3,,409,,491,,92,,1.0,,Cannot find cue top
sec6-res-util-pool-c6m2,,1691,,pool,,3,,409,,488,,90,,1.0,,Cannot find cue top
sec6-res-util-pool-c6m2,,1695,,pool,,3,,407,,455,,57,,1.0,,Cannot find cue top
sec6-res-util-pool-c6m2,,1698,,pool,,3,,410,,459,,61,,1.0,,Cannot find cue top
sec6-res-util-pool-c6m2,,1701,,pool,,3,,408,,463,,64,,1.0,,Cannot find cue top
sec6-res-util-pool-c6m2,,1704,,pool,,3,,407,,491,,93,,1.0,,Cannot find cue top
sec6-res-util-pool-c6m2,,1709,,pool,,3,,419,,498,,100,,0.99375,,Cannot find cue bottom
sec6-res-util-pool-c6m2,,1713,,pool,,3,,410,,476,,77,,1.0,,Cannot find cue bottom
sec6-res-util-pool-c6m2,,1716,,pool,,3,,411,,487,,88,,1.0,,Cannot find cue ball
sec6-res-util-pool-c6m2,,1719,,pool,,3,,410,,489,,91,,1.0,,Cannot find cue ball
sec6-res-util-pool-c6m2,,1723,,pool,,3,,407,,493,,95,,1.0,,Cannot find cue ball
sec6-res-util-pool-c6m2,,1727,,pool,,3,,407,,494,,95,,1.0,,Cannot find cue bottom
sec6-res-util-pool-c6m2,,1731,,pool,,3,,407,,492,,93,,1.0,,Cannot find cue bottom
sec6-res-util-pool-c6m2,,1734,,pool,,3,,407,,512,,115,,0.05625,,Cannot find cue bottom
sec6-res-util-pool-c6m2,,1739,,pool,,3,,408,,472,,74,,1.0,,Cannot find cue bottom
sec6-res-util-pool-c6m2,,1742,,pool,,3,,406,,495,,97,,0.99984,,Cannot find cue ball
sec6-res-util-pool-c6m2,,1746,,pool,,3,,406,,494,,96,,0.99999,,Cannot find cue ball
sec6-res-util-pool-c6m2,,1749,,pool,,3,,408,,529,,130,,0.00087890625,,Cannot find cue ball
sec6-res-util-pool-c6m2,,1754,,pool,,3,,408,,513,,115,,0.05625,,speech: right
sec6-res-util-pool-c6m2,,1758,,pool,,3,,407,,523,,166,,4.06546863872e-08,,Cannot find cue ball
sec6-res-util-pool-c6m2,,1764,,pool,,3,,408,,481,,82,,1.0,,Cannot find cue bottom
sec6-res-util-pool-c6m2,,1767,,pool,,3,,408,,480,,81,,1.0,,Cannot find cue bottom
sec6-res-util-pool-c6m2,,1771,,pool,,3,,412,,512,,113,,0.0979369383708,,Cannot find cue bottom
sec6-res-util-pool-c6m2,,1775,,pool,,3,,408,,512,,114,,0.074222319981,,Cannot find cue bottom
sec6-res-util-pool-c6m2,,1779,,pool,,3,,408,,505,,107,,0.516914259749,,Cannot find cue bottom
sec6-res-util-pool-c6m2,,1783,,pool,,3,,408,,514,,115,,0.05625,,Cannot find cue bottom
sec6-res-util-pool-c6m2,,1788,,pool,,3,,408,,508,,212,,1.17532695128e-13,,Cannot find cue bottom
sec6-res-util-pool-c6m2,,1795,,pool,,3,,411,,573,,174,,4.42399501687e-09,,Cannot find cue bottom
sec6-res-util-pool-c6m2,,1801,,pool,,3,,409,,514,,177,,1.92565567698e-09,,Cannot find cue bottom
sec6-res-util-pool-c6m2,,1807,,pool,,3,,407,,503,,105,,0.9,,Cannot find cue bottom
sec6-res-util-pool-c6m2,,1811,,pool,,3,,407,,509,,110,,0.225,,Cannot find cue bottom
sec6-res-util-pool-c6m2,,1815,,pool,,3,,408,,498,,99,,0.99744,,Cannot find cue bottom
sec6-res-util-pool-c6m2,,1819,,pool,,3,,407,,532,,184,,2.76499688554e-10,,Cannot find cue bottom
sec6-res-util-pool-c6m2,,1826,,pool,,3,,408,,521,,129,,0.0011597237497,,Cannot find cue bottom
sec6-res-util-pool-c6m2,,1830,,pool,,3,,409,,532,,133,,0.000382566165511,,Cannot find cue bottom
sec6-res-util-pool-c6m2,,1835,,pool,,3,,408,,471,,73,,1.0,,Cannot find cue bottom
sec6-res-util-pool-c6m2,,1838,,pool,,3,,409,,502,,105,,0.9,,speech: good
sec6-res-util-pool-c6m2,,1842,,pool,,3,,409,,485,,87,,1.0,,speech: good
sec6-res-util-pool-c6m2,,1846,,pool,,3,,410,,539,,140,,5.4931640625e-05,,speech: good
sec6-res-util-pool-c6m2,,1851,,pool,,3,,411,,502,,103,,0.95904,,speech: left
sec6-res-util-pool-c6m2,,1855,,pool,,3,,409,,524,,125,,0.003515625,,speech: left
sec6-res-util-pool-c6m2,,1860,,pool,,3,,408,,502,,156,,6.50474982195e-07,,Cannot find cue bottom
sec6-res-util-pool-c6m2,,1865,,pool,,3,,407,,508,,110,,0.225,,speech: left
sec6-res-util-pool-c6m2,,1870,,pool,,3,,407,,511,,113,,0.0979369383708,,speech: left
sec6-res-util-pool-c6m2,,1874,,pool,,3,,409,,507,,108,,0.391747753483,,Cannot find cue bottom
sec6-res-util-pool-c6m2,,1886,,pool,,3,,415,,517,,119,,0.0185555799952,,Cannot find cue bottom
sec6-res-util-pool-c6m2,,1898,,pool,,3,,414,,488,,88,,1.0,,Cannot find cue bottom
sec6-res-util-pool-c6m2,,1901,,pool,,3,,409,,520,,121,,0.0106573821083,,Cannot find cue bottom
sec6-res-util-pool-c6m2,,1905,,pool,,3,,412,,487,,88,,1.0,,Cannot find cue bottom
sec6-res-util-pool-c6m2,,1908,,pool,,3,,407,,497,,188,,9.12108815935e-11,,Cannot find cue bottom
sec6-res-util-pool-c6m2,,1915,,pool,,3,,409,,494,,96,,0.99999,,Cannot find cue bottom
sec6-res-util-pool-c6m2,,1918,,pool,,3,,410,,474,,75,,1.0,,Cannot find cue bottom
sec6-res-util-pool-c6m2,,1922,,pool,,3,,408,,517,,122,,0.00807678530857,,Cannot find cue bottom
sec6-res-util-pool-c6m2,,1926,,pool,,3,,408,,476,,77,,1.0,,Cannot find cue bottom
sec6-res-util-pool-c6m2,,1929,,pool,,3,,411,,494,,95,,1.0,,Cannot find cue bottom
sec6-res-util-pool-c6m2,,1933,,pool,,3,,408,,490,,92,,1.0,,Cannot find cue bottom
sec6-res-util-pool-c6m2,,1937,,pool,,3,,408,,500,,101,,0.98704,,Cannot find cue bottom
sec6-res-util-pool-c6m2,,1941,,pool,,3,,408,,480,,81,,1.0,,Cannot find cue bottom
sec6-res-util-pool-c6m2,,1944,,pool,,3,,407,,489,,91,,1.0,,Cannot find cue bottom
sec6-res-util-pool-c6m2,,1947,,pool,,3,,408,,492,,108,,0.391747753483,,Cannot find cue bottom
sec6-res-util-pool-c6m2,,1952,,pool,,3,,408,,472,,74,,1.0,,Cannot find cue bottom
sec6-res-util-pool-c6m2,,1955,,pool,,3,,408,,478,,79,,1.0,,Cannot find cue bottom
sec6-res-util-pool-c6m2,,1958,,pool,,3,,408,,508,,109,,0.296889279924,,Cannot find cue bottom
sec6-res-util-pool-c6m2,,1962,,pool,,3,,409,,487,,88,,1.0,,Cannot find cue bottom
sec6-res-util-pool-c6m2,,1966,,pool,,3,,410,,483,,120,,0.0140625,,Cannot find cue bottom
sec6-res-util-pool-c6m2,,1970,,pool,,3,,409,,500,,102,,0.97599,,Cannot find cue bottom
sec6-res-util-pool-c6m2,,1974,,pool,,3,,409,,487,,89,,1.0,,Cannot find cue bottom
sec6-res-util-pool-c6m2,,1977,,pool,,3,,408,,485,,87,,1.0,,Cannot find cue bottom
sec6-res-util-pool-c6m2,,1981,,pool,,3,,408,,506,,123,,0.00612105864818,,Cannot find cue bottom
sec6-res-util-pool-c6m2,,1986,,pool,,3,,408,,502,,105,,0.9,,Cannot find cue bottom
sec6-res-util-pool-c6m2,,1990,,pool,,3,,408,,486,,88,,1.0,,Cannot find cue bottom
sec6-res-util-pool-c6m2,,1993,,pool,,3,,408,,520,,121,,0.0106573821083,,Cannot find cue bottom
sec6-res-util-pool-c6m2,,1998,,pool,,3,,406,,499,,101,,0.98704,,speech: left
sec6-res-util-pool-c6m2,,2002,,pool,,3,,405,,477,,148,,5.97759633611e-06,,Cannot find cue top
sec6-res-util-pool-c6m2,,2007,,pool,,3,,407,,479,,81,,1.0,,Cannot find cue top
sec6-res-util-pool-c6m2,,2010,,pool,,3,,407,,479,,81,,1.0,,Cannot find cue top
sec6-res-util-pool-c6m2,,2013,,pool,,3,,408,,475,,77,,1.0,,Cannot find cue top
sec6-res-util-pool-c6m2,,2017,,pool,,3,,409,,460,,61,,1.0,,Cannot find cue top
sec6-res-util-pool-c6m2,,2019,,pool,,3,,408,,474,,75,,1.0,,Cannot find cue top
sec6-res-util-pool-c6m2,,2023,,pool,,3,,408,,454,,56,,1.0,,Cannot find cue top
sec6-res-util-pool-c6m2,,2025,,pool,,3,,407,,458,,59,,1.0,,Cannot find cue top
sec6-res-util-pool-c6m2,,2038,,pool,,3,,417,,488,,89,,1.0,,Cannot find cue top
sec6-res-util-pool-c6m2,,2041,,pool,,3,,408,,478,,79,,1.0,,Cannot find cue bottom
sec6-res-util-pool-c6m2,,2044,,pool,,3,,408,,499,,103,,0.95904,,Cannot find cue top
sec6-res-util-pool-c6m2,,2048,,pool,,3,,408,,471,,73,,1.0,,Cannot find cue top
sec6-res-util-pool-c6m2,,2051,,pool,,3,,407,,457,,59,,1.0,,Cannot find cue top
sec6-res-util-pool-c6m2,,2053,,pool,,3,,412,,488,,90,,1.0,,Cannot find cue top
sec6-res-util-pool-c6m2,,2057,,pool,,3,,416,,475,,76,,1.0,,Cannot find cue top
sec6-res-util-pool-c6m2,,2060,,pool,,3,,408,,458,,59,,1.0,,Cannot find cue top
sec6-res-util-pool-c6m2,,2063,,pool,,3,,407,,467,,145,,1.37329101563e-05,,Cannot find cue top
sec6-res-util-pool-c6m2,,2068,,pool,,3,,407,,525,,126,,0.00266434552707,,Cannot find cue bottom
sec6-res-util-pool-c6m2,,2073,,pool,,3,,406,,479,,80,,1.0,,Cannot find cue top
sec6-res-util-pool-c6m2,,2077,,pool,,3,,407,,475,,77,,1.0,,Cannot find cue top
sec6-res-util-pool-c6m2,,2080,,pool,,3,,407,,482,,83,,1.0,,Cannot find cue top
sec6-res-util-pool-c6m2,,2083,,pool,,3,,407,,480,,82,,1.0,,Cannot find cue bottom
sec6-res-util-pool-c6m2,,2087,,pool,,3,,407,,471,,73,,1.0,,Cannot find cue bottom
sec6-res-util-pool-c6m2,,2090,,pool,,3,,407,,471,,72,,1.0,,Cannot find cue bottom
sec6-res-util-pool-c6m2,,2093,,pool,,3,,407,,470,,71,,1.0,,Cannot find cue top
sec6-res-util-pool-c6m2,,2096,,pool,,3,,407,,466,,71,,1.0,,Cannot find cue bottom
sec6-res-util-pool-c6m2,,2099,,pool,,3,,413,,506,,107,,0.516914259749,,Cannot find cue top
sec6-res-util-pool-c6m2,,2103,,pool,,3,,408,,518,,119,,0.0185555799952,,Cannot find cue top
sec6-res-util-pool-c6m2,,2107,,pool,,3,,407,,509,,111,,0.170518113732,,Cannot find cue top
sec6-res-util-pool-c6m2,,2112,,pool,,3,,408,,483,,84,,1.0,,Cannot find cue top
sec6-res-util-pool-c6m2,,2115,,pool,,3,,407,,466,,67,,1.0,,Cannot find cue bottom
sec6-res-util-pool-c6m2,,2118,,pool,,3,,408,,489,,154,,1.13254272432e-06,,Cannot find cue ball
sec6-res-util-pool-c6m2,,2124,,pool,,3,,408,,480,,82,,1.0,,Cannot find cue bottom
sec6-res-util-pool-c6m2,,2127,,pool,,3,,408,,462,,63,,1.0,,Cannot find cue top
sec6-res-util-pool-c6m2,,2130,,pool,,3,,407,,490,,91,,1.0,,Cannot find cue bottom
sec6-res-util-pool-c6m2,,2133,,pool,,3,,408,,463,,65,,1.0,,Cannot find cue bottom
sec6-res-util-pool-c6m2,,2136,,pool,,3,,409,,496,,97,,0.99984,,Cannot find cue top
sec6-res-util-pool-c6m2,,2140,,pool,,3,,410,,542,,144,,1.81206835891e-05,,Cannot find cue top
sec6-res-util-pool-c6m2,,2163,,pool,,3,,414,,495,,97,,0.99984,,Cannot find cue top
sec6-res-util-pool-c6m2,,2166,,pool,,3,,412,,489,,91,,1.0,,Cannot find cue top
sec6-res-util-pool-c6m2,,2169,,pool,,3,,408,,582,,183,,3.64843526374e-10,,Cannot find cue ball
sec6-res-util-pool-c6m2,,2189,,pool,,3,,415,,516,,117,,0.0323071412343,,Cannot find cue ball
sec6-res-util-pool-c6m2,,2192,,pool,,3,,407,,493,,94,,1.0,,Cannot find object ball
sec6-res-util-pool-c6m2,,2196,,pool,,3,,406,,474,,75,,1.0,,Cannot find cue ball
sec6-res-util-pool-c6m2,,2199,,pool,,3,,407,,476,,78,,1.0,,Cannot find cue ball
sec6-res-util-pool-c6m2,,2202,,pool,,3,,407,,494,,101,,0.98704,,Cannot find cue ball
sec6-res-util-pool-c6m2,,2221,,pool,,3,,416,,513,,117,,0.0323071412343,,speech: right
sec6-res-util-pool-c6m2,,2224,,pool,,3,,407,,486,,88,,1.0,,Cannot find cue ball
sec6-res-util-pool-c6m2,,2228,,pool,,3,,409,,524,,126,,0.00266434552707,,Cannot find cue ball
sec6-res-util-pool-c6m2,,2233,,pool,,3,,414,,544,,230,,7.9936057773e-16,,speech: left
sec6-res-util-pool-c6m2,,2240,,pool,,3,,408,,514,,115,,0.05625,,speech: left
sec6-res-util-pool-c6m2,,2245,,pool,,3,,410,,498,,100,,0.99375,,Cannot find object ball
sec6-res-util-pool-c6m2,,2249,,pool,,3,,407,,470,,72,,1.0,,Cannot find object ball
sec6-res-util-pool-c6m2,,2252,,pool,,3,,407,,488,,90,,1.0,,Cannot find object ball
sec6-res-util-pool-c6m2,,2256,,pool,,3,,410,,491,,96,,0.99999,,Cannot find object ball
sec6-res-util-pool-c6m2,,2260,,pool,,3,,407,,486,,87,,1.0,,Cannot find object ball
sec6-res-util-pool-c6m2,,2263,,pool,,3,,409,,525,,126,,0.00266434552707,,speech: left
sec6-res-util-pool-c6m2,,2268,,pool,,3,,407,,522,,123,,0.00612105864818,,speech: left
sec6-res-util-pool-c6m2,,2273,,pool,,3,,410,,494,,95,,1.0,,Cannot find cue ball
sec6-res-util-pool-c6m2,,2276,,pool,,3,,407,,515,,206,,6.20341283984e-13,,Cannot find cue ball
sec6-res-util-pool-c6m2,,2283,,pool,,3,,410,,523,,126,,0.00266434552707,,Cannot find cue ball
sec6-res-util-pool-c6m2,,2288,,pool,,3,,410,,488,,89,,1.0,,Cannot find cue ball
sec6-res-util-pool-c6m2,,2291,,pool,,3,,406,,514,,115,,0.05625,,Cannot find cue ball
sec6-res-util-pool-c6m2,,2296,,pool,,3,,407,,484,,86,,1.0,,Cannot find cue ball
sec6-res-util-pool-c6m2,,2299,,pool,,3,,406,,524,,150,,3.43322753906e-06,,Cannot find cue ball
sec6-res-util-pool-c6m2,,2305,,pool,,3,,413,,540,,141,,4.16303988605e-05,,Cannot find object ball
sec6-res-util-pool-c6m2,,2310,,pool,,3,,406,,493,,98,,0.99919,,Cannot find cue ball
sec6-res-util-pool-c6m2,,2314,,pool,,3,,408,,519,,121,,0.0106573821083,,Cannot find cue ball
sec6-res-util-pool-c6m2,,2318,,pool,,3,,407,,482,,84,,1.0,,Cannot find cue ball
sec6-res-util-pool-c6m2,,2322,,pool,,3,,407,,491,,93,,1.0,,Cannot find cue ball
sec6-res-util-pool-c6m2,,2325,,pool,,3,,409,,496,,98,,0.99919,,Cannot find cue ball
sec6-res-util-pool-c6m2,,2329,,pool,,3,,408,,485,,86,,1.0,,Cannot find cue ball
sec6-res-util-pool-c6m2,,2332,,pool,,3,,409,,498,,99,,0.99744,,Cannot find cue ball
sec6-res-util-pool-c6m2,,2336,,pool,,3,,413,,506,,108,,0.391747753483,,speech: left
sec6-res-util-pool-c6m2,,2340,,pool,,3,,407,,477,,78,,1.0,,Cannot find cue ball
sec6-res-util-pool-c6m2,,2344,,pool,,3,,408,,510,,112,,0.129228564937,,Cannot find cue ball
sec6-res-util-pool-c6m2,,2348,,pool,,3,,409,,477,,79,,1.0,,Cannot find cue ball
sec6-res-util-pool-c6m2,,2351,,pool,,3,,408,,497,,99,,0.99744,,Cannot find cue ball
sec6-res-util-pool-c6m2,,2355,,pool,,3,,407,,494,,95,,1.0,,speech: left
sec6-res-util-pool-c6m2,,2359,,pool,,3,,413,,490,,92,,1.0,,speech: left
sec6-res-util-pool-c6m2,,2362,,pool,,3,,409,,523,,125,,0.003515625,,speech: left
sec6-res-util-pool-c6m2,,2367,,pool,,3,,411,,501,,158,,3.73599771007e-07,,Cannot find cue ball
sec6-res-util-pool-c6m2,,2372,,pool,,3,,409,,513,,115,,0.05625,,Cannot find object ball
sec6-res-util-pool-c6m2,,2377,,pool,,3,,410,,475,,77,,1.0,,speech: right
sec6-res-util-pool-c6m2,,2380,,pool,,3,,413,,494,,96,,0.99999,,Cannot find cue ball
sec6-res-util-pool-c6m2,,2384,,pool,,3,,407,,498,,100,,0.99375,,speech: right
sec6-res-util-pool-c6m2,,2388,,pool,,3,,409,,516,,118,,0.0244842345927,,speech: left
sec6-res-util-pool-c6m2,,2392,,pool,,3,,409,,502,,104,,0.93439,,speech: left
sec6-res-util-pool-c6m2,,2396,,pool,,3,,409,,514,,117,,0.0323071412343,,speech: left
sec6-res-util-pool-c6m2,,2400,,pool,,3,,409,,500,,166,,4.06546863872e-08,,Cannot find cue ball
sec6-res-util-pool-c6m2,,2406,,pool,,3,,406,,471,,72,,1.0,,speech: left
sec6-res-util-pool-c6m2,,2409,,pool,,3,,407,,476,,77,,1.0,,speech: left
sec6-res-util-pool-c6m2,,2413,,pool,,3,,409,,476,,77,,1.0,,Cannot find cue ball
sec6-res-util-pool-c6m2,,2416,,pool,,3,,413,,483,,85,,1.0,,Cannot find object ball
sec6-res-util-pool-c6m2,,2419,,pool,,3,,408,,475,,76,,1.0,,Cannot find object ball
sec6-res-util-pool-c6m2,,2422,,pool,,3,,409,,474,,75,,1.0,,speech: left
sec6-res-util-pool-c6m2,,2426,,pool,,3,,409,,479,,81,,1.0,,Cannot find object ball
sec6-res-util-pool-c6m2,,2429,,pool,,3,,408,,501,,102,,0.97599,,Cannot find object ball
sec6-res-util-pool-c6m2,,2433,,pool,,3,,409,,479,,81,,1.0,,Cannot find cue bottom
sec6-res-util-pool-c6m2,,2437,,pool,,3,,411,,466,,68,,1.0,,Cannot find cue top
sec6-res-util-pool-c6m2,,2440,,pool,,3,,409,,490,,93,,1.0,,Cannot find cue bottom
sec6-res-util-pool-c6m2,,2443,,pool,,3,,408,,472,,74,,1.0,,Cannot find cue top
sec6-res-util-pool-c6m2,,2446,,pool,,3,,409,,454,,56,,1.0,,Cannot find cue top
sec6-res-util-pool-c6m2,,2449,,pool,,3,,409,,469,,70,,1.0,,Cannot find cue top
sec6-res-util-pool-c6m2,,2452,,pool,,3,,409,,459,,61,,1.0,,Cannot find cue top
sec6-res-util-pool-c6m2,,2455,,pool,,3,,409,,501,,206,,6.20341283984e-13,,Cannot find cue top
sec6-res-util-pool-c6m2,,2462,,pool,,3,,410,,475,,76,,1.0,,Cannot find cue top
sec6-res-util-pool-c6m2,,2465,,pool,,3,,412,,517,,119,,0.0185555799952,,Cannot find cue top
sec6-res-util-pool-c6m2,,2469,,pool,,3,,410,,522,,123,,0.00612105864818,,Cannot find cue bottom
sec6-res-util-pool-c6m2,,2474,,pool,,3,,410,,476,,78,,1.0,,Cannot find cue top
sec6-res-util-pool-c6m2,,2477,,pool,,3,,411,,463,,65,,1.0,,Cannot find cue bottom
sec6-res-util-pool-c6m2,,2480,,pool,,3,,410,,458,,60,,1.0,,Cannot find cue top
sec6-res-util-pool-c6m2,,2483,,pool,,3,,410,,469,,83,,1.0,,Cannot find cue top
sec6-res-util-pool-c6m2,,2509,,pool,,3,,417,,499,,100,,0.99375,,Cannot find cue top
sec6-res-util-pool-c6m2,,2512,,pool,,3,,411,,464,,65,,1.0,,Cannot find cue top
sec6-res-util-pool-c6m2,,2515,,pool,,3,,413,,470,,72,,1.0,,Cannot find cue top
sec6-res-util-pool-c6m2,,2518,,pool,,3,,410,,482,,83,,1.0,,Cannot find cue top
sec6-res-util-pool-c6m2,,2522,,pool,,3,,415,,466,,67,,1.0,,Cannot find cue top
sec6-res-util-pool-c6m2,,2525,,pool,,3,,412,,486,,88,,1.0,,Cannot find cue top
sec6-res-util-pool-c6m2,,2528,,pool,,3,,411,,460,,62,,1.0,,Cannot find cue top
sec6-res-util-pool-c6m2,,2531,,pool,,3,,411,,487,,89,,1.0,,Cannot find cue top
sec6-res-util-pool-c6m2,,2534,,pool,,3,,411,,454,,56,,1.0,,Cannot find cue top
sec6-res-util-pool-c6m2,,2537,,pool,,3,,409,,456,,58,,1.0,,Cannot find cue top
sec6-res-util-pool-c6m2,,2540,,pool,,3,,409,,467,,69,,1.0,,Cannot find cue top
sec6-res-util-pool-c6m2,,2567,,pool,,3,,417,,493,,99,,0.99744,,Cannot find cue bottom
sec6-res-util-pool-c6m2,,2570,,pool,,3,,410,,516,,118,,0.0244842345927,,Cannot find cue bottom
sec6-res-util-pool-c6m2,,2574,,pool,,3,,412,,489,,91,,1.0,,Cannot find cue bottom
sec6-res-util-pool-c6m2,,2578,,pool,,3,,410,,471,,74,,1.0,,Cannot find cue bottom
sec6-res-util-pool-c6m2,,2581,,pool,,3,,410,,470,,90,,1.0,,Cannot find cue bottom
sec6-res-util-pool-c6m2,,2584,,pool,,3,,409,,475,,77,,1.0,,Cannot find cue bottom
sec6-res-util-pool-c6m2,,2603,,pool,,3,,414,,462,,63,,1.0,,Cannot find cue top
sec6-res-util-pool-c6m2,,2605,,pool,,3,,409,,458,,60,,1.0,,Cannot find cue top
sec6-res-util-pool-c6m2,,2608,,pool,,3,,407,,467,,69,,1.0,,Cannot find cue bottom
sec6-res-util-pool-c6m2,,2611,,pool,,3,,408,,464,,66,,1.0,,Cannot find cue ball
sec6-res-util-pool-c6m2,,2613,,pool,,3,,407,,504,,106,,0.68207245493,,Cannot find cue top
sec6-res-util-pool-c6m2,,2617,,pool,,3,,408,,469,,70,,1.0,,Cannot find cue bottom
sec6-res-util-pool-c6m2,,2620,,pool,,3,,406,,476,,78,,1.0,,Cannot find cue bottom
sec6-res-util-pool-c6m2,,2624,,pool,,3,,408,,468,,69,,1.0,,Cannot find cue bottom
sec6-res-util-pool-c6m2,,2626,,pool,,3,,409,,510,,111,,0.170518113732,,Cannot find cue bottom
sec6-res-util-pool-c6m2,,2631,,pool,,3,,409,,492,,94,,1.0,,Cannot find cue bottom
sec6-res-util-pool-c6m2,,2634,,pool,,3,,409,,485,,86,,1.0,,Cannot find cue bottom
sec6-res-util-pool-c6m2,,2638,,pool,,3,,407,,490,,92,,1.0,,Cannot find cue bottom
sec6-res-util-pool-c6m2,,2641,,pool,,3,,409,,479,,123,,0.00612105864818,,Cannot find cue bottom
sec6-res-util-pool-c6m2,,2646,,pool,,3,,410,,502,,104,,0.93439,,Cannot find cue bottom
sec6-res-util-pool-c6m2,,2650,,pool,,3,,411,,496,,98,,0.99919,,Cannot find cue bottom
sec6-res-util-pool-c6m2,,2654,,pool,,3,,409,,500,,102,,0.97599,,Cannot find cue bottom
sec6-res-util-pool-c6m2,,2658,,pool,,3,,408,,487,,89,,1.0,,Cannot find cue bottom
sec6-res-util-pool-c6m2,,2661,,pool,,3,,409,,487,,177,,1.92565567698e-09,,Cannot find cue bottom
sec6-res-util-pool-c6m2,,2667,,pool,,3,,409,,497,,98,,0.99919,,Cannot find cue bottom
sec6-res-util-pool-c6m2,,2671,,pool,,3,,410,,464,,66,,1.0,,Cannot find cue top
sec6-res-util-pool-c6m2,,2674,,pool,,3,,406,,532,,134,,0.000289930937426,,Cannot find cue top
sec6-res-util-pool-c6m2,,2690,,pool,,3,,414,,464,,66,,1.0,,Cannot find cue top
sec6-res-util-pool-c6m2,,2692,,pool,,3,,409,,463,,65,,1.0,,Cannot find cue top
sec6-res-util-pool-c6m2,,2695,,pool,,3,,408,,459,,60,,1.0,,Cannot find cue top
sec6-res-util-pool-c6m2,,2698,,pool,,3,,409,,460,,61,,1.0,,Cannot find cue top
sec6-res-util-pool-c6m2,,2700,,pool,,3,,412,,488,,90,,1.0,,Cannot find cue top
sec6-res-util-pool-c6m2,,2704,,pool,,3,,409,,483,,84,,1.0,,Cannot find cue top
sec6-res-util-pool-c6m2,,2707,,pool,,3,,406,,497,,99,,0.99744,,Cannot find cue bottom
sec6-res-util-pool-c6m2,,2728,,pool,,3,,414,,485,,86,,1.0,,Cannot find cue bottom
sec6-res-util-pool-c6m2,,2731,,pool,,3,,409,,478,,80,,1.0,,Cannot find cue ball
sec6-res-util-pool-c6m2,,2734,,pool,,3,,410,,462,,63,,1.0,,Cannot find cue top
sec6-res-util-pool-c6m2,,2737,,pool,,3,,409,,467,,69,,1.0,,Cannot find cue top
sec6-res-util-pool-c6m2,,2740,,pool,,3,,409,,472,,73,,1.0,,Cannot find cue top
sec6-res-util-pool-c6m2,,2743,,pool,,3,,410,,493,,94,,1.0,,Cannot find cue top
sec6-res-util-pool-c6m2,,2747,,pool,,3,,412,,475,,79,,1.0,,Cannot find cue top
sec6-res-util-pool-c6m2,,2750,,pool,,3,,409,,482,,84,,1.0,,Cannot find cue top
sec6-res-util-pool-c6m2,,2753,,pool,,3,,407,,470,,73,,1.0,,Cannot find cue bottom
sec6-res-util-pool-c6m2,,2770,,pool,,3,,419,,519,,132,,0.000504799081786,,Cannot find cue bottom
sec6-res-util-pool-c6m2,,2775,,pool,,3,,410,,517,,119,,0.0185555799952,,Cannot find cue ball
sec6-res-util-pool-c6m2,,2779,,pool,,3,,411,,498,,100,,0.99375,,Cannot find cue ball
sec6-res-util-pool-c6m2,,2783,,pool,,3,,408,,473,,74,,1.0,,Cannot find cue ball
sec6-res-util-pool-c6m2,,2786,,pool,,3,,408,,486,,103,,0.95904,,Cannot find cue ball
sec6-res-util-pool-c6m2,,2790,,pool,,3,,410,,474,,76,,1.0,,Cannot find cue ball
sec6-res-util-pool-c6m2,,2793,,pool,,3,,410,,485,,87,,1.0,,Cannot find cue ball
sec6-res-util-pool-c6m2,,2797,,pool,,3,,410,,495,,97,,0.99984,,speech: right
sec6-res-util-pool-c6m2,,2801,,pool,,3,,408,,481,,92,,1.0,,speech: right
sec6-res-util-pool-c6m2,,2805,,pool,,3,,408,,466,,105,,0.9,,Cannot find cue bottom
sec6-res-util-pool-c6m2,,2809,,pool,,3,,409,,560,,161,,1.62618745549e-07,,speech: right
sec6-res-util-pool-c6m2,,2814,,pool,,3,,411,,537,,139,,7.24827343564e-05,,speech: left
sec6-res-util-pool-c6m2,,2819,,pool,,3,,408,,507,,108,,0.391747753483,,speech: left
sec6-res-util-pool-c6m2,,2824,,pool,,3,,409,,471,,73,,1.0,,Cannot find cue ball
sec6-res-util-pool-c6m2,,2827,,pool,,3,,410,,468,,70,,1.0,,Cannot find cue ball
sec6-res-util-pool-c6m2,,2830,,pool,,3,,409,,469,,72,,1.0,,Cannot find cue ball
sec6-res-util-pool-c6m2,,2833,,pool,,3,,409,,472,,73,,1.0,,Cannot find cue ball
sec6-res-util-pool-c6m2,,2836,,pool,,3,,409,,498,,99,,0.99744,,Cannot find cue ball
sec6-res-util-pool-c6m2,,2840,,pool,,3,,409,,519,,120,,0.0140625,,speech: left
sec6-res-util-pool-c6m2,,2844,,pool,,3,,410,,487,,89,,1.0,,speech: left
sec6-res-util-pool-c6m2,,2848,,pool,,3,,409,,477,,78,,1.0,,Cannot find cue ball
sec6-res-util-pool-c6m2,,2851,,pool,,3,,409,,469,,94,,1.0,,Cannot find cue ball
sec6-res-util-pool-c6m2,,2855,,pool,,3,,407,,523,,124,,0.00463889499881,,Cannot find cue ball
sec6-res-util-pool-c6m2,,2859,,pool,,3,,409,,515,,117,,0.0323071412343,,speech: left
sec6-res-util-pool-c6m2,,2864,,pool,,3,,410,,488,,89,,1.0,,Cannot find cue ball
sec6-res-util-pool-c6m2,,2868,,pool,,3,,410,,484,,85,,1.0,,Cannot find cue ball
sec6-res-util-pool-c6m2,,2871,,pool,,3,,410,,488,,90,,1.0,,Cannot find cue ball
sec6-res-util-pool-c6m2,,2875,,pool,,3,,410,,491,,93,,1.0,,Cannot find cue ball
sec6-res-util-pool-c6m2,,2878,,pool,,3,,411,,499,,101,,0.98704,,Cannot find cue ball
sec6-res-util-pool-c6m2,,2882,,pool,,3,,410,,490,,92,,1.0,,Cannot find cue ball
sec6-res-util-pool-c6m2,,2886,,pool,,3,,411,,476,,78,,1.0,,Cannot find cue ball
sec6-res-util-pool-c6m2,,2889,,pool,,3,,410,,494,,95,,1.0,,Cannot find cue ball
sec6-res-util-pool-c6m2,,2893,,pool,,3,,410,,491,,93,,1.0,,Cannot find cue ball
sec6-res-util-pool-c6m2,,2897,,pool,,3,,410,,510,,112,,0.129228564937,,Cannot find cue ball
sec6-res-util-pool-c6m2,,2901,,pool,,3,,411,,500,,101,,0.98704,,Cannot find cue ball
sec6-res-util-pool-c6m2,,2905,,pool,,3,,408,,480,,82,,1.0,,Cannot find cue ball
sec6-res-util-pool-c6m2,,2908,,pool,,3,,409,,478,,80,,1.0,,speech: left
sec6-res-util-pool-c6m2,,2911,,pool,,3,,410,,506,,136,,0.000166521595442,,speech: left
sec6-res-util-pool-c6m2,,2916,,pool,,3,,410,,508,,110,,0.225,,speech: right
sec6-res-util-pool-c6m2,,2921,,pool,,3,,411,,482,,83,,1.0,,Cannot find cue ball
sec6-res-util-pool-c6m2,,2924,,pool,,3,,410,,481,,82,,1.0,,Cannot find cue ball
sec6-res-util-pool-c6m2,,2927,,pool,,3,,410,,482,,84,,1.0,,Cannot find cue ball
sec6-res-util-pool-c6m2,,2931,,pool,,3,,413,,500,,101,,0.98704,,speech: left
sec6-res-util-pool-c6m2,,2935,,pool,,3,,410,,506,,108,,0.391747753483,,speech: left
sec6-res-util-pool-c6m2,,2939,,pool,,3,,410,,497,,137,,0.000126199770446,,speech: right
sec6-res-util-pool-c6m2,,2944,,pool,,3,,410,,488,,89,,1.0,,Cannot find cue ball
sec6-res-util-pool-c6m2,,2947,,pool,,3,,412,,478,,79,,1.0,,speech: left
sec6-res-util-pool-c6m2,,2951,,pool,,3,,410,,489,,91,,1.0,,Cannot find object ball
sec6-res-util-pool-c6m2,,2954,,pool,,3,,410,,508,,110,,0.225,,Cannot find cue ball
sec6-res-util-pool-c6m2,,2958,,pool,,3,,412,,518,,119,,0.0185555799952,,Cannot find object ball
sec6-res-util-pool-c6m2,,2963,,pool,,3,,409,,504,,106,,0.68207245493,,Cannot find object ball
sec6-res-util-pool-c6m2,,2967,,pool,,3,,409,,500,,117,,0.0323071412343,,Cannot find cue ball
sec6-res-util-pool-c6m2,,2971,,pool,,3,,410,,481,,83,,1.0,,Cannot find object ball
sec6-res-util-pool-c6m2,,2975,,pool,,3,,415,,482,,84,,1.0,,Cannot find cue ball
sec6-res-util-pool-c6m2,,2978,,pool,,3,,409,,467,,68,,1.0,,Cannot find cue ball
sec6-res-util-pool-c6m2,,2981,,pool,,3,,410,,495,,97,,0.99984,,Cannot find cue bottom
sec6-res-util-pool-c6m2,,2985,,pool,,3,,409,,461,,62,,1.0,,Cannot find cue top
sec6-res-util-pool-c6m2,,2988,,pool,,3,,409,,479,,81,,1.0,,Cannot find cue bottom
sec6-res-util-pool-c6m2,,2991,,pool,,3,,410,,469,,70,,1.0,,Cannot find cue top
sec6-res-util-pool-c6m2,,2994,,pool,,3,,410,,451,,54,,1.0,,Cannot find cue top
sec6-res-util-pool-c6m2,,2996,,pool,,3,,410,,466,,68,,1.0,,Cannot find cue top
sec6-res-util-pool-c6m2,,2999,,pool,,3,,410,,478,,165,,5.36441802979e-08,,Cannot find cue bottom
sec6-res-util-pool-c6m2,,3005,,pool,,3,,413,,507,,112,,0.129228564937,,Cannot find cue bottom
sec6-res-util-pool-c6m2,,3009,,pool,,3,,411,,486,,87,,1.0,,Cannot find cue bottom
sec6-res-util-pool-c6m2,,3013,,pool,,3,,411,,471,,73,,1.0,,Cannot find cue bottom
sec6-res-util-pool-c6m2,,3084,,pool,,3,,416,,490,,92,,1.0,,Cannot find cue bottom
sec6-res-util-pool-c6m2,,3087,,pool,,3,,408,,492,,94,,1.0,,Cannot find cue bottom
sec6-res-util-pool-c6m2,,3093,,pool,,3,,408,,470,,71,,1.0,,Cannot find cue top
sec6-res-util-pool-c6m2,,3096,,pool,,3,,408,,481,,83,,1.0,,Cannot find cue top
sec6-res-util-pool-c6m2,,3121,,pool,,3,,418,,527,,129,,0.0011597237497,,Cannot find cue bottom
sec6-res-util-pool-c6m2,,3125,,pool,,3,,414,,467,,69,,1.0,,Cannot find cue bottom
sec6-res-util-pool-c6m2,,3128,,pool,,3,,410,,489,,91,,1.0,,Cannot find cue bottom
sec6-res-util-pool-c6m2,,3132,,pool,,3,,410,,479,,80,,1.0,,Cannot find cue bottom
sec6-res-util-pool-c6m2,,3135,,pool,,3,,409,,478,,79,,1.0,,Cannot find cue top
sec6-res-util-pool-c6m2,,3138,,pool,,3,,409,,496,,98,,0.99919,,Cannot find cue top
sec6-res-util-pool-c6m2,,3159,,pool,,3,,414,,452,,52,,1.0,,Cannot find cue top
sec6-res-util-pool-c6m2,,3160,,pool,,3,,406,,469,,70,,1.0,,Cannot find cue top
sec6-res-util-pool-c6m2,,3163,,pool,,3,,410,,500,,102,,0.97599,,Cannot find cue top
sec6-res-util-pool-c6m2,,3167,,pool,,3,,410,,473,,75,,1.0,,Cannot find cue top
sec6-res-util-pool-c6m2,,3170,,pool,,3,,410,,488,,89,,1.0,,Cannot find cue bottom
sec6-res-util-pool-c6m2,,3173,,pool,,3,,406,,487,,89,,1.0,,Cannot find cue bottom
sec6-res-util-pool-c6m2,,3177,,pool,,3,,408,,499,,101,,0.98704,,Cannot find cue bottom
sec6-res-util-pool-c6m2,,3181,,pool,,3,,409,,480,,82,,1.0,,Cannot find cue bottom
sec6-res-util-pool-c6m2,,3195,,pool,,3,,417,,489,,91,,1.0,,Cannot find cue bottom
sec6-res-util-pool-c6m2,,3198,,pool,,3,,409,,487,,89,,1.0,,Cannot find cue bottom
sec6-res-util-pool-c6m2,,3201,,pool,,3,,410,,466,,67,,1.0,,Cannot find cue bottom
sec6-res-util-pool-c6m2,,3204,,pool,,3,,410,,485,,87,,1.0,,Cannot find cue top
sec6-res-util-pool-c6m2,,3208,,pool,,3,,411,,465,,67,,1.0,,Cannot find cue top
sec6-res-util-pool-c6m2,,3211,,pool,,3,,409,,467,,71,,1.0,,Cannot find cue top
sec6-res-util-pool-c6m2,,3214,,pool,,3,,409,,455,,56,,1.0,,Cannot find cue top
sec6-res-util-pool-c6m2,,3227,,pool,,3,,415,,556,,157,,4.92967853306e-07,,Cannot find cue ball
sec6-res-util-pool-c6m2,,3232,,pool,,3,,410,,492,,94,,1.0,,Cannot find cue bottom
sec6-res-util-pool-c6m2,,3235,,pool,,3,,409,,515,,117,,0.0323071412343,,Cannot find cue ball
sec6-res-util-pool-c6m2,,3240,,pool,,3,,409,,503,,106,,0.68207245493,,Cannot find cue ball
sec6-res-util-pool-c6m2,,3244,,pool,,3,,408,,482,,84,,1.0,,Cannot find cue ball
sec6-res-util-pool-c6m2,,3247,,pool,,3,,409,,478,,80,,1.0,,Cannot find cue ball
sec6-res-util-pool-c6m2,,3251,,pool,,3,,410,,515,,117,,0.0323071412343,,speech: right
sec6-res-util-pool-c6m2,,3255,,pool,,3,,409,,510,,111,,0.170518113732,,speech: right
sec6-res-util-pool-c6m2,,3260,,pool,,3,,412,,541,,197,,7.5220924882e-12,,speech: left
sec6-res-util-pool-c6m2,,3266,,pool,,3,,409,,485,,87,,1.0,,Cannot find cue ball
sec6-res-util-pool-c6m2,,3270,,pool,,3,,410,,484,,86,,1.0,,Cannot find cue ball
sec6-res-util-pool-c6m2,,3273,,pool,,3,,409,,473,,74,,1.0,,Cannot find cue ball
sec6-res-util-pool-c6m2,,3276,,pool,,3,,409,,491,,93,,1.0,,Cannot find cue ball
sec6-res-util-pool-c6m2,,3280,,pool,,3,,409,,527,,128,,0.00153026466204,,Cannot find cue ball
sec6-res-util-pool-c6m2,,3285,,pool,,3,,409,,469,,70,,1.0,,Cannot find object ball
sec6-res-util-pool-c6m2,,3288,,pool,,3,,410,,503,,105,,0.9,,Cannot find object ball
sec6-res-util-pool-c6m2,,3292,,pool,,3,,408,,485,,142,,3.15499426116e-05,,Cannot find object ball
sec6-res-util-pool-c6m2,,3297,,pool,,3,,409,,506,,107,,0.516914259749,,Cannot find object ball
sec6-res-util-pool-c6m2,,3301,,pool,,3,,409,,501,,102,,0.97599,,Cannot find object ball
sec6-res-util-pool-c6m2,,3305,,pool,,3,,409,,502,,102,,0.97599,,Cannot find object ball
sec6-res-util-pool-c6m2,,3309,,pool,,3,,406,,494,,94,,1.0,,Cannot find object ball
sec6-res-util-pool-c6m2,,3312,,pool,,3,,406,,480,,80,,1.0,,Cannot find object ball
sec6-res-util-pool-c6m2,,3315,,pool,,3,,405,,467,,66,,1.0,,Cannot find object ball
sec6-res-util-pool-c6m2,,3317,,pool,,3,,406,,467,,66,,1.0,,Cannot find object ball
sec6-res-util-pool-c6m2,,3320,,pool,,3,,410,,477,,77,,1.0,,Cannot find object ball
sec6-res-util-pool-c6m2,,3323,,pool,,3,,407,,469,,69,,1.0,,Cannot find object ball
sec6-res-util-pool-c6m2,,3326,,pool,,3,,406,,480,,80,,1.0,,Cannot find object ball
sec6-res-util-pool-c6m2,,3328,,pool,,3,,407,,492,,92,,1.0,,Cannot find object ball
sec6-res-util-pool-c6m2,,3332,,pool,,3,,407,,473,,73,,1.0,,Cannot find object ball
sec6-res-util-pool-c6m2,,3334,,pool,,3,,406,,467,,67,,1.0,,Cannot find object ball
sec6-res-util-pool-c6m2,,3337,,pool,,3,,406,,498,,98,,0.99919,,Cannot find object ball
sec6-res-util-pool-c6m2,,3340,,pool,,3,,406,,500,,101,,0.98704,,Cannot find object ball
sec6-res-util-pool-c6m2,,3343,,pool,,3,,408,,503,,104,,0.93439,,Cannot find object ball
sec6-res-util-pool-c6m2,,3347,,pool,,3,,408,,520,,134,,0.000289930937426,,Cannot find object ball
sec6-res-util-pool-c6m2,,3352,,pool,,3,,407,,529,,131,,0.000666086381767,,Cannot find object ball
sec6-res-util-pool-c6m2,,3357,,pool,,3,,407,,534,,135,,0.0002197265625,,Cannot find object ball
sec6-res-util-pool-c6m2,,3362,,pool,,3,,407,,468,,70,,1.0,,Cannot find object ball
sec6-res-util-pool-c6m2,,3365,,pool,,3,,408,,490,,91,,1.0,,Cannot find object ball
sec6-res-util-pool-c6m2,,3369,,pool,,3,,407,,477,,78,,1.0,,Cannot find cue ball
sec6-res-util-pool-c6m2,,3372,,pool,,3,,409,,499,,100,,0.99375,,Cannot find cue ball
sec6-res-util-pool-c6m2,,3376,,pool,,3,,407,,496,,98,,0.99919,,Cannot find object ball
sec6-res-util-pool-c6m2,,3380,,pool,,3,,407,,520,,178,,1.4593741055e-09,,speech: left
sec6-res-util-pool-c6m2,,3386,,pool,,3,,407,,487,,88,,1.0,,speech: left
sec6-res-util-pool-c6m2,,3390,,pool,,3,,407,,520,,121,,0.0106573821083,,speech: left
sec6-res-util-pool-c6m2,,3394,,pool,,3,,407,,500,,103,,0.95904,,speech: left
sec6-res-util-pool-c6m2,,3398,,pool,,3,,406,,499,,100,,0.99375,,speech: left
sec6-res-util-pool-c6m2,,3402,,pool,,3,,408,,485,,86,,1.0,,speech: left
sec6-res-util-pool-c6m2,,3405,,pool,,3,,407,,520,,155,,8.58306884766e-07,,speech: left
sec6-res-util-pool-c6m2,,3411,,pool,,3,,406,,509,,110,,0.225,,speech: left
sec6-res-util-pool-c6m2,,3415,,pool,,3,,408,,516,,126,,0.00266434552707,,speech: left
sec6-res-util-pool-c6m2,,3420,,pool,,3,,407,,525,,126,,0.00266434552707,,speech: left
sec6-res-util-pool-c6m2,,3425,,pool,,3,,408,,529,,130,,0.00087890625,,speech: left
sec6-res-util-pool-c6m2,,3429,,pool,,3,,406,,512,,113,,0.0979369383708,,speech: left
sec6-res-util-pool-c6m2,,3434,,pool,,3,,408,,506,,106,,0.68207245493,,speech: left
sec6-res-util-pool-c6m2,,3438,,pool,,3,,406,,540,,211,,1.55085320996e-13,,speech: left
sec6-res-util-pool-c6m2,,3445,,pool,,3,,409,,512,,113,,0.0979369383708,,speech: left
sec6-res-util-pool-c6m2,,3449,,pool,,3,,407,,477,,83,,1.0,,Cannot find object ball
sec6-res-util-pool-c6m2,,3452,,pool,,3,,409,,486,,89,,1.0,,speech: left
sec6-res-util-pool-c6m2,,3456,,pool,,3,,408,,500,,101,,0.98704,,speech: good
sec6-res-util-pool-c6m2,,3460,,pool,,3,,407,,504,,105,,0.9,,speech: left
sec6-res-util-pool-c6m2,,3464,,pool,,3,,408,,521,,125,,0.003515625,,speech: left
sec6-res-util-pool-c6m2,,3469,,pool,,3,,407,,470,,72,,1.0,,speech: left
sec6-res-util-pool-c6m2,,3472,,pool,,3,,408,,505,,194,,1.72812305347e-11,,speech: left
sec6-res-util-pool-c6m2,,3478,,pool,,3,,408,,495,,96,,0.99999,,Cannot find cue ball
sec6-res-util-pool-c6m2,,3482,,pool,,3,,405,,472,,73,,1.0,,speech: left
sec6-res-util-pool-c6m2,,3485,,pool,,3,,408,,488,,90,,1.0,,Cannot find cue ball
sec6-res-util-pool-c6m2,,3489,,pool,,3,,406,,490,,91,,1.0,,Cannot find object ball
sec6-res-util-pool-c6m2,,3492,,pool,,3,,407,,463,,64,,1.0,,Cannot find cue ball
sec6-res-util-pool-c6m2,,3495,,pool,,3,,406,,484,,85,,1.0,,Cannot find cue bottom
sec6-res-util-pool-c6m2,,3498,,pool,,3,,407,,463,,64,,1.0,,Cannot find cue bottom
sec6-res-util-pool-c6m2,,3501,,pool,,3,,407,,480,,82,,1.0,,Cannot find cue bottom
sec6-res-util-pool-c6m2,,3504,,pool,,3,,410,,469,,70,,1.0,,Cannot find cue bottom
sec6-res-util-pool-c6m2,,3507,,pool,,3,,412,,476,,128,,0.00153026466204,,Cannot find cue top
sec6-res-util-pool-c6m2,,3512,,pool,,3,,406,,479,,80,,1.0,,Cannot find cue bottom
sec6-res-util-pool-c6m2,,3515,,pool,,3,,407,,484,,86,,1.0,,Cannot find cue bottom
sec6-res-util-pool-c6m2,,3519,,pool,,3,,408,,498,,99,,0.99744,,Cannot find cue bottom
sec6-res-util-pool-c6m2,,3522,,pool,,3,,408,,508,,137,,0.000126199770446,,Cannot find cue bottom
sec6-res-util-pool-c6m2,,3549,,pool,,3,,416,,485,,87,,1.0,,Cannot find cue bottom
sec6-res-util-pool-c6m2,,3552,,pool,,3,,408,,472,,74,,1.0,,Cannot find cue bottom
sec6-res-util-pool-c6m2,,3555,,pool,,3,,408,,468,,69,,1.0,,Cannot find cue bottom
sec6-res-util-pool-c6m2,,3558,,pool,,3,,417,,496,,97,,0.99984,,Cannot find cue bottom
sec6-res-util-pool-c6m2,,3592,,pool,,3,,414,,484,,86,,1.0,,Cannot find cue bottom
sec6-res-util-pool-c6m2,,3594,,pool,,3,,409,,485,,86,,1.0,,Cannot find cue top
sec6-res-util-pool-c6m2,,3597,,pool,,3,,412,,482,,84,,1.0,,Cannot find cue top
sec6-res-util-pool-c6m2,,3601,,pool,,3,,410,,471,,76,,1.0,,Cannot find cue top
sec6-res-util-pool-c6m2,,3604,,pool,,3,,410,,458,,59,,1.0,,Cannot find cue top
sec6-res-util-pool-c6m2,,3607,,pool,,3,,411,,457,,61,,1.0,,Cannot find cue top
sec6-res-util-pool-c6m2,,3610,,pool,,3,,410,,457,,58,,1.0,,Cannot find cue top
sec6-res-util-pool-c6m2,,3612,,pool,,3,,410,,490,,92,,1.0,,Cannot find cue bottom
sec6-res-util-pool-c6m2,,3620,,pool,,3,,410,,491,,92,,1.0,,Cannot find cue top
sec6-res-util-pool-c6m2,,3623,,pool,,3,,410,,463,,64,,1.0,,Cannot find cue top
sec6-res-util-pool-c6m2,,3625,,pool,,3,,408,,517,,186,,1.588073687e-10,,Cannot find cue bottom
sec6-res-util-pool-c6m2,,3632,,pool,,3,,411,,521,,122,,0.00807678530857,,Cannot find cue bottom
sec6-res-util-pool-c6m2,,3636,,pool,,3,,413,,485,,87,,1.0,,Cannot find cue top
sec6-res-util-pool-c6m2,,3640,,pool,,3,,408,,475,,76,,1.0,,Cannot find cue bottom
sec6-res-util-pool-c6m2,,3643,,pool,,3,,409,,479,,80,,1.0,,Cannot find cue bottom
sec6-res-util-pool-c6m2,,3646,,pool,,3,,410,,479,,80,,1.0,,Cannot find cue bottom
sec6-res-util-pool-c6m2,,3650,,pool,,3,,408,,466,,67,,1.0,,Cannot find cue bottom
sec6-res-util-pool-c6m2,,3653,,pool,,3,,409,,464,,65,,1.0,,Cannot find cue top
sec6-res-util-pool-c6m2,,3655,,pool,,3,,409,,522,,210,,2.04636307899e-13,,Cannot find cue bottom
sec6-res-util-pool-c6m2,,3663,,pool,,3,,408,,468,,69,,1.0,,Cannot find cue top
sec6-res-util-pool-c6m2,,3666,,pool,,3,,408,,476,,77,,1.0,,Cannot find cue bottom
sec6-res-util-pool-c6m2,,3669,,pool,,3,,409,,463,,64,,1.0,,Cannot find cue bottom
sec6-res-util-pool-c6m2,,3672,,pool,,3,,409,,528,,130,,0.00087890625,,Cannot find cue bottom
sec6-res-util-pool-c6m2,,3676,,pool,,3,,412,,497,,98,,0.99919,,Cannot find cue bottom
sec6-res-util-pool-c6m2,,3680,,pool,,3,,413,,477,,78,,1.0,,Cannot find cue top
sec6-res-util-pool-c6m2,,3683,,pool,,3,,410,,489,,109,,0.296889279924,,Cannot find cue bottom
sec6-res-util-pool-c6m2,,3687,,pool,,3,,409,,516,,118,,0.0244842345927,,Cannot find cue top
sec6-res-util-pool-c6m2,,3692,,pool,,3,,407,,459,,60,,1.0,,Cannot find cue top
sec6-res-util-pool-c6m2,,3694,,pool,,3,,409,,491,,92,,1.0,,Cannot find cue top
sec6-res-util-pool-c6m2,,3698,,pool,,3,,408,,487,,89,,1.0,,Cannot find cue top
sec6-res-util-pool-c6m2,,3701,,pool,,3,,410,,495,,98,,0.99919,,Cannot find cue top
sec6-res-util-pool-c6m2,,3705,,pool,,3,,410,,516,,117,,0.0323071412343,,Cannot find cue bottom
sec6-res-util-pool-c6m2,,3710,,pool,,3,,409,,474,,75,,1.0,,Cannot find cue ball
sec6-res-util-pool-c6m2,,3713,,pool,,3,,409,,477,,144,,1.81206835891e-05,,Cannot find cue top
sec6-res-util-pool-c6m2,,3718,,pool,,3,,409,,470,,72,,1.0,,Cannot find cue bottom
sec6-res-util-pool-c6m2,,3721,,pool,,3,,413,,469,,71,,1.0,,Cannot find cue top
sec6-res-util-pool-c6m2,,3724,,pool,,3,,412,,467,,69,,1.0,,Cannot find cue bottom
sec6-res-util-pool-c6m2,,3727,,pool,,3,,407,,463,,65,,1.0,,Cannot find cue bottom
sec6-res-util-pool-c6m2,,3730,,pool,,3,,409,,467,,68,,1.0,,Cannot find cue bottom
sec6-res-util-pool-c6m2,,3733,,pool,,3,,410,,499,,100,,0.99375,,Cannot find cue ball
sec6-res-util-pool-c6m2,,3739,,pool,,3,,406,,493,,95,,1.0,,Cannot find cue ball
sec6-res-util-pool-c6m2,,3742,,pool,,3,,406,,494,,97,,0.99984,,Cannot find cue ball
sec6-res-util-pool-c6m2,,3746,,pool,,3,,410,,505,,176,,2.5409178992e-09,,Cannot find cue bottom
sec6-res-util-pool-c6m2,,3752,,pool,,3,,409,,543,,145,,1.37329101563e-05,,Cannot find cue ball
sec6-res-util-pool-c6m2,,3757,,pool,,3,,407,,490,,92,,1.0,,Cannot find cue bottom
sec6-res-util-pool-c6m2,,3761,,pool,,3,,409,,512,,114,,0.074222319981,,Cannot find cue ball
sec6-res-util-pool-c6m2,,3765,,pool,,3,,410,,479,,81,,1.0,,Cannot find cue ball
sec6-res-util-pool-c6m2,,3768,,pool,,3,,409,,484,,85,,1.0,,Cannot find cue ball
sec6-res-util-pool-c6m2,,3772,,pool,,3,,410,,480,,124,,0.00463889499881,,Cannot find object ball
sec6-res-util-pool-c6m2,,3776,,pool,,3,,410,,476,,78,,1.0,,Cannot find object ball
sec6-res-util-pool-c6m2,,3780,,pool,,3,,410,,477,,78,,1.0,,Cannot find cue ball
sec6-res-util-pool-c6m2,,3783,,pool,,3,,409,,498,,99,,0.99744,,Cannot find object ball
sec6-res-util-pool-c6m2,,3787,,pool,,3,,410,,506,,107,,0.516914259749,,Cannot find cue ball
sec6-res-util-pool-c6m2,,3791,,pool,,3,,409,,478,,79,,1.0,,Cannot find object ball
sec6-res-util-pool-c6m2,,3794,,pool,,3,,409,,479,,83,,1.0,,Cannot find object ball
sec6-res-util-pool-c6m2,,3797,,pool,,3,,409,,515,,116,,0.0426295284331,,Cannot find cue ball
sec6-res-util-pool-c6m2,,3802,,pool,,3,,410,,476,,77,,1.0,,Cannot find cue ball
sec6-res-util-pool-c6m2,,3805,,pool,,3,,409,,484,,85,,1.0,,Cannot find object ball
sec6-res-util-pool-c6m2,,3808,,pool,,3,,410,,496,,98,,0.99919,,Cannot find cue ball
sec6-res-util-pool-c6m2,,3812,,pool,,3,,409,,508,,109,,0.296889279924,,Cannot find cue ball
sec6-res-util-pool-c6m2,,3816,,pool,,3,,409,,493,,94,,1.0,,Cannot find object ball
sec6-res-util-pool-c6m2,,3820,,pool,,3,,408,,537,,139,,7.24827343564e-05,,Cannot find cue bottom
sec6-res-util-pool-c6m2,,3825,,pool,,3,,410,,561,,187,,1.20353479811e-10,,Cannot find cue bottom
sec6-res-util-pool-c6m2,,3832,,pool,,3,,411,,481,,82,,1.0,,Cannot find cue top
sec6-res-util-pool-c6m2,,3835,,pool,,3,,419,,552,,153,,1.49439908403e-06,,Cannot find cue ball
sec6-res-util-pool-c6m2,,3840,,pool,,3,,411,,550,,152,,1.97187141323e-06,,Cannot find cue top
sec6-res-util-pool-c6m2,,3846,,pool,,3,,410,,520,,121,,0.0106573821083,,Cannot find cue top
sec6-res-util-pool-c6m2,,3850,,pool,,3,,414,,475,,77,,1.0,,Cannot find cue top
sec6-res-util-pool-c6m2,,3854,,pool,,3,,411,,464,,65,,1.0,,Cannot find cue bottom
sec6-res-util-pool-c6m2,,3856,,pool,,3,,411,,493,,94,,1.0,,Cannot find cue bottom
sec6-res-util-pool-c6m2,,3860,,pool,,3,,411,,506,,107,,0.516914259749,,Cannot find cue top
sec6-res-util-pool-c6m2,,3864,,pool,,3,,412,,505,,106,,0.68207245493,,Cannot find cue top
sec6-res-util-pool-c6m2,,3868,,pool,,3,,412,,477,,175,,3.35276126862e-09,,Cannot find cue top
sec6-res-util-pool-c6m2,,3875,,pool,,3,,408,,491,,93,,1.0,,Cannot find cue bottom
sec6-res-util-pool-c6m2,,3878,,pool,,3,,411,,479,,81,,1.0,,Cannot find cue bottom
sec6-res-util-pool-c6m2,,3881,,pool,,3,,411,,501,,103,,0.95904,,Cannot find cue bottom
sec6-res-util-pool-c6m2,,3885,,pool,,3,,413,,502,,103,,0.95904,,Cannot find cue bottom
sec6-res-util-pool-c6m2,,3890,,pool,,3,,411,,489,,91,,1.0,,Cannot find cue bottom
sec6-res-util-pool-c6m2,,3893,,pool,,3,,411,,478,,80,,1.0,,Cannot find cue bottom
sec6-res-util-pool-c6m2,,3897,,pool,,3,,415,,501,,102,,0.97599,,Cannot find cue bottom
sec6-res-util-pool-c6m2,,3901,,pool,,3,,415,,466,,67,,1.0,,Cannot find cue bottom
sec6-res-util-pool-c6m2,,3903,,pool,,3,,413,,485,,87,,1.0,,Cannot find cue bottom
sec6-res-util-pool-c6m2,,3907,,pool,,3,,413,,490,,102,,0.97599,,Cannot find cue bottom
sec6-res-util-pool-c6m2,,3911,,pool,,3,,407,,515,,117,,0.0323071412343,,Cannot find cue bottom
sec6-res-util-pool-c6m2,,3915,,pool,,3,,409,,493,,94,,1.0,,Cannot find cue bottom
sec6-res-util-pool-c6m2,,3919,,pool,,3,,409,,487,,88,,1.0,,Cannot find cue bottom
sec6-res-util-pool-c6m2,,3922,,pool,,3,,408,,462,,63,,1.0,,Cannot find cue ball
sec6-res-util-pool-c6m2,,3925,,pool,,3,,411,,472,,141,,4.16303988605e-05,,Cannot find cue bottom
sec6-res-util-pool-c6m2,,3930,,pool,,3,,411,,465,,67,,1.0,,Cannot find cue bottom
sec6-res-util-pool-c6m2,,3933,,pool,,3,,412,,491,,92,,1.0,,Cannot find cue bottom
sec6-res-util-pool-c6m2,,3937,,pool,,3,,411,,477,,78,,1.0,,Cannot find cue bottom
sec6-res-util-pool-c6m2,,3940,,pool,,3,,412,,489,,90,,1.0,,Cannot find cue bottom
sec6-res-util-pool-c6m2,,3943,,pool,,3,,413,,478,,80,,1.0,,Cannot find cue bottom
sec6-res-util-pool-c6m2,,3947,,pool,,3,,412,,490,,98,,0.99919,,Cannot find cue bottom
sec6-res-util-pool-c6m2,,3951,,pool,,3,,412,,483,,100,,0.99375,,Cannot find cue bottom
sec6-res-util-pool-c6m2,,3954,,pool,,3,,412,,499,,100,,0.99375,,Cannot find cue ball
sec6-res-util-pool-c6m2,,3958,,pool,,3,,412,,507,,108,,0.391747753483,,Cannot find cue bottom
sec6-res-util-pool-c6m2,,3963,,pool,,3,,412,,515,,116,,0.0426295284331,,Cannot find cue ball
sec6-res-util-pool-c6m2,,3967,,pool,,3,,412,,542,,143,,2.39103853444e-05,,Cannot find cue bottom
sec6-res-util-pool-c6m2,,3972,,pool,,3,,413,,509,,111,,0.170518113732,,Cannot find cue bottom
sec6-res-util-pool-c6m2,,3976,,pool,,3,,414,,525,,126,,0.00266434552707,,Cannot find cue bottom
sec6-res-util-pool-c6m2,,3981,,pool,,3,,411,,486,,87,,1.0,,Cannot find cue bottom
sec6-res-util-pool-c6m2,,3985,,pool,,3,,412,,524,,197,,7.5220924882e-12,,Cannot find cue bottom
sec6-res-util-pool-c6m2,,3991,,pool,,3,,411,,496,,97,,0.99984,,Cannot find cue bottom
sec6-res-util-pool-c6m2,,3995,,pool,,3,,412,,475,,76,,1.0,,Cannot find cue bottom
sec6-res-util-pool-c6m2,,3998,,pool,,3,,411,,480,,82,,1.0,,Cannot find cue bottom
sec6-res-util-pool-c6m2,,4002,,pool,,3,,411,,472,,73,,1.0,,Cannot find cue bottom
sec6-res-util-pool-c6m2,,4005,,pool,,3,,411,,469,,71,,1.0,,Cannot find cue bottom
sec6-res-util-pool-c6m2,,1,,pool,,3,,407,,467,,69,,1.0,,Cannot find cue bottom
sec6-res-util-pool-c6m2,,5,,pool,,3,,410,,464,,66,,1.0,,Cannot find cue bottom
sec6-res-util-pool-c6m2,,8,,pool,,3,,410,,491,,92,,1.0,,Cannot find cue bottom
sec6-res-util-pool-c6m2,,11,,pool,,3,,409,,481,,130,,0.00087890625,,Cannot find cue bottom
sec6-res-util-pool-c6m2,,16,,pool,,3,,410,,486,,88,,1.0,,Cannot find cue bottom
sec6-res-util-pool-c6m2,,20,,pool,,3,,410,,506,,108,,0.391747753483,,Cannot find cue bottom
sec6-res-util-pool-c6m2,,24,,pool,,3,,410,,492,,93,,1.0,,Cannot find cue bottom
sec6-res-util-pool-c6m2,,27,,pool,,3,,410,,499,,100,,0.99375,,Cannot find cue bottom
sec6-res-util-pool-c6m2,,31,,pool,,3,,409,,488,,180,,8.38190317154e-10,,Cannot find cue top
sec6-res-util-pool-c6m2,,38,,pool,,3,,418,,498,,100,,0.99375,,Cannot find cue ball
sec6-res-util-pool-c6m2,,42,,pool,,3,,410,,469,,70,,1.0,,Cannot find cue ball
sec6-res-util-pool-c6m2,,45,,pool,,3,,409,,470,,71,,1.0,,Cannot find cue bottom
sec6-res-util-pool-c6m2,,48,,pool,,3,,410,,459,,65,,1.0,,Cannot find cue top
sec6-res-util-pool-c6m2,,51,,pool,,3,,410,,463,,64,,1.0,,Cannot find cue bottom
sec6-res-util-pool-c6m2,,53,,pool,,3,,411,,486,,87,,1.0,,Cannot find cue ball
sec6-res-util-pool-c6m2,,57,,pool,,3,,408,,502,,104,,0.93439,,Cannot find cue ball
sec6-res-util-pool-c6m2,,61,,pool,,3,,409,,493,,95,,1.0,,Cannot find cue ball
sec6-res-util-pool-c6m2,,65,,pool,,3,,409,,524,,192,,3.00883699528e-11,,Cannot find cue ball
sec6-res-util-pool-c6m2,,71,,pool,,3,,408,,479,,80,,1.0,,Cannot find cue ball
sec6-res-util-pool-c6m2,,75,,pool,,3,,409,,489,,91,,1.0,,speech: left
sec6-res-util-pool-c6m2,,78,,pool,,3,,409,,486,,87,,1.0,,speech: left
sec6-res-util-pool-c6m2,,82,,pool,,3,,407,,483,,84,,1.0,,Cannot find object ball
sec6-res-util-pool-c6m2,,85,,pool,,3,,410,,479,,80,,1.0,,Cannot find cue ball
sec6-res-util-pool-c6m2,,89,,pool,,3,,410,,518,,119,,0.0185555799952,,Cannot find cue ball
sec6-res-util-pool-c6m2,,93,,pool,,3,,408,,503,,171,,1.01636715968e-08,,speech: right
sec6-res-util-pool-c6m2,,99,,pool,,3,,409,,502,,103,,0.95904,,Cannot find cue ball
sec6-res-util-pool-c6m2,,103,,pool,,3,,409,,477,,80,,1.0,,Cannot find object ball
sec6-res-util-pool-c6m2,,106,,pool,,3,,408,,495,,97,,0.99984,,Cannot find object ball
sec6-res-util-pool-c6m2,,110,,pool,,3,,409,,499,,101,,0.98704,,Cannot find cue ball
sec6-res-util-pool-c6m2,,114,,pool,,3,,409,,484,,87,,1.0,,Cannot find cue ball
sec6-res-util-pool-c6m2,,117,,pool,,3,,409,,481,,82,,1.0,,speech: left
sec6-res-util-pool-c6m2,,121,,pool,,3,,409,,486,,88,,1.0,,Cannot find object ball
sec6-res-util-pool-c6m2,,124,,pool,,3,,409,,472,,80,,1.0,,Cannot find cue ball
sec6-res-util-pool-c6m2,,128,,pool,,3,,410,,503,,105,,0.9,,Cannot find object ball
sec6-res-util-pool-c6m2,,131,,pool,,3,,409,,500,,101,,0.98704,,Cannot find object ball
sec6-res-util-pool-c6m2,,135,,pool,,3,,409,,518,,120,,0.0140625,,Cannot find object ball
sec6-res-util-pool-c6m2,,140,,pool,,3,,409,,495,,96,,0.99999,,speech: right
sec6-res-util-pool-c6m2,,144,,pool,,3,,409,,485,,87,,1.0,,Cannot find object ball
sec6-res-util-pool-c6m2,,147,,pool,,3,,408,,493,,94,,1.0,,speech: right
sec6-res-util-pool-c6m2,,151,,pool,,3,,409,,519,,120,,0.0140625,,Cannot find object ball
sec6-res-util-pool-c6m2,,155,,pool,,3,,408,,484,,85,,1.0,,Cannot find cue ball
sec6-res-util-pool-c6m2,,159,,pool,,3,,408,,475,,77,,1.0,,Cannot find cue ball
sec6-res-util-pool-c6m2,,162,,pool,,3,,408,,481,,141,,4.16303988605e-05,,Cannot find cue ball
sec6-res-util-pool-c6m2,,167,,pool,,3,,409,,494,,96,,0.99999,,Cannot find object ball
sec6-res-util-pool-c6m2,,170,,pool,,3,,408,,478,,79,,1.0,,Cannot find cue ball
sec6-res-util-pool-c6m2,,174,,pool,,3,,409,,471,,72,,1.0,,Cannot find object ball
sec6-res-util-pool-c6m2,,177,,pool,,3,,410,,522,,123,,0.00612105864818,,Cannot find object ball
sec6-res-util-pool-c6m2,,181,,pool,,3,,409,,501,,103,,0.95904,,Cannot find cue ball
sec6-res-util-pool-c6m2,,185,,pool,,3,,408,,528,,170,,1.34110450745e-08,,Cannot find object ball
sec6-res-util-pool-c6m2,,191,,pool,,3,,413,,519,,120,,0.0140625,,Cannot find object ball
sec6-res-util-pool-c6m2,,196,,pool,,3,,409,,504,,105,,0.9,,Cannot find object ball
sec6-res-util-pool-c6m2,,200,,pool,,3,,407,,494,,95,,1.0,,Cannot find object ball
sec6-res-util-pool-c6m2,,203,,pool,,3,,410,,510,,110,,0.225,,Cannot find cue ball
sec6-res-util-pool-c6m2,,208,,pool,,3,,408,,533,,135,,0.0002197265625,,speech: right
sec6-res-util-pool-c6m2,,213,,pool,,3,,410,,469,,70,,1.0,,Cannot find cue top
sec6-res-util-pool-c6m2,,216,,pool,,3,,408,,490,,181,,6.35229474799e-10,,Cannot find cue bottom
sec6-res-util-pool-c6m2,,222,,pool,,3,,411,,498,,99,,0.99744,,Cannot find cue top
sec6-res-util-pool-c6m2,,226,,pool,,3,,411,,468,,69,,1.0,,Cannot find cue top
sec6-res-util-pool-c6m2,,229,,pool,,3,,412,,464,,65,,1.0,,Cannot find cue bottom
sec6-res-util-pool-c6m2,,232,,pool,,3,,411,,451,,54,,1.0,,Cannot find cue top
sec6-res-util-pool-c6m2,,234,,pool,,3,,410,,456,,59,,1.0,,Cannot find cue top
sec6-res-util-pool-c6m2,,237,,pool,,3,,410,,481,,84,,1.0,,Cannot find cue top
sec6-res-util-pool-c6m2,,240,,pool,,3,,408,,468,,69,,1.0,,Cannot find cue top
sec6-res-util-pool-c6m2,,243,,pool,,3,,408,,486,,87,,1.0,,Cannot find cue bottom
sec6-res-util-pool-c6m2,,247,,pool,,3,,410,,475,,77,,1.0,,Cannot find cue bottom
sec6-res-util-pool-c6m2,,250,,pool,,3,,407,,472,,73,,1.0,,Cannot find cue bottom
sec6-res-util-pool-c6m2,,253,,pool,,3,,409,,482,,84,,1.0,,Cannot find cue bottom
sec6-res-util-pool-c6m2,,256,,pool,,3,,410,,486,,157,,4.92967853306e-07,,Cannot find cue bottom
sec6-res-util-pool-c6m2,,262,,pool,,3,,409,,479,,80,,1.0,,Cannot find cue bottom
sec6-res-util-pool-c6m2,,265,,pool,,3,,408,,468,,69,,1.0,,Cannot find cue bottom
sec6-res-util-pool-c6m2,,268,,pool,,3,,410,,459,,60,,1.0,,Cannot find cue bottom
sec6-res-util-pool-c6m2,,271,,pool,,3,,410,,467,,68,,1.0,,Cannot find cue ball
sec6-res-util-pool-c6m2,,274,,pool,,3,,410,,465,,68,,1.0,,Cannot find cue ball
sec6-res-util-pool-c6m2,,297,,pool,,3,,417,,482,,83,,1.0,,Cannot find cue bottom
sec6-res-util-pool-c6m2,,300,,pool,,3,,411,,481,,82,,1.0,,Cannot find cue bottom
sec6-res-util-pool-c6m2,,303,,pool,,3,,411,,481,,82,,1.0,,Cannot find cue bottom
sec6-res-util-pool-c6m2,,307,,pool,,3,,410,,474,,75,,1.0,,Cannot find cue bottom
sec6-res-util-pool-c6m2,,310,,pool,,3,,410,,500,,102,,0.97599,,Cannot find cue bottom
sec6-res-util-pool-c6m2,,314,,pool,,3,,413,,507,,189,,6.91249221386e-11,,Cannot find cue bottom
sec6-res-util-pool-c6m2,,320,,pool,,3,,409,,489,,90,,1.0,,Cannot find cue bottom
sec6-res-util-pool-c6m2,,324,,pool,,3,,413,,469,,70,,1.0,,Cannot find cue bottom
sec6-res-util-pool-c6m2,,341,,pool,,3,,413,,502,,104,,0.93439,,Cannot find cue bottom
sec6-res-util-pool-c6m2,,344,,pool,,3,,409,,502,,104,,0.93439,,Cannot find cue bottom
sec6-res-util-pool-c6m2,,349,,pool,,3,,409,,485,,86,,1.0,,Cannot find cue bottom
sec6-res-util-pool-c6m2,,352,,pool,,3,,410,,488,,89,,1.0,,Cannot find cue bottom
sec6-res-util-pool-c6m2,,356,,pool,,3,,409,,489,,93,,1.0,,Cannot find cue bottom
sec6-res-util-pool-c6m2,,360,,pool,,3,,409,,482,,83,,1.0,,Cannot find cue bottom
sec6-res-util-pool-c6m2,,375,,pool,,3,,415,,482,,81,,1.0,,Cannot find cue bottom
sec6-res-util-pool-c6m2,,377,,pool,,3,,407,,478,,79,,1.0,,Cannot find cue bottom
sec6-res-util-pool-c6m2,,380,,pool,,3,,410,,493,,94,,1.0,,Cannot find cue bottom
sec6-res-util-pool-c6m2,,384,,pool,,3,,410,,495,,97,,0.99984,,Cannot find cue bottom
sec6-res-util-pool-c6m2,,388,,pool,,3,,409,,493,,94,,1.0,,Cannot find cue bottom
sec6-res-util-pool-c6m2,,391,,pool,,3,,409,,473,,163,,9.33999427517e-08,,Cannot find cue bottom
sec6-res-util-pool-c6m2,,397,,pool,,3,,409,,495,,97,,0.99984,,Cannot find cue bottom
sec6-res-util-pool-c6m2,,401,,pool,,3,,408,,501,,102,,0.97599,,Cannot find cue bottom
sec6-res-util-pool-c6m2,,405,,pool,,3,,408,,497,,98,,0.99919,,Cannot find object ball
sec6-res-util-pool-c6m2,,409,,pool,,3,,411,,496,,98,,0.99919,,Cannot find cue ball
sec6-res-util-pool-c6m2,,412,,pool,,3,,410,,514,,115,,0.05625,,Cannot find object ball
sec6-res-util-pool-c6m2,,417,,pool,,3,,408,,511,,112,,0.129228564937,,Cannot find object ball
sec6-res-util-pool-c6m2,,421,,pool,,3,,409,,497,,98,,0.99919,,Cannot find object ball
sec6-res-util-pool-c6m2,,425,,pool,,3,,408,,472,,74,,1.0,,Cannot find object ball
sec6-res-util-pool-c6m2,,428,,pool,,3,,409,,484,,85,,1.0,,Cannot find cue ball
sec6-res-util-pool-c6m2,,431,,pool,,3,,409,,517,,118,,0.0244842345927,,Cannot find object ball
sec6-res-util-pool-c6m2,,436,,pool,,3,,409,,510,,112,,0.129228564937,,Cannot find cue ball
sec6-res-util-pool-c6m2,,440,,pool,,3,,409,,516,,117,,0.0323071412343,,Cannot find cue ball
sec6-res-util-pool-c6m2,,444,,pool,,3,,416,,498,,99,,0.99744,,Cannot find object ball
sec6-res-util-pool-c6m2,,448,,pool,,3,,410,,485,,86,,1.0,,Cannot find cue ball
sec6-res-util-pool-c6m2,,452,,pool,,3,,410,,476,,77,,1.0,,Cannot find cue ball
sec6-res-util-pool-c6m2,,455,,pool,,3,,412,,490,,91,,1.0,,Cannot find cue ball
sec6-res-util-pool-c6m2,,458,,pool,,3,,409,,483,,84,,1.0,,Cannot find cue ball
sec6-res-util-pool-c6m2,,462,,pool,,3,,410,,482,,83,,1.0,,Cannot find cue ball
sec6-res-util-pool-c6m2,,465,,pool,,3,,410,,491,,93,,1.0,,Cannot find cue ball
sec6-res-util-pool-c6m2,,469,,pool,,3,,409,,471,,72,,1.0,,Cannot find cue ball
sec6-res-util-pool-c6m2,,472,,pool,,3,,409,,491,,92,,1.0,,Cannot find cue bottom
sec6-res-util-pool-c6m2,,476,,pool,,3,,410,,478,,80,,1.0,,Cannot find cue ball
sec6-res-util-pool-c6m2,,479,,pool,,3,,409,,471,,73,,1.0,,Cannot find cue bottom
sec6-res-util-pool-c6m2,,482,,pool,,3,,410,,517,,119,,0.0185555799952,,Cannot find cue bottom
sec6-res-util-pool-c6m2,,487,,pool,,3,,411,,485,,86,,1.0,,Cannot find cue bottom
sec6-res-util-pool-c6m2,,490,,pool,,3,,409,,481,,82,,1.0,,Cannot find cue bottom
sec6-res-util-pool-c6m2,,493,,pool,,3,,414,,521,,123,,0.00612105864818,,Cannot find cue ball
sec6-res-util-pool-c6m2,,498,,pool,,3,,409,,496,,97,,0.99984,,Cannot find cue bottom
sec6-res-util-pool-c6m2,,502,,pool,,3,,407,,470,,71,,1.0,,Cannot find cue bottom
