sec6-res-util-pool-c4m2,,1025,,pool,,3,,446,,540,,142,,3.15499426116e-05,,Cannot find cue bottom
sec6-res-util-pool-c4m2,,1029,,pool,,3,,410,,501,,102,,0.97599,,Cannot find cue bottom
sec6-res-util-pool-c4m2,,1033,,pool,,3,,409,,483,,84,,1.0,,Cannot find cue ball
sec6-res-util-pool-c4m2,,1036,,pool,,3,,412,,504,,105,,0.9,,Cannot find cue ball
sec6-res-util-pool-c4m2,,1040,,pool,,3,,409,,491,,204,,1.08007690842e-12,,Cannot find cue ball
sec6-res-util-pool-c4m2,,1047,,pool,,3,,410,,511,,112,,0.129228564937,,Cannot find cue ball
sec6-res-util-pool-c4m2,,1052,,pool,,3,,410,,556,,157,,4.92967853306e-07,,Cannot find cue ball
sec6-res-util-pool-c4m2,,1057,,pool,,3,,412,,507,,108,,0.391747753483,,Cannot find cue ball
sec6-res-util-pool-c4m2,,1061,,pool,,3,,412,,556,,157,,4.92967853306e-07,,Cannot find cue ball
sec6-res-util-pool-c4m2,,1067,,pool,,3,,409,,515,,250,,3.12250225676e-18,,Cannot find cue bottom
sec6-res-util-pool-c4m2,,1075,,pool,,3,,409,,513,,114,,0.074222319981,,Cannot find object ball
sec6-res-util-pool-c4m2,,1079,,pool,,3,,410,,483,,84,,1.0,,Cannot find object ball
sec6-res-util-pool-c4m2,,1082,,pool,,3,,412,,474,,75,,1.0,,Cannot find object ball
sec6-res-util-pool-c4m2,,1086,,pool,,3,,414,,538,,139,,7.24827343564e-05,,Cannot find object ball
sec6-res-util-pool-c4m2,,1091,,pool,,3,,411,,552,,155,,8.58306884766e-07,,Cannot find cue ball
sec6-res-util-pool-c4m2,,1096,,pool,,3,,414,,501,,101,,0.98704,,Cannot find object ball
sec6-res-util-pool-c4m2,,1100,,pool,,3,,409,,547,,148,,5.97759633611e-06,,Cannot find object ball
sec6-res-util-pool-c4m2,,1105,,pool,,3,,409,,503,,104,,0.93439,,Cannot find cue ball
sec6-res-util-pool-c4m2,,1109,,pool,,3,,410,,480,,81,,1.0,,Cannot find object ball
sec6-res-util-pool-c4m2,,1113,,pool,,3,,410,,506,,110,,0.225,,Cannot find object ball
sec6-res-util-pool-c4m2,,1117,,pool,,3,,408,,507,,205,,8.18545231596e-13,,Cannot find object ball
sec6-res-util-pool-c4m2,,1124,,pool,,3,,409,,472,,73,,1.0,,Cannot find cue ball
sec6-res-util-pool-c4m2,,1127,,pool,,3,,409,,548,,149,,4.53017089728e-06,,Cannot find cue ball
sec6-res-util-pool-c4m2,,1133,,pool,,3,,409,,585,,291,,3.61086151088e-23,,Cannot find object ball
sec6-res-util-pool-c4m2,,1143,,pool,,3,,409,,550,,151,,2.60189992878e-06,,Cannot find cue bottom
sec6-res-util-pool-c4m2,,1148,,pool,,3,,424,,537,,138,,9.56415413777e-05,,Cannot find cue top
sec6-res-util-pool-c4m2,,1163,,pool,,3,,416,,550,,151,,2.60189992878e-06,,Cannot find cue top
sec6-res-util-pool-c4m2,,1168,,pool,,3,,410,,599,,209,,2.70019227104e-13,,Cannot find cue top
sec6-res-util-pool-c4m2,,1175,,pool,,3,,423,,558,,159,,2.8313568108e-07,,Cannot find cue top
sec6-res-util-pool-c4m2,,1181,,pool,,3,,436,,506,,107,,0.516914259749,,Cannot find cue top
sec6-res-util-pool-c4m2,,1185,,pool,,3,,408,,541,,142,,3.15499426116e-05,,Cannot find cue top
sec6-res-util-pool-c4m2,,1190,,pool,,3,,431,,503,,104,,0.93439,,Cannot find cue top
sec6-res-util-pool-c4m2,,1205,,pool,,3,,417,,546,,147,,7.8874856529e-06,,Cannot find cue top
sec6-res-util-pool-c4m2,,1210,,pool,,3,,408,,594,,195,,1.30967237055e-11,,Cannot find cue bottom
sec6-res-util-pool-c4m2,,1217,,pool,,3,,444,,509,,110,,0.225,,Cannot find cue top
sec6-res-util-pool-c4m2,,1221,,pool,,3,,410,,572,,234,,2.63690651469e-16,,Cannot find cue bottom
sec6-res-util-pool-c4m2,,1229,,pool,,3,,410,,581,,183,,3.64843526374e-10,,Cannot find cue bottom
sec6-res-util-pool-c4m2,,1251,,pool,,3,,419,,481,,82,,1.0,,Cannot find cue top
sec6-res-util-pool-c4m2,,1254,,pool,,3,,409,,461,,63,,1.0,,Cannot find cue top
sec6-res-util-pool-c4m2,,1257,,pool,,3,,410,,474,,75,,1.0,,Cannot find cue top
sec6-res-util-pool-c4m2,,1260,,pool,,3,,410,,548,,149,,4.53017089728e-06,,Cannot find cue top
sec6-res-util-pool-c4m2,,1265,,pool,,3,,425,,590,,290,,4.76456032831e-23,,Cannot find cue top
sec6-res-util-pool-c4m2,,1292,,pool,,3,,416,,504,,105,,0.9,,Cannot find cue bottom
sec6-res-util-pool-c4m2,,1295,,pool,,3,,410,,481,,111,,0.170518113732,,Cannot find cue bottom
sec6-res-util-pool-c4m2,,1300,,pool,,3,,411,,578,,263,,8.49467530786e-20,,Cannot find cue bottom
sec6-res-util-pool-c4m2,,1328,,pool,,3,,417,,510,,111,,0.170518113732,,Cannot find cue bottom
sec6-res-util-pool-c4m2,,1332,,pool,,3,,410,,521,,123,,0.00612105864818,,Cannot find cue bottom
sec6-res-util-pool-c4m2,,1336,,pool,,3,,418,,598,,272,,7.0054945426e-21,,Cannot find cue bottom
sec6-res-util-pool-c4m2,,1345,,pool,,3,,410,,506,,107,,0.516914259749,,Cannot find cue top
sec6-res-util-pool-c4m2,,1349,,pool,,3,,414,,659,,349,,3.74726953778e-30,,Cannot find cue bottom
sec6-res-util-pool-c4m2,,1364,,pool,,3,,410,,691,,388,,7.5447872908e-35,,Cannot find cue bottom
sec6-res-util-pool-c4m2,,1376,,pool,,3,,412,,558,,159,,2.8313568108e-07,,Cannot find cue bottom
sec6-res-util-pool-c4m2,,1382,,pool,,3,,437,,741,,401,,2.05253713311e-36,,Cannot find cue bottom
sec6-res-util-pool-c4m2,,1395,,pool,,3,,414,,645,,270,,1.21972744405e-20,,Cannot find cue ball
sec6-res-util-pool-c4m2,,1404,,pool,,3,,414,,534,,135,,0.0002197265625,,Cannot find cue bottom
sec6-res-util-pool-c4m2,,1409,,pool,,3,,410,,661,,320,,1.1632227364e-26,,Cannot find cue bottom
sec6-res-util-pool-c4m2,,1419,,pool,,3,,410,,503,,103,,0.95904,,Cannot find object ball
sec6-res-util-pool-c4m2,,1423,,pool,,3,,410,,673,,339,,5.99563126045e-29,,Cannot find cue bottom
sec6-res-util-pool-c4m2,,1434,,pool,,3,,412,,592,,193,,2.28027203984e-11,,Cannot find cue bottom
sec6-res-util-pool-c4m2,,1441,,pool,,3,,412,,568,,261,,1.47900887485e-19,,Cannot find cue bottom
sec6-res-util-pool-c4m2,,1450,,pool,,3,,411,,522,,123,,0.00612105864818,,Cannot find cue bottom
sec6-res-util-pool-c4m2,,1454,,pool,,3,,414,,624,,327,,1.67024005475e-27,,Cannot find cue bottom
sec6-res-util-pool-c4m2,,1465,,pool,,3,,411,,553,,154,,1.13254272432e-06,,Cannot find cue ball
sec6-res-util-pool-c4m2,,1471,,pool,,3,,411,,584,,185,,2.09547579288e-10,,Cannot find cue ball
sec6-res-util-pool-c4m2,,1477,,pool,,3,,416,,575,,176,,2.5409178992e-09,,Cannot find cue bottom
sec6-res-util-pool-c4m2,,1483,,pool,,3,,410,,604,,205,,8.18545231596e-13,,Cannot find cue bottom
sec6-res-util-pool-c4m2,,1490,,pool,,3,,412,,480,,81,,1.0,,Cannot find cue bottom
sec6-res-util-pool-c4m2,,1494,,pool,,3,,410,,512,,113,,0.0979369383708,,Cannot find cue bottom
sec6-res-util-pool-c4m2,,1498,,pool,,3,,410,,492,,94,,1.0,,Cannot find cue bottom
sec6-res-util-pool-c4m2,,1502,,pool,,3,,410,,478,,78,,1.0,,Cannot find cue bottom
sec6-res-util-pool-c4m2,,1505,,pool,,3,,411,,551,,152,,1.97187141323e-06,,Cannot find cue bottom
sec6-res-util-pool-c4m2,,1511,,pool,,3,,411,,506,,108,,0.391747753483,,Cannot find cue bottom
sec6-res-util-pool-c4m2,,1515,,pool,,3,,410,,614,,258,,3.39787012314e-19,,Cannot find cue bottom
sec6-res-util-pool-c4m2,,1524,,pool,,3,,411,,524,,125,,0.003515625,,Cannot find cue bottom
sec6-res-util-pool-c4m2,,1528,,pool,,3,,411,,512,,113,,0.0979369383708,,Cannot find cue bottom
sec6-res-util-pool-c4m2,,1532,,pool,,3,,411,,493,,95,,1.0,,Cannot find cue bottom
sec6-res-util-pool-c4m2,,1536,,pool,,3,,412,,497,,99,,0.99744,,Cannot find cue bottom
sec6-res-util-pool-c4m2,,1540,,pool,,3,,410,,500,,135,,0.0002197265625,,Cannot find cue bottom
sec6-res-util-pool-c4m2,,1545,,pool,,3,,410,,523,,124,,0.00463889499881,,Cannot find cue bottom
sec6-res-util-pool-c4m2,,1550,,pool,,3,,410,,574,,175,,3.35276126862e-09,,Cannot find cue bottom
sec6-res-util-pool-c4m2,,1556,,pool,,3,,436,,657,,333,,3.16451315129e-28,,Cannot find cue bottom
sec6-res-util-pool-c4m2,,1567,,pool,,3,,414,,519,,119,,0.0185555799952,,Cannot find cue bottom
sec6-res-util-pool-c4m2,,1571,,pool,,3,,412,,481,,81,,1.0,,Cannot find cue bottom
sec6-res-util-pool-c4m2,,1574,,pool,,3,,410,,471,,72,,1.0,,Cannot find cue bottom
sec6-res-util-pool-c4m2,,1577,,pool,,3,,410,,536,,136,,0.000166521595442,,Cannot find cue bottom
sec6-res-util-pool-c4m2,,1582,,pool,,3,,410,,490,,91,,1.0,,Cannot find cue bottom
sec6-res-util-pool-c4m2,,1586,,pool,,3,,411,,569,,170,,1.34110450745e-08,,Cannot find cue bottom
sec6-res-util-pool-c4m2,,1592,,pool,,3,,413,,564,,165,,5.36441802979e-08,,Cannot find cue bottom
sec6-res-util-pool-c4m2,,1598,,pool,,3,,411,,550,,151,,2.60189992878e-06,,Cannot find cue bottom
sec6-res-util-pool-c4m2,,1603,,pool,,3,,411,,663,,289,,6.28687504455e-23,,Cannot find cue bottom
sec6-res-util-pool-c4m2,,1613,,pool,,3,,411,,554,,155,,8.58306884766e-07,,Cannot find cue bottom
sec6-res-util-pool-c4m2,,1618,,pool,,3,,412,,606,,207,,4.70130780512e-13,,Cannot find cue bottom
sec6-res-util-pool-c4m2,,1625,,pool,,3,,410,,640,,267,,2.80219781704e-20,,Cannot find cue ball
sec6-res-util-pool-c4m2,,1634,,pool,,3,,411,,660,,277,,1.75137363565e-21,,Cannot find cue bottom
sec6-res-util-pool-c4m2,,1643,,pool,,3,,410,,529,,131,,0.000666086381767,,Cannot find cue top
sec6-res-util-pool-c4m2,,1648,,pool,,3,,410,,492,,95,,1.0,,Cannot find cue top
sec6-res-util-pool-c4m2,,1652,,pool,,3,,429,,739,,402,,1.55553226802e-36,,Cannot find cue top
sec6-res-util-pool-c4m2,,1672,,pool,,3,,417,,516,,117,,0.0323071412343,,Cannot find cue top
sec6-res-util-pool-c4m2,,1676,,pool,,3,,431,,554,,155,,8.58306884766e-07,,Cannot find cue top
sec6-res-util-pool-c4m2,,1681,,pool,,3,,410,,593,,194,,1.72812305347e-11,,Cannot find cue bottom
sec6-res-util-pool-c4m2,,1688,,pool,,3,,425,,549,,150,,3.43322753906e-06,,Cannot find cue top
sec6-res-util-pool-c4m2,,1693,,pool,,3,,445,,553,,154,,1.13254272432e-06,,Cannot find cue top
sec6-res-util-pool-c4m2,,1699,,pool,,3,,409,,597,,267,,2.80219781704e-20,,Cannot find cue top
sec6-res-util-pool-c4m2,,1709,,pool,,3,,411,,567,,168,,2.33499856879e-08,,Cannot find cue bottom
sec6-res-util-pool-c4m2,,1715,,pool,,3,,411,,581,,257,,4.48351650727e-19,,Cannot find cue ball
sec6-res-util-pool-c4m2,,1723,,pool,,3,,411,,494,,95,,1.0,,Cannot find cue ball
sec6-res-util-pool-c4m2,,1727,,pool,,3,,410,,502,,103,,0.95904,,Cannot find cue bottom
sec6-res-util-pool-c4m2,,1731,,pool,,3,,410,,522,,123,,0.00612105864818,,Cannot find cue bottom
sec6-res-util-pool-c4m2,,1735,,pool,,3,,414,,599,,200,,3.27418092638e-12,,Cannot find cue bottom
sec6-res-util-pool-c4m2,,1742,,pool,,3,,418,,566,,167,,3.08104908317e-08,,Cannot find cue ball
sec6-res-util-pool-c4m2,,1748,,pool,,3,,422,,485,,86,,1.0,,Cannot find object ball
sec6-res-util-pool-c4m2,,1752,,pool,,3,,409,,533,,134,,0.000289930937426,,Cannot find cue ball
sec6-res-util-pool-c4m2,,1756,,pool,,3,,409,,582,,295,,1.19114008208e-23,,speech: left
sec6-res-util-pool-c4m2,,1766,,pool,,3,,409,,545,,146,,1.04075997151e-05,,Cannot find cue bottom
sec6-res-util-pool-c4m2,,1771,,pool,,3,,409,,508,,109,,0.296889279924,,Cannot find cue bottom
sec6-res-util-pool-c4m2,,1776,,pool,,3,,410,,496,,97,,0.99984,,Cannot find cue bottom
sec6-res-util-pool-c4m2,,1779,,pool,,3,,409,,479,,79,,1.0,,Cannot find cue bottom
sec6-res-util-pool-c4m2,,1783,,pool,,3,,410,,501,,102,,0.97599,,Cannot find cue bottom
sec6-res-util-pool-c4m2,,1787,,pool,,3,,411,,510,,111,,0.170518113732,,Cannot find cue bottom
sec6-res-util-pool-c4m2,,1791,,pool,,3,,409,,528,,129,,0.0011597237497,,Cannot find cue bottom
sec6-res-util-pool-c4m2,,1795,,pool,,3,,411,,574,,224,,4.2190504235e-15,,Cannot find cue bottom
sec6-res-util-pool-c4m2,,1803,,pool,,3,,418,,552,,152,,1.97187141323e-06,,Cannot find cue bottom
sec6-res-util-pool-c4m2,,1808,,pool,,3,,414,,561,,162,,1.23241963327e-07,,Cannot find cue bottom
sec6-res-util-pool-c4m2,,1814,,pool,,3,,419,,574,,174,,4.42399501687e-09,,Cannot find cue bottom
sec6-res-util-pool-c4m2,,1820,,pool,,3,,411,,718,,417,,2.43051916878e-38,,Cannot find cue bottom
sec6-res-util-pool-c4m2,,1834,,pool,,3,,412,,618,,276,,2.31095136696e-21,,Cannot find cue bottom
sec6-res-util-pool-c4m2,,1843,,pool,,3,,411,,495,,96,,0.99999,,Cannot find object ball
sec6-res-util-pool-c4m2,,1847,,pool,,3,,411,,486,,87,,1.0,,Cannot find object ball
sec6-res-util-pool-c4m2,,1850,,pool,,3,,411,,660,,344,,1.49890781511e-29,,speech: good
sec6-res-util-pool-c4m2,,1861,,pool,,3,,410,,599,,201,,2.48136513594e-12,,Cannot find cue bottom
sec6-res-util-pool-c4m2,,1868,,pool,,3,,415,,535,,136,,0.000166521595442,,speech: left
sec6-res-util-pool-c4m2,,1873,,pool,,3,,414,,500,,102,,0.97599,,Cannot find cue bottom
sec6-res-util-pool-c4m2,,1886,,pool,,3,,420,,493,,94,,1.0,,Cannot find cue bottom
sec6-res-util-pool-c4m2,,1898,,pool,,3,,417,,552,,154,,1.13254272432e-06,,Cannot find cue bottom
sec6-res-util-pool-c4m2,,1903,,pool,,3,,447,,528,,129,,0.0011597237497,,Cannot find cue bottom
sec6-res-util-pool-c4m2,,1908,,pool,,3,,410,,621,,254,,1.0300416073e-18,,Cannot find cue bottom
sec6-res-util-pool-c4m2,,1917,,pool,,3,,411,,499,,100,,0.99375,,Cannot find cue bottom
sec6-res-util-pool-c4m2,,1921,,pool,,3,,411,,637,,251,,2.36641419977e-18,,Cannot find cue bottom
sec6-res-util-pool-c4m2,,1929,,pool,,3,,419,,704,,383,,3.01791491632e-34,,Cannot find cue bottom
sec6-res-util-pool-c4m2,,1941,,pool,,3,,412,,519,,119,,0.0185555799952,,Cannot find cue bottom
sec6-res-util-pool-c4m2,,1946,,pool,,3,,421,,548,,150,,3.43322753906e-06,,Cannot find cue bottom
sec6-res-util-pool-c4m2,,1952,,pool,,3,,411,,598,,346,,8.60896470755e-30,,Cannot find cue bottom
sec6-res-util-pool-c4m2,,1963,,pool,,3,,413,,563,,164,,7.07839202699e-08,,Cannot find cue bottom
sec6-res-util-pool-c4m2,,1969,,pool,,3,,410,,679,,387,,9.95540651531e-35,,Cannot find cue bottom
sec6-res-util-pool-c4m2,,1981,,pool,,3,,411,,493,,93,,1.0,,Cannot find cue bottom
sec6-res-util-pool-c4m2,,1985,,pool,,3,,429,,526,,127,,0.00201919632714,,Cannot find cue bottom
sec6-res-util-pool-c4m2,,1990,,pool,,3,,411,,489,,89,,1.0,,Cannot find cue bottom
sec6-res-util-pool-c4m2,,1993,,pool,,3,,410,,607,,284,,2.51475001782e-22,,Cannot find cue bottom
sec6-res-util-pool-c4m2,,2003,,pool,,3,,409,,542,,143,,2.39103853444e-05,,Cannot find cue top
sec6-res-util-pool-c4m2,,2008,,pool,,3,,409,,482,,85,,1.0,,Cannot find cue top
sec6-res-util-pool-c4m2,,2011,,pool,,3,,410,,556,,157,,4.92967853306e-07,,Cannot find cue top
sec6-res-util-pool-c4m2,,2017,,pool,,3,,410,,502,,103,,0.95904,,Cannot find cue top
sec6-res-util-pool-c4m2,,2021,,pool,,3,,408,,549,,161,,1.62618745549e-07,,Cannot find cue top
sec6-res-util-pool-c4m2,,2038,,pool,,3,,416,,522,,124,,0.00463889499881,,Cannot find cue top
sec6-res-util-pool-c4m2,,2042,,pool,,3,,421,,485,,86,,1.0,,Cannot find cue top
sec6-res-util-pool-c4m2,,2046,,pool,,3,,411,,515,,116,,0.0426295284331,,Cannot find cue top
sec6-res-util-pool-c4m2,,2050,,pool,,3,,408,,486,,134,,0.000289930937426,,Cannot find cue top
sec6-res-util-pool-c4m2,,2055,,pool,,3,,410,,493,,94,,1.0,,Cannot find cue top
sec6-res-util-pool-c4m2,,2059,,pool,,3,,410,,525,,126,,0.00266434552707,,Cannot find cue top
sec6-res-util-pool-c4m2,,2063,,pool,,3,,416,,555,,156,,6.50474982195e-07,,Cannot find cue top
sec6-res-util-pool-c4m2,,2069,,pool,,3,,430,,651,,326,,2.20389496513e-27,,Cannot find cue top
sec6-res-util-pool-c4m2,,2080,,pool,,3,,414,,502,,102,,0.97599,,Cannot find cue top
sec6-res-util-pool-c4m2,,2084,,pool,,3,,410,,587,,188,,9.12108815935e-11,,Cannot find cue bottom
sec6-res-util-pool-c4m2,,2090,,pool,,3,,435,,590,,333,,3.16451315129e-28,,Cannot find cue bottom
sec6-res-util-pool-c4m2,,2101,,pool,,3,,410,,492,,92,,1.0,,Cannot find cue top
sec6-res-util-pool-c4m2,,2105,,pool,,3,,411,,467,,68,,1.0,,Cannot find cue top
sec6-res-util-pool-c4m2,,2108,,pool,,3,,412,,477,,81,,1.0,,Cannot find cue top
sec6-res-util-pool-c4m2,,2111,,pool,,3,,409,,535,,136,,0.000166521595442,,Cannot find cue top
sec6-res-util-pool-c4m2,,2116,,pool,,3,,411,,553,,154,,1.13254272432e-06,,Cannot find cue ball
sec6-res-util-pool-c4m2,,2121,,pool,,3,,409,,502,,103,,0.95904,,Cannot find cue ball
sec6-res-util-pool-c4m2,,2125,,pool,,3,,411,,594,,195,,1.30967237055e-11,,Cannot find cue bottom
sec6-res-util-pool-c4m2,,2132,,pool,,3,,430,,537,,137,,0.000126199770446,,Cannot find cue bottom
sec6-res-util-pool-c4m2,,2137,,pool,,3,,413,,497,,97,,0.99984,,Cannot find cue top
sec6-res-util-pool-c4m2,,2140,,pool,,3,,411,,496,,97,,0.99984,,Cannot find cue top
sec6-res-util-pool-c4m2,,2163,,pool,,3,,417,,534,,135,,0.0002197265625,,Cannot find cue top
sec6-res-util-pool-c4m2,,2167,,pool,,3,,411,,536,,136,,0.000166521595442,,Cannot find cue top
sec6-res-util-pool-c4m2,,2173,,pool,,3,,409,,474,,75,,1.0,,Cannot find cue ball
sec6-res-util-pool-c4m2,,2189,,pool,,3,,416,,498,,100,,0.99375,,Cannot find cue ball
sec6-res-util-pool-c4m2,,2192,,pool,,3,,411,,551,,152,,1.97187141323e-06,,Cannot find object ball
sec6-res-util-pool-c4m2,,2198,,pool,,3,,428,,597,,223,,5.56707040976e-15,,Cannot find cue ball
sec6-res-util-pool-c4m2,,2221,,pool,,3,,418,,598,,199,,4.32030763366e-12,,speech: right
sec6-res-util-pool-c4m2,,2227,,pool,,3,,411,,685,,369,,1.46377716319e-32,,Cannot find cue ball
sec6-res-util-pool-c4m2,,2239,,pool,,3,,409,,594,,276,,2.31095136696e-21,,speech: left
sec6-res-util-pool-c4m2,,2249,,pool,,3,,410,,582,,183,,3.64843526374e-10,,Cannot find object ball
sec6-res-util-pool-c4m2,,2255,,pool,,3,,412,,652,,366,,3.36287683889e-32,,Cannot find object ball
sec6-res-util-pool-c4m2,,2267,,pool,,3,,412,,664,,376,,2.10179802431e-33,,speech: left
sec6-res-util-pool-c4m2,,2279,,pool,,3,,410,,626,,278,,1.32729301685e-21,,Cannot find cue ball
sec6-res-util-pool-c4m2,,2288,,pool,,3,,414,,622,,281,,5.7773784174e-22,,Cannot find cue ball
sec6-res-util-pool-c4m2,,2298,,pool,,3,,411,,646,,277,,1.75137363565e-21,,Cannot find cue ball
sec6-res-util-pool-c4m2,,2307,,pool,,3,,417,,615,,278,,1.32729301685e-21,,Cannot find cue ball
sec6-res-util-pool-c4m2,,2316,,pool,,3,,416,,530,,131,,0.000666086381767,,Cannot find cue ball
sec6-res-util-pool-c4m2,,2321,,pool,,3,,422,,633,,313,,8.10115366731e-26,,Cannot find cue ball
sec6-res-util-pool-c4m2,,2331,,pool,,3,,410,,584,,184,,2.76499688554e-10,,Cannot find cue ball
sec6-res-util-pool-c4m2,,2338,,pool,,3,,417,,676,,371,,8.40719209722e-33,,speech: left
sec6-res-util-pool-c4m2,,2350,,pool,,3,,411,,532,,133,,0.000382566165511,,Cannot find cue ball
sec6-res-util-pool-c4m2,,2355,,pool,,3,,411,,632,,321,,8.81557986054e-27,,speech: left
sec6-res-util-pool-c4m2,,2365,,pool,,3,,411,,483,,95,,1.0,,Cannot find cue bottom
sec6-res-util-pool-c4m2,,2369,,pool,,3,,417,,570,,170,,1.34110450745e-08,,Cannot find object ball
sec6-res-util-pool-c4m2,,2375,,pool,,3,,410,,598,,275,,3.04931861012e-21,,Cannot find object ball
sec6-res-util-pool-c4m2,,2384,,pool,,3,,411,,666,,281,,5.7773784174e-22,,speech: right
sec6-res-util-pool-c4m2,,2393,,pool,,3,,411,,575,,176,,2.5409178992e-09,,speech: left
sec6-res-util-pool-c4m2,,2399,,pool,,3,,426,,644,,277,,1.75137363565e-21,,Cannot find cue ball
sec6-res-util-pool-c4m2,,2408,,pool,,3,,419,,576,,278,,1.32729301685e-21,,speech: left
sec6-res-util-pool-c4m2,,2417,,pool,,3,,412,,628,,277,,1.75137363565e-21,,Cannot find object ball
sec6-res-util-pool-c4m2,,2427,,pool,,3,,411,,637,,281,,5.7773784174e-22,,Cannot find object ball
sec6-res-util-pool-c4m2,,2436,,pool,,3,,413,,731,,377,,1.59286504245e-33,,Cannot find cue bottom
sec6-res-util-pool-c4m2,,2448,,pool,,3,,411,,524,,125,,0.003515625,,Cannot find cue top
sec6-res-util-pool-c4m2,,2453,,pool,,3,,410,,544,,145,,1.37329101563e-05,,Cannot find cue top
sec6-res-util-pool-c4m2,,2458,,pool,,3,,411,,586,,187,,1.20353479811e-10,,Cannot find cue top
sec6-res-util-pool-c4m2,,2465,,pool,,3,,444,,575,,176,,2.5409178992e-09,,Cannot find cue top
sec6-res-util-pool-c4m2,,2471,,pool,,3,,438,,550,,150,,3.43322753906e-06,,Cannot find cue bottom
sec6-res-util-pool-c4m2,,2476,,pool,,3,,410,,507,,107,,0.516914259749,,Cannot find cue bottom
sec6-res-util-pool-c4m2,,2480,,pool,,3,,421,,552,,153,,1.49439908403e-06,,Cannot find cue top
sec6-res-util-pool-c4m2,,2509,,pool,,3,,416,,527,,128,,0.00153026466204,,Cannot find cue top
sec6-res-util-pool-c4m2,,2513,,pool,,3,,420,,620,,260,,1.95156391047e-19,,Cannot find cue top
sec6-res-util-pool-c4m2,,2522,,pool,,3,,412,,487,,88,,1.0,,Cannot find cue top
sec6-res-util-pool-c4m2,,2525,,pool,,3,,412,,550,,151,,2.60189992878e-06,,Cannot find cue top
sec6-res-util-pool-c4m2,,2531,,pool,,3,,424,,584,,280,,7.62329652529e-22,,Cannot find cue top
sec6-res-util-pool-c4m2,,2540,,pool,,3,,413,,572,,175,,3.35276126862e-09,,Cannot find cue top
sec6-res-util-pool-c4m2,,2567,,pool,,3,,418,,651,,328,,1.26580526052e-27,,Cannot find cue bottom
sec6-res-util-pool-c4m2,,2577,,pool,,3,,411,,517,,117,,0.0323071412343,,Cannot find cue bottom
sec6-res-util-pool-c4m2,,2582,,pool,,3,,410,,553,,154,,1.13254272432e-06,,Cannot find cue bottom
sec6-res-util-pool-c4m2,,2603,,pool,,3,,440,,504,,105,,0.9,,Cannot find cue top
sec6-res-util-pool-c4m2,,2607,,pool,,3,,409,,475,,76,,1.0,,Cannot find cue top
sec6-res-util-pool-c4m2,,2610,,pool,,3,,410,,532,,133,,0.000382566165511,,Cannot find cue ball
sec6-res-util-pool-c4m2,,2615,,pool,,3,,412,,474,,75,,1.0,,Cannot find cue top
sec6-res-util-pool-c4m2,,2618,,pool,,3,,428,,542,,143,,2.39103853444e-05,,Cannot find cue bottom
sec6-res-util-pool-c4m2,,2623,,pool,,3,,409,,498,,173,,5.83749642198e-09,,Cannot find cue bottom
sec6-res-util-pool-c4m2,,2629,,pool,,3,,407,,504,,104,,0.93439,,Cannot find cue bottom
sec6-res-util-pool-c4m2,,2633,,pool,,3,,410,,481,,82,,1.0,,Cannot find cue bottom
sec6-res-util-pool-c4m2,,2637,,pool,,3,,410,,526,,126,,0.00266434552707,,Cannot find cue bottom
sec6-res-util-pool-c4m2,,2641,,pool,,3,,410,,584,,185,,2.09547579288e-10,,Cannot find cue bottom
sec6-res-util-pool-c4m2,,2648,,pool,,3,,410,,500,,101,,0.98704,,Cannot find cue bottom
sec6-res-util-pool-c4m2,,2652,,pool,,3,,414,,468,,69,,1.0,,Cannot find cue top
sec6-res-util-pool-c4m2,,2655,,pool,,3,,410,,498,,148,,5.97759633611e-06,,Cannot find cue bottom
sec6-res-util-pool-c4m2,,2660,,pool,,3,,410,,532,,143,,2.39103853444e-05,,Cannot find cue bottom
sec6-res-util-pool-c4m2,,2665,,pool,,3,,410,,770,,420,,1.05794491574e-38,,Cannot find cue bottom
sec6-res-util-pool-c4m2,,2690,,pool,,3,,444,,586,,186,,1.588073687e-10,,Cannot find cue top
sec6-res-util-pool-c4m2,,2696,,pool,,3,,427,,534,,135,,0.0002197265625,,Cannot find cue top
sec6-res-util-pool-c4m2,,2701,,pool,,3,,411,,587,,188,,9.12108815935e-11,,Cannot find cue top
sec6-res-util-pool-c4m2,,2707,,pool,,3,,408,,555,,155,,8.58306884766e-07,,Cannot find cue bottom
sec6-res-util-pool-c4m2,,2728,,pool,,3,,417,,519,,120,,0.0140625,,Cannot find cue bottom
sec6-res-util-pool-c4m2,,2732,,pool,,3,,409,,662,,342,,2.60975008555e-29,,Cannot find cue bottom
sec6-res-util-pool-c4m2,,2743,,pool,,3,,412,,501,,102,,0.97599,,Cannot find cue top
sec6-res-util-pool-c4m2,,2747,,pool,,3,,426,,492,,93,,1.0,,Cannot find cue top
sec6-res-util-pool-c4m2,,2751,,pool,,3,,411,,526,,127,,0.00201919632714,,Cannot find cue top
sec6-res-util-pool-c4m2,,2770,,pool,,3,,414,,522,,123,,0.00612105864818,,Cannot find cue bottom
sec6-res-util-pool-c4m2,,2774,,pool,,3,,424,,479,,81,,1.0,,Cannot find cue ball
sec6-res-util-pool-c4m2,,2777,,pool,,3,,414,,561,,162,,1.23241963327e-07,,Cannot find cue ball
sec6-res-util-pool-c4m2,,2783,,pool,,3,,409,,628,,276,,2.31095136696e-21,,Cannot find cue ball
sec6-res-util-pool-c4m2,,2792,,pool,,3,,411,,555,,156,,6.50474982195e-07,,Cannot find cue ball
sec6-res-util-pool-c4m2,,2798,,pool,,3,,425,,574,,174,,4.42399501687e-09,,speech: right
sec6-res-util-pool-c4m2,,2804,,pool,,3,,422,,579,,180,,8.38190317154e-10,,Cannot find cue bottom
sec6-res-util-pool-c4m2,,2810,,pool,,3,,410,,541,,181,,6.35229474799e-10,,speech: right
sec6-res-util-pool-c4m2,,2817,,pool,,3,,410,,483,,84,,1.0,,speech: left
sec6-res-util-pool-c4m2,,2820,,pool,,3,,410,,546,,147,,7.8874856529e-06,,speech: left
sec6-res-util-pool-c4m2,,2825,,pool,,3,,410,,650,,297,,6.84130326426e-24,,Cannot find cue ball
sec6-res-util-pool-c4m2,,2835,,pool,,3,,413,,614,,214,,6.7504806776e-14,,Cannot find cue ball
sec6-res-util-pool-c4m2,,2843,,pool,,3,,414,,513,,132,,0.000504799081786,,speech: left
sec6-res-util-pool-c4m2,,2848,,pool,,3,,410,,502,,102,,0.97599,,Cannot find cue ball
sec6-res-util-pool-c4m2,,2851,,pool,,3,,412,,485,,86,,1.0,,Cannot find cue ball
sec6-res-util-pool-c4m2,,2855,,pool,,3,,411,,502,,103,,0.95904,,Cannot find cue ball
sec6-res-util-pool-c4m2,,2859,,pool,,3,,411,,504,,195,,1.30967237055e-11,,speech: left
sec6-res-util-pool-c4m2,,2866,,pool,,3,,411,,500,,100,,0.99375,,Cannot find cue ball
sec6-res-util-pool-c4m2,,2870,,pool,,3,,411,,582,,183,,3.64843526374e-10,,Cannot find cue ball
sec6-res-util-pool-c4m2,,2876,,pool,,3,,419,,651,,345,,1.13595970352e-29,,Cannot find cue ball
sec6-res-util-pool-c4m2,,2887,,pool,,3,,411,,514,,144,,1.81206835891e-05,,Cannot find cue ball
sec6-res-util-pool-c4m2,,2893,,pool,,3,,410,,528,,171,,1.01636715968e-08,,Cannot find cue ball
sec6-res-util-pool-c4m2,,2899,,pool,,3,,411,,515,,115,,0.05625,,Cannot find cue ball
sec6-res-util-pool-c4m2,,2903,,pool,,3,,439,,643,,271,,9.24380546784e-21,,Cannot find cue ball
sec6-res-util-pool-c4m2,,2912,,pool,,3,,410,,636,,272,,7.0054945426e-21,,speech: left
sec6-res-util-pool-c4m2,,2921,,pool,,3,,412,,501,,101,,0.98704,,Cannot find cue ball
sec6-res-util-pool-c4m2,,2925,,pool,,3,,410,,511,,112,,0.129228564937,,Cannot find cue ball
sec6-res-util-pool-c4m2,,2929,,pool,,3,,410,,495,,95,,1.0,,speech: left
sec6-res-util-pool-c4m2,,2933,,pool,,3,,410,,577,,287,,1.09460852228e-22,,speech: left
sec6-res-util-pool-c4m2,,2943,,pool,,3,,410,,550,,150,,3.43322753906e-06,,Cannot find cue ball
sec6-res-util-pool-c4m2,,2948,,pool,,3,,423,,509,,122,,0.00807678530857,,speech: left
sec6-res-util-pool-c4m2,,2953,,pool,,3,,410,,589,,189,,6.91249221386e-11,,Cannot find object ball
sec6-res-util-pool-c4m2,,2959,,pool,,3,,410,,658,,345,,1.13595970352e-29,,Cannot find object ball
sec6-res-util-pool-c4m2,,2970,,pool,,3,,413,,688,,382,,3.98216260612e-34,,speech: left
sec6-res-util-pool-c4m2,,2983,,pool,,3,,410,,512,,112,,0.129228564937,,Cannot find cue bottom
sec6-res-util-pool-c4m2,,2987,,pool,,3,,410,,481,,81,,1.0,,Cannot find cue top
sec6-res-util-pool-c4m2,,2990,,pool,,3,,427,,522,,123,,0.00612105864818,,Cannot find cue top
sec6-res-util-pool-c4m2,,2995,,pool,,3,,411,,575,,176,,2.5409178992e-09,,Cannot find cue top
sec6-res-util-pool-c4m2,,3001,,pool,,3,,411,,572,,173,,5.83749642198e-09,,Cannot find cue bottom
sec6-res-util-pool-c4m2,,3007,,pool,,3,,412,,509,,120,,0.0140625,,Cannot find cue bottom
sec6-res-util-pool-c4m2,,3011,,pool,,3,,411,,492,,111,,0.170518113732,,Cannot find cue bottom
sec6-res-util-pool-c4m2,,3084,,pool,,3,,417,,532,,133,,0.000382566165511,,Cannot find cue bottom
sec6-res-util-pool-c4m2,,3088,,pool,,3,,411,,466,,67,,1.0,,Cannot find cue bottom
sec6-res-util-pool-c4m2,,3091,,pool,,3,,410,,455,,56,,1.0,,Cannot find cue top
sec6-res-util-pool-c4m2,,3094,,pool,,3,,410,,467,,67,,1.0,,Cannot find cue top
sec6-res-util-pool-c4m2,,3121,,pool,,3,,416,,592,,193,,2.28027203984e-11,,Cannot find cue bottom
sec6-res-util-pool-c4m2,,3127,,pool,,3,,409,,608,,274,,4.02360002851e-21,,Cannot find cue bottom
sec6-res-util-pool-c4m2,,3136,,pool,,3,,410,,598,,199,,4.32030763366e-12,,Cannot find cue top
sec6-res-util-pool-c4m2,,3159,,pool,,3,,418,,474,,74,,1.0,,Cannot find cue top
sec6-res-util-pool-c4m2,,3161,,pool,,3,,431,,538,,142,,3.15499426116e-05,,Cannot find cue top
sec6-res-util-pool-c4m2,,3166,,pool,,3,,445,,558,,195,,1.30967237055e-11,,Cannot find cue top
sec6-res-util-pool-c4m2,,3173,,pool,,3,,421,,592,,193,,2.28027203984e-11,,Cannot find cue bottom
sec6-res-util-pool-c4m2,,3180,,pool,,3,,414,,622,,261,,1.47900887485e-19,,Cannot find cue bottom
sec6-res-util-pool-c4m2,,3195,,pool,,3,,411,,613,,214,,6.7504806776e-14,,Cannot find cue bottom
sec6-res-util-pool-c4m2,,3202,,pool,,3,,411,,591,,192,,3.00883699528e-11,,Cannot find cue top
sec6-res-util-pool-c4m2,,3209,,pool,,3,,441,,544,,145,,1.37329101563e-05,,Cannot find cue top
sec6-res-util-pool-c4m2,,3214,,pool,,3,,411,,609,,210,,2.04636307899e-13,,Cannot find cue top
sec6-res-util-pool-c4m2,,3227,,pool,,3,,416,,491,,92,,1.0,,Cannot find cue ball
sec6-res-util-pool-c4m2,,3230,,pool,,3,,410,,565,,165,,5.36441802979e-08,,Cannot find cue ball
sec6-res-util-pool-c4m2,,3236,,pool,,3,,427,,529,,130,,0.00087890625,,Cannot find cue ball
sec6-res-util-pool-c4m2,,3241,,pool,,3,,411,,585,,186,,1.588073687e-10,,Cannot find cue ball
sec6-res-util-pool-c4m2,,3247,,pool,,3,,411,,592,,267,,2.80219781704e-20,,Cannot find cue ball
sec6-res-util-pool-c4m2,,3256,,pool,,3,,410,,490,,91,,1.0,,speech: right
sec6-res-util-pool-c4m2,,3260,,pool,,3,,411,,506,,106,,0.68207245493,,speech: left
sec6-res-util-pool-c4m2,,3264,,pool,,3,,420,,565,,166,,4.06546863872e-08,,Cannot find cue ball
sec6-res-util-pool-c4m2,,3270,,pool,,3,,410,,530,,131,,0.000666086381767,,Cannot find cue ball
sec6-res-util-pool-c4m2,,3274,,pool,,3,,410,,556,,157,,4.92967853306e-07,,Cannot find cue ball
sec6-res-util-pool-c4m2,,3280,,pool,,3,,412,,588,,189,,6.91249221386e-11,,Cannot find cue ball
sec6-res-util-pool-c4m2,,3287,,pool,,3,,410,,525,,125,,0.003515625,,Cannot find object ball
sec6-res-util-pool-c4m2,,3291,,pool,,3,,412,,534,,135,,0.0002197265625,,Cannot find object ball
sec6-res-util-pool-c4m2,,3296,,pool,,3,,411,,556,,157,,4.92967853306e-07,,Cannot find object ball
sec6-res-util-pool-c4m2,,3302,,pool,,3,,433,,585,,191,,3.9701842175e-11,,Cannot find object ball
sec6-res-util-pool-c4m2,,3308,,pool,,3,,412,,658,,274,,4.02360002851e-21,,Cannot find object ball
sec6-res-util-pool-c4m2,,3318,,pool,,3,,412,,650,,277,,1.75137363565e-21,,Cannot find object ball
sec6-res-util-pool-c4m2,,3327,,pool,,3,,411,,534,,135,,0.0002197265625,,Cannot find object ball
sec6-res-util-pool-c4m2,,3332,,pool,,3,,412,,551,,152,,1.97187141323e-06,,Cannot find object ball
sec6-res-util-pool-c4m2,,3337,,pool,,3,,410,,679,,340,,4.54383881407e-29,,Cannot find object ball
sec6-res-util-pool-c4m2,,3348,,pool,,3,,411,,713,,386,,1.31362376519e-34,,Cannot find object ball
sec6-res-util-pool-c4m2,,3361,,pool,,3,,411,,617,,275,,3.04931861012e-21,,Cannot find object ball
sec6-res-util-pool-c4m2,,3370,,pool,,3,,411,,593,,193,,2.28027203984e-11,,Cannot find cue ball
sec6-res-util-pool-c4m2,,3376,,pool,,3,,410,,594,,264,,6.43776004562e-20,,Cannot find object ball
sec6-res-util-pool-c4m2,,3385,,pool,,3,,410,,592,,193,,2.28027203984e-11,,speech: left
sec6-res-util-pool-c4m2,,3392,,pool,,3,,434,,560,,261,,1.47900887485e-19,,speech: left
sec6-res-util-pool-c4m2,,3400,,pool,,3,,411,,601,,201,,2.48136513594e-12,,speech: left
sec6-res-util-pool-c4m2,,3407,,pool,,3,,412,,637,,250,,3.12250225676e-18,,speech: left
sec6-res-util-pool-c4m2,,3416,,pool,,3,,412,,636,,276,,2.31095136696e-21,,speech: left
sec6-res-util-pool-c4m2,,3425,,pool,,3,,412,,563,,163,,9.33999427517e-08,,speech: left
sec6-res-util-pool-c4m2,,3431,,pool,,3,,435,,687,,396,,8.21014853244e-36,,speech: left
sec6-res-util-pool-c4m2,,3443,,pool,,3,,412,,550,,150,,3.43322753906e-06,,speech: left
sec6-res-util-pool-c4m2,,3449,,pool,,3,,409,,539,,140,,5.4931640625e-05,,Cannot find object ball
sec6-res-util-pool-c4m2,,3454,,pool,,3,,411,,484,,84,,1.0,,speech: left
sec6-res-util-pool-c4m2,,3457,,pool,,3,,411,,606,,207,,4.70130780512e-13,,speech: good
sec6-res-util-pool-c4m2,,3464,,pool,,3,,418,,571,,200,,3.27418092638e-12,,speech: left
sec6-res-util-pool-c4m2,,3471,,pool,,3,,410,,600,,201,,2.48136513594e-12,,speech: left
sec6-res-util-pool-c4m2,,3478,,pool,,3,,410,,676,,358,,3.09034487431e-31,,Cannot find cue ball
sec6-res-util-pool-c4m2,,3490,,pool,,3,,410,,696,,384,,2.28715181749e-34,,speech: right
sec6-res-util-pool-c4m2,,3502,,pool,,3,,408,,472,,72,,1.0,,Cannot find cue top
sec6-res-util-pool-c4m2,,3505,,pool,,3,,415,,495,,96,,0.99999,,Cannot find cue bottom
sec6-res-util-pool-c4m2,,3508,,pool,,3,,410,,553,,154,,1.13254272432e-06,,Cannot find cue bottom
sec6-res-util-pool-c4m2,,3514,,pool,,3,,411,,523,,124,,0.00463889499881,,Cannot find cue ball
sec6-res-util-pool-c4m2,,3518,,pool,,3,,414,,540,,238,,8.69854751525e-17,,Cannot find cue bottom
sec6-res-util-pool-c4m2,,3549,,pool,,3,,419,,545,,146,,1.04075997151e-05,,Cannot find cue bottom
sec6-res-util-pool-c4m2,,3554,,pool,,3,,431,,640,,285,,1.90582413132e-22,,Cannot find cue bottom
sec6-res-util-pool-c4m2,,3592,,pool,,3,,417,,606,,207,,4.70130780512e-13,,Cannot find cue bottom
sec6-res-util-pool-c4m2,,3599,,pool,,3,,442,,595,,195,,1.30967237055e-11,,Cannot find cue top
sec6-res-util-pool-c4m2,,3605,,pool,,3,,412,,526,,126,,0.00266434552707,,Cannot find cue top
sec6-res-util-pool-c4m2,,3610,,pool,,3,,412,,585,,186,,1.588073687e-10,,Cannot find cue top
sec6-res-util-pool-c4m2,,3620,,pool,,3,,412,,483,,85,,1.0,,Cannot find cue top
sec6-res-util-pool-c4m2,,3623,,pool,,3,,412,,535,,238,,8.69854751525e-17,,Cannot find cue top
sec6-res-util-pool-c4m2,,3631,,pool,,3,,412,,529,,163,,9.33999427517e-08,,Cannot find cue top
sec6-res-util-pool-c4m2,,3637,,pool,,3,,411,,582,,182,,4.81413919245e-10,,Cannot find cue bottom
sec6-res-util-pool-c4m2,,3643,,pool,,3,,414,,579,,179,,1.10599875422e-09,,Cannot find cue bottom
sec6-res-util-pool-c4m2,,3649,,pool,,3,,409,,578,,178,,1.4593741055e-09,,Cannot find cue bottom
sec6-res-util-pool-c4m2,,3656,,pool,,3,,411,,502,,104,,0.93439,,Cannot find cue top
sec6-res-util-pool-c4m2,,3662,,pool,,3,,410,,591,,191,,3.9701842175e-11,,Cannot find cue top
sec6-res-util-pool-c4m2,,3668,,pool,,3,,420,,551,,262,,1.12087912682e-19,,Cannot find cue bottom
sec6-res-util-pool-c4m2,,3677,,pool,,3,,409,,490,,90,,1.0,,Cannot find cue bottom
sec6-res-util-pool-c4m2,,3680,,pool,,3,,412,,462,,63,,1.0,,Cannot find cue top
sec6-res-util-pool-c4m2,,3683,,pool,,3,,412,,469,,73,,1.0,,Cannot find cue bottom
sec6-res-util-pool-c4m2,,3686,,pool,,3,,411,,464,,65,,1.0,,Cannot find cue top
sec6-res-util-pool-c4m2,,3689,,pool,,3,,414,,474,,75,,1.0,,Cannot find cue top
sec6-res-util-pool-c4m2,,3692,,pool,,3,,411,,477,,77,,1.0,,Cannot find cue top
sec6-res-util-pool-c4m2,,3695,,pool,,3,,421,,564,,165,,5.36441802979e-08,,Cannot find cue top
sec6-res-util-pool-c4m2,,3701,,pool,,3,,414,,489,,89,,1.0,,Cannot find cue top
sec6-res-util-pool-c4m2,,3704,,pool,,3,,424,,488,,88,,1.0,,Cannot find cue bottom
sec6-res-util-pool-c4m2,,3708,,pool,,3,,410,,470,,70,,1.0,,Cannot find cue bottom
sec6-res-util-pool-c4m2,,3711,,pool,,3,,414,,481,,111,,0.170518113732,,Cannot find cue top
sec6-res-util-pool-c4m2,,3715,,pool,,3,,410,,468,,74,,1.0,,Cannot find cue bottom
sec6-res-util-pool-c4m2,,3718,,pool,,3,,411,,476,,76,,1.0,,Cannot find cue bottom
sec6-res-util-pool-c4m2,,3721,,pool,,3,,410,,473,,73,,1.0,,Cannot find cue top
sec6-res-util-pool-c4m2,,3724,,pool,,3,,410,,482,,82,,1.0,,Cannot find cue bottom
sec6-res-util-pool-c4m2,,3727,,pool,,3,,410,,604,,205,,8.18545231596e-13,,Cannot find cue bottom
sec6-res-util-pool-c4m2,,3734,,pool,,3,,411,,505,,106,,0.68207245493,,Cannot find cue bottom
sec6-res-util-pool-c4m2,,3739,,pool,,3,,410,,515,,116,,0.0426295284331,,Cannot find cue ball
sec6-res-util-pool-c4m2,,3743,,pool,,3,,410,,592,,338,,7.91128287824e-29,,Cannot find cue bottom
sec6-res-util-pool-c4m2,,3754,,pool,,3,,411,,620,,276,,2.31095136696e-21,,Cannot find cue ball
sec6-res-util-pool-c4m2,,3763,,pool,,3,,410,,611,,212,,1.17532695128e-13,,Cannot find cue ball
sec6-res-util-pool-c4m2,,3770,,pool,,3,,416,,632,,344,,1.49890781511e-29,,Cannot find cue ball
sec6-res-util-pool-c4m2,,3781,,pool,,3,,412,,510,,111,,0.170518113732,,Cannot find object ball
sec6-res-util-pool-c4m2,,3786,,pool,,3,,411,,533,,134,,0.000289930937426,,Cannot find cue ball
sec6-res-util-pool-c4m2,,3790,,pool,,3,,410,,694,,387,,9.95540651531e-35,,Cannot find cue ball
sec6-res-util-pool-c4m2,,3803,,pool,,3,,411,,643,,279,,1.00590000713e-21,,Cannot find object ball
sec6-res-util-pool-c4m2,,3812,,pool,,3,,462,,735,,383,,3.01791491632e-34,,Cannot find cue ball
sec6-res-util-pool-c4m2,,3825,,pool,,3,,411,,632,,269,,1.60944001141e-20,,Cannot find cue bottom
sec6-res-util-pool-c4m2,,3834,,pool,,3,,417,,636,,281,,5.7773784174e-22,,Cannot find cue ball
sec6-res-util-pool-c4m2,,3843,,pool,,3,,412,,596,,196,,9.92546054374e-12,,Cannot find cue top
sec6-res-util-pool-c4m2,,3850,,pool,,3,,412,,598,,254,,1.0300416073e-18,,Cannot find cue top
sec6-res-util-pool-c4m2,,3858,,pool,,3,,414,,693,,379,,9.14860726997e-34,,Cannot find cue ball
sec6-res-util-pool-c4m2,,3871,,pool,,3,,413,,523,,123,,0.00612105864818,,Cannot find cue bottom
sec6-res-util-pool-c4m2,,3875,,pool,,3,,412,,547,,148,,5.97759633611e-06,,Cannot find cue bottom
sec6-res-util-pool-c4m2,,3880,,pool,,3,,411,,573,,173,,5.83749642198e-09,,Cannot find cue bottom
sec6-res-util-pool-c4m2,,3887,,pool,,3,,413,,496,,96,,0.99999,,Cannot find cue bottom
sec6-res-util-pool-c4m2,,3890,,pool,,3,,415,,533,,134,,0.000289930937426,,Cannot find cue bottom
sec6-res-util-pool-c4m2,,3895,,pool,,3,,412,,501,,102,,0.97599,,Cannot find cue bottom
sec6-res-util-pool-c4m2,,3899,,pool,,3,,427,,575,,175,,3.35276126862e-09,,Cannot find cue bottom
sec6-res-util-pool-c4m2,,3905,,pool,,3,,424,,558,,252,,1.79340660291e-18,,Cannot find cue bottom
sec6-res-util-pool-c4m2,,3913,,pool,,3,,413,,576,,176,,2.5409178992e-09,,Cannot find cue bottom
sec6-res-util-pool-c4m2,,3920,,pool,,3,,412,,567,,277,,1.75137363565e-21,,Cannot find cue ball
sec6-res-util-pool-c4m2,,3929,,pool,,3,,420,,567,,168,,2.33499856879e-08,,Cannot find cue bottom
sec6-res-util-pool-c4m2,,3935,,pool,,3,,428,,493,,92,,1.0,,Cannot find cue ball
sec6-res-util-pool-c4m2,,3939,,pool,,3,,413,,483,,84,,1.0,,Cannot find cue bottom
sec6-res-util-pool-c4m2,,3942,,pool,,3,,413,,527,,127,,0.00201919632714,,Cannot find cue bottom
sec6-res-util-pool-c4m2,,3947,,pool,,3,,413,,484,,96,,0.99999,,Cannot find cue bottom
sec6-res-util-pool-c4m2,,3950,,pool,,3,,413,,545,,146,,1.04075997151e-05,,Cannot find cue bottom
sec6-res-util-pool-c4m2,,3956,,pool,,3,,412,,501,,103,,0.95904,,Cannot find cue bottom
sec6-res-util-pool-c4m2,,3960,,pool,,3,,413,,533,,133,,0.000382566165511,,Cannot find cue bottom
sec6-res-util-pool-c4m2,,3964,,pool,,3,,411,,481,,81,,1.0,,Cannot find cue bottom
sec6-res-util-pool-c4m2,,3968,,pool,,3,,413,,511,,112,,0.129228564937,,Cannot find cue bottom
sec6-res-util-pool-c4m2,,3972,,pool,,3,,458,,518,,118,,0.0244842345927,,Cannot find cue bottom
sec6-res-util-pool-c4m2,,3976,,pool,,3,,411,,489,,89,,1.0,,Cannot find cue bottom
sec6-res-util-pool-c4m2,,3980,,pool,,3,,417,,484,,86,,1.0,,Cannot find cue bottom
sec6-res-util-pool-c4m2,,3984,,pool,,3,,413,,508,,109,,0.296889279924,,Cannot find cue bottom
sec6-res-util-pool-c4m2,,3988,,pool,,3,,411,,619,,361,,1.34515073556e-31,,Cannot find cue bottom
sec6-res-util-pool-c4m2,,4000,,pool,,3,,414,,526,,173,,5.83749642198e-09,,Cannot find cue bottom
sec6-res-util-pool-c4m2,,0,,pool,,3,,411,,512,,176,,2.5409178992e-09,,Cannot find cue bottom
sec6-res-util-pool-c4m2,,6,,pool,,3,,410,,512,,113,,0.0979369383708,,Cannot find cue bottom
sec6-res-util-pool-c4m2,,10,,pool,,3,,414,,485,,120,,0.0140625,,Cannot find cue bottom
sec6-res-util-pool-c4m2,,15,,pool,,3,,411,,599,,199,,4.32030763366e-12,,Cannot find cue bottom
sec6-res-util-pool-c4m2,,22,,pool,,3,,411,,505,,106,,0.68207245493,,Cannot find cue bottom
sec6-res-util-pool-c4m2,,26,,pool,,3,,412,,551,,232,,4.59112090344e-16,,Cannot find cue bottom
sec6-res-util-pool-c4m2,,34,,pool,,3,,411,,484,,84,,1.0,,Cannot find cue top
sec6-res-util-pool-c4m2,,37,,pool,,3,,412,,490,,127,,0.00201919632714,,Cannot find object ball
sec6-res-util-pool-c4m2,,42,,pool,,3,,411,,689,,316,,3.52623194421e-26,,Cannot find cue ball
sec6-res-util-pool-c4m2,,52,,pool,,3,,413,,747,,374,,3.65944290799e-33,,Cannot find cue ball
sec6-res-util-pool-c4m2,,64,,pool,,3,,410,,545,,146,,1.04075997151e-05,,Cannot find cue ball
sec6-res-util-pool-c4m2,,69,,pool,,3,,411,,578,,178,,1.4593741055e-09,,Cannot find cue ball
sec6-res-util-pool-c4m2,,76,,pool,,3,,412,,580,,183,,3.64843526374e-10,,speech: left
sec6-res-util-pool-c4m2,,82,,pool,,3,,424,,730,,398,,4.71549205675e-36,,Cannot find object ball
sec6-res-util-pool-c4m2,,95,,pool,,3,,410,,630,,281,,5.7773784174e-22,,Cannot find object ball
sec6-res-util-pool-c4m2,,104,,pool,,3,,412,,622,,275,,3.04931861012e-21,,Cannot find object ball
sec6-res-util-pool-c4m2,,113,,pool,,3,,411,,523,,124,,0.00463889499881,,Cannot find cue ball
sec6-res-util-pool-c4m2,,118,,pool,,3,,426,,571,,176,,2.5409178992e-09,,Cannot find object ball
sec6-res-util-pool-c4m2,,124,,pool,,3,,421,,546,,147,,7.8874856529e-06,,Cannot find cue ball
sec6-res-util-pool-c4m2,,129,,pool,,3,,410,,494,,95,,1.0,,Cannot find object ball
sec6-res-util-pool-c4m2,,133,,pool,,3,,414,,639,,335,,1.81753552563e-28,,Cannot find object ball
sec6-res-util-pool-c4m2,,144,,pool,,3,,414,,672,,378,,1.20716596653e-33,,Cannot find object ball
sec6-res-util-pool-c4m2,,156,,pool,,3,,410,,500,,100,,0.99375,,Cannot find cue ball
sec6-res-util-pool-c4m2,,160,,pool,,3,,419,,584,,186,,1.588073687e-10,,Cannot find cue ball
sec6-res-util-pool-c4m2,,167,,pool,,3,,410,,630,,342,,2.60975008555e-29,,Cannot find object ball
sec6-res-util-pool-c4m2,,178,,pool,,3,,432,,657,,278,,1.32729301685e-21,,Cannot find object ball
sec6-res-util-pool-c4m2,,187,,pool,,3,,411,,670,,381,,5.25449506076e-34,,Cannot find object ball
sec6-res-util-pool-c4m2,,199,,pool,,3,,412,,643,,270,,1.21972744405e-20,,Cannot find object ball
sec6-res-util-pool-c4m2,,209,,pool,,3,,411,,608,,208,,3.56292506224e-13,,Cannot find cue top
sec6-res-util-pool-c4m2,,216,,pool,,3,,410,,582,,243,,2.17463687881e-17,,Cannot find cue bottom
sec6-res-util-pool-c4m2,,224,,pool,,3,,410,,534,,135,,0.0002197265625,,Cannot find cue top
sec6-res-util-pool-c4m2,,229,,pool,,3,,431,,636,,318,,2.02528841683e-26,,Cannot find cue bottom
sec6-res-util-pool-c4m2,,239,,pool,,3,,409,,527,,128,,0.00153026466204,,Cannot find cue top
sec6-res-util-pool-c4m2,,244,,pool,,3,,410,,536,,136,,0.000166521595442,,Cannot find cue bottom
sec6-res-util-pool-c4m2,,249,,pool,,3,,414,,487,,87,,1.0,,Cannot find cue bottom
sec6-res-util-pool-c4m2,,252,,pool,,3,,411,,679,,360,,1.77493703675e-31,,Cannot find cue bottom
sec6-res-util-pool-c4m2,,264,,pool,,3,,412,,577,,177,,1.92565567698e-09,,Cannot find cue bottom
sec6-res-util-pool-c4m2,,270,,pool,,3,,411,,560,,261,,1.47900887485e-19,,Cannot find cue ball
sec6-res-util-pool-c4m2,,297,,pool,,3,,412,,487,,87,,1.0,,Cannot find cue bottom
sec6-res-util-pool-c4m2,,300,,pool,,3,,411,,494,,95,,1.0,,Cannot find cue bottom
sec6-res-util-pool-c4m2,,304,,pool,,3,,411,,469,,69,,1.0,,Cannot find cue bottom
sec6-res-util-pool-c4m2,,307,,pool,,3,,411,,543,,171,,1.01636715968e-08,,Cannot find cue bottom
sec6-res-util-pool-c4m2,,313,,pool,,3,,410,,526,,127,,0.00201919632714,,Cannot find cue bottom
sec6-res-util-pool-c4m2,,318,,pool,,3,,411,,516,,116,,0.0426295284331,,Cannot find cue bottom
sec6-res-util-pool-c4m2,,322,,pool,,3,,415,,490,,115,,0.05625,,Cannot find cue bottom
sec6-res-util-pool-c4m2,,341,,pool,,3,,417,,628,,279,,1.00590000713e-21,,Cannot find cue bottom
sec6-res-util-pool-c4m2,,350,,pool,,3,,411,,608,,209,,2.70019227104e-13,,Cannot find cue bottom
sec6-res-util-pool-c4m2,,357,,pool,,3,,411,,514,,137,,0.000126199770446,,Cannot find cue bottom
sec6-res-util-pool-c4m2,,375,,pool,,3,,417,,514,,114,,0.074222319981,,Cannot find cue bottom
sec6-res-util-pool-c4m2,,378,,pool,,3,,409,,486,,86,,1.0,,Cannot find cue bottom
sec6-res-util-pool-c4m2,,382,,pool,,3,,411,,501,,103,,0.95904,,Cannot find cue bottom
sec6-res-util-pool-c4m2,,386,,pool,,3,,410,,602,,310,,1.86115637824e-25,,Cannot find cue bottom
sec6-res-util-pool-c4m2,,396,,pool,,3,,410,,586,,188,,9.12108815935e-11,,Cannot find cue bottom
sec6-res-util-pool-c4m2,,403,,pool,,3,,412,,572,,173,,5.83749642198e-09,,Cannot find cue bottom
sec6-res-util-pool-c4m2,,409,,pool,,3,,440,,650,,266,,3.69752218714e-20,,Cannot find cue ball
sec6-res-util-pool-c4m2,,417,,pool,,3,,412,,481,,83,,1.0,,Cannot find object ball
sec6-res-util-pool-c4m2,,421,,pool,,3,,413,,495,,95,,1.0,,Cannot find object ball
sec6-res-util-pool-c4m2,,425,,pool,,3,,410,,543,,143,,2.39103853444e-05,,Cannot find object ball
sec6-res-util-pool-c4m2,,430,,pool,,3,,409,,552,,152,,1.97187141323e-06,,Cannot find object ball
sec6-res-util-pool-c4m2,,435,,pool,,3,,410,,566,,167,,3.08104908317e-08,,Cannot find cue ball
sec6-res-util-pool-c4m2,,441,,pool,,3,,411,,576,,177,,1.92565567698e-09,,Cannot find cue ball
sec6-res-util-pool-c4m2,,447,,pool,,3,,415,,508,,108,,0.391747753483,,Cannot find cue ball
sec6-res-util-pool-c4m2,,451,,pool,,3,,411,,525,,126,,0.00266434552707,,Cannot find object ball
sec6-res-util-pool-c4m2,,456,,pool,,3,,411,,526,,223,,5.56707040976e-15,,Cannot find cue ball
sec6-res-util-pool-c4m2,,464,,pool,,3,,423,,523,,124,,0.00463889499881,,Cannot find cue ball
sec6-res-util-pool-c4m2,,468,,pool,,3,,410,,659,,330,,7.27014210252e-28,,Cannot find cue ball
sec6-res-util-pool-c4m2,,479,,pool,,3,,411,,534,,134,,0.000289930937426,,Cannot find cue bottom
sec6-res-util-pool-c4m2,,484,,pool,,3,,414,,574,,174,,4.42399501687e-09,,Cannot find cue bottom
sec6-res-util-pool-c4m2,,490,,pool,,3,,427,,736,,422,,6.07629792194e-39,,Cannot find cue bottom
sec6-res-util-pool-c4m2,,504,,pool,,3,,411,,605,,206,,6.20341283984e-13,,Cannot find cue bottom
sec6-res-util-pool-c4m2,,511,,pool,,3,,415,,574,,247,,7.17362641163e-18,,Cannot find cue bottom
sec6-res-util-pool-c4m2,,519,,pool,,3,,411,,782,,487,,9.05438947967e-47,,Cannot find cue bottom
sec6-res-util-pool-c4m2,,534,,pool,,3,,412,,519,,119,,0.0185555799952,,Cannot find cue bottom
sec6-res-util-pool-c4m2,,539,,pool,,3,,411,,515,,116,,0.0426295284331,,Cannot find object ball
sec6-res-util-pool-c4m2,,543,,pool,,3,,410,,520,,164,,7.07839202699e-08,,Cannot find object ball
sec6-res-util-pool-c4m2,,549,,pool,,3,,410,,580,,180,,8.38190317154e-10,,Cannot find cue ball
sec6-res-util-pool-c4m2,,555,,pool,,3,,410,,599,,199,,4.32030763366e-12,,Cannot find cue bottom
sec6-res-util-pool-c4m2,,562,,pool,,3,,411,,644,,285,,1.90582413132e-22,,Cannot find cue bottom
sec6-res-util-pool-c4m2,,571,,pool,,3,,410,,552,,152,,1.97187141323e-06,,Cannot find cue bottom
sec6-res-util-pool-c4m2,,577,,pool,,3,,410,,496,,97,,0.99984,,Cannot find cue bottom
sec6-res-util-pool-c4m2,,581,,pool,,3,,410,,482,,106,,0.68207245493,,Cannot find cue bottom
sec6-res-util-pool-c4m2,,585,,pool,,3,,411,,592,,192,,3.00883699528e-11,,Cannot find cue bottom
sec6-res-util-pool-c4m2,,591,,pool,,3,,411,,553,,211,,1.55085320996e-13,,Cannot find cue bottom
sec6-res-util-pool-c4m2,,599,,pool,,3,,411,,567,,167,,3.08104908317e-08,,Cannot find cue bottom
sec6-res-util-pool-c4m2,,605,,pool,,3,,410,,634,,285,,1.90582413132e-22,,Cannot find cue bottom
sec6-res-util-pool-c4m2,,614,,pool,,3,,410,,524,,125,,0.003515625,,Cannot find object ball
sec6-res-util-pool-c4m2,,619,,pool,,3,,441,,589,,189,,6.91249221386e-11,,Cannot find cue bottom
sec6-res-util-pool-c4m2,,625,,pool,,3,,424,,666,,327,,1.67024005475e-27,,Cannot find cue top
sec6-res-util-pool-c4m2,,636,,pool,,3,,413,,486,,86,,1.0,,Cannot find cue top
sec6-res-util-pool-c4m2,,639,,pool,,3,,411,,499,,101,,0.98704,,Cannot find cue top
sec6-res-util-pool-c4m2,,643,,pool,,3,,420,,522,,125,,0.003515625,,Cannot find cue top
sec6-res-util-pool-c4m2,,648,,pool,,3,,411,,666,,277,,1.75137363565e-21,,Cannot find cue bottom
sec6-res-util-pool-c4m2,,657,,pool,,3,,412,,681,,378,,1.20716596653e-33,,Cannot find cue bottom
sec6-res-util-pool-c4m2,,669,,pool,,3,,412,,510,,110,,0.225,,Cannot find cue bottom
sec6-res-util-pool-c4m2,,674,,pool,,3,,413,,613,,213,,8.90731265561e-14,,Cannot find cue bottom
sec6-res-util-pool-c4m2,,681,,pool,,3,,412,,565,,165,,5.36441802979e-08,,Cannot find cue bottom
sec6-res-util-pool-c4m2,,687,,pool,,3,,411,,504,,104,,0.93439,,Cannot find cue bottom
sec6-res-util-pool-c4m2,,691,,pool,,3,,433,,560,,161,,1.62618745549e-07,,Cannot find cue bottom
sec6-res-util-pool-c4m2,,696,,pool,,3,,412,,550,,191,,3.9701842175e-11,,Cannot find cue bottom
sec6-res-util-pool-c4m2,,703,,pool,,3,,412,,482,,82,,1.0,,Cannot find cue bottom
sec6-res-util-pool-c4m2,,706,,pool,,3,,413,,627,,271,,9.24380546784e-21,,Cannot find cue bottom
sec6-res-util-pool-c4m2,,715,,pool,,3,,412,,546,,147,,7.8874856529e-06,,Cannot find cue bottom
sec6-res-util-pool-c4m2,,721,,pool,,3,,433,,556,,156,,6.50474982195e-07,,Cannot find cue bottom
sec6-res-util-pool-c4m2,,726,,pool,,3,,411,,503,,103,,0.95904,,Cannot find cue bottom
sec6-res-util-pool-c4m2,,753,,pool,,3,,418,,488,,88,,1.0,,Cannot find cue top
sec6-res-util-pool-c4m2,,756,,pool,,3,,411,,481,,82,,1.0,,Cannot find cue top
sec6-res-util-pool-c4m2,,759,,pool,,3,,446,,504,,104,,0.93439,,Cannot find cue bottom
sec6-res-util-pool-c4m2,,763,,pool,,3,,411,,646,,317,,2.6723840876e-26,,Cannot find cue bottom
sec6-res-util-pool-c4m2,,774,,pool,,3,,412,,502,,102,,0.97599,,Cannot find cue bottom
sec6-res-util-pool-c4m2,,778,,pool,,3,,411,,497,,97,,0.99984,,Cannot find cue ball
sec6-res-util-pool-c4m2,,784,,pool,,3,,411,,484,,85,,1.0,,Cannot find cue top
sec6-res-util-pool-c4m2,,787,,pool,,3,,411,,484,,84,,1.0,,Cannot find cue top
sec6-res-util-pool-c4m2,,791,,pool,,3,,415,,486,,109,,0.296889279924,,Cannot find cue ball
sec6-res-util-pool-c4m2,,795,,pool,,3,,412,,683,,302,,1.71032581607e-24,,Cannot find cue ball
sec6-res-util-pool-c4m2,,805,,pool,,3,,412,,514,,115,,0.05625,,Cannot find cue top
sec6-res-util-pool-c4m2,,809,,pool,,3,,412,,608,,208,,3.56292506224e-13,,Cannot find cue top
sec6-res-util-pool-c4m2,,824,,pool,,3,,419,,548,,149,,4.53017089728e-06,,Cannot find cue top
sec6-res-util-pool-c4m2,,829,,pool,,3,,411,,494,,94,,1.0,,Cannot find cue top
sec6-res-util-pool-c4m2,,833,,pool,,3,,411,,610,,264,,6.43776004562e-20,,Cannot find cue top
sec6-res-util-pool-c4m2,,842,,pool,,3,,412,,647,,272,,7.0054945426e-21,,Cannot find cue top
sec6-res-util-pool-c4m2,,851,,pool,,3,,411,,620,,281,,5.7773784174e-22,,Cannot find object ball
sec6-res-util-pool-c4m2,,861,,pool,,3,,411,,645,,270,,1.21972744405e-20,,Cannot find cue ball
sec6-res-util-pool-c4m2,,869,,pool,,3,,413,,549,,149,,4.53017089728e-06,,speech: right
sec6-res-util-pool-c4m2,,875,,pool,,3,,410,,514,,115,,0.05625,,Cannot find cue bottom
sec6-res-util-pool-c4m2,,879,,pool,,3,,410,,589,,189,,6.91249221386e-11,,speech: right
sec6-res-util-pool-c4m2,,886,,pool,,3,,443,,578,,178,,1.4593741055e-09,,Cannot find cue ball
sec6-res-util-pool-c4m2,,892,,pool,,3,,420,,539,,139,,7.24827343564e-05,,Cannot find cue bottom
sec6-res-util-pool-c4m2,,897,,pool,,3,,410,,597,,197,,7.5220924882e-12,,Cannot find cue bottom
sec6-res-util-pool-c4m2,,904,,pool,,3,,438,,518,,119,,0.0185555799952,,Cannot find cue bottom
sec6-res-util-pool-c4m2,,908,,pool,,3,,410,,532,,132,,0.000504799081786,,Cannot find cue ball
sec6-res-util-pool-c4m2,,913,,pool,,3,,411,,666,,352,,1.63109380347e-30,,Cannot find cue ball
sec6-res-util-pool-c4m2,,924,,pool,,3,,411,,561,,161,,1.62618745549e-07,,Cannot find cue bottom
sec6-res-util-pool-c4m2,,930,,pool,,3,,410,,588,,188,,9.12108815935e-11,,Cannot find cue bottom
sec6-res-util-pool-c4m2,,937,,pool,,3,,417,,537,,138,,9.56415413777e-05,,Cannot find cue ball
sec6-res-util-pool-c4m2,,942,,pool,,3,,410,,588,,188,,9.12108815935e-11,,Cannot find cue ball
sec6-res-util-pool-c4m2,,948,,pool,,3,,412,,686,,300,,2.97785020519e-24,,Cannot find object ball
sec6-res-util-pool-c4m2,,958,,pool,,3,,411,,740,,382,,3.98216260612e-34,,Cannot find object ball
sec6-res-util-pool-c4m2,,971,,pool,,3,,417,,669,,377,,1.59286504245e-33,,Cannot find cue bottom
sec6-res-util-pool-c4m2,,983,,pool,,3,,411,,655,,278,,1.32729301685e-21,,Cannot find cue bottom
sec6-res-util-pool-c4m2,,992,,pool,,3,,411,,604,,205,,8.18545231596e-13,,Cannot find cue bottom
sec6-res-util-pool-c4m2,,999,,pool,,3,,412,,591,,250,,3.12250225676e-18,,Cannot find cue ball
sec6-res-util-pool-c4m2,,1007,,pool,,3,,411,,536,,137,,0.000126199770446,,Cannot find cue bottom
sec6-res-util-pool-c4m2,,1012,,pool,,3,,411,,475,,75,,1.0,,Cannot find cue bottom
sec6-res-util-pool-c4m2,,1015,,pool,,3,,411,,502,,102,,0.97599,,Cannot find cue bottom
sec6-res-util-pool-c4m2,,1019,,pool,,3,,412,,475,,75,,1.0,,Cannot find cue bottom
sec6-res-util-pool-c4m2,,1023,,pool,,3,,417,,489,,166,,4.06546863872e-08,,Cannot find cue bottom
sec6-res-util-pool-c4m2,,1029,,pool,,3,,412,,525,,126,,0.00266434552707,,Cannot find cue bottom
sec6-res-util-pool-c4m2,,1033,,pool,,3,,414,,654,,326,,2.20389496513e-27,,Cannot find cue ball
sec6-res-util-pool-c4m2,,1044,,pool,,3,,412,,498,,98,,0.99919,,Cannot find cue ball
sec6-res-util-pool-c4m2,,1048,,pool,,3,,410,,557,,158,,3.73599771007e-07,,Cannot find cue ball
sec6-res-util-pool-c4m2,,1054,,pool,,3,,410,,472,,71,,1.0,,Cannot find cue ball
sec6-res-util-pool-c4m2,,1057,,pool,,3,,413,,473,,73,,1.0,,Cannot find cue ball
sec6-res-util-pool-c4m2,,1060,,pool,,3,,411,,470,,71,,1.0,,Cannot find cue ball
sec6-res-util-pool-c4m2,,1063,,pool,,3,,411,,473,,73,,1.0,,Cannot find cue ball
sec6-res-util-pool-c4m2,,1066,,pool,,3,,411,,481,,82,,1.0,,Cannot find cue ball
sec6-res-util-pool-c4m2,,1069,,pool,,3,,411,,479,,80,,1.0,,Cannot find cue bottom
sec6-res-util-pool-c4m2,,1072,,pool,,3,,411,,628,,256,,5.91603549942e-19,,Cannot find cue ball
sec6-res-util-pool-c4m2,,1081,,pool,,3,,411,,478,,78,,1.0,,Cannot find object ball
sec6-res-util-pool-c4m2,,1084,,pool,,3,,411,,476,,76,,1.0,,Cannot find object ball
sec6-res-util-pool-c4m2,,1087,,pool,,3,,411,,482,,83,,1.0,,Cannot find object ball
sec6-res-util-pool-c4m2,,1091,,pool,,3,,412,,506,,106,,0.68207245493,,Cannot find cue ball
sec6-res-util-pool-c4m2,,1095,,pool,,3,,410,,610,,211,,1.55085320996e-13,,Cannot find cue ball
sec6-res-util-pool-c4m2,,1102,,pool,,3,,418,,519,,119,,0.0185555799952,,Cannot find object ball
sec6-res-util-pool-c4m2,,1107,,pool,,3,,410,,625,,242,,2.86945056465e-17,,Cannot find object ball
sec6-res-util-pool-c4m2,,1115,,pool,,3,,411,,616,,277,,1.75137363565e-21,,Cannot find object ball
sec6-res-util-pool-c4m2,,1124,,pool,,3,,411,,544,,189,,6.91249221386e-11,,Cannot find cue ball
sec6-res-util-pool-c4m2,,1131,,pool,,3,,411,,598,,260,,1.95156391047e-19,,Cannot find object ball
sec6-res-util-pool-c4m2,,1139,,pool,,3,,411,,494,,94,,1.0,,Cannot find cue bottom
sec6-res-util-pool-c4m2,,1143,,pool,,3,,410,,597,,198,,5.70068009959e-12,,Cannot find cue bottom
sec6-res-util-pool-c4m2,,1150,,pool,,3,,414,,582,,183,,3.64843526374e-10,,Cannot find cue top
sec6-res-util-pool-c4m2,,1163,,pool,,3,,422,,548,,149,,4.53017089728e-06,,Cannot find cue top
sec6-res-util-pool-c4m2,,1167,,pool,,3,,458,,505,,105,,0.9,,Cannot find cue top
sec6-res-util-pool-c4m2,,1172,,pool,,3,,412,,467,,67,,1.0,,Cannot find cue top
sec6-res-util-pool-c4m2,,1174,,pool,,3,,413,,466,,66,,1.0,,Cannot find cue top
sec6-res-util-pool-c4m2,,1177,,pool,,3,,410,,469,,70,,1.0,,Cannot find cue top
sec6-res-util-pool-c4m2,,1180,,pool,,3,,410,,467,,67,,1.0,,Cannot find cue top
sec6-res-util-pool-c4m2,,1183,,pool,,3,,413,,528,,128,,0.00153026466204,,Cannot find cue top
sec6-res-util-pool-c4m2,,1188,,pool,,3,,413,,494,,94,,1.0,,Cannot find cue top
sec6-res-util-pool-c4m2,,1191,,pool,,3,,411,,653,,287,,1.09460852228e-22,,Cannot find cue top
sec6-res-util-pool-c4m2,,1205,,pool,,3,,410,,461,,101,,0.98704,,Cannot find cue top
sec6-res-util-pool-c4m2,,1209,,pool,,3,,410,,585,,228,,1.39176760244e-15,,Cannot find cue top
sec6-res-util-pool-c4m2,,1216,,pool,,3,,413,,482,,114,,0.074222319981,,Cannot find cue top
sec6-res-util-pool-c4m2,,1221,,pool,,3,,413,,683,,338,,7.91128287824e-29,,Cannot find cue bottom
sec6-res-util-pool-c4m2,,1232,,pool,,3,,414,,533,,133,,0.000382566165511,,Cannot find cue top
sec6-res-util-pool-c4m2,,1251,,pool,,3,,420,,495,,95,,1.0,,Cannot find cue top
sec6-res-util-pool-c4m2,,1254,,pool,,3,,410,,492,,93,,1.0,,Cannot find cue top
sec6-res-util-pool-c4m2,,1258,,pool,,3,,427,,489,,89,,1.0,,Cannot find cue top
sec6-res-util-pool-c4m2,,1262,,pool,,3,,411,,509,,109,,0.296889279924,,Cannot find cue top
sec6-res-util-pool-c4m2,,1266,,pool,,3,,411,,525,,165,,5.36441802979e-08,,Cannot find cue top
sec6-res-util-pool-c4m2,,1272,,pool,,3,,410,,592,,192,,3.00883699528e-11,,Cannot find cue top
sec6-res-util-pool-c4m2,,1292,,pool,,3,,417,,536,,142,,3.15499426116e-05,,Cannot find cue bottom
sec6-res-util-pool-c4m2,,1297,,pool,,3,,435,,571,,171,,1.01636715968e-08,,Cannot find cue bottom
sec6-res-util-pool-c4m2,,1303,,pool,,3,,434,,681,,363,,7.72586218578e-32,,Cannot find cue bottom
sec6-res-util-pool-c4m2,,1328,,pool,,3,,419,,544,,144,,1.81206835891e-05,,Cannot find cue bottom
sec6-res-util-pool-c4m2,,1333,,pool,,3,,436,,639,,290,,4.76456032831e-23,,Cannot find cue bottom
sec6-res-util-pool-c4m2,,1342,,pool,,3,,409,,546,,146,,1.04075997151e-05,,Cannot find cue bottom
sec6-res-util-pool-c4m2,,1348,,pool,,3,,413,,569,,169,,1.76959800675e-08,,Cannot find cue bottom
sec6-res-util-pool-c4m2,,1353,,pool,,3,,411,,581,,181,,6.35229474799e-10,,Cannot find cue bottom
sec6-res-util-pool-c4m2,,1364,,pool,,3,,411,,644,,282,,4.37843408913e-22,,Cannot find cue bottom
sec6-res-util-pool-c4m2,,1373,,pool,,3,,411,,555,,157,,4.92967853306e-07,,Cannot find cue bottom
sec6-res-util-pool-c4m2,,1378,,pool,,3,,411,,551,,151,,2.60189992878e-06,,Cannot find cue bottom
sec6-res-util-pool-c4m2,,1384,,pool,,3,,432,,593,,218,,2.2268281639e-14,,Cannot find cue bottom
sec6-res-util-pool-c4m2,,1391,,pool,,3,,413,,508,,108,,0.391747753483,,Cannot find cue ball
sec6-res-util-pool-c4m2,,1395,,pool,,3,,408,,482,,82,,1.0,,Cannot find cue ball
sec6-res-util-pool-c4m2,,1399,,pool,,3,,432,,558,,158,,3.73599771007e-07,,Cannot find cue bottom
sec6-res-util-pool-c4m2,,1404,,pool,,3,,412,,483,,83,,1.0,,Cannot find cue bottom
sec6-res-util-pool-c4m2,,1408,,pool,,3,,411,,482,,82,,1.0,,Cannot find cue bottom
sec6-res-util-pool-c4m2,,1411,,pool,,3,,412,,536,,220,,1.27897692437e-14,,Cannot find cue bottom
sec6-res-util-pool-c4m2,,1419,,pool,,3,,412,,607,,208,,3.56292506224e-13,,Cannot find object ball
sec6-res-util-pool-c4m2,,1426,,pool,,3,,411,,647,,347,,6.52437521387e-30,,Cannot find cue bottom
sec6-res-util-pool-c4m2,,1437,,pool,,3,,411,,550,,150,,3.43322753906e-06,,Cannot find cue bottom
sec6-res-util-pool-c4m2,,1443,,pool,,3,,412,,494,,95,,1.0,,Cannot find cue bottom
sec6-res-util-pool-c4m2,,1446,,pool,,3,,413,,505,,105,,0.9,,Cannot find cue bottom
sec6-res-util-pool-c4m2,,1451,,pool,,3,,413,,574,,174,,4.42399501687e-09,,Cannot find cue bottom
sec6-res-util-pool-c4m2,,1457,,pool,,3,,410,,512,,113,,0.0979369383708,,Cannot find cue ball
sec6-res-util-pool-c4m2,,1461,,pool,,3,,414,,517,,118,,0.0244842345927,,Cannot find cue ball
sec6-res-util-pool-c4m2,,1465,,pool,,3,,420,,569,,271,,9.24380546784e-21,,Cannot find cue ball
sec6-res-util-pool-c4m2,,1474,,pool,,3,,412,,567,,167,,3.08104908317e-08,,Cannot find cue bottom
sec6-res-util-pool-c4m2,,1481,,pool,,3,,410,,556,,156,,6.50474982195e-07,,Cannot find cue bottom
sec6-res-util-pool-c4m2,,1486,,pool,,3,,421,,496,,96,,0.99999,,Cannot find cue bottom
sec6-res-util-pool-c4m2,,1490,,pool,,3,,410,,604,,367,,2.54858406792e-32,,Cannot find cue bottom
sec6-res-util-pool-c4m2,,1502,,pool,,3,,478,,702,,380,,6.93334779979e-34,,Cannot find cue bottom
sec6-res-util-pool-c4m2,,1514,,pool,,3,,412,,617,,276,,2.31095136696e-21,,Cannot find cue bottom
sec6-res-util-pool-c4m2,,1523,,pool,,3,,484,,712,,381,,5.25449506076e-34,,Cannot find cue bottom
sec6-res-util-pool-c4m2,,1536,,pool,,3,,410,,486,,86,,1.0,,Cannot find cue bottom
sec6-res-util-pool-c4m2,,1539,,pool,,3,,409,,567,,168,,2.33499856879e-08,,Cannot find cue bottom
sec6-res-util-pool-c4m2,,1545,,pool,,3,,408,,668,,278,,1.32729301685e-21,,Cannot find cue bottom
sec6-res-util-pool-c4m2,,1554,,pool,,3,,411,,513,,113,,0.0979369383708,,Cannot find cue bottom
sec6-res-util-pool-c4m2,,1558,,pool,,3,,418,,659,,344,,1.49890781511e-29,,Cannot find cue bottom
sec6-res-util-pool-c4m2,,1569,,pool,,3,,411,,638,,267,,2.80219781704e-20,,Cannot find cue bottom
sec6-res-util-pool-c4m2,,1579,,pool,,3,,438,,595,,195,,1.30967237055e-11,,Cannot find cue bottom
sec6-res-util-pool-c4m2,,1585,,pool,,3,,415,,536,,158,,3.73599771007e-07,,Cannot find cue bottom
sec6-res-util-pool-c4m2,,1591,,pool,,3,,412,,566,,166,,4.06546863872e-08,,Cannot find cue bottom
sec6-res-util-pool-c4m2,,1597,,pool,,3,,411,,483,,83,,1.0,,Cannot find cue bottom
sec6-res-util-pool-c4m2,,1600,,pool,,3,,412,,493,,93,,1.0,,Cannot find cue bottom
sec6-res-util-pool-c4m2,,1604,,pool,,3,,411,,497,,97,,0.99984,,Cannot find cue bottom
sec6-res-util-pool-c4m2,,1608,,pool,,3,,411,,498,,98,,0.99919,,Cannot find cue bottom
sec6-res-util-pool-c4m2,,1611,,pool,,3,,411,,472,,109,,0.296889279924,,Cannot find cue bottom
sec6-res-util-pool-c4m2,,1616,,pool,,3,,410,,506,,106,,0.68207245493,,Cannot find cue bottom
sec6-res-util-pool-c4m2,,1620,,pool,,3,,408,,506,,104,,0.93439,,Cannot find cue ball
sec6-res-util-pool-c4m2,,1624,,pool,,3,,411,,605,,330,,7.27014210252e-28,,Cannot find cue ball
sec6-res-util-pool-c4m2,,1634,,pool,,3,,411,,520,,120,,0.0140625,,Cannot find cue bottom
sec6-res-util-pool-c4m2,,1639,,pool,,3,,411,,467,,68,,1.0,,Cannot find cue top
sec6-res-util-pool-c4m2,,1642,,pool,,3,,410,,478,,78,,1.0,,Cannot find cue top
sec6-res-util-pool-c4m2,,1645,,pool,,3,,410,,487,,87,,1.0,,Cannot find cue bottom
sec6-res-util-pool-c4m2,,1648,,pool,,3,,411,,460,,60,,1.0,,Cannot find cue top
sec6-res-util-pool-c4m2,,1651,,pool,,3,,412,,480,,79,,1.0,,Cannot find cue top
sec6-res-util-pool-c4m2,,1654,,pool,,3,,412,,552,,152,,1.97187141323e-06,,Cannot find cue bottom
sec6-res-util-pool-c4m2,,1672,,pool,,3,,418,,510,,157,,4.92967853306e-07,,Cannot find cue top
sec6-res-util-pool-c4m2,,1677,,pool,,3,,411,,540,,141,,4.16303988605e-05,,Cannot find cue top
sec6-res-util-pool-c4m2,,1682,,pool,,3,,411,,489,,89,,1.0,,Cannot find cue top
sec6-res-util-pool-c4m2,,1685,,pool,,3,,413,,481,,81,,1.0,,Cannot find cue top
sec6-res-util-pool-c4m2,,1689,,pool,,3,,412,,485,,85,,1.0,,Cannot find cue top
sec6-res-util-pool-c4m2,,1692,,pool,,3,,450,,603,,203,,1.4251700249e-12,,Cannot find cue top
sec6-res-util-pool-c4m2,,1699,,pool,,3,,410,,527,,150,,3.43322753906e-06,,Cannot find cue top
sec6-res-util-pool-c4m2,,1705,,pool,,3,,414,,545,,145,,1.37329101563e-05,,Cannot find cue top
sec6-res-util-pool-c4m2,,1710,,pool,,3,,412,,552,,152,,1.97187141323e-06,,Cannot find cue bottom
sec6-res-util-pool-c4m2,,1715,,pool,,3,,412,,504,,104,,0.93439,,Cannot find cue ball
sec6-res-util-pool-c4m2,,1719,,pool,,3,,412,,670,,303,,1.29618458677e-24,,Cannot find cue ball
sec6-res-util-pool-c4m2,,1729,,pool,,3,,414,,615,,215,,5.11590769747e-14,,Cannot find cue bottom
sec6-res-util-pool-c4m2,,1737,,pool,,3,,413,,599,,199,,4.32030763366e-12,,Cannot find cue bottom
sec6-res-util-pool-c4m2,,1744,,pool,,3,,440,,691,,414,,5.58386674192e-38,,Cannot find cue ball
sec6-res-util-pool-c4m2,,1757,,pool,,3,,412,,640,,277,,1.75137363565e-21,,speech: right
sec6-res-util-pool-c4m2,,1766,,pool,,3,,409,,553,,153,,1.49439908403e-06,,Cannot find cue bottom
sec6-res-util-pool-c4m2,,1771,,pool,,3,,412,,619,,304,,9.82324225712e-25,,Cannot find cue bottom
sec6-res-util-pool-c4m2,,1781,,pool,,3,,412,,587,,187,,1.20353479811e-10,,Cannot find cue bottom
sec6-res-util-pool-c4m2,,1788,,pool,,3,,411,,609,,260,,1.95156391047e-19,,Cannot find cue bottom
sec6-res-util-pool-c4m2,,1797,,pool,,3,,412,,584,,184,,2.76499688554e-10,,Cannot find cue bottom
sec6-res-util-pool-c4m2,,1803,,pool,,3,,410,,586,,270,,1.21972744405e-20,,Cannot find cue bottom
sec6-res-util-pool-c4m2,,1812,,pool,,3,,410,,517,,117,,0.0323071412343,,Cannot find cue bottom
sec6-res-util-pool-c4m2,,1817,,pool,,3,,410,,640,,338,,7.91128287824e-29,,Cannot find cue bottom
sec6-res-util-pool-c4m2,,1827,,pool,,3,,411,,644,,279,,1.00590000713e-21,,Cannot find cue bottom
sec6-res-util-pool-c4m2,,1837,,pool,,3,,415,,681,,280,,7.62329652529e-22,,speech: left
sec6-res-util-pool-c4m2,,1846,,pool,,3,,413,,658,,280,,7.62329652529e-22,,speech: good
sec6-res-util-pool-c4m2,,1855,,pool,,3,,414,,577,,177,,1.92565567698e-09,,speech: left
sec6-res-util-pool-c4m2,,1861,,pool,,3,,413,,518,,168,,2.33499856879e-08,,Cannot find cue bottom
sec6-res-util-pool-c4m2,,1867,,pool,,3,,410,,527,,127,,0.00201919632714,,speech: left
sec6-res-util-pool-c4m2,,1872,,pool,,3,,411,,592,,192,,3.00883699528e-11,,speech: left
sec6-res-util-pool-c4m2,,1886,,pool,,3,,418,,482,,80,,1.0,,Cannot find cue bottom
sec6-res-util-pool-c4m2,,1898,,pool,,3,,412,,499,,98,,0.99919,,Cannot find cue bottom
sec6-res-util-pool-c4m2,,1901,,pool,,3,,410,,500,,99,,0.99744,,Cannot find cue bottom
sec6-res-util-pool-c4m2,,1905,,pool,,3,,411,,500,,100,,0.99375,,Cannot find cue bottom
sec6-res-util-pool-c4m2,,1908,,pool,,3,,411,,590,,241,,3.78626271963e-17,,Cannot find cue bottom
sec6-res-util-pool-c4m2,,1917,,pool,,3,,410,,522,,122,,0.00807678530857,,Cannot find cue bottom
sec6-res-util-pool-c4m2,,1921,,pool,,3,,412,,565,,164,,7.07839202699e-08,,Cannot find cue bottom
sec6-res-util-pool-c4m2,,1927,,pool,,3,,410,,579,,179,,1.10599875422e-09,,Cannot find cue bottom
sec6-res-util-pool-c4m2,,1933,,pool,,3,,419,,498,,98,,0.99919,,Cannot find cue bottom
sec6-res-util-pool-c4m2,,1937,,pool,,3,,412,,539,,139,,7.24827343564e-05,,Cannot find cue bottom
sec6-res-util-pool-c4m2,,1942,,pool,,3,,423,,565,,165,,5.36441802979e-08,,Cannot find cue bottom
sec6-res-util-pool-c4m2,,1948,,pool,,3,,430,,640,,261,,1.47900887485e-19,,Cannot find cue bottom
sec6-res-util-pool-c4m2,,1957,,pool,,3,,452,,567,,166,,4.06546863872e-08,,Cannot find cue bottom
sec6-res-util-pool-c4m2,,1962,,pool,,3,,410,,654,,288,,8.29558135533e-23,,Cannot find cue bottom
sec6-res-util-pool-c4m2,,1972,,pool,,3,,411,,553,,153,,1.49439908403e-06,,Cannot find cue bottom
sec6-res-util-pool-c4m2,,1977,,pool,,3,,411,,750,,405,,6.77084746074e-37,,Cannot find cue bottom
sec6-res-util-pool-c4m2,,1990,,pool,,3,,410,,541,,140,,5.4931640625e-05,,Cannot find cue bottom
sec6-res-util-pool-c4m2,,1995,,pool,,3,,449,,668,,321,,8.81557986054e-27,,speech: left
sec6-res-util-pool-c4m2,,2006,,pool,,3,,412,,512,,112,,0.129228564937,,Cannot find cue top
sec6-res-util-pool-c4m2,,2010,,pool,,3,,408,,505,,104,,0.93439,,Cannot find cue top
sec6-res-util-pool-c4m2,,2014,,pool,,3,,412,,660,,314,,6.1395264107e-26,,Cannot find cue bottom
sec6-res-util-pool-c4m2,,2024,,pool,,3,,410,,503,,103,,0.95904,,Cannot find cue top
sec6-res-util-pool-c4m2,,2038,,pool,,3,,416,,502,,101,,0.98704,,Cannot find cue top
sec6-res-util-pool-c4m2,,2041,,pool,,3,,412,,538,,138,,9.56415413777e-05,,Cannot find cue bottom
sec6-res-util-pool-c4m2,,2046,,pool,,3,,410,,497,,96,,0.99999,,Cannot find cue top
sec6-res-util-pool-c4m2,,2050,,pool,,3,,410,,463,,62,,1.0,,Cannot find cue top
sec6-res-util-pool-c4m2,,2052,,pool,,3,,409,,482,,82,,1.0,,Cannot find cue top
sec6-res-util-pool-c4m2,,2056,,pool,,3,,408,,477,,77,,1.0,,Cannot find cue top
sec6-res-util-pool-c4m2,,2059,,pool,,3,,437,,554,,154,,1.13254272432e-06,,Cannot find cue top
sec6-res-util-pool-c4m2,,2064,,pool,,3,,409,,582,,480,,6.30584308946e-46,,Cannot find cue top
sec6-res-util-pool-c4m2,,2079,,pool,,3,,411,,485,,84,,1.0,,Cannot find cue bottom
sec6-res-util-pool-c4m2,,2083,,pool,,3,,428,,540,,140,,5.4931640625e-05,,Cannot find cue bottom
sec6-res-util-pool-c4m2,,2088,,pool,,3,,411,,614,,304,,9.82324225712e-25,,Cannot find cue bottom
sec6-res-util-pool-c4m2,,2098,,pool,,3,,408,,495,,95,,1.0,,Cannot find cue bottom
sec6-res-util-pool-c4m2,,2102,,pool,,3,,410,,468,,67,,1.0,,Cannot find cue top
sec6-res-util-pool-c4m2,,2105,,pool,,3,,409,,485,,85,,1.0,,Cannot find cue top
sec6-res-util-pool-c4m2,,2108,,pool,,3,,409,,477,,76,,1.0,,Cannot find cue top
