sec6-res-util-pool-c8m2,,667,,pool,,3,,443,,545,,149,,4.53017089728e-06,,Cannot find cue ball
sec6-res-util-pool-c8m2,,671,,pool,,3,,409,,514,,119,,0.0185555799952,,Cannot find cue bottom
sec6-res-util-pool-c8m2,,676,,pool,,3,,408,,524,,128,,0.00153026466204,,Cannot find cue bottom
sec6-res-util-pool-c8m2,,681,,pool,,3,,410,,517,,121,,0.0106573821083,,Cannot find cue bottom
sec6-res-util-pool-c8m2,,685,,pool,,3,,410,,497,,101,,0.98704,,Cannot find cue bottom
sec6-res-util-pool-c8m2,,689,,pool,,3,,408,,521,,125,,0.003515625,,Cannot find cue bottom
sec6-res-util-pool-c8m2,,694,,pool,,3,,409,,528,,133,,0.000382566165511,,Cannot find cue bottom
sec6-res-util-pool-c8m2,,699,,pool,,3,,409,,520,,123,,0.00612105864818,,Cannot find cue bottom
sec6-res-util-pool-c8m2,,703,,pool,,3,,408,,501,,104,,0.93439,,Cannot find cue bottom
sec6-res-util-pool-c8m2,,707,,pool,,3,,412,,500,,104,,0.93439,,Cannot find cue bottom
sec6-res-util-pool-c8m2,,711,,pool,,3,,408,,519,,176,,2.5409178992e-09,,Cannot find cue bottom
sec6-res-util-pool-c8m2,,717,,pool,,3,,408,,504,,107,,0.516914259749,,Cannot find cue bottom
sec6-res-util-pool-c8m2,,721,,pool,,3,,409,,479,,83,,1.0,,Cannot find cue bottom
sec6-res-util-pool-c8m2,,725,,pool,,3,,407,,471,,74,,1.0,,Cannot find cue ball
sec6-res-util-pool-c8m2,,728,,pool,,3,,407,,473,,77,,1.0,,Cannot find cue ball
sec6-res-util-pool-c8m2,,753,,pool,,3,,415,,479,,82,,1.0,,Cannot find cue top
sec6-res-util-pool-c8m2,,756,,pool,,3,,407,,453,,56,,1.0,,Cannot find cue top
sec6-res-util-pool-c8m2,,758,,pool,,3,,408,,490,,93,,1.0,,Cannot find cue bottom
sec6-res-util-pool-c8m2,,762,,pool,,3,,406,,497,,102,,0.97599,,Cannot find cue bottom
sec6-res-util-pool-c8m2,,766,,pool,,3,,408,,496,,100,,0.99375,,Cannot find cue bottom
sec6-res-util-pool-c8m2,,770,,pool,,3,,408,,502,,165,,5.36441802979e-08,,Cannot find cue top
sec6-res-util-pool-c8m2,,776,,pool,,3,,408,,521,,124,,0.00463889499881,,Cannot find cue ball
sec6-res-util-pool-c8m2,,780,,pool,,3,,408,,503,,107,,0.516914259749,,Cannot find cue bottom
sec6-res-util-pool-c8m2,,784,,pool,,3,,407,,487,,91,,1.0,,Cannot find cue top
sec6-res-util-pool-c8m2,,788,,pool,,3,,409,,497,,100,,0.99375,,Cannot find cue top
sec6-res-util-pool-c8m2,,792,,pool,,3,,412,,508,,111,,0.170518113732,,Cannot find cue ball
sec6-res-util-pool-c8m2,,796,,pool,,3,,408,,465,,118,,0.0244842345927,,Cannot find cue bottom
sec6-res-util-pool-c8m2,,800,,pool,,3,,410,,505,,109,,0.296889279924,,Cannot find cue bottom
sec6-res-util-pool-c8m2,,804,,pool,,3,,410,,486,,89,,1.0,,Cannot find cue top
sec6-res-util-pool-c8m2,,808,,pool,,3,,409,,473,,76,,1.0,,Cannot find cue top
sec6-res-util-pool-c8m2,,811,,pool,,3,,409,,456,,60,,1.0,,Cannot find cue top
sec6-res-util-pool-c8m2,,824,,pool,,3,,411,,486,,90,,1.0,,Cannot find cue top
sec6-res-util-pool-c8m2,,827,,pool,,3,,408,,461,,66,,1.0,,Cannot find cue top
sec6-res-util-pool-c8m2,,830,,pool,,3,,408,,466,,69,,1.0,,Cannot find cue top
sec6-res-util-pool-c8m2,,833,,pool,,3,,408,,478,,81,,1.0,,Cannot find cue top
sec6-res-util-pool-c8m2,,836,,pool,,3,,410,,465,,69,,1.0,,Cannot find cue top
sec6-res-util-pool-c8m2,,839,,pool,,3,,409,,469,,73,,1.0,,Cannot find cue top
sec6-res-util-pool-c8m2,,842,,pool,,3,,411,,493,,97,,0.99984,,Cannot find cue top
sec6-res-util-pool-c8m2,,846,,pool,,3,,409,,508,,112,,0.129228564937,,Cannot find cue top
sec6-res-util-pool-c8m2,,851,,pool,,3,,407,,468,,71,,1.0,,Cannot find object ball
sec6-res-util-pool-c8m2,,861,,pool,,3,,411,,491,,96,,0.99999,,Cannot find cue ball
sec6-res-util-pool-c8m2,,864,,pool,,3,,405,,495,,99,,0.99744,,speech: right
sec6-res-util-pool-c8m2,,868,,pool,,3,,407,,489,,93,,1.0,,Cannot find cue ball
sec6-res-util-pool-c8m2,,872,,pool,,3,,408,,499,,103,,0.95904,,Cannot find cue bottom
sec6-res-util-pool-c8m2,,876,,pool,,3,,407,,469,,78,,1.0,,Cannot find cue ball
sec6-res-util-pool-c8m2,,879,,pool,,3,,408,,470,,73,,1.0,,speech: right
sec6-res-util-pool-c8m2,,882,,pool,,3,,407,,466,,69,,1.0,,Cannot find cue ball
sec6-res-util-pool-c8m2,,885,,pool,,3,,408,,494,,102,,0.97599,,Cannot find cue ball
sec6-res-util-pool-c8m2,,889,,pool,,3,,408,,488,,91,,1.0,,Cannot find cue ball
sec6-res-util-pool-c8m2,,892,,pool,,3,,410,,477,,80,,1.0,,Cannot find cue bottom
sec6-res-util-pool-c8m2,,896,,pool,,3,,407,,475,,78,,1.0,,Cannot find cue bottom
sec6-res-util-pool-c8m2,,899,,pool,,3,,407,,499,,102,,0.97599,,Cannot find cue bottom
sec6-res-util-pool-c8m2,,903,,pool,,3,,407,,497,,101,,0.98704,,Cannot find cue bottom
sec6-res-util-pool-c8m2,,907,,pool,,3,,406,,472,,75,,1.0,,Cannot find cue ball
sec6-res-util-pool-c8m2,,910,,pool,,3,,404,,496,,100,,0.99375,,Cannot find object ball
sec6-res-util-pool-c8m2,,914,,pool,,3,,407,,492,,95,,1.0,,Cannot find cue ball
sec6-res-util-pool-c8m2,,918,,pool,,3,,407,,466,,70,,1.0,,Cannot find cue ball
sec6-res-util-pool-c8m2,,921,,pool,,3,,406,,470,,73,,1.0,,Cannot find cue bottom
sec6-res-util-pool-c8m2,,924,,pool,,3,,406,,492,,96,,0.99999,,Cannot find cue bottom
sec6-res-util-pool-c8m2,,928,,pool,,3,,408,,494,,98,,0.99919,,Cannot find cue bottom
sec6-res-util-pool-c8m2,,931,,pool,,3,,407,,493,,97,,0.99984,,Cannot find cue ball
sec6-res-util-pool-c8m2,,935,,pool,,3,,407,,467,,70,,1.0,,Cannot find cue ball
sec6-res-util-pool-c8m2,,938,,pool,,3,,407,,494,,97,,0.99984,,Cannot find cue bottom
sec6-res-util-pool-c8m2,,942,,pool,,3,,408,,494,,98,,0.99919,,Cannot find cue ball
sec6-res-util-pool-c8m2,,946,,pool,,3,,407,,499,,104,,0.93439,,Cannot find object ball
sec6-res-util-pool-c8m2,,950,,pool,,3,,406,,507,,194,,1.72812305347e-11,,Cannot find object ball
sec6-res-util-pool-c8m2,,957,,pool,,3,,579,,695,,298,,5.18473834708e-24,,Cannot find object ball
sec6-res-util-pool-c8m2,,967,,pool,,3,,407,,514,,117,,0.0323071412343,,Cannot find cue bottom
sec6-res-util-pool-c8m2,,971,,pool,,3,,408,,491,,95,,1.0,,Cannot find cue bottom
sec6-res-util-pool-c8m2,,975,,pool,,3,,408,,532,,201,,2.48136513594e-12,,Cannot find cue bottom
sec6-res-util-pool-c8m2,,981,,pool,,3,,406,,470,,73,,1.0,,Cannot find cue bottom
sec6-res-util-pool-c8m2,,984,,pool,,3,,408,,469,,73,,1.0,,Cannot find cue bottom
sec6-res-util-pool-c8m2,,987,,pool,,3,,409,,492,,95,,1.0,,Cannot find cue bottom
sec6-res-util-pool-c8m2,,991,,pool,,3,,405,,474,,78,,1.0,,Cannot find cue bottom
sec6-res-util-pool-c8m2,,994,,pool,,3,,404,,503,,107,,0.516914259749,,Cannot find cue bottom
sec6-res-util-pool-c8m2,,998,,pool,,3,,408,,505,,109,,0.296889279924,,Cannot find cue bottom
sec6-res-util-pool-c8m2,,1003,,pool,,3,,404,,473,,183,,3.64843526374e-10,,Cannot find cue ball
sec6-res-util-pool-c8m2,,1009,,pool,,3,,406,,490,,93,,1.0,,Cannot find cue bottom
sec6-res-util-pool-c8m2,,1013,,pool,,3,,405,,495,,98,,0.99919,,Cannot find cue bottom
sec6-res-util-pool-c8m2,,1016,,pool,,3,,407,,496,,99,,0.99744,,Cannot find cue bottom
sec6-res-util-pool-c8m2,,1020,,pool,,3,,405,,539,,143,,2.39103853444e-05,,Cannot find cue bottom
sec6-res-util-pool-c8m2,,1025,,pool,,3,,406,,497,,100,,0.99375,,Cannot find cue bottom
sec6-res-util-pool-c8m2,,1029,,pool,,3,,407,,528,,132,,0.000504799081786,,Cannot find cue bottom
sec6-res-util-pool-c8m2,,1034,,pool,,3,,408,,511,,116,,0.0426295284331,,Cannot find cue ball
sec6-res-util-pool-c8m2,,1038,,pool,,3,,410,,528,,219,,1.6876201694e-14,,Cannot find cue ball
sec6-res-util-pool-c8m2,,1046,,pool,,3,,408,,513,,116,,0.0426295284331,,Cannot find object ball
sec6-res-util-pool-c8m2,,1050,,pool,,3,,406,,470,,73,,1.0,,Cannot find cue ball
sec6-res-util-pool-c8m2,,1053,,pool,,3,,407,,474,,77,,1.0,,Cannot find cue ball
sec6-res-util-pool-c8m2,,1057,,pool,,3,,407,,519,,123,,0.00612105864818,,Cannot find cue ball
sec6-res-util-pool-c8m2,,1061,,pool,,3,,407,,506,,109,,0.296889279924,,Cannot find cue ball
sec6-res-util-pool-c8m2,,1065,,pool,,3,,407,,473,,76,,1.0,,Cannot find cue ball
sec6-res-util-pool-c8m2,,1068,,pool,,3,,406,,484,,88,,1.0,,Cannot find cue bottom
sec6-res-util-pool-c8m2,,1072,,pool,,3,,408,,469,,73,,1.0,,Cannot find cue ball
sec6-res-util-pool-c8m2,,1075,,pool,,3,,405,,488,,91,,1.0,,Cannot find object ball
sec6-res-util-pool-c8m2,,1078,,pool,,3,,410,,484,,86,,1.0,,Cannot find object ball
sec6-res-util-pool-c8m2,,1082,,pool,,3,,406,,487,,92,,1.0,,Cannot find object ball
sec6-res-util-pool-c8m2,,1085,,pool,,3,,408,,472,,75,,1.0,,Cannot find object ball
sec6-res-util-pool-c8m2,,1089,,pool,,3,,407,,526,,129,,0.0011597237497,,Cannot find object ball
sec6-res-util-pool-c8m2,,1093,,pool,,3,,407,,473,,76,,1.0,,Cannot find cue ball
sec6-res-util-pool-c8m2,,1097,,pool,,3,,409,,493,,96,,0.99999,,Cannot find cue ball
sec6-res-util-pool-c8m2,,1100,,pool,,3,,408,,491,,205,,8.18545231596e-13,,Cannot find object ball
sec6-res-util-pool-c8m2,,1107,,pool,,3,,408,,511,,115,,0.05625,,Cannot find object ball
sec6-res-util-pool-c8m2,,1112,,pool,,3,,407,,558,,161,,1.62618745549e-07,,Cannot find object ball
sec6-res-util-pool-c8m2,,1117,,pool,,3,,410,,535,,139,,7.24827343564e-05,,Cannot find object ball
sec6-res-util-pool-c8m2,,1123,,pool,,3,,408,,492,,96,,0.99999,,Cannot find cue ball
sec6-res-util-pool-c8m2,,1126,,pool,,3,,407,,511,,114,,0.074222319981,,Cannot find cue ball
sec6-res-util-pool-c8m2,,1131,,pool,,3,,408,,501,,116,,0.0426295284331,,Cannot find object ball
sec6-res-util-pool-c8m2,,1135,,pool,,3,,419,,531,,135,,0.0002197265625,,Cannot find object ball
sec6-res-util-pool-c8m2,,1140,,pool,,3,,407,,474,,78,,1.0,,Cannot find cue top
sec6-res-util-pool-c8m2,,1143,,pool,,3,,406,,470,,74,,1.0,,Cannot find cue bottom
sec6-res-util-pool-c8m2,,1146,,pool,,3,,406,,454,,58,,1.0,,Cannot find cue top
sec6-res-util-pool-c8m2,,1149,,pool,,3,,408,,459,,62,,1.0,,Cannot find cue top
sec6-res-util-pool-c8m2,,1163,,pool,,3,,416,,460,,64,,1.0,,Cannot find cue top
sec6-res-util-pool-c8m2,,1165,,pool,,3,,407,,451,,55,,1.0,,Cannot find cue top
sec6-res-util-pool-c8m2,,1168,,pool,,3,,408,,455,,60,,1.0,,Cannot find cue top
sec6-res-util-pool-c8m2,,1170,,pool,,3,,415,,477,,82,,1.0,,Cannot find cue top
sec6-res-util-pool-c8m2,,1174,,pool,,3,,407,,464,,68,,1.0,,Cannot find cue top
sec6-res-util-pool-c8m2,,1177,,pool,,3,,407,,452,,55,,1.0,,Cannot find cue top
sec6-res-util-pool-c8m2,,1179,,pool,,3,,407,,451,,55,,1.0,,Cannot find cue top
sec6-res-util-pool-c8m2,,1182,,pool,,3,,407,,489,,92,,1.0,,Cannot find cue top
sec6-res-util-pool-c8m2,,1185,,pool,,3,,406,,480,,83,,1.0,,Cannot find cue top
sec6-res-util-pool-c8m2,,1189,,pool,,3,,409,,486,,89,,1.0,,Cannot find cue top
sec6-res-util-pool-c8m2,,1192,,pool,,3,,407,,450,,53,,1.0,,Cannot find cue top
sec6-res-util-pool-c8m2,,1205,,pool,,3,,410,,452,,56,,1.0,,Cannot find cue top
sec6-res-util-pool-c8m2,,1207,,pool,,3,,406,,467,,71,,1.0,,Cannot find cue top
sec6-res-util-pool-c8m2,,1210,,pool,,3,,408,,484,,86,,1.0,,Cannot find cue bottom
sec6-res-util-pool-c8m2,,1213,,pool,,3,,412,,462,,65,,1.0,,Cannot find cue top
sec6-res-util-pool-c8m2,,1217,,pool,,3,,408,,477,,80,,1.0,,Cannot find cue top
sec6-res-util-pool-c8m2,,1220,,pool,,3,,408,,474,,77,,1.0,,Cannot find cue bottom
sec6-res-util-pool-c8m2,,1223,,pool,,3,,408,,477,,80,,1.0,,Cannot find cue bottom
sec6-res-util-pool-c8m2,,1226,,pool,,3,,407,,477,,80,,1.0,,Cannot find cue bottom
sec6-res-util-pool-c8m2,,1230,,pool,,3,,409,,493,,96,,0.99999,,Cannot find cue bottom
sec6-res-util-pool-c8m2,,1251,,pool,,3,,410,,485,,88,,1.0,,Cannot find cue top
sec6-res-util-pool-c8m2,,1254,,pool,,3,,408,,457,,60,,1.0,,Cannot find cue top
sec6-res-util-pool-c8m2,,1257,,pool,,3,,408,,457,,60,,1.0,,Cannot find cue top
sec6-res-util-pool-c8m2,,1259,,pool,,3,,407,,449,,53,,1.0,,Cannot find cue top
sec6-res-util-pool-c8m2,,1262,,pool,,3,,407,,449,,53,,1.0,,Cannot find cue top
sec6-res-util-pool-c8m2,,1264,,pool,,3,,408,,501,,105,,0.9,,Cannot find cue top
sec6-res-util-pool-c8m2,,1268,,pool,,3,,407,,464,,67,,1.0,,Cannot find cue top
sec6-res-util-pool-c8m2,,1271,,pool,,3,,408,,478,,82,,1.0,,Cannot find cue bottom
sec6-res-util-pool-c8m2,,1292,,pool,,3,,415,,505,,108,,0.391747753483,,Cannot find cue bottom
sec6-res-util-pool-c8m2,,1296,,pool,,3,,408,,498,,102,,0.97599,,Cannot find cue bottom
sec6-res-util-pool-c8m2,,1300,,pool,,3,,409,,487,,90,,1.0,,Cannot find cue bottom
sec6-res-util-pool-c8m2,,1303,,pool,,3,,406,,500,,199,,4.32030763366e-12,,Cannot find cue bottom
sec6-res-util-pool-c8m2,,1328,,pool,,3,,414,,468,,72,,1.0,,Cannot find cue bottom
sec6-res-util-pool-c8m2,,1331,,pool,,3,,408,,470,,74,,1.0,,Cannot find cue bottom
sec6-res-util-pool-c8m2,,1334,,pool,,3,,407,,504,,107,,0.516914259749,,Cannot find cue bottom
sec6-res-util-pool-c8m2,,1338,,pool,,3,,408,,500,,104,,0.93439,,Cannot find cue bottom
sec6-res-util-pool-c8m2,,1342,,pool,,3,,408,,478,,81,,1.0,,Cannot find cue bottom
sec6-res-util-pool-c8m2,,1345,,pool,,3,,407,,457,,60,,1.0,,Cannot find cue top
sec6-res-util-pool-c8m2,,1348,,pool,,3,,409,,502,,104,,0.93439,,Cannot find cue bottom
sec6-res-util-pool-c8m2,,1352,,pool,,3,,422,,552,,155,,8.58306884766e-07,,Cannot find cue bottom
sec6-res-util-pool-c8m2,,1364,,pool,,3,,416,,492,,95,,1.0,,Cannot find cue bottom
sec6-res-util-pool-c8m2,,1367,,pool,,3,,407,,480,,84,,1.0,,Cannot find cue bottom
sec6-res-util-pool-c8m2,,1371,,pool,,3,,411,,480,,83,,1.0,,Cannot find cue bottom
sec6-res-util-pool-c8m2,,1374,,pool,,3,,407,,464,,67,,1.0,,Cannot find cue bottom
sec6-res-util-pool-c8m2,,1377,,pool,,3,,408,,500,,104,,0.93439,,Cannot find cue bottom
sec6-res-util-pool-c8m2,,1381,,pool,,3,,408,,466,,70,,1.0,,Cannot find cue bottom
sec6-res-util-pool-c8m2,,1384,,pool,,3,,409,,510,,114,,0.074222319981,,Cannot find cue bottom
sec6-res-util-pool-c8m2,,1391,,pool,,3,,408,,483,,87,,1.0,,Cannot find cue ball
sec6-res-util-pool-c8m2,,1394,,pool,,3,,414,,503,,107,,0.516914259749,,Cannot find cue ball
sec6-res-util-pool-c8m2,,1398,,pool,,3,,409,,532,,135,,0.0002197265625,,Cannot find cue bottom
sec6-res-util-pool-c8m2,,1403,,pool,,3,,408,,497,,101,,0.98704,,Cannot find cue bottom
sec6-res-util-pool-c8m2,,1407,,pool,,3,,408,,511,,223,,5.56707040976e-15,,Cannot find cue bottom
sec6-res-util-pool-c8m2,,1415,,pool,,3,,406,,486,,119,,0.0185555799952,,Cannot find cue bottom
sec6-res-util-pool-c8m2,,1419,,pool,,3,,409,,517,,120,,0.0140625,,Cannot find object ball
sec6-res-util-pool-c8m2,,1424,,pool,,3,,407,,522,,125,,0.003515625,,Cannot find cue bottom
sec6-res-util-pool-c8m2,,1428,,pool,,3,,410,,510,,114,,0.074222319981,,Cannot find object ball
sec6-res-util-pool-c8m2,,1433,,pool,,3,,406,,503,,106,,0.68207245493,,Cannot find cue bottom
sec6-res-util-pool-c8m2,,1437,,pool,,3,,407,,502,,105,,0.9,,Cannot find cue bottom
sec6-res-util-pool-c8m2,,1441,,pool,,3,,406,,487,,90,,1.0,,Cannot find cue bottom
sec6-res-util-pool-c8m2,,1444,,pool,,3,,407,,470,,73,,1.0,,Cannot find cue bottom
sec6-res-util-pool-c8m2,,1447,,pool,,3,,417,,493,,97,,0.99984,,Cannot find cue bottom
sec6-res-util-pool-c8m2,,1451,,pool,,3,,406,,508,,111,,0.170518113732,,Cannot find cue bottom
sec6-res-util-pool-c8m2,,1455,,pool,,3,,406,,491,,94,,1.0,,Cannot find cue bottom
sec6-res-util-pool-c8m2,,1459,,pool,,3,,410,,479,,84,,1.0,,Cannot find object ball
sec6-res-util-pool-c8m2,,1463,,pool,,3,,408,,497,,112,,0.129228564937,,Cannot find cue ball
sec6-res-util-pool-c8m2,,1467,,pool,,3,,407,,477,,80,,1.0,,Cannot find cue ball
sec6-res-util-pool-c8m2,,1470,,pool,,3,,407,,473,,76,,1.0,,Cannot find cue ball
sec6-res-util-pool-c8m2,,1473,,pool,,3,,407,,489,,92,,1.0,,Cannot find cue bottom
sec6-res-util-pool-c8m2,,1477,,pool,,3,,407,,484,,87,,1.0,,Cannot find cue bottom
sec6-res-util-pool-c8m2,,1480,,pool,,3,,407,,478,,82,,1.0,,Cannot find cue bottom
sec6-res-util-pool-c8m2,,1484,,pool,,3,,407,,495,,99,,0.99744,,Cannot find cue bottom
sec6-res-util-pool-c8m2,,1488,,pool,,3,,408,,523,,181,,6.35229474799e-10,,Cannot find cue bottom
sec6-res-util-pool-c8m2,,1494,,pool,,3,,406,,512,,115,,0.05625,,Cannot find cue bottom
sec6-res-util-pool-c8m2,,1499,,pool,,3,,407,,476,,80,,1.0,,Cannot find cue bottom
sec6-res-util-pool-c8m2,,1502,,pool,,3,,409,,467,,71,,1.0,,Cannot find cue bottom
sec6-res-util-pool-c8m2,,1505,,pool,,3,,405,,468,,72,,1.0,,Cannot find cue bottom
sec6-res-util-pool-c8m2,,1508,,pool,,3,,406,,480,,83,,1.0,,Cannot find cue bottom
sec6-res-util-pool-c8m2,,1511,,pool,,3,,407,,472,,75,,1.0,,Cannot find cue bottom
sec6-res-util-pool-c8m2,,1515,,pool,,3,,406,,470,,73,,1.0,,Cannot find cue bottom
sec6-res-util-pool-c8m2,,1518,,pool,,3,,406,,486,,90,,1.0,,Cannot find cue bottom
sec6-res-util-pool-c8m2,,1521,,pool,,3,,405,,464,,67,,1.0,,Cannot find cue bottom
sec6-res-util-pool-c8m2,,1524,,pool,,3,,406,,499,,102,,0.97599,,Cannot find cue bottom
sec6-res-util-pool-c8m2,,1528,,pool,,3,,405,,501,,187,,1.20353479811e-10,,Cannot find cue bottom
sec6-res-util-pool-c8m2,,1534,,pool,,3,,406,,510,,114,,0.074222319981,,Cannot find cue bottom
sec6-res-util-pool-c8m2,,1539,,pool,,3,,408,,477,,80,,1.0,,Cannot find cue bottom
sec6-res-util-pool-c8m2,,1542,,pool,,3,,405,,484,,87,,1.0,,Cannot find cue bottom
sec6-res-util-pool-c8m2,,1545,,pool,,3,,405,,464,,68,,1.0,,Cannot find cue bottom
sec6-res-util-pool-c8m2,,1548,,pool,,3,,406,,476,,80,,1.0,,Cannot find cue bottom
sec6-res-util-pool-c8m2,,1552,,pool,,3,,415,,502,,105,,0.9,,Cannot find cue bottom
sec6-res-util-pool-c8m2,,1556,,pool,,3,,405,,500,,184,,2.76499688554e-10,,Cannot find cue bottom
sec6-res-util-pool-c8m2,,1562,,pool,,3,,407,,521,,125,,0.003515625,,Cannot find cue bottom
sec6-res-util-pool-c8m2,,1567,,pool,,3,,408,,528,,132,,0.000504799081786,,Cannot find cue bottom
sec6-res-util-pool-c8m2,,1572,,pool,,3,,407,,481,,84,,1.0,,Cannot find cue bottom
sec6-res-util-pool-c8m2,,1575,,pool,,3,,405,,481,,84,,1.0,,Cannot find cue bottom
sec6-res-util-pool-c8m2,,1578,,pool,,3,,406,,493,,96,,0.99999,,Cannot find cue bottom
sec6-res-util-pool-c8m2,,1582,,pool,,3,,406,,492,,95,,1.0,,Cannot find cue bottom
sec6-res-util-pool-c8m2,,1586,,pool,,3,,406,,523,,195,,1.30967237055e-11,,Cannot find cue bottom
sec6-res-util-pool-c8m2,,1593,,pool,,3,,407,,497,,100,,0.99375,,Cannot find cue bottom
sec6-res-util-pool-c8m2,,1597,,pool,,3,,407,,491,,94,,1.0,,Cannot find cue bottom
sec6-res-util-pool-c8m2,,1600,,pool,,3,,408,,485,,88,,1.0,,Cannot find cue bottom
sec6-res-util-pool-c8m2,,1604,,pool,,3,,405,,488,,92,,1.0,,Cannot find cue bottom
sec6-res-util-pool-c8m2,,1608,,pool,,3,,405,,469,,72,,1.0,,Cannot find cue bottom
sec6-res-util-pool-c8m2,,1611,,pool,,3,,408,,505,,108,,0.391747753483,,Cannot find cue bottom
sec6-res-util-pool-c8m2,,1615,,pool,,3,,406,,508,,112,,0.129228564937,,Cannot find cue bottom
sec6-res-util-pool-c8m2,,1619,,pool,,3,,404,,477,,80,,1.0,,Cannot find cue bottom
sec6-res-util-pool-c8m2,,1622,,pool,,3,,404,,464,,68,,1.0,,Cannot find cue bottom
sec6-res-util-pool-c8m2,,1625,,pool,,3,,406,,470,,73,,1.0,,Cannot find cue ball
sec6-res-util-pool-c8m2,,1628,,pool,,3,,405,,515,,118,,0.0244842345927,,speech: right
sec6-res-util-pool-c8m2,,1633,,pool,,3,,405,,484,,88,,1.0,,Cannot find cue top
sec6-res-util-pool-c8m2,,1636,,pool,,3,,405,,470,,73,,1.0,,Cannot find cue top
sec6-res-util-pool-c8m2,,1639,,pool,,3,,407,,471,,171,,1.01636715968e-08,,Cannot find cue top
sec6-res-util-pool-c8m2,,1645,,pool,,3,,405,,504,,108,,0.391747753483,,Cannot find cue bottom
sec6-res-util-pool-c8m2,,1649,,pool,,3,,406,,454,,58,,1.0,,Cannot find cue top
sec6-res-util-pool-c8m2,,1652,,pool,,3,,406,,475,,78,,1.0,,Cannot find cue top
sec6-res-util-pool-c8m2,,1655,,pool,,3,,407,,483,,86,,1.0,,Cannot find cue bottom
sec6-res-util-pool-c8m2,,1672,,pool,,3,,414,,507,,110,,0.225,,Cannot find cue top
sec6-res-util-pool-c8m2,,1676,,pool,,3,,405,,480,,83,,1.0,,Cannot find cue top
sec6-res-util-pool-c8m2,,1679,,pool,,3,,406,,497,,100,,0.99375,,Cannot find cue bottom
sec6-res-util-pool-c8m2,,1683,,pool,,3,,407,,462,,65,,1.0,,Cannot find cue top
sec6-res-util-pool-c8m2,,1686,,pool,,3,,407,,486,,89,,1.0,,Cannot find cue top
sec6-res-util-pool-c8m2,,1689,,pool,,3,,407,,480,,83,,1.0,,Cannot find cue top
sec6-res-util-pool-c8m2,,1693,,pool,,3,,406,,485,,88,,1.0,,Cannot find cue top
sec6-res-util-pool-c8m2,,1696,,pool,,3,,405,,466,,69,,1.0,,Cannot find cue top
sec6-res-util-pool-c8m2,,1699,,pool,,3,,406,,453,,57,,1.0,,Cannot find cue top
sec6-res-util-pool-c8m2,,1701,,pool,,3,,408,,494,,135,,0.0002197265625,,Cannot find cue top
sec6-res-util-pool-c8m2,,1709,,pool,,3,,408,,497,,100,,0.99375,,Cannot find cue bottom
sec6-res-util-pool-c8m2,,1713,,pool,,3,,410,,479,,83,,1.0,,Cannot find cue bottom
sec6-res-util-pool-c8m2,,1716,,pool,,3,,408,,472,,76,,1.0,,Cannot find cue ball
sec6-res-util-pool-c8m2,,1719,,pool,,3,,409,,471,,74,,1.0,,Cannot find cue ball
sec6-res-util-pool-c8m2,,1722,,pool,,3,,408,,491,,95,,1.0,,Cannot find cue ball
sec6-res-util-pool-c8m2,,1726,,pool,,3,,407,,473,,76,,1.0,,Cannot find cue bottom
sec6-res-util-pool-c8m2,,1729,,pool,,3,,408,,476,,79,,1.0,,Cannot find cue bottom
sec6-res-util-pool-c8m2,,1732,,pool,,3,,408,,525,,128,,0.00153026466204,,Cannot find cue bottom
sec6-res-util-pool-c8m2,,1737,,pool,,3,,407,,496,,99,,0.99744,,Cannot find cue bottom
sec6-res-util-pool-c8m2,,1740,,pool,,3,,408,,490,,94,,1.0,,Cannot find cue bottom
sec6-res-util-pool-c8m2,,1744,,pool,,3,,409,,468,,71,,1.0,,Cannot find cue ball
sec6-res-util-pool-c8m2,,1747,,pool,,3,,406,,467,,70,,1.0,,Cannot find cue ball
sec6-res-util-pool-c8m2,,1750,,pool,,3,,407,,477,,80,,1.0,,Cannot find cue ball
sec6-res-util-pool-c8m2,,1753,,pool,,3,,407,,513,,116,,0.0426295284331,,speech: right
sec6-res-util-pool-c8m2,,1758,,pool,,3,,407,,506,,203,,1.4251700249e-12,,Cannot find cue ball
sec6-res-util-pool-c8m2,,1765,,pool,,3,,407,,484,,87,,1.0,,Cannot find cue bottom
sec6-res-util-pool-c8m2,,1768,,pool,,3,,407,,486,,89,,1.0,,Cannot find cue bottom
sec6-res-util-pool-c8m2,,1772,,pool,,3,,407,,492,,95,,1.0,,Cannot find cue bottom
sec6-res-util-pool-c8m2,,1776,,pool,,3,,407,,481,,84,,1.0,,Cannot find cue bottom
sec6-res-util-pool-c8m2,,1779,,pool,,3,,407,,492,,96,,0.99999,,Cannot find cue bottom
sec6-res-util-pool-c8m2,,1783,,pool,,3,,406,,474,,77,,1.0,,Cannot find cue bottom
sec6-res-util-pool-c8m2,,1786,,pool,,3,,408,,491,,95,,1.0,,Cannot find cue bottom
sec6-res-util-pool-c8m2,,1790,,pool,,3,,407,,501,,105,,0.9,,Cannot find cue bottom
sec6-res-util-pool-c8m2,,1794,,pool,,3,,409,,472,,76,,1.0,,Cannot find cue bottom
sec6-res-util-pool-c8m2,,1797,,pool,,3,,409,,489,,92,,1.0,,Cannot find cue bottom
sec6-res-util-pool-c8m2,,1801,,pool,,3,,408,,480,,84,,1.0,,Cannot find cue bottom
sec6-res-util-pool-c8m2,,1804,,pool,,3,,407,,497,,101,,0.98704,,Cannot find cue bottom
sec6-res-util-pool-c8m2,,1808,,pool,,3,,407,,498,,101,,0.98704,,Cannot find cue bottom
sec6-res-util-pool-c8m2,,1812,,pool,,3,,406,,469,,122,,0.00807678530857,,Cannot find cue bottom
sec6-res-util-pool-c8m2,,1817,,pool,,3,,408,,495,,99,,0.99744,,Cannot find cue bottom
sec6-res-util-pool-c8m2,,1821,,pool,,3,,405,,508,,112,,0.129228564937,,Cannot find cue bottom
sec6-res-util-pool-c8m2,,1825,,pool,,3,,415,,547,,150,,3.43322753906e-06,,Cannot find cue bottom
sec6-res-util-pool-c8m2,,1830,,pool,,3,,408,,479,,83,,1.0,,Cannot find cue bottom
sec6-res-util-pool-c8m2,,1834,,pool,,3,,409,,496,,99,,0.99744,,Cannot find cue bottom
sec6-res-util-pool-c8m2,,1838,,pool,,3,,409,,477,,80,,1.0,,speech: good
sec6-res-util-pool-c8m2,,1841,,pool,,3,,412,,513,,116,,0.0426295284331,,Cannot find object ball
sec6-res-util-pool-c8m2,,1845,,pool,,3,,408,,486,,89,,1.0,,speech: good
sec6-res-util-pool-c8m2,,1849,,pool,,3,,407,,492,,95,,1.0,,speech: good
sec6-res-util-pool-c8m2,,1853,,pool,,3,,408,,483,,87,,1.0,,speech: left
sec6-res-util-pool-c8m2,,1856,,pool,,3,,408,,532,,135,,0.0002197265625,,speech: good
sec6-res-util-pool-c8m2,,1861,,pool,,3,,408,,500,,103,,0.95904,,Cannot find cue bottom
sec6-res-util-pool-c8m2,,1865,,pool,,3,,408,,508,,112,,0.129228564937,,speech: left
sec6-res-util-pool-c8m2,,1869,,pool,,3,,407,,498,,101,,0.98704,,speech: left
sec6-res-util-pool-c8m2,,1873,,pool,,3,,409,,500,,104,,0.93439,,Cannot find cue bottom
sec6-res-util-pool-c8m2,,1886,,pool,,3,,415,,502,,105,,0.9,,Cannot find cue bottom
sec6-res-util-pool-c8m2,,1898,,pool,,3,,414,,516,,119,,0.0185555799952,,Cannot find cue bottom
sec6-res-util-pool-c8m2,,1902,,pool,,3,,408,,524,,125,,0.003515625,,Cannot find cue bottom
sec6-res-util-pool-c8m2,,1907,,pool,,3,,405,,470,,73,,1.0,,Cannot find cue bottom
sec6-res-util-pool-c8m2,,1909,,pool,,3,,409,,497,,100,,0.99375,,Cannot find cue bottom
sec6-res-util-pool-c8m2,,1913,,pool,,3,,414,,510,,113,,0.0979369383708,,Cannot find cue bottom
sec6-res-util-pool-c8m2,,1917,,pool,,3,,407,,502,,116,,0.0426295284331,,Cannot find cue bottom
sec6-res-util-pool-c8m2,,1922,,pool,,3,,406,,521,,124,,0.00463889499881,,Cannot find cue bottom
sec6-res-util-pool-c8m2,,1926,,pool,,3,,411,,513,,116,,0.0426295284331,,Cannot find cue bottom
sec6-res-util-pool-c8m2,,1930,,pool,,3,,406,,480,,84,,1.0,,Cannot find cue bottom
sec6-res-util-pool-c8m2,,1934,,pool,,3,,408,,510,,177,,1.92565567698e-09,,Cannot find cue bottom
sec6-res-util-pool-c8m2,,1940,,pool,,3,,406,,498,,101,,0.98704,,Cannot find cue bottom
sec6-res-util-pool-c8m2,,1944,,pool,,3,,406,,475,,78,,1.0,,Cannot find cue bottom
sec6-res-util-pool-c8m2,,1947,,pool,,3,,406,,471,,74,,1.0,,Cannot find cue bottom
sec6-res-util-pool-c8m2,,1950,,pool,,3,,406,,483,,86,,1.0,,Cannot find cue bottom
sec6-res-util-pool-c8m2,,1953,,pool,,3,,406,,488,,91,,1.0,,Cannot find cue bottom
sec6-res-util-pool-c8m2,,1957,,pool,,3,,408,,480,,83,,1.0,,Cannot find cue bottom
sec6-res-util-pool-c8m2,,1960,,pool,,3,,406,,498,,102,,0.97599,,Cannot find cue bottom
sec6-res-util-pool-c8m2,,1964,,pool,,3,,405,,500,,103,,0.95904,,Cannot find cue bottom
sec6-res-util-pool-c8m2,,1968,,pool,,3,,406,,475,,78,,1.0,,Cannot find cue bottom
sec6-res-util-pool-c8m2,,1972,,pool,,3,,406,,465,,68,,1.0,,Cannot find cue bottom
sec6-res-util-pool-c8m2,,1975,,pool,,3,,406,,465,,141,,4.16303988605e-05,,Cannot find cue bottom
sec6-res-util-pool-c8m2,,1980,,pool,,3,,406,,507,,110,,0.225,,Cannot find cue bottom
sec6-res-util-pool-c8m2,,1984,,pool,,3,,406,,466,,69,,1.0,,Cannot find cue bottom
sec6-res-util-pool-c8m2,,1987,,pool,,3,,405,,469,,72,,1.0,,Cannot find cue bottom
sec6-res-util-pool-c8m2,,1990,,pool,,3,,408,,494,,97,,0.99984,,Cannot find cue bottom
sec6-res-util-pool-c8m2,,1994,,pool,,3,,408,,469,,73,,1.0,,Cannot find cue bottom
sec6-res-util-pool-c8m2,,1997,,pool,,3,,405,,487,,90,,1.0,,speech: left
sec6-res-util-pool-c8m2,,2000,,pool,,3,,404,,481,,84,,1.0,,Cannot find object ball
sec6-res-util-pool-c8m2,,2003,,pool,,3,,411,,459,,61,,1.0,,Cannot find cue top
sec6-res-util-pool-c8m2,,2006,,pool,,3,,406,,477,,80,,1.0,,Cannot find cue top
sec6-res-util-pool-c8m2,,2010,,pool,,3,,407,,460,,63,,1.0,,Cannot find cue top
sec6-res-util-pool-c8m2,,2013,,pool,,3,,408,,463,,66,,1.0,,Cannot find cue top
sec6-res-util-pool-c8m2,,2016,,pool,,3,,405,,455,,58,,1.0,,Cannot find cue top
sec6-res-util-pool-c8m2,,2018,,pool,,3,,408,,478,,81,,1.0,,Cannot find cue bottom
sec6-res-util-pool-c8m2,,2022,,pool,,3,,407,,452,,56,,1.0,,Cannot find cue top
sec6-res-util-pool-c8m2,,2024,,pool,,3,,406,,454,,57,,1.0,,Cannot find cue top
sec6-res-util-pool-c8m2,,2038,,pool,,3,,415,,511,,115,,0.05625,,Cannot find cue top
sec6-res-util-pool-c8m2,,2042,,pool,,3,,408,,481,,84,,1.0,,Cannot find cue top
sec6-res-util-pool-c8m2,,2045,,pool,,3,,407,,489,,93,,1.0,,Cannot find cue top
sec6-res-util-pool-c8m2,,2049,,pool,,3,,407,,501,,107,,0.516914259749,,Cannot find cue top
sec6-res-util-pool-c8m2,,2053,,pool,,3,,411,,520,,122,,0.00807678530857,,Cannot find cue top
sec6-res-util-pool-c8m2,,2058,,pool,,3,,406,,465,,68,,1.0,,Cannot find cue top
sec6-res-util-pool-c8m2,,2060,,pool,,3,,406,,456,,59,,1.0,,Cannot find cue top
sec6-res-util-pool-c8m2,,2064,,pool,,3,,405,,457,,60,,1.0,,Cannot find cue top
sec6-res-util-pool-c8m2,,2066,,pool,,3,,406,,458,,61,,1.0,,Cannot find cue top
sec6-res-util-pool-c8m2,,2069,,pool,,3,,406,,493,,172,,7.70262270791e-09,,Cannot find cue top
sec6-res-util-pool-c8m2,,2075,,pool,,3,,406,,494,,98,,0.99919,,Cannot find cue top
sec6-res-util-pool-c8m2,,2079,,pool,,3,,405,,487,,90,,1.0,,Cannot find cue bottom
sec6-res-util-pool-c8m2,,2082,,pool,,3,,405,,504,,107,,0.516914259749,,Cannot find cue bottom
sec6-res-util-pool-c8m2,,2087,,pool,,3,,405,,467,,70,,1.0,,Cannot find cue bottom
sec6-res-util-pool-c8m2,,2090,,pool,,3,,406,,483,,99,,0.99744,,Cannot find cue bottom
sec6-res-util-pool-c8m2,,2093,,pool,,3,,405,,467,,70,,1.0,,Cannot find cue top
sec6-res-util-pool-c8m2,,2097,,pool,,3,,405,,502,,105,,0.9,,Cannot find cue bottom
sec6-res-util-pool-c8m2,,2101,,pool,,3,,406,,456,,59,,1.0,,Cannot find cue top
sec6-res-util-pool-c8m2,,2103,,pool,,3,,415,,547,,150,,3.43322753906e-06,,Cannot find cue top
sec6-res-util-pool-c8m2,,2109,,pool,,3,,410,,544,,147,,7.8874856529e-06,,Cannot find cue bottom
sec6-res-util-pool-c8m2,,2114,,pool,,3,,407,,494,,97,,0.99984,,Cannot find cue bottom
sec6-res-util-pool-c8m2,,2118,,pool,,3,,409,,494,,97,,0.99984,,Cannot find cue ball
sec6-res-util-pool-c8m2,,2121,,pool,,3,,410,,519,,123,,0.00612105864818,,Cannot find cue ball
sec6-res-util-pool-c8m2,,2126,,pool,,3,,407,,482,,119,,0.0185555799952,,Cannot find cue top
sec6-res-util-pool-c8m2,,2130,,pool,,3,,407,,473,,79,,1.0,,Cannot find cue bottom
sec6-res-util-pool-c8m2,,2134,,pool,,3,,407,,471,,74,,1.0,,Cannot find cue top
sec6-res-util-pool-c8m2,,2137,,pool,,3,,409,,489,,92,,1.0,,Cannot find cue top
sec6-res-util-pool-c8m2,,2140,,pool,,3,,409,,521,,125,,0.003515625,,Cannot find cue top
sec6-res-util-pool-c8m2,,2163,,pool,,3,,415,,475,,78,,1.0,,Cannot find cue top
sec6-res-util-pool-c8m2,,2166,,pool,,3,,409,,459,,63,,1.0,,Cannot find cue top
sec6-res-util-pool-c8m2,,2168,,pool,,3,,408,,475,,78,,1.0,,Cannot find cue top
sec6-res-util-pool-c8m2,,2172,,pool,,3,,408,,485,,88,,1.0,,Cannot find cue ball
sec6-res-util-pool-c8m2,,2189,,pool,,3,,416,,529,,133,,0.000382566165511,,Cannot find cue ball
sec6-res-util-pool-c8m2,,2193,,pool,,3,,412,,503,,106,,0.68207245493,,Cannot find object ball
sec6-res-util-pool-c8m2,,2197,,pool,,3,,410,,493,,97,,0.99984,,Cannot find cue ball
sec6-res-util-pool-c8m2,,2201,,pool,,3,,407,,467,,74,,1.0,,Cannot find cue ball
sec6-res-util-pool-c8m2,,2221,,pool,,3,,415,,511,,115,,0.05625,,speech: right
sec6-res-util-pool-c8m2,,2225,,pool,,3,,407,,504,,107,,0.516914259749,,Cannot find cue ball
sec6-res-util-pool-c8m2,,2229,,pool,,3,,407,,484,,87,,1.0,,Cannot find cue ball
sec6-res-util-pool-c8m2,,2232,,pool,,3,,409,,498,,101,,0.98704,,speech: left
sec6-res-util-pool-c8m2,,2236,,pool,,3,,406,,470,,116,,0.0426295284331,,Cannot find cue ball
sec6-res-util-pool-c8m2,,2241,,pool,,3,,406,,505,,109,,0.296889279924,,speech: left
sec6-res-util-pool-c8m2,,2245,,pool,,3,,408,,516,,126,,0.00266434552707,,Cannot find object ball
sec6-res-util-pool-c8m2,,2250,,pool,,3,,407,,491,,95,,1.0,,Cannot find object ball
sec6-res-util-pool-c8m2,,2253,,pool,,3,,408,,511,,114,,0.074222319981,,Cannot find object ball
sec6-res-util-pool-c8m2,,2258,,pool,,3,,410,,538,,141,,4.16303988605e-05,,Cannot find object ball
sec6-res-util-pool-c8m2,,2263,,pool,,3,,407,,512,,115,,0.05625,,speech: left
sec6-res-util-pool-c8m2,,2267,,pool,,3,,407,,532,,222,,7.3457934455e-15,,speech: left
sec6-res-util-pool-c8m2,,2275,,pool,,3,,408,,504,,108,,0.391747753483,,Cannot find cue ball
sec6-res-util-pool-c8m2,,2279,,pool,,3,,417,,494,,97,,0.99984,,Cannot find cue ball
sec6-res-util-pool-c8m2,,2283,,pool,,3,,409,,512,,115,,0.05625,,Cannot find cue ball
sec6-res-util-pool-c8m2,,2287,,pool,,3,,407,,474,,77,,1.0,,Cannot find cue ball
sec6-res-util-pool-c8m2,,2290,,pool,,3,,408,,482,,85,,1.0,,Cannot find cue ball
sec6-res-util-pool-c8m2,,2294,,pool,,3,,406,,505,,109,,0.296889279924,,Cannot find cue ball
sec6-res-util-pool-c8m2,,2298,,pool,,3,,407,,493,,96,,0.99999,,Cannot find cue ball
sec6-res-util-pool-c8m2,,2302,,pool,,3,,412,,509,,112,,0.129228564937,,speech: left
sec6-res-util-pool-c8m2,,2306,,pool,,3,,407,,507,,110,,0.225,,Cannot find cue ball
sec6-res-util-pool-c8m2,,2310,,pool,,3,,407,,495,,99,,0.99744,,Cannot find cue ball
sec6-res-util-pool-c8m2,,2314,,pool,,3,,408,,496,,99,,0.99744,,Cannot find cue ball
sec6-res-util-pool-c8m2,,2318,,pool,,3,,409,,523,,126,,0.00266434552707,,Cannot find cue ball
sec6-res-util-pool-c8m2,,2322,,pool,,3,,408,,497,,101,,0.98704,,Cannot find cue ball
sec6-res-util-pool-c8m2,,2326,,pool,,3,,409,,513,,197,,7.5220924882e-12,,Cannot find cue ball
sec6-res-util-pool-c8m2,,2333,,pool,,3,,408,,513,,117,,0.0323071412343,,Cannot find cue ball
sec6-res-util-pool-c8m2,,2338,,pool,,3,,407,,482,,85,,1.0,,speech: left
sec6-res-util-pool-c8m2,,2341,,pool,,3,,408,,527,,130,,0.00087890625,,Cannot find cue ball
sec6-res-util-pool-c8m2,,2346,,pool,,3,,411,,515,,118,,0.0244842345927,,Cannot find cue ball
sec6-res-util-pool-c8m2,,2350,,pool,,3,,412,,498,,102,,0.97599,,Cannot find cue ball
sec6-res-util-pool-c8m2,,2354,,pool,,3,,405,,507,,168,,2.33499856879e-08,,Cannot find cue ball
sec6-res-util-pool-c8m2,,2361,,pool,,3,,409,,540,,145,,1.37329101563e-05,,Cannot find cue bottom
sec6-res-util-pool-c8m2,,2366,,pool,,3,,409,,541,,144,,1.81206835891e-05,,Cannot find object ball
sec6-res-util-pool-c8m2,,2371,,pool,,3,,406,,475,,78,,1.0,,Cannot find object ball
sec6-res-util-pool-c8m2,,2375,,pool,,3,,410,,498,,101,,0.98704,,Cannot find object ball
sec6-res-util-pool-c8m2,,2378,,pool,,3,,408,,470,,73,,1.0,,Cannot find cue ball
sec6-res-util-pool-c8m2,,2381,,pool,,3,,407,,517,,120,,0.0140625,,speech: right
sec6-res-util-pool-c8m2,,2386,,pool,,3,,407,,501,,105,,0.9,,speech: left
sec6-res-util-pool-c8m2,,2390,,pool,,3,,409,,481,,84,,1.0,,speech: left
sec6-res-util-pool-c8m2,,2394,,pool,,3,,406,,482,,85,,1.0,,speech: left
sec6-res-util-pool-c8m2,,2397,,pool,,3,,408,,499,,191,,3.9701842175e-11,,speech: left
sec6-res-util-pool-c8m2,,2404,,pool,,3,,410,,496,,99,,0.99744,,Cannot find cue ball
sec6-res-util-pool-c8m2,,2408,,pool,,3,,408,,479,,82,,1.0,,speech: left
sec6-res-util-pool-c8m2,,2411,,pool,,3,,407,,510,,114,,0.074222319981,,speech: left
sec6-res-util-pool-c8m2,,2415,,pool,,3,,409,,472,,75,,1.0,,Cannot find object ball
sec6-res-util-pool-c8m2,,2419,,pool,,3,,406,,501,,197,,7.5220924882e-12,,Cannot find object ball
sec6-res-util-pool-c8m2,,2425,,pool,,3,,409,,485,,88,,1.0,,Cannot find object ball
sec6-res-util-pool-c8m2,,2429,,pool,,3,,407,,495,,99,,0.99744,,Cannot find object ball
sec6-res-util-pool-c8m2,,2433,,pool,,3,,406,,476,,80,,1.0,,Cannot find cue bottom
sec6-res-util-pool-c8m2,,2436,,pool,,3,,408,,484,,87,,1.0,,Cannot find cue bottom
sec6-res-util-pool-c8m2,,2439,,pool,,3,,407,,476,,79,,1.0,,Cannot find cue top
sec6-res-util-pool-c8m2,,2443,,pool,,3,,408,,462,,65,,1.0,,Cannot find cue top
sec6-res-util-pool-c8m2,,2446,,pool,,3,,408,,515,,119,,0.0185555799952,,Cannot find cue top
sec6-res-util-pool-c8m2,,2450,,pool,,3,,409,,469,,72,,1.0,,Cannot find cue top
sec6-res-util-pool-c8m2,,2453,,pool,,3,,409,,467,,76,,1.0,,Cannot find cue top
sec6-res-util-pool-c8m2,,2456,,pool,,3,,409,,471,,75,,1.0,,Cannot find cue top
sec6-res-util-pool-c8m2,,2460,,pool,,3,,408,,451,,54,,1.0,,Cannot find cue top
sec6-res-util-pool-c8m2,,2462,,pool,,3,,408,,453,,56,,1.0,,Cannot find cue top
sec6-res-util-pool-c8m2,,2465,,pool,,3,,407,,465,,69,,1.0,,Cannot find cue top
sec6-res-util-pool-c8m2,,2468,,pool,,3,,408,,451,,54,,1.0,,Cannot find cue top
sec6-res-util-pool-c8m2,,2470,,pool,,3,,410,,469,,72,,1.0,,Cannot find cue bottom
sec6-res-util-pool-c8m2,,2473,,pool,,3,,409,,452,,55,,1.0,,Cannot find cue top
sec6-res-util-pool-c8m2,,2476,,pool,,3,,410,,475,,78,,1.0,,Cannot find cue bottom
sec6-res-util-pool-c8m2,,2479,,pool,,3,,409,,460,,64,,1.0,,Cannot find cue top
sec6-res-util-pool-c8m2,,2482,,pool,,3,,410,,467,,70,,1.0,,Cannot find cue top
sec6-res-util-pool-c8m2,,2485,,pool,,3,,411,,480,,86,,1.0,,Cannot find cue top
sec6-res-util-pool-c8m2,,2509,,pool,,3,,414,,474,,77,,1.0,,Cannot find cue top
sec6-res-util-pool-c8m2,,2511,,pool,,3,,410,,485,,88,,1.0,,Cannot find cue top
sec6-res-util-pool-c8m2,,2515,,pool,,3,,413,,472,,75,,1.0,,Cannot find cue top
sec6-res-util-pool-c8m2,,2518,,pool,,3,,412,,485,,89,,1.0,,Cannot find cue top
sec6-res-util-pool-c8m2,,2521,,pool,,3,,409,,459,,62,,1.0,,Cannot find cue top
sec6-res-util-pool-c8m2,,2524,,pool,,3,,410,,463,,66,,1.0,,Cannot find cue top
sec6-res-util-pool-c8m2,,2527,,pool,,3,,408,,453,,56,,1.0,,Cannot find cue top
sec6-res-util-pool-c8m2,,2530,,pool,,3,,409,,452,,55,,1.0,,Cannot find cue top
sec6-res-util-pool-c8m2,,2532,,pool,,3,,410,,466,,69,,1.0,,Cannot find cue top
sec6-res-util-pool-c8m2,,2535,,pool,,3,,408,,451,,54,,1.0,,Cannot find cue top
sec6-res-util-pool-c8m2,,2538,,pool,,3,,409,,458,,61,,1.0,,Cannot find cue top
sec6-res-util-pool-c8m2,,2540,,pool,,3,,409,,469,,71,,1.0,,Cannot find cue top
sec6-res-util-pool-c8m2,,2567,,pool,,3,,419,,515,,118,,0.0244842345927,,Cannot find cue bottom
sec6-res-util-pool-c8m2,,2571,,pool,,3,,409,,470,,73,,1.0,,Cannot find cue bottom
sec6-res-util-pool-c8m2,,2574,,pool,,3,,409,,494,,97,,0.99984,,Cannot find cue bottom
sec6-res-util-pool-c8m2,,2578,,pool,,3,,409,,501,,104,,0.93439,,Cannot find cue bottom
sec6-res-util-pool-c8m2,,2582,,pool,,3,,409,,476,,79,,1.0,,Cannot find cue bottom
sec6-res-util-pool-c8m2,,2603,,pool,,3,,415,,466,,69,,1.0,,Cannot find cue top
sec6-res-util-pool-c8m2,,2605,,pool,,3,,408,,455,,58,,1.0,,Cannot find cue top
sec6-res-util-pool-c8m2,,2608,,pool,,3,,408,,469,,72,,1.0,,Cannot find cue bottom
sec6-res-util-pool-c8m2,,2611,,pool,,3,,409,,497,,100,,0.99375,,Cannot find cue ball
sec6-res-util-pool-c8m2,,2615,,pool,,3,,406,,477,,80,,1.0,,Cannot find cue top
sec6-res-util-pool-c8m2,,2618,,pool,,3,,405,,478,,81,,1.0,,Cannot find cue bottom
sec6-res-util-pool-c8m2,,2621,,pool,,3,,408,,483,,86,,1.0,,Cannot find cue bottom
sec6-res-util-pool-c8m2,,2625,,pool,,3,,407,,525,,128,,0.00153026466204,,Cannot find cue bottom
sec6-res-util-pool-c8m2,,2630,,pool,,3,,406,,483,,86,,1.0,,Cannot find cue bottom
sec6-res-util-pool-c8m2,,2633,,pool,,3,,408,,525,,129,,0.0011597237497,,Cannot find cue bottom
sec6-res-util-pool-c8m2,,2638,,pool,,3,,407,,501,,105,,0.9,,Cannot find cue bottom
sec6-res-util-pool-c8m2,,2642,,pool,,3,,407,,510,,127,,0.00201919632714,,Cannot find cue bottom
sec6-res-util-pool-c8m2,,2646,,pool,,3,,408,,481,,84,,1.0,,Cannot find cue bottom
sec6-res-util-pool-c8m2,,2650,,pool,,3,,409,,515,,118,,0.0244842345927,,Cannot find cue bottom
sec6-res-util-pool-c8m2,,2654,,pool,,3,,407,,548,,151,,2.60189992878e-06,,Cannot find cue bottom
sec6-res-util-pool-c8m2,,2660,,pool,,3,,407,,518,,144,,1.81206835891e-05,,Cannot find cue bottom
sec6-res-util-pool-c8m2,,2665,,pool,,3,,409,,467,,70,,1.0,,Cannot find cue bottom
sec6-res-util-pool-c8m2,,2668,,pool,,3,,408,,494,,97,,0.99984,,Cannot find cue top
sec6-res-util-pool-c8m2,,2672,,pool,,3,,407,,474,,78,,1.0,,Cannot find cue top
sec6-res-util-pool-c8m2,,2690,,pool,,3,,414,,477,,80,,1.0,,Cannot find cue top
sec6-res-util-pool-c8m2,,2693,,pool,,3,,408,,480,,83,,1.0,,Cannot find cue top
sec6-res-util-pool-c8m2,,2696,,pool,,3,,405,,468,,71,,1.0,,Cannot find cue top
sec6-res-util-pool-c8m2,,2699,,pool,,3,,408,,481,,84,,1.0,,Cannot find cue top
sec6-res-util-pool-c8m2,,2703,,pool,,3,,408,,486,,89,,1.0,,Cannot find cue top
sec6-res-util-pool-c8m2,,2706,,pool,,3,,405,,486,,90,,1.0,,Cannot find cue top
sec6-res-util-pool-c8m2,,2728,,pool,,3,,414,,483,,87,,1.0,,Cannot find cue bottom
sec6-res-util-pool-c8m2,,2731,,pool,,3,,408,,466,,70,,1.0,,Cannot find cue ball
sec6-res-util-pool-c8m2,,2734,,pool,,3,,408,,477,,81,,1.0,,Cannot find cue top
sec6-res-util-pool-c8m2,,2738,,pool,,3,,408,,475,,78,,1.0,,Cannot find cue top
sec6-res-util-pool-c8m2,,2741,,pool,,3,,407,,469,,73,,1.0,,Cannot find cue top
sec6-res-util-pool-c8m2,,2744,,pool,,3,,408,,484,,87,,1.0,,Cannot find cue top
sec6-res-util-pool-c8m2,,2747,,pool,,3,,410,,491,,94,,1.0,,Cannot find cue top
sec6-res-util-pool-c8m2,,2751,,pool,,3,,408,,450,,53,,1.0,,Cannot find cue top
sec6-res-util-pool-c8m2,,2753,,pool,,3,,407,,465,,68,,1.0,,Cannot find cue bottom
sec6-res-util-pool-c8m2,,2770,,pool,,3,,415,,501,,104,,0.93439,,Cannot find cue bottom
sec6-res-util-pool-c8m2,,2773,,pool,,3,,411,,537,,140,,5.4931640625e-05,,Cannot find cue bottom
sec6-res-util-pool-c8m2,,2779,,pool,,3,,408,,485,,90,,1.0,,Cannot find cue ball
sec6-res-util-pool-c8m2,,2782,,pool,,3,,410,,472,,75,,1.0,,Cannot find cue ball
sec6-res-util-pool-c8m2,,2785,,pool,,3,,409,,506,,155,,8.58306884766e-07,,Cannot find cue ball
sec6-res-util-pool-c8m2,,2791,,pool,,3,,408,,483,,86,,1.0,,Cannot find cue ball
sec6-res-util-pool-c8m2,,2794,,pool,,3,,408,,500,,104,,0.93439,,Cannot find cue bottom
sec6-res-util-pool-c8m2,,2798,,pool,,3,,407,,489,,92,,1.0,,speech: right
sec6-res-util-pool-c8m2,,2802,,pool,,3,,408,,510,,207,,4.70130780512e-13,,Cannot find cue bottom
sec6-res-util-pool-c8m2,,2809,,pool,,3,,407,,474,,77,,1.0,,speech: right
sec6-res-util-pool-c8m2,,2813,,pool,,3,,408,,522,,126,,0.00266434552707,,speech: left
sec6-res-util-pool-c8m2,,2817,,pool,,3,,408,,506,,109,,0.296889279924,,speech: left
sec6-res-util-pool-c8m2,,2822,,pool,,3,,409,,489,,93,,1.0,,Cannot find cue ball
sec6-res-util-pool-c8m2,,2825,,pool,,3,,409,,497,,100,,0.99375,,Cannot find cue ball
sec6-res-util-pool-c8m2,,2829,,pool,,3,,408,,475,,78,,1.0,,speech: left
sec6-res-util-pool-c8m2,,2833,,pool,,3,,407,,471,,75,,1.0,,Cannot find cue ball
sec6-res-util-pool-c8m2,,2836,,pool,,3,,409,,496,,99,,0.99744,,Cannot find cue ball
sec6-res-util-pool-c8m2,,2840,,pool,,3,,408,,504,,107,,0.516914259749,,speech: left
sec6-res-util-pool-c8m2,,2844,,pool,,3,,408,,517,,121,,0.0106573821083,,speech: left
sec6-res-util-pool-c8m2,,2848,,pool,,3,,408,,515,,119,,0.0185555799952,,Cannot find cue ball
sec6-res-util-pool-c8m2,,2853,,pool,,3,,409,,512,,116,,0.0426295284331,,Cannot find cue ball
sec6-res-util-pool-c8m2,,2857,,pool,,3,,408,,477,,80,,1.0,,speech: left
sec6-res-util-pool-c8m2,,2861,,pool,,3,,409,,532,,135,,0.0002197265625,,speech: left
sec6-res-util-pool-c8m2,,2866,,pool,,3,,408,,532,,243,,2.17463687881e-17,,Cannot find cue ball
sec6-res-util-pool-c8m2,,2874,,pool,,3,,408,,505,,113,,0.0979369383708,,Cannot find cue ball
sec6-res-util-pool-c8m2,,2878,,pool,,3,,409,,537,,142,,3.15499426116e-05,,Cannot find cue ball
sec6-res-util-pool-c8m2,,2883,,pool,,3,,408,,476,,80,,1.0,,Cannot find cue ball
sec6-res-util-pool-c8m2,,2886,,pool,,3,,409,,499,,102,,0.97599,,Cannot find cue ball
sec6-res-util-pool-c8m2,,2890,,pool,,3,,408,,489,,92,,1.0,,Cannot find cue ball
sec6-res-util-pool-c8m2,,2895,,pool,,3,,408,,474,,77,,1.0,,Cannot find cue ball
sec6-res-util-pool-c8m2,,2898,,pool,,3,,407,,496,,99,,0.99744,,Cannot find cue ball
sec6-res-util-pool-c8m2,,2902,,pool,,3,,407,,494,,97,,0.99984,,Cannot find cue ball
sec6-res-util-pool-c8m2,,2906,,pool,,3,,407,,528,,131,,0.000666086381767,,Cannot find cue ball
sec6-res-util-pool-c8m2,,2911,,pool,,3,,406,,494,,97,,0.99984,,speech: left
sec6-res-util-pool-c8m2,,2914,,pool,,3,,410,,494,,97,,0.99984,,speech: right
sec6-res-util-pool-c8m2,,2918,,pool,,3,,405,,483,,86,,1.0,,speech: right
sec6-res-util-pool-c8m2,,2922,,pool,,3,,409,,512,,214,,6.7504806776e-14,,Cannot find cue ball
sec6-res-util-pool-c8m2,,2929,,pool,,3,,406,,500,,104,,0.93439,,speech: left
sec6-res-util-pool-c8m2,,2933,,pool,,3,,407,,493,,96,,0.99999,,speech: left
sec6-res-util-pool-c8m2,,2937,,pool,,3,,409,,509,,112,,0.129228564937,,speech: left
sec6-res-util-pool-c8m2,,2941,,pool,,3,,409,,480,,82,,1.0,,Cannot find cue ball
sec6-res-util-pool-c8m2,,2944,,pool,,3,,408,,471,,74,,1.0,,Cannot find cue ball
sec6-res-util-pool-c8m2,,2947,,pool,,3,,408,,471,,74,,1.0,,speech: left
sec6-res-util-pool-c8m2,,2951,,pool,,3,,412,,491,,94,,1.0,,Cannot find object ball
sec6-res-util-pool-c8m2,,2954,,pool,,3,,408,,499,,102,,0.97599,,Cannot find cue ball
sec6-res-util-pool-c8m2,,2958,,pool,,3,,407,,494,,120,,0.0140625,,Cannot find object ball
sec6-res-util-pool-c8m2,,2963,,pool,,3,,410,,524,,128,,0.00153026466204,,Cannot find object ball
sec6-res-util-pool-c8m2,,2968,,pool,,3,,409,,515,,118,,0.0244842345927,,Cannot find cue ball
sec6-res-util-pool-c8m2,,2972,,pool,,3,,408,,545,,149,,4.53017089728e-06,,Cannot find cue ball
sec6-res-util-pool-c8m2,,2977,,pool,,3,,408,,501,,104,,0.93439,,Cannot find cue ball
sec6-res-util-pool-c8m2,,2981,,pool,,3,,408,,464,,67,,1.0,,Cannot find cue bottom
sec6-res-util-pool-c8m2,,2984,,pool,,3,,407,,492,,95,,1.0,,Cannot find cue top
sec6-res-util-pool-c8m2,,2988,,pool,,3,,407,,477,,81,,1.0,,Cannot find cue bottom
sec6-res-util-pool-c8m2,,2991,,pool,,3,,409,,469,,72,,1.0,,Cannot find cue top
sec6-res-util-pool-c8m2,,2994,,pool,,3,,409,,474,,77,,1.0,,Cannot find cue top
sec6-res-util-pool-c8m2,,2997,,pool,,3,,416,,466,,153,,1.49439908403e-06,,Cannot find cue top
sec6-res-util-pool-c8m2,,3003,,pool,,3,,409,,464,,68,,1.0,,Cannot find cue bottom
sec6-res-util-pool-c8m2,,3006,,pool,,3,,408,,466,,70,,1.0,,Cannot find cue bottom
sec6-res-util-pool-c8m2,,3009,,pool,,3,,409,,481,,85,,1.0,,Cannot find cue bottom
sec6-res-util-pool-c8m2,,3012,,pool,,3,,408,,475,,78,,1.0,,Cannot find cue bottom
sec6-res-util-pool-c8m2,,3084,,pool,,3,,416,,513,,116,,0.0426295284331,,Cannot find cue bottom
sec6-res-util-pool-c8m2,,3088,,pool,,3,,412,,491,,95,,1.0,,Cannot find cue bottom
sec6-res-util-pool-c8m2,,3091,,pool,,3,,408,,476,,79,,1.0,,Cannot find cue top
sec6-res-util-pool-c8m2,,3095,,pool,,3,,408,,449,,53,,1.0,,Cannot find cue top
sec6-res-util-pool-c8m2,,3121,,pool,,3,,414,,512,,115,,0.05625,,Cannot find cue bottom
sec6-res-util-pool-c8m2,,3125,,pool,,3,,407,,493,,96,,0.99999,,Cannot find cue bottom
sec6-res-util-pool-c8m2,,3129,,pool,,3,,408,,475,,78,,1.0,,Cannot find cue bottom
sec6-res-util-pool-c8m2,,3132,,pool,,3,,413,,481,,84,,1.0,,Cannot find cue bottom
sec6-res-util-pool-c8m2,,3135,,pool,,3,,406,,454,,56,,1.0,,Cannot find cue top
sec6-res-util-pool-c8m2,,3138,,pool,,3,,408,,489,,91,,1.0,,Cannot find cue top
sec6-res-util-pool-c8m2,,3159,,pool,,3,,413,,470,,73,,1.0,,Cannot find cue top
sec6-res-util-pool-c8m2,,3162,,pool,,3,,408,,483,,86,,1.0,,Cannot find cue top
sec6-res-util-pool-c8m2,,3165,,pool,,3,,409,,454,,57,,1.0,,Cannot find cue top
sec6-res-util-pool-c8m2,,3168,,pool,,3,,407,,453,,56,,1.0,,Cannot find cue top
sec6-res-util-pool-c8m2,,3170,,pool,,3,,409,,495,,98,,0.99919,,Cannot find cue bottom
sec6-res-util-pool-c8m2,,3174,,pool,,3,,409,,470,,73,,1.0,,Cannot find cue bottom
sec6-res-util-pool-c8m2,,3177,,pool,,3,,408,,470,,73,,1.0,,Cannot find cue bottom
sec6-res-util-pool-c8m2,,3180,,pool,,3,,408,,495,,98,,0.99919,,Cannot find cue bottom
sec6-res-util-pool-c8m2,,3195,,pool,,3,,414,,496,,99,,0.99744,,Cannot find cue bottom
sec6-res-util-pool-c8m2,,3198,,pool,,3,,406,,469,,72,,1.0,,Cannot find cue bottom
sec6-res-util-pool-c8m2,,3201,,pool,,3,,408,,468,,71,,1.0,,Cannot find cue bottom
sec6-res-util-pool-c8m2,,3204,,pool,,3,,408,,479,,83,,1.0,,Cannot find cue top
sec6-res-util-pool-c8m2,,3208,,pool,,3,,408,,484,,87,,1.0,,Cannot find cue top
sec6-res-util-pool-c8m2,,3211,,pool,,3,,408,,470,,73,,1.0,,Cannot find cue top
sec6-res-util-pool-c8m2,,3214,,pool,,3,,408,,464,,67,,1.0,,Cannot find cue top
sec6-res-util-pool-c8m2,,3227,,pool,,3,,415,,499,,103,,0.95904,,Cannot find cue ball
sec6-res-util-pool-c8m2,,3230,,pool,,3,,408,,501,,104,,0.93439,,Cannot find cue ball
sec6-res-util-pool-c8m2,,3234,,pool,,3,,408,,476,,79,,1.0,,Cannot find cue ball
sec6-res-util-pool-c8m2,,3238,,pool,,3,,407,,477,,79,,1.0,,Cannot find cue ball
sec6-res-util-pool-c8m2,,3241,,pool,,3,,407,,466,,69,,1.0,,Cannot find cue ball
sec6-res-util-pool-c8m2,,3244,,pool,,3,,407,,466,,68,,1.0,,Cannot find cue ball
sec6-res-util-pool-c8m2,,3247,,pool,,3,,408,,527,,130,,0.00087890625,,Cannot find cue ball
sec6-res-util-pool-c8m2,,3251,,pool,,3,,408,,531,,134,,0.000289930937426,,speech: right
sec6-res-util-pool-c8m2,,3256,,pool,,3,,409,,498,,210,,2.04636307899e-13,,speech: right
sec6-res-util-pool-c8m2,,3264,,pool,,3,,407,,506,,110,,0.225,,Cannot find cue ball
sec6-res-util-pool-c8m2,,3268,,pool,,3,,409,,493,,97,,0.99984,,Cannot find cue ball
sec6-res-util-pool-c8m2,,3272,,pool,,3,,407,,508,,112,,0.129228564937,,Cannot find cue ball
sec6-res-util-pool-c8m2,,3276,,pool,,3,,410,,473,,77,,1.0,,Cannot find cue ball
sec6-res-util-pool-c8m2,,3279,,pool,,3,,410,,524,,127,,0.00201919632714,,Cannot find cue ball
sec6-res-util-pool-c8m2,,3284,,pool,,3,,407,,498,,101,,0.98704,,Cannot find object ball
sec6-res-util-pool-c8m2,,3288,,pool,,3,,408,,508,,202,,1.88052312205e-12,,Cannot find object ball
sec6-res-util-pool-c8m2,,3295,,pool,,3,,407,,490,,93,,1.0,,Cannot find object ball
sec6-res-util-pool-c8m2,,3298,,pool,,3,,410,,489,,92,,1.0,,Cannot find object ball
sec6-res-util-pool-c8m2,,3302,,pool,,3,,407,,520,,123,,0.00612105864818,,Cannot find object ball
sec6-res-util-pool-c8m2,,3306,,pool,,3,,409,,506,,110,,0.225,,Cannot find object ball
sec6-res-util-pool-c8m2,,3311,,pool,,3,,409,,503,,106,,0.68207245493,,Cannot find object ball
sec6-res-util-pool-c8m2,,3315,,pool,,3,,408,,474,,76,,1.0,,Cannot find object ball
sec6-res-util-pool-c8m2,,3318,,pool,,3,,407,,484,,119,,0.0185555799952,,Cannot find object ball
sec6-res-util-pool-c8m2,,3322,,pool,,3,,407,,514,,117,,0.0323071412343,,Cannot find object ball
sec6-res-util-pool-c8m2,,3327,,pool,,3,,408,,500,,103,,0.95904,,Cannot find object ball
sec6-res-util-pool-c8m2,,3331,,pool,,3,,410,,481,,84,,1.0,,Cannot find object ball
sec6-res-util-pool-c8m2,,3334,,pool,,3,,409,,503,,106,,0.68207245493,,Cannot find object ball
sec6-res-util-pool-c8m2,,3338,,pool,,3,,408,,508,,111,,0.170518113732,,Cannot find object ball
sec6-res-util-pool-c8m2,,3343,,pool,,3,,408,,502,,115,,0.05625,,Cannot find object ball
sec6-res-util-pool-c8m2,,3347,,pool,,3,,410,,515,,118,,0.0244842345927,,Cannot find object ball
sec6-res-util-pool-c8m2,,3351,,pool,,3,,408,,513,,116,,0.0426295284331,,Cannot find object ball
sec6-res-util-pool-c8m2,,3356,,pool,,3,,407,,498,,101,,0.98704,,Cannot find object ball
sec6-res-util-pool-c8m2,,3360,,pool,,3,,408,,488,,92,,1.0,,Cannot find object ball
sec6-res-util-pool-c8m2,,3363,,pool,,3,,408,,472,,75,,1.0,,Cannot find object ball
sec6-res-util-pool-c8m2,,3366,,pool,,3,,408,,482,,85,,1.0,,Cannot find object ball
sec6-res-util-pool-c8m2,,3370,,pool,,3,,408,,537,,140,,5.4931640625e-05,,Cannot find cue ball
sec6-res-util-pool-c8m2,,3375,,pool,,3,,408,,494,,97,,0.99984,,Cannot find object ball
sec6-res-util-pool-c8m2,,3379,,pool,,3,,408,,491,,94,,1.0,,speech: left
sec6-res-util-pool-c8m2,,3382,,pool,,3,,407,,473,,76,,1.0,,speech: left
sec6-res-util-pool-c8m2,,3385,,pool,,3,,408,,478,,82,,1.0,,speech: left
sec6-res-util-pool-c8m2,,3389,,pool,,3,,407,,489,,110,,0.225,,speech: left
sec6-res-util-pool-c8m2,,3393,,pool,,3,,409,,497,,100,,0.99375,,speech: left
sec6-res-util-pool-c8m2,,3397,,pool,,3,,408,,503,,106,,0.68207245493,,speech: left
sec6-res-util-pool-c8m2,,3401,,pool,,3,,408,,520,,124,,0.00463889499881,,speech: left
sec6-res-util-pool-c8m2,,3406,,pool,,3,,408,,531,,134,,0.000289930937426,,speech: left
sec6-res-util-pool-c8m2,,3411,,pool,,3,,407,,492,,196,,9.92546054374e-12,,speech: left
sec6-res-util-pool-c8m2,,3418,,pool,,3,,409,,532,,135,,0.0002197265625,,speech: left
sec6-res-util-pool-c8m2,,3423,,pool,,3,,408,,478,,80,,1.0,,speech: left
sec6-res-util-pool-c8m2,,3426,,pool,,3,,409,,485,,88,,1.0,,speech: left
sec6-res-util-pool-c8m2,,3430,,pool,,3,,407,,472,,75,,1.0,,speech: left
sec6-res-util-pool-c8m2,,3433,,pool,,3,,408,,482,,85,,1.0,,speech: left
sec6-res-util-pool-c8m2,,3436,,pool,,3,,407,,499,,102,,0.97599,,speech: left
sec6-res-util-pool-c8m2,,3440,,pool,,3,,408,,521,,139,,7.24827343564e-05,,speech: left
sec6-res-util-pool-c8m2,,3445,,pool,,3,,408,,503,,106,,0.68207245493,,speech: left
sec6-res-util-pool-c8m2,,3449,,pool,,3,,410,,491,,94,,1.0,,Cannot find object ball
sec6-res-util-pool-c8m2,,3453,,pool,,3,,408,,506,,110,,0.225,,speech: left
sec6-res-util-pool-c8m2,,3457,,pool,,3,,407,,527,,130,,0.00087890625,,speech: good
sec6-res-util-pool-c8m2,,3462,,pool,,3,,408,,497,,99,,0.99744,,speech: left
sec6-res-util-pool-c8m2,,3466,,pool,,3,,408,,504,,107,,0.516914259749,,speech: left
sec6-res-util-pool-c8m2,,3470,,pool,,3,,408,,528,,160,,2.14576721191e-07,,speech: left
sec6-res-util-pool-c8m2,,3476,,pool,,3,,408,,502,,105,,0.9,,speech: left
sec6-res-util-pool-c8m2,,3480,,pool,,3,,407,,516,,119,,0.0185555799952,,Cannot find object ball
sec6-res-util-pool-c8m2,,3485,,pool,,3,,408,,491,,94,,1.0,,Cannot find cue ball
sec6-res-util-pool-c8m2,,3488,,pool,,3,,407,,464,,67,,1.0,,Cannot find object ball
sec6-res-util-pool-c8m2,,3491,,pool,,3,,407,,470,,73,,1.0,,Cannot find cue ball
sec6-res-util-pool-c8m2,,3494,,pool,,3,,408,,461,,65,,1.0,,Cannot find cue bottom
sec6-res-util-pool-c8m2,,3497,,pool,,3,,407,,492,,95,,1.0,,Cannot find cue bottom
sec6-res-util-pool-c8m2,,3501,,pool,,3,,407,,484,,87,,1.0,,Cannot find cue bottom
sec6-res-util-pool-c8m2,,3504,,pool,,3,,407,,458,,61,,1.0,,Cannot find cue bottom
sec6-res-util-pool-c8m2,,3507,,pool,,3,,410,,450,,54,,1.0,,Cannot find cue top
sec6-res-util-pool-c8m2,,3510,,pool,,3,,408,,472,,75,,1.0,,Cannot find cue bottom
sec6-res-util-pool-c8m2,,3513,,pool,,3,,408,,459,,62,,1.0,,Cannot find cue bottom
sec6-res-util-pool-c8m2,,3516,,pool,,3,,408,,471,,76,,1.0,,Cannot find cue bottom
sec6-res-util-pool-c8m2,,3519,,pool,,3,,408,,488,,92,,1.0,,Cannot find cue bottom
sec6-res-util-pool-c8m2,,3522,,pool,,3,,410,,495,,99,,0.99744,,Cannot find cue bottom
sec6-res-util-pool-c8m2,,3549,,pool,,3,,414,,478,,81,,1.0,,Cannot find cue bottom
sec6-res-util-pool-c8m2,,3552,,pool,,3,,408,,493,,96,,0.99999,,Cannot find cue bottom
sec6-res-util-pool-c8m2,,3556,,pool,,3,,408,,500,,104,,0.93439,,Cannot find cue bottom
sec6-res-util-pool-c8m2,,3560,,pool,,3,,408,,505,,109,,0.296889279924,,Cannot find cue bottom
sec6-res-util-pool-c8m2,,3592,,pool,,3,,411,,492,,95,,1.0,,Cannot find cue bottom
sec6-res-util-pool-c8m2,,3595,,pool,,3,,408,,471,,73,,1.0,,Cannot find cue top
sec6-res-util-pool-c8m2,,3598,,pool,,3,,409,,467,,71,,1.0,,Cannot find cue bottom
sec6-res-util-pool-c8m2,,3601,,pool,,3,,410,,475,,78,,1.0,,Cannot find cue top
sec6-res-util-pool-c8m2,,3605,,pool,,3,,410,,474,,77,,1.0,,Cannot find cue top
sec6-res-util-pool-c8m2,,3608,,pool,,3,,410,,485,,88,,1.0,,Cannot find cue top
sec6-res-util-pool-c8m2,,3611,,pool,,3,,411,,484,,87,,1.0,,Cannot find cue bottom
sec6-res-util-pool-c8m2,,3620,,pool,,3,,416,,489,,92,,1.0,,Cannot find cue top
sec6-res-util-pool-c8m2,,3623,,pool,,3,,408,,466,,69,,1.0,,Cannot find cue top
sec6-res-util-pool-c8m2,,3626,,pool,,3,,409,,505,,107,,0.516914259749,,Cannot find cue bottom
sec6-res-util-pool-c8m2,,3630,,pool,,3,,408,,471,,74,,1.0,,Cannot find cue bottom
sec6-res-util-pool-c8m2,,3633,,pool,,3,,407,,466,,69,,1.0,,Cannot find cue bottom
sec6-res-util-pool-c8m2,,3636,,pool,,3,,409,,466,,69,,1.0,,Cannot find cue top
sec6-res-util-pool-c8m2,,3639,,pool,,3,,410,,478,,80,,1.0,,Cannot find cue bottom
sec6-res-util-pool-c8m2,,3642,,pool,,3,,408,,485,,88,,1.0,,Cannot find cue bottom
sec6-res-util-pool-c8m2,,3646,,pool,,3,,408,,503,,106,,0.68207245493,,Cannot find cue bottom
sec6-res-util-pool-c8m2,,3650,,pool,,3,,408,,468,,70,,1.0,,Cannot find cue bottom
sec6-res-util-pool-c8m2,,3653,,pool,,3,,416,,467,,69,,1.0,,Cannot find cue top
sec6-res-util-pool-c8m2,,3656,,pool,,3,,409,,472,,75,,1.0,,Cannot find cue top
sec6-res-util-pool-c8m2,,3662,,pool,,3,,408,,487,,90,,1.0,,Cannot find cue top
sec6-res-util-pool-c8m2,,3665,,pool,,3,,409,,503,,107,,0.516914259749,,Cannot find cue bottom
sec6-res-util-pool-c8m2,,3669,,pool,,3,,408,,462,,65,,1.0,,Cannot find cue bottom
sec6-res-util-pool-c8m2,,3672,,pool,,3,,411,,507,,110,,0.225,,Cannot find cue bottom
sec6-res-util-pool-c8m2,,3676,,pool,,3,,411,,522,,125,,0.003515625,,Cannot find cue bottom
sec6-res-util-pool-c8m2,,3681,,pool,,3,,412,,502,,105,,0.9,,Cannot find cue bottom
sec6-res-util-pool-c8m2,,3685,,pool,,3,,407,,469,,75,,1.0,,Cannot find cue bottom
sec6-res-util-pool-c8m2,,3688,,pool,,3,,407,,456,,58,,1.0,,Cannot find cue top
sec6-res-util-pool-c8m2,,3691,,pool,,3,,409,,475,,77,,1.0,,Cannot find cue top
sec6-res-util-pool-c8m2,,3694,,pool,,3,,408,,472,,75,,1.0,,Cannot find cue top
sec6-res-util-pool-c8m2,,3697,,pool,,3,,410,,532,,134,,0.000289930937426,,Cannot find cue top
sec6-res-util-pool-c8m2,,3702,,pool,,3,,409,,471,,74,,1.0,,Cannot find cue top
sec6-res-util-pool-c8m2,,3705,,pool,,3,,408,,499,,101,,0.98704,,Cannot find cue bottom
sec6-res-util-pool-c8m2,,3709,,pool,,3,,411,,493,,95,,1.0,,Cannot find cue bottom
sec6-res-util-pool-c8m2,,3713,,pool,,3,,408,,497,,168,,2.33499856879e-08,,Cannot find cue top
sec6-res-util-pool-c8m2,,3719,,pool,,3,,408,,495,,98,,0.99919,,Cannot find cue ball
sec6-res-util-pool-c8m2,,3722,,pool,,3,,408,,469,,74,,1.0,,Cannot find cue bottom
sec6-res-util-pool-c8m2,,3726,,pool,,3,,406,,475,,77,,1.0,,Cannot find cue bottom
sec6-res-util-pool-c8m2,,3729,,pool,,3,,406,,463,,66,,1.0,,Cannot find cue bottom
sec6-res-util-pool-c8m2,,3732,,pool,,3,,407,,471,,74,,1.0,,Cannot find cue ball
sec6-res-util-pool-c8m2,,3735,,pool,,3,,410,,496,,99,,0.99744,,Cannot find cue ball
sec6-res-util-pool-c8m2,,3739,,pool,,3,,408,,519,,123,,0.00612105864818,,Cannot find cue ball
sec6-res-util-pool-c8m2,,3743,,pool,,3,,407,,530,,132,,0.000504799081786,,Cannot find cue bottom
sec6-res-util-pool-c8m2,,3748,,pool,,3,,407,,529,,216,,3.8771330249e-14,,Cannot find cue ball
sec6-res-util-pool-c8m2,,3755,,pool,,3,,408,,490,,93,,1.0,,Cannot find cue ball
sec6-res-util-pool-c8m2,,3759,,pool,,3,,408,,480,,88,,1.0,,Cannot find cue ball
sec6-res-util-pool-c8m2,,3763,,pool,,3,,407,,502,,105,,0.9,,Cannot find cue ball
sec6-res-util-pool-c8m2,,3767,,pool,,3,,407,,488,,105,,0.9,,Cannot find cue ball
sec6-res-util-pool-c8m2,,3771,,pool,,3,,408,,537,,140,,5.4931640625e-05,,Cannot find object ball
sec6-res-util-pool-c8m2,,3776,,pool,,3,,408,,527,,130,,0.00087890625,,Cannot find object ball
sec6-res-util-pool-c8m2,,3781,,pool,,3,,408,,525,,128,,0.00153026466204,,Cannot find object ball
sec6-res-util-pool-c8m2,,3785,,pool,,3,,405,,485,,88,,1.0,,Cannot find cue ball
sec6-res-util-pool-c8m2,,3789,,pool,,3,,408,,492,,95,,1.0,,Cannot find cue ball
sec6-res-util-pool-c8m2,,3793,,pool,,3,,408,,505,,108,,0.391747753483,,Cannot find object ball
sec6-res-util-pool-c8m2,,3797,,pool,,3,,408,,477,,80,,1.0,,Cannot find cue ball
sec6-res-util-pool-c8m2,,3800,,pool,,3,,408,,498,,101,,0.98704,,Cannot find cue ball
sec6-res-util-pool-c8m2,,3804,,pool,,3,,406,,507,,109,,0.296889279924,,Cannot find object ball
sec6-res-util-pool-c8m2,,3808,,pool,,3,,407,,475,,77,,1.0,,Cannot find cue ball
sec6-res-util-pool-c8m2,,3812,,pool,,3,,407,,505,,109,,0.296889279924,,Cannot find cue ball
sec6-res-util-pool-c8m2,,3816,,pool,,3,,406,,521,,124,,0.00463889499881,,Cannot find object ball
sec6-res-util-pool-c8m2,,3821,,pool,,3,,407,,511,,115,,0.05625,,Cannot find cue bottom
sec6-res-util-pool-c8m2,,3825,,pool,,3,,407,,508,,210,,2.04636307899e-13,,Cannot find cue bottom
sec6-res-util-pool-c8m2,,3832,,pool,,3,,410,,455,,58,,1.0,,Cannot find cue top
sec6-res-util-pool-c8m2,,3835,,pool,,3,,409,,501,,104,,0.93439,,Cannot find cue ball
sec6-res-util-pool-c8m2,,3839,,pool,,3,,409,,467,,76,,1.0,,Cannot find cue top
sec6-res-util-pool-c8m2,,3842,,pool,,3,,410,,474,,78,,1.0,,Cannot find cue top
sec6-res-util-pool-c8m2,,3845,,pool,,3,,408,,482,,85,,1.0,,Cannot find cue top
sec6-res-util-pool-c8m2,,3849,,pool,,3,,408,,483,,86,,1.0,,Cannot find cue top
sec6-res-util-pool-c8m2,,3852,,pool,,3,,410,,457,,58,,1.0,,Cannot find cue top
sec6-res-util-pool-c8m2,,3855,,pool,,3,,408,,471,,73,,1.0,,Cannot find cue bottom
sec6-res-util-pool-c8m2,,3858,,pool,,3,,406,,475,,77,,1.0,,Cannot find cue ball
sec6-res-util-pool-c8m2,,3861,,pool,,3,,410,,479,,161,,1.62618745549e-07,,Cannot find cue bottom
sec6-res-util-pool-c8m2,,3866,,pool,,3,,408,,464,,68,,1.0,,Cannot find cue bottom
sec6-res-util-pool-c8m2,,3869,,pool,,3,,412,,477,,80,,1.0,,Cannot find cue top
sec6-res-util-pool-c8m2,,3873,,pool,,3,,408,,515,,118,,0.0244842345927,,Cannot find cue bottom
sec6-res-util-pool-c8m2,,3877,,pool,,3,,408,,519,,122,,0.00807678530857,,Cannot find cue bottom
sec6-res-util-pool-c8m2,,3881,,pool,,3,,410,,478,,81,,1.0,,Cannot find cue bottom
sec6-res-util-pool-c8m2,,3885,,pool,,3,,409,,486,,89,,1.0,,Cannot find cue bottom
sec6-res-util-pool-c8m2,,3888,,pool,,3,,410,,519,,121,,0.0106573821083,,Cannot find cue bottom
sec6-res-util-pool-c8m2,,3893,,pool,,3,,408,,466,,69,,1.0,,Cannot find cue bottom
sec6-res-util-pool-c8m2,,3895,,pool,,3,,409,,462,,64,,1.0,,Cannot find cue bottom
sec6-res-util-pool-c8m2,,3898,,pool,,3,,407,,499,,101,,0.98704,,Cannot find cue bottom
sec6-res-util-pool-c8m2,,3902,,pool,,3,,407,,491,,95,,1.0,,Cannot find cue bottom
sec6-res-util-pool-c8m2,,3905,,pool,,3,,409,,522,,125,,0.003515625,,Cannot find cue bottom
sec6-res-util-pool-c8m2,,3910,,pool,,3,,412,,524,,127,,0.00201919632714,,Cannot find cue bottom
sec6-res-util-pool-c8m2,,3915,,pool,,3,,414,,545,,147,,7.8874856529e-06,,Cannot find cue bottom
sec6-res-util-pool-c8m2,,3920,,pool,,3,,415,,522,,221,,9.69283256225e-15,,Cannot find cue ball
sec6-res-util-pool-c8m2,,3927,,pool,,3,,410,,496,,99,,0.99744,,Cannot find cue bottom
sec6-res-util-pool-c8m2,,3931,,pool,,3,,410,,486,,89,,1.0,,Cannot find cue bottom
sec6-res-util-pool-c8m2,,3935,,pool,,3,,410,,476,,79,,1.0,,Cannot find cue ball
sec6-res-util-pool-c8m2,,3938,,pool,,3,,410,,476,,79,,1.0,,Cannot find cue bottom
sec6-res-util-pool-c8m2,,3942,,pool,,3,,410,,463,,66,,1.0,,Cannot find cue bottom
sec6-res-util-pool-c8m2,,3944,,pool,,3,,409,,482,,85,,1.0,,Cannot find cue bottom
sec6-res-util-pool-c8m2,,3948,,pool,,3,,411,,511,,114,,0.074222319981,,Cannot find cue bottom
sec6-res-util-pool-c8m2,,3952,,pool,,3,,413,,466,,69,,1.0,,Cannot find cue bottom
sec6-res-util-pool-c8m2,,3955,,pool,,3,,410,,496,,99,,0.99744,,Cannot find cue bottom
sec6-res-util-pool-c8m2,,3959,,pool,,3,,410,,477,,80,,1.0,,Cannot find cue ball
sec6-res-util-pool-c8m2,,3963,,pool,,3,,410,,484,,87,,1.0,,Cannot find cue ball
sec6-res-util-pool-c8m2,,3966,,pool,,3,,412,,532,,136,,0.000166521595442,,Cannot find cue bottom
sec6-res-util-pool-c8m2,,3972,,pool,,3,,410,,475,,79,,1.0,,Cannot find cue bottom
sec6-res-util-pool-c8m2,,3975,,pool,,3,,410,,468,,72,,1.0,,Cannot find cue bottom
sec6-res-util-pool-c8m2,,3978,,pool,,3,,410,,472,,75,,1.0,,Cannot find cue bottom
sec6-res-util-pool-c8m2,,3981,,pool,,3,,410,,509,,221,,9.69283256225e-15,,Cannot find cue bottom
sec6-res-util-pool-c8m2,,3989,,pool,,3,,412,,489,,94,,1.0,,Cannot find cue bottom
sec6-res-util-pool-c8m2,,3993,,pool,,3,,410,,495,,98,,0.99919,,Cannot find cue bottom
sec6-res-util-pool-c8m2,,3996,,pool,,3,,410,,515,,118,,0.0244842345927,,Cannot find cue bottom
sec6-res-util-pool-c8m2,,4001,,pool,,3,,410,,479,,82,,1.0,,Cannot find cue bottom
sec6-res-util-pool-c8m2,,4004,,pool,,3,,411,,469,,73,,1.0,,Cannot find cue bottom
sec6-res-util-pool-c8m2,,2,,pool,,3,,409,,482,,84,,1.0,,Cannot find cue bottom
sec6-res-util-pool-c8m2,,5,,pool,,3,,406,,469,,72,,1.0,,Cannot find cue bottom
sec6-res-util-pool-c8m2,,8,,pool,,3,,406,,461,,64,,1.0,,Cannot find cue bottom
sec6-res-util-pool-c8m2,,11,,pool,,3,,408,,485,,87,,1.0,,Cannot find cue bottom
sec6-res-util-pool-c8m2,,15,,pool,,3,,407,,501,,105,,0.9,,Cannot find cue bottom
sec6-res-util-pool-c8m2,,19,,pool,,3,,405,,461,,64,,1.0,,Cannot find cue bottom
sec6-res-util-pool-c8m2,,21,,pool,,3,,407,,476,,80,,1.0,,Cannot find cue bottom
sec6-res-util-pool-c8m2,,25,,pool,,3,,406,,466,,68,,1.0,,Cannot find cue bottom
sec6-res-util-pool-c8m2,,28,,pool,,3,,406,,489,,92,,1.0,,Cannot find cue bottom
sec6-res-util-pool-c8m2,,31,,pool,,3,,406,,492,,94,,1.0,,Cannot find cue top
sec6-res-util-pool-c8m2,,35,,pool,,3,,406,,466,,179,,1.10599875422e-09,,Cannot find cue top
sec6-res-util-pool-c8m2,,41,,pool,,3,,407,,518,,121,,0.0106573821083,,Cannot find cue bottom
sec6-res-util-pool-c8m2,,46,,pool,,3,,406,,495,,99,,0.99744,,Cannot find cue bottom
sec6-res-util-pool-c8m2,,50,,pool,,3,,407,,486,,89,,1.0,,Cannot find cue bottom
sec6-res-util-pool-c8m2,,53,,pool,,3,,406,,467,,70,,1.0,,Cannot find cue ball
sec6-res-util-pool-c8m2,,56,,pool,,3,,405,,507,,109,,0.296889279924,,Cannot find cue ball
sec6-res-util-pool-c8m2,,60,,pool,,3,,407,,492,,95,,1.0,,Cannot find cue ball
sec6-res-util-pool-c8m2,,64,,pool,,3,,407,,492,,95,,1.0,,Cannot find cue ball
sec6-res-util-pool-c8m2,,68,,pool,,3,,408,,524,,220,,1.27897692437e-14,,Cannot find cue ball
sec6-res-util-pool-c8m2,,75,,pool,,3,,407,,499,,102,,0.97599,,speech: left
sec6-res-util-pool-c8m2,,79,,pool,,3,,407,,469,,71,,1.0,,Cannot find object ball
sec6-res-util-pool-c8m2,,82,,pool,,3,,407,,480,,83,,1.0,,Cannot find object ball
sec6-res-util-pool-c8m2,,85,,pool,,3,,406,,478,,82,,1.0,,Cannot find cue ball
sec6-res-util-pool-c8m2,,89,,pool,,3,,407,,470,,72,,1.0,,Cannot find cue ball
sec6-res-util-pool-c8m2,,92,,pool,,3,,407,,482,,85,,1.0,,speech: right
sec6-res-util-pool-c8m2,,95,,pool,,3,,406,,471,,73,,1.0,,Cannot find object ball
sec6-res-util-pool-c8m2,,98,,pool,,3,,407,,497,,121,,0.0106573821083,,Cannot find cue ball
sec6-res-util-pool-c8m2,,103,,pool,,3,,407,,482,,85,,1.0,,Cannot find object ball
sec6-res-util-pool-c8m2,,106,,pool,,3,,410,,519,,122,,0.00807678530857,,Cannot find object ball
sec6-res-util-pool-c8m2,,111,,pool,,3,,406,,481,,84,,1.0,,Cannot find cue ball
sec6-res-util-pool-c8m2,,114,,pool,,3,,407,,506,,109,,0.296889279924,,Cannot find cue ball
sec6-res-util-pool-c8m2,,118,,pool,,3,,408,,486,,174,,4.42399501687e-09,,Cannot find object ball
sec6-res-util-pool-c8m2,,124,,pool,,3,,409,,495,,97,,0.99984,,Cannot find cue ball
sec6-res-util-pool-c8m2,,128,,pool,,3,,408,,493,,96,,0.99999,,Cannot find object ball
sec6-res-util-pool-c8m2,,132,,pool,,3,,407,,542,,145,,1.37329101563e-05,,Cannot find object ball
sec6-res-util-pool-c8m2,,137,,pool,,3,,407,,503,,106,,0.68207245493,,speech: right
sec6-res-util-pool-c8m2,,141,,pool,,3,,408,,502,,104,,0.93439,,speech: right
sec6-res-util-pool-c8m2,,145,,pool,,3,,408,,507,,110,,0.225,,speech: right
sec6-res-util-pool-c8m2,,149,,pool,,3,,407,,473,,76,,1.0,,speech: right
sec6-res-util-pool-c8m2,,152,,pool,,3,,409,,484,,160,,2.14576721191e-07,,Cannot find object ball
sec6-res-util-pool-c8m2,,158,,pool,,3,,407,,489,,91,,1.0,,Cannot find cue ball
sec6-res-util-pool-c8m2,,162,,pool,,3,,407,,500,,103,,0.95904,,Cannot find cue ball
sec6-res-util-pool-c8m2,,166,,pool,,3,,407,,497,,99,,0.99744,,speech: left
sec6-res-util-pool-c8m2,,170,,pool,,3,,406,,471,,74,,1.0,,Cannot find cue ball
sec6-res-util-pool-c8m2,,173,,pool,,3,,408,,509,,111,,0.170518113732,,Cannot find object ball
sec6-res-util-pool-c8m2,,177,,pool,,3,,412,,487,,89,,1.0,,Cannot find object ball
sec6-res-util-pool-c8m2,,180,,pool,,3,,408,,504,,106,,0.68207245493,,Cannot find cue ball
sec6-res-util-pool-c8m2,,184,,pool,,3,,407,,478,,80,,1.0,,Cannot find object ball
sec6-res-util-pool-c8m2,,187,,pool,,3,,407,,466,,68,,1.0,,Cannot find object ball
sec6-res-util-pool-c8m2,,190,,pool,,3,,406,,528,,226,,2.42320814056e-15,,Cannot find object ball
sec6-res-util-pool-c8m2,,198,,pool,,3,,406,,509,,112,,0.129228564937,,Cannot find object ball
sec6-res-util-pool-c8m2,,202,,pool,,3,,407,,515,,117,,0.0323071412343,,Cannot find cue ball
sec6-res-util-pool-c8m2,,206,,pool,,3,,407,,487,,89,,1.0,,Cannot find object ball
sec6-res-util-pool-c8m2,,210,,pool,,3,,405,,454,,57,,1.0,,Cannot find cue top
sec6-res-util-pool-c8m2,,213,,pool,,3,,406,,456,,59,,1.0,,Cannot find cue top
sec6-res-util-pool-c8m2,,215,,pool,,3,,407,,461,,64,,1.0,,Cannot find cue bottom
sec6-res-util-pool-c8m2,,218,,pool,,3,,407,,468,,71,,1.0,,Cannot find cue top
sec6-res-util-pool-c8m2,,221,,pool,,3,,407,,468,,70,,1.0,,Cannot find cue top
sec6-res-util-pool-c8m2,,224,,pool,,3,,406,,461,,138,,9.56415413777e-05,,Cannot find cue top
sec6-res-util-pool-c8m2,,229,,pool,,3,,408,,475,,77,,1.0,,Cannot find cue bottom
sec6-res-util-pool-c8m2,,232,,pool,,3,,406,,460,,63,,1.0,,Cannot find cue top
sec6-res-util-pool-c8m2,,234,,pool,,3,,408,,449,,51,,1.0,,Cannot find cue top
sec6-res-util-pool-c8m2,,237,,pool,,3,,407,,451,,54,,1.0,,Cannot find cue top
sec6-res-util-pool-c8m2,,239,,pool,,3,,407,,491,,93,,1.0,,Cannot find cue top
sec6-res-util-pool-c8m2,,243,,pool,,3,,408,,494,,96,,0.99999,,Cannot find cue bottom
sec6-res-util-pool-c8m2,,247,,pool,,3,,410,,501,,104,,0.93439,,Cannot find cue bottom
sec6-res-util-pool-c8m2,,250,,pool,,3,,408,,517,,169,,1.76959800675e-08,,Cannot find cue bottom
sec6-res-util-pool-c8m2,,256,,pool,,3,,408,,480,,82,,1.0,,Cannot find cue bottom
sec6-res-util-pool-c8m2,,260,,pool,,3,,408,,487,,89,,1.0,,Cannot find cue bottom
sec6-res-util-pool-c8m2,,263,,pool,,3,,409,,503,,105,,0.9,,Cannot find cue bottom
sec6-res-util-pool-c8m2,,267,,pool,,3,,408,,476,,123,,0.00612105864818,,Cannot find cue bottom
sec6-res-util-pool-c8m2,,272,,pool,,3,,409,,472,,75,,1.0,,Cannot find cue ball
sec6-res-util-pool-c8m2,,275,,pool,,3,,409,,471,,74,,1.0,,Cannot find cue ball
sec6-res-util-pool-c8m2,,297,,pool,,3,,413,,487,,91,,1.0,,Cannot find cue bottom
sec6-res-util-pool-c8m2,,300,,pool,,3,,406,,499,,101,,0.98704,,Cannot find cue bottom
sec6-res-util-pool-c8m2,,304,,pool,,3,,415,,482,,84,,1.0,,Cannot find cue bottom
sec6-res-util-pool-c8m2,,307,,pool,,3,,407,,482,,118,,0.0244842345927,,Cannot find cue bottom
sec6-res-util-pool-c8m2,,312,,pool,,3,,408,,509,,112,,0.129228564937,,Cannot find cue bottom
sec6-res-util-pool-c8m2,,316,,pool,,3,,407,,483,,86,,1.0,,Cannot find cue bottom
sec6-res-util-pool-c8m2,,319,,pool,,3,,409,,471,,73,,1.0,,Cannot find cue bottom
sec6-res-util-pool-c8m2,,322,,pool,,3,,409,,465,,67,,1.0,,Cannot find cue bottom
sec6-res-util-pool-c8m2,,341,,pool,,3,,413,,505,,108,,0.391747753483,,Cannot find cue bottom
sec6-res-util-pool-c8m2,,344,,pool,,3,,416,,481,,83,,1.0,,Cannot find cue bottom
sec6-res-util-pool-c8m2,,348,,pool,,3,,408,,490,,93,,1.0,,Cannot find cue bottom
sec6-res-util-pool-c8m2,,351,,pool,,3,,409,,550,,153,,1.49439908403e-06,,Cannot find cue bottom
sec6-res-util-pool-c8m2,,357,,pool,,3,,409,,514,,116,,0.0426295284331,,Cannot find cue bottom
sec6-res-util-pool-c8m2,,361,,pool,,3,,408,,472,,74,,1.0,,Cannot find cue bottom
sec6-res-util-pool-c8m2,,375,,pool,,3,,413,,527,,130,,0.00087890625,,Cannot find cue bottom
sec6-res-util-pool-c8m2,,379,,pool,,3,,407,,509,,112,,0.129228564937,,Cannot find cue bottom
sec6-res-util-pool-c8m2,,383,,pool,,3,,407,,502,,105,,0.9,,Cannot find cue bottom
sec6-res-util-pool-c8m2,,387,,pool,,3,,407,,487,,89,,1.0,,Cannot find cue bottom
sec6-res-util-pool-c8m2,,390,,pool,,3,,408,,474,,106,,0.68207245493,,Cannot find cue bottom
sec6-res-util-pool-c8m2,,394,,pool,,3,,413,,506,,108,,0.391747753483,,Cannot find cue bottom
sec6-res-util-pool-c8m2,,399,,pool,,3,,408,,512,,114,,0.074222319981,,Cannot find cue bottom
sec6-res-util-pool-c8m2,,403,,pool,,3,,405,,495,,97,,0.99984,,Cannot find cue bottom
sec6-res-util-pool-c8m2,,407,,pool,,3,,407,,483,,86,,1.0,,Cannot find object ball
sec6-res-util-pool-c8m2,,410,,pool,,3,,407,,492,,94,,1.0,,Cannot find object ball
sec6-res-util-pool-c8m2,,414,,pool,,3,,408,,495,,98,,0.99919,,Cannot find object ball
sec6-res-util-pool-c8m2,,417,,pool,,3,,408,,479,,81,,1.0,,Cannot find object ball
sec6-res-util-pool-c8m2,,421,,pool,,3,,408,,515,,117,,0.0323071412343,,Cannot find object ball
sec6-res-util-pool-c8m2,,425,,pool,,3,,409,,487,,182,,4.81413919245e-10,,Cannot find object ball
sec6-res-util-pool-c8m2,,431,,pool,,3,,406,,474,,76,,1.0,,Cannot find object ball
sec6-res-util-pool-c8m2,,435,,pool,,3,,408,,483,,90,,1.0,,Cannot find cue ball
sec6-res-util-pool-c8m2,,438,,pool,,3,,407,,490,,93,,1.0,,Cannot find cue ball
sec6-res-util-pool-c8m2,,442,,pool,,3,,408,,499,,102,,0.97599,,Cannot find cue ball
sec6-res-util-pool-c8m2,,446,,pool,,3,,407,,547,,149,,4.53017089728e-06,,Cannot find cue ball
sec6-res-util-pool-c8m2,,451,,pool,,3,,407,,515,,117,,0.0323071412343,,Cannot find object ball
sec6-res-util-pool-c8m2,,455,,pool,,3,,408,,479,,81,,1.0,,Cannot find cue ball
sec6-res-util-pool-c8m2,,459,,pool,,3,,408,,481,,83,,1.0,,Cannot find cue ball
sec6-res-util-pool-c8m2,,462,,pool,,3,,405,,476,,79,,1.0,,Cannot find cue ball
sec6-res-util-pool-c8m2,,465,,pool,,3,,405,,466,,69,,1.0,,Cannot find cue ball
sec6-res-util-pool-c8m2,,468,,pool,,3,,408,,471,,73,,1.0,,Cannot find cue ball
sec6-res-util-pool-c8m2,,471,,pool,,3,,408,,514,,117,,0.0323071412343,,Cannot find cue ball
sec6-res-util-pool-c8m2,,475,,pool,,3,,410,,508,,110,,0.225,,Cannot find cue ball
sec6-res-util-pool-c8m2,,480,,pool,,3,,408,,503,,105,,0.9,,Cannot find cue bottom
sec6-res-util-pool-c8m2,,483,,pool,,3,,408,,535,,183,,3.64843526374e-10,,Cannot find cue bottom
sec6-res-util-pool-c8m2,,490,,pool,,3,,408,,496,,98,,0.99919,,Cannot find cue bottom
sec6-res-util-pool-c8m2,,494,,pool,,3,,409,,470,,73,,1.0,,Cannot find cue ball
sec6-res-util-pool-c8m2,,497,,pool,,3,,407,,512,,114,,0.074222319981,,Cannot find cue bottom
sec6-res-util-pool-c8m2,,501,,pool,,3,,408,,501,,103,,0.95904,,Cannot find cue bottom
sec6-res-util-pool-c8m2,,505,,pool,,3,,408,,495,,97,,0.99984,,Cannot find cue bottom
sec6-res-util-pool-c8m2,,509,,pool,,3,,408,,502,,104,,0.93439,,Cannot find cue bottom
sec6-res-util-pool-c8m2,,513,,pool,,3,,413,,511,,131,,0.000666086381767,,Cannot find cue bottom
sec6-res-util-pool-c8m2,,517,,pool,,3,,408,,481,,84,,1.0,,Cannot find cue bottom
sec6-res-util-pool-c8m2,,521,,pool,,3,,409,,519,,122,,0.00807678530857,,Cannot find cue bottom
sec6-res-util-pool-c8m2,,526,,pool,,3,,407,,506,,108,,0.391747753483,,Cannot find cue bottom
sec6-res-util-pool-c8m2,,530,,pool,,3,,409,,486,,89,,1.0,,Cannot find object ball
sec6-res-util-pool-c8m2,,533,,pool,,3,,407,,518,,120,,0.0140625,,Cannot find cue bottom
sec6-res-util-pool-c8m2,,538,,pool,,3,,408,,500,,120,,0.0140625,,Cannot find cue bottom
sec6-res-util-pool-c8m2,,542,,pool,,3,,408,,516,,119,,0.0185555799952,,Cannot find object ball
sec6-res-util-pool-c8m2,,546,,pool,,3,,413,,532,,135,,0.0002197265625,,Cannot find cue ball
sec6-res-util-pool-c8m2,,551,,pool,,3,,408,,509,,112,,0.129228564937,,Cannot find cue bottom
sec6-res-util-pool-c8m2,,556,,pool,,3,,410,,524,,127,,0.00201919632714,,Cannot find cue bottom
sec6-res-util-pool-c8m2,,560,,pool,,3,,408,,501,,104,,0.93439,,Cannot find cue bottom
sec6-res-util-pool-c8m2,,564,,pool,,3,,408,,501,,104,,0.93439,,Cannot find cue bottom
sec6-res-util-pool-c8m2,,568,,pool,,3,,408,,477,,81,,1.0,,Cannot find cue bottom
sec6-res-util-pool-c8m2,,572,,pool,,3,,408,,480,,102,,0.97599,,Cannot find cue bottom
sec6-res-util-pool-c8m2,,576,,pool,,3,,409,,518,,121,,0.0106573821083,,Cannot find cue bottom
sec6-res-util-pool-c8m2,,580,,pool,,3,,409,,504,,106,,0.68207245493,,Cannot find cue bottom
sec6-res-util-pool-c8m2,,584,,pool,,3,,409,,486,,89,,1.0,,Cannot find cue bottom
sec6-res-util-pool-c8m2,,588,,pool,,3,,410,,508,,111,,0.170518113732,,Cannot find cue bottom
sec6-res-util-pool-c8m2,,592,,pool,,3,,409,,476,,79,,1.0,,Cannot find cue bottom
sec6-res-util-pool-c8m2,,596,,pool,,3,,408,,492,,131,,0.000666086381767,,Cannot find cue bottom
sec6-res-util-pool-c8m2,,600,,pool,,3,,411,,497,,99,,0.99744,,Cannot find cue bottom
sec6-res-util-pool-c8m2,,604,,pool,,3,,409,,476,,78,,1.0,,Cannot find cue bottom
sec6-res-util-pool-c8m2,,607,,pool,,3,,407,,492,,96,,0.99999,,Cannot find cue bottom
sec6-res-util-pool-c8m2,,611,,pool,,3,,408,,502,,108,,0.391747753483,,Cannot find cue bottom
sec6-res-util-pool-c8m2,,615,,pool,,3,,407,,503,,106,,0.68207245493,,Cannot find object ball
sec6-res-util-pool-c8m2,,619,,pool,,3,,407,,476,,79,,1.0,,Cannot find cue bottom
sec6-res-util-pool-c8m2,,623,,pool,,3,,407,,452,,54,,1.0,,Cannot find cue top
sec6-res-util-pool-c8m2,,625,,pool,,3,,406,,453,,56,,1.0,,Cannot find cue top
sec6-res-util-pool-c8m2,,627,,pool,,3,,407,,471,,74,,1.0,,Cannot find cue bottom
sec6-res-util-pool-c8m2,,630,,pool,,3,,409,,486,,90,,1.0,,Cannot find cue bottom
sec6-res-util-pool-c8m2,,634,,pool,,3,,407,,490,,93,,1.0,,Cannot find cue bottom
sec6-res-util-pool-c8m2,,638,,pool,,3,,410,,456,,59,,1.0,,Cannot find cue top
sec6-res-util-pool-c8m2,,640,,pool,,3,,410,,465,,68,,1.0,,Cannot find cue top
sec6-res-util-pool-c8m2,,643,,pool,,3,,409,,463,,66,,1.0,,Cannot find cue top
sec6-res-util-pool-c8m2,,646,,pool,,3,,409,,478,,81,,1.0,,Cannot find cue bottom
sec6-res-util-pool-c8m2,,650,,pool,,3,,408,,498,,100,,0.99375,,Cannot find cue bottom
sec6-res-util-pool-c8m2,,654,,pool,,3,,409,,483,,86,,1.0,,Cannot find cue bottom
sec6-res-util-pool-c8m2,,657,,pool,,3,,409,,499,,101,,0.98704,,Cannot find cue bottom
sec6-res-util-pool-c8m2,,661,,pool,,3,,411,,504,,107,,0.516914259749,,Cannot find cue bottom
sec6-res-util-pool-c8m2,,665,,pool,,3,,412,,483,,86,,1.0,,Cannot find cue bottom
sec6-res-util-pool-c8m2,,669,,pool,,3,,410,,531,,153,,1.49439908403e-06,,Cannot find cue bottom
sec6-res-util-pool-c8m2,,674,,pool,,3,,410,,500,,104,,0.93439,,Cannot find cue bottom
sec6-res-util-pool-c8m2,,678,,pool,,3,,410,,498,,101,,0.98704,,Cannot find cue bottom
sec6-res-util-pool-c8m2,,682,,pool,,3,,409,,515,,119,,0.0185555799952,,Cannot find cue bottom
sec6-res-util-pool-c8m2,,687,,pool,,3,,409,,496,,100,,0.99375,,Cannot find cue bottom
sec6-res-util-pool-c8m2,,691,,pool,,3,,409,,469,,72,,1.0,,Cannot find cue bottom
sec6-res-util-pool-c8m2,,694,,pool,,3,,410,,468,,138,,9.56415413777e-05,,Cannot find cue bottom
sec6-res-util-pool-c8m2,,699,,pool,,3,,409,,478,,81,,1.0,,Cannot find cue bottom
sec6-res-util-pool-c8m2,,702,,pool,,3,,409,,485,,88,,1.0,,Cannot find cue bottom
sec6-res-util-pool-c8m2,,706,,pool,,3,,413,,519,,123,,0.00612105864818,,Cannot find cue bottom
sec6-res-util-pool-c8m2,,710,,pool,,3,,410,,497,,100,,0.99375,,Cannot find cue bottom
sec6-res-util-pool-c8m2,,714,,pool,,3,,409,,471,,74,,1.0,,Cannot find cue bottom
sec6-res-util-pool-c8m2,,717,,pool,,3,,408,,536,,140,,5.4931640625e-05,,Cannot find cue bottom
sec6-res-util-pool-c8m2,,722,,pool,,3,,413,,546,,149,,4.53017089728e-06,,Cannot find cue ball
sec6-res-util-pool-c8m2,,728,,pool,,3,,410,,522,,125,,0.003515625,,Cannot find cue ball
sec6-res-util-pool-c8m2,,753,,pool,,3,,413,,473,,75,,1.0,,Cannot find cue top
sec6-res-util-pool-c8m2,,755,,pool,,3,,411,,476,,78,,1.0,,Cannot find cue top
sec6-res-util-pool-c8m2,,758,,pool,,3,,409,,488,,91,,1.0,,Cannot find cue bottom
sec6-res-util-pool-c8m2,,761,,pool,,3,,408,,473,,75,,1.0,,Cannot find cue bottom
sec6-res-util-pool-c8m2,,765,,pool,,3,,411,,478,,81,,1.0,,Cannot find cue bottom
sec6-res-util-pool-c8m2,,768,,pool,,3,,408,,514,,117,,0.0323071412343,,Cannot find cue bottom
sec6-res-util-pool-c8m2,,772,,pool,,3,,409,,470,,73,,1.0,,Cannot find cue top
sec6-res-util-pool-c8m2,,775,,pool,,3,,410,,522,,124,,0.00463889499881,,Cannot find cue ball
sec6-res-util-pool-c8m2,,780,,pool,,3,,410,,550,,228,,1.39176760244e-15,,Cannot find cue bottom
sec6-res-util-pool-c8m2,,788,,pool,,3,,409,,463,,64,,1.0,,Cannot find cue top
sec6-res-util-pool-c8m2,,791,,pool,,3,,408,,484,,87,,1.0,,Cannot find cue ball
sec6-res-util-pool-c8m2,,794,,pool,,3,,413,,529,,132,,0.000504799081786,,Cannot find cue ball
sec6-res-util-pool-c8m2,,798,,pool,,3,,409,,469,,70,,1.0,,Cannot find cue bottom
sec6-res-util-pool-c8m2,,801,,pool,,3,,406,,487,,88,,1.0,,Cannot find cue bottom
sec6-res-util-pool-c8m2,,804,,pool,,3,,408,,463,,65,,1.0,,Cannot find cue top
sec6-res-util-pool-c8m2,,807,,pool,,3,,408,,467,,69,,1.0,,Cannot find cue top
sec6-res-util-pool-c8m2,,810,,pool,,3,,410,,460,,62,,1.0,,Cannot find cue top
sec6-res-util-pool-c8m2,,824,,pool,,3,,417,,493,,95,,1.0,,Cannot find cue top
sec6-res-util-pool-c8m2,,827,,pool,,3,,410,,475,,81,,1.0,,Cannot find cue top
sec6-res-util-pool-c8m2,,830,,pool,,3,,409,,467,,70,,1.0,,Cannot find cue top
sec6-res-util-pool-c8m2,,833,,pool,,3,,408,,473,,75,,1.0,,Cannot find cue top
sec6-res-util-pool-c8m2,,836,,pool,,3,,407,,469,,72,,1.0,,Cannot find cue top
sec6-res-util-pool-c8m2,,839,,pool,,3,,409,,474,,76,,1.0,,Cannot find cue top
sec6-res-util-pool-c8m2,,842,,pool,,3,,409,,462,,65,,1.0,,Cannot find cue top
sec6-res-util-pool-c8m2,,845,,pool,,3,,409,,461,,64,,1.0,,Cannot find cue top
sec6-res-util-pool-c8m2,,848,,pool,,3,,409,,489,,92,,1.0,,Cannot find cue bottom
sec6-res-util-pool-c8m2,,851,,pool,,3,,408,,484,,87,,1.0,,Cannot find object ball
sec6-res-util-pool-c8m2,,861,,pool,,3,,414,,529,,131,,0.000666086381767,,Cannot find cue ball
sec6-res-util-pool-c8m2,,865,,pool,,3,,408,,521,,124,,0.00463889499881,,Cannot find cue bottom
sec6-res-util-pool-c8m2,,870,,pool,,3,,408,,480,,85,,1.0,,Cannot find cue bottom
sec6-res-util-pool-c8m2,,873,,pool,,3,,409,,511,,113,,0.0979369383708,,Cannot find cue bottom
sec6-res-util-pool-c8m2,,878,,pool,,3,,410,,511,,152,,1.97187141323e-06,,speech: left
sec6-res-util-pool-c8m2,,883,,pool,,3,,409,,518,,121,,0.0106573821083,,Cannot find cue ball
sec6-res-util-pool-c8m2,,888,,pool,,3,,411,,501,,104,,0.93439,,speech: right
sec6-res-util-pool-c8m2,,891,,pool,,3,,408,,492,,95,,1.0,,Cannot find cue bottom
sec6-res-util-pool-c8m2,,895,,pool,,3,,409,,469,,72,,1.0,,Cannot find cue bottom
sec6-res-util-pool-c8m2,,898,,pool,,3,,408,,506,,108,,0.391747753483,,Cannot find cue bottom
sec6-res-util-pool-c8m2,,902,,pool,,3,,408,,507,,149,,4.53017089728e-06,,Cannot find cue ball
sec6-res-util-pool-c8m2,,908,,pool,,3,,410,,506,,109,,0.296889279924,,Cannot find cue ball
sec6-res-util-pool-c8m2,,912,,pool,,3,,409,,543,,146,,1.04075997151e-05,,Cannot find cue ball
sec6-res-util-pool-c8m2,,917,,pool,,3,,408,,480,,83,,1.0,,speech: right
sec6-res-util-pool-c8m2,,920,,pool,,3,,408,,466,,69,,1.0,,Cannot find cue bottom
sec6-res-util-pool-c8m2,,924,,pool,,3,,409,,478,,81,,1.0,,Cannot find cue bottom
sec6-res-util-pool-c8m2,,927,,pool,,3,,408,,481,,84,,1.0,,Cannot find cue bottom
sec6-res-util-pool-c8m2,,930,,pool,,3,,407,,488,,91,,1.0,,Cannot find cue bottom
sec6-res-util-pool-c8m2,,934,,pool,,3,,407,,503,,213,,8.90731265561e-14,,Cannot find cue bottom
sec6-res-util-pool-c8m2,,941,,pool,,3,,408,,517,,119,,0.0185555799952,,Cannot find cue bottom
sec6-res-util-pool-c8m2,,946,,pool,,3,,408,,525,,128,,0.00153026466204,,Cannot find object ball
sec6-res-util-pool-c8m2,,951,,pool,,3,,408,,490,,92,,1.0,,Cannot find object ball
sec6-res-util-pool-c8m2,,954,,pool,,3,,409,,484,,86,,1.0,,Cannot find object ball
sec6-res-util-pool-c8m2,,958,,pool,,3,,409,,488,,90,,1.0,,Cannot find object ball
sec6-res-util-pool-c8m2,,961,,pool,,3,,407,,513,,117,,0.0323071412343,,Cannot find object ball
sec6-res-util-pool-c8m2,,966,,pool,,3,,411,,509,,112,,0.129228564937,,Cannot find cue bottom
sec6-res-util-pool-c8m2,,970,,pool,,3,,408,,481,,84,,1.0,,Cannot find cue bottom
sec6-res-util-pool-c8m2,,973,,pool,,3,,415,,517,,132,,0.000504799081786,,Cannot find cue bottom
sec6-res-util-pool-c8m2,,979,,pool,,3,,409,,510,,113,,0.0979369383708,,Cannot find cue bottom
sec6-res-util-pool-c8m2,,983,,pool,,3,,408,,506,,109,,0.296889279924,,Cannot find cue bottom
sec6-res-util-pool-c8m2,,987,,pool,,3,,410,,482,,85,,1.0,,Cannot find cue bottom
sec6-res-util-pool-c8m2,,991,,pool,,3,,408,,502,,107,,0.516914259749,,Cannot find cue bottom
sec6-res-util-pool-c8m2,,995,,pool,,3,,408,,469,,139,,7.24827343564e-05,,Cannot find cue bottom
sec6-res-util-pool-c8m2,,1000,,pool,,3,,408,,497,,100,,0.99375,,Cannot find cue ball
sec6-res-util-pool-c8m2,,1004,,pool,,3,,409,,472,,75,,1.0,,Cannot find cue ball
sec6-res-util-pool-c8m2,,1007,,pool,,3,,409,,472,,76,,1.0,,Cannot find cue bottom
sec6-res-util-pool-c8m2,,1010,,pool,,3,,409,,489,,92,,1.0,,Cannot find cue bottom
sec6-res-util-pool-c8m2,,1014,,pool,,3,,411,,517,,120,,0.0140625,,Cannot find cue bottom
sec6-res-util-pool-c8m2,,1018,,pool,,3,,408,,486,,89,,1.0,,Cannot find cue bottom
sec6-res-util-pool-c8m2,,1022,,pool,,3,,411,,498,,101,,0.98704,,Cannot find cue bottom
sec6-res-util-pool-c8m2,,1026,,pool,,3,,408,,500,,122,,0.00807678530857,,Cannot find cue bottom
sec6-res-util-pool-c8m2,,1031,,pool,,3,,409,,489,,92,,1.0,,Cannot find cue bottom
sec6-res-util-pool-c8m2,,1034,,pool,,3,,405,,477,,80,,1.0,,Cannot find cue ball
sec6-res-util-pool-c8m2,,1037,,pool,,3,,408,,472,,74,,1.0,,Cannot find cue ball
sec6-res-util-pool-c8m2,,1041,,pool,,3,,410,,491,,95,,1.0,,Cannot find cue ball
sec6-res-util-pool-c8m2,,1044,,pool,,3,,409,,476,,79,,1.0,,Cannot find cue ball
sec6-res-util-pool-c8m2,,1047,,pool,,3,,408,,483,,85,,1.0,,Cannot find cue ball
sec6-res-util-pool-c8m2,,1051,,pool,,3,,407,,482,,85,,1.0,,Cannot find cue ball
sec6-res-util-pool-c8m2,,1054,,pool,,3,,409,,520,,122,,0.00807678530857,,Cannot find cue ball
sec6-res-util-pool-c8m2,,1059,,pool,,3,,407,,494,,97,,0.99984,,Cannot find cue ball
sec6-res-util-pool-c8m2,,1063,,pool,,3,,409,,516,,223,,5.56707040976e-15,,Cannot find cue ball
sec6-res-util-pool-c8m2,,1070,,pool,,3,,411,,500,,103,,0.95904,,Cannot find cue bottom
sec6-res-util-pool-c8m2,,1074,,pool,,3,,410,,485,,87,,1.0,,Cannot find object ball
sec6-res-util-pool-c8m2,,1078,,pool,,3,,412,,485,,88,,1.0,,Cannot find object ball
sec6-res-util-pool-c8m2,,1082,,pool,,3,,408,,502,,105,,0.9,,Cannot find object ball
sec6-res-util-pool-c8m2,,1086,,pool,,3,,407,,540,,142,,3.15499426116e-05,,Cannot find object ball
sec6-res-util-pool-c8m2,,1091,,pool,,3,,407,,509,,113,,0.0979369383708,,Cannot find cue ball
sec6-res-util-pool-c8m2,,1095,,pool,,3,,408,,484,,86,,1.0,,Cannot find cue ball
sec6-res-util-pool-c8m2,,1098,,pool,,3,,407,,506,,110,,0.225,,Cannot find cue ball
sec6-res-util-pool-c8m2,,1102,,pool,,3,,409,,489,,92,,1.0,,Cannot find object ball
sec6-res-util-pool-c8m2,,1106,,pool,,3,,408,,508,,218,,2.2268281639e-14,,Cannot find cue ball
sec6-res-util-pool-c8m2,,1113,,pool,,3,,408,,526,,129,,0.0011597237497,,Cannot find object ball
sec6-res-util-pool-c8m2,,1118,,pool,,3,,407,,495,,98,,0.99919,,Cannot find object ball
sec6-res-util-pool-c8m2,,1122,,pool,,3,,409,,496,,105,,0.9,,Cannot find object ball
sec6-res-util-pool-c8m2,,1126,,pool,,3,,410,,497,,100,,0.99375,,Cannot find cue ball
sec6-res-util-pool-c8m2,,1130,,pool,,3,,408,,511,,114,,0.074222319981,,Cannot find cue ball
sec6-res-util-pool-c8m2,,1134,,pool,,3,,408,,535,,138,,9.56415413777e-05,,Cannot find object ball
sec6-res-util-pool-c8m2,,1139,,pool,,3,,407,,502,,134,,0.000289930937426,,Cannot find cue bottom
sec6-res-util-pool-c8m2,,1144,,pool,,3,,408,,454,,57,,1.0,,Cannot find cue top
sec6-res-util-pool-c8m2,,1147,,pool,,3,,405,,467,,69,,1.0,,Cannot find cue top
sec6-res-util-pool-c8m2,,1150,,pool,,3,,407,,504,,106,,0.68207245493,,Cannot find cue top
sec6-res-util-pool-c8m2,,1163,,pool,,3,,414,,487,,89,,1.0,,Cannot find cue top
sec6-res-util-pool-c8m2,,1166,,pool,,3,,409,,454,,57,,1.0,,Cannot find cue top
sec6-res-util-pool-c8m2,,1168,,pool,,3,,408,,461,,63,,1.0,,Cannot find cue top
sec6-res-util-pool-c8m2,,1171,,pool,,3,,407,,464,,67,,1.0,,Cannot find cue top
sec6-res-util-pool-c8m2,,1174,,pool,,3,,408,,450,,53,,1.0,,Cannot find cue top
sec6-res-util-pool-c8m2,,1176,,pool,,3,,408,,469,,71,,1.0,,Cannot find cue top
sec6-res-util-pool-c8m2,,1179,,pool,,3,,409,,454,,58,,1.0,,Cannot find cue top
sec6-res-util-pool-c8m2,,1182,,pool,,3,,409,,452,,55,,1.0,,Cannot find cue top
sec6-res-util-pool-c8m2,,1185,,pool,,3,,411,,497,,99,,0.99744,,Cannot find cue top
sec6-res-util-pool-c8m2,,1188,,pool,,3,,408,,453,,56,,1.0,,Cannot find cue top
sec6-res-util-pool-c8m2,,1191,,pool,,3,,408,,484,,87,,1.0,,Cannot find cue top
sec6-res-util-pool-c8m2,,1205,,pool,,3,,413,,475,,77,,1.0,,Cannot find cue top
sec6-res-util-pool-c8m2,,1207,,pool,,3,,405,,454,,56,,1.0,,Cannot find cue top
sec6-res-util-pool-c8m2,,1209,,pool,,3,,406,,446,,48,,1.0,,Cannot find cue top
sec6-res-util-pool-c8m2,,1212,,pool,,3,,408,,459,,61,,1.0,,Cannot find cue top
sec6-res-util-pool-c8m2,,1214,,pool,,3,,409,,466,,69,,1.0,,Cannot find cue top
sec6-res-util-pool-c8m2,,1217,,pool,,3,,409,,449,,85,,1.0,,Cannot find cue top
sec6-res-util-pool-c8m2,,1221,,pool,,3,,411,,523,,126,,0.00266434552707,,Cannot find cue bottom
sec6-res-util-pool-c8m2,,1225,,pool,,3,,411,,488,,91,,1.0,,Cannot find cue bottom
sec6-res-util-pool-c8m2,,1229,,pool,,3,,408,,463,,66,,1.0,,Cannot find cue bottom
sec6-res-util-pool-c8m2,,1232,,pool,,3,,410,,469,,71,,1.0,,Cannot find cue top
sec6-res-util-pool-c8m2,,1251,,pool,,3,,414,,459,,60,,1.0,,Cannot find cue top
sec6-res-util-pool-c8m2,,1253,,pool,,3,,405,,448,,50,,1.0,,Cannot find cue top
sec6-res-util-pool-c8m2,,1255,,pool,,3,,408,,476,,79,,1.0,,Cannot find cue top
sec6-res-util-pool-c8m2,,1258,,pool,,3,,408,,459,,61,,1.0,,Cannot find cue top
sec6-res-util-pool-c8m2,,1260,,pool,,3,,408,,471,,73,,1.0,,Cannot find cue top
sec6-res-util-pool-c8m2,,1264,,pool,,3,,412,,472,,74,,1.0,,Cannot find cue top
sec6-res-util-pool-c8m2,,1267,,pool,,3,,408,,473,,76,,1.0,,Cannot find cue top
sec6-res-util-pool-c8m2,,1270,,pool,,3,,424,,505,,189,,6.91249221386e-11,,Cannot find cue bottom
sec6-res-util-pool-c8m2,,1292,,pool,,3,,413,,497,,98,,0.99919,,Cannot find cue bottom
sec6-res-util-pool-c8m2,,1295,,pool,,3,,406,,510,,111,,0.170518113732,,Cannot find cue bottom
sec6-res-util-pool-c8m2,,1299,,pool,,3,,405,,454,,57,,1.0,,Cannot find cue top
sec6-res-util-pool-c8m2,,1301,,pool,,3,,407,,472,,76,,1.0,,Cannot find cue bottom
sec6-res-util-pool-c8m2,,1328,,pool,,3,,414,,478,,80,,1.0,,Cannot find cue bottom
sec6-res-util-pool-c8m2,,1330,,pool,,3,,409,,484,,87,,1.0,,Cannot find cue bottom
sec6-res-util-pool-c8m2,,1334,,pool,,3,,411,,470,,73,,1.0,,Cannot find cue bottom
sec6-res-util-pool-c8m2,,1337,,pool,,3,,410,,474,,77,,1.0,,Cannot find cue bottom
sec6-res-util-pool-c8m2,,1340,,pool,,3,,408,,470,,74,,1.0,,Cannot find cue bottom
sec6-res-util-pool-c8m2,,1343,,pool,,3,,409,,477,,79,,1.0,,Cannot find cue bottom
sec6-res-util-pool-c8m2,,1347,,pool,,3,,408,,474,,76,,1.0,,Cannot find cue bottom
sec6-res-util-pool-c8m2,,1350,,pool,,3,,409,,473,,76,,1.0,,Cannot find cue bottom
sec6-res-util-pool-c8m2,,1353,,pool,,3,,408,,488,,170,,1.34110450745e-08,,Cannot find cue bottom
sec6-res-util-pool-c8m2,,1364,,pool,,3,,406,,508,,110,,0.225,,Cannot find cue bottom
sec6-res-util-pool-c8m2,,1367,,pool,,3,,410,,501,,104,,0.93439,,Cannot find cue bottom
sec6-res-util-pool-c8m2,,1371,,pool,,3,,406,,501,,103,,0.95904,,Cannot find cue bottom
sec6-res-util-pool-c8m2,,1375,,pool,,3,,407,,500,,102,,0.97599,,Cannot find cue bottom
sec6-res-util-pool-c8m2,,1379,,pool,,3,,406,,497,,115,,0.05625,,Cannot find cue bottom
sec6-res-util-pool-c8m2,,1384,,pool,,3,,407,,465,,68,,1.0,,Cannot find cue bottom
sec6-res-util-pool-c8m2,,1391,,pool,,3,,404,,496,,98,,0.99919,,Cannot find cue ball
sec6-res-util-pool-c8m2,,1394,,pool,,3,,406,,502,,104,,0.93439,,Cannot find cue ball
sec6-res-util-pool-c8m2,,1398,,pool,,3,,407,,488,,92,,1.0,,Cannot find cue bottom
sec6-res-util-pool-c8m2,,1401,,pool,,3,,407,,495,,97,,0.99984,,Cannot find cue bottom
sec6-res-util-pool-c8m2,,1405,,pool,,3,,405,,513,,116,,0.0426295284331,,Cannot find cue bottom
sec6-res-util-pool-c8m2,,1410,,pool,,3,,407,,522,,137,,0.000126199770446,,Cannot find cue bottom
sec6-res-util-pool-c8m2,,1414,,pool,,3,,408,,493,,95,,1.0,,Cannot find cue bottom
sec6-res-util-pool-c8m2,,1418,,pool,,3,,408,,477,,80,,1.0,,Cannot find cue bottom
sec6-res-util-pool-c8m2,,1421,,pool,,3,,407,,482,,85,,1.0,,Cannot find object ball
sec6-res-util-pool-c8m2,,1425,,pool,,3,,405,,476,,78,,1.0,,Cannot find cue bottom
sec6-res-util-pool-c8m2,,1428,,pool,,3,,406,,500,,103,,0.95904,,Cannot find object ball
sec6-res-util-pool-c8m2,,1432,,pool,,3,,406,,500,,103,,0.95904,,Cannot find cue bottom
sec6-res-util-pool-c8m2,,1436,,pool,,3,,405,,508,,119,,0.0185555799952,,Cannot find cue bottom
sec6-res-util-pool-c8m2,,1440,,pool,,3,,407,,553,,240,,4.99600361081e-17,,Cannot find cue bottom
sec6-res-util-pool-c8m2,,1448,,pool,,3,,406,,507,,109,,0.296889279924,,Cannot find cue bottom
sec6-res-util-pool-c8m2,,1452,,pool,,3,,407,,508,,110,,0.225,,Cannot find cue bottom
sec6-res-util-pool-c8m2,,1456,,pool,,3,,406,,486,,88,,1.0,,Cannot find cue bottom
sec6-res-util-pool-c8m2,,1460,,pool,,3,,406,,522,,124,,0.00463889499881,,Cannot find cue ball
sec6-res-util-pool-c8m2,,1464,,pool,,3,,407,,517,,119,,0.0185555799952,,Cannot find cue ball
sec6-res-util-pool-c8m2,,1469,,pool,,3,,407,,504,,207,,4.70130780512e-13,,Cannot find cue ball
sec6-res-util-pool-c8m2,,1476,,pool,,3,,407,,511,,113,,0.0979369383708,,Cannot find cue bottom
sec6-res-util-pool-c8m2,,1480,,pool,,3,,407,,507,,110,,0.225,,Cannot find cue bottom
sec6-res-util-pool-c8m2,,1484,,pool,,3,,407,,478,,81,,1.0,,Cannot find cue bottom
sec6-res-util-pool-c8m2,,1488,,pool,,3,,406,,468,,71,,1.0,,Cannot find cue bottom
sec6-res-util-pool-c8m2,,1490,,pool,,3,,406,,471,,73,,1.0,,Cannot find cue bottom
sec6-res-util-pool-c8m2,,1494,,pool,,3,,405,,477,,79,,1.0,,Cannot find cue bottom
sec6-res-util-pool-c8m2,,1497,,pool,,3,,406,,483,,85,,1.0,,Cannot find cue bottom
sec6-res-util-pool-c8m2,,1500,,pool,,3,,411,,481,,83,,1.0,,Cannot find cue bottom
sec6-res-util-pool-c8m2,,1504,,pool,,3,,406,,469,,73,,1.0,,Cannot find cue bottom
sec6-res-util-pool-c8m2,,1507,,pool,,3,,407,,517,,175,,3.35276126862e-09,,Cannot find cue bottom
sec6-res-util-pool-c8m2,,1513,,pool,,3,,407,,477,,79,,1.0,,Cannot find cue bottom
sec6-res-util-pool-c8m2,,1516,,pool,,3,,407,,495,,97,,0.99984,,Cannot find cue bottom
sec6-res-util-pool-c8m2,,1520,,pool,,3,,407,,484,,86,,1.0,,Cannot find cue bottom
sec6-res-util-pool-c8m2,,1523,,pool,,3,,406,,465,,67,,1.0,,Cannot find cue bottom
sec6-res-util-pool-c8m2,,1526,,pool,,3,,406,,471,,73,,1.0,,Cannot find cue bottom
sec6-res-util-pool-c8m2,,1529,,pool,,3,,407,,463,,65,,1.0,,Cannot find cue bottom
sec6-res-util-pool-c8m2,,1532,,pool,,3,,406,,478,,81,,1.0,,Cannot find cue bottom
sec6-res-util-pool-c8m2,,1536,,pool,,3,,407,,485,,88,,1.0,,Cannot find cue bottom
sec6-res-util-pool-c8m2,,1539,,pool,,3,,405,,484,,85,,1.0,,Cannot find cue bottom
sec6-res-util-pool-c8m2,,1543,,pool,,3,,405,,469,,71,,1.0,,Cannot find cue bottom
sec6-res-util-pool-c8m2,,1545,,pool,,3,,406,,472,,74,,1.0,,Cannot find cue bottom
sec6-res-util-pool-c8m2,,1548,,pool,,3,,406,,493,,95,,1.0,,Cannot find cue bottom
sec6-res-util-pool-c8m2,,1552,,pool,,3,,405,,534,,137,,0.000126199770446,,Cannot find cue bottom
sec6-res-util-pool-c8m2,,1557,,pool,,3,,407,,489,,91,,1.0,,Cannot find cue bottom
sec6-res-util-pool-c8m2,,1560,,pool,,3,,405,,476,,78,,1.0,,Cannot find cue bottom
sec6-res-util-pool-c8m2,,1564,,pool,,3,,407,,518,,127,,0.00201919632714,,Cannot find cue bottom
sec6-res-util-pool-c8m2,,1568,,pool,,3,,407,,476,,80,,1.0,,Cannot find cue bottom
sec6-res-util-pool-c8m2,,1572,,pool,,3,,407,,493,,94,,1.0,,Cannot find cue bottom
sec6-res-util-pool-c8m2,,1575,,pool,,3,,407,,476,,77,,1.0,,Cannot find cue bottom
sec6-res-util-pool-c8m2,,1578,,pool,,3,,406,,486,,87,,1.0,,Cannot find cue bottom
sec6-res-util-pool-c8m2,,1581,,pool,,3,,405,,464,,65,,1.0,,Cannot find cue bottom
sec6-res-util-pool-c8m2,,1583,,pool,,3,,405,,486,,87,,1.0,,Cannot find cue bottom
sec6-res-util-pool-c8m2,,1586,,pool,,3,,406,,512,,112,,0.129228564937,,Cannot find cue bottom
sec6-res-util-pool-c8m2,,1590,,pool,,3,,406,,481,,82,,1.0,,Cannot find cue bottom
sec6-res-util-pool-c8m2,,1593,,pool,,3,,406,,491,,180,,8.38190317154e-10,,Cannot find cue bottom
sec6-res-util-pool-c8m2,,1599,,pool,,3,,406,,514,,117,,0.0323071412343,,Cannot find cue bottom
sec6-res-util-pool-c8m2,,1603,,pool,,3,,409,,507,,110,,0.225,,Cannot find cue bottom
sec6-res-util-pool-c8m2,,1608,,pool,,3,,407,,500,,103,,0.95904,,Cannot find cue bottom
sec6-res-util-pool-c8m2,,1611,,pool,,3,,407,,471,,74,,1.0,,Cannot find cue bottom
sec6-res-util-pool-c8m2,,1614,,pool,,3,,407,,490,,92,,1.0,,Cannot find cue bottom
sec6-res-util-pool-c8m2,,1618,,pool,,3,,406,,477,,79,,1.0,,Cannot find cue bottom
