sec6-res-util-lego-c2m2,,1857,,lego,,4,,471,,550,,132,,1.0,,Cannot find a large enough foreground near the center of board
sec6-res-util-lego-c2m2,,1861,,lego,,4,,432,,524,,105,,1.0,,Cannot find a large enough foreground near the center of board
sec6-res-util-lego-c2m2,,1865,,lego,,4,,433,,513,,97,,1.0,,Cannot find a large enough foreground near the center of board
sec6-res-util-lego-c2m2,,1869,,lego,,4,,464,,566,,147,,1.0,,Cannot find a large enough foreground near the center of board
sec6-res-util-lego-c2m2,,1874,,lego,,4,,464,,546,,128,,1.0,,Cannot find a large enough foreground near the center of board
sec6-res-util-lego-c2m2,,1879,,lego,,4,,453,,527,,109,,1.0,,Cannot find a large enough foreground near the center of board
sec6-res-util-lego-c2m2,,1883,,lego,,4,,430,,509,,90,,1.0,,Cannot find a large enough foreground near the center of board
sec6-res-util-lego-c2m2,,1887,,lego,,4,,460,,557,,139,,1.0,,Cannot find a large enough foreground near the center of board
sec6-res-util-lego-c2m2,,1892,,lego,,4,,442,,530,,111,,1.0,,Cannot find a large enough foreground near the center of board
sec6-res-util-lego-c2m2,,1896,,lego,,4,,482,,588,,274,,1.0,,Cannot find a large enough foreground near the center of board
sec6-res-util-lego-c2m2,,1905,,lego,,4,,531,,654,,235,,1.0,,Cannot find a large enough foreground near the center of board
sec6-res-util-lego-c2m2,,1913,,lego,,4,,429,,536,,118,,1.0,,Cannot find a large enough foreground near the center of board
sec6-res-util-lego-c2m2,,1918,,lego,,4,,490,,599,,180,,1.0,,Cannot find a large enough foreground near the center of board
sec6-res-util-lego-c2m2,,1924,,lego,,4,,482,,576,,173,,1.0,,Cannot find a large enough foreground near the center of board
sec6-res-util-lego-c2m2,,1930,,lego,,4,,512,,640,,280,,1.0,,Cannot find a large enough foreground near the center of board
sec6-res-util-lego-c2m2,,1939,,lego,,4,,529,,570,,151,,1.0,,Cannot locate board border, maybe not the full board is in the scene. Failed at stage 1
sec6-res-util-lego-c2m2,,1945,,lego,,4,,584,,630,,211,,1.0,,Cannot locate board border, maybe not the full board is in the scene. Failed at stage 1
sec6-res-util-lego-c2m2,,1952,,lego,,4,,541,,616,,197,,1.0,,Cannot locate board border, maybe not the full board is in the scene. Failed at stage 1
sec6-res-util-lego-c2m2,,1959,,lego,,4,,487,,522,,104,,1.0,,Cannot locate board border, maybe not the full board is in the scene. Failed at stage 1
sec6-res-util-lego-c2m2,,1963,,lego,,4,,458,,488,,70,,1.0,,Cannot locate board border, maybe not the full board is in the scene. Failed at stage 1
sec6-res-util-lego-c2m2,,1966,,lego,,4,,445,,477,,58,,1.0,,Cannot locate board border, maybe not the full board is in the scene. Failed at stage 1
sec6-res-util-lego-c2m2,,1968,,lego,,4,,457,,490,,74,,1.0,,Cannot locate board border, maybe not the full board is in the scene. Failed at stage 1
sec6-res-util-lego-c2m2,,1971,,lego,,4,,491,,552,,134,,1.0,,Cannot locate board border, maybe not the full board is in the scene. Failed at stage 1
sec6-res-util-lego-c2m2,,1976,,lego,,4,,478,,511,,93,,1.0,,Cannot locate board border, maybe not the full board is in the scene. Failed at stage 1
sec6-res-util-lego-c2m2,,1980,,lego,,4,,479,,514,,96,,1.0,,Cannot locate board border, maybe not the full board is in the scene. Failed at stage 1
sec6-res-util-lego-c2m2,,1984,,lego,,4,,462,,501,,105,,1.0,,Cannot locate board border, maybe not the full board is in the scene. Failed at stage 1
sec6-res-util-lego-c2m2,,1988,,lego,,4,,429,,1023,,703,,0.999999421276,,Not confident about reconstruction, maybe too much noise
sec6-res-util-lego-c2m2,,2010,,lego,,4,,433,,1051,,671,,0.999999869336,,Not confident about reconstruction, maybe too much noise
sec6-res-util-lego-c2m2,,2031,,lego,,4,,463,,1061,,687,,0.999999705422,,Not confident about reconstruction, maybe too much noise
sec6-res-util-lego-c2m2,,2053,,lego,,4,,430,,1077,,688,,0.999999691643,,Not confident about reconstruction, maybe too much noise
sec6-res-util-lego-c2m2,,2074,,lego,,4,,847,,1508,,1099,,0.999681195088,,Not confident about reconstruction, maybe too much noise
sec6-res-util-lego-c2m2,,2108,,lego,,4,,642,,1295,,893,,0.999962104006,,Not confident about reconstruction, maybe too much noise
sec6-res-util-lego-c2m2,,2136,,lego,,4,,881,,1558,,1196,,0.999351204454,,Not confident about reconstruction, maybe too much noise
sec6-res-util-lego-c2m2,,2353,,lego,,4,,436,,480,,61,,1.0,,Cannot locate board border, maybe not the full board is in the scene. Failed at stage 1
sec6-res-util-lego-c2m2,,2355,,lego,,4,,430,,498,,80,,1.0,,Cannot locate board border, maybe not the full board is in the scene. Failed at stage 1
sec6-res-util-lego-c2m2,,2358,,lego,,4,,430,,491,,72,,1.0,,Cannot locate board border, maybe not the full board is in the scene. Failed at stage 1
sec6-res-util-lego-c2m2,,2361,,lego,,4,,451,,474,,56,,1.0,,Cannot locate board border, maybe not the full board is in the scene. Failed at stage 1
sec6-res-util-lego-c2m2,,2364,,lego,,4,,430,,493,,74,,1.0,,Cannot locate board border, maybe not the full board is in the scene. Failed at stage 1
sec6-res-util-lego-c2m2,,2367,,lego,,4,,431,,493,,78,,1.0,,Cannot locate board border, maybe not the full board is in the scene. Failed at stage 1
sec6-res-util-lego-c2m2,,2370,,lego,,4,,430,,491,,73,,1.0,,Cannot locate board border, maybe not the full board is in the scene. Failed at stage 1
sec6-res-util-lego-c2m2,,2373,,lego,,4,,429,,471,,53,,1.0,,Cannot locate board border, maybe not the full board is in the scene. Failed at stage 1
sec6-res-util-lego-c2m2,,2376,,lego,,4,,431,,477,,60,,1.0,,Cannot locate board border, maybe not the full board is in the scene. Failed at stage 1
sec6-res-util-lego-c2m2,,2379,,lego,,4,,430,,474,,56,,1.0,,Cannot locate board border, maybe not the full board is in the scene. Failed at stage 1
sec6-res-util-lego-c2m2,,2381,,lego,,4,,429,,491,,71,,1.0,,Cannot locate board border, maybe not the full board is in the scene. Failed at stage 1
sec6-res-util-lego-c2m2,,2384,,lego,,4,,436,,488,,70,,1.0,,Cannot locate board border, maybe not the full board is in the scene. Failed at stage 1
sec6-res-util-lego-c2m2,,2387,,lego,,4,,431,,484,,66,,1.0,,Cannot locate board border, maybe not the full board is in the scene. Failed at stage 1
sec6-res-util-lego-c2m2,,2390,,lego,,4,,430,,492,,73,,1.0,,Cannot locate board border, maybe not the full board is in the scene. Failed at stage 1
sec6-res-util-lego-c2m2,,2393,,lego,,4,,431,,486,,68,,1.0,,Cannot locate board border, maybe not the full board is in the scene. Failed at stage 1
sec6-res-util-lego-c2m2,,2396,,lego,,4,,431,,495,,77,,1.0,,Cannot locate board border, maybe not the full board is in the scene. Failed at stage 1
sec6-res-util-lego-c2m2,,2399,,lego,,4,,433,,498,,80,,1.0,,Cannot locate board border, maybe not the full board is in the scene. Failed at stage 1
sec6-res-util-lego-c2m2,,2403,,lego,,4,,455,,518,,99,,1.0,,Cannot locate board border, maybe not the full board is in the scene. Failed at stage 1
sec6-res-util-lego-c2m2,,2407,,lego,,4,,430,,530,,112,,1.0,,Cannot find a large enough foreground near the center of board
sec6-res-util-lego-c2m2,,2411,,lego,,4,,437,,526,,107,,1.0,,Cannot find a large enough foreground near the center of board
sec6-res-util-lego-c2m2,,2415,,lego,,4,,477,,562,,143,,1.0,,Cannot find a large enough foreground near the center of board
sec6-res-util-lego-c2m2,,2420,,lego,,4,,432,,539,,121,,1.0,,Cannot find a large enough foreground near the center of board
sec6-res-util-lego-c2m2,,2425,,lego,,4,,524,,635,,272,,1.0,,Cannot find a large enough foreground near the center of board
sec6-res-util-lego-c2m2,,2434,,lego,,4,,434,,566,,147,,1.0,,Cannot find a large enough foreground near the center of board
sec6-res-util-lego-c2m2,,2439,,lego,,4,,429,,549,,131,,1.0,,Cannot find a large enough foreground near the center of board
sec6-res-util-lego-c2m2,,2444,,lego,,4,,508,,624,,244,,1.0,,Cannot find a large enough foreground near the center of board
sec6-res-util-lego-c2m2,,2452,,lego,,4,,446,,481,,63,,1.0,,Cannot locate board border, maybe not the full board is in the scene. Failed at stage 1
sec6-res-util-lego-c2m2,,2455,,lego,,4,,526,,574,,155,,1.0,,Cannot locate board border, maybe not the full board is in the scene. Failed at stage 1
sec6-res-util-lego-c2m2,,2461,,lego,,4,,429,,463,,45,,1.0,,Cannot locate board border, maybe not the full board is in the scene. Failed at stage 1
sec6-res-util-lego-c2m2,,2463,,lego,,4,,455,,489,,71,,1.0,,Cannot locate board border, maybe not the full board is in the scene. Failed at stage 1
sec6-res-util-lego-c2m2,,2466,,lego,,4,,511,,562,,238,,1.0,,Cannot locate board border, maybe not the full board is in the scene. Failed at stage 1
sec6-res-util-lego-c2m2,,2474,,lego,,4,,539,,606,,187,,1.0,,Cannot locate board border, maybe not the full board is in the scene. Failed at stage 1
sec6-res-util-lego-c2m2,,2480,,lego,,4,,431,,503,,85,,1.0,,Cannot locate board border, maybe not the full board is in the scene. Failed at stage 1
sec6-res-util-lego-c2m2,,2484,,lego,,4,,479,,522,,104,,1.0,,Cannot locate board border, maybe not the full board is in the scene. Failed at stage 1
sec6-res-util-lego-c2m2,,2488,,lego,,4,,579,,634,,319,,1.0,,Cannot locate board border, maybe not the full board is in the scene. Failed at stage 1
sec6-res-util-lego-c2m2,,2498,,lego,,4,,510,,1157,,779,,0.999994721203,,Not confident about reconstruction, maybe too much noise
sec6-res-util-lego-c2m2,,2523,,lego,,4,,493,,1153,,778,,0.99999483818,,Not confident about reconstruction, maybe too much noise
sec6-res-util-lego-c2m2,,2548,,lego,,4,,453,,1072,,654,,0.999999956278,,Not confident about reconstruction, maybe too much noise
sec6-res-util-lego-c2m2,,2568,,lego,,4,,559,,1170,,814,,0.999989216049,,Not confident about reconstruction, maybe too much noise
sec6-res-util-lego-c2m2,,2594,,lego,,4,,440,,1141,,790,,0.999993299037,,Not confident about reconstruction, maybe too much noise
sec6-res-util-lego-c2m2,,2618,,lego,,4,,456,,995,,689,,0.999999677386,,Not confident about reconstruction, maybe too much noise
sec6-res-util-lego-c2m2,,2640,,lego,,4,,445,,980,,575,,1.0,,Not confident about reconstruction, maybe too much noise
sec6-res-util-lego-c2m2,,2658,,lego,,4,,453,,497,,78,,1.0,,Cannot locate board border, maybe not the full board is in the scene. Failed at stage 1
sec6-res-util-lego-c2m2,,2661,,lego,,4,,470,,502,,83,,1.0,,Cannot locate board border, maybe not the full board is in the scene. Failed at stage 1
sec6-res-util-lego-c2m2,,2665,,lego,,4,,429,,463,,44,,1.0,,Cannot locate board border, maybe not the full board is in the scene. Failed at stage 1
sec6-res-util-lego-c2m2,,2667,,lego,,4,,467,,498,,79,,1.0,,Cannot locate board border, maybe not the full board is in the scene. Failed at stage 1
sec6-res-util-lego-c2m2,,2670,,lego,,4,,465,,501,,83,,1.0,,Cannot locate board border, maybe not the full board is in the scene. Failed at stage 1
sec6-res-util-lego-c2m2,,2673,,lego,,4,,443,,486,,67,,1.0,,Cannot locate board border, maybe not the full board is in the scene. Failed at stage 1
sec6-res-util-lego-c2m2,,2676,,lego,,4,,439,,482,,81,,1.0,,Cannot locate board border, maybe not the full board is in the scene. Failed at stage 1
sec6-res-util-lego-c2m2,,2680,,lego,,4,,427,,466,,46,,1.0,,Cannot locate board border, maybe not the full board is in the scene. Failed at stage 1
sec6-res-util-lego-c2m2,,2682,,lego,,4,,473,,523,,104,,1.0,,Cannot locate board border, maybe not the full board is in the scene. Failed at stage 1
sec6-res-util-lego-c2m2,,2686,,lego,,4,,428,,467,,48,,1.0,,Cannot locate board border, maybe not the full board is in the scene. Failed at stage 1
sec6-res-util-lego-c2m2,,2765,,lego,,4,,469,,520,,101,,1.0,,Cannot locate board border, maybe not the full board is in the scene. Failed at stage 1
sec6-res-util-lego-c2m2,,2768,,lego,,4,,472,,511,,92,,1.0,,Cannot locate board border, maybe not the full board is in the scene. Failed at stage 1
sec6-res-util-lego-c2m2,,2772,,lego,,4,,449,,491,,72,,1.0,,Cannot locate board border, maybe not the full board is in the scene. Failed at stage 1
sec6-res-util-lego-c2m2,,2775,,lego,,4,,491,,579,,160,,1.0,,Cannot locate board border, maybe not the full board is in the scene. Failed at stage 1
sec6-res-util-lego-c2m2,,2781,,lego,,4,,428,,486,,68,,1.0,,Cannot locate board border, maybe not the full board is in the scene. Failed at stage 1
sec6-res-util-lego-c2m2,,2783,,lego,,4,,463,,528,,111,,1.0,,Cannot locate board border, maybe not the full board is in the scene. Failed at stage 1
sec6-res-util-lego-c2m2,,2788,,lego,,4,,779,,848,,462,,1.0,,Cannot locate board border, maybe not the full board is in the scene. Failed at stage 1
sec6-res-util-lego-c2m2,,2803,,lego,,4,,431,,531,,113,,1.0,,Cannot locate board border, maybe not the full board is in the scene. Failed at stage 1
sec6-res-util-lego-c2m2,,2807,,lego,,4,,516,,586,,167,,1.0,,Cannot locate board border, maybe not the full board is in the scene. Failed at stage 1
sec6-res-util-lego-c2m2,,2813,,lego,,4,,469,,529,,110,,1.0,,Cannot locate board border, maybe not the full board is in the scene. Failed at stage 1
sec6-res-util-lego-c2m2,,2817,,lego,,4,,430,,500,,81,,1.0,,Cannot locate board border, maybe not the full board is in the scene. Failed at stage 1
sec6-res-util-lego-c2m2,,2820,,lego,,4,,556,,640,,302,,1.0,,Cannot locate board border, maybe not the full board is in the scene. Failed at stage 1
sec6-res-util-lego-c2m2,,2830,,lego,,4,,852,,948,,588,,1.0,,Cannot locate board border, maybe not the full board is in the scene. Failed at stage 1
sec6-res-util-lego-c2m2,,2849,,lego,,4,,536,,567,,148,,1.0,,Cannot locate board border, maybe not the full board is in the scene. Failed at stage 1
sec6-res-util-lego-c2m2,,2854,,lego,,4,,514,,545,,126,,1.0,,Cannot locate board border, maybe not the full board is in the scene. Failed at stage 1
sec6-res-util-lego-c2m2,,2859,,lego,,4,,511,,590,,171,,1.0,,Cannot locate board border, maybe not the full board is in the scene. Failed at stage 1
sec6-res-util-lego-c2m2,,2865,,lego,,4,,427,,481,,62,,1.0,,Cannot locate board border, maybe not the full board is in the scene. Failed at stage 1
sec6-res-util-lego-c2m2,,2867,,lego,,4,,428,,485,,66,,1.0,,Cannot locate board border, maybe not the full board is in the scene. Failed at stage 1
sec6-res-util-lego-c2m2,,2870,,lego,,4,,525,,581,,162,,1.0,,Cannot locate board border, maybe not the full board is in the scene. Failed at stage 1
sec6-res-util-lego-c2m2,,2876,,lego,,4,,478,,521,,102,,1.0,,Cannot locate board border, maybe not the full board is in the scene. Failed at stage 1
sec6-res-util-lego-c2m2,,2880,,lego,,4,,506,,582,,163,,1.0,,Cannot locate board border, maybe not the full board is in the scene. Failed at stage 1
sec6-res-util-lego-c2m2,,2886,,lego,,4,,430,,995,,663,,0.999999919,,Not confident about reconstruction, maybe too much noise
sec6-res-util-lego-c2m2,,2907,,lego,,4,,459,,1046,,676,,0.999999828455,,Not confident about reconstruction, maybe too much noise
sec6-res-util-lego-c2m2,,2929,,lego,,4,,467,,1081,,677,,0.999999819247,,Not confident about reconstruction, maybe too much noise
sec6-res-util-lego-c2m2,,2950,,lego,,4,,905,,1605,,1293,,0.998814079,,[[0 2 2 2]
 [0 2 1 1]
 [0 2 1 4]
 [2 2 2 2]]
sec6-res-util-lego-c2m2,,2990,,lego,,4,,603,,1242,,890,,0.999963632386,,Not confident about reconstruction, maybe too much noise
sec6-res-util-lego-c2m2,,3017,,lego,,4,,431,,1050,,675,,0.999999837307,,Not confident about reconstruction, maybe too much noise
sec6-res-util-lego-c2m2,,3039,,lego,,4,,430,,997,,677,,0.999999819247,,Not confident about reconstruction, maybe too much noise
sec6-res-util-lego-c2m2,,3061,,lego,,4,,430,,994,,685,,0.99999973159,,Not confident about reconstruction, maybe too much noise
sec6-res-util-lego-c2m2,,3082,,lego,,4,,429,,516,,97,,1.0,,Cannot locate board border, maybe not the full board is in the scene. Failed at stage 2
sec6-res-util-lego-c2m2,,3086,,lego,,4,,482,,557,,163,,1.0,,Cannot locate board border, maybe not the full board is in the scene. Failed at stage 2
sec6-res-util-lego-c2m2,,3092,,lego,,4,,448,,533,,116,,1.0,,Cannot locate board border, maybe not the full board is in the scene. Failed at stage 2
sec6-res-util-lego-c2m2,,3096,,lego,,4,,440,,1054,,723,,0.99999882309,,Not confident about reconstruction, maybe too much noise
sec6-res-util-lego-c2m2,,8,,lego,,4,,429,,538,,120,,1.0,,Cannot find a large enough foreground near the center of board
sec6-res-util-lego-c2m2,,12,,lego,,4,,454,,588,,169,,1.0,,Cannot find a large enough foreground near the center of board
sec6-res-util-lego-c2m2,,18,,lego,,4,,433,,519,,101,,1.0,,Cannot find a large enough foreground near the center of board
sec6-res-util-lego-c2m2,,22,,lego,,4,,429,,534,,116,,1.0,,Cannot find a large enough foreground near the center of board
sec6-res-util-lego-c2m2,,27,,lego,,4,,430,,534,,116,,1.0,,Cannot find a large enough foreground near the center of board
sec6-res-util-lego-c2m2,,31,,lego,,4,,463,,524,,105,,1.0,,Cannot locate board border, maybe not the full board is in the scene. Failed at stage 1
sec6-res-util-lego-c2m2,,35,,lego,,4,,432,,491,,72,,1.0,,Cannot locate board border, maybe not the full board is in the scene. Failed at stage 1
sec6-res-util-lego-c2m2,,38,,lego,,4,,448,,509,,91,,1.0,,Cannot locate board border, maybe not the full board is in the scene. Failed at stage 1
sec6-res-util-lego-c2m2,,42,,lego,,4,,429,,486,,67,,1.0,,Cannot locate board border, maybe not the full board is in the scene. Failed at stage 1
sec6-res-util-lego-c2m2,,44,,lego,,4,,430,,495,,76,,1.0,,Cannot locate board border, maybe not the full board is in the scene. Failed at stage 1
sec6-res-util-lego-c2m2,,48,,lego,,4,,431,,527,,108,,1.0,,Cannot find a large enough foreground near the center of board
sec6-res-util-lego-c2m2,,52,,lego,,4,,432,,539,,121,,1.0,,Cannot find a large enough foreground near the center of board
sec6-res-util-lego-c2m2,,56,,lego,,4,,431,,513,,94,,1.0,,Cannot find a large enough foreground near the center of board
sec6-res-util-lego-c2m2,,60,,lego,,4,,430,,508,,91,,1.0,,Cannot find a large enough foreground near the center of board
sec6-res-util-lego-c2m2,,64,,lego,,4,,429,,529,,110,,1.0,,Cannot find a large enough foreground near the center of board
sec6-res-util-lego-c2m2,,68,,lego,,4,,432,,517,,98,,1.0,,Cannot find a large enough foreground near the center of board
sec6-res-util-lego-c2m2,,72,,lego,,4,,430,,518,,100,,1.0,,Cannot find a large enough foreground near the center of board
sec6-res-util-lego-c2m2,,76,,lego,,4,,469,,593,,273,,1.0,,Cannot find a large enough foreground near the center of board
sec6-res-util-lego-c2m2,,85,,lego,,4,,431,,508,,89,,1.0,,Cannot find a large enough foreground near the center of board
sec6-res-util-lego-c2m2,,88,,lego,,4,,430,,510,,91,,1.0,,Cannot find a large enough foreground near the center of board
sec6-res-util-lego-c2m2,,92,,lego,,4,,430,,508,,90,,1.0,,Cannot find a large enough foreground near the center of board
sec6-res-util-lego-c2m2,,95,,lego,,4,,432,,511,,92,,1.0,,Cannot find a large enough foreground near the center of board
sec6-res-util-lego-c2m2,,99,,lego,,4,,793,,895,,506,,1.0,,Cannot find a large enough foreground near the center of board
sec6-res-util-lego-c2m2,,115,,lego,,4,,624,,740,,321,,1.0,,Cannot find a large enough foreground near the center of board
sec6-res-util-lego-c2m2,,126,,lego,,4,,444,,522,,103,,1.0,,Cannot find a large enough foreground near the center of board
sec6-res-util-lego-c2m2,,130,,lego,,4,,430,,553,,134,,1.0,,Cannot find a large enough foreground near the center of board
sec6-res-util-lego-c2m2,,185,,lego,,4,,450,,491,,88,,1.0,,Cannot locate board border, maybe not the full board is in the scene. Failed at stage 1
sec6-res-util-lego-c2m2,,187,,lego,,4,,447,,480,,61,,1.0,,Cannot locate board border, maybe not the full board is in the scene. Failed at stage 1
sec6-res-util-lego-c2m2,,190,,lego,,4,,446,,479,,61,,1.0,,Cannot locate board border, maybe not the full board is in the scene. Failed at stage 1
sec6-res-util-lego-c2m2,,192,,lego,,4,,447,,481,,64,,1.0,,Cannot locate board border, maybe not the full board is in the scene. Failed at stage 1
sec6-res-util-lego-c2m2,,195,,lego,,4,,458,,492,,73,,1.0,,Cannot locate board border, maybe not the full board is in the scene. Failed at stage 1
sec6-res-util-lego-c2m2,,198,,lego,,4,,430,,473,,55,,1.0,,Cannot locate board border, maybe not the full board is in the scene. Failed at stage 1
sec6-res-util-lego-c2m2,,201,,lego,,4,,432,,477,,58,,1.0,,Cannot locate board border, maybe not the full board is in the scene. Failed at stage 1
sec6-res-util-lego-c2m2,,203,,lego,,4,,444,,482,,63,,1.0,,Cannot locate board border, maybe not the full board is in the scene. Failed at stage 1
sec6-res-util-lego-c2m2,,206,,lego,,4,,431,,494,,75,,1.0,,Cannot locate board border, maybe not the full board is in the scene. Failed at stage 1
sec6-res-util-lego-c2m2,,209,,lego,,4,,429,,475,,56,,1.0,,Cannot locate board border, maybe not the full board is in the scene. Failed at stage 1
sec6-res-util-lego-c2m2,,212,,lego,,4,,430,,468,,49,,1.0,,Cannot locate board border, maybe not the full board is in the scene. Failed at stage 1
sec6-res-util-lego-c2m2,,214,,lego,,4,,460,,525,,106,,1.0,,Cannot locate board border, maybe not the full board is in the scene. Failed at stage 1
sec6-res-util-lego-c2m2,,218,,lego,,4,,430,,495,,75,,1.0,,Cannot locate board border, maybe not the full board is in the scene. Failed at stage 1
sec6-res-util-lego-c2m2,,221,,lego,,4,,457,,494,,75,,1.0,,Cannot locate board border, maybe not the full board is in the scene. Failed at stage 1
sec6-res-util-lego-c2m2,,225,,lego,,4,,430,,490,,71,,1.0,,Cannot locate board border, maybe not the full board is in the scene. Failed at stage 1
sec6-res-util-lego-c2m2,,228,,lego,,4,,480,,512,,93,,1.0,,Cannot locate board border, maybe not the full board is in the scene. Failed at stage 1
sec6-res-util-lego-c2m2,,231,,lego,,4,,449,,482,,63,,1.0,,Cannot locate board border, maybe not the full board is in the scene. Failed at stage 1
sec6-res-util-lego-c2m2,,234,,lego,,4,,448,,481,,62,,1.0,,Cannot locate board border, maybe not the full board is in the scene. Failed at stage 1
sec6-res-util-lego-c2m2,,237,,lego,,4,,476,,509,,128,,1.0,,Cannot locate board border, maybe not the full board is in the scene. Failed at stage 1
sec6-res-util-lego-c2m2,,241,,lego,,4,,440,,492,,72,,1.0,,Cannot locate board border, maybe not the full board is in the scene. Failed at stage 1
sec6-res-util-lego-c2m2,,244,,lego,,4,,460,,530,,111,,1.0,,Cannot locate board border, maybe not the full board is in the scene. Failed at stage 1
sec6-res-util-lego-c2m2,,248,,lego,,4,,512,,576,,158,,1.0,,Cannot locate board border, maybe not the full board is in the scene. Failed at stage 1
sec6-res-util-lego-c2m2,,254,,lego,,4,,427,,511,,92,,1.0,,Cannot locate board border, maybe not the full board is in the scene. Failed at stage 1
sec6-res-util-lego-c2m2,,258,,lego,,4,,463,,508,,90,,1.0,,Cannot locate board border, maybe not the full board is in the scene. Failed at stage 1
sec6-res-util-lego-c2m2,,261,,lego,,4,,430,,985,,628,,0.99999999684,,[[2 2 2 2]]
sec6-res-util-lego-c2m2,,281,,lego,,4,,434,,992,,679,,0.999999799723,,[[2 2 2 2]]
sec6-res-util-lego-c2m2,,303,,lego,,4,,430,,1000,,674,,0.999999845812,,[[2 2 2 2]]
sec6-res-util-lego-c2m2,,324,,lego,,4,,444,,469,,50,,1.0,,Cannot locate board border, maybe not the full board is in the scene. Failed at stage 1
sec6-res-util-lego-c2m2,,327,,lego,,4,,438,,471,,52,,1.0,,Cannot locate board border, maybe not the full board is in the scene. Failed at stage 1
sec6-res-util-lego-c2m2,,329,,lego,,4,,430,,470,,51,,1.0,,Cannot locate board border, maybe not the full board is in the scene. Failed at stage 1
sec6-res-util-lego-c2m2,,446,,lego,,4,,452,,472,,51,,1.0,,Cannot locate board border, maybe not the full board is in the scene. Failed at stage 1
sec6-res-util-lego-c2m2,,447,,lego,,4,,490,,512,,92,,1.0,,Cannot locate board border, maybe not the full board is in the scene. Failed at stage 1
sec6-res-util-lego-c2m2,,451,,lego,,4,,492,,542,,122,,1.0,,Cannot locate board border, maybe not the full board is in the scene. Failed at stage 1
sec6-res-util-lego-c2m2,,455,,lego,,4,,623,,706,,319,,1.0,,Cannot locate board border, maybe not the full board is in the scene. Failed at stage 1
sec6-res-util-lego-c2m2,,466,,lego,,4,,746,,803,,486,,1.0,,Cannot locate board border, maybe not the full board is in the scene. Failed at stage 1
sec6-res-util-lego-c2m2,,481,,lego,,4,,558,,655,,278,,1.0,,Cannot locate board border, maybe not the full board is in the scene. Failed at stage 1
sec6-res-util-lego-c2m2,,490,,lego,,4,,662,,778,,382,,1.0,,Cannot find a large enough foreground near the center of board
sec6-res-util-lego-c2m2,,502,,lego,,4,,659,,763,,381,,1.0,,Cannot find a large enough foreground near the center of board
sec6-res-util-lego-c2m2,,515,,lego,,4,,715,,799,,482,,1.0,,Cannot find a large enough foreground near the center of board
sec6-res-util-lego-c2m2,,530,,lego,,4,,431,,531,,111,,1.0,,Cannot find a large enough foreground near the center of board
sec6-res-util-lego-c2m2,,535,,lego,,4,,849,,962,,640,,0.999999986837,,Cannot find a large enough foreground near the center of board
sec6-res-util-lego-c2m2,,555,,lego,,4,,431,,494,,76,,1.0,,Cannot locate board border, maybe not the full board is in the scene. Failed at stage 1
sec6-res-util-lego-c2m2,,558,,lego,,4,,432,,494,,74,,1.0,,Cannot locate board border, maybe not the full board is in the scene. Failed at stage 1
sec6-res-util-lego-c2m2,,561,,lego,,4,,452,,491,,72,,1.0,,Cannot locate board border, maybe not the full board is in the scene. Failed at stage 1
sec6-res-util-lego-c2m2,,564,,lego,,4,,454,,487,,68,,1.0,,Cannot locate board border, maybe not the full board is in the scene. Failed at stage 1
sec6-res-util-lego-c2m2,,567,,lego,,4,,437,,481,,62,,1.0,,Cannot locate board border, maybe not the full board is in the scene. Failed at stage 1
sec6-res-util-lego-c2m2,,569,,lego,,4,,432,,480,,61,,1.0,,Cannot locate board border, maybe not the full board is in the scene. Failed at stage 1
sec6-res-util-lego-c2m2,,572,,lego,,4,,433,,510,,91,,1.0,,Cannot locate board border, maybe not the full board is in the scene. Failed at stage 1
sec6-res-util-lego-c2m2,,576,,lego,,4,,429,,504,,85,,1.0,,Cannot locate board border, maybe not the full board is in the scene. Failed at stage 1
sec6-res-util-lego-c2m2,,579,,lego,,4,,430,,477,,57,,1.0,,Cannot locate board border, maybe not the full board is in the scene. Failed at stage 1
sec6-res-util-lego-c2m2,,582,,lego,,4,,475,,514,,95,,1.0,,Cannot locate board border, maybe not the full board is in the scene. Failed at stage 1
sec6-res-util-lego-c2m2,,585,,lego,,4,,465,,508,,89,,1.0,,Cannot locate board border, maybe not the full board is in the scene. Failed at stage 1
sec6-res-util-lego-c2m2,,589,,lego,,4,,433,,1012,,672,,0.999999861818,,[[0 0 1 0]
 [2 2 2 2]]
sec6-res-util-lego-c2m2,,610,,lego,,4,,429,,1040,,679,,0.999999799723,,[[0 0 1 0]
 [2 2 2 2]]
sec6-res-util-lego-c2m2,,632,,lego,,4,,432,,1030,,675,,0.999999837307,,[[0 0 1 0]
 [2 2 2 2]]
sec6-res-util-lego-c2m2,,653,,lego,,4,,431,,927,,584,,1.0,,[[0 0 1 0]
 [2 2 2 2]]
sec6-res-util-lego-c2m2,,671,,lego,,4,,431,,903,,585,,1.0,,[[0 0 1 0]
 [2 2 2 2]]!!State Change!!
sec6-res-util-lego-c2m2,,705,,lego,,4,,455,,1000,,689,,0.999999677386,,[[0 0 1 0]
 [2 2 2 2]]
sec6-res-util-lego-c2m2,,738,,lego,,4,,436,,976,,618,,0.99999999946,,[[0 0 1 0]
 [2 2 2 2]]
sec6-res-util-lego-c2m2,,769,,lego,,4,,439,,960,,597,,1.0,,[[0 0 1 0]
 [2 2 2 2]]
sec6-res-util-lego-c2m2,,798,,lego,,4,,438,,480,,61,,1.0,,Cannot locate board border, maybe not the full board is in the scene. Failed at stage 1
sec6-res-util-lego-c2m2,,884,,lego,,4,,436,,497,,79,,1.0,,Cannot locate board border, maybe not the full board is in the scene. Failed at stage 1
sec6-res-util-lego-c2m2,,897,,lego,,4,,448,,512,,93,,1.0,,Cannot locate board border, maybe not the full board is in the scene. Failed at stage 1
sec6-res-util-lego-c2m2,,908,,lego,,4,,438,,488,,69,,1.0,,Cannot locate board border, maybe not the full board is in the scene. Failed at stage 1
sec6-res-util-lego-c2m2,,918,,lego,,4,,445,,466,,47,,1.0,,Cannot locate board border, maybe not the full board is in the scene. Failed at stage 1
sec6-res-util-lego-c2m2,,1031,,lego,,4,,437,,512,,93,,1.0,,Cannot locate board border, maybe not the full board is in the scene. Failed at stage 1
sec6-res-util-lego-c2m2,,1035,,lego,,4,,559,,605,,185,,1.0,,Cannot locate board border, maybe not the full board is in the scene. Failed at stage 1
sec6-res-util-lego-c2m2,,1041,,lego,,4,,518,,585,,248,,1.0,,Cannot locate board border, maybe not the full board is in the scene. Failed at stage 1
sec6-res-util-lego-c2m2,,1049,,lego,,4,,431,,522,,103,,1.0,,Cannot find a large enough foreground near the center of board
sec6-res-util-lego-c2m2,,1053,,lego,,4,,504,,636,,249,,1.0,,Cannot find a large enough foreground near the center of board
sec6-res-util-lego-c2m2,,1062,,lego,,4,,458,,564,,144,,1.0,,Cannot find a large enough foreground near the center of board
sec6-res-util-lego-c2m2,,1067,,lego,,4,,484,,592,,172,,1.0,,Cannot find a large enough foreground near the center of board
sec6-res-util-lego-c2m2,,1073,,lego,,4,,430,,526,,107,,1.0,,Cannot find a large enough foreground near the center of board
sec6-res-util-lego-c2m2,,1077,,lego,,4,,451,,568,,148,,1.0,,Cannot find a large enough foreground near the center of board
sec6-res-util-lego-c2m2,,1082,,lego,,4,,433,,511,,92,,1.0,,Cannot find a large enough foreground near the center of board
sec6-res-util-lego-c2m2,,1086,,lego,,4,,433,,512,,92,,1.0,,Cannot find a large enough foreground near the center of board
sec6-res-util-lego-c2m2,,1090,,lego,,4,,464,,523,,103,,1.0,,Cannot locate board border, maybe not the full board is in the scene. Failed at stage 1
sec6-res-util-lego-c2m2,,1094,,lego,,4,,430,,517,,98,,1.0,,Cannot find a large enough foreground near the center of board
sec6-res-util-lego-c2m2,,1098,,lego,,4,,456,,552,,133,,1.0,,Cannot find a large enough foreground near the center of board
sec6-res-util-lego-c2m2,,1103,,lego,,4,,434,,525,,106,,1.0,,Cannot find a large enough foreground near the center of board
sec6-res-util-lego-c2m2,,1107,,lego,,4,,456,,544,,125,,1.0,,Cannot find a large enough foreground near the center of board
sec6-res-util-lego-c2m2,,1112,,lego,,4,,453,,555,,137,,1.0,,Cannot find a large enough foreground near the center of board
sec6-res-util-lego-c2m2,,1117,,lego,,4,,483,,582,,163,,1.0,,Cannot find a large enough foreground near the center of board
sec6-res-util-lego-c2m2,,1122,,lego,,4,,458,,542,,122,,1.0,,Cannot find a large enough foreground near the center of board
sec6-res-util-lego-c2m2,,1127,,lego,,4,,434,,512,,93,,1.0,,Cannot find a large enough foreground near the center of board
sec6-res-util-lego-c2m2,,1131,,lego,,4,,445,,518,,99,,1.0,,Cannot find a large enough foreground near the center of board
sec6-res-util-lego-c2m2,,1135,,lego,,4,,431,,506,,87,,1.0,,Cannot find a large enough foreground near the center of board
sec6-res-util-lego-c2m2,,1138,,lego,,4,,430,,517,,98,,1.0,,Cannot find a large enough foreground near the center of board
sec6-res-util-lego-c2m2,,1142,,lego,,4,,430,,505,,85,,1.0,,Cannot find a large enough foreground near the center of board
sec6-res-util-lego-c2m2,,1146,,lego,,4,,431,,511,,92,,1.0,,Cannot find a large enough foreground near the center of board
sec6-res-util-lego-c2m2,,1149,,lego,,4,,431,,552,,133,,1.0,,Cannot find a large enough foreground near the center of board
sec6-res-util-lego-c2m2,,1154,,lego,,4,,431,,483,,64,,1.0,,Cannot locate board border, maybe not the full board is in the scene. Failed at stage 1
sec6-res-util-lego-c2m2,,1157,,lego,,4,,432,,499,,81,,1.0,,Cannot locate board border, maybe not the full board is in the scene. Failed at stage 1
sec6-res-util-lego-c2m2,,1160,,lego,,4,,466,,514,,95,,1.0,,Cannot locate board border, maybe not the full board is in the scene. Failed at stage 1
sec6-res-util-lego-c2m2,,1164,,lego,,4,,448,,492,,73,,1.0,,Cannot locate board border, maybe not the full board is in the scene. Failed at stage 1
sec6-res-util-lego-c2m2,,1167,,lego,,4,,442,,487,,67,,1.0,,Cannot locate board border, maybe not the full board is in the scene. Failed at stage 1
sec6-res-util-lego-c2m2,,1170,,lego,,4,,442,,484,,65,,1.0,,Cannot locate board border, maybe not the full board is in the scene. Failed at stage 1
sec6-res-util-lego-c2m2,,1173,,lego,,4,,440,,477,,58,,1.0,,Cannot locate board border, maybe not the full board is in the scene. Failed at stage 1
sec6-res-util-lego-c2m2,,1176,,lego,,4,,453,,488,,69,,1.0,,Cannot locate board border, maybe not the full board is in the scene. Failed at stage 1
sec6-res-util-lego-c2m2,,1179,,lego,,4,,451,,485,,65,,1.0,,Cannot locate board border, maybe not the full board is in the scene. Failed at stage 1
sec6-res-util-lego-c2m2,,1182,,lego,,4,,460,,494,,77,,1.0,,Cannot locate board border, maybe not the full board is in the scene. Failed at stage 1
sec6-res-util-lego-c2m2,,1185,,lego,,4,,457,,492,,73,,1.0,,Cannot locate board border, maybe not the full board is in the scene. Failed at stage 1
sec6-res-util-lego-c2m2,,1188,,lego,,4,,431,,469,,50,,1.0,,Cannot locate board border, maybe not the full board is in the scene. Failed at stage 1
sec6-res-util-lego-c2m2,,1191,,lego,,4,,431,,482,,63,,1.0,,Cannot locate board border, maybe not the full board is in the scene. Failed at stage 1
sec6-res-util-lego-c2m2,,1193,,lego,,4,,431,,489,,70,,1.0,,Cannot locate board border, maybe not the full board is in the scene. Failed at stage 1
sec6-res-util-lego-c2m2,,1196,,lego,,4,,431,,485,,66,,1.0,,Cannot locate board border, maybe not the full board is in the scene. Failed at stage 1
sec6-res-util-lego-c2m2,,1199,,lego,,4,,430,,485,,65,,1.0,,Cannot locate board border, maybe not the full board is in the scene. Failed at stage 1
sec6-res-util-lego-c2m2,,1202,,lego,,4,,490,,1036,,715,,0.99999910068,,Not confident about reconstruction, maybe too much noise
sec6-res-util-lego-c2m2,,1225,,lego,,4,,496,,1068,,684,,0.999999744,,Not confident about reconstruction, maybe too much noise
sec6-res-util-lego-c2m2,,1246,,lego,,4,,485,,1112,,788,,0.999993576759,,Not confident about reconstruction, maybe too much noise
sec6-res-util-lego-c2m2,,1271,,lego,,4,,499,,1095,,686,,0.999999718734,,Not confident about reconstruction, maybe too much noise
sec6-res-util-lego-c2m2,,1292,,lego,,4,,900,,1581,,1163,,0.999483397623,,[[0 0 1 6]
 [2 2 2 2]]
sec6-res-util-lego-c2m2,,1328,,lego,,4,,431,,1099,,695,,0.99999958119,,Not confident about reconstruction, maybe too much noise
sec6-res-util-lego-c2m2,,1350,,lego,,4,,459,,1142,,789,,0.999993439,,Not confident about reconstruction, maybe too much noise
sec6-res-util-lego-c2m2,,1375,,lego,,4,,475,,533,,114,,1.0,,Cannot locate board border, maybe not the full board is in the scene. Failed at stage 1
sec6-res-util-lego-c2m2,,1379,,lego,,4,,490,,533,,115,,1.0,,Cannot locate board border, maybe not the full board is in the scene. Failed at stage 1
sec6-res-util-lego-c2m2,,1384,,lego,,4,,488,,534,,114,,1.0,,Cannot locate board border, maybe not the full board is in the scene. Failed at stage 1
sec6-res-util-lego-c2m2,,1388,,lego,,4,,523,,601,,257,,1.0,,Cannot locate board border, maybe not the full board is in the scene. Failed at stage 1
sec6-res-util-lego-c2m2,,1396,,lego,,4,,1027,,1102,,784,,0.999994106217,,Cannot locate board border, maybe not the full board is in the scene. Failed at stage 1
sec6-res-util-lego-c2m2,,1421,,lego,,4,,900,,948,,584,,1.0,,Cannot locate board border, maybe not the full board is in the scene. Failed at stage 1
sec6-res-util-lego-c2m2,,1439,,lego,,4,,679,,713,,381,,1.0,,Cannot locate board border, maybe not the full board is in the scene. Failed at stage 1
sec6-res-util-lego-c2m2,,1452,,lego,,4,,429,,463,,44,,1.0,,Cannot locate board border, maybe not the full board is in the scene. Failed at stage 1
sec6-res-util-lego-c2m2,,1454,,lego,,4,,491,,528,,109,,1.0,,Cannot locate board border, maybe not the full board is in the scene. Failed at stage 1
sec6-res-util-lego-c2m2,,1458,,lego,,4,,441,,481,,62,,1.0,,Cannot locate board border, maybe not the full board is in the scene. Failed at stage 1
sec6-res-util-lego-c2m2,,1461,,lego,,4,,471,,498,,78,,1.0,,Cannot locate board border, maybe not the full board is in the scene. Failed at stage 1
sec6-res-util-lego-c2m2,,1464,,lego,,4,,506,,560,,140,,1.0,,Cannot locate board border, maybe not the full board is in the scene. Failed at stage 1
sec6-res-util-lego-c2m2,,1469,,lego,,4,,472,,498,,79,,1.0,,Cannot locate board border, maybe not the full board is in the scene. Failed at stage 1
sec6-res-util-lego-c2m2,,1473,,lego,,4,,466,,493,,74,,1.0,,Cannot locate board border, maybe not the full board is in the scene. Failed at stage 1
sec6-res-util-lego-c2m2,,1476,,lego,,4,,483,,509,,90,,1.0,,Cannot locate board border, maybe not the full board is in the scene. Failed at stage 1
sec6-res-util-lego-c2m2,,1479,,lego,,4,,446,,472,,52,,1.0,,Cannot locate board border, maybe not the full board is in the scene. Failed at stage 1
sec6-res-util-lego-c2m2,,1482,,lego,,4,,426,,461,,41,,1.0,,Cannot locate board border, maybe not the full board is in the scene. Failed at stage 1
sec6-res-util-lego-c2m2,,1484,,lego,,4,,449,,508,,88,,1.0,,Cannot locate board border, maybe not the full board is in the scene. Failed at stage 1
sec6-res-util-lego-c2m2,,1487,,lego,,4,,428,,490,,71,,1.0,,Cannot locate board border, maybe not the full board is in the scene. Failed at stage 1
sec6-res-util-lego-c2m2,,1490,,lego,,4,,466,,495,,78,,1.0,,Cannot locate board border, maybe not the full board is in the scene. Failed at stage 1
sec6-res-util-lego-c2m2,,1494,,lego,,4,,459,,487,,68,,1.0,,Cannot locate board border, maybe not the full board is in the scene. Failed at stage 1
sec6-res-util-lego-c2m2,,1497,,lego,,4,,480,,507,,88,,1.0,,Cannot locate board border, maybe not the full board is in the scene. Failed at stage 1
sec6-res-util-lego-c2m2,,1500,,lego,,4,,452,,482,,62,,1.0,,Cannot locate board border, maybe not the full board is in the scene. Failed at stage 1
sec6-res-util-lego-c2m2,,1503,,lego,,4,,451,,480,,61,,1.0,,Cannot locate board border, maybe not the full board is in the scene. Failed at stage 1
sec6-res-util-lego-c2m2,,1506,,lego,,4,,487,,512,,93,,1.0,,Cannot locate board border, maybe not the full board is in the scene. Failed at stage 1
sec6-res-util-lego-c2m2,,1509,,lego,,4,,481,,504,,107,,1.0,,Cannot locate board border, maybe not the full board is in the scene. Failed at stage 1
sec6-res-util-lego-c2m2,,1514,,lego,,4,,430,,468,,49,,1.0,,Cannot locate board border, maybe not the full board is in the scene. Failed at stage 1
sec6-res-util-lego-c2m2,,1516,,lego,,4,,429,,463,,43,,1.0,,Cannot locate board border, maybe not the full board is in the scene. Failed at stage 1
sec6-res-util-lego-c2m2,,1518,,lego,,4,,452,,477,,58,,1.0,,Cannot locate board border, maybe not the full board is in the scene. Failed at stage 1
sec6-res-util-lego-c2m2,,1521,,lego,,4,,453,,478,,59,,1.0,,Cannot locate board border, maybe not the full board is in the scene. Failed at stage 1
sec6-res-util-lego-c2m2,,1523,,lego,,4,,430,,454,,34,,1.0,,Cannot locate board border, maybe not the full board is in the scene. Failed at stage 1
sec6-res-util-lego-c2m2,,1525,,lego,,4,,432,,460,,40,,1.0,,Cannot locate board border, maybe not the full board is in the scene. Failed at stage 1
sec6-res-util-lego-c2m2,,1527,,lego,,4,,430,,467,,48,,1.0,,Cannot locate board border, maybe not the full board is in the scene. Failed at stage 1
sec6-res-util-lego-c2m2,,1529,,lego,,4,,428,,456,,35,,1.0,,Cannot locate board border, maybe not the full board is in the scene. Failed at stage 1
sec6-res-util-lego-c2m2,,1531,,lego,,4,,430,,457,,36,,1.0,,Cannot locate board border, maybe not the full board is in the scene. Failed at stage 1
sec6-res-util-lego-c2m2,,1533,,lego,,4,,430,,473,,53,,1.0,,Cannot locate board border, maybe not the full board is in the scene. Failed at stage 1
sec6-res-util-lego-c2m2,,1535,,lego,,4,,431,,477,,57,,1.0,,Cannot locate board border, maybe not the full board is in the scene. Failed at stage 1
sec6-res-util-lego-c2m2,,1538,,lego,,4,,429,,475,,56,,1.0,,Cannot locate board border, maybe not the full board is in the scene. Failed at stage 1
sec6-res-util-lego-c2m2,,1541,,lego,,4,,430,,499,,80,,1.0,,Cannot locate board border, maybe not the full board is in the scene. Failed at stage 1
sec6-res-util-lego-c2m2,,1544,,lego,,4,,430,,501,,82,,1.0,,Cannot locate board border, maybe not the full board is in the scene. Failed at stage 1
sec6-res-util-lego-c2m2,,1547,,lego,,4,,429,,474,,54,,1.0,,Cannot locate board border, maybe not the full board is in the scene. Failed at stage 1
sec6-res-util-lego-c2m2,,1550,,lego,,4,,431,,519,,99,,1.0,,Cannot locate board border, maybe not the full board is in the scene. Failed at stage 1
sec6-res-util-lego-c2m2,,1554,,lego,,4,,433,,493,,73,,1.0,,Cannot locate board border, maybe not the full board is in the scene. Failed at stage 1
sec6-res-util-lego-c2m2,,1557,,lego,,4,,457,,500,,81,,1.0,,Cannot locate board border, maybe not the full board is in the scene. Failed at stage 1
sec6-res-util-lego-c2m2,,1560,,lego,,4,,455,,499,,79,,1.0,,Cannot locate board border, maybe not the full board is in the scene. Failed at stage 1
sec6-res-util-lego-c2m2,,1564,,lego,,4,,484,,552,,133,,1.0,,Cannot locate board border, maybe not the full board is in the scene. Failed at stage 1
sec6-res-util-lego-c2m2,,1569,,lego,,4,,465,,511,,91,,1.0,,Cannot locate board border, maybe not the full board is in the scene. Failed at stage 1
sec6-res-util-lego-c2m2,,1572,,lego,,4,,470,,557,,138,,1.0,,Cannot locate board border, maybe not the full board is in the scene. Failed at stage 1
sec6-res-util-lego-c2m2,,1577,,lego,,4,,435,,517,,98,,1.0,,Cannot locate board border, maybe not the full board is in the scene. Failed at stage 1
sec6-res-util-lego-c2m2,,1581,,lego,,4,,466,,547,,128,,1.0,,Cannot locate board border, maybe not the full board is in the scene. Failed at stage 1
sec6-res-util-lego-c2m2,,1586,,lego,,4,,433,,503,,84,,1.0,,Cannot locate board border, maybe not the full board is in the scene. Failed at stage 1
sec6-res-util-lego-c2m2,,1589,,lego,,4,,430,,496,,76,,1.0,,Cannot locate board border, maybe not the full board is in the scene. Failed at stage 1
sec6-res-util-lego-c2m2,,1592,,lego,,4,,464,,1107,,709,,0.99999927418,,Not confident about reconstruction, maybe too much noise
sec6-res-util-lego-c2m2,,1615,,lego,,4,,517,,1139,,776,,0.999995066291,,Not confident about reconstruction, maybe too much noise
sec6-res-util-lego-c2m2,,1639,,lego,,4,,525,,1129,,779,,0.999994721203,,Not confident about reconstruction, maybe too much noise
sec6-res-util-lego-c2m2,,1664,,lego,,4,,508,,1102,,787,,0.999993712337,,Not confident about reconstruction, maybe too much noise
sec6-res-util-lego-c2m2,,1688,,lego,,4,,462,,1031,,674,,0.999999845812,,Not confident about reconstruction, maybe too much noise
sec6-res-util-lego-c2m2,,1710,,lego,,4,,573,,1168,,773,,0.999995394177,,Not confident about reconstruction, maybe too much noise
sec6-res-util-lego-c2m2,,1734,,lego,,4,,552,,1177,,789,,0.999993439,,Not confident about reconstruction, maybe too much noise
sec6-res-util-lego-c2m2,,1759,,lego,,4,,451,,482,,63,,1.0,,Cannot locate board border, maybe not the full board is in the scene. Failed at stage 1
sec6-res-util-lego-c2m2,,1762,,lego,,4,,448,,475,,56,,1.0,,Cannot locate board border, maybe not the full board is in the scene. Failed at stage 1
sec6-res-util-lego-c2m2,,1764,,lego,,4,,903,,954,,609,,0.999999999966,,Cannot locate board border, maybe not the full board is in the scene. Failed at stage 1
sec6-res-util-lego-c2m2,,1790,,lego,,4,,870,,932,,603,,1.0,,Cannot locate board border, maybe not the full board is in the scene. Failed at stage 1
sec6-res-util-lego-c2m2,,1808,,lego,,4,,923,,1005,,684,,0.999999744,,Cannot locate board border, maybe not the full board is in the scene. Failed at stage 1
sec6-res-util-lego-c2m2,,1830,,lego,,4,,770,,799,,481,,1.0,,Cannot locate board border, maybe not the full board is in the scene. Failed at stage 1
sec6-res-util-lego-c2m2,,1845,,lego,,4,,569,,615,,196,,1.0,,Cannot locate board border, maybe not the full board is in the scene. Failed at stage 1
sec6-res-util-lego-c2m2,,1852,,lego,,4,,840,,956,,563,,1.0,,Cannot find a large enough foreground near the center of board
sec6-res-util-lego-c2m2,,1870,,lego,,4,,533,,654,,280,,1.0,,Cannot find a large enough foreground near the center of board
sec6-res-util-lego-c2m2,,1879,,lego,,4,,762,,856,,482,,1.0,,Cannot find a large enough foreground near the center of board
sec6-res-util-lego-c2m2,,1894,,lego,,4,,556,,670,,279,,1.0,,Cannot find a large enough foreground near the center of board
sec6-res-util-lego-c2m2,,1903,,lego,,4,,463,,556,,138,,1.0,,Cannot find a large enough foreground near the center of board
sec6-res-util-lego-c2m2,,1908,,lego,,4,,479,,585,,166,,1.0,,Cannot find a large enough foreground near the center of board
sec6-res-util-lego-c2m2,,1914,,lego,,4,,602,,714,,325,,1.0,,Cannot find a large enough foreground near the center of board
sec6-res-util-lego-c2m2,,1925,,lego,,4,,548,,639,,279,,1.0,,Cannot find a large enough foreground near the center of board
sec6-res-util-lego-c2m2,,1934,,lego,,4,,447,,548,,129,,1.0,,Cannot find a large enough foreground near the center of board
sec6-res-util-lego-c2m2,,1939,,lego,,4,,431,,478,,58,,1.0,,Cannot locate board border, maybe not the full board is in the scene. Failed at stage 1
sec6-res-util-lego-c2m2,,1942,,lego,,4,,430,,465,,45,,1.0,,Cannot locate board border, maybe not the full board is in the scene. Failed at stage 1
sec6-res-util-lego-c2m2,,1944,,lego,,4,,494,,568,,149,,1.0,,Cannot locate board border, maybe not the full board is in the scene. Failed at stage 1
sec6-res-util-lego-c2m2,,1949,,lego,,4,,529,,581,,162,,1.0,,Cannot locate board border, maybe not the full board is in the scene. Failed at stage 1
sec6-res-util-lego-c2m2,,1955,,lego,,4,,524,,601,,182,,1.0,,Cannot locate board border, maybe not the full board is in the scene. Failed at stage 1
sec6-res-util-lego-c2m2,,1961,,lego,,4,,509,,567,,148,,1.0,,Cannot locate board border, maybe not the full board is in the scene. Failed at stage 1
sec6-res-util-lego-c2m2,,1967,,lego,,4,,432,,472,,53,,1.0,,Cannot locate board border, maybe not the full board is in the scene. Failed at stage 1
sec6-res-util-lego-c2m2,,1969,,lego,,4,,447,,488,,69,,1.0,,Cannot locate board border, maybe not the full board is in the scene. Failed at stage 1
sec6-res-util-lego-c2m2,,1972,,lego,,4,,431,,463,,43,,1.0,,Cannot locate board border, maybe not the full board is in the scene. Failed at stage 1
sec6-res-util-lego-c2m2,,1974,,lego,,4,,436,,468,,49,,1.0,,Cannot locate board border, maybe not the full board is in the scene. Failed at stage 1
sec6-res-util-lego-c2m2,,1977,,lego,,4,,451,,486,,66,,1.0,,Cannot locate board border, maybe not the full board is in the scene. Failed at stage 1
sec6-res-util-lego-c2m2,,1980,,lego,,4,,435,,472,,53,,1.0,,Cannot locate board border, maybe not the full board is in the scene. Failed at stage 1
sec6-res-util-lego-c2m2,,1982,,lego,,4,,430,,464,,44,,1.0,,Cannot locate board border, maybe not the full board is in the scene. Failed at stage 1
sec6-res-util-lego-c2m2,,1984,,lego,,4,,429,,482,,63,,1.0,,Cannot locate board border, maybe not the full board is in the scene. Failed at stage 1
sec6-res-util-lego-c2m2,,1987,,lego,,4,,430,,1029,,668,,0.999999890059,,Not confident about reconstruction, maybe too much noise
sec6-res-util-lego-c2m2,,2008,,lego,,4,,435,,965,,571,,1.0,,Not confident about reconstruction, maybe too much noise
sec6-res-util-lego-c2m2,,2026,,lego,,4,,460,,1048,,686,,0.999999718734,,Not confident about reconstruction, maybe too much noise
sec6-res-util-lego-c2m2,,2048,,lego,,4,,508,,1103,,788,,0.999993576759,,Not confident about reconstruction, maybe too much noise
sec6-res-util-lego-c2m2,,2072,,lego,,4,,445,,1100,,774,,0.999995286757,,Not confident about reconstruction, maybe too much noise
sec6-res-util-lego-c2m2,,2097,,lego,,4,,455,,1086,,775,,0.999995177469,,Not confident about reconstruction, maybe too much noise
sec6-res-util-lego-c2m2,,2122,,lego,,4,,460,,1165,,772,,0.99999549975,,Not confident about reconstruction, maybe too much noise
sec6-res-util-lego-c2m2,,2146,,lego,,4,,471,,518,,99,,1.0,,Cannot locate board border, maybe not the full board is in the scene. Failed at stage 1
sec6-res-util-lego-c2m2,,2150,,lego,,4,,508,,582,,163,,1.0,,Cannot locate board border, maybe not the full board is in the scene. Failed at stage 1
sec6-res-util-lego-c2m2,,2156,,lego,,4,,432,,483,,63,,1.0,,Cannot locate board border, maybe not the full board is in the scene. Failed at stage 1
sec6-res-util-lego-c2m2,,2159,,lego,,4,,452,,519,,100,,1.0,,Cannot locate board border, maybe not the full board is in the scene. Failed at stage 1
sec6-res-util-lego-c2m2,,2162,,lego,,4,,470,,513,,94,,1.0,,Cannot locate board border, maybe not the full board is in the scene. Failed at stage 1
sec6-res-util-lego-c2m2,,2166,,lego,,4,,488,,527,,122,,1.0,,Cannot locate board border, maybe not the full board is in the scene. Failed at stage 1
sec6-res-util-lego-c2m2,,2353,,lego,,4,,436,,478,,58,,1.0,,Cannot locate board border, maybe not the full board is in the scene. Failed at stage 1
sec6-res-util-lego-c2m2,,2355,,lego,,4,,430,,493,,75,,1.0,,Cannot locate board border, maybe not the full board is in the scene. Failed at stage 1
sec6-res-util-lego-c2m2,,2357,,lego,,4,,431,,484,,64,,1.0,,Cannot locate board border, maybe not the full board is in the scene. Failed at stage 1
sec6-res-util-lego-c2m2,,2360,,lego,,4,,510,,531,,112,,1.0,,Cannot locate board border, maybe not the full board is in the scene. Failed at stage 1
sec6-res-util-lego-c2m2,,2364,,lego,,4,,535,,575,,156,,1.0,,Cannot locate board border, maybe not the full board is in the scene. Failed at stage 1
sec6-res-util-lego-c2m2,,2370,,lego,,4,,482,,523,,104,,1.0,,Cannot locate board border, maybe not the full board is in the scene. Failed at stage 1
sec6-res-util-lego-c2m2,,2374,,lego,,4,,476,,546,,126,,1.0,,Cannot locate board border, maybe not the full board is in the scene. Failed at stage 1
sec6-res-util-lego-c2m2,,2379,,lego,,4,,465,,526,,106,,1.0,,Cannot locate board border, maybe not the full board is in the scene. Failed at stage 1
sec6-res-util-lego-c2m2,,2383,,lego,,4,,430,,494,,75,,1.0,,Cannot locate board border, maybe not the full board is in the scene. Failed at stage 1
sec6-res-util-lego-c2m2,,2386,,lego,,4,,430,,495,,76,,1.0,,Cannot locate board border, maybe not the full board is in the scene. Failed at stage 1
sec6-res-util-lego-c2m2,,2389,,lego,,4,,431,,474,,54,,1.0,,Cannot locate board border, maybe not the full board is in the scene. Failed at stage 1
sec6-res-util-lego-c2m2,,2392,,lego,,4,,430,,491,,72,,1.0,,Cannot locate board border, maybe not the full board is in the scene. Failed at stage 1
sec6-res-util-lego-c2m2,,2395,,lego,,4,,431,,493,,74,,1.0,,Cannot locate board border, maybe not the full board is in the scene. Failed at stage 1
sec6-res-util-lego-c2m2,,2398,,lego,,4,,429,,494,,74,,1.0,,Cannot locate board border, maybe not the full board is in the scene. Failed at stage 1
sec6-res-util-lego-c2m2,,2401,,lego,,4,,432,,477,,64,,1.0,,Cannot locate board border, maybe not the full board is in the scene. Failed at stage 1
sec6-res-util-lego-c2m2,,2404,,lego,,4,,430,,499,,80,,1.0,,Cannot locate board border, maybe not the full board is in the scene. Failed at stage 2
sec6-res-util-lego-c2m2,,2407,,lego,,4,,432,,528,,109,,1.0,,Cannot find a large enough foreground near the center of board
sec6-res-util-lego-c2m2,,2411,,lego,,4,,430,,521,,102,,1.0,,Cannot find a large enough foreground near the center of board
sec6-res-util-lego-c2m2,,2415,,lego,,4,,429,,508,,89,,1.0,,Cannot find a large enough foreground near the center of board
sec6-res-util-lego-c2m2,,2419,,lego,,4,,431,,505,,86,,1.0,,Cannot find a large enough foreground near the center of board
sec6-res-util-lego-c2m2,,2422,,lego,,4,,433,,537,,118,,1.0,,Cannot find a large enough foreground near the center of board
sec6-res-util-lego-c2m2,,2426,,lego,,4,,453,,533,,113,,1.0,,Cannot find a large enough foreground near the center of board
sec6-res-util-lego-c2m2,,2431,,lego,,4,,445,,530,,110,,1.0,,Cannot find a large enough foreground near the center of board
sec6-res-util-lego-c2m2,,2435,,lego,,4,,431,,521,,102,,1.0,,Cannot find a large enough foreground near the center of board
sec6-res-util-lego-c2m2,,2439,,lego,,4,,430,,543,,123,,1.0,,Cannot find a large enough foreground near the center of board
sec6-res-util-lego-c2m2,,2444,,lego,,4,,442,,592,,173,,1.0,,Cannot find a large enough foreground near the center of board
sec6-res-util-lego-c2m2,,2450,,lego,,4,,430,,472,,53,,1.0,,Cannot locate board border, maybe not the full board is in the scene. Failed at stage 1
sec6-res-util-lego-c2m2,,2452,,lego,,4,,431,,466,,46,,1.0,,Cannot locate board border, maybe not the full board is in the scene. Failed at stage 1
sec6-res-util-lego-c2m2,,2454,,lego,,4,,456,,490,,71,,1.0,,Cannot locate board border, maybe not the full board is in the scene. Failed at stage 1
sec6-res-util-lego-c2m2,,2457,,lego,,4,,448,,481,,62,,1.0,,Cannot locate board border, maybe not the full board is in the scene. Failed at stage 1
sec6-res-util-lego-c2m2,,2460,,lego,,4,,445,,481,,61,,1.0,,Cannot locate board border, maybe not the full board is in the scene. Failed at stage 1
sec6-res-util-lego-c2m2,,2463,,lego,,4,,448,,482,,63,,1.0,,Cannot locate board border, maybe not the full board is in the scene. Failed at stage 1
sec6-res-util-lego-c2m2,,2466,,lego,,4,,468,,520,,101,,1.0,,Cannot locate board border, maybe not the full board is in the scene. Failed at stage 1
sec6-res-util-lego-c2m2,,2470,,lego,,4,,431,,477,,58,,1.0,,Cannot locate board border, maybe not the full board is in the scene. Failed at stage 1
sec6-res-util-lego-c2m2,,2472,,lego,,4,,467,,503,,85,,1.0,,Cannot locate board border, maybe not the full board is in the scene. Failed at stage 1
sec6-res-util-lego-c2m2,,2476,,lego,,4,,432,,472,,53,,1.0,,Cannot locate board border, maybe not the full board is in the scene. Failed at stage 1
sec6-res-util-lego-c2m2,,2478,,lego,,4,,433,,473,,54,,1.0,,Cannot locate board border, maybe not the full board is in the scene. Failed at stage 1
sec6-res-util-lego-c2m2,,2481,,lego,,4,,432,,474,,54,,1.0,,Cannot locate board border, maybe not the full board is in the scene. Failed at stage 1
sec6-res-util-lego-c2m2,,2483,,lego,,4,,432,,474,,54,,1.0,,Cannot locate board border, maybe not the full board is in the scene. Failed at stage 1
sec6-res-util-lego-c2m2,,2486,,lego,,4,,431,,490,,71,,1.0,,Cannot locate board border, maybe not the full board is in the scene. Failed at stage 1
sec6-res-util-lego-c2m2,,2489,,lego,,4,,432,,485,,66,,1.0,,Cannot locate board border, maybe not the full board is in the scene. Failed at stage 1
sec6-res-util-lego-c2m2,,2492,,lego,,4,,431,,1028,,633,,0.999999993902,,Not confident about reconstruction, maybe too much noise
sec6-res-util-lego-c2m2,,2512,,lego,,4,,429,,968,,574,,1.0,,Not confident about reconstruction, maybe too much noise
sec6-res-util-lego-c2m2,,2530,,lego,,4,,434,,1026,,676,,0.999999828455,,[[0 2 1 1]
 [0 2 1 4]
 [2 2 2 2]]
sec6-res-util-lego-c2m2,,2552,,lego,,4,,434,,1088,,774,,0.999995286757,,Not confident about reconstruction, maybe too much noise
sec6-res-util-lego-c2m2,,2576,,lego,,4,,676,,1327,,996,,0.999873554446,,Not confident about reconstruction, maybe too much noise
sec6-res-util-lego-c2m2,,2607,,lego,,4,,751,,1378,,960,,0.999913635985,,Not confident about reconstruction, maybe too much noise
sec6-res-util-lego-c2m2,,2637,,lego,,4,,463,,1087,,700,,0.999999485811,,Not confident about reconstruction, maybe too much noise
sec6-res-util-lego-c2m2,,2659,,lego,,4,,488,,571,,151,,1.0,,Cannot find grey area, maybe image blurred
sec6-res-util-lego-c2m2,,2664,,lego,,4,,464,,535,,116,,1.0,,Cannot locate board border, maybe not the full board is in the scene. Failed at stage 1
sec6-res-util-lego-c2m2,,2669,,lego,,4,,436,,469,,50,,1.0,,Cannot locate board border, maybe not the full board is in the scene. Failed at stage 1
sec6-res-util-lego-c2m2,,2671,,lego,,4,,431,,466,,47,,1.0,,Cannot locate board border, maybe not the full board is in the scene. Failed at stage 1
sec6-res-util-lego-c2m2,,2673,,lego,,4,,437,,480,,64,,1.0,,Cannot locate board border, maybe not the full board is in the scene. Failed at stage 1
sec6-res-util-lego-c2m2,,2676,,lego,,4,,430,,479,,72,,1.0,,Cannot locate board border, maybe not the full board is in the scene. Failed at stage 1
sec6-res-util-lego-c2m2,,2679,,lego,,4,,432,,477,,57,,1.0,,Cannot locate board border, maybe not the full board is in the scene. Failed at stage 1
sec6-res-util-lego-c2m2,,2682,,lego,,4,,431,,493,,76,,1.0,,Cannot locate board border, maybe not the full board is in the scene. Failed at stage 1
sec6-res-util-lego-c2m2,,2685,,lego,,4,,430,,477,,58,,1.0,,Cannot locate board border, maybe not the full board is in the scene. Failed at stage 1
sec6-res-util-lego-c2m2,,2765,,lego,,4,,436,,490,,70,,1.0,,Cannot locate board border, maybe not the full board is in the scene. Failed at stage 1
sec6-res-util-lego-c2m2,,2767,,lego,,4,,429,,476,,56,,1.0,,Cannot locate board border, maybe not the full board is in the scene. Failed at stage 1
sec6-res-util-lego-c2m2,,2769,,lego,,4,,439,,480,,60,,1.0,,Cannot locate board border, maybe not the full board is in the scene. Failed at stage 1
sec6-res-util-lego-c2m2,,2772,,lego,,4,,452,,496,,76,,1.0,,Cannot locate board border, maybe not the full board is in the scene. Failed at stage 1
sec6-res-util-lego-c2m2,,2775,,lego,,4,,430,,482,,63,,1.0,,Cannot locate board border, maybe not the full board is in the scene. Failed at stage 1
sec6-res-util-lego-c2m2,,2778,,lego,,4,,430,,478,,58,,1.0,,Cannot locate board border, maybe not the full board is in the scene. Failed at stage 1
sec6-res-util-lego-c2m2,,2781,,lego,,4,,432,,484,,66,,1.0,,Cannot locate board border, maybe not the full board is in the scene. Failed at stage 1
sec6-res-util-lego-c2m2,,2784,,lego,,4,,430,,482,,63,,1.0,,Cannot locate board border, maybe not the full board is in the scene. Failed at stage 1
sec6-res-util-lego-c2m2,,2786,,lego,,4,,433,,500,,82,,1.0,,Cannot locate board border, maybe not the full board is in the scene. Failed at stage 1
sec6-res-util-lego-c2m2,,2790,,lego,,4,,431,,496,,76,,1.0,,Cannot locate board border, maybe not the full board is in the scene. Failed at stage 1
sec6-res-util-lego-c2m2,,2793,,lego,,4,,430,,490,,70,,1.0,,Cannot locate board border, maybe not the full board is in the scene. Failed at stage 1
sec6-res-util-lego-c2m2,,2796,,lego,,4,,431,,493,,74,,1.0,,Cannot locate board border, maybe not the full board is in the scene. Failed at stage 1
sec6-res-util-lego-c2m2,,2799,,lego,,4,,431,,501,,82,,1.0,,Cannot locate board border, maybe not the full board is in the scene. Failed at stage 1
sec6-res-util-lego-c2m2,,2803,,lego,,4,,431,,499,,80,,1.0,,Cannot locate board border, maybe not the full board is in the scene. Failed at stage 1
sec6-res-util-lego-c2m2,,2806,,lego,,4,,455,,508,,88,,1.0,,Cannot locate board border, maybe not the full board is in the scene. Failed at stage 1
sec6-res-util-lego-c2m2,,2809,,lego,,4,,431,,480,,60,,1.0,,Cannot locate board border, maybe not the full board is in the scene. Failed at stage 1
sec6-res-util-lego-c2m2,,2812,,lego,,4,,431,,482,,63,,1.0,,Cannot locate board border, maybe not the full board is in the scene. Failed at stage 1
sec6-res-util-lego-c2m2,,2815,,lego,,4,,430,,478,,58,,1.0,,Cannot locate board border, maybe not the full board is in the scene. Failed at stage 1
sec6-res-util-lego-c2m2,,2818,,lego,,4,,430,,475,,55,,1.0,,Cannot locate board border, maybe not the full board is in the scene. Failed at stage 1
sec6-res-util-lego-c2m2,,2820,,lego,,4,,451,,496,,84,,1.0,,Cannot locate board border, maybe not the full board is in the scene. Failed at stage 1
sec6-res-util-lego-c2m2,,2824,,lego,,4,,433,,477,,57,,1.0,,Cannot locate board border, maybe not the full board is in the scene. Failed at stage 1
sec6-res-util-lego-c2m2,,2826,,lego,,4,,477,,549,,129,,1.0,,Cannot locate board border, maybe not the full board is in the scene. Failed at stage 1
sec6-res-util-lego-c2m2,,2831,,lego,,4,,473,,517,,103,,1.0,,Cannot locate board border, maybe not the full board is in the scene. Failed at stage 1
sec6-res-util-lego-c2m2,,2835,,lego,,4,,453,,505,,87,,1.0,,Cannot locate board border, maybe not the full board is in the scene. Failed at stage 1
sec6-res-util-lego-c2m2,,2838,,lego,,4,,446,,491,,84,,1.0,,Cannot locate board border, maybe not the full board is in the scene. Failed at stage 1
sec6-res-util-lego-c2m2,,2842,,lego,,4,,430,,497,,77,,1.0,,Cannot locate board border, maybe not the full board is in the scene. Failed at stage 1
sec6-res-util-lego-c2m2,,2845,,lego,,4,,442,,510,,90,,1.0,,Cannot locate board border, maybe not the full board is in the scene. Failed at stage 1
sec6-res-util-lego-c2m2,,2849,,lego,,4,,444,,493,,73,,1.0,,Cannot locate board border, maybe not the full board is in the scene. Failed at stage 1
sec6-res-util-lego-c2m2,,2852,,lego,,4,,437,,490,,70,,1.0,,Cannot locate board border, maybe not the full board is in the scene. Failed at stage 1
sec6-res-util-lego-c2m2,,2855,,lego,,4,,483,,523,,104,,1.0,,Cannot locate board border, maybe not the full board is in the scene. Failed at stage 1
sec6-res-util-lego-c2m2,,2859,,lego,,4,,478,,509,,90,,1.0,,Cannot locate board border, maybe not the full board is in the scene. Failed at stage 1
sec6-res-util-lego-c2m2,,2862,,lego,,4,,452,,483,,63,,1.0,,Cannot locate board border, maybe not the full board is in the scene. Failed at stage 1
sec6-res-util-lego-c2m2,,2865,,lego,,4,,443,,475,,56,,1.0,,Cannot locate board border, maybe not the full board is in the scene. Failed at stage 1
sec6-res-util-lego-c2m2,,2868,,lego,,4,,450,,482,,63,,1.0,,Cannot locate board border, maybe not the full board is in the scene. Failed at stage 1
sec6-res-util-lego-c2m2,,2871,,lego,,4,,459,,497,,77,,1.0,,Cannot locate board border, maybe not the full board is in the scene. Failed at stage 1
sec6-res-util-lego-c2m2,,2874,,lego,,4,,483,,521,,102,,1.0,,Cannot locate board border, maybe not the full board is in the scene. Failed at stage 1
sec6-res-util-lego-c2m2,,2878,,lego,,4,,459,,536,,117,,1.0,,Cannot locate board border, maybe not the full board is in the scene. Failed at stage 1
sec6-res-util-lego-c2m2,,2882,,lego,,4,,431,,1113,,724,,0.999998784347,,Not confident about reconstruction, maybe too much noise
sec6-res-util-lego-c2m2,,2905,,lego,,4,,452,,1133,,716,,0.999999068989,,[[0 2 2 2]
 [0 2 1 1]
 [0 2 1 3]
 [2 2 2 2]]
sec6-res-util-lego-c2m2,,2927,,lego,,4,,432,,989,,656,,0.999999949432,,Not confident about reconstruction, maybe too much noise
sec6-res-util-lego-c2m2,,2948,,lego,,4,,432,,1036,,690,,0.999999662641,,Not confident about reconstruction, maybe too much noise
sec6-res-util-lego-c2m2,,2969,,lego,,4,,431,,1007,,672,,0.999999861818,,Not confident about reconstruction, maybe too much noise
sec6-res-util-lego-c2m2,,2991,,lego,,4,,467,,1072,,686,,0.999999718734,,Not confident about reconstruction, maybe too much noise
sec6-res-util-lego-c2m2,,3012,,lego,,4,,519,,1164,,773,,0.999995394177,,Not confident about reconstruction, maybe too much noise
sec6-res-util-lego-c2m2,,3037,,lego,,4,,623,,1351,,998,,0.999870980573,,Not confident about reconstruction, maybe too much noise
sec6-res-util-lego-c2m2,,3068,,lego,,4,,1026,,1697,,1382,,0.998077130401,,Not confident about reconstruction, maybe too much noise
sec6-res-util-lego-c2m2,,0,,lego,,4,,958,,1107,,788,,0.999993576759,,Cannot find a large enough foreground near the center of board
sec6-res-util-lego-c2m2,,24,,lego,,4,,461,,548,,128,,1.0,,Cannot find a large enough foreground near the center of board
sec6-res-util-lego-c2m2,,29,,lego,,4,,490,,621,,202,,1.0,,Cannot find a large enough foreground near the center of board
sec6-res-util-lego-c2m2,,36,,lego,,4,,480,,548,,128,,1.0,,Cannot locate board border, maybe not the full board is in the scene. Failed at stage 1
sec6-res-util-lego-c2m2,,41,,lego,,4,,856,,936,,550,,1.0,,Cannot locate board border, maybe not the full board is in the scene. Failed at stage 1
sec6-res-util-lego-c2m2,,58,,lego,,4,,460,,562,,143,,1.0,,Cannot locate board border, maybe not the full board is in the scene. Failed at stage 1
sec6-res-util-lego-c2m2,,63,,lego,,4,,458,,576,,156,,1.0,,Cannot find a large enough foreground near the center of board
sec6-res-util-lego-c2m2,,69,,lego,,4,,489,,571,,152,,1.0,,Cannot find a large enough foreground near the center of board
sec6-res-util-lego-c2m2,,74,,lego,,4,,489,,639,,248,,1.0,,Cannot find a large enough foreground near the center of board
sec6-res-util-lego-c2m2,,83,,lego,,4,,434,,564,,145,,1.0,,Cannot find a large enough foreground near the center of board
sec6-res-util-lego-c2m2,,88,,lego,,4,,486,,585,,165,,1.0,,Cannot find a large enough foreground near the center of board
sec6-res-util-lego-c2m2,,94,,lego,,4,,452,,534,,115,,1.0,,Cannot find a large enough foreground near the center of board
sec6-res-util-lego-c2m2,,98,,lego,,4,,431,,595,,177,,1.0,,Cannot find a large enough foreground near the center of board
sec6-res-util-lego-c2m2,,104,,lego,,4,,432,,534,,115,,1.0,,Cannot find a large enough foreground near the center of board
sec6-res-util-lego-c2m2,,109,,lego,,4,,432,,510,,90,,1.0,,Cannot find a large enough foreground near the center of board
sec6-res-util-lego-c2m2,,112,,lego,,4,,435,,510,,90,,1.0,,Cannot find a large enough foreground near the center of board
sec6-res-util-lego-c2m2,,116,,lego,,4,,432,,513,,93,,1.0,,Cannot find a large enough foreground near the center of board
sec6-res-util-lego-c2m2,,120,,lego,,4,,431,,515,,169,,1.0,,Cannot find a large enough foreground near the center of board
sec6-res-util-lego-c2m2,,126,,lego,,4,,442,,521,,102,,1.0,,Cannot find a large enough foreground near the center of board
sec6-res-util-lego-c2m2,,130,,lego,,4,,431,,506,,86,,1.0,,Cannot find a large enough foreground near the center of board
sec6-res-util-lego-c2m2,,133,,lego,,4,,430,,517,,98,,1.0,,Cannot find a large enough foreground near the center of board
sec6-res-util-lego-c2m2,,185,,lego,,4,,436,,469,,47,,1.0,,Cannot locate board border, maybe not the full board is in the scene. Failed at stage 1
sec6-res-util-lego-c2m2,,186,,lego,,4,,429,,462,,41,,1.0,,Cannot locate board border, maybe not the full board is in the scene. Failed at stage 1
sec6-res-util-lego-c2m2,,188,,lego,,4,,429,,469,,49,,1.0,,Cannot locate board border, maybe not the full board is in the scene. Failed at stage 1
sec6-res-util-lego-c2m2,,190,,lego,,4,,433,,475,,56,,1.0,,Cannot locate board border, maybe not the full board is in the scene. Failed at stage 1
sec6-res-util-lego-c2m2,,193,,lego,,4,,436,,471,,51,,1.0,,Cannot locate board border, maybe not the full board is in the scene. Failed at stage 1
sec6-res-util-lego-c2m2,,195,,lego,,4,,431,,477,,57,,1.0,,Cannot locate board border, maybe not the full board is in the scene. Failed at stage 1
sec6-res-util-lego-c2m2,,198,,lego,,4,,428,,467,,48,,1.0,,Cannot locate board border, maybe not the full board is in the scene. Failed at stage 1
sec6-res-util-lego-c2m2,,200,,lego,,4,,431,,464,,44,,1.0,,Cannot locate board border, maybe not the full board is in the scene. Failed at stage 1
sec6-res-util-lego-c2m2,,202,,lego,,4,,435,,470,,49,,1.0,,Cannot locate board border, maybe not the full board is in the scene. Failed at stage 1
sec6-res-util-lego-c2m2,,205,,lego,,4,,430,,464,,43,,1.0,,Cannot locate board border, maybe not the full board is in the scene. Failed at stage 1
sec6-res-util-lego-c2m2,,207,,lego,,4,,427,,475,,56,,1.0,,Cannot locate board border, maybe not the full board is in the scene. Failed at stage 1
sec6-res-util-lego-c2m2,,209,,lego,,4,,430,,479,,60,,1.0,,Cannot locate board border, maybe not the full board is in the scene. Failed at stage 1
sec6-res-util-lego-c2m2,,212,,lego,,4,,431,,463,,44,,1.0,,Cannot locate board border, maybe not the full board is in the scene. Failed at stage 1
sec6-res-util-lego-c2m2,,214,,lego,,4,,437,,469,,49,,1.0,,Cannot locate board border, maybe not the full board is in the scene. Failed at stage 1
sec6-res-util-lego-c2m2,,217,,lego,,4,,441,,473,,53,,1.0,,Cannot locate board border, maybe not the full board is in the scene. Failed at stage 1
sec6-res-util-lego-c2m2,,219,,lego,,4,,430,,480,,60,,1.0,,Cannot locate board border, maybe not the full board is in the scene. Failed at stage 1
sec6-res-util-lego-c2m2,,222,,lego,,4,,432,,467,,47,,1.0,,Cannot locate board border, maybe not the full board is in the scene. Failed at stage 1
sec6-res-util-lego-c2m2,,224,,lego,,4,,438,,475,,55,,1.0,,Cannot locate board border, maybe not the full board is in the scene. Failed at stage 1
sec6-res-util-lego-c2m2,,227,,lego,,4,,429,,500,,81,,1.0,,Cannot locate board border, maybe not the full board is in the scene. Failed at stage 1
sec6-res-util-lego-c2m2,,230,,lego,,4,,441,,490,,70,,1.0,,Cannot locate board border, maybe not the full board is in the scene. Failed at stage 1
sec6-res-util-lego-c2m2,,233,,lego,,4,,431,,476,,56,,1.0,,Cannot locate board border, maybe not the full board is in the scene. Failed at stage 1
sec6-res-util-lego-c2m2,,236,,lego,,4,,431,,476,,56,,1.0,,Cannot locate board border, maybe not the full board is in the scene. Failed at stage 1
sec6-res-util-lego-c2m2,,239,,lego,,4,,430,,498,,78,,1.0,,Cannot locate board border, maybe not the full board is in the scene. Failed at stage 1
sec6-res-util-lego-c2m2,,242,,lego,,4,,440,,517,,97,,1.0,,Cannot locate board border, maybe not the full board is in the scene. Failed at stage 1
sec6-res-util-lego-c2m2,,246,,lego,,4,,431,,477,,57,,1.0,,Cannot locate board border, maybe not the full board is in the scene. Failed at stage 1
sec6-res-util-lego-c2m2,,248,,lego,,4,,431,,480,,60,,1.0,,Cannot locate board border, maybe not the full board is in the scene. Failed at stage 1
sec6-res-util-lego-c2m2,,251,,lego,,4,,440,,1083,,710,,0.999999247176,,[[2 2 2 2]]
sec6-res-util-lego-c2m2,,273,,lego,,4,,469,,1181,,775,,0.999995177469,,[[2 2 2 2]]
sec6-res-util-lego-c2m2,,298,,lego,,4,,466,,972,,586,,1.0,,[[2 2 2 2]]
sec6-res-util-lego-c2m2,,316,,lego,,4,,431,,497,,78,,1.0,,Cannot locate board border, maybe not the full board is in the scene. Failed at stage 1
sec6-res-util-lego-c2m2,,319,,lego,,4,,457,,523,,103,,1.0,,Cannot locate board border, maybe not the full board is in the scene. Failed at stage 1
sec6-res-util-lego-c2m2,,323,,lego,,4,,430,,450,,30,,1.0,,Cannot locate board border, maybe not the full board is in the scene. Failed at stage 1
sec6-res-util-lego-c2m2,,325,,lego,,4,,430,,453,,32,,1.0,,Cannot locate board border, maybe not the full board is in the scene. Failed at stage 1
sec6-res-util-lego-c2m2,,327,,lego,,4,,457,,488,,71,,1.0,,Cannot locate board border, maybe not the full board is in the scene. Failed at stage 1
sec6-res-util-lego-c2m2,,446,,lego,,4,,481,,519,,98,,1.0,,Cannot locate board border, maybe not the full board is in the scene. Failed at stage 1
sec6-res-util-lego-c2m2,,449,,lego,,4,,531,,565,,146,,1.0,,Cannot locate board border, maybe not the full board is in the scene. Failed at stage 1
sec6-res-util-lego-c2m2,,454,,lego,,4,,551,,619,,199,,1.0,,Cannot locate board border, maybe not the full board is in the scene. Failed at stage 1
sec6-res-util-lego-c2m2,,461,,lego,,4,,449,,481,,61,,1.0,,Cannot locate board border, maybe not the full board is in the scene. Failed at stage 1
sec6-res-util-lego-c2m2,,464,,lego,,4,,429,,495,,76,,1.0,,Cannot locate board border, maybe not the full board is in the scene. Failed at stage 1
sec6-res-util-lego-c2m2,,467,,lego,,4,,439,,500,,81,,1.0,,Cannot locate board border, maybe not the full board is in the scene. Failed at stage 1
sec6-res-util-lego-c2m2,,470,,lego,,4,,438,,487,,67,,1.0,,Cannot locate board border, maybe not the full board is in the scene. Failed at stage 1
sec6-res-util-lego-c2m2,,473,,lego,,4,,429,,490,,72,,1.0,,Cannot locate board border, maybe not the full board is in the scene. Failed at stage 1
sec6-res-util-lego-c2m2,,476,,lego,,4,,443,,523,,103,,1.0,,Cannot locate board border, maybe not the full board is in the scene. Failed at stage 1
sec6-res-util-lego-c2m2,,480,,lego,,4,,430,,476,,56,,1.0,,Cannot locate board border, maybe not the full board is in the scene. Failed at stage 1
sec6-res-util-lego-c2m2,,483,,lego,,4,,431,,525,,156,,1.0,,Cannot find a large enough foreground near the center of board
sec6-res-util-lego-c2m2,,488,,lego,,4,,431,,499,,79,,1.0,,Cannot locate board border, maybe not the full board is in the scene. Failed at stage 1
sec6-res-util-lego-c2m2,,491,,lego,,4,,432,,521,,101,,1.0,,Cannot find a large enough foreground near the center of board
sec6-res-util-lego-c2m2,,495,,lego,,4,,487,,649,,241,,1.0,,Cannot find a large enough foreground near the center of board
sec6-res-util-lego-c2m2,,503,,lego,,4,,771,,859,,475,,1.0,,Cannot find a large enough foreground near the center of board
sec6-res-util-lego-c2m2,,519,,lego,,4,,567,,674,,277,,1.0,,Cannot find a large enough foreground near the center of board
sec6-res-util-lego-c2m2,,528,,lego,,4,,431,,508,,88,,1.0,,Cannot find a large enough foreground near the center of board
sec6-res-util-lego-c2m2,,532,,lego,,4,,442,,540,,120,,1.0,,Cannot find a large enough foreground near the center of board
sec6-res-util-lego-c2m2,,536,,lego,,4,,433,,573,,154,,1.0,,Cannot find a large enough foreground near the center of board
sec6-res-util-lego-c2m2,,542,,lego,,4,,435,,541,,130,,1.0,,Cannot find a large enough foreground near the center of board
sec6-res-util-lego-c2m2,,546,,lego,,4,,455,,559,,140,,1.0,,Cannot find a large enough foreground near the center of board
