sec6-res-util-pool-c2m2,,702,,pool,,3,,446,,586,,187,,1.20353479811e-10,,Cannot find cue bottom
sec6-res-util-pool-c2m2,,708,,pool,,3,,414,,503,,117,,0.0323071412343,,Cannot find cue bottom
sec6-res-util-pool-c2m2,,712,,pool,,3,,412,,485,,85,,1.0,,Cannot find cue bottom
sec6-res-util-pool-c2m2,,715,,pool,,3,,411,,504,,152,,1.97187141323e-06,,Cannot find cue bottom
sec6-res-util-pool-c2m2,,721,,pool,,3,,421,,494,,94,,1.0,,Cannot find cue bottom
sec6-res-util-pool-c2m2,,724,,pool,,3,,412,,495,,95,,1.0,,Cannot find cue ball
sec6-res-util-pool-c2m2,,728,,pool,,3,,412,,486,,85,,1.0,,Cannot find cue ball
sec6-res-util-pool-c2m2,,753,,pool,,3,,418,,525,,125,,0.003515625,,Cannot find cue top
sec6-res-util-pool-c2m2,,757,,pool,,3,,412,,580,,179,,1.10599875422e-09,,Cannot find cue bottom
sec6-res-util-pool-c2m2,,763,,pool,,3,,412,,583,,205,,8.18545231596e-13,,Cannot find cue bottom
sec6-res-util-pool-c2m2,,770,,pool,,3,,413,,551,,152,,1.97187141323e-06,,Cannot find cue top
sec6-res-util-pool-c2m2,,776,,pool,,3,,411,,545,,145,,1.37329101563e-05,,Cannot find cue ball
sec6-res-util-pool-c2m2,,781,,pool,,3,,414,,585,,184,,2.76499688554e-10,,Cannot find cue top
sec6-res-util-pool-c2m2,,788,,pool,,3,,419,,567,,166,,4.06546863872e-08,,Cannot find cue top
sec6-res-util-pool-c2m2,,794,,pool,,3,,414,,561,,161,,1.62618745549e-07,,Cannot find cue ball
sec6-res-util-pool-c2m2,,799,,pool,,3,,412,,595,,195,,1.30967237055e-11,,Cannot find cue bottom
sec6-res-util-pool-c2m2,,806,,pool,,3,,410,,529,,128,,0.00153026466204,,Cannot find cue top
sec6-res-util-pool-c2m2,,811,,pool,,3,,413,,523,,240,,4.99600361081e-17,,Cannot find cue top
sec6-res-util-pool-c2m2,,824,,pool,,3,,415,,484,,84,,1.0,,Cannot find cue top
sec6-res-util-pool-c2m2,,827,,pool,,3,,440,,550,,156,,6.50474982195e-07,,Cannot find cue top
sec6-res-util-pool-c2m2,,832,,pool,,3,,412,,577,,177,,1.92565567698e-09,,Cannot find cue top
sec6-res-util-pool-c2m2,,839,,pool,,3,,412,,575,,175,,3.35276126862e-09,,Cannot find cue top
sec6-res-util-pool-c2m2,,845,,pool,,3,,412,,544,,143,,2.39103853444e-05,,Cannot find cue top
sec6-res-util-pool-c2m2,,850,,pool,,3,,411,,516,,168,,2.33499856879e-08,,Cannot find cue ball
sec6-res-util-pool-c2m2,,861,,pool,,3,,538,,667,,329,,9.59301001671e-28,,Cannot find cue ball
sec6-res-util-pool-c2m2,,871,,pool,,3,,412,,501,,101,,0.98704,,Cannot find cue bottom
sec6-res-util-pool-c2m2,,875,,pool,,3,,411,,565,,165,,5.36441802979e-08,,Cannot find cue bottom
sec6-res-util-pool-c2m2,,881,,pool,,3,,412,,560,,160,,2.14576721191e-07,,speech: right
sec6-res-util-pool-c2m2,,887,,pool,,3,,412,,661,,275,,3.04931861012e-21,,Cannot find cue bottom
sec6-res-util-pool-c2m2,,896,,pool,,3,,413,,654,,254,,1.0300416073e-18,,Cannot find cue bottom
sec6-res-util-pool-c2m2,,904,,pool,,3,,457,,613,,213,,8.90731265561e-14,,Cannot find cue bottom
sec6-res-util-pool-c2m2,,912,,pool,,3,,413,,520,,120,,0.0140625,,Cannot find cue ball
sec6-res-util-pool-c2m2,,916,,pool,,3,,516,,603,,264,,6.43776004562e-20,,Cannot find cue ball
sec6-res-util-pool-c2m2,,925,,pool,,3,,411,,684,,334,,2.39825250418e-28,,Cannot find cue bottom
sec6-res-util-pool-c2m2,,936,,pool,,3,,411,,614,,274,,4.02360002851e-21,,Cannot find cue bottom
sec6-res-util-pool-c2m2,,945,,pool,,3,,418,,500,,101,,0.98704,,Cannot find cue bottom
sec6-res-util-pool-c2m2,,949,,pool,,3,,411,,505,,104,,0.93439,,Cannot find object ball
sec6-res-util-pool-c2m2,,953,,pool,,3,,412,,557,,216,,3.8771330249e-14,,Cannot find object ball
sec6-res-util-pool-c2m2,,960,,pool,,3,,519,,793,,480,,6.30584308946e-46,,Cannot find object ball
sec6-res-util-pool-c2m2,,976,,pool,,3,,581,,799,,483,,2.74477762679e-46,,Cannot find cue bottom
sec6-res-util-pool-c2m2,,991,,pool,,3,,490,,689,,379,,9.14860726997e-34,,Cannot find cue bottom
sec6-res-util-pool-c2m2,,1003,,pool,,3,,487,,767,,382,,3.98216260612e-34,,Cannot find cue ball
sec6-res-util-pool-c2m2,,1016,,pool,,3,,577,,868,,481,,4.77893541826e-46,,Cannot find cue bottom
sec6-res-util-pool-c2m2,,1031,,pool,,3,,548,,758,,380,,6.93334779979e-34,,Cannot find cue bottom
sec6-res-util-pool-c2m2,,1043,,pool,,3,,555,,838,,484,,2.08015246016e-46,,Cannot find object ball
sec6-res-util-pool-c2m2,,1059,,pool,,3,,541,,832,,484,,2.08015246016e-46,,Cannot find cue ball
sec6-res-util-pool-c2m2,,1074,,pool,,3,,526,,813,,486,,1.19473385456e-46,,Cannot find object ball
sec6-res-util-pool-c2m2,,1089,,pool,,3,,498,,718,,380,,6.93334779979e-34,,Cannot find object ball
sec6-res-util-pool-c2m2,,1102,,pool,,3,,514,,800,,487,,9.05438947967e-47,,Cannot find object ball
sec6-res-util-pool-c2m2,,1117,,pool,,3,,501,,781,,485,,1.57646077237e-46,,Cannot find object ball
sec6-res-util-pool-c2m2,,1133,,pool,,3,,557,,768,,382,,3.98216260612e-34,,Cannot find object ball
sec6-res-util-pool-c2m2,,1145,,pool,,3,,481,,653,,279,,1.00590000713e-21,,Cannot find cue top
sec6-res-util-pool-c2m2,,1163,,pool,,3,,567,,694,,400,,2.70833898429e-36,,Cannot find cue top
sec6-res-util-pool-c2m2,,1175,,pool,,3,,525,,652,,279,,1.00590000713e-21,,Cannot find cue top
sec6-res-util-pool-c2m2,,1185,,pool,,3,,554,,744,,380,,6.93334779979e-34,,Cannot find cue top
sec6-res-util-pool-c2m2,,1205,,pool,,3,,563,,756,,434,,2.18119794606e-40,,Cannot find cue top
sec6-res-util-pool-c2m2,,1218,,pool,,3,,413,,601,,201,,2.48136513594e-12,,Cannot find cue top
sec6-res-util-pool-c2m2,,1225,,pool,,3,,459,,667,,354,,9.36817384445e-31,,Cannot find cue bottom
sec6-res-util-pool-c2m2,,1251,,pool,,3,,458,,643,,334,,2.39825250418e-28,,Cannot find cue top
sec6-res-util-pool-c2m2,,1261,,pool,,3,,479,,673,,377,,1.59286504245e-33,,Cannot find cue top
sec6-res-util-pool-c2m2,,1292,,pool,,3,,477,,668,,297,,6.84130326426e-24,,Cannot find cue bottom
sec6-res-util-pool-c2m2,,1301,,pool,,3,,543,,741,,380,,6.93334779979e-34,,Cannot find cue bottom
sec6-res-util-pool-c2m2,,1328,,pool,,3,,570,,781,,425,,2.64486228935e-39,,Cannot find cue bottom
sec6-res-util-pool-c2m2,,1341,,pool,,3,,595,,814,,483,,2.74477762679e-46,,Cannot find cue bottom
sec6-res-util-pool-c2m2,,1364,,pool,,3,,450,,658,,305,,7.44462551298e-25,,Cannot find cue bottom
sec6-res-util-pool-c2m2,,1374,,pool,,3,,524,,725,,429,,8.72479178426e-40,,Cannot find cue bottom
sec6-res-util-pool-c2m2,,1391,,pool,,3,,558,,767,,376,,2.10179802431e-33,,Cannot find cue ball
sec6-res-util-pool-c2m2,,1403,,pool,,3,,553,,783,,483,,2.74477762679e-46,,Cannot find cue bottom
sec6-res-util-pool-c2m2,,1418,,pool,,3,,553,,841,,481,,4.77893541826e-46,,Cannot find cue bottom
sec6-res-util-pool-c2m2,,1433,,pool,,3,,547,,830,,481,,4.77893541826e-46,,Cannot find cue bottom
sec6-res-util-pool-c2m2,,1449,,pool,,3,,509,,708,,379,,9.14860726997e-34,,Cannot find cue bottom
sec6-res-util-pool-c2m2,,1461,,pool,,3,,503,,711,,380,,6.93334779979e-34,,Cannot find cue ball
sec6-res-util-pool-c2m2,,1473,,pool,,3,,607,,828,,484,,2.08015246016e-46,,Cannot find cue bottom
sec6-res-util-pool-c2m2,,1489,,pool,,3,,576,,790,,480,,6.30584308946e-46,,Cannot find cue bottom
sec6-res-util-pool-c2m2,,1504,,pool,,3,,500,,771,,382,,3.98216260612e-34,,Cannot find cue bottom
sec6-res-util-pool-c2m2,,1516,,pool,,3,,552,,766,,378,,1.20716596653e-33,,Cannot find cue bottom
sec6-res-util-pool-c2m2,,1529,,pool,,3,,645,,849,,479,,8.32060984064e-46,,Cannot find cue bottom
sec6-res-util-pool-c2m2,,1544,,pool,,3,,552,,763,,381,,5.25449506076e-34,,Cannot find cue bottom
sec6-res-util-pool-c2m2,,1556,,pool,,3,,530,,742,,377,,1.59286504245e-33,,Cannot find cue bottom
sec6-res-util-pool-c2m2,,1569,,pool,,3,,631,,846,,584,,1.89188764139e-58,,Cannot find cue bottom
sec6-res-util-pool-c2m2,,1587,,pool,,3,,524,,804,,483,,2.74477762679e-46,,Cannot find cue bottom
sec6-res-util-pool-c2m2,,1602,,pool,,3,,432,,696,,379,,9.14860726997e-34,,Cannot find cue bottom
sec6-res-util-pool-c2m2,,1615,,pool,,3,,415,,687,,379,,9.14860726997e-34,,Cannot find cue bottom
sec6-res-util-pool-c2m2,,1627,,pool,,3,,499,,784,,483,,2.74477762679e-46,,speech: right
sec6-res-util-pool-c2m2,,1642,,pool,,3,,560,,689,,383,,3.01791491632e-34,,Cannot find cue top
sec6-res-util-pool-c2m2,,1655,,pool,,3,,562,,771,,480,,6.30584308946e-46,,Cannot find cue bottom
sec6-res-util-pool-c2m2,,1672,,pool,,3,,496,,698,,329,,9.59301001671e-28,,Cannot find cue top
sec6-res-util-pool-c2m2,,1682,,pool,,3,,541,,741,,377,,1.59286504245e-33,,Cannot find cue top
sec6-res-util-pool-c2m2,,1695,,pool,,3,,521,,718,,380,,6.93334779979e-34,,Cannot find cue top
sec6-res-util-pool-c2m2,,1709,,pool,,3,,469,,690,,425,,2.64486228935e-39,,Cannot find cue bottom
sec6-res-util-pool-c2m2,,1722,,pool,,3,,433,,697,,380,,6.93334779979e-34,,Cannot find cue ball
sec6-res-util-pool-c2m2,,1734,,pool,,3,,584,,792,,482,,3.62175579187e-46,,Cannot find cue bottom
sec6-res-util-pool-c2m2,,1750,,pool,,3,,479,,681,,380,,6.93334779979e-34,,Cannot find cue ball
sec6-res-util-pool-c2m2,,1762,,pool,,3,,450,,654,,265,,4.87890977618e-20,,Cannot find cue ball
sec6-res-util-pool-c2m2,,1771,,pool,,3,,561,,782,,482,,3.62175579187e-46,,Cannot find cue bottom
sec6-res-util-pool-c2m2,,1787,,pool,,3,,488,,754,,382,,3.98216260612e-34,,Cannot find cue bottom
sec6-res-util-pool-c2m2,,1799,,pool,,3,,547,,776,,484,,2.08015246016e-46,,Cannot find cue bottom
sec6-res-util-pool-c2m2,,1814,,pool,,3,,414,,633,,278,,1.32729301685e-21,,Cannot find cue bottom
sec6-res-util-pool-c2m2,,1824,,pool,,3,,531,,742,,379,,9.14860726997e-34,,Cannot find cue bottom
sec6-res-util-pool-c2m2,,1836,,pool,,3,,542,,830,,482,,3.62175579187e-46,,speech: left
sec6-res-util-pool-c2m2,,1851,,pool,,3,,505,,722,,379,,9.14860726997e-34,,speech: left
sec6-res-util-pool-c2m2,,1864,,pool,,3,,511,,803,,481,,4.77893541826e-46,,speech: good
sec6-res-util-pool-c2m2,,1886,,pool,,3,,552,,771,,459,,2.1300761192e-43,,Cannot find cue bottom
sec6-res-util-pool-c2m2,,1900,,pool,,3,,472,,664,,277,,1.75137363565e-21,,Cannot find cue bottom
sec6-res-util-pool-c2m2,,1910,,pool,,3,,555,,690,,483,,2.74477762679e-46,,Cannot find cue bottom
sec6-res-util-pool-c2m2,,1925,,pool,,3,,429,,643,,265,,4.87890977618e-20,,Cannot find cue bottom
sec6-res-util-pool-c2m2,,1934,,pool,,3,,558,,840,,480,,6.30584308946e-46,,Cannot find cue bottom
sec6-res-util-pool-c2m2,,1950,,pool,,3,,617,,827,,481,,4.77893541826e-46,,Cannot find cue bottom
sec6-res-util-pool-c2m2,,1965,,pool,,3,,437,,714,,379,,9.14860726997e-34,,Cannot find cue bottom
sec6-res-util-pool-c2m2,,1977,,pool,,3,,412,,622,,381,,5.25449506076e-34,,Cannot find cue bottom
sec6-res-util-pool-c2m2,,1989,,pool,,3,,412,,520,,120,,0.0140625,,Cannot find cue bottom
sec6-res-util-pool-c2m2,,1994,,pool,,3,,563,,761,,439,,5.45299486516e-41,,Cannot find cue bottom
sec6-res-util-pool-c2m2,,2008,,pool,,3,,585,,794,,481,,4.77893541826e-46,,Cannot find cue top
sec6-res-util-pool-c2m2,,2023,,pool,,3,,486,,681,,382,,3.98216260612e-34,,Cannot find cue top
sec6-res-util-pool-c2m2,,2038,,pool,,3,,584,,722,,416,,3.20708927049e-38,,Cannot find cue top
sec6-res-util-pool-c2m2,,2051,,pool,,3,,542,,670,,382,,3.98216260612e-34,,Cannot find cue top
sec6-res-util-pool-c2m2,,2063,,pool,,3,,539,,740,,377,,1.59286504245e-33,,Cannot find cue top
sec6-res-util-pool-c2m2,,2075,,pool,,3,,552,,753,,482,,3.62175579187e-46,,Cannot find cue top
sec6-res-util-pool-c2m2,,2091,,pool,,3,,434,,717,,379,,9.14860726997e-34,,Cannot find cue bottom
sec6-res-util-pool-c2m2,,2103,,pool,,3,,529,,734,,382,,3.98216260612e-34,,Cannot find cue top
sec6-res-util-pool-c2m2,,2115,,pool,,3,,516,,724,,384,,2.28715181749e-34,,Cannot find cue bottom
sec6-res-util-pool-c2m2,,2128,,pool,,3,,593,,786,,481,,4.77893541826e-46,,Cannot find cue top
sec6-res-util-pool-c2m2,,2163,,pool,,3,,540,,725,,346,,8.60896470755e-30,,Cannot find cue top
sec6-res-util-pool-c2m2,,2174,,pool,,3,,464,,750,,381,,5.25449506076e-34,,Cannot find cue ball
sec6-res-util-pool-c2m2,,2189,,pool,,3,,476,,666,,300,,2.97785020519e-24,,Cannot find cue ball
sec6-res-util-pool-c2m2,,2198,,pool,,3,,522,,737,,380,,6.93334779979e-34,,Cannot find cue ball
sec6-res-util-pool-c2m2,,2221,,pool,,3,,487,,792,,460,,1.6142958309e-43,,speech: right
sec6-res-util-pool-c2m2,,2235,,pool,,3,,503,,720,,484,,2.08015246016e-46,,Cannot find cue ball
sec6-res-util-pool-c2m2,,2251,,pool,,3,,499,,785,,480,,6.30584308946e-46,,Cannot find object ball
sec6-res-util-pool-c2m2,,2266,,pool,,3,,508,,792,,485,,1.57646077237e-46,,speech: left
sec6-res-util-pool-c2m2,,2281,,pool,,3,,570,,777,,479,,8.32060984064e-46,,Cannot find cue ball
sec6-res-util-pool-c2m2,,2297,,pool,,3,,545,,771,,481,,4.77893541826e-46,,Cannot find cue ball
sec6-res-util-pool-c2m2,,2312,,pool,,3,,454,,734,,373,,4.82866386611e-33,,Cannot find cue ball
sec6-res-util-pool-c2m2,,2324,,pool,,3,,529,,748,,381,,5.25449506076e-34,,Cannot find cue ball
sec6-res-util-pool-c2m2,,2337,,pool,,3,,644,,840,,479,,8.32060984064e-46,,speech: left
sec6-res-util-pool-c2m2,,2352,,pool,,3,,607,,826,,479,,8.32060984064e-46,,Cannot find cue ball
sec6-res-util-pool-c2m2,,2367,,pool,,3,,526,,803,,483,,2.74477762679e-46,,Cannot find cue ball
sec6-res-util-pool-c2m2,,2383,,pool,,3,,503,,802,,401,,2.05253713311e-36,,speech: left
sec6-res-util-pool-c2m2,,2396,,pool,,3,,467,,759,,459,,2.1300761192e-43,,speech: left
sec6-res-util-pool-c2m2,,2410,,pool,,3,,487,,770,,384,,2.28715181749e-34,,speech: left
sec6-res-util-pool-c2m2,,2423,,pool,,3,,447,,667,,278,,1.32729301685e-21,,speech: left
sec6-res-util-pool-c2m2,,2432,,pool,,3,,464,,758,,381,,5.25449506076e-34,,speech: left
sec6-res-util-pool-c2m2,,2444,,pool,,3,,560,,764,,363,,7.72586218578e-32,,Cannot find cue top
sec6-res-util-pool-c2m2,,2456,,pool,,3,,647,,843,,499,,3.250238219e-48,,Cannot find cue top
sec6-res-util-pool-c2m2,,2472,,pool,,3,,438,,633,,280,,7.62329652529e-22,,Cannot find cue top
sec6-res-util-pool-c2m2,,2481,,pool,,3,,505,,625,,278,,1.32729301685e-21,,Cannot find cue top
sec6-res-util-pool-c2m2,,2509,,pool,,3,,502,,694,,381,,5.25449506076e-34,,Cannot find cue top
sec6-res-util-pool-c2m2,,2521,,pool,,3,,413,,593,,192,,3.00883699528e-11,,Cannot find cue top
sec6-res-util-pool-c2m2,,2528,,pool,,3,,557,,750,,364,,5.85510865278e-32,,Cannot find cue top
sec6-res-util-pool-c2m2,,2539,,pool,,3,,493,,672,,271,,9.24380546784e-21,,Cannot find cue top
sec6-res-util-pool-c2m2,,2567,,pool,,3,,424,,591,,190,,5.23868948221e-11,,Cannot find cue bottom
sec6-res-util-pool-c2m2,,2573,,pool,,3,,635,,846,,479,,8.32060984064e-46,,Cannot find cue bottom
sec6-res-util-pool-c2m2,,2603,,pool,,3,,419,,588,,187,,1.20353479811e-10,,Cannot find cue top
sec6-res-util-pool-c2m2,,2609,,pool,,3,,650,,859,,515,,3.84878118253e-50,,Cannot find cue top
sec6-res-util-pool-c2m2,,2625,,pool,,3,,509,,796,,485,,1.57646077237e-46,,Cannot find cue bottom
sec6-res-util-pool-c2m2,,2641,,pool,,3,,597,,792,,477,,1.44870231675e-45,,Cannot find cue bottom
sec6-res-util-pool-c2m2,,2656,,pool,,3,,476,,683,,380,,6.93334779979e-34,,Cannot find cue bottom
sec6-res-util-pool-c2m2,,2668,,pool,,3,,459,,657,,270,,1.21972744405e-20,,Cannot find cue top
sec6-res-util-pool-c2m2,,2690,,pool,,3,,651,,788,,492,,2.26359736992e-47,,Cannot find cue top
sec6-res-util-pool-c2m2,,2705,,pool,,3,,553,,761,,379,,9.14860726997e-34,,Cannot find cue top
sec6-res-util-pool-c2m2,,2728,,pool,,3,,594,,808,,456,,4.89362986829e-43,,Cannot find cue bottom
sec6-res-util-pool-c2m2,,2742,,pool,,3,,598,,731,,379,,9.14860726997e-34,,Cannot find cue bottom
sec6-res-util-pool-c2m2,,2754,,pool,,3,,605,,810,,481,,4.77893541826e-46,,Cannot find cue bottom
sec6-res-util-pool-c2m2,,2770,,pool,,3,,582,,693,,379,,9.14860726997e-34,,Cannot find cue bottom
sec6-res-util-pool-c2m2,,2782,,pool,,3,,472,,675,,381,,5.25449506076e-34,,Cannot find cue ball
sec6-res-util-pool-c2m2,,2794,,pool,,3,,477,,593,,192,,3.00883699528e-11,,Cannot find cue bottom
sec6-res-util-pool-c2m2,,2801,,pool,,3,,541,,679,,367,,2.54858406792e-32,,speech: right
sec6-res-util-pool-c2m2,,2813,,pool,,3,,547,,843,,484,,2.08015246016e-46,,speech: left
sec6-res-util-pool-c2m2,,2828,,pool,,3,,535,,682,,377,,1.59286504245e-33,,speech: left
sec6-res-util-pool-c2m2,,2840,,pool,,3,,413,,565,,279,,1.00590000713e-21,,speech: left
sec6-res-util-pool-c2m2,,2850,,pool,,3,,512,,718,,377,,1.59286504245e-33,,Cannot find cue ball
sec6-res-util-pool-c2m2,,2862,,pool,,3,,510,,803,,481,,4.77893541826e-46,,speech: left
sec6-res-util-pool-c2m2,,2877,,pool,,3,,412,,620,,278,,1.32729301685e-21,,Cannot find cue ball
sec6-res-util-pool-c2m2,,2886,,pool,,3,,412,,703,,380,,6.93334779979e-34,,Cannot find cue ball
sec6-res-util-pool-c2m2,,2899,,pool,,3,,494,,717,,484,,2.08015246016e-46,,Cannot find cue ball
sec6-res-util-pool-c2m2,,2914,,pool,,3,,484,,699,,387,,9.95540651531e-35,,speech: right
sec6-res-util-pool-c2m2,,2926,,pool,,3,,566,,802,,484,,2.08015246016e-46,,Cannot find cue ball
sec6-res-util-pool-c2m2,,2942,,pool,,3,,554,,739,,375,,2.77333911992e-33,,Cannot find cue ball
sec6-res-util-pool-c2m2,,2954,,pool,,3,,556,,841,,485,,1.57646077237e-46,,Cannot find cue ball
sec6-res-util-pool-c2m2,,2969,,pool,,3,,622,,839,,439,,5.45299486516e-41,,speech: left
sec6-res-util-pool-c2m2,,2984,,pool,,3,,651,,791,,628,,9.52286037107e-64,,Cannot find cue top
sec6-res-util-pool-c2m2,,3003,,pool,,3,,504,,716,,379,,9.14860726997e-34,,Cannot find cue bottom
sec6-res-util-pool-c2m2,,3084,,pool,,3,,419,,609,,208,,3.56292506224e-13,,Cannot find cue bottom
sec6-res-util-pool-c2m2,,3091,,pool,,3,,475,,598,,197,,7.5220924882e-12,,Cannot find cue top
sec6-res-util-pool-c2m2,,3121,,pool,,3,,421,,606,,205,,8.18545231596e-13,,Cannot find cue bottom
sec6-res-util-pool-c2m2,,3128,,pool,,3,,574,,770,,433,,2.87810794479e-40,,Cannot find cue bottom
sec6-res-util-pool-c2m2,,3159,,pool,,3,,536,,717,,428,,1.15124317792e-39,,Cannot find cue top
sec6-res-util-pool-c2m2,,3172,,pool,,3,,579,,795,,480,,6.30584308946e-46,,Cannot find cue bottom
sec6-res-util-pool-c2m2,,3195,,pool,,3,,417,,558,,157,,4.92967853306e-07,,Cannot find cue bottom
sec6-res-util-pool-c2m2,,3200,,pool,,3,,411,,573,,268,,2.12366882696e-20,,Cannot find cue bottom
sec6-res-util-pool-c2m2,,3209,,pool,,3,,566,,761,,378,,1.20716596653e-33,,Cannot find cue top
sec6-res-util-pool-c2m2,,3227,,pool,,3,,452,,661,,309,,2.45581056428e-25,,Cannot find cue ball
sec6-res-util-pool-c2m2,,3237,,pool,,3,,540,,743,,379,,9.14860726997e-34,,Cannot find cue ball
sec6-res-util-pool-c2m2,,3249,,pool,,3,,504,,699,,377,,1.59286504245e-33,,speech: good
sec6-res-util-pool-c2m2,,3261,,pool,,3,,502,,796,,486,,1.19473385456e-46,,speech: left
sec6-res-util-pool-c2m2,,3277,,pool,,3,,412,,609,,208,,3.56292506224e-13,,Cannot find cue ball
sec6-res-util-pool-c2m2,,3284,,pool,,3,,465,,755,,449,,3.40812179073e-42,,Cannot find object ball
sec6-res-util-pool-c2m2,,3298,,pool,,3,,565,,794,,484,,2.08015246016e-46,,Cannot find object ball
sec6-res-util-pool-c2m2,,3314,,pool,,3,,546,,761,,469,,1.3312975745e-44,,Cannot find object ball
sec6-res-util-pool-c2m2,,3329,,pool,,3,,472,,759,,382,,3.98216260612e-34,,Cannot find object ball
sec6-res-util-pool-c2m2,,3341,,pool,,3,,476,,746,,345,,1.13595970352e-29,,Cannot find object ball
sec6-res-util-pool-c2m2,,3352,,pool,,3,,659,,881,,521,,7.29207674905e-51,,Cannot find object ball
sec6-res-util-pool-c2m2,,3369,,pool,,3,,609,,831,,484,,2.08015246016e-46,,Cannot find cue ball
sec6-res-util-pool-c2m2,,3384,,pool,,3,,605,,894,,582,,3.29396770382e-58,,speech: left
sec6-res-util-pool-c2m2,,3403,,pool,,3,,495,,707,,382,,3.98216260612e-34,,speech: left
sec6-res-util-pool-c2m2,,3415,,pool,,3,,575,,786,,480,,6.30584308946e-46,,speech: left
sec6-res-util-pool-c2m2,,3430,,pool,,3,,561,,784,,483,,2.74477762679e-46,,speech: left
sec6-res-util-pool-c2m2,,3446,,pool,,3,,551,,774,,482,,3.62175579187e-46,,speech: left
sec6-res-util-pool-c2m2,,3461,,pool,,3,,537,,761,,381,,5.25449506076e-34,,speech: left
sec6-res-util-pool-c2m2,,3473,,pool,,3,,532,,751,,379,,9.14860726997e-34,,speech: left
sec6-res-util-pool-c2m2,,3486,,pool,,3,,417,,634,,277,,1.75137363565e-21,,Cannot find cue ball
sec6-res-util-pool-c2m2,,3495,,pool,,3,,449,,723,,380,,6.93334779979e-34,,Cannot find cue bottom
sec6-res-util-pool-c2m2,,3507,,pool,,3,,506,,636,,279,,1.00590000713e-21,,Cannot find cue top
sec6-res-util-pool-c2m2,,3516,,pool,,3,,526,,721,,379,,9.14860726997e-34,,Cannot find cue bottom
sec6-res-util-pool-c2m2,,3549,,pool,,3,,420,,538,,138,,9.56415413777e-05,,Cannot find cue bottom
sec6-res-util-pool-c2m2,,3554,,pool,,3,,558,,762,,466,,3.05851866768e-44,,Cannot find cue bottom
sec6-res-util-pool-c2m2,,3592,,pool,,3,,591,,806,,431,,5.01107698513e-40,,Cannot find cue bottom
sec6-res-util-pool-c2m2,,3605,,pool,,3,,631,,757,,483,,2.74477762679e-46,,Cannot find cue top
sec6-res-util-pool-c2m2,,3621,,pool,,3,,611,,747,,382,,3.98216260612e-34,,Cannot find cue top
sec6-res-util-pool-c2m2,,3633,,pool,,3,,623,,902,,585,,1.43378272002e-58,,Cannot find cue bottom
sec6-res-util-pool-c2m2,,3651,,pool,,3,,508,,711,,378,,1.20716596653e-33,,Cannot find cue bottom
sec6-res-util-pool-c2m2,,3664,,pool,,3,,589,,792,,484,,2.08015246016e-46,,Cannot find cue top
sec6-res-util-pool-c2m2,,3679,,pool,,3,,480,,676,,374,,3.65944290799e-33,,Cannot find cue top
sec6-res-util-pool-c2m2,,3691,,pool,,3,,563,,759,,360,,1.77493703675e-31,,Cannot find cue top
sec6-res-util-pool-c2m2,,3703,,pool,,3,,492,,638,,294,,1.57171876114e-23,,Cannot find cue bottom
sec6-res-util-pool-c2m2,,3713,,pool,,3,,471,,673,,379,,9.14860726997e-34,,Cannot find cue top
sec6-res-util-pool-c2m2,,3725,,pool,,3,,531,,669,,380,,6.93334779979e-34,,Cannot find cue bottom
sec6-res-util-pool-c2m2,,3739,,pool,,3,,499,,694,,344,,1.49890781511e-29,,Cannot find cue ball
sec6-res-util-pool-c2m2,,3750,,pool,,3,,412,,540,,139,,7.24827343564e-05,,Cannot find cue ball
sec6-res-util-pool-c2m2,,3755,,pool,,3,,638,,860,,513,,6.70111725291e-50,,Cannot find cue ball
sec6-res-util-pool-c2m2,,3771,,pool,,3,,609,,816,,486,,1.19473385456e-46,,Cannot find object ball
sec6-res-util-pool-c2m2,,3787,,pool,,3,,412,,708,,382,,3.98216260612e-34,,Cannot find cue ball
sec6-res-util-pool-c2m2,,3799,,pool,,3,,501,,798,,481,,4.77893541826e-46,,Cannot find cue ball
sec6-res-util-pool-c2m2,,3814,,pool,,3,,584,,870,,485,,1.57646077237e-46,,Cannot find object ball
sec6-res-util-pool-c2m2,,3830,,pool,,3,,554,,749,,382,,3.98216260612e-34,,Cannot find cue top
sec6-res-util-pool-c2m2,,3842,,pool,,3,,552,,667,,301,,2.2567884443e-24,,Cannot find cue top
sec6-res-util-pool-c2m2,,3852,,pool,,3,,533,,707,,352,,1.63109380347e-30,,Cannot find cue top
sec6-res-util-pool-c2m2,,3863,,pool,,3,,532,,742,,379,,9.14860726997e-34,,Cannot find cue ball
sec6-res-util-pool-c2m2,,3876,,pool,,3,,545,,751,,379,,9.14860726997e-34,,Cannot find cue bottom
sec6-res-util-pool-c2m2,,3888,,pool,,3,,612,,823,,481,,4.77893541826e-46,,Cannot find cue bottom
sec6-res-util-pool-c2m2,,3903,,pool,,3,,500,,702,,381,,5.25449506076e-34,,Cannot find cue bottom
sec6-res-util-pool-c2m2,,3916,,pool,,3,,510,,712,,381,,5.25449506076e-34,,Cannot find cue ball
sec6-res-util-pool-c2m2,,3928,,pool,,3,,495,,674,,379,,9.14860726997e-34,,Cannot find cue bottom
sec6-res-util-pool-c2m2,,3940,,pool,,3,,478,,680,,381,,5.25449506076e-34,,Cannot find cue bottom
sec6-res-util-pool-c2m2,,3952,,pool,,3,,481,,684,,380,,6.93334779979e-34,,Cannot find cue bottom
sec6-res-util-pool-c2m2,,3965,,pool,,3,,448,,665,,277,,1.75137363565e-21,,Cannot find cue bottom
sec6-res-util-pool-c2m2,,3974,,pool,,3,,641,,848,,483,,2.74477762679e-46,,Cannot find cue bottom
sec6-res-util-pool-c2m2,,3989,,pool,,3,,533,,725,,378,,1.20716596653e-33,,Cannot find cue bottom
sec6-res-util-pool-c2m2,,4002,,pool,,3,,436,,629,,275,,3.04931861012e-21,,Cannot find cue bottom
sec6-res-util-pool-c2m2,,5,,pool,,3,,599,,812,,474,,3.32824393625e-45,,Cannot find cue bottom
sec6-res-util-pool-c2m2,,20,,pool,,3,,500,,632,,277,,1.75137363565e-21,,Cannot find cue bottom
sec6-res-util-pool-c2m2,,29,,pool,,3,,503,,706,,381,,5.25449506076e-34,,Cannot find cue bottom
sec6-res-util-pool-c2m2,,42,,pool,,3,,480,,689,,381,,5.25449506076e-34,,Cannot find cue ball
sec6-res-util-pool-c2m2,,54,,pool,,3,,470,,691,,381,,5.25449506076e-34,,Cannot find cue ball
sec6-res-util-pool-c2m2,,66,,pool,,3,,578,,867,,483,,2.74477762679e-46,,Cannot find cue ball
sec6-res-util-pool-c2m2,,82,,pool,,3,,647,,868,,485,,1.57646077237e-46,,Cannot find object ball
sec6-res-util-pool-c2m2,,97,,pool,,3,,461,,747,,378,,1.20716596653e-33,,Cannot find object ball
sec6-res-util-pool-c2m2,,109,,pool,,3,,547,,764,,490,,3.94115193091e-47,,Cannot find cue ball
sec6-res-util-pool-c2m2,,125,,pool,,3,,515,,727,,378,,1.20716596653e-33,,Cannot find cue ball
sec6-res-util-pool-c2m2,,137,,pool,,3,,414,,621,,378,,1.20716596653e-33,,speech: right
sec6-res-util-pool-c2m2,,149,,pool,,3,,412,,706,,305,,7.44462551298e-25,,speech: right
sec6-res-util-pool-c2m2,,159,,pool,,3,,573,,787,,454,,8.52030447681e-43,,Cannot find cue ball
sec6-res-util-pool-c2m2,,174,,pool,,3,,475,,680,,375,,2.77333911992e-33,,Cannot find object ball
sec6-res-util-pool-c2m2,,186,,pool,,3,,488,,769,,379,,9.14860726997e-34,,Cannot find object ball
sec6-res-util-pool-c2m2,,198,,pool,,3,,413,,664,,277,,1.75137363565e-21,,Cannot find object ball
sec6-res-util-pool-c2m2,,208,,pool,,3,,411,,660,,688,,5.67606709663e-71,,speech: right
sec6-res-util-pool-c2m2,,229,,pool,,3,,531,,676,,381,,5.25449506076e-34,,Cannot find cue bottom
sec6-res-util-pool-c2m2,,241,,pool,,3,,548,,742,,378,,1.20716596653e-33,,Cannot find cue top
sec6-res-util-pool-c2m2,,254,,pool,,3,,612,,820,,481,,4.77893541826e-46,,Cannot find cue bottom
sec6-res-util-pool-c2m2,,269,,pool,,3,,506,,709,,380,,6.93334779979e-34,,Cannot find cue ball
sec6-res-util-pool-c2m2,,297,,pool,,3,,517,,729,,400,,2.70833898429e-36,,Cannot find cue bottom
sec6-res-util-pool-c2m2,,309,,pool,,3,,582,,794,,486,,1.19473385456e-46,,Cannot find cue bottom
sec6-res-util-pool-c2m2,,324,,pool,,3,,477,,694,,378,,1.20716596653e-33,,Cannot find cue bottom
sec6-res-util-pool-c2m2,,341,,pool,,3,,447,,647,,265,,4.87890977618e-20,,Cannot find cue bottom
sec6-res-util-pool-c2m2,,349,,pool,,3,,639,,848,,483,,2.74477762679e-46,,Cannot find cue bottom
sec6-res-util-pool-c2m2,,375,,pool,,3,,419,,703,,348,,4.9445517989e-30,,Cannot find cue bottom
sec6-res-util-pool-c2m2,,386,,pool,,3,,612,,832,,479,,8.32060984064e-46,,Cannot find cue bottom
sec6-res-util-pool-c2m2,,401,,pool,,3,,446,,732,,396,,8.21014853244e-36,,Cannot find cue bottom
sec6-res-util-pool-c2m2,,413,,pool,,3,,514,,790,,471,,7.64629666921e-45,,Cannot find object ball
sec6-res-util-pool-c2m2,,429,,pool,,3,,505,,786,,483,,2.74477762679e-46,,Cannot find cue ball
sec6-res-util-pool-c2m2,,444,,pool,,3,,469,,668,,383,,3.01791491632e-34,,Cannot find object ball
sec6-res-util-pool-c2m2,,457,,pool,,3,,570,,857,,479,,8.32060984064e-46,,Cannot find cue ball
sec6-res-util-pool-c2m2,,472,,pool,,3,,573,,852,,482,,3.62175579187e-46,,Cannot find cue bottom
sec6-res-util-pool-c2m2,,487,,pool,,3,,561,,853,,484,,2.08015246016e-46,,Cannot find cue bottom
sec6-res-util-pool-c2m2,,503,,pool,,3,,526,,821,,482,,3.62175579187e-46,,Cannot find cue bottom
sec6-res-util-pool-c2m2,,518,,pool,,3,,525,,751,,486,,1.19473385456e-46,,Cannot find cue bottom
sec6-res-util-pool-c2m2,,533,,pool,,3,,492,,718,,318,,2.02528841683e-26,,Cannot find cue bottom
sec6-res-util-pool-c2m2,,544,,pool,,3,,569,,858,,545,,9.39643843392e-54,,Cannot find cue ball
sec6-res-util-pool-c2m2,,561,,pool,,3,,412,,596,,195,,1.30967237055e-11,,Cannot find cue bottom
sec6-res-util-pool-c2m2,,568,,pool,,3,,413,,652,,257,,4.48351650727e-19,,Cannot find cue bottom
sec6-res-util-pool-c2m2,,576,,pool,,3,,462,,684,,383,,3.01791491632e-34,,Cannot find cue bottom
sec6-res-util-pool-c2m2,,589,,pool,,3,,463,,667,,278,,1.32729301685e-21,,Cannot find cue bottom
sec6-res-util-pool-c2m2,,598,,pool,,3,,475,,658,,276,,2.31095136696e-21,,Cannot find cue bottom
sec6-res-util-pool-c2m2,,607,,pool,,3,,474,,651,,279,,1.00590000713e-21,,Cannot find cue bottom
sec6-res-util-pool-c2m2,,616,,pool,,3,,535,,762,,484,,2.08015246016e-46,,Cannot find cue ball
sec6-res-util-pool-c2m2,,632,,pool,,3,,533,,732,,378,,1.20716596653e-33,,Cannot find cue bottom
sec6-res-util-pool-c2m2,,644,,pool,,3,,413,,613,,213,,8.90731265561e-14,,Cannot find cue bottom
sec6-res-util-pool-c2m2,,651,,pool,,3,,581,,770,,448,,4.49704366374e-42,,Cannot find cue bottom
sec6-res-util-pool-c2m2,,665,,pool,,3,,500,,696,,381,,5.25449506076e-34,,Cannot find cue bottom
sec6-res-util-pool-c2m2,,678,,pool,,3,,499,,709,,379,,9.14860726997e-34,,Cannot find cue bottom
sec6-res-util-pool-c2m2,,690,,pool,,3,,502,,710,,380,,6.93334779979e-34,,Cannot find cue bottom
sec6-res-util-pool-c2m2,,702,,pool,,3,,493,,708,,382,,3.98216260612e-34,,Cannot find cue bottom
sec6-res-util-pool-c2m2,,715,,pool,,3,,569,,850,,477,,1.44870231675e-45,,Cannot find cue bottom
sec6-res-util-pool-c2m2,,753,,pool,,3,,601,,712,,356,,5.38060294222e-31,,Cannot find cue top
sec6-res-util-pool-c2m2,,764,,pool,,3,,530,,725,,380,,6.93334779979e-34,,Cannot find cue bottom
sec6-res-util-pool-c2m2,,776,,pool,,3,,603,,825,,482,,3.62175579187e-46,,Cannot find cue ball
sec6-res-util-pool-c2m2,,791,,pool,,3,,431,,698,,383,,3.01791491632e-34,,Cannot find cue ball
sec6-res-util-pool-c2m2,,804,,pool,,3,,483,,684,,377,,1.59286504245e-33,,Cannot find cue top
sec6-res-util-pool-c2m2,,824,,pool,,3,,418,,535,,134,,0.000289930937426,,Cannot find cue top
sec6-res-util-pool-c2m2,,828,,pool,,3,,595,,797,,490,,3.94115193091e-47,,Cannot find cue top
sec6-res-util-pool-c2m2,,843,,pool,,3,,559,,753,,380,,6.93334779979e-34,,Cannot find cue top
sec6-res-util-pool-c2m2,,861,,pool,,3,,498,,710,,340,,4.54383881407e-29,,Cannot find cue ball
sec6-res-util-pool-c2m2,,871,,pool,,3,,563,,765,,379,,9.14860726997e-34,,Cannot find cue bottom
sec6-res-util-pool-c2m2,,883,,pool,,3,,552,,826,,484,,2.08015246016e-46,,Cannot find cue ball
sec6-res-util-pool-c2m2,,899,,pool,,3,,529,,817,,480,,6.30584308946e-46,,Cannot find cue bottom
sec6-res-util-pool-c2m2,,914,,pool,,3,,522,,726,,380,,6.93334779979e-34,,Cannot find cue ball
sec6-res-util-pool-c2m2,,926,,pool,,3,,586,,799,,483,,2.74477762679e-46,,Cannot find object ball
sec6-res-util-pool-c2m2,,942,,pool,,3,,492,,704,,377,,1.59286504245e-33,,Cannot find cue ball
sec6-res-util-pool-c2m2,,954,,pool,,3,,565,,781,,380,,6.93334779979e-34,,Cannot find object ball
sec6-res-util-pool-c2m2,,966,,pool,,3,,654,,868,,466,,3.05851866768e-44,,Cannot find cue bottom
sec6-res-util-pool-c2m2,,981,,pool,,3,,412,,669,,296,,9.02715377719e-24,,Cannot find cue bottom
sec6-res-util-pool-c2m2,,991,,pool,,3,,540,,761,,381,,5.25449506076e-34,,Cannot find cue bottom
sec6-res-util-pool-c2m2,,1003,,pool,,3,,430,,656,,280,,7.62329652529e-22,,Cannot find cue ball
sec6-res-util-pool-c2m2,,1013,,pool,,3,,413,,640,,273,,5.30917206741e-21,,Cannot find cue bottom
sec6-res-util-pool-c2m2,,1022,,pool,,3,,612,,837,,484,,2.08015246016e-46,,Cannot find cue bottom
sec6-res-util-pool-c2m2,,1037,,pool,,3,,604,,729,,379,,9.14860726997e-34,,Cannot find cue ball
sec6-res-util-pool-c2m2,,1049,,pool,,3,,489,,617,,216,,3.8771330249e-14,,Cannot find object ball
sec6-res-util-pool-c2m2,,1057,,pool,,3,,451,,650,,329,,9.59301001671e-28,,Cannot find cue ball
sec6-res-util-pool-c2m2,,1068,,pool,,3,,412,,686,,381,,5.25449506076e-34,,Cannot find cue bottom
sec6-res-util-pool-c2m2,,1080,,pool,,3,,573,,796,,475,,2.52233723578e-45,,Cannot find object ball
sec6-res-util-pool-c2m2,,1095,,pool,,3,,580,,867,,483,,2.74477762679e-46,,Cannot find cue ball
sec6-res-util-pool-c2m2,,1111,,pool,,3,,573,,869,,487,,9.05438947967e-47,,Cannot find object ball
sec6-res-util-pool-c2m2,,1126,,pool,,3,,561,,839,,483,,2.74477762679e-46,,Cannot find cue ball
sec6-res-util-pool-c2m2,,1142,,pool,,3,,547,,744,,378,,1.20716596653e-33,,Cannot find cue top
sec6-res-util-pool-c2m2,,1163,,pool,,3,,430,,625,,289,,6.28687504455e-23,,Cannot find cue top
sec6-res-util-pool-c2m2,,1172,,pool,,3,,422,,601,,200,,3.27418092638e-12,,Cannot find cue top
sec6-res-util-pool-c2m2,,1179,,pool,,3,,595,,788,,461,,1.22340746707e-43,,Cannot find cue top
sec6-res-util-pool-c2m2,,1205,,pool,,3,,552,,739,,445,,1.03314933178e-41,,Cannot find cue top
sec6-res-util-pool-c2m2,,1218,,pool,,3,,486,,610,,209,,2.70019227104e-13,,Cannot find cue top
sec6-res-util-pool-c2m2,,1225,,pool,,3,,531,,731,,342,,2.60975008555e-29,,Cannot find cue bottom
sec6-res-util-pool-c2m2,,1251,,pool,,3,,432,,618,,217,,2.9383173782e-14,,Cannot find cue top
sec6-res-util-pool-c2m2,,1257,,pool,,3,,420,,584,,183,,3.64843526374e-10,,Cannot find cue top
sec6-res-util-pool-c2m2,,1264,,pool,,3,,465,,651,,295,,1.19114008208e-23,,Cannot find cue top
sec6-res-util-pool-c2m2,,1292,,pool,,3,,419,,563,,162,,1.23241963327e-07,,Cannot find cue bottom
sec6-res-util-pool-c2m2,,1297,,pool,,3,,644,,846,,526,,1.82301918726e-51,,Cannot find cue bottom
sec6-res-util-pool-c2m2,,1328,,pool,,3,,645,,842,,542,,2.15873467437e-53,,Cannot find cue bottom
sec6-res-util-pool-c2m2,,1344,,pool,,3,,569,,766,,382,,3.98216260612e-34,,Cannot find cue bottom
sec6-res-util-pool-c2m2,,1364,,pool,,3,,419,,542,,140,,5.4931640625e-05,,Cannot find cue bottom
sec6-res-util-pool-c2m2,,1369,,pool,,3,,561,,758,,388,,7.5447872908e-35,,Cannot find cue bottom
sec6-res-util-pool-c2m2,,1381,,pool,,3,,631,,841,,482,,3.62175579187e-46,,Cannot find cue bottom
sec6-res-util-pool-c2m2,,1396,,pool,,3,,556,,832,,893,,1.17378316447e-95,,Cannot find cue bottom
sec6-res-util-pool-c2m2,,1424,,pool,,3,,411,,624,,279,,1.00590000713e-21,,Cannot find cue bottom
sec6-res-util-pool-c2m2,,1433,,pool,,3,,503,,791,,483,,2.74477762679e-46,,Cannot find cue bottom
sec6-res-util-pool-c2m2,,1449,,pool,,3,,593,,819,,484,,2.08015246016e-46,,Cannot find cue bottom
sec6-res-util-pool-c2m2,,1464,,pool,,3,,582,,868,,479,,8.32060984064e-46,,Cannot find cue ball
sec6-res-util-pool-c2m2,,1480,,pool,,3,,555,,764,,383,,3.01791491632e-34,,Cannot find cue bottom
sec6-res-util-pool-c2m2,,1492,,pool,,3,,552,,675,,376,,2.10179802431e-33,,Cannot find cue bottom
sec6-res-util-pool-c2m2,,1504,,pool,,3,,450,,577,,175,,3.35276126862e-09,,Cannot find cue bottom
sec6-res-util-pool-c2m2,,1510,,pool,,3,,640,,851,,484,,2.08015246016e-46,,Cannot find cue bottom
sec6-res-util-pool-c2m2,,1525,,pool,,3,,551,,820,,479,,8.32060984064e-46,,Cannot find cue bottom
sec6-res-util-pool-c2m2,,1541,,pool,,3,,541,,818,,489,,5.2003811504e-47,,Cannot find cue bottom
sec6-res-util-pool-c2m2,,1556,,pool,,3,,589,,792,,477,,1.44870231675e-45,,Cannot find cue bottom
sec6-res-util-pool-c2m2,,1572,,pool,,3,,484,,701,,379,,9.14860726997e-34,,Cannot find cue bottom
sec6-res-util-pool-c2m2,,1584,,pool,,3,,587,,814,,485,,1.57646077237e-46,,Cannot find cue bottom
sec6-res-util-pool-c2m2,,1599,,pool,,3,,577,,778,,389,,5.71787954373e-35,,Cannot find cue bottom
sec6-res-util-pool-c2m2,,1612,,pool,,3,,652,,873,,484,,2.08015246016e-46,,Cannot find cue bottom
sec6-res-util-pool-c2m2,,1627,,pool,,3,,653,,949,,582,,3.29396770382e-58,,speech: right
sec6-res-util-pool-c2m2,,1645,,pool,,3,,427,,544,,142,,3.15499426116e-05,,Cannot find cue bottom
sec6-res-util-pool-c2m2,,1650,,pool,,3,,411,,560,,158,,3.73599771007e-07,,Cannot find cue top
sec6-res-util-pool-c2m2,,1656,,pool,,3,,501,,683,,328,,1.26580526052e-27,,Cannot find cue top
sec6-res-util-pool-c2m2,,1672,,pool,,3,,561,,758,,433,,2.87810794479e-40,,Cannot find cue top
sec6-res-util-pool-c2m2,,1685,,pool,,3,,525,,721,,376,,2.10179802431e-33,,Cannot find cue top
sec6-res-util-pool-c2m2,,1698,,pool,,3,,516,,701,,377,,1.59286504245e-33,,Cannot find cue top
sec6-res-util-pool-c2m2,,1710,,pool,,3,,412,,684,,382,,3.98216260612e-34,,Cannot find cue bottom
sec6-res-util-pool-c2m2,,1722,,pool,,3,,468,,686,,380,,6.93334779979e-34,,Cannot find cue ball
sec6-res-util-pool-c2m2,,1734,,pool,,3,,468,,688,,380,,6.93334779979e-34,,Cannot find cue bottom
sec6-res-util-pool-c2m2,,1747,,pool,,3,,484,,749,,379,,9.14860726997e-34,,Cannot find cue ball
sec6-res-util-pool-c2m2,,1759,,pool,,3,,554,,776,,397,,6.22212907207e-36,,Cannot find cue ball
sec6-res-util-pool-c2m2,,1771,,pool,,3,,651,,869,,499,,3.250238219e-48,,Cannot find cue bottom
sec6-res-util-pool-c2m2,,1787,,pool,,3,,637,,821,,485,,1.57646077237e-46,,Cannot find cue bottom
sec6-res-util-pool-c2m2,,1802,,pool,,3,,603,,811,,479,,8.32060984064e-46,,Cannot find cue bottom
sec6-res-util-pool-c2m2,,1817,,pool,,3,,601,,821,,481,,4.77893541826e-46,,Cannot find cue bottom
sec6-res-util-pool-c2m2,,1833,,pool,,3,,575,,798,,481,,4.77893541826e-46,,Cannot find cue bottom
sec6-res-util-pool-c2m2,,1848,,pool,,3,,502,,787,,484,,2.08015246016e-46,,speech: good
sec6-res-util-pool-c2m2,,1863,,pool,,3,,486,,761,,382,,3.98216260612e-34,,Cannot find cue bottom
