sec6-res-util-pool-c2m2,,402,,pool,,3,,466,,613,,219,,1.6876201694e-14,,Cannot find cue bottom
sec6-res-util-pool-c2m2,,408,,pool,,3,,548,,837,,451,,1.95745194732e-42,,Cannot find object ball
sec6-res-util-pool-c2m2,,422,,pool,,3,,463,,681,,394,,1.42946988593e-35,,Cannot find object ball
sec6-res-util-pool-c2m2,,435,,pool,,3,,409,,676,,294,,1.57171876114e-23,,Cannot find cue ball
sec6-res-util-pool-c2m2,,444,,pool,,3,,478,,764,,397,,6.22212907207e-36,,Cannot find object ball
sec6-res-util-pool-c2m2,,456,,pool,,3,,463,,653,,296,,9.02715377719e-24,,Cannot find cue ball
sec6-res-util-pool-c2m2,,465,,pool,,3,,410,,624,,294,,1.57171876114e-23,,Cannot find cue ball
sec6-res-util-pool-c2m2,,475,,pool,,3,,525,,722,,395,,1.08333559372e-35,,Cannot find cue ball
sec6-res-util-pool-c2m2,,487,,pool,,3,,426,,616,,295,,1.19114008208e-23,,Cannot find cue bottom
sec6-res-util-pool-c2m2,,496,,pool,,3,,516,,734,,396,,8.21014853244e-36,,Cannot find cue bottom
sec6-res-util-pool-c2m2,,508,,pool,,3,,604,,835,,500,,2.46321995682e-48,,Cannot find cue ball
sec6-res-util-pool-c2m2,,524,,pool,,3,,500,,785,,501,,1.86677164776e-48,,Cannot find cue bottom
sec6-res-util-pool-c2m2,,539,,pool,,3,,410,,683,,396,,8.21014853244e-36,,Cannot find object ball
sec6-res-util-pool-c2m2,,551,,pool,,3,,407,,680,,294,,1.57171876114e-23,,Cannot find cue bottom
sec6-res-util-pool-c2m2,,561,,pool,,3,,555,,776,,396,,8.21014853244e-36,,Cannot find cue bottom
sec6-res-util-pool-c2m2,,573,,pool,,3,,575,,848,,502,,1.4147483562e-48,,Cannot find cue bottom
sec6-res-util-pool-c2m2,,588,,pool,,3,,530,,755,,395,,1.08333559372e-35,,Cannot find cue bottom
sec6-res-util-pool-c2m2,,601,,pool,,3,,628,,853,,501,,1.86677164776e-48,,Cannot find cue bottom
sec6-res-util-pool-c2m2,,616,,pool,,3,,534,,817,,500,,2.46321995682e-48,,Cannot find cue ball
sec6-res-util-pool-c2m2,,631,,pool,,3,,515,,714,,396,,8.21014853244e-36,,Cannot find cue bottom
sec6-res-util-pool-c2m2,,644,,pool,,3,,507,,716,,396,,8.21014853244e-36,,Cannot find cue bottom
sec6-res-util-pool-c2m2,,656,,pool,,3,,587,,788,,501,,1.86677164776e-48,,Cannot find cue bottom
sec6-res-util-pool-c2m2,,671,,pool,,3,,466,,685,,394,,1.42946988593e-35,,Cannot find cue bottom
sec6-res-util-pool-c2m2,,684,,pool,,3,,483,,680,,397,,6.22212907207e-36,,Cannot find cue bottom
sec6-res-util-pool-c2m2,,696,,pool,,3,,547,,759,,400,,2.70833898429e-36,,Cannot find cue bottom
sec6-res-util-pool-c2m2,,708,,pool,,3,,567,,766,,396,,8.21014853244e-36,,Cannot find cue bottom
sec6-res-util-pool-c2m2,,720,,pool,,3,,645,,929,,599,,2.95607443968e-60,,Cannot find cue bottom
sec6-res-util-pool-c2m2,,739,,pool,,3,,546,,754,,497,,5.65899342479e-48,,Cannot find cue bottom
sec6-res-util-pool-c2m2,,754,,pool,,3,,528,,728,,398,,4.71549205675e-36,,Cannot find cue top
sec6-res-util-pool-c2m2,,766,,pool,,3,,514,,713,,397,,6.22212907207e-36,,Cannot find cue bottom
sec6-res-util-pool-c2m2,,779,,pool,,3,,486,,610,,215,,5.11590769747e-14,,Cannot find cue ball
sec6-res-util-pool-c2m2,,786,,pool,,3,,470,,573,,178,,1.4593741055e-09,,Cannot find cue top
sec6-res-util-pool-c2m2,,791,,pool,,3,,573,,704,,389,,5.71787954373e-35,,Cannot find cue ball
sec6-res-util-pool-c2m2,,803,,pool,,3,,570,,768,,396,,8.21014853244e-36,,Cannot find cue top
sec6-res-util-pool-c2m2,,816,,pool,,3,,559,,693,,399,,3.57367471483e-36,,Cannot find cue top
sec6-res-util-pool-c2m2,,828,,pool,,3,,568,,761,,395,,1.08333559372e-35,,Cannot find cue top
sec6-res-util-pool-c2m2,,840,,pool,,3,,558,,762,,395,,1.08333559372e-35,,Cannot find cue top
sec6-res-util-pool-c2m2,,852,,pool,,3,,613,,831,,487,,9.05438947967e-47,,Cannot find cue bottom
sec6-res-util-pool-c2m2,,868,,pool,,3,,522,,732,,396,,8.21014853244e-36,,Cannot find cue ball
sec6-res-util-pool-c2m2,,880,,pool,,3,,522,,803,,499,,3.250238219e-48,,speech: right
sec6-res-util-pool-c2m2,,895,,pool,,3,,424,,698,,396,,8.21014853244e-36,,Cannot find cue bottom
sec6-res-util-pool-c2m2,,908,,pool,,3,,500,,781,,596,,6.79127569222e-60,,Cannot find cue ball
sec6-res-util-pool-c2m2,,926,,pool,,3,,465,,666,,292,,2.7365213057e-23,,Cannot find object ball
sec6-res-util-pool-c2m2,,935,,pool,,3,,474,,590,,195,,1.30967237055e-11,,Cannot find cue ball
sec6-res-util-pool-c2m2,,942,,pool,,3,,551,,749,,390,,4.33334237487e-35,,Cannot find cue ball
sec6-res-util-pool-c2m2,,954,,pool,,3,,559,,751,,395,,1.08333559372e-35,,Cannot find object ball
sec6-res-util-pool-c2m2,,966,,pool,,3,,443,,736,,393,,1.8861968227e-35,,Cannot find cue bottom
sec6-res-util-pool-c2m2,,978,,pool,,3,,531,,764,,397,,6.22212907207e-36,,Cannot find cue bottom
sec6-res-util-pool-c2m2,,991,,pool,,3,,531,,818,,495,,9.85287982728e-48,,Cannot find cue bottom
sec6-res-util-pool-c2m2,,1006,,pool,,3,,523,,818,,495,,9.85287982728e-48,,Cannot find cue bottom
sec6-res-util-pool-c2m2,,1021,,pool,,3,,597,,813,,499,,3.250238219e-48,,Cannot find cue bottom
sec6-res-util-pool-c2m2,,1037,,pool,,3,,599,,887,,596,,6.79127569222e-60,,Cannot find cue ball
sec6-res-util-pool-c2m2,,1055,,pool,,3,,486,,773,,395,,1.08333559372e-35,,Cannot find cue ball
sec6-res-util-pool-c2m2,,1067,,pool,,3,,574,,854,,497,,5.65899342479e-48,,Cannot find cue bottom
sec6-res-util-pool-c2m2,,1083,,pool,,3,,460,,651,,295,,1.19114008208e-23,,Cannot find object ball
sec6-res-util-pool-c2m2,,1092,,pool,,3,,473,,663,,268,,2.12366882696e-20,,Cannot find cue ball
sec6-res-util-pool-c2m2,,1101,,pool,,3,,652,,876,,523,,4.18819828307e-51,,Cannot find object ball
sec6-res-util-pool-c2m2,,1117,,pool,,3,,529,,740,,394,,1.42946988593e-35,,Cannot find object ball
sec6-res-util-pool-c2m2,,1129,,pool,,3,,522,,742,,396,,8.21014853244e-36,,Cannot find cue ball
sec6-res-util-pool-c2m2,,1141,,pool,,3,,519,,730,,397,,6.22212907207e-36,,Cannot find cue bottom
sec6-res-util-pool-c2m2,,1154,,pool,,3,,590,,791,,501,,1.86677164776e-48,,Cannot find cue top
sec6-res-util-pool-c2m2,,1169,,pool,,3,,412,,598,,203,,1.4251700249e-12,,Cannot find cue top
sec6-res-util-pool-c2m2,,1175,,pool,,3,,581,,776,,484,,2.08015246016e-46,,Cannot find cue top
sec6-res-util-pool-c2m2,,1190,,pool,,3,,468,,664,,294,,1.57171876114e-23,,Cannot find cue top
sec6-res-util-pool-c2m2,,1200,,pool,,3,,550,,760,,394,,1.42946988593e-35,,Cannot find cue bottom
sec6-res-util-pool-c2m2,,1212,,pool,,3,,541,,677,,291,,3.61086151088e-23,,Cannot find cue top
sec6-res-util-pool-c2m2,,1221,,pool,,3,,636,,837,,498,,4.28871504187e-48,,Cannot find cue bottom
sec6-res-util-pool-c2m2,,1237,,pool,,3,,535,,731,,394,,1.42946988593e-35,,Cannot find cue bottom
sec6-res-util-pool-c2m2,,1249,,pool,,3,,542,,717,,394,,1.42946988593e-35,,Cannot find cue top
sec6-res-util-pool-c2m2,,1261,,pool,,3,,504,,614,,293,,2.07389533883e-23,,Cannot find cue top
sec6-res-util-pool-c2m2,,1270,,pool,,3,,507,,701,,306,,5.64197111074e-25,,Cannot find cue bottom
sec6-res-util-pool-c2m2,,1280,,pool,,3,,595,,875,,585,,1.43378272002e-58,,Cannot find cue bottom
sec6-res-util-pool-c2m2,,1298,,pool,,3,,475,,617,,296,,9.02715377719e-24,,Cannot find cue bottom
sec6-res-util-pool-c2m2,,1307,,pool,,3,,570,,775,,392,,2.48885162883e-35,,Cannot find cue bottom
sec6-res-util-pool-c2m2,,1319,,pool,,3,,568,,767,,406,,5.13134283278e-37,,Cannot find cue bottom
sec6-res-util-pool-c2m2,,1332,,pool,,3,,639,,842,,487,,9.05438947967e-47,,Cannot find cue bottom
sec6-res-util-pool-c2m2,,1347,,pool,,3,,557,,773,,393,,1.8861968227e-35,,Cannot find cue bottom
sec6-res-util-pool-c2m2,,1359,,pool,,3,,638,,855,,498,,4.28871504187e-48,,Cannot find cue bottom
sec6-res-util-pool-c2m2,,1375,,pool,,3,,545,,741,,394,,1.42946988593e-35,,Cannot find cue bottom
sec6-res-util-pool-c2m2,,1387,,pool,,3,,438,,617,,292,,2.7365213057e-23,,Cannot find cue bottom
sec6-res-util-pool-c2m2,,1396,,pool,,3,,520,,735,,396,,8.21014853244e-36,,Cannot find cue bottom
sec6-res-util-pool-c2m2,,1408,,pool,,3,,612,,902,,601,,1.69781892305e-60,,Cannot find cue bottom
sec6-res-util-pool-c2m2,,1427,,pool,,3,,574,,797,,499,,3.250238219e-48,,Cannot find cue bottom
sec6-res-util-pool-c2m2,,1442,,pool,,3,,569,,797,,499,,3.250238219e-48,,Cannot find cue bottom
sec6-res-util-pool-c2m2,,1458,,pool,,3,,561,,856,,498,,4.28871504187e-48,,Cannot find cue ball
sec6-res-util-pool-c2m2,,1473,,pool,,3,,560,,845,,498,,4.28871504187e-48,,Cannot find cue bottom
sec6-res-util-pool-c2m2,,1488,,pool,,3,,526,,741,,395,,1.08333559372e-35,,Cannot find cue bottom
sec6-res-util-pool-c2m2,,1501,,pool,,3,,536,,817,,501,,1.86677164776e-48,,Cannot find cue bottom
sec6-res-util-pool-c2m2,,1516,,pool,,3,,501,,723,,328,,1.26580526052e-27,,Cannot find cue bottom
sec6-res-util-pool-c2m2,,1526,,pool,,3,,572,,762,,459,,2.1300761192e-43,,Cannot find cue bottom
sec6-res-util-pool-c2m2,,1541,,pool,,3,,420,,699,,395,,1.08333559372e-35,,Cannot find cue bottom
sec6-res-util-pool-c2m2,,1553,,pool,,3,,488,,699,,395,,1.08333559372e-35,,Cannot find cue bottom
sec6-res-util-pool-c2m2,,1565,,pool,,3,,580,,788,,499,,3.250238219e-48,,Cannot find cue bottom
sec6-res-util-pool-c2m2,,1581,,pool,,3,,567,,773,,378,,1.20716596653e-33,,Cannot find cue bottom
sec6-res-util-pool-c2m2,,1592,,pool,,3,,661,,880,,509,,2.03139888687e-49,,Cannot find cue bottom
sec6-res-util-pool-c2m2,,1608,,pool,,3,,635,,850,,494,,1.3000952876e-47,,Cannot find cue bottom
sec6-res-util-pool-c2m2,,1624,,pool,,3,,562,,844,,500,,2.46321995682e-48,,Cannot find cue ball
sec6-res-util-pool-c2m2,,1639,,pool,,3,,513,,658,,395,,1.08333559372e-35,,Cannot find cue top
sec6-res-util-pool-c2m2,,1651,,pool,,3,,513,,703,,396,,8.21014853244e-36,,Cannot find cue top
sec6-res-util-pool-c2m2,,1663,,pool,,3,,426,,700,,395,,1.08333559372e-35,,Cannot find cue bottom
sec6-res-util-pool-c2m2,,1676,,pool,,3,,483,,684,,394,,1.42946988593e-35,,Cannot find cue top
sec6-res-util-pool-c2m2,,1688,,pool,,3,,407,,573,,178,,1.4593741055e-09,,Cannot find cue top
sec6-res-util-pool-c2m2,,1694,,pool,,3,,594,,794,,509,,2.03139888687e-49,,Cannot find cue top
sec6-res-util-pool-c2m2,,1710,,pool,,3,,570,,855,,494,,1.3000952876e-47,,Cannot find cue bottom
sec6-res-util-pool-c2m2,,1725,,pool,,3,,548,,762,,498,,4.28871504187e-48,,Cannot find cue bottom
sec6-res-util-pool-c2m2,,1740,,pool,,3,,534,,755,,391,,3.28405941298e-35,,Cannot find cue bottom
sec6-res-util-pool-c2m2,,1753,,pool,,3,,554,,834,,498,,4.28871504187e-48,,speech: right
sec6-res-util-pool-c2m2,,1768,,pool,,3,,511,,729,,396,,8.21014853244e-36,,Cannot find cue bottom
sec6-res-util-pool-c2m2,,1780,,pool,,3,,503,,719,,397,,6.22212907207e-36,,Cannot find cue bottom
sec6-res-util-pool-c2m2,,1793,,pool,,3,,498,,718,,395,,1.08333559372e-35,,Cannot find cue bottom
sec6-res-util-pool-c2m2,,1805,,pool,,3,,492,,722,,395,,1.08333559372e-35,,Cannot find cue bottom
sec6-res-util-pool-c2m2,,1817,,pool,,3,,557,,776,,488,,6.86194406698e-47,,Cannot find cue bottom
sec6-res-util-pool-c2m2,,1832,,pool,,3,,483,,667,,291,,3.61086151088e-23,,Cannot find cue bottom
sec6-res-util-pool-c2m2,,1842,,pool,,3,,483,,683,,396,,8.21014853244e-36,,speech: good
sec6-res-util-pool-c2m2,,1854,,pool,,3,,545,,755,,397,,6.22212907207e-36,,speech: good
sec6-res-util-pool-c2m2,,1866,,pool,,3,,551,,831,,499,,3.250238219e-48,,speech: right
sec6-res-util-pool-c2m2,,1882,,pool,,3,,539,,760,,496,,7.46708659103e-48,,Cannot find cue bottom
sec6-res-util-pool-c2m2,,1897,,pool,,3,,527,,811,,496,,7.46708659103e-48,,Cannot find cue bottom
sec6-res-util-pool-c2m2,,1912,,pool,,3,,527,,796,,496,,7.46708659103e-48,,Cannot find cue bottom
sec6-res-util-pool-c2m2,,1928,,pool,,3,,512,,790,,497,,5.65899342479e-48,,Cannot find cue bottom
sec6-res-util-pool-c2m2,,1943,,pool,,3,,485,,773,,391,,3.28405941298e-35,,Cannot find cue bottom
sec6-res-util-pool-c2m2,,1955,,pool,,3,,561,,697,,396,,8.21014853244e-36,,Cannot find cue bottom
sec6-res-util-pool-c2m2,,1968,,pool,,3,,554,,770,,395,,1.08333559372e-35,,Cannot find cue bottom
sec6-res-util-pool-c2m2,,1980,,pool,,3,,564,,751,,395,,1.08333559372e-35,,Cannot find cue bottom
sec6-res-util-pool-c2m2,,1992,,pool,,3,,445,,649,,294,,1.57171876114e-23,,Cannot find cue bottom
sec6-res-util-pool-c2m2,,2001,,pool,,3,,551,,761,,393,,1.8861968227e-35,,Cannot find object ball
sec6-res-util-pool-c2m2,,2014,,pool,,3,,622,,819,,501,,1.86677164776e-48,,Cannot find cue bottom
sec6-res-util-pool-c2m2,,2029,,pool,,3,,509,,632,,291,,3.61086151088e-23,,Cannot find cue top
sec6-res-util-pool-c2m2,,2038,,pool,,3,,595,,798,,497,,5.65899342479e-48,,Cannot find cue top
sec6-res-util-pool-c2m2,,2054,,pool,,3,,510,,693,,397,,6.22212907207e-36,,Cannot find cue top
sec6-res-util-pool-c2m2,,2066,,pool,,3,,411,,606,,294,,1.57171876114e-23,,Cannot find cue top
sec6-res-util-pool-c2m2,,2075,,pool,,3,,407,,583,,187,,1.20353479811e-10,,Cannot find cue top
sec6-res-util-pool-c2m2,,2081,,pool,,3,,562,,772,,391,,3.28405941298e-35,,Cannot find cue bottom
sec6-res-util-pool-c2m2,,2094,,pool,,3,,577,,857,,599,,2.95607443968e-60,,Cannot find cue bottom
sec6-res-util-pool-c2m2,,2112,,pool,,3,,469,,671,,498,,4.28871504187e-48,,Cannot find cue top
sec6-res-util-pool-c2m2,,2127,,pool,,3,,558,,726,,395,,1.08333559372e-35,,Cannot find cue top
sec6-res-util-pool-c2m2,,2140,,pool,,3,,518,,626,,288,,8.29558135533e-23,,Cannot find cue top
sec6-res-util-pool-c2m2,,2149,,pool,,3,,509,,645,,295,,1.19114008208e-23,,Cannot find cue top
sec6-res-util-pool-c2m2,,2158,,pool,,3,,615,,804,,494,,1.3000952876e-47,,Cannot find cue top
sec6-res-util-pool-c2m2,,2173,,pool,,3,,517,,794,,497,,5.65899342479e-48,,Cannot find cue ball
sec6-res-util-pool-c2m2,,2189,,pool,,3,,499,,702,,395,,1.08333559372e-35,,Cannot find cue ball
sec6-res-util-pool-c2m2,,2201,,pool,,3,,568,,781,,496,,7.46708659103e-48,,Cannot find cue ball
sec6-res-util-pool-c2m2,,2216,,pool,,3,,483,,763,,395,,1.08333559372e-35,,Cannot find cue bottom
sec6-res-util-pool-c2m2,,2229,,pool,,3,,573,,844,,495,,9.85287982728e-48,,Cannot find cue ball
sec6-res-util-pool-c2m2,,2244,,pool,,3,,470,,745,,397,,6.22212907207e-36,,Cannot find object ball
sec6-res-util-pool-c2m2,,2256,,pool,,3,,551,,829,,495,,9.85287982728e-48,,Cannot find object ball
sec6-res-util-pool-c2m2,,2272,,pool,,3,,529,,752,,496,,7.46708659103e-48,,Cannot find cue ball
sec6-res-util-pool-c2m2,,2287,,pool,,3,,414,,539,,144,,1.81206835891e-05,,Cannot find cue ball
sec6-res-util-pool-c2m2,,2292,,pool,,3,,549,,756,,438,,7.19526986198e-41,,Cannot find cue ball
sec6-res-util-pool-c2m2,,2306,,pool,,3,,520,,793,,499,,3.250238219e-48,,Cannot find cue ball
sec6-res-util-pool-c2m2,,2321,,pool,,3,,487,,690,,392,,2.48885162883e-35,,Cannot find cue ball
sec6-res-util-pool-c2m2,,2333,,pool,,3,,496,,781,,386,,1.31362376519e-34,,Cannot find cue ball
sec6-res-util-pool-c2m2,,2345,,pool,,3,,565,,785,,404,,8.93418678708e-37,,Cannot find cue ball
sec6-res-util-pool-c2m2,,2358,,pool,,3,,570,,859,,496,,7.46708659103e-48,,speech: left
sec6-res-util-pool-c2m2,,2373,,pool,,3,,557,,774,,498,,4.28871504187e-48,,Cannot find object ball
sec6-res-util-pool-c2m2,,2389,,pool,,3,,519,,729,,394,,1.42946988593e-35,,speech: left
sec6-res-util-pool-c2m2,,2401,,pool,,3,,533,,744,,496,,7.46708659103e-48,,Cannot find cue ball
sec6-res-util-pool-c2m2,,2416,,pool,,3,,510,,734,,396,,8.21014853244e-36,,Cannot find object ball
sec6-res-util-pool-c2m2,,2428,,pool,,3,,509,,789,,496,,7.46708659103e-48,,Cannot find cue ball
sec6-res-util-pool-c2m2,,2444,,pool,,3,,507,,714,,395,,1.08333559372e-35,,Cannot find cue top
sec6-res-util-pool-c2m2,,2456,,pool,,3,,592,,796,,499,,3.250238219e-48,,Cannot find cue top
sec6-res-util-pool-c2m2,,2471,,pool,,3,,573,,781,,496,,7.46708659103e-48,,Cannot find cue bottom
sec6-res-util-pool-c2m2,,2487,,pool,,3,,561,,748,,395,,1.08333559372e-35,,Cannot find cue top
sec6-res-util-pool-c2m2,,2499,,pool,,3,,555,,744,,395,,1.08333559372e-35,,Cannot find cue top
sec6-res-util-pool-c2m2,,2511,,pool,,3,,528,,664,,291,,3.61086151088e-23,,Cannot find cue top
sec6-res-util-pool-c2m2,,2521,,pool,,3,,527,,719,,324,,3.83720400669e-27,,Cannot find cue top
sec6-res-util-pool-c2m2,,2531,,pool,,3,,585,,781,,463,,7.02663072459e-44,,Cannot find cue top
sec6-res-util-pool-c2m2,,2545,,pool,,3,,605,,732,,393,,1.8861968227e-35,,Cannot find cue top
sec6-res-util-pool-c2m2,,2557,,pool,,3,,593,,795,,496,,7.46708659103e-48,,Cannot find cue bottom
sec6-res-util-pool-c2m2,,2573,,pool,,3,,482,,687,,394,,1.42946988593e-35,,Cannot find cue bottom
sec6-res-util-pool-c2m2,,2585,,pool,,3,,470,,602,,207,,4.70130780512e-13,,Cannot find cue bottom
sec6-res-util-pool-c2m2,,2592,,pool,,3,,549,,669,,378,,1.20716596653e-33,,Cannot find cue bottom
sec6-res-util-pool-c2m2,,2603,,pool,,3,,553,,756,,394,,1.42946988593e-35,,Cannot find cue top
sec6-res-util-pool-c2m2,,2616,,pool,,3,,548,,747,,393,,1.8861968227e-35,,Cannot find cue bottom
sec6-res-util-pool-c2m2,,2628,,pool,,3,,553,,780,,496,,7.46708659103e-48,,Cannot find cue bottom
sec6-res-util-pool-c2m2,,2643,,pool,,3,,529,,752,,395,,1.08333559372e-35,,Cannot find cue bottom
sec6-res-util-pool-c2m2,,2656,,pool,,3,,610,,825,,487,,9.05438947967e-47,,Cannot find cue bottom
sec6-res-util-pool-c2m2,,2671,,pool,,3,,529,,728,,394,,1.42946988593e-35,,Cannot find cue top
sec6-res-util-pool-c2m2,,2683,,pool,,3,,512,,707,,396,,8.21014853244e-36,,Cannot find cue top
sec6-res-util-pool-c2m2,,2696,,pool,,3,,503,,713,,396,,8.21014853244e-36,,Cannot find cue top
sec6-res-util-pool-c2m2,,2708,,pool,,3,,496,,697,,396,,8.21014853244e-36,,Cannot find cue top
sec6-res-util-pool-c2m2,,2720,,pool,,3,,582,,796,,496,,7.46708659103e-48,,Cannot find cue bottom
sec6-res-util-pool-c2m2,,2736,,pool,,3,,552,,672,,293,,2.07389533883e-23,,Cannot find cue top
sec6-res-util-pool-c2m2,,2745,,pool,,3,,547,,736,,387,,9.95540651531e-35,,Cannot find cue top
sec6-res-util-pool-c2m2,,2757,,pool,,3,,559,,758,,394,,1.42946988593e-35,,Cannot find cue bottom
sec6-res-util-pool-c2m2,,2769,,pool,,3,,648,,847,,495,,9.85287982728e-48,,Cannot find cue top
sec6-res-util-pool-c2m2,,2785,,pool,,3,,626,,839,,489,,5.2003811504e-47,,Cannot find cue ball
sec6-res-util-pool-c2m2,,2800,,pool,,3,,526,,809,,414,,5.58386674192e-38,,speech: right
sec6-res-util-pool-c2m2,,2813,,pool,,3,,597,,890,,587,,8.23491925955e-59,,speech: left
sec6-res-util-pool-c2m2,,2831,,pool,,3,,583,,802,,498,,4.28871504187e-48,,Cannot find cue ball
sec6-res-util-pool-c2m2,,2846,,pool,,3,,571,,794,,496,,7.46708659103e-48,,speech: left
sec6-res-util-pool-c2m2,,2862,,pool,,3,,567,,864,,496,,7.46708659103e-48,,speech: left
sec6-res-util-pool-c2m2,,2877,,pool,,3,,578,,767,,396,,8.21014853244e-36,,Cannot find cue ball
sec6-res-util-pool-c2m2,,2889,,pool,,3,,532,,747,,393,,1.8861968227e-35,,Cannot find cue ball
sec6-res-util-pool-c2m2,,2901,,pool,,3,,533,,740,,393,,1.8861968227e-35,,Cannot find cue ball
sec6-res-util-pool-c2m2,,2914,,pool,,3,,529,,815,,500,,2.46321995682e-48,,speech: right
sec6-res-util-pool-c2m2,,2929,,pool,,3,,417,,701,,394,,1.42946988593e-35,,speech: left
sec6-res-util-pool-c2m2,,2941,,pool,,3,,416,,692,,392,,2.48885162883e-35,,Cannot find cue ball
sec6-res-util-pool-c2m2,,2954,,pool,,3,,480,,694,,394,,1.42946988593e-35,,Cannot find cue ball
sec6-res-util-pool-c2m2,,2966,,pool,,3,,492,,783,,498,,4.28871504187e-48,,speech: left
sec6-res-util-pool-c2m2,,2981,,pool,,3,,481,,699,,394,,1.42946988593e-35,,Cannot find cue bottom
sec6-res-util-pool-c2m2,,2994,,pool,,3,,551,,667,,289,,6.28687504455e-23,,Cannot find cue top
sec6-res-util-pool-c2m2,,3003,,pool,,3,,570,,761,,396,,8.21014853244e-36,,Cannot find cue bottom
sec6-res-util-pool-c2m2,,3015,,pool,,3,,563,,836,,497,,5.65899342479e-48,,Cannot find cue bottom
sec6-res-util-pool-c2m2,,3031,,pool,,3,,524,,647,,294,,1.57171876114e-23,,Cannot find cue ball
sec6-res-util-pool-c2m2,,3040,,pool,,3,,512,,644,,290,,4.76456032831e-23,,Cannot find cue bottom
sec6-res-util-pool-c2m2,,3049,,pool,,3,,428,,635,,293,,2.07389533883e-23,,Cannot find cue bottom
sec6-res-util-pool-c2m2,,3058,,pool,,3,,523,,724,,396,,8.21014853244e-36,,Cannot find cue ball
sec6-res-util-pool-c2m2,,3071,,pool,,3,,595,,797,,495,,9.85287982728e-48,,Cannot find cue bottom
sec6-res-util-pool-c2m2,,3086,,pool,,3,,501,,714,,394,,1.42946988593e-35,,Cannot find cue bottom
sec6-res-util-pool-c2m2,,3098,,pool,,3,,577,,770,,396,,8.21014853244e-36,,Cannot find cue top
sec6-res-util-pool-c2m2,,3110,,pool,,3,,564,,760,,398,,4.71549205675e-36,,Cannot find cue top
sec6-res-util-pool-c2m2,,3123,,pool,,3,,559,,748,,393,,1.8861968227e-35,,Cannot find cue top
sec6-res-util-pool-c2m2,,3135,,pool,,3,,635,,772,,390,,4.33334237487e-35,,Cannot find cue top
sec6-res-util-pool-c2m2,,3147,,pool,,3,,652,,833,,498,,4.28871504187e-48,,Cannot find cue top
sec6-res-util-pool-c2m2,,3163,,pool,,3,,546,,724,,396,,8.21014853244e-36,,Cannot find cue top
sec6-res-util-pool-c2m2,,3175,,pool,,3,,610,,745,,392,,2.48885162883e-35,,Cannot find cue bottom
sec6-res-util-pool-c2m2,,3187,,pool,,3,,498,,613,,294,,1.57171876114e-23,,Cannot find cue bottom
sec6-res-util-pool-c2m2,,3196,,pool,,3,,488,,611,,215,,5.11590769747e-14,,Cannot find cue bottom
sec6-res-util-pool-c2m2,,3203,,pool,,3,,570,,699,,468,,1.75665768115e-44,,Cannot find cue top
sec6-res-util-pool-c2m2,,3218,,pool,,3,,407,,615,,291,,3.61086151088e-23,,Cannot find cue bottom
sec6-res-util-pool-c2m2,,3227,,pool,,3,,480,,696,,394,,1.42946988593e-35,,Cannot find cue ball
sec6-res-util-pool-c2m2,,3239,,pool,,3,,478,,685,,395,,1.08333559372e-35,,Cannot find cue ball
sec6-res-util-pool-c2m2,,3252,,pool,,3,,472,,750,,356,,5.38060294222e-31,,speech: right
sec6-res-util-pool-c2m2,,3263,,pool,,3,,579,,796,,433,,2.87810794479e-40,,Cannot find cue ball
sec6-res-util-pool-c2m2,,3276,,pool,,3,,628,,850,,497,,5.65899342479e-48,,Cannot find cue ball
sec6-res-util-pool-c2m2,,3292,,pool,,3,,622,,841,,495,,9.85287982728e-48,,Cannot find object ball
sec6-res-util-pool-c2m2,,3307,,pool,,3,,531,,811,,497,,5.65899342479e-48,,Cannot find object ball
sec6-res-util-pool-c2m2,,3322,,pool,,3,,516,,794,,497,,5.65899342479e-48,,Cannot find object ball
sec6-res-util-pool-c2m2,,3338,,pool,,3,,419,,599,,204,,1.08007690842e-12,,Cannot find object ball
sec6-res-util-pool-c2m2,,3344,,pool,,3,,566,,863,,469,,1.3312975745e-44,,Cannot find object ball
sec6-res-util-pool-c2m2,,3359,,pool,,3,,581,,786,,412,,9.7220766751e-38,,Cannot find object ball
sec6-res-util-pool-c2m2,,3372,,pool,,3,,553,,773,,396,,8.21014853244e-36,,Cannot find cue ball
sec6-res-util-pool-c2m2,,3384,,pool,,3,,650,,946,,599,,2.95607443968e-60,,speech: left
sec6-res-util-pool-c2m2,,3402,,pool,,3,,538,,830,,499,,3.250238219e-48,,speech: left
sec6-res-util-pool-c2m2,,3418,,pool,,3,,519,,748,,598,,3.90056360799e-60,,speech: left
sec6-res-util-pool-c2m2,,3436,,pool,,3,,410,,633,,295,,1.19114008208e-23,,speech: left
sec6-res-util-pool-c2m2,,3445,,pool,,3,,610,,897,,599,,2.95607443968e-60,,speech: left
sec6-res-util-pool-c2m2,,3464,,pool,,3,,499,,801,,495,,9.85287982728e-48,,speech: left
sec6-res-util-pool-c2m2,,3479,,pool,,3,,575,,780,,394,,1.42946988593e-35,,Cannot find object ball
sec6-res-util-pool-c2m2,,3491,,pool,,3,,559,,769,,394,,1.42946988593e-35,,Cannot find cue ball
sec6-res-util-pool-c2m2,,3504,,pool,,3,,479,,682,,394,,1.42946988593e-35,,Cannot find cue bottom
sec6-res-util-pool-c2m2,,3516,,pool,,3,,461,,662,,292,,2.7365213057e-23,,Cannot find cue bottom
sec6-res-util-pool-c2m2,,3525,,pool,,3,,536,,752,,395,,1.08333559372e-35,,Cannot find cue bottom
sec6-res-util-pool-c2m2,,3537,,pool,,3,,531,,740,,396,,8.21014853244e-36,,Cannot find cue bottom
sec6-res-util-pool-c2m2,,3550,,pool,,3,,711,,846,,451,,1.95745194732e-42,,Cannot find cue bottom
sec6-res-util-pool-c2m2,,3564,,pool,,3,,580,,782,,437,,9.49421550303e-41,,Cannot find cue bottom
sec6-res-util-pool-c2m2,,3577,,pool,,3,,597,,803,,496,,7.46708659103e-48,,Cannot find cue bottom
sec6-res-util-pool-c2m2,,3593,,pool,,3,,485,,684,,401,,2.05253713311e-36,,Cannot find cue top
sec6-res-util-pool-c2m2,,3605,,pool,,3,,572,,765,,389,,5.71787954373e-35,,Cannot find cue top
sec6-res-util-pool-c2m2,,3617,,pool,,3,,587,,792,,498,,4.28871504187e-48,,Cannot find cue top
sec6-res-util-pool-c2m2,,3633,,pool,,3,,555,,678,,294,,1.57171876114e-23,,Cannot find cue bottom
sec6-res-util-pool-c2m2,,3642,,pool,,3,,547,,751,,396,,8.21014853244e-36,,Cannot find cue bottom
sec6-res-util-pool-c2m2,,3654,,pool,,3,,458,,656,,293,,2.07389533883e-23,,Cannot find cue bottom
sec6-res-util-pool-c2m2,,3663,,pool,,3,,556,,746,,398,,4.71549205675e-36,,Cannot find cue top
sec6-res-util-pool-c2m2,,3676,,pool,,3,,524,,737,,394,,1.42946988593e-35,,Cannot find cue bottom
sec6-res-util-pool-c2m2,,3688,,pool,,3,,610,,808,,498,,4.28871504187e-48,,Cannot find cue top
sec6-res-util-pool-c2m2,,3703,,pool,,3,,500,,790,,492,,2.26359736992e-47,,Cannot find cue bottom
sec6-res-util-pool-c2m2,,3719,,pool,,3,,491,,704,,394,,1.42946988593e-35,,Cannot find cue ball
sec6-res-util-pool-c2m2,,3731,,pool,,3,,579,,795,,496,,7.46708659103e-48,,Cannot find cue bottom
sec6-res-util-pool-c2m2,,3746,,pool,,3,,565,,785,,495,,9.85287982728e-48,,Cannot find cue bottom
sec6-res-util-pool-c2m2,,3762,,pool,,3,,555,,771,,394,,1.42946988593e-35,,Cannot find cue ball
sec6-res-util-pool-c2m2,,3774,,pool,,3,,638,,854,,497,,5.65899342479e-48,,Cannot find cue ball
sec6-res-util-pool-c2m2,,3789,,pool,,3,,547,,827,,494,,1.3000952876e-47,,Cannot find cue ball
sec6-res-util-pool-c2m2,,3805,,pool,,3,,521,,731,,393,,1.8861968227e-35,,Cannot find object ball
sec6-res-util-pool-c2m2,,3817,,pool,,3,,531,,805,,499,,3.250238219e-48,,Cannot find object ball
sec6-res-util-pool-c2m2,,3832,,pool,,3,,516,,717,,392,,2.48885162883e-35,,Cannot find cue top
sec6-res-util-pool-c2m2,,3845,,pool,,3,,595,,787,,499,,3.250238219e-48,,Cannot find cue top
sec6-res-util-pool-c2m2,,3860,,pool,,3,,490,,678,,392,,2.48885162883e-35,,Cannot find cue top
sec6-res-util-pool-c2m2,,3872,,pool,,3,,482,,693,,395,,1.08333559372e-35,,Cannot find cue bottom
sec6-res-util-pool-c2m2,,3885,,pool,,3,,554,,762,,393,,1.8861968227e-35,,Cannot find cue bottom
sec6-res-util-pool-c2m2,,3897,,pool,,3,,562,,770,,395,,1.08333559372e-35,,Cannot find cue bottom
sec6-res-util-pool-c2m2,,3909,,pool,,3,,570,,834,,497,,5.65899342479e-48,,Cannot find cue bottom
sec6-res-util-pool-c2m2,,3924,,pool,,3,,529,,735,,394,,1.42946988593e-35,,Cannot find cue bottom
sec6-res-util-pool-c2m2,,3937,,pool,,3,,451,,713,,394,,1.42946988593e-35,,Cannot find cue bottom
sec6-res-util-pool-c2m2,,3949,,pool,,3,,511,,712,,394,,1.42946988593e-35,,Cannot find cue bottom
sec6-res-util-pool-c2m2,,3961,,pool,,3,,520,,732,,497,,5.65899342479e-48,,Cannot find cue bottom
sec6-res-util-pool-c2m2,,3977,,pool,,3,,500,,709,,394,,1.42946988593e-35,,Cannot find cue bottom
sec6-res-util-pool-c2m2,,3989,,pool,,3,,481,,693,,298,,5.18473834708e-24,,Cannot find cue bottom
sec6-res-util-pool-c2m2,,3998,,pool,,3,,604,,878,,594,,1.18242977587e-59,,Cannot find cue bottom
sec6-res-util-pool-c2m2,,11,,pool,,3,,567,,784,,495,,9.85287982728e-48,,Cannot find cue bottom
sec6-res-util-pool-c2m2,,26,,pool,,3,,547,,754,,395,,1.08333559372e-35,,Cannot find cue bottom
sec6-res-util-pool-c2m2,,38,,pool,,3,,548,,766,,394,,1.42946988593e-35,,Cannot find cue ball
sec6-res-util-pool-c2m2,,51,,pool,,3,,625,,836,,441,,3.13192311571e-41,,Cannot find cue bottom
sec6-res-util-pool-c2m2,,64,,pool,,3,,579,,805,,554,,7.74917177915e-55,,Cannot find cue ball
sec6-res-util-pool-c2m2,,81,,pool,,3,,415,,615,,290,,4.76456032831e-23,,Cannot find object ball
sec6-res-util-pool-c2m2,,91,,pool,,3,,507,,791,,498,,4.28871504187e-48,,speech: right
sec6-res-util-pool-c2m2,,106,,pool,,3,,409,,679,,393,,1.8861968227e-35,,Cannot find object ball
sec6-res-util-pool-c2m2,,118,,pool,,3,,491,,772,,390,,4.33334237487e-35,,Cannot find object ball
sec6-res-util-pool-c2m2,,130,,pool,,3,,581,,859,,498,,4.28871504187e-48,,Cannot find object ball
sec6-res-util-pool-c2m2,,146,,pool,,3,,568,,853,,497,,5.65899342479e-48,,speech: right
sec6-res-util-pool-c2m2,,161,,pool,,3,,558,,836,,498,,4.28871504187e-48,,Cannot find cue ball
sec6-res-util-pool-c2m2,,177,,pool,,3,,541,,762,,497,,5.65899342479e-48,,Cannot find object ball
sec6-res-util-pool-c2m2,,192,,pool,,3,,509,,730,,396,,8.21014853244e-36,,Cannot find object ball
sec6-res-util-pool-c2m2,,204,,pool,,3,,599,,818,,499,,3.250238219e-48,,Cannot find object ball
sec6-res-util-pool-c2m2,,220,,pool,,3,,585,,799,,496,,7.46708659103e-48,,Cannot find cue bottom
sec6-res-util-pool-c2m2,,235,,pool,,3,,495,,605,,210,,2.04636307899e-13,,Cannot find cue top
sec6-res-util-pool-c2m2,,242,,pool,,3,,569,,841,,469,,1.3312975745e-44,,Cannot find cue bottom
sec6-res-util-pool-c2m2,,256,,pool,,3,,578,,783,,498,,4.28871504187e-48,,Cannot find cue bottom
sec6-res-util-pool-c2m2,,272,,pool,,3,,549,,749,,394,,1.42946988593e-35,,Cannot find cue ball
sec6-res-util-pool-c2m2,,284,,pool,,3,,558,,762,,396,,8.21014853244e-36,,Cannot find cue ball
sec6-res-util-pool-c2m2,,296,,pool,,3,,561,,752,,394,,1.42946988593e-35,,Cannot find cue bottom
sec6-res-util-pool-c2m2,,309,,pool,,3,,540,,735,,393,,1.8861968227e-35,,Cannot find cue bottom
sec6-res-util-pool-c2m2,,321,,pool,,3,,617,,825,,495,,9.85287982728e-48,,Cannot find cue bottom
sec6-res-util-pool-c2m2,,336,,pool,,3,,596,,805,,498,,4.28871504187e-48,,Cannot find cue bottom
sec6-res-util-pool-c2m2,,352,,pool,,3,,510,,790,,493,,1.71548601675e-47,,Cannot find cue bottom
sec6-res-util-pool-c2m2,,367,,pool,,3,,499,,779,,394,,1.42946988593e-35,,Cannot find cue bottom
sec6-res-util-pool-c2m2,,379,,pool,,3,,486,,684,,288,,8.29558135533e-23,,Cannot find cue bottom
sec6-res-util-pool-c2m2,,388,,pool,,3,,479,,760,,403,,1.17887301419e-36,,Cannot find cue bottom
sec6-res-util-pool-c2m2,,410,,pool,,3,,564,,840,,493,,1.71548601675e-47,,Cannot find object ball
sec6-res-util-pool-c2m2,,425,,pool,,3,,543,,829,,497,,5.65899342479e-48,,Cannot find object ball
sec6-res-util-pool-c2m2,,441,,pool,,3,,635,,917,,597,,5.14682453722e-60,,Cannot find cue ball
sec6-res-util-pool-c2m2,,459,,pool,,3,,539,,812,,498,,4.28871504187e-48,,Cannot find cue ball
sec6-res-util-pool-c2m2,,475,,pool,,3,,593,,805,,495,,9.85287982728e-48,,Cannot find cue ball
sec6-res-util-pool-c2m2,,490,,pool,,3,,589,,801,,497,,5.65899342479e-48,,Cannot find cue bottom
sec6-res-util-pool-c2m2,,505,,pool,,3,,500,,768,,396,,8.21014853244e-36,,Cannot find cue bottom
sec6-res-util-pool-c2m2,,518,,pool,,3,,569,,856,,496,,7.46708659103e-48,,Cannot find cue bottom
sec6-res-util-pool-c2m2,,533,,pool,,3,,553,,783,,499,,3.250238219e-48,,Cannot find cue bottom
sec6-res-util-pool-c2m2,,548,,pool,,3,,548,,833,,495,,9.85287982728e-48,,Cannot find cue ball
sec6-res-util-pool-c2m2,,564,,pool,,3,,618,,844,,494,,1.3000952876e-47,,Cannot find cue bottom
sec6-res-util-pool-c2m2,,579,,pool,,3,,620,,911,,600,,2.24028550003e-60,,Cannot find cue bottom
sec6-res-util-pool-c2m2,,597,,pool,,3,,518,,800,,496,,7.46708659103e-48,,Cannot find cue bottom
sec6-res-util-pool-c2m2,,613,,pool,,3,,515,,797,,499,,3.250238219e-48,,Cannot find object ball
sec6-res-util-pool-c2m2,,628,,pool,,3,,575,,784,,500,,2.46321995682e-48,,Cannot find cue bottom
sec6-res-util-pool-c2m2,,644,,pool,,3,,563,,774,,393,,1.8861968227e-35,,Cannot find cue bottom
sec6-res-util-pool-c2m2,,656,,pool,,3,,566,,764,,395,,1.08333559372e-35,,Cannot find cue bottom
sec6-res-util-pool-c2m2,,668,,pool,,3,,560,,767,,495,,9.85287982728e-48,,Cannot find cue bottom
sec6-res-util-pool-c2m2,,683,,pool,,3,,623,,830,,484,,2.08015246016e-46,,Cannot find cue bottom
sec6-res-util-pool-c2m2,,699,,pool,,3,,522,,733,,394,,1.42946988593e-35,,Cannot find cue bottom
sec6-res-util-pool-c2m2,,711,,pool,,3,,600,,816,,495,,9.85287982728e-48,,Cannot find cue bottom
sec6-res-util-pool-c2m2,,726,,pool,,3,,514,,788,,496,,7.46708659103e-48,,Cannot find cue bottom
sec6-res-util-pool-c2m2,,742,,pool,,3,,492,,684,,399,,3.57367471483e-36,,Cannot find cue top
sec6-res-util-pool-c2m2,,754,,pool,,3,,592,,793,,495,,9.85287982728e-48,,Cannot find cue top
sec6-res-util-pool-c2m2,,769,,pool,,3,,489,,697,,398,,4.71549205675e-36,,Cannot find cue bottom
sec6-res-util-pool-c2m2,,782,,pool,,3,,557,,758,,394,,1.42946988593e-35,,Cannot find cue top
sec6-res-util-pool-c2m2,,794,,pool,,3,,561,,839,,498,,4.28871504187e-48,,Cannot find cue ball
sec6-res-util-pool-c2m2,,809,,pool,,3,,540,,732,,394,,1.42946988593e-35,,Cannot find cue top
sec6-res-util-pool-c2m2,,822,,pool,,3,,536,,737,,394,,1.42946988593e-35,,Cannot find cue bottom
sec6-res-util-pool-c2m2,,834,,pool,,3,,512,,711,,394,,1.42946988593e-35,,Cannot find cue top
sec6-res-util-pool-c2m2,,846,,pool,,3,,438,,635,,396,,8.21014853244e-36,,Cannot find cue top
sec6-res-util-pool-c2m2,,858,,pool,,3,,419,,631,,397,,6.22212907207e-36,,Cannot find cue ball
sec6-res-util-pool-c2m2,,871,,pool,,3,,424,,688,,397,,6.22212907207e-36,,Cannot find cue bottom
sec6-res-util-pool-c2m2,,883,,pool,,3,,464,,680,,387,,9.95540651531e-35,,Cannot find cue ball
sec6-res-util-pool-c2m2,,895,,pool,,3,,556,,781,,497,,5.65899342479e-48,,Cannot find cue bottom
sec6-res-util-pool-c2m2,,911,,pool,,3,,480,,757,,394,,1.42946988593e-35,,Cannot find cue ball
sec6-res-util-pool-c2m2,,923,,pool,,3,,636,,846,,497,,5.65899342479e-48,,Cannot find cue bottom
sec6-res-util-pool-c2m2,,938,,pool,,3,,553,,834,,501,,1.86677164776e-48,,Cannot find cue bottom
sec6-res-util-pool-c2m2,,954,,pool,,3,,539,,818,,495,,9.85287982728e-48,,Cannot find object ball
sec6-res-util-pool-c2m2,,969,,pool,,3,,502,,719,,393,,1.8861968227e-35,,Cannot find cue bottom
sec6-res-util-pool-c2m2,,981,,pool,,3,,515,,729,,395,,1.08333559372e-35,,Cannot find cue bottom
sec6-res-util-pool-c2m2,,994,,pool,,3,,593,,818,,496,,7.46708659103e-48,,Cannot find cue bottom
sec6-res-util-pool-c2m2,,1009,,pool,,3,,504,,786,,497,,5.65899342479e-48,,Cannot find cue bottom
sec6-res-util-pool-c2m2,,1024,,pool,,3,,484,,776,,396,,8.21014853244e-36,,Cannot find cue bottom
sec6-res-util-pool-c2m2,,1037,,pool,,3,,585,,870,,499,,3.250238219e-48,,Cannot find cue ball
sec6-res-util-pool-c2m2,,1052,,pool,,3,,569,,853,,498,,4.28871504187e-48,,Cannot find cue ball
sec6-res-util-pool-c2m2,,1067,,pool,,3,,624,,831,,498,,4.28871504187e-48,,Cannot find cue bottom
sec6-res-util-pool-c2m2,,1083,,pool,,3,,547,,833,,497,,5.65899342479e-48,,Cannot find object ball
sec6-res-util-pool-c2m2,,1098,,pool,,3,,511,,805,,497,,5.65899342479e-48,,Cannot find cue ball
sec6-res-util-pool-c2m2,,1113,,pool,,3,,505,,786,,496,,7.46708659103e-48,,Cannot find object ball
sec6-res-util-pool-c2m2,,1129,,pool,,3,,482,,615,,292,,2.7365213057e-23,,Cannot find cue ball
sec6-res-util-pool-c2m2,,1138,,pool,,3,,569,,786,,497,,5.65899342479e-48,,Cannot find cue ball
sec6-res-util-pool-c2m2,,1153,,pool,,3,,487,,679,,394,,1.42946988593e-35,,Cannot find cue top
sec6-res-util-pool-c2m2,,1166,,pool,,3,,474,,674,,293,,2.07389533883e-23,,Cannot find cue top
sec6-res-util-pool-c2m2,,1175,,pool,,3,,577,,762,,391,,3.28405941298e-35,,Cannot find cue top
sec6-res-util-pool-c2m2,,1187,,pool,,3,,567,,737,,394,,1.42946988593e-35,,Cannot find cue top
sec6-res-util-pool-c2m2,,1200,,pool,,3,,543,,746,,393,,1.8861968227e-35,,Cannot find cue bottom
sec6-res-util-pool-c2m2,,1212,,pool,,3,,618,,752,,395,,1.08333559372e-35,,Cannot find cue top
sec6-res-util-pool-c2m2,,1224,,pool,,3,,530,,804,,497,,5.65899342479e-48,,Cannot find cue bottom
sec6-res-util-pool-c2m2,,1239,,pool,,3,,502,,692,,296,,9.02715377719e-24,,Cannot find cue top
sec6-res-util-pool-c2m2,,1249,,pool,,3,,604,,801,,495,,9.85287982728e-48,,Cannot find cue top
sec6-res-util-pool-c2m2,,1264,,pool,,3,,498,,691,,395,,1.08333559372e-35,,Cannot find cue top
sec6-res-util-pool-c2m2,,1276,,pool,,3,,561,,663,,293,,2.07389533883e-23,,Cannot find cue top
sec6-res-util-pool-c2m2,,1286,,pool,,3,,560,,756,,393,,1.8861968227e-35,,Cannot find cue bottom
sec6-res-util-pool-c2m2,,1298,,pool,,3,,568,,772,,396,,8.21014853244e-36,,Cannot find cue bottom
sec6-res-util-pool-c2m2,,1310,,pool,,3,,565,,766,,495,,9.85287982728e-48,,Cannot find cue bottom
sec6-res-util-pool-c2m2,,1325,,pool,,3,,545,,759,,495,,9.85287982728e-48,,Cannot find cue bottom
sec6-res-util-pool-c2m2,,1341,,pool,,3,,532,,737,,394,,1.42946988593e-35,,Cannot find cue bottom
sec6-res-util-pool-c2m2,,1353,,pool,,3,,601,,726,,396,,8.21014853244e-36,,Cannot find cue bottom
sec6-res-util-pool-c2m2,,1365,,pool,,3,,517,,723,,396,,8.21014853244e-36,,Cannot find cue bottom
sec6-res-util-pool-c2m2,,1378,,pool,,3,,577,,795,,492,,2.26359736992e-47,,Cannot find cue bottom
sec6-res-util-pool-c2m2,,1393,,pool,,3,,485,,703,,396,,8.21014853244e-36,,Cannot find cue ball
sec6-res-util-pool-c2m2,,1405,,pool,,3,,567,,784,,496,,7.46708659103e-48,,Cannot find cue bottom
sec6-res-util-pool-c2m2,,1421,,pool,,3,,561,,777,,398,,4.71549205675e-36,,Cannot find object ball
sec6-res-util-pool-c2m2,,1433,,pool,,3,,643,,863,,497,,5.65899342479e-48,,Cannot find cue bottom
sec6-res-util-pool-c2m2,,1448,,pool,,3,,629,,846,,495,,9.85287982728e-48,,Cannot find cue bottom
sec6-res-util-pool-c2m2,,1464,,pool,,3,,513,,802,,486,,1.19473385456e-46,,Cannot find cue ball
sec6-res-util-pool-c2m2,,1479,,pool,,3,,437,,717,,397,,6.22212907207e-36,,Cannot find cue bottom
