sec6-res-util-pool-c4m2,,1737,,pool,,3,,450,,553,,160,,2.14576721191e-07,,Cannot find cue bottom
sec6-res-util-pool-c4m2,,1742,,pool,,3,,407,,520,,126,,0.00266434552707,,Cannot find cue ball
sec6-res-util-pool-c4m2,,1746,,pool,,3,,405,,489,,96,,0.99999,,Cannot find cue ball
sec6-res-util-pool-c4m2,,1749,,pool,,3,,405,,527,,267,,2.80219781704e-20,,Cannot find cue ball
sec6-res-util-pool-c4m2,,1758,,pool,,3,,406,,543,,149,,4.53017089728e-06,,Cannot find cue ball
sec6-res-util-pool-c4m2,,1763,,pool,,3,,408,,550,,156,,6.50474982195e-07,,Cannot find cue bottom
sec6-res-util-pool-c4m2,,1768,,pool,,3,,426,,651,,349,,3.74726953778e-30,,Cannot find cue bottom
sec6-res-util-pool-c4m2,,1779,,pool,,3,,411,,698,,391,,3.28405941298e-35,,Cannot find cue bottom
sec6-res-util-pool-c4m2,,1791,,pool,,3,,405,,590,,196,,9.92546054374e-12,,Cannot find cue bottom
sec6-res-util-pool-c4m2,,1798,,pool,,3,,406,,599,,205,,8.18545231596e-13,,Cannot find cue bottom
sec6-res-util-pool-c4m2,,1804,,pool,,3,,427,,539,,145,,1.37329101563e-05,,Cannot find cue bottom
sec6-res-util-pool-c4m2,,1809,,pool,,3,,405,,595,,205,,8.18545231596e-13,,Cannot find cue bottom
sec6-res-util-pool-c4m2,,1816,,pool,,3,,446,,618,,305,,7.44462551298e-25,,Cannot find cue bottom
sec6-res-util-pool-c4m2,,1825,,pool,,3,,412,,734,,391,,3.28405941298e-35,,Cannot find cue bottom
sec6-res-util-pool-c4m2,,1837,,pool,,3,,407,,522,,128,,0.00153026466204,,speech: left
sec6-res-util-pool-c4m2,,1842,,pool,,3,,406,,616,,250,,3.12250225676e-18,,speech: good
sec6-res-util-pool-c4m2,,1850,,pool,,3,,408,,641,,292,,2.7365213057e-23,,speech: good
sec6-res-util-pool-c4m2,,1859,,pool,,3,,407,,728,,397,,6.22212907207e-36,,Cannot find cue bottom
sec6-res-util-pool-c4m2,,1871,,pool,,3,,412,,708,,397,,6.22212907207e-36,,speech: left
sec6-res-util-pool-c4m2,,1884,,pool,,3,,406,,592,,198,,5.70068009959e-12,,Cannot find cue bottom
sec6-res-util-pool-c4m2,,1890,,pool,,3,,420,,586,,192,,3.00883699528e-11,,Cannot find cue bottom
sec6-res-util-pool-c4m2,,1896,,pool,,3,,409,,671,,383,,3.01791491632e-34,,Cannot find cue bottom
sec6-res-util-pool-c4m2,,1908,,pool,,3,,456,,790,,495,,9.85287982728e-48,,Cannot find cue bottom
sec6-res-util-pool-c4m2,,1924,,pool,,3,,408,,602,,209,,2.70019227104e-13,,Cannot find cue bottom
sec6-res-util-pool-c4m2,,1930,,pool,,3,,425,,582,,188,,9.12108815935e-11,,Cannot find cue bottom
sec6-res-util-pool-c4m2,,1936,,pool,,3,,416,,562,,168,,2.33499856879e-08,,Cannot find cue bottom
sec6-res-util-pool-c4m2,,1942,,pool,,3,,406,,565,,171,,1.01636715968e-08,,Cannot find cue bottom
sec6-res-util-pool-c4m2,,1948,,pool,,3,,406,,578,,184,,2.76499688554e-10,,Cannot find cue bottom
sec6-res-util-pool-c4m2,,1954,,pool,,3,,409,,681,,320,,1.1632227364e-26,,Cannot find cue bottom
sec6-res-util-pool-c4m2,,1964,,pool,,3,,411,,558,,164,,7.07839202699e-08,,Cannot find cue bottom
sec6-res-util-pool-c4m2,,1969,,pool,,3,,443,,669,,318,,2.02528841683e-26,,Cannot find cue bottom
sec6-res-util-pool-c4m2,,1979,,pool,,3,,411,,582,,291,,3.61086151088e-23,,Cannot find cue bottom
sec6-res-util-pool-c4m2,,1988,,pool,,3,,413,,609,,215,,5.11590769747e-14,,Cannot find cue bottom
sec6-res-util-pool-c4m2,,1995,,pool,,3,,404,,703,,378,,1.20716596653e-33,,speech: left
sec6-res-util-pool-c4m2,,2007,,pool,,3,,415,,493,,100,,0.99375,,Cannot find cue top
sec6-res-util-pool-c4m2,,2010,,pool,,3,,409,,603,,209,,2.70019227104e-13,,Cannot find cue top
sec6-res-util-pool-c4m2,,2017,,pool,,3,,407,,578,,184,,2.76499688554e-10,,Cannot find cue top
sec6-res-util-pool-c4m2,,2023,,pool,,3,,405,,511,,117,,0.0323071412343,,Cannot find cue top
sec6-res-util-pool-c4m2,,2027,,pool,,3,,417,,628,,335,,1.81753552563e-28,,Cannot find cue top
sec6-res-util-pool-c4m2,,2037,,pool,,3,,406,,486,,92,,1.0,,Cannot find cue top
sec6-res-util-pool-c4m2,,2040,,pool,,3,,406,,501,,106,,0.68207245493,,Cannot find cue top
sec6-res-util-pool-c4m2,,2044,,pool,,3,,427,,578,,265,,4.87890977618e-20,,Cannot find cue top
sec6-res-util-pool-c4m2,,2053,,pool,,3,,409,,503,,152,,1.97187141323e-06,,Cannot find cue top
sec6-res-util-pool-c4m2,,2058,,pool,,3,,405,,587,,194,,1.72812305347e-11,,Cannot find cue top
sec6-res-util-pool-c4m2,,2064,,pool,,3,,405,,587,,208,,3.56292506224e-13,,Cannot find cue top
sec6-res-util-pool-c4m2,,2071,,pool,,3,,409,,574,,181,,6.35229474799e-10,,Cannot find cue bottom
sec6-res-util-pool-c4m2,,2077,,pool,,3,,446,,647,,438,,7.19526986198e-41,,Cannot find cue top
sec6-res-util-pool-c4m2,,2090,,pool,,3,,434,,539,,152,,1.97187141323e-06,,Cannot find cue bottom
sec6-res-util-pool-c4m2,,2095,,pool,,3,,436,,564,,178,,1.4593741055e-09,,Cannot find cue bottom
sec6-res-util-pool-c4m2,,2101,,pool,,3,,428,,552,,160,,2.14576721191e-07,,Cannot find cue top
sec6-res-util-pool-c4m2,,2106,,pool,,3,,407,,473,,79,,1.0,,Cannot find cue top
sec6-res-util-pool-c4m2,,2109,,pool,,3,,406,,597,,203,,1.4251700249e-12,,Cannot find cue bottom
sec6-res-util-pool-c4m2,,2116,,pool,,3,,445,,656,,336,,1.37743435321e-28,,Cannot find cue ball
sec6-res-util-pool-c4m2,,2126,,pool,,3,,405,,601,,214,,6.7504806776e-14,,Cannot find cue top
sec6-res-util-pool-c4m2,,2134,,pool,,3,,515,,586,,196,,9.92546054374e-12,,Cannot find cue top
sec6-res-util-pool-c4m2,,2140,,pool,,3,,442,,565,,173,,5.83749642198e-09,,Cannot find cue top
sec6-res-util-pool-c4m2,,2145,,pool,,3,,458,,624,,272,,7.0054945426e-21,,Cannot find cue top
sec6-res-util-pool-c4m2,,2154,,pool,,3,,414,,519,,125,,0.003515625,,Cannot find cue top
sec6-res-util-pool-c4m2,,2158,,pool,,3,,441,,553,,159,,2.8313568108e-07,,Cannot find cue top
sec6-res-util-pool-c4m2,,2163,,pool,,3,,406,,594,,200,,3.27418092638e-12,,Cannot find cue top
sec6-res-util-pool-c4m2,,2170,,pool,,3,,408,,494,,100,,0.99375,,Cannot find cue ball
sec6-res-util-pool-c4m2,,2173,,pool,,3,,419,,560,,167,,3.08104908317e-08,,Cannot find cue ball
sec6-res-util-pool-c4m2,,2179,,pool,,3,,405,,668,,380,,6.93334779979e-34,,Cannot find object ball
sec6-res-util-pool-c4m2,,2191,,pool,,3,,405,,564,,171,,1.01636715968e-08,,Cannot find cue ball
sec6-res-util-pool-c4m2,,2196,,pool,,3,,405,,531,,136,,0.000166521595442,,Cannot find cue ball
sec6-res-util-pool-c4m2,,2201,,pool,,3,,406,,646,,357,,4.07773450867e-31,,Cannot find cue ball
sec6-res-util-pool-c4m2,,2212,,pool,,3,,425,,730,,392,,2.48885162883e-35,,speech: right
sec6-res-util-pool-c4m2,,2225,,pool,,3,,418,,574,,394,,1.42946988593e-35,,Cannot find cue ball
sec6-res-util-pool-c4m2,,2237,,pool,,3,,408,,650,,294,,1.57171876114e-23,,Cannot find cue ball
sec6-res-util-pool-c4m2,,2246,,pool,,3,,405,,545,,151,,2.60189992878e-06,,Cannot find object ball
sec6-res-util-pool-c4m2,,2251,,pool,,3,,436,,653,,259,,2.57510401825e-19,,Cannot find object ball
sec6-res-util-pool-c4m2,,2259,,pool,,3,,405,,715,,369,,1.46377716319e-32,,Cannot find object ball
sec6-res-util-pool-c4m2,,2271,,pool,,3,,406,,583,,189,,6.91249221386e-11,,Cannot find cue ball
sec6-res-util-pool-c4m2,,2277,,pool,,3,,405,,615,,295,,1.19114008208e-23,,Cannot find cue ball
sec6-res-util-pool-c4m2,,2286,,pool,,3,,407,,495,,101,,0.98704,,Cannot find cue ball
sec6-res-util-pool-c4m2,,2289,,pool,,3,,409,,502,,108,,0.391747753483,,Cannot find cue ball
sec6-res-util-pool-c4m2,,2293,,pool,,3,,436,,681,,366,,3.36287683889e-32,,Cannot find cue ball
sec6-res-util-pool-c4m2,,2304,,pool,,3,,409,,601,,207,,4.70130780512e-13,,speech: left
sec6-res-util-pool-c4m2,,2311,,pool,,3,,434,,665,,378,,1.20716596653e-33,,Cannot find cue ball
sec6-res-util-pool-c4m2,,2323,,pool,,3,,441,,663,,296,,9.02715377719e-24,,Cannot find cue ball
sec6-res-util-pool-c4m2,,2332,,pool,,3,,407,,572,,178,,1.4593741055e-09,,Cannot find cue ball
sec6-res-util-pool-c4m2,,2338,,pool,,3,,405,,742,,407,,3.88883067004e-37,,speech: left
sec6-res-util-pool-c4m2,,2351,,pool,,3,,416,,652,,289,,6.28687504455e-23,,Cannot find cue ball
sec6-res-util-pool-c4m2,,2360,,pool,,3,,413,,730,,398,,4.71549205675e-36,,speech: left
sec6-res-util-pool-c4m2,,2372,,pool,,3,,409,,656,,396,,8.21014853244e-36,,Cannot find object ball
sec6-res-util-pool-c4m2,,2384,,pool,,3,,407,,640,,598,,3.90056360799e-60,,speech: right
sec6-res-util-pool-c4m2,,2403,,pool,,3,,404,,713,,401,,2.05253713311e-36,,speech: left
sec6-res-util-pool-c4m2,,2415,,pool,,3,,408,,620,,290,,4.76456032831e-23,,Cannot find object ball
sec6-res-util-pool-c4m2,,2424,,pool,,3,,405,,510,,115,,0.05625,,Cannot find object ball
sec6-res-util-pool-c4m2,,2428,,pool,,3,,435,,580,,186,,1.588073687e-10,,Cannot find cue ball
sec6-res-util-pool-c4m2,,2434,,pool,,3,,434,,572,,178,,1.4593741055e-09,,speech: left
sec6-res-util-pool-c4m2,,2440,,pool,,3,,405,,590,,196,,9.92546054374e-12,,Cannot find cue bottom
sec6-res-util-pool-c4m2,,2446,,pool,,3,,424,,665,,372,,6.3714601698e-33,,Cannot find cue top
sec6-res-util-pool-c4m2,,2458,,pool,,3,,438,,585,,191,,3.9701842175e-11,,Cannot find cue top
sec6-res-util-pool-c4m2,,2464,,pool,,3,,404,,575,,195,,1.30967237055e-11,,Cannot find cue top
sec6-res-util-pool-c4m2,,2470,,pool,,3,,414,,550,,156,,6.50474982195e-07,,Cannot find cue bottom
sec6-res-util-pool-c4m2,,2476,,pool,,3,,437,,592,,308,,3.24046146693e-25,,Cannot find cue bottom
sec6-res-util-pool-c4m2,,2486,,pool,,3,,415,,578,,184,,2.76499688554e-10,,Cannot find cue top
sec6-res-util-pool-c4m2,,2492,,pool,,3,,416,,544,,149,,4.53017089728e-06,,Cannot find cue top
sec6-res-util-pool-c4m2,,2497,,pool,,3,,405,,600,,206,,6.20341283984e-13,,Cannot find cue top
sec6-res-util-pool-c4m2,,2503,,pool,,3,,430,,579,,185,,2.09547579288e-10,,Cannot find cue top
sec6-res-util-pool-c4m2,,2509,,pool,,3,,429,,633,,326,,2.20389496513e-27,,Cannot find cue top
sec6-res-util-pool-c4m2,,2519,,pool,,3,,406,,589,,195,,1.30967237055e-11,,Cannot find cue top
sec6-res-util-pool-c4m2,,2526,,pool,,3,,406,,507,,183,,3.64843526374e-10,,Cannot find cue top
sec6-res-util-pool-c4m2,,2532,,pool,,3,,407,,590,,196,,9.92546054374e-12,,Cannot find cue top
sec6-res-util-pool-c4m2,,2538,,pool,,3,,407,,585,,283,,3.31823254213e-22,,Cannot find cue top
sec6-res-util-pool-c4m2,,2547,,pool,,3,,408,,582,,189,,6.91249221386e-11,,Cannot find cue top
sec6-res-util-pool-c4m2,,2553,,pool,,3,,408,,492,,98,,0.99919,,Cannot find cue bottom
sec6-res-util-pool-c4m2,,2557,,pool,,3,,405,,557,,162,,1.23241963327e-07,,Cannot find cue bottom
sec6-res-util-pool-c4m2,,2562,,pool,,3,,404,,502,,107,,0.516914259749,,Cannot find cue bottom
sec6-res-util-pool-c4m2,,2566,,pool,,3,,445,,672,,387,,9.95540651531e-35,,Cannot find cue ball
sec6-res-util-pool-c4m2,,2578,,pool,,3,,410,,560,,166,,4.06546863872e-08,,Cannot find cue bottom
sec6-res-util-pool-c4m2,,2584,,pool,,3,,405,,671,,295,,1.19114008208e-23,,Cannot find cue bottom
sec6-res-util-pool-c4m2,,2593,,pool,,3,,409,,672,,293,,2.07389533883e-23,,Cannot find cue bottom
sec6-res-util-pool-c4m2,,2602,,pool,,3,,422,,552,,157,,4.92967853306e-07,,Cannot find cue top
sec6-res-util-pool-c4m2,,2608,,pool,,3,,405,,687,,322,,6.680960219e-27,,Cannot find cue bottom
sec6-res-util-pool-c4m2,,2618,,pool,,3,,413,,581,,216,,3.8771330249e-14,,Cannot find cue bottom
sec6-res-util-pool-c4m2,,2625,,pool,,3,,408,,599,,205,,8.18545231596e-13,,Cannot find cue bottom
sec6-res-util-pool-c4m2,,2631,,pool,,3,,407,,478,,150,,3.43322753906e-06,,Cannot find cue bottom
sec6-res-util-pool-c4m2,,2636,,pool,,3,,406,,602,,208,,3.56292506224e-13,,Cannot find cue bottom
sec6-res-util-pool-c4m2,,2643,,pool,,3,,404,,626,,378,,1.20716596653e-33,,Cannot find cue bottom
sec6-res-util-pool-c4m2,,2655,,pool,,3,,410,,509,,115,,0.05625,,Cannot find cue bottom
sec6-res-util-pool-c4m2,,2659,,pool,,3,,404,,589,,195,,1.30967237055e-11,,Cannot find cue top
sec6-res-util-pool-c4m2,,2665,,pool,,3,,412,,506,,111,,0.170518113732,,Cannot find cue bottom
sec6-res-util-pool-c4m2,,2669,,pool,,3,,404,,517,,122,,0.00807678530857,,Cannot find cue top
sec6-res-util-pool-c4m2,,2673,,pool,,3,,403,,617,,300,,2.97785020519e-24,,Cannot find cue top
sec6-res-util-pool-c4m2,,2682,,pool,,3,,405,,602,,207,,4.70130780512e-13,,Cannot find cue top
sec6-res-util-pool-c4m2,,2689,,pool,,3,,441,,560,,312,,1.06895363504e-25,,Cannot find cue top
sec6-res-util-pool-c4m2,,2699,,pool,,3,,405,,481,,88,,1.0,,Cannot find cue top
sec6-res-util-pool-c4m2,,2702,,pool,,3,,404,,553,,158,,3.73599771007e-07,,Cannot find cue top
sec6-res-util-pool-c4m2,,2707,,pool,,3,,442,,588,,295,,1.19114008208e-23,,Cannot find cue bottom
sec6-res-util-pool-c4m2,,2716,,pool,,3,,405,,494,,109,,0.296889279924,,Cannot find cue bottom
sec6-res-util-pool-c4m2,,2720,,pool,,3,,447,,531,,151,,2.60189992878e-06,,Cannot find cue bottom
sec6-res-util-pool-c4m2,,2725,,pool,,3,,445,,527,,157,,4.92967853306e-07,,Cannot find cue ball
sec6-res-util-pool-c4m2,,2730,,pool,,3,,419,,587,,197,,7.5220924882e-12,,Cannot find cue bottom
sec6-res-util-pool-c4m2,,2736,,pool,,3,,414,,496,,117,,0.0323071412343,,Cannot find cue top
sec6-res-util-pool-c4m2,,2740,,pool,,3,,783,,960,,573,,3.99417713458e-57,,Cannot find cue top
sec6-res-util-pool-c4m2,,2758,,pool,,3,,445,,591,,345,,1.13595970352e-29,,Cannot find cue bottom
sec6-res-util-pool-c4m2,,2769,,pool,,3,,411,,520,,126,,0.00266434552707,,Cannot find cue top
sec6-res-util-pool-c4m2,,2773,,pool,,3,,445,,579,,185,,2.09547579288e-10,,Cannot find cue bottom
sec6-res-util-pool-c4m2,,2779,,pool,,3,,407,,641,,347,,6.52437521387e-30,,Cannot find cue ball
sec6-res-util-pool-c4m2,,2790,,pool,,3,,460,,539,,147,,7.8874856529e-06,,Cannot find cue ball
sec6-res-util-pool-c4m2,,2795,,pool,,3,,422,,637,,335,,1.81753552563e-28,,Cannot find cue bottom
sec6-res-util-pool-c4m2,,2805,,pool,,3,,407,,619,,298,,5.18473834708e-24,,Cannot find cue bottom
sec6-res-util-pool-c4m2,,2815,,pool,,3,,414,,516,,126,,0.00266434552707,,speech: left
sec6-res-util-pool-c4m2,,2819,,pool,,3,,452,,742,,465,,4.03573957726e-44,,speech: left
sec6-res-util-pool-c4m2,,2833,,pool,,3,,450,,568,,177,,1.92565567698e-09,,Cannot find cue ball
sec6-res-util-pool-c4m2,,2839,,pool,,3,,445,,586,,193,,2.28027203984e-11,,speech: left
sec6-res-util-pool-c4m2,,2845,,pool,,3,,414,,494,,104,,0.93439,,speech: left
sec6-res-util-pool-c4m2,,2849,,pool,,3,,408,,578,,185,,2.09547579288e-10,,Cannot find cue ball
sec6-res-util-pool-c4m2,,2855,,pool,,3,,478,,581,,187,,1.20353479811e-10,,Cannot find cue ball
sec6-res-util-pool-c4m2,,2861,,pool,,3,,417,,658,,396,,8.21014853244e-36,,speech: left
sec6-res-util-pool-c4m2,,2873,,pool,,3,,420,,537,,143,,2.39103853444e-05,,Cannot find cue ball
sec6-res-util-pool-c4m2,,2878,,pool,,3,,552,,702,,308,,3.24046146693e-25,,Cannot find cue ball
sec6-res-util-pool-c4m2,,2887,,pool,,3,,406,,730,,432,,3.79768620121e-40,,Cannot find cue ball
sec6-res-util-pool-c4m2,,2901,,pool,,3,,421,,584,,191,,3.9701842175e-11,,Cannot find cue ball
sec6-res-util-pool-c4m2,,2907,,pool,,3,,418,,610,,398,,4.71549205675e-36,,speech: left
sec6-res-util-pool-c4m2,,2919,,pool,,3,,425,,612,,221,,9.69283256225e-15,,Cannot find cue ball
sec6-res-util-pool-c4m2,,2926,,pool,,3,,420,,512,,167,,3.08104908317e-08,,Cannot find cue ball
sec6-res-util-pool-c4m2,,2932,,pool,,3,,473,,676,,282,,4.37843408913e-22,,speech: left
sec6-res-util-pool-c4m2,,2941,,pool,,3,,425,,581,,187,,1.20353479811e-10,,Cannot find cue ball
sec6-res-util-pool-c4m2,,2947,,pool,,3,,424,,548,,154,,1.13254272432e-06,,speech: left
sec6-res-util-pool-c4m2,,2952,,pool,,3,,405,,596,,201,,2.48136513594e-12,,Cannot find object ball
sec6-res-util-pool-c4m2,,2959,,pool,,3,,406,,604,,284,,2.51475001782e-22,,Cannot find object ball
sec6-res-util-pool-c4m2,,2968,,pool,,3,,406,,589,,294,,1.57171876114e-23,,Cannot find cue ball
sec6-res-util-pool-c4m2,,2977,,pool,,3,,413,,638,,290,,4.76456032831e-23,,Cannot find cue ball
sec6-res-util-pool-c4m2,,2986,,pool,,3,,423,,554,,169,,1.76959800675e-08,,Cannot find cue top
sec6-res-util-pool-c4m2,,2992,,pool,,3,,426,,539,,144,,1.81206835891e-05,,Cannot find cue top
sec6-res-util-pool-c4m2,,2997,,pool,,3,,411,,605,,211,,1.55085320996e-13,,Cannot find cue top
sec6-res-util-pool-c4m2,,3004,,pool,,3,,407,,596,,201,,2.48136513594e-12,,Cannot find cue bottom
sec6-res-util-pool-c4m2,,3010,,pool,,3,,405,,676,,324,,3.83720400669e-27,,Cannot find cue bottom
sec6-res-util-pool-c4m2,,3020,,pool,,3,,411,,518,,124,,0.00463889499881,,Cannot find cue top
sec6-res-util-pool-c4m2,,3024,,pool,,3,,454,,576,,182,,4.81413919245e-10,,Cannot find cue top
sec6-res-util-pool-c4m2,,3030,,pool,,3,,408,,677,,471,,7.64629666921e-45,,Cannot find cue ball
sec6-res-util-pool-c4m2,,3045,,pool,,3,,415,,605,,211,,1.55085320996e-13,,Cannot find cue bottom
sec6-res-util-pool-c4m2,,3052,,pool,,3,,407,,551,,277,,1.75137363565e-21,,Cannot find cue bottom
sec6-res-util-pool-c4m2,,3061,,pool,,3,,454,,623,,257,,4.48351650727e-19,,Cannot find cue bottom
sec6-res-util-pool-c4m2,,3069,,pool,,3,,414,,526,,139,,7.24827343564e-05,,Cannot find cue bottom
sec6-res-util-pool-c4m2,,3073,,pool,,3,,435,,574,,179,,1.10599875422e-09,,Cannot find cue bottom
sec6-res-util-pool-c4m2,,3079,,pool,,3,,429,,660,,474,,3.32824393625e-45,,Cannot find cue bottom
sec6-res-util-pool-c4m2,,3094,,pool,,3,,436,,565,,175,,3.35276126862e-09,,Cannot find cue top
sec6-res-util-pool-c4m2,,3100,,pool,,3,,409,,553,,159,,2.8313568108e-07,,Cannot find cue top
sec6-res-util-pool-c4m2,,3105,,pool,,3,,414,,643,,342,,2.60975008555e-29,,Cannot find cue top
sec6-res-util-pool-c4m2,,3116,,pool,,3,,427,,719,,390,,4.33334237487e-35,,Cannot find cue bottom
sec6-res-util-pool-c4m2,,3128,,pool,,3,,407,,621,,389,,5.71787954373e-35,,Cannot find cue bottom
sec6-res-util-pool-c4m2,,3140,,pool,,3,,410,,541,,146,,1.04075997151e-05,,Cannot find cue top
sec6-res-util-pool-c4m2,,3145,,pool,,3,,408,,448,,54,,1.0,,Cannot find cue top
sec6-res-util-pool-c4m2,,3147,,pool,,3,,445,,490,,95,,1.0,,Cannot find cue top
sec6-res-util-pool-c4m2,,3150,,pool,,3,,404,,501,,108,,0.391747753483,,Cannot find cue top
sec6-res-util-pool-c4m2,,3154,,pool,,3,,439,,543,,151,,2.60189992878e-06,,Cannot find cue top
sec6-res-util-pool-c4m2,,3159,,pool,,3,,404,,572,,178,,1.4593741055e-09,,Cannot find cue top
sec6-res-util-pool-c4m2,,3165,,pool,,3,,406,,512,,119,,0.0185555799952,,Cannot find cue top
sec6-res-util-pool-c4m2,,3169,,pool,,3,,445,,590,,195,,1.30967237055e-11,,Cannot find cue bottom
sec6-res-util-pool-c4m2,,3175,,pool,,3,,408,,477,,83,,1.0,,Cannot find cue bottom
sec6-res-util-pool-c4m2,,3178,,pool,,3,,406,,585,,255,,7.8062556419e-19,,Cannot find cue bottom
sec6-res-util-pool-c4m2,,3186,,pool,,3,,406,,543,,149,,4.53017089728e-06,,Cannot find cue bottom
sec6-res-util-pool-c4m2,,3191,,pool,,3,,406,,564,,169,,1.76959800675e-08,,Cannot find cue bottom
sec6-res-util-pool-c4m2,,3197,,pool,,3,,419,,623,,254,,1.0300416073e-18,,Cannot find cue bottom
sec6-res-util-pool-c4m2,,3205,,pool,,3,,409,,505,,110,,0.225,,Cannot find cue top
sec6-res-util-pool-c4m2,,3208,,pool,,3,,426,,550,,156,,6.50474982195e-07,,Cannot find cue top
sec6-res-util-pool-c4m2,,3213,,pool,,3,,405,,507,,113,,0.0979369383708,,Cannot find cue top
sec6-res-util-pool-c4m2,,3217,,pool,,3,,410,,566,,172,,7.70262270791e-09,,Cannot find cue bottom
sec6-res-util-pool-c4m2,,3223,,pool,,3,,408,,643,,295,,1.19114008208e-23,,Cannot find cue ball
sec6-res-util-pool-c4m2,,3232,,pool,,3,,427,,564,,170,,1.34110450745e-08,,Cannot find cue bottom
sec6-res-util-pool-c4m2,,3238,,pool,,3,,404,,686,,313,,8.10115366731e-26,,Cannot find cue ball
sec6-res-util-pool-c4m2,,3248,,pool,,3,,411,,555,,162,,1.23241963327e-07,,Cannot find cue ball
sec6-res-util-pool-c4m2,,3253,,pool,,3,,410,,670,,321,,8.81557986054e-27,,speech: right
sec6-res-util-pool-c4m2,,3263,,pool,,3,,409,,557,,206,,6.20341283984e-13,,Cannot find cue ball
sec6-res-util-pool-c4m2,,3270,,pool,,3,,410,,507,,113,,0.0979369383708,,Cannot find cue ball
sec6-res-util-pool-c4m2,,3274,,pool,,3,,407,,586,,197,,7.5220924882e-12,,Cannot find cue ball
sec6-res-util-pool-c4m2,,3280,,pool,,3,,442,,546,,154,,1.13254272432e-06,,Cannot find cue ball
sec6-res-util-pool-c4m2,,3285,,pool,,3,,445,,608,,215,,5.11590769747e-14,,Cannot find object ball
sec6-res-util-pool-c4m2,,3292,,pool,,3,,409,,586,,198,,5.70068009959e-12,,Cannot find object ball
sec6-res-util-pool-c4m2,,3298,,pool,,3,,417,,492,,105,,0.9,,Cannot find object ball
sec6-res-util-pool-c4m2,,3302,,pool,,3,,424,,545,,164,,7.07839202699e-08,,Cannot find object ball
sec6-res-util-pool-c4m2,,3307,,pool,,3,,451,,539,,146,,1.04075997151e-05,,Cannot find object ball
sec6-res-util-pool-c4m2,,3312,,pool,,3,,419,,496,,124,,0.00463889499881,,Cannot find object ball
sec6-res-util-pool-c4m2,,3316,,pool,,3,,431,,500,,165,,5.36441802979e-08,,Cannot find object ball
sec6-res-util-pool-c4m2,,3321,,pool,,3,,411,,598,,295,,1.19114008208e-23,,Cannot find object ball
sec6-res-util-pool-c4m2,,3331,,pool,,3,,550,,625,,235,,1.99840144433e-16,,Cannot find object ball
sec6-res-util-pool-c4m2,,3338,,pool,,3,,422,,506,,118,,0.0244842345927,,Cannot find object ball
sec6-res-util-pool-c4m2,,3342,,pool,,3,,406,,530,,136,,0.000166521595442,,Cannot find object ball
sec6-res-util-pool-c4m2,,3347,,pool,,3,,473,,621,,227,,1.83644836138e-15,,Cannot find object ball
sec6-res-util-pool-c4m2,,3354,,pool,,3,,449,,543,,335,,1.81753552563e-28,,Cannot find object ball
sec6-res-util-pool-c4m2,,3365,,pool,,3,,415,,567,,173,,5.83749642198e-09,,Cannot find object ball
sec6-res-util-pool-c4m2,,3370,,pool,,3,,433,,656,,406,,5.13134283278e-37,,Cannot find cue ball
sec6-res-util-pool-c4m2,,3383,,pool,,3,,483,,645,,255,,7.8062556419e-19,,speech: left
sec6-res-util-pool-c4m2,,3391,,pool,,3,,432,,639,,245,,1.2490009027e-17,,speech: left
sec6-res-util-pool-c4m2,,3399,,pool,,3,,423,,518,,124,,0.00463889499881,,speech: left
sec6-res-util-pool-c4m2,,3403,,pool,,3,,424,,574,,179,,1.10599875422e-09,,speech: left
sec6-res-util-pool-c4m2,,3409,,pool,,3,,405,,743,,437,,9.49421550303e-41,,speech: left
sec6-res-util-pool-c4m2,,3423,,pool,,3,,409,,626,,399,,3.57367471483e-36,,speech: left
sec6-res-util-pool-c4m2,,3435,,pool,,3,,414,,576,,183,,3.64843526374e-10,,speech: left
sec6-res-util-pool-c4m2,,3441,,pool,,3,,412,,595,,201,,2.48136513594e-12,,speech: left
sec6-res-util-pool-c4m2,,3447,,pool,,3,,404,,662,,289,,6.28687504455e-23,,speech: left
sec6-res-util-pool-c4m2,,3456,,pool,,3,,409,,613,,223,,5.56707040976e-15,,speech: good
sec6-res-util-pool-c4m2,,3464,,pool,,3,,414,,629,,260,,1.95156391047e-19,,speech: left
sec6-res-util-pool-c4m2,,3472,,pool,,3,,406,,544,,158,,3.73599771007e-07,,speech: left
sec6-res-util-pool-c4m2,,3477,,pool,,3,,407,,580,,187,,1.20353479811e-10,,speech: left
sec6-res-util-pool-c4m2,,3483,,pool,,3,,408,,695,,424,,3.4899167137e-39,,speech: left
sec6-res-util-pool-c4m2,,3496,,pool,,3,,424,,549,,154,,1.13254272432e-06,,Cannot find cue top
sec6-res-util-pool-c4m2,,3501,,pool,,3,,405,,605,,211,,1.55085320996e-13,,Cannot find cue bottom
sec6-res-util-pool-c4m2,,3508,,pool,,3,,431,,591,,197,,7.5220924882e-12,,Cannot find cue bottom
sec6-res-util-pool-c4m2,,3515,,pool,,3,,406,,552,,158,,3.73599771007e-07,,Cannot find cue bottom
sec6-res-util-pool-c4m2,,3520,,pool,,3,,409,,652,,332,,4.17560013688e-28,,Cannot find cue bottom
sec6-res-util-pool-c4m2,,3530,,pool,,3,,432,,551,,207,,4.70130780512e-13,,Cannot find cue bottom
sec6-res-util-pool-c4m2,,3537,,pool,,3,,413,,673,,375,,2.77333911992e-33,,Cannot find cue bottom
sec6-res-util-pool-c4m2,,3549,,pool,,3,,411,,586,,192,,3.00883699528e-11,,Cannot find cue bottom
sec6-res-util-pool-c4m2,,3555,,pool,,3,,406,,514,,183,,3.64843526374e-10,,Cannot find cue bottom
sec6-res-util-pool-c4m2,,3561,,pool,,3,,409,,530,,136,,0.000166521595442,,Cannot find cue bottom
sec6-res-util-pool-c4m2,,3565,,pool,,3,,421,,529,,135,,0.0002197265625,,Cannot find cue bottom
sec6-res-util-pool-c4m2,,3570,,pool,,3,,407,,592,,198,,5.70068009959e-12,,Cannot find cue bottom
sec6-res-util-pool-c4m2,,3576,,pool,,3,,407,,519,,125,,0.003515625,,Cannot find cue bottom
sec6-res-util-pool-c4m2,,3580,,pool,,3,,422,,548,,153,,1.49439908403e-06,,Cannot find cue bottom
sec6-res-util-pool-c4m2,,3585,,pool,,3,,406,,682,,396,,8.21014853244e-36,,Cannot find cue bottom
sec6-res-util-pool-c4m2,,3598,,pool,,3,,412,,510,,115,,0.05625,,Cannot find cue bottom
sec6-res-util-pool-c4m2,,3602,,pool,,3,,406,,461,,67,,1.0,,Cannot find cue top
sec6-res-util-pool-c4m2,,3604,,pool,,3,,407,,582,,290,,4.76456032831e-23,,Cannot find cue top
sec6-res-util-pool-c4m2,,3613,,pool,,3,,407,,549,,155,,8.58306884766e-07,,Cannot find cue top
sec6-res-util-pool-c4m2,,3618,,pool,,3,,407,,574,,250,,3.12250225676e-18,,Cannot find cue top
sec6-res-util-pool-c4m2,,3626,,pool,,3,,417,,621,,262,,1.12087912682e-19,,Cannot find cue bottom
sec6-res-util-pool-c4m2,,3635,,pool,,3,,428,,618,,230,,7.9936057773e-16,,Cannot find cue bottom
sec6-res-util-pool-c4m2,,3642,,pool,,3,,414,,633,,361,,1.34515073556e-31,,Cannot find cue bottom
sec6-res-util-pool-c4m2,,3653,,pool,,3,,420,,535,,144,,1.81206835891e-05,,Cannot find cue top
sec6-res-util-pool-c4m2,,3658,,pool,,3,,408,,491,,97,,0.99984,,Cannot find cue top
sec6-res-util-pool-c4m2,,3661,,pool,,3,,429,,576,,185,,2.09547579288e-10,,Cannot find cue top
sec6-res-util-pool-c4m2,,3667,,pool,,3,,429,,678,,437,,9.49421550303e-41,,Cannot find cue bottom
sec6-res-util-pool-c4m2,,3681,,pool,,3,,412,,519,,128,,0.00153026466204,,Cannot find cue bottom
sec6-res-util-pool-c4m2,,3685,,pool,,3,,432,,593,,350,,2.8398992588e-30,,Cannot find cue bottom
sec6-res-util-pool-c4m2,,3696,,pool,,3,,484,,729,,497,,5.65899342479e-48,,Cannot find cue top
sec6-res-util-pool-c4m2,,3711,,pool,,3,,413,,566,,173,,5.83749642198e-09,,Cannot find cue top
sec6-res-util-pool-c4m2,,3717,,pool,,3,,412,,683,,310,,1.86115637824e-25,,Cannot find cue ball
sec6-res-util-pool-c4m2,,3727,,pool,,3,,408,,649,,289,,6.28687504455e-23,,Cannot find cue bottom
sec6-res-util-pool-c4m2,,3736,,pool,,3,,409,,579,,186,,1.588073687e-10,,Cannot find cue ball
sec6-res-util-pool-c4m2,,3742,,pool,,3,,444,,586,,192,,3.00883699528e-11,,Cannot find cue ball
sec6-res-util-pool-c4m2,,3748,,pool,,3,,431,,659,,298,,5.18473834708e-24,,Cannot find cue ball
sec6-res-util-pool-c4m2,,3758,,pool,,3,,407,,651,,257,,4.48351650727e-19,,Cannot find cue bottom
sec6-res-util-pool-c4m2,,3766,,pool,,3,,411,,587,,195,,1.30967237055e-11,,Cannot find cue ball
sec6-res-util-pool-c4m2,,3772,,pool,,3,,438,,664,,322,,6.680960219e-27,,Cannot find object ball
sec6-res-util-pool-c4m2,,3782,,pool,,3,,405,,554,,160,,2.14576721191e-07,,Cannot find object ball
sec6-res-util-pool-c4m2,,3787,,pool,,3,,405,,726,,424,,3.4899167137e-39,,Cannot find cue ball
sec6-res-util-pool-c4m2,,3801,,pool,,3,,422,,523,,133,,0.000382566165511,,Cannot find cue ball
sec6-res-util-pool-c4m2,,3805,,pool,,3,,435,,757,,363,,7.72586218578e-32,,Cannot find object ball
sec6-res-util-pool-c4m2,,3816,,pool,,3,,411,,594,,202,,1.88052312205e-12,,Cannot find object ball
sec6-res-util-pool-c4m2,,3823,,pool,,3,,412,,587,,193,,2.28027203984e-11,,Cannot find cue bottom
sec6-res-util-pool-c4m2,,3829,,pool,,3,,430,,511,,155,,8.58306884766e-07,,Cannot find cue bottom
sec6-res-util-pool-c4m2,,3834,,pool,,3,,408,,573,,179,,1.10599875422e-09,,Cannot find cue ball
sec6-res-util-pool-c4m2,,3840,,pool,,3,,407,,574,,185,,2.09547579288e-10,,Cannot find cue top
sec6-res-util-pool-c4m2,,3846,,pool,,3,,413,,480,,90,,1.0,,Cannot find cue top
sec6-res-util-pool-c4m2,,3849,,pool,,3,,409,,577,,183,,3.64843526374e-10,,Cannot find cue top
sec6-res-util-pool-c4m2,,3855,,pool,,3,,414,,582,,208,,3.56292506224e-13,,Cannot find cue bottom
sec6-res-util-pool-c4m2,,3862,,pool,,3,,437,,638,,244,,1.64806657168e-17,,Cannot find cue top
sec6-res-util-pool-c4m2,,3870,,pool,,3,,422,,486,,94,,1.0,,Cannot find cue top
sec6-res-util-pool-c4m2,,3873,,pool,,3,,411,,503,,111,,0.170518113732,,Cannot find cue bottom
sec6-res-util-pool-c4m2,,3877,,pool,,3,,448,,535,,140,,5.4931640625e-05,,Cannot find cue bottom
sec6-res-util-pool-c4m2,,3882,,pool,,3,,414,,515,,125,,0.003515625,,Cannot find cue bottom
sec6-res-util-pool-c4m2,,3886,,pool,,3,,437,,584,,190,,5.23868948221e-11,,Cannot find cue bottom
sec6-res-util-pool-c4m2,,3892,,pool,,3,,437,,572,,208,,3.56292506224e-13,,Cannot find cue bottom
sec6-res-util-pool-c4m2,,3899,,pool,,3,,444,,612,,220,,1.27897692437e-14,,Cannot find cue bottom
sec6-res-util-pool-c4m2,,3906,,pool,,3,,423,,520,,127,,0.00201919632714,,Cannot find cue bottom
sec6-res-util-pool-c4m2,,3910,,pool,,3,,431,,565,,171,,1.01636715968e-08,,Cannot find cue bottom
sec6-res-util-pool-c4m2,,3916,,pool,,3,,445,,652,,355,,7.09974814699e-31,,Cannot find cue ball
sec6-res-util-pool-c4m2,,3927,,pool,,3,,418,,528,,137,,0.000126199770446,,Cannot find cue bottom
sec6-res-util-pool-c4m2,,3931,,pool,,3,,432,,556,,165,,5.36441802979e-08,,Cannot find cue bottom
sec6-res-util-pool-c4m2,,3937,,pool,,3,,442,,650,,463,,7.02663072459e-44,,Cannot find cue bottom
sec6-res-util-pool-c4m2,,3951,,pool,,3,,463,,609,,221,,9.69283256225e-15,,Cannot find cue bottom
sec6-res-util-pool-c4m2,,3958,,pool,,3,,446,,583,,212,,1.17532695128e-13,,Cannot find cue bottom
sec6-res-util-pool-c4m2,,3965,,pool,,3,,437,,543,,151,,2.60189992878e-06,,Cannot find cue bottom
sec6-res-util-pool-c4m2,,3970,,pool,,3,,448,,524,,140,,5.4931640625e-05,,Cannot find cue bottom
sec6-res-util-pool-c4m2,,3975,,pool,,3,,432,,682,,322,,6.680960219e-27,,Cannot find cue bottom
sec6-res-util-pool-c4m2,,3985,,pool,,3,,407,,591,,198,,5.70068009959e-12,,Cannot find cue bottom
sec6-res-util-pool-c4m2,,3991,,pool,,3,,432,,647,,287,,1.09460852228e-22,,Cannot find cue bottom
sec6-res-util-pool-c4m2,,4000,,pool,,3,,423,,510,,118,,0.0244842345927,,Cannot find cue bottom
sec6-res-util-pool-c4m2,,4004,,pool,,3,,409,,633,,267,,2.80219781704e-20,,Cannot find cue bottom
sec6-res-util-pool-c4m2,,7,,pool,,3,,407,,565,,171,,1.01636715968e-08,,Cannot find cue bottom
sec6-res-util-pool-c4m2,,12,,pool,,3,,435,,679,,311,,1.41049277769e-25,,Cannot find cue bottom
sec6-res-util-pool-c4m2,,22,,pool,,3,,410,,610,,292,,2.7365213057e-23,,Cannot find cue bottom
sec6-res-util-pool-c4m2,,31,,pool,,3,,413,,619,,296,,9.02715377719e-24,,Cannot find cue top
sec6-res-util-pool-c4m2,,41,,pool,,3,,407,,486,,92,,1.0,,Cannot find cue bottom
sec6-res-util-pool-c4m2,,44,,pool,,3,,420,,598,,203,,1.4251700249e-12,,Cannot find cue bottom
sec6-res-util-pool-c4m2,,50,,pool,,3,,406,,586,,192,,3.00883699528e-11,,Cannot find cue bottom
sec6-res-util-pool-c4m2,,56,,pool,,3,,406,,563,,169,,1.76959800675e-08,,Cannot find cue ball
sec6-res-util-pool-c4m2,,62,,pool,,3,,406,,600,,206,,6.20341283984e-13,,Cannot find cue ball
sec6-res-util-pool-c4m2,,69,,pool,,3,,407,,518,,123,,0.00612105864818,,Cannot find cue ball
sec6-res-util-pool-c4m2,,73,,pool,,3,,408,,549,,154,,1.13254272432e-06,,Cannot find cue ball
sec6-res-util-pool-c4m2,,78,,pool,,3,,441,,668,,373,,4.82866386611e-33,,speech: left
sec6-res-util-pool-c4m2,,89,,pool,,3,,408,,564,,170,,1.34110450745e-08,,Cannot find cue ball
sec6-res-util-pool-c4m2,,95,,pool,,3,,442,,609,,224,,4.2190504235e-15,,Cannot find object ball
sec6-res-util-pool-c4m2,,102,,pool,,3,,435,,577,,186,,1.588073687e-10,,Cannot find cue ball
sec6-res-util-pool-c4m2,,108,,pool,,3,,416,,592,,202,,1.88052312205e-12,,Cannot find object ball
sec6-res-util-pool-c4m2,,115,,pool,,3,,418,,647,,294,,1.57171876114e-23,,Cannot find object ball
sec6-res-util-pool-c4m2,,124,,pool,,3,,431,,613,,226,,2.42320814056e-15,,Cannot find cue ball
sec6-res-util-pool-c4m2,,131,,pool,,3,,596,,728,,334,,2.39825250418e-28,,Cannot find object ball
sec6-res-util-pool-c4m2,,142,,pool,,3,,422,,617,,231,,6.0580203514e-16,,speech: right
sec6-res-util-pool-c4m2,,149,,pool,,3,,424,,572,,179,,1.10599875422e-09,,speech: right
sec6-res-util-pool-c4m2,,155,,pool,,3,,407,,517,,123,,0.00612105864818,,Cannot find cue ball
sec6-res-util-pool-c4m2,,159,,pool,,3,,424,,649,,341,,3.44358588302e-29,,Cannot find cue ball
sec6-res-util-pool-c4m2,,170,,pool,,3,,413,,517,,131,,0.000666086381767,,Cannot find cue ball
sec6-res-util-pool-c4m2,,174,,pool,,3,,410,,485,,95,,1.0,,Cannot find object ball
sec6-res-util-pool-c4m2,,177,,pool,,3,,422,,483,,90,,1.0,,Cannot find object ball
sec6-res-util-pool-c4m2,,181,,pool,,3,,414,,486,,102,,0.97599,,Cannot find cue ball
sec6-res-util-pool-c4m2,,184,,pool,,3,,502,,609,,305,,7.44462551298e-25,,Cannot find object ball
sec6-res-util-pool-c4m2,,194,,pool,,3,,408,,472,,81,,1.0,,Cannot find object ball
sec6-res-util-pool-c4m2,,197,,pool,,3,,732,,831,,444,,1.36324871629e-41,,Cannot find object ball
sec6-res-util-pool-c4m2,,211,,pool,,3,,417,,547,,159,,2.8313568108e-07,,Cannot find cue top
sec6-res-util-pool-c4m2,,216,,pool,,3,,411,,589,,195,,1.30967237055e-11,,Cannot find cue bottom
sec6-res-util-pool-c4m2,,222,,pool,,3,,408,,555,,168,,2.33499856879e-08,,Cannot find cue top
sec6-res-util-pool-c4m2,,228,,pool,,3,,409,,513,,120,,0.0140625,,Cannot find cue ball
sec6-res-util-pool-c4m2,,232,,pool,,3,,418,,524,,131,,0.000666086381767,,Cannot find cue top
sec6-res-util-pool-c4m2,,236,,pool,,3,,505,,599,,206,,6.20341283984e-13,,Cannot find cue top
sec6-res-util-pool-c4m2,,243,,pool,,3,,439,,489,,111,,0.170518113732,,Cannot find cue bottom
sec6-res-util-pool-c4m2,,246,,pool,,3,,420,,473,,94,,1.0,,Cannot find cue bottom
sec6-res-util-pool-c4m2,,250,,pool,,3,,412,,563,,172,,7.70262270791e-09,,Cannot find cue bottom
sec6-res-util-pool-c4m2,,255,,pool,,3,,464,,539,,149,,4.53017089728e-06,,Cannot find cue bottom
sec6-res-util-pool-c4m2,,261,,pool,,3,,466,,609,,219,,1.6876201694e-14,,Cannot find cue bottom
sec6-res-util-pool-c4m2,,267,,pool,,3,,442,,510,,116,,0.0426295284331,,Cannot find cue bottom
sec6-res-util-pool-c4m2,,271,,pool,,3,,446,,543,,170,,1.34110450745e-08,,Cannot find cue ball
sec6-res-util-pool-c4m2,,277,,pool,,3,,408,,532,,139,,7.24827343564e-05,,Cannot find cue ball
sec6-res-util-pool-c4m2,,281,,pool,,3,,455,,547,,153,,1.49439908403e-06,,Cannot find cue ball
sec6-res-util-pool-c4m2,,286,,pool,,3,,424,,494,,104,,0.93439,,Cannot find cue ball
sec6-res-util-pool-c4m2,,290,,pool,,3,,446,,575,,189,,6.91249221386e-11,,Cannot find cue ball
sec6-res-util-pool-c4m2,,296,,pool,,3,,448,,585,,200,,3.27418092638e-12,,Cannot find cue bottom
sec6-res-util-pool-c4m2,,303,,pool,,3,,406,,653,,259,,2.57510401825e-19,,Cannot find cue bottom
sec6-res-util-pool-c4m2,,311,,pool,,3,,406,,532,,141,,4.16303988605e-05,,Cannot find cue bottom
sec6-res-util-pool-c4m2,,316,,pool,,3,,407,,533,,140,,5.4931640625e-05,,Cannot find cue bottom
sec6-res-util-pool-c4m2,,320,,pool,,3,,423,,596,,209,,2.70019227104e-13,,Cannot find cue bottom
sec6-res-util-pool-c4m2,,327,,pool,,3,,492,,564,,183,,3.64843526374e-10,,Cannot find cue bottom
sec6-res-util-pool-c4m2,,333,,pool,,3,,517,,645,,252,,1.79340660291e-18,,Cannot find cue bottom
sec6-res-util-pool-c4m2,,341,,pool,,3,,410,,580,,186,,1.588073687e-10,,Cannot find cue bottom
sec6-res-util-pool-c4m2,,347,,pool,,3,,407,,609,,216,,3.8771330249e-14,,Cannot find cue bottom
sec6-res-util-pool-c4m2,,354,,pool,,3,,410,,503,,109,,0.296889279924,,Cannot find cue bottom
sec6-res-util-pool-c4m2,,358,,pool,,3,,418,,639,,246,,9.46565679907e-18,,Cannot find cue bottom
sec6-res-util-pool-c4m2,,365,,pool,,3,,416,,585,,191,,3.9701842175e-11,,Cannot find cue bottom
sec6-res-util-pool-c4m2,,372,,pool,,3,,410,,597,,204,,1.08007690842e-12,,Cannot find cue ball
sec6-res-util-pool-c4m2,,378,,pool,,3,,432,,572,,182,,4.81413919245e-10,,Cannot find cue bottom
sec6-res-util-pool-c4m2,,384,,pool,,3,,406,,576,,182,,4.81413919245e-10,,Cannot find cue bottom
sec6-res-util-pool-c4m2,,390,,pool,,3,,409,,583,,189,,6.91249221386e-11,,Cannot find cue bottom
sec6-res-util-pool-c4m2,,396,,pool,,3,,411,,570,,175,,3.35276126862e-09,,Cannot find cue bottom
sec6-res-util-pool-c4m2,,402,,pool,,3,,411,,674,,330,,7.27014210252e-28,,Cannot find cue bottom
sec6-res-util-pool-c4m2,,412,,pool,,3,,492,,719,,325,,2.90805684101e-27,,Cannot find object ball
sec6-res-util-pool-c4m2,,422,,pool,,3,,405,,612,,363,,7.72586218578e-32,,Cannot find object ball
sec6-res-util-pool-c4m2,,434,,pool,,3,,410,,617,,292,,2.7365213057e-23,,Cannot find cue ball
sec6-res-util-pool-c4m2,,443,,pool,,3,,416,,688,,396,,8.21014853244e-36,,Cannot find cue ball
sec6-res-util-pool-c4m2,,455,,pool,,3,,407,,666,,294,,1.57171876114e-23,,Cannot find cue ball
sec6-res-util-pool-c4m2,,464,,pool,,3,,410,,603,,209,,2.70019227104e-13,,Cannot find cue ball
sec6-res-util-pool-c4m2,,471,,pool,,3,,441,,735,,374,,3.65944290799e-33,,Cannot find cue ball
sec6-res-util-pool-c4m2,,483,,pool,,3,,409,,593,,199,,4.32030763366e-12,,Cannot find cue bottom
sec6-res-util-pool-c4m2,,489,,pool,,3,,494,,740,,386,,1.31362376519e-34,,Cannot find cue bottom
sec6-res-util-pool-c4m2,,501,,pool,,3,,409,,583,,188,,9.12108815935e-11,,Cannot find cue bottom
sec6-res-util-pool-c4m2,,507,,pool,,3,,427,,760,,395,,1.08333559372e-35,,Cannot find cue bottom
sec6-res-util-pool-c4m2,,520,,pool,,3,,420,,549,,155,,8.58306884766e-07,,Cannot find cue bottom
sec6-res-util-pool-c4m2,,525,,pool,,3,,407,,668,,328,,1.26580526052e-27,,Cannot find cue bottom
sec6-res-util-pool-c4m2,,535,,pool,,3,,443,,534,,148,,5.97759633611e-06,,Cannot find cue bottom
sec6-res-util-pool-c4m2,,540,,pool,,3,,407,,593,,250,,3.12250225676e-18,,Cannot find object ball
sec6-res-util-pool-c4m2,,548,,pool,,3,,415,,502,,108,,0.391747753483,,Cannot find cue ball
sec6-res-util-pool-c4m2,,551,,pool,,3,,456,,597,,203,,1.4251700249e-12,,Cannot find cue bottom
sec6-res-util-pool-c4m2,,558,,pool,,3,,406,,687,,441,,3.13192311571e-41,,Cannot find cue bottom
sec6-res-util-pool-c4m2,,572,,pool,,3,,409,,499,,105,,0.9,,Cannot find cue bottom
sec6-res-util-pool-c4m2,,576,,pool,,3,,496,,686,,297,,6.84130326426e-24,,Cannot find cue bottom
sec6-res-util-pool-c4m2,,585,,pool,,3,,415,,493,,100,,0.99375,,Cannot find cue bottom
sec6-res-util-pool-c4m2,,589,,pool,,3,,411,,561,,214,,6.7504806776e-14,,Cannot find cue bottom
sec6-res-util-pool-c4m2,,596,,pool,,3,,421,,545,,152,,1.97187141323e-06,,Cannot find cue bottom
sec6-res-util-pool-c4m2,,601,,pool,,3,,413,,494,,253,,1.35914804926e-18,,Cannot find cue bottom
sec6-res-util-pool-c4m2,,609,,pool,,3,,417,,574,,180,,8.38190317154e-10,,Cannot find cue bottom
sec6-res-util-pool-c4m2,,615,,pool,,3,,404,,603,,210,,2.04636307899e-13,,Cannot find object ball
sec6-res-util-pool-c4m2,,621,,pool,,3,,520,,639,,247,,7.17362641163e-18,,Cannot find cue bottom
sec6-res-util-pool-c4m2,,629,,pool,,3,,466,,775,,384,,2.28715181749e-34,,Cannot find cue bottom
sec6-res-util-pool-c4m2,,641,,pool,,3,,484,,577,,183,,3.64843526374e-10,,Cannot find cue top
sec6-res-util-pool-c4m2,,647,,pool,,3,,414,,491,,99,,0.99744,,Cannot find cue bottom
sec6-res-util-pool-c4m2,,650,,pool,,3,,406,,603,,213,,8.90731265561e-14,,Cannot find cue bottom
sec6-res-util-pool-c4m2,,657,,pool,,3,,505,,635,,245,,1.2490009027e-17,,Cannot find cue bottom
sec6-res-util-pool-c4m2,,665,,pool,,3,,468,,589,,259,,2.57510401825e-19,,Cannot find cue bottom
sec6-res-util-pool-c4m2,,673,,pool,,3,,411,,547,,155,,8.58306884766e-07,,Cannot find cue bottom
sec6-res-util-pool-c4m2,,678,,pool,,3,,420,,573,,181,,6.35229474799e-10,,Cannot find cue bottom
sec6-res-util-pool-c4m2,,684,,pool,,3,,434,,530,,138,,9.56415413777e-05,,Cannot find cue bottom
sec6-res-util-pool-c4m2,,689,,pool,,3,,421,,628,,388,,7.5447872908e-35,,Cannot find cue bottom
sec6-res-util-pool-c4m2,,701,,pool,,3,,411,,523,,173,,5.83749642198e-09,,Cannot find cue bottom
sec6-res-util-pool-c4m2,,707,,pool,,3,,412,,526,,134,,0.000289930937426,,Cannot find cue bottom
sec6-res-util-pool-c4m2,,711,,pool,,3,,413,,541,,148,,5.97759633611e-06,,Cannot find cue bottom
sec6-res-util-pool-c4m2,,716,,pool,,3,,411,,580,,187,,1.20353479811e-10,,Cannot find cue bottom
sec6-res-util-pool-c4m2,,722,,pool,,3,,415,,620,,296,,9.02715377719e-24,,Cannot find cue ball
sec6-res-util-pool-c4m2,,731,,pool,,3,,407,,591,,197,,7.5220924882e-12,,Cannot find cue bottom
sec6-res-util-pool-c4m2,,738,,pool,,3,,406,,590,,197,,7.5220924882e-12,,Cannot find cue bottom
sec6-res-util-pool-c4m2,,744,,pool,,3,,421,,541,,150,,3.43322753906e-06,,Cannot find cue top
sec6-res-util-pool-c4m2,,749,,pool,,3,,407,,499,,104,,0.93439,,Cannot find cue top
sec6-res-util-pool-c4m2,,753,,pool,,3,,443,,661,,300,,2.97785020519e-24,,Cannot find cue top
sec6-res-util-pool-c4m2,,762,,pool,,3,,408,,642,,294,,1.57171876114e-23,,Cannot find cue bottom
sec6-res-util-pool-c4m2,,772,,pool,,3,,412,,660,,292,,2.7365213057e-23,,Cannot find cue top
sec6-res-util-pool-c4m2,,781,,pool,,3,,413,,556,,162,,1.23241963327e-07,,Cannot find cue top
sec6-res-util-pool-c4m2,,786,,pool,,3,,435,,495,,101,,0.98704,,Cannot find cue top
sec6-res-util-pool-c4m2,,789,,pool,,3,,406,,558,,164,,7.07839202699e-08,,Cannot find cue bottom
sec6-res-util-pool-c4m2,,795,,pool,,3,,409,,663,,332,,4.17560013688e-28,,Cannot find cue ball
sec6-res-util-pool-c4m2,,805,,pool,,3,,409,,596,,202,,1.88052312205e-12,,Cannot find cue top
sec6-res-util-pool-c4m2,,812,,pool,,3,,407,,519,,175,,3.35276126862e-09,,Cannot find cue top
sec6-res-util-pool-c4m2,,818,,pool,,3,,409,,590,,196,,9.92546054374e-12,,Cannot find cue bottom
sec6-res-util-pool-c4m2,,824,,pool,,3,,407,,494,,100,,0.99375,,Cannot find cue top
sec6-res-util-pool-c4m2,,827,,pool,,3,,410,,502,,108,,0.391747753483,,Cannot find cue top
sec6-res-util-pool-c4m2,,831,,pool,,3,,405,,577,,262,,1.12087912682e-19,,Cannot find cue top
sec6-res-util-pool-c4m2,,839,,pool,,3,,410,,583,,188,,9.12108815935e-11,,Cannot find cue top
sec6-res-util-pool-c4m2,,845,,pool,,3,,405,,591,,286,,1.44434460435e-22,,Cannot find cue top
sec6-res-util-pool-c4m2,,854,,pool,,3,,406,,599,,204,,1.08007690842e-12,,Cannot find cue bottom
sec6-res-util-pool-c4m2,,861,,pool,,3,,405,,689,,382,,3.98216260612e-34,,Cannot find cue ball
sec6-res-util-pool-c4m2,,873,,pool,,3,,406,,495,,100,,0.99375,,Cannot find cue bottom
sec6-res-util-pool-c4m2,,876,,pool,,3,,405,,661,,487,,9.05438947967e-47,,Cannot find cue ball
sec6-res-util-pool-c4m2,,891,,pool,,3,,412,,637,,293,,2.07389533883e-23,,Cannot find cue bottom
sec6-res-util-pool-c4m2,,901,,pool,,3,,421,,739,,393,,1.8861968227e-35,,Cannot find cue bottom
sec6-res-util-pool-c4m2,,913,,pool,,3,,407,,656,,296,,9.02715377719e-24,,Cannot find cue ball
sec6-res-util-pool-c4m2,,922,,pool,,3,,406,,614,,291,,3.61086151088e-23,,Cannot find cue bottom
sec6-res-util-pool-c4m2,,931,,pool,,3,,409,,553,,202,,1.88052312205e-12,,Cannot find cue ball
sec6-res-util-pool-c4m2,,938,,pool,,3,,405,,605,,280,,7.62329652529e-22,,Cannot find cue bottom
sec6-res-util-pool-c4m2,,947,,pool,,3,,406,,615,,292,,2.7365213057e-23,,Cannot find cue bottom
sec6-res-util-pool-c4m2,,956,,pool,,3,,410,,517,,123,,0.00612105864818,,Cannot find object ball
sec6-res-util-pool-c4m2,,960,,pool,,3,,406,,682,,357,,4.07773450867e-31,,Cannot find object ball
sec6-res-util-pool-c4m2,,971,,pool,,3,,406,,511,,117,,0.0323071412343,,Cannot find cue bottom
sec6-res-util-pool-c4m2,,975,,pool,,3,,406,,562,,167,,3.08104908317e-08,,Cannot find cue bottom
sec6-res-util-pool-c4m2,,981,,pool,,3,,404,,616,,388,,7.5447872908e-35,,Cannot find cue bottom
sec6-res-util-pool-c4m2,,993,,pool,,3,,410,,686,,396,,8.21014853244e-36,,Cannot find cue bottom
sec6-res-util-pool-c4m2,,1005,,pool,,3,,408,,582,,187,,1.20353479811e-10,,Cannot find cue bottom
sec6-res-util-pool-c4m2,,1011,,pool,,3,,436,,747,,399,,3.57367471483e-36,,Cannot find cue bottom
sec6-res-util-pool-c4m2,,1023,,pool,,3,,409,,657,,263,,8.49467530786e-20,,Cannot find cue bottom
sec6-res-util-pool-c4m2,,1032,,pool,,3,,444,,673,,318,,2.02528841683e-26,,Cannot find cue bottom
sec6-res-util-pool-c4m2,,1042,,pool,,3,,412,,535,,141,,4.16303988605e-05,,Cannot find cue ball
sec6-res-util-pool-c4m2,,1046,,pool,,3,,407,,601,,206,,6.20341283984e-13,,Cannot find object ball
sec6-res-util-pool-c4m2,,1053,,pool,,3,,405,,575,,181,,6.35229474799e-10,,Cannot find cue ball
sec6-res-util-pool-c4m2,,1059,,pool,,3,,433,,665,,330,,7.27014210252e-28,,Cannot find cue ball
sec6-res-util-pool-c4m2,,1069,,pool,,3,,406,,623,,294,,1.57171876114e-23,,Cannot find cue bottom
sec6-res-util-pool-c4m2,,1079,,pool,,3,,408,,701,,391,,3.28405941298e-35,,Cannot find object ball
sec6-res-util-pool-c4m2,,1091,,pool,,3,,403,,599,,204,,1.08007690842e-12,,Cannot find cue ball
sec6-res-util-pool-c4m2,,1097,,pool,,3,,404,,610,,281,,5.7773784174e-22,,Cannot find cue ball
sec6-res-util-pool-c4m2,,1106,,pool,,3,,405,,571,,176,,2.5409178992e-09,,Cannot find cue ball
sec6-res-util-pool-c4m2,,1112,,pool,,3,,405,,776,,418,,1.84198908467e-38,,Cannot find object ball
sec6-res-util-pool-c4m2,,1125,,pool,,3,,407,,673,,290,,4.76456032831e-23,,Cannot find object ball
sec6-res-util-pool-c4m2,,1134,,pool,,3,,441,,744,,399,,3.57367471483e-36,,Cannot find object ball
sec6-res-util-pool-c4m2,,1146,,pool,,3,,410,,560,,165,,5.36441802979e-08,,Cannot find cue top
sec6-res-util-pool-c4m2,,1152,,pool,,3,,407,,574,,180,,8.38190317154e-10,,Cannot find cue top
sec6-res-util-pool-c4m2,,1157,,pool,,3,,408,,577,,183,,3.64843526374e-10,,Cannot find cue top
sec6-res-util-pool-c4m2,,1163,,pool,,3,,404,,579,,185,,2.09547579288e-10,,Cannot find cue top
sec6-res-util-pool-c4m2,,1169,,pool,,3,,404,,517,,122,,0.00807678530857,,Cannot find cue top
sec6-res-util-pool-c4m2,,1173,,pool,,3,,408,,562,,167,,3.08104908317e-08,,Cannot find cue top
sec6-res-util-pool-c4m2,,1179,,pool,,3,,448,,656,,340,,4.54383881407e-29,,Cannot find cue top
sec6-res-util-pool-c4m2,,1189,,pool,,3,,406,,726,,395,,1.08333559372e-35,,Cannot find cue top
sec6-res-util-pool-c4m2,,1202,,pool,,3,,408,,616,,292,,2.7365213057e-23,,Cannot find cue bottom
sec6-res-util-pool-c4m2,,1211,,pool,,3,,407,,539,,144,,1.81206835891e-05,,Cannot find cue bottom
sec6-res-util-pool-c4m2,,1215,,pool,,3,,421,,472,,78,,1.0,,Cannot find cue top
sec6-res-util-pool-c4m2,,1218,,pool,,3,,429,,566,,172,,7.70262270791e-09,,Cannot find cue top
sec6-res-util-pool-c4m2,,1224,,pool,,3,,443,,680,,370,,1.10933564797e-32,,Cannot find cue bottom
sec6-res-util-pool-c4m2,,1235,,pool,,3,,409,,508,,113,,0.0979369383708,,Cannot find cue top
sec6-res-util-pool-c4m2,,1239,,pool,,3,,432,,476,,81,,1.0,,Cannot find cue top
sec6-res-util-pool-c4m2,,1242,,pool,,3,,407,,553,,158,,3.73599771007e-07,,Cannot find cue top
sec6-res-util-pool-c4m2,,1247,,pool,,3,,405,,523,,128,,0.00153026466204,,Cannot find cue top
sec6-res-util-pool-c4m2,,1252,,pool,,3,,417,,557,,163,,9.33999427517e-08,,Cannot find cue top
sec6-res-util-pool-c4m2,,1257,,pool,,3,,411,,647,,253,,1.35914804926e-18,,Cannot find cue top
sec6-res-util-pool-c4m2,,1265,,pool,,3,,408,,524,,130,,0.00087890625,,Cannot find cue top
sec6-res-util-pool-c4m2,,1269,,pool,,3,,429,,639,,290,,4.76456032831e-23,,Cannot find cue bottom
sec6-res-util-pool-c4m2,,1278,,pool,,3,,407,,640,,290,,4.76456032831e-23,,Cannot find cue bottom
sec6-res-util-pool-c4m2,,1288,,pool,,3,,421,,577,,182,,4.81413919245e-10,,Cannot find cue bottom
sec6-res-util-pool-c4m2,,1293,,pool,,3,,406,,669,,302,,1.71032581607e-24,,Cannot find cue bottom
sec6-res-util-pool-c4m2,,1303,,pool,,3,,410,,647,,294,,1.57171876114e-23,,Cannot find cue bottom
sec6-res-util-pool-c4m2,,1312,,pool,,3,,405,,562,,208,,3.56292506224e-13,,Cannot find cue bottom
sec6-res-util-pool-c4m2,,1319,,pool,,3,,406,,617,,277,,1.75137363565e-21,,Cannot find cue bottom
sec6-res-util-pool-c4m2,,1327,,pool,,3,,408,,605,,211,,1.55085320996e-13,,Cannot find cue bottom
sec6-res-util-pool-c4m2,,1334,,pool,,3,,404,,585,,191,,3.9701842175e-11,,Cannot find cue bottom
sec6-res-util-pool-c4m2,,1340,,pool,,3,,406,,513,,118,,0.0244842345927,,Cannot find cue bottom
sec6-res-util-pool-c4m2,,1344,,pool,,3,,426,,640,,345,,1.13595970352e-29,,Cannot find cue bottom
sec6-res-util-pool-c4m2,,1355,,pool,,3,,408,,597,,202,,1.88052312205e-12,,Cannot find cue bottom
sec6-res-util-pool-c4m2,,1362,,pool,,3,,406,,597,,279,,1.00590000713e-21,,Cannot find cue bottom
sec6-res-util-pool-c4m2,,1371,,pool,,3,,407,,496,,101,,0.98704,,Cannot find cue bottom
sec6-res-util-pool-c4m2,,1374,,pool,,3,,438,,580,,186,,1.588073687e-10,,Cannot find cue bottom
sec6-res-util-pool-c4m2,,1380,,pool,,3,,438,,666,,292,,2.7365213057e-23,,Cannot find cue bottom
sec6-res-util-pool-c4m2,,1389,,pool,,3,,409,,572,,178,,1.4593741055e-09,,Cannot find cue ball
sec6-res-util-pool-c4m2,,1395,,pool,,3,,406,,591,,196,,9.92546054374e-12,,Cannot find cue ball
sec6-res-util-pool-c4m2,,1401,,pool,,3,,407,,676,,292,,2.7365213057e-23,,Cannot find cue bottom
sec6-res-util-pool-c4m2,,1410,,pool,,3,,422,,511,,114,,0.074222319981,,Cannot find cue bottom
sec6-res-util-pool-c4m2,,1414,,pool,,3,,406,,600,,203,,1.4251700249e-12,,Cannot find cue bottom
sec6-res-util-pool-c4m2,,1421,,pool,,3,,403,,595,,360,,1.77493703675e-31,,Cannot find object ball
sec6-res-util-pool-c4m2,,1432,,pool,,3,,407,,609,,214,,6.7504806776e-14,,Cannot find cue bottom
sec6-res-util-pool-c4m2,,1439,,pool,,3,,406,,588,,270,,1.21972744405e-20,,Cannot find cue bottom
sec6-res-util-pool-c4m2,,1447,,pool,,3,,408,,698,,395,,1.08333559372e-35,,Cannot find cue bottom
sec6-res-util-pool-c4m2,,1460,,pool,,3,,415,,598,,203,,1.4251700249e-12,,Cannot find cue ball
sec6-res-util-pool-c4m2,,1466,,pool,,3,,406,,699,,382,,3.98216260612e-34,,Cannot find cue ball
sec6-res-util-pool-c4m2,,1478,,pool,,3,,407,,622,,292,,2.7365213057e-23,,Cannot find cue bottom
sec6-res-util-pool-c4m2,,1487,,pool,,3,,410,,570,,176,,2.5409178992e-09,,Cannot find cue bottom
sec6-res-util-pool-c4m2,,1493,,pool,,3,,406,,677,,306,,5.64197111074e-25,,Cannot find cue bottom
sec6-res-util-pool-c4m2,,1503,,pool,,3,,407,,661,,291,,3.61086151088e-23,,Cannot find cue bottom
sec6-res-util-pool-c4m2,,1512,,pool,,3,,410,,488,,93,,1.0,,Cannot find cue bottom
sec6-res-util-pool-c4m2,,1515,,pool,,3,,408,,641,,513,,6.70111725291e-50,,Cannot find cue bottom
sec6-res-util-pool-c4m2,,1531,,pool,,3,,405,,475,,115,,0.05625,,Cannot find cue bottom
sec6-res-util-pool-c4m2,,1535,,pool,,3,,405,,603,,208,,3.56292506224e-13,,Cannot find cue bottom
sec6-res-util-pool-c4m2,,1541,,pool,,3,,405,,501,,107,,0.516914259749,,Cannot find cue bottom
sec6-res-util-pool-c4m2,,1545,,pool,,3,,404,,641,,316,,3.52623194421e-26,,Cannot find cue bottom
sec6-res-util-pool-c4m2,,1555,,pool,,3,,407,,627,,288,,8.29558135533e-23,,Cannot find cue bottom
sec6-res-util-pool-c4m2,,1564,,pool,,3,,407,,608,,214,,6.7504806776e-14,,Cannot find cue bottom
sec6-res-util-pool-c4m2,,1571,,pool,,3,,405,,591,,265,,4.87890977618e-20,,Cannot find cue bottom
sec6-res-util-pool-c4m2,,1579,,pool,,3,,407,,599,,205,,8.18545231596e-13,,Cannot find cue bottom
sec6-res-util-pool-c4m2,,1586,,pool,,3,,406,,681,,382,,3.98216260612e-34,,Cannot find cue bottom
sec6-res-util-pool-c4m2,,1598,,pool,,3,,408,,515,,120,,0.0140625,,Cannot find cue bottom
sec6-res-util-pool-c4m2,,1602,,pool,,3,,442,,648,,362,,1.01943362717e-31,,Cannot find cue bottom
sec6-res-util-pool-c4m2,,1613,,pool,,3,,406,,673,,288,,8.29558135533e-23,,Cannot find cue bottom
sec6-res-util-pool-c4m2,,1622,,pool,,3,,407,,611,,292,,2.7365213057e-23,,Cannot find cue bottom
sec6-res-util-pool-c4m2,,1632,,pool,,3,,405,,672,,291,,3.61086151088e-23,,Cannot find cue top
sec6-res-util-pool-c4m2,,1641,,pool,,3,,403,,523,,157,,4.92967853306e-07,,Cannot find cue top
sec6-res-util-pool-c4m2,,1646,,pool,,3,,409,,613,,218,,2.2268281639e-14,,Cannot find cue bottom
sec6-res-util-pool-c4m2,,1653,,pool,,3,,445,,559,,164,,7.07839202699e-08,,Cannot find cue top
sec6-res-util-pool-c4m2,,1658,,pool,,3,,406,,564,,170,,1.34110450745e-08,,Cannot find cue top
sec6-res-util-pool-c4m2,,1664,,pool,,3,,405,,626,,244,,1.64806657168e-17,,Cannot find cue bottom
sec6-res-util-pool-c4m2,,1672,,pool,,3,,423,,569,,174,,4.42399501687e-09,,Cannot find cue top
sec6-res-util-pool-c4m2,,1677,,pool,,3,,431,,586,,194,,1.72812305347e-11,,Cannot find cue top
sec6-res-util-pool-c4m2,,1683,,pool,,3,,412,,557,,163,,9.33999427517e-08,,Cannot find cue top
sec6-res-util-pool-c4m2,,1689,,pool,,3,,411,,506,,111,,0.170518113732,,Cannot find cue top
sec6-res-util-pool-c4m2,,1692,,pool,,3,,421,,547,,152,,1.97187141323e-06,,Cannot find cue top
sec6-res-util-pool-c4m2,,1697,,pool,,3,,404,,595,,200,,3.27418092638e-12,,Cannot find cue bottom
sec6-res-util-pool-c4m2,,1704,,pool,,3,,440,,515,,145,,1.37329101563e-05,,Cannot find cue top
sec6-res-util-pool-c4m2,,1709,,pool,,3,,407,,610,,284,,2.51475001782e-22,,Cannot find cue bottom
sec6-res-util-pool-c4m2,,1718,,pool,,3,,407,,692,,396,,8.21014853244e-36,,Cannot find cue ball
sec6-res-util-pool-c4m2,,1730,,pool,,3,,406,,788,,500,,2.46321995682e-48,,Cannot find cue bottom
sec6-res-util-pool-c4m2,,1745,,pool,,3,,409,,603,,208,,3.56292506224e-13,,Cannot find cue ball
sec6-res-util-pool-c4m2,,1752,,pool,,3,,440,,572,,276,,2.31095136696e-21,,Cannot find cue ball
sec6-res-util-pool-c4m2,,1761,,pool,,3,,406,,579,,184,,2.76499688554e-10,,Cannot find object ball
sec6-res-util-pool-c4m2,,1767,,pool,,3,,404,,492,,98,,0.99919,,Cannot find cue bottom
sec6-res-util-pool-c4m2,,1770,,pool,,3,,443,,754,,394,,1.42946988593e-35,,Cannot find cue bottom
sec6-res-util-pool-c4m2,,1782,,pool,,3,,407,,646,,298,,5.18473834708e-24,,Cannot find cue bottom
sec6-res-util-pool-c4m2,,1791,,pool,,3,,411,,676,,393,,1.8861968227e-35,,Cannot find cue bottom
sec6-res-util-pool-c4m2,,1804,,pool,,3,,425,,563,,290,,4.76456032831e-23,,Cannot find cue bottom
sec6-res-util-pool-c4m2,,1813,,pool,,3,,411,,661,,291,,3.61086151088e-23,,Cannot find cue bottom
sec6-res-util-pool-c4m2,,1822,,pool,,3,,406,,546,,151,,2.60189992878e-06,,Cannot find cue bottom
sec6-res-util-pool-c4m2,,1827,,pool,,3,,433,,672,,331,,5.50973741283e-28,,Cannot find cue bottom
sec6-res-util-pool-c4m2,,1837,,pool,,3,,408,,518,,124,,0.00463889499881,,speech: left
sec6-res-util-pool-c4m2,,1842,,pool,,3,,409,,592,,198,,5.70068009959e-12,,speech: good
sec6-res-util-pool-c4m2,,1848,,pool,,3,,440,,615,,256,,5.91603549942e-19,,speech: good
sec6-res-util-pool-c4m2,,1856,,pool,,3,,409,,603,,208,,3.56292506224e-13,,speech: good
sec6-res-util-pool-c4m2,,1863,,pool,,3,,407,,672,,370,,1.10933564797e-32,,Cannot find cue bottom
sec6-res-util-pool-c4m2,,1874,,pool,,3,,407,,682,,398,,4.71549205675e-36,,Cannot find cue bottom
sec6-res-util-pool-c4m2,,1887,,pool,,3,,409,,500,,105,,0.9,,Cannot find cue bottom
sec6-res-util-pool-c4m2,,1890,,pool,,3,,408,,584,,189,,6.91249221386e-11,,Cannot find cue bottom
sec6-res-util-pool-c4m2,,1896,,pool,,3,,406,,573,,276,,2.31095136696e-21,,Cannot find cue bottom
sec6-res-util-pool-c4m2,,1905,,pool,,3,,409,,657,,291,,3.61086151088e-23,,Cannot find cue bottom
sec6-res-util-pool-c4m2,,1914,,pool,,3,,408,,534,,139,,7.24827343564e-05,,Cannot find cue bottom
sec6-res-util-pool-c4m2,,1919,,pool,,3,,406,,681,,347,,6.52437521387e-30,,Cannot find cue bottom
sec6-res-util-pool-c4m2,,1930,,pool,,3,,410,,653,,296,,9.02715377719e-24,,Cannot find cue bottom
sec6-res-util-pool-c4m2,,1939,,pool,,3,,410,,705,,389,,5.71787954373e-35,,Cannot find cue bottom
sec6-res-util-pool-c4m2,,1951,,pool,,3,,408,,632,,295,,1.19114008208e-23,,Cannot find cue bottom
sec6-res-util-pool-c4m2,,1960,,pool,,3,,409,,622,,288,,8.29558135533e-23,,Cannot find cue bottom
sec6-res-util-pool-c4m2,,1969,,pool,,3,,406,,570,,177,,1.92565567698e-09,,Cannot find cue bottom
sec6-res-util-pool-c4m2,,1975,,pool,,3,,406,,619,,305,,7.44462551298e-25,,Cannot find cue bottom
sec6-res-util-pool-c4m2,,1985,,pool,,3,,408,,609,,215,,5.11590769747e-14,,Cannot find cue bottom
sec6-res-util-pool-c4m2,,1992,,pool,,3,,406,,607,,266,,3.69752218714e-20,,Cannot find cue bottom
sec6-res-util-pool-c4m2,,2000,,pool,,3,,406,,604,,209,,2.70019227104e-13,,Cannot find object ball
sec6-res-util-pool-c4m2,,2007,,pool,,3,,413,,576,,182,,4.81413919245e-10,,Cannot find cue top
sec6-res-util-pool-c4m2,,2013,,pool,,3,,406,,568,,175,,3.35276126862e-09,,Cannot find cue top
sec6-res-util-pool-c4m2,,2019,,pool,,3,,447,,593,,292,,2.7365213057e-23,,Cannot find cue top
sec6-res-util-pool-c4m2,,2028,,pool,,3,,407,,546,,151,,2.60189992878e-06,,Cannot find cue top
sec6-res-util-pool-c4m2,,2033,,pool,,3,,409,,580,,186,,1.588073687e-10,,Cannot find cue top
sec6-res-util-pool-c4m2,,2039,,pool,,3,,406,,586,,192,,3.00883699528e-11,,Cannot find cue top
sec6-res-util-pool-c4m2,,2045,,pool,,3,,406,,526,,131,,0.000666086381767,,Cannot find cue top
sec6-res-util-pool-c4m2,,2049,,pool,,3,,407,,462,,68,,1.0,,Cannot find cue top
sec6-res-util-pool-c4m2,,2052,,pool,,3,,438,,514,,119,,0.0185555799952,,Cannot find cue top
sec6-res-util-pool-c4m2,,2056,,pool,,3,,407,,542,,147,,7.8874856529e-06,,Cannot find cue top
sec6-res-util-pool-c4m2,,2061,,pool,,3,,445,,572,,220,,1.27897692437e-14,,Cannot find cue top
sec6-res-util-pool-c4m2,,2068,,pool,,3,,413,,637,,296,,9.02715377719e-24,,Cannot find cue bottom
sec6-res-util-pool-c4m2,,2077,,pool,,3,,406,,552,,157,,4.92967853306e-07,,Cannot find cue top
sec6-res-util-pool-c4m2,,2082,,pool,,3,,406,,640,,328,,1.26580526052e-27,,Cannot find cue bottom
sec6-res-util-pool-c4m2,,2092,,pool,,3,,406,,618,,286,,1.44434460435e-22,,Cannot find cue bottom
sec6-res-util-pool-c4m2,,2102,,pool,,3,,409,,523,,128,,0.00153026466204,,Cannot find cue top
sec6-res-util-pool-c4m2,,2106,,pool,,3,,438,,573,,178,,1.4593741055e-09,,Cannot find cue top
sec6-res-util-pool-c4m2,,2112,,pool,,3,,444,,580,,258,,3.39787012314e-19,,Cannot find cue top
sec6-res-util-pool-c4m2,,2120,,pool,,3,,427,,681,,400,,2.70833898429e-36,,Cannot find cue ball
sec6-res-util-pool-c4m2,,2132,,pool,,3,,408,,565,,173,,5.83749642198e-09,,Cannot find cue bottom
sec6-res-util-pool-c4m2,,2138,,pool,,3,,407,,509,,115,,0.05625,,Cannot find cue top
sec6-res-util-pool-c4m2,,2142,,pool,,3,,407,,554,,160,,2.14576721191e-07,,Cannot find cue top
sec6-res-util-pool-c4m2,,2147,,pool,,3,,408,,569,,174,,4.42399501687e-09,,Cannot find cue top
sec6-res-util-pool-c4m2,,2153,,pool,,3,,406,,529,,134,,0.000289930937426,,Cannot find cue top
sec6-res-util-pool-c4m2,,2157,,pool,,3,,407,,569,,279,,1.00590000713e-21,,Cannot find cue top
sec6-res-util-pool-c4m2,,2166,,pool,,3,,407,,486,,91,,1.0,,Cannot find cue top
sec6-res-util-pool-c4m2,,2169,,pool,,3,,432,,589,,195,,1.30967237055e-11,,Cannot find cue ball
sec6-res-util-pool-c4m2,,2176,,pool,,3,,408,,625,,287,,1.09460852228e-22,,Cannot find cue ball
sec6-res-util-pool-c4m2,,2185,,pool,,3,,408,,565,,170,,1.34110450745e-08,,Cannot find cue ball
sec6-res-util-pool-c4m2,,2190,,pool,,3,,433,,604,,313,,8.10115366731e-26,,Cannot find cue ball
sec6-res-util-pool-c4m2,,2200,,pool,,3,,406,,654,,291,,3.61086151088e-23,,Cannot find object ball
sec6-res-util-pool-c4m2,,2209,,pool,,3,,406,,543,,148,,5.97759633611e-06,,Cannot find cue ball
sec6-res-util-pool-c4m2,,2214,,pool,,3,,435,,677,,333,,3.16451315129e-28,,speech: right
sec6-res-util-pool-c4m2,,2224,,pool,,3,,408,,715,,400,,2.70833898429e-36,,Cannot find cue ball
sec6-res-util-pool-c4m2,,2237,,pool,,3,,409,,622,,288,,8.29558135533e-23,,Cannot find cue ball
sec6-res-util-pool-c4m2,,2246,,pool,,3,,408,,691,,396,,8.21014853244e-36,,Cannot find object ball
sec6-res-util-pool-c4m2,,2258,,pool,,3,,407,,696,,394,,1.42946988593e-35,,Cannot find object ball
sec6-res-util-pool-c4m2,,2271,,pool,,3,,410,,662,,389,,5.71787954373e-35,,Cannot find cue ball
sec6-res-util-pool-c4m2,,2283,,pool,,3,,409,,650,,291,,3.61086151088e-23,,Cannot find cue ball
sec6-res-util-pool-c4m2,,2292,,pool,,3,,409,,559,,164,,7.07839202699e-08,,Cannot find cue ball
sec6-res-util-pool-c4m2,,2297,,pool,,3,,416,,578,,183,,3.64843526374e-10,,Cannot find cue ball
sec6-res-util-pool-c4m2,,2303,,pool,,3,,414,,616,,326,,2.20389496513e-27,,speech: left
sec6-res-util-pool-c4m2,,2314,,pool,,3,,411,,665,,291,,3.61086151088e-23,,Cannot find cue ball
sec6-res-util-pool-c4m2,,2323,,pool,,3,,411,,653,,293,,2.07389533883e-23,,Cannot find cue ball
sec6-res-util-pool-c4m2,,2332,,pool,,3,,430,,668,,273,,5.30917206741e-21,,Cannot find cue ball
sec6-res-util-pool-c4m2,,2341,,pool,,3,,406,,637,,243,,2.17463687881e-17,,Cannot find cue ball
sec6-res-util-pool-c4m2,,2348,,pool,,3,,405,,692,,364,,5.85510865278e-32,,Cannot find cue ball
sec6-res-util-pool-c4m2,,2360,,pool,,3,,407,,690,,395,,1.08333559372e-35,,speech: left
sec6-res-util-pool-c4m2,,2372,,pool,,3,,407,,709,,391,,3.28405941298e-35,,Cannot find object ball
sec6-res-util-pool-c4m2,,2384,,pool,,3,,407,,566,,172,,7.70262270791e-09,,speech: right
sec6-res-util-pool-c4m2,,2390,,pool,,3,,405,,616,,312,,1.06895363504e-25,,speech: left
sec6-res-util-pool-c4m2,,2400,,pool,,3,,406,,585,,190,,5.23868948221e-11,,Cannot find cue ball
sec6-res-util-pool-c4m2,,2406,,pool,,3,,426,,764,,395,,1.08333559372e-35,,speech: left
sec6-res-util-pool-c4m2,,2418,,pool,,3,,408,,644,,294,,1.57171876114e-23,,Cannot find cue ball
sec6-res-util-pool-c4m2,,2427,,pool,,3,,408,,663,,289,,6.28687504455e-23,,Cannot find object ball
sec6-res-util-pool-c4m2,,2436,,pool,,3,,419,,643,,292,,2.7365213057e-23,,Cannot find cue bottom
sec6-res-util-pool-c4m2,,2446,,pool,,3,,413,,550,,155,,8.58306884766e-07,,Cannot find cue top
sec6-res-util-pool-c4m2,,2451,,pool,,3,,406,,572,,189,,6.91249221386e-11,,Cannot find cue top
sec6-res-util-pool-c4m2,,2457,,pool,,3,,407,,551,,156,,6.50474982195e-07,,Cannot find cue top
sec6-res-util-pool-c4m2,,2462,,pool,,3,,406,,515,,121,,0.0106573821083,,Cannot find cue top
sec6-res-util-pool-c4m2,,2466,,pool,,3,,434,,540,,153,,1.49439908403e-06,,Cannot find cue top
sec6-res-util-pool-c4m2,,2471,,pool,,3,,408,,674,,368,,1.93146554644e-32,,Cannot find cue bottom
sec6-res-util-pool-c4m2,,2483,,pool,,3,,415,,606,,211,,1.55085320996e-13,,Cannot find cue top
sec6-res-util-pool-c4m2,,2489,,pool,,3,,411,,557,,267,,2.80219781704e-20,,Cannot find cue top
sec6-res-util-pool-c4m2,,2498,,pool,,3,,412,,602,,207,,4.70130780512e-13,,Cannot find cue top
sec6-res-util-pool-c4m2,,2505,,pool,,3,,408,,517,,122,,0.00807678530857,,Cannot find cue top
sec6-res-util-pool-c4m2,,2509,,pool,,3,,413,,538,,143,,2.39103853444e-05,,Cannot find cue top
sec6-res-util-pool-c4m2,,2513,,pool,,3,,408,,557,,163,,9.33999427517e-08,,Cannot find cue top
sec6-res-util-pool-c4m2,,2519,,pool,,3,,409,,488,,95,,1.0,,Cannot find cue top
sec6-res-util-pool-c4m2,,2522,,pool,,3,,407,,582,,306,,5.64197111074e-25,,Cannot find cue top
sec6-res-util-pool-c4m2,,2532,,pool,,3,,411,,570,,185,,2.09547579288e-10,,Cannot find cue top
sec6-res-util-pool-c4m2,,2538,,pool,,3,,410,,549,,190,,5.23868948221e-11,,Cannot find cue top
sec6-res-util-pool-c4m2,,2544,,pool,,3,,410,,566,,172,,7.70262270791e-09,,Cannot find cue top
sec6-res-util-pool-c4m2,,2550,,pool,,3,,411,,582,,187,,1.20353479811e-10,,Cannot find cue top
sec6-res-util-pool-c4m2,,2556,,pool,,3,,442,,619,,224,,4.2190504235e-15,,Cannot find cue bottom
sec6-res-util-pool-c4m2,,2563,,pool,,3,,407,,609,,214,,6.7504806776e-14,,Cannot find cue bottom
sec6-res-util-pool-c4m2,,2570,,pool,,3,,408,,488,,147,,7.8874856529e-06,,Cannot find cue bottom
sec6-res-util-pool-c4m2,,2575,,pool,,3,,406,,548,,154,,1.13254272432e-06,,Cannot find cue bottom
sec6-res-util-pool-c4m2,,2580,,pool,,3,,434,,651,,318,,2.02528841683e-26,,Cannot find cue bottom
sec6-res-util-pool-c4m2,,2590,,pool,,3,,407,,547,,152,,1.97187141323e-06,,Cannot find cue bottom
sec6-res-util-pool-c4m2,,2595,,pool,,3,,434,,576,,182,,4.81413919245e-10,,Cannot find cue bottom
sec6-res-util-pool-c4m2,,2601,,pool,,3,,437,,655,,341,,3.44358588302e-29,,Cannot find cue bottom
sec6-res-util-pool-c4m2,,2612,,pool,,3,,407,,617,,292,,2.7365213057e-23,,Cannot find cue top
sec6-res-util-pool-c4m2,,2621,,pool,,3,,406,,505,,110,,0.225,,Cannot find cue bottom
sec6-res-util-pool-c4m2,,2625,,pool,,3,,405,,691,,372,,6.3714601698e-33,,Cannot find cue bottom
sec6-res-util-pool-c4m2,,2636,,pool,,3,,408,,576,,182,,4.81413919245e-10,,Cannot find cue bottom
sec6-res-util-pool-c4m2,,2642,,pool,,3,,407,,681,,301,,2.2567884443e-24,,Cannot find cue bottom
sec6-res-util-pool-c4m2,,2651,,pool,,3,,406,,567,,172,,7.70262270791e-09,,Cannot find cue bottom
sec6-res-util-pool-c4m2,,2657,,pool,,3,,406,,605,,303,,1.29618458677e-24,,Cannot find cue bottom
sec6-res-util-pool-c4m2,,2667,,pool,,3,,407,,583,,188,,9.12108815935e-11,,Cannot find cue bottom
sec6-res-util-pool-c4m2,,2673,,pool,,3,,407,,645,,293,,2.07389533883e-23,,Cannot find cue top
sec6-res-util-pool-c4m2,,2682,,pool,,3,,430,,572,,178,,1.4593741055e-09,,Cannot find cue top
sec6-res-util-pool-c4m2,,2688,,pool,,3,,436,,571,,176,,2.5409178992e-09,,Cannot find cue top
sec6-res-util-pool-c4m2,,2694,,pool,,3,,406,,572,,177,,1.92565567698e-09,,Cannot find cue top
sec6-res-util-pool-c4m2,,2700,,pool,,3,,408,,506,,111,,0.170518113732,,Cannot find cue top
sec6-res-util-pool-c4m2,,2703,,pool,,3,,404,,475,,80,,1.0,,Cannot find cue top
sec6-res-util-pool-c4m2,,2706,,pool,,3,,428,,569,,207,,4.70130780512e-13,,Cannot find cue top
sec6-res-util-pool-c4m2,,2713,,pool,,3,,407,,549,,154,,1.13254272432e-06,,Cannot find cue bottom
sec6-res-util-pool-c4m2,,2718,,pool,,3,,436,,546,,154,,1.13254272432e-06,,Cannot find cue bottom
sec6-res-util-pool-c4m2,,2723,,pool,,3,,403,,681,,368,,1.93146554644e-32,,Cannot find cue bottom
sec6-res-util-pool-c4m2,,2735,,pool,,3,,408,,496,,101,,0.98704,,Cannot find cue top
sec6-res-util-pool-c4m2,,2738,,pool,,3,,405,,527,,136,,0.000166521595442,,Cannot find cue top
sec6-res-util-pool-c4m2,,2743,,pool,,3,,421,,526,,131,,0.000666086381767,,Cannot find cue top
sec6-res-util-pool-c4m2,,2747,,pool,,3,,405,,484,,89,,1.0,,Cannot find cue top
sec6-res-util-pool-c4m2,,2750,,pool,,3,,405,,501,,105,,0.9,,Cannot find cue top
sec6-res-util-pool-c4m2,,2754,,pool,,3,,405,,578,,183,,3.64843526374e-10,,Cannot find cue bottom
sec6-res-util-pool-c4m2,,2759,,pool,,3,,405,,602,,279,,1.00590000713e-21,,Cannot find cue bottom
