sec6-res-util-pool-c4m2,,96,,pool,,4,,630,,732,,186,,1.588073687e-10,,Cannot find cue ball
sec6-res-util-pool-c4m2,,101,,pool,,4,,559,,673,,126,,0.00266434552707,,speech: right
sec6-res-util-pool-c4m2,,106,,pool,,4,,558,,651,,104,,0.93439,,speech: right
sec6-res-util-pool-c4m2,,109,,pool,,4,,558,,666,,119,,0.0185555799952,,speech: good
sec6-res-util-pool-c4m2,,113,,pool,,4,,562,,669,,122,,0.00807678530857,,Cannot find cue ball
sec6-res-util-pool-c4m2,,117,,pool,,4,,558,,661,,115,,0.05625,,Cannot find cue ball
sec6-res-util-pool-c4m2,,121,,pool,,4,,557,,635,,88,,1.0,,Cannot find cue ball
sec6-res-util-pool-c4m2,,124,,pool,,4,,557,,635,,88,,1.0,,Cannot find cue top
sec6-res-util-pool-c4m2,,127,,pool,,4,,559,,639,,93,,1.0,,Cannot find cue top
sec6-res-util-pool-c4m2,,130,,pool,,4,,558,,631,,84,,1.0,,Cannot find cue top
sec6-res-util-pool-c4m2,,133,,pool,,4,,558,,617,,70,,1.0,,Cannot find cue top
sec6-res-util-pool-c4m2,,136,,pool,,4,,558,,625,,78,,1.0,,Cannot find cue top
sec6-res-util-pool-c4m2,,138,,pool,,4,,559,,610,,64,,1.0,,Cannot find cue top
sec6-res-util-pool-c4m2,,141,,pool,,4,,558,,608,,61,,1.0,,Cannot find cue top
sec6-res-util-pool-c4m2,,143,,pool,,4,,559,,610,,63,,1.0,,Cannot find cue top
sec6-res-util-pool-c4m2,,145,,pool,,4,,558,,608,,61,,1.0,,Cannot find cue top
sec6-res-util-pool-c4m2,,148,,pool,,4,,560,,620,,74,,1.0,,Cannot find cue bottom
sec6-res-util-pool-c4m2,,150,,pool,,4,,558,,607,,61,,1.0,,Cannot find cue top
sec6-res-util-pool-c4m2,,153,,pool,,4,,558,,607,,60,,1.0,,Cannot find cue top
sec6-res-util-pool-c4m2,,155,,pool,,4,,558,,609,,63,,1.0,,Cannot find cue top
sec6-res-util-pool-c4m2,,157,,pool,,4,,558,,608,,62,,1.0,,Cannot find cue top
sec6-res-util-pool-c4m2,,159,,pool,,4,,560,,615,,69,,1.0,,Cannot find cue top
sec6-res-util-pool-c4m2,,162,,pool,,4,,561,,623,,76,,1.0,,Cannot find cue bottom
sec6-res-util-pool-c4m2,,165,,pool,,4,,558,,623,,77,,1.0,,speech: left
sec6-res-util-pool-c4m2,,167,,pool,,4,,558,,623,,76,,1.0,,speech: left
sec6-res-util-pool-c4m2,,170,,pool,,4,,557,,639,,93,,1.0,,speech: left
sec6-res-util-pool-c4m2,,173,,pool,,4,,558,,658,,111,,0.170518113732,,speech: left
sec6-res-util-pool-c4m2,,177,,pool,,4,,558,,656,,109,,0.296889279924,,speech: left
sec6-res-util-pool-c4m2,,181,,pool,,4,,560,,628,,81,,1.0,,Cannot find cue top
sec6-res-util-pool-c4m2,,184,,pool,,4,,560,,640,,93,,1.0,,Cannot find cue top
sec6-res-util-pool-c4m2,,187,,pool,,4,,558,,620,,73,,1.0,,Cannot find cue top
sec6-res-util-pool-c4m2,,190,,pool,,4,,559,,642,,97,,0.99984,,Cannot find cue top
sec6-res-util-pool-c4m2,,193,,pool,,4,,560,,653,,106,,0.68207245493,,speech: left
sec6-res-util-pool-c4m2,,197,,pool,,4,,559,,640,,94,,1.0,,Cannot find cue top
sec6-res-util-pool-c4m2,,200,,pool,,4,,559,,645,,101,,0.98704,,Cannot find cue top
sec6-res-util-pool-c4m2,,203,,pool,,4,,559,,660,,114,,0.074222319981,,speech: left
sec6-res-util-pool-c4m2,,207,,pool,,4,,558,,634,,94,,1.0,,speech: left
sec6-res-util-pool-c4m2,,210,,pool,,4,,558,,643,,96,,0.99999,,Cannot find cue top
sec6-res-util-pool-c4m2,,214,,pool,,4,,558,,653,,107,,0.516914259749,,speech: right
sec6-res-util-pool-c4m2,,217,,pool,,4,,560,,644,,97,,0.99984,,speech: right
sec6-res-util-pool-c4m2,,221,,pool,,4,,559,,657,,110,,0.225,,speech: right
sec6-res-util-pool-c4m2,,224,,pool,,4,,557,,630,,83,,1.0,,Cannot find cue ball
sec6-res-util-pool-c4m2,,227,,pool,,4,,558,,659,,112,,0.129228564937,,speech: left
sec6-res-util-pool-c4m2,,231,,pool,,4,,558,,652,,105,,0.9,,Cannot find cue bottom
sec6-res-util-pool-c4m2,,235,,pool,,4,,558,,662,,115,,0.05625,,speech: left
sec6-res-util-pool-c4m2,,239,,pool,,4,,558,,643,,97,,0.99984,,Cannot find cue ball
sec6-res-util-pool-c4m2,,242,,pool,,4,,558,,657,,110,,0.225,,speech: left
sec6-res-util-pool-c4m2,,246,,pool,,4,,561,,709,,227,,1.83644836138e-15,,Cannot find cue ball
sec6-res-util-pool-c4m2,,253,,pool,,4,,557,,686,,139,,7.24827343564e-05,,speech: left
sec6-res-util-pool-c4m2,,257,,pool,,4,,592,,702,,156,,6.50474982195e-07,,Cannot find object ball
sec6-res-util-pool-c4m2,,262,,pool,,4,,557,,674,,127,,0.00201919632714,,Cannot find object ball
sec6-res-util-pool-c4m2,,267,,pool,,4,,558,,718,,171,,1.01636715968e-08,,Cannot find cue bottom
sec6-res-util-pool-c4m2,,272,,pool,,4,,559,,827,,365,,4.43734259187e-32,,speech: right
sec6-res-util-pool-c4m2,,284,,pool,,4,,560,,764,,288,,8.29558135533e-23,,speech: left
sec6-res-util-pool-c4m2,,293,,pool,,4,,560,,653,,107,,0.516914259749,,Cannot find cue top
sec6-res-util-pool-c4m2,,296,,pool,,4,,558,,707,,161,,1.62618745549e-07,,Cannot find cue top
sec6-res-util-pool-c4m2,,302,,pool,,4,,561,,767,,304,,9.82324225712e-25,,Cannot find cue bottom
sec6-res-util-pool-c4m2,,311,,pool,,4,,561,,736,,189,,6.91249221386e-11,,Cannot find cue top
sec6-res-util-pool-c4m2,,317,,pool,,4,,591,,793,,395,,1.08333559372e-35,,Cannot find cue top
sec6-res-util-pool-c4m2,,330,,pool,,4,,564,,724,,178,,1.4593741055e-09,,Cannot find cue top
sec6-res-util-pool-c4m2,,335,,pool,,4,,586,,733,,188,,9.12108815935e-11,,Cannot find cue top
sec6-res-util-pool-c4m2,,342,,pool,,4,,560,,721,,174,,4.42399501687e-09,,Cannot find cue top
sec6-res-util-pool-c4m2,,347,,pool,,4,,594,,746,,199,,4.32030763366e-12,,Cannot find cue top
sec6-res-util-pool-c4m2,,354,,pool,,4,,565,,733,,187,,1.20353479811e-10,,Cannot find cue top
sec6-res-util-pool-c4m2,,360,,pool,,4,,578,,722,,175,,3.35276126862e-09,,Cannot find cue bottom
sec6-res-util-pool-c4m2,,365,,pool,,4,,587,,826,,331,,5.50973741283e-28,,Cannot find cue bottom
sec6-res-util-pool-c4m2,,376,,pool,,4,,559,,739,,193,,2.28027203984e-11,,Cannot find cue top
sec6-res-util-pool-c4m2,,382,,pool,,4,,558,,698,,151,,2.60189992878e-06,,Cannot find cue top
sec6-res-util-pool-c4m2,,387,,pool,,4,,559,,704,,157,,4.92967853306e-07,,Cannot find cue top
sec6-res-util-pool-c4m2,,392,,pool,,4,,586,,694,,151,,2.60189992878e-06,,Cannot find cue top
sec6-res-util-pool-c4m2,,397,,pool,,4,,560,,679,,132,,0.000504799081786,,Cannot find cue bottom
sec6-res-util-pool-c4m2,,402,,pool,,4,,574,,789,,341,,3.44358588302e-29,,Cannot find cue top
sec6-res-util-pool-c4m2,,413,,pool,,4,,621,,921,,397,,6.22212907207e-36,,Cannot find cue bottom
sec6-res-util-pool-c4m2,,425,,pool,,4,,562,,722,,176,,2.5409178992e-09,,speech: good
sec6-res-util-pool-c4m2,,431,,pool,,4,,561,,853,,406,,5.13134283278e-37,,Cannot find cue ball
sec6-res-util-pool-c4m2,,443,,pool,,4,,561,,648,,102,,0.97599,,Cannot find cue top
sec6-res-util-pool-c4m2,,447,,pool,,4,,559,,700,,153,,1.49439908403e-06,,Cannot find cue top
sec6-res-util-pool-c4m2,,452,,pool,,4,,559,,746,,217,,2.9383173782e-14,,Cannot find cue top
sec6-res-util-pool-c4m2,,459,,pool,,4,,579,,832,,392,,2.48885162883e-35,,speech: right
sec6-res-util-pool-c4m2,,471,,pool,,4,,577,,728,,181,,6.35229474799e-10,,Cannot find cue ball
sec6-res-util-pool-c4m2,,477,,pool,,4,,579,,907,,404,,8.93418678708e-37,,Cannot find cue ball
sec6-res-util-pool-c4m2,,489,,pool,,4,,568,,659,,113,,0.0979369383708,,Cannot find cue ball
sec6-res-util-pool-c4m2,,493,,pool,,4,,558,,740,,194,,1.72812305347e-11,,Cannot find cue ball
sec6-res-util-pool-c4m2,,500,,pool,,4,,559,,828,,470,,1.00893489431e-44,,Cannot find cue ball
sec6-res-util-pool-c4m2,,514,,pool,,4,,572,,770,,223,,5.56707040976e-15,,Cannot find cue bottom
sec6-res-util-pool-c4m2,,521,,pool,,4,,562,,764,,256,,5.91603549942e-19,,Cannot find cue bottom
sec6-res-util-pool-c4m2,,529,,pool,,4,,558,,766,,293,,2.07389533883e-23,,Cannot find object ball
sec6-res-util-pool-c4m2,,539,,pool,,4,,559,,654,,107,,0.516914259749,,Cannot find cue bottom
sec6-res-util-pool-c4m2,,542,,pool,,4,,557,,656,,150,,3.43322753906e-06,,Cannot find cue top
sec6-res-util-pool-c4m2,,547,,pool,,4,,557,,777,,315,,4.65289094561e-26,,Cannot find cue bottom
sec6-res-util-pool-c4m2,,557,,pool,,4,,562,,754,,208,,3.56292506224e-13,,Cannot find cue bottom
sec6-res-util-pool-c4m2,,564,,pool,,4,,580,,917,,477,,1.44870231675e-45,,Cannot find cue bottom
sec6-res-util-pool-c4m2,,578,,pool,,4,,588,,799,,277,,1.75137363565e-21,,Cannot find cue bottom
sec6-res-util-pool-c4m2,,587,,pool,,4,,676,,754,,219,,1.6876201694e-14,,Cannot find cue top
sec6-res-util-pool-c4m2,,594,,pool,,4,,571,,630,,98,,0.99919,,Cannot find cue top
sec6-res-util-pool-c4m2,,598,,pool,,4,,582,,702,,162,,1.23241963327e-07,,Cannot find cue top
sec6-res-util-pool-c4m2,,603,,pool,,4,,579,,677,,134,,0.000289930937426,,Cannot find cue top
sec6-res-util-pool-c4m2,,607,,pool,,4,,572,,686,,140,,5.4931640625e-05,,Cannot find cue top
sec6-res-util-pool-c4m2,,612,,pool,,4,,559,,716,,197,,7.5220924882e-12,,Cannot find cue top
sec6-res-util-pool-c4m2,,618,,pool,,4,,560,,701,,154,,1.13254272432e-06,,Cannot find cue top
sec6-res-util-pool-c4m2,,623,,pool,,4,,588,,724,,178,,1.4593741055e-09,,Cannot find cue top
sec6-res-util-pool-c4m2,,629,,pool,,4,,558,,629,,82,,1.0,,Cannot find cue top
sec6-res-util-pool-c4m2,,632,,pool,,4,,557,,725,,181,,6.35229474799e-10,,Cannot find cue top
sec6-res-util-pool-c4m2,,638,,pool,,4,,588,,658,,118,,0.0244842345927,,Cannot find cue top
sec6-res-util-pool-c4m2,,642,,pool,,4,,583,,684,,137,,0.000126199770446,,Cannot find cue top
sec6-res-util-pool-c4m2,,647,,pool,,4,,625,,844,,381,,5.25449506076e-34,,Cannot find cue bottom
sec6-res-util-pool-c4m2,,658,,pool,,4,,564,,757,,212,,1.17532695128e-13,,Cannot find cue top
sec6-res-util-pool-c4m2,,665,,pool,,4,,565,,822,,369,,1.46377716319e-32,,Cannot find cue top
sec6-res-util-pool-c4m2,,677,,pool,,4,,560,,726,,179,,1.10599875422e-09,,Cannot find cue bottom
sec6-res-util-pool-c4m2,,683,,pool,,4,,558,,745,,198,,5.70068009959e-12,,Cannot find cue bottom
sec6-res-util-pool-c4m2,,689,,pool,,4,,601,,743,,196,,9.92546054374e-12,,Cannot find cue bottom
sec6-res-util-pool-c4m2,,695,,pool,,4,,559,,815,,285,,1.90582413132e-22,,Cannot find cue bottom
sec6-res-util-pool-c4m2,,704,,pool,,4,,561,,827,,290,,4.76456032831e-23,,speech: left
sec6-res-util-pool-c4m2,,714,,pool,,4,,583,,821,,293,,2.07389533883e-23,,Cannot find cue ball
sec6-res-util-pool-c4m2,,723,,pool,,4,,575,,796,,294,,1.57171876114e-23,,speech: right
sec6-res-util-pool-c4m2,,732,,pool,,4,,566,,711,,164,,7.07839202699e-08,,Cannot find cue top
sec6-res-util-pool-c4m2,,737,,pool,,4,,557,,700,,153,,1.49439908403e-06,,Cannot find cue ball
sec6-res-util-pool-c4m2,,742,,pool,,4,,559,,753,,206,,6.20341283984e-13,,Cannot find cue ball
sec6-res-util-pool-c4m2,,749,,pool,,4,,558,,633,,87,,1.0,,Cannot find cue top
sec6-res-util-pool-c4m2,,752,,pool,,4,,558,,651,,105,,0.9,,Cannot find cue top
sec6-res-util-pool-c4m2,,756,,pool,,4,,578,,806,,321,,8.81557986054e-27,,Cannot find cue bottom
sec6-res-util-pool-c4m2,,766,,pool,,4,,560,,753,,207,,4.70130780512e-13,,Cannot find cue ball
sec6-res-util-pool-c4m2,,772,,pool,,4,,558,,641,,96,,0.99999,,Cannot find cue ball
sec6-res-util-pool-c4m2,,776,,pool,,4,,564,,731,,184,,2.76499688554e-10,,Cannot find cue ball
sec6-res-util-pool-c4m2,,782,,pool,,4,,560,,844,,378,,1.20716596653e-33,,Cannot find cue ball
sec6-res-util-pool-c4m2,,794,,pool,,4,,560,,753,,206,,6.20341283984e-13,,Cannot find cue ball
sec6-res-util-pool-c4m2,,800,,pool,,4,,558,,752,,275,,3.04931861012e-21,,Cannot find cue bottom
sec6-res-util-pool-c4m2,,809,,pool,,4,,561,,739,,192,,3.00883699528e-11,,Cannot find cue bottom
sec6-res-util-pool-c4m2,,815,,pool,,4,,602,,825,,292,,2.7365213057e-23,,Cannot find cue bottom
sec6-res-util-pool-c4m2,,824,,pool,,4,,560,,709,,162,,1.23241963327e-07,,Cannot find cue bottom
sec6-res-util-pool-c4m2,,830,,pool,,4,,557,,767,,320,,1.1632227364e-26,,Cannot find cue bottom
sec6-res-util-pool-c4m2,,840,,pool,,4,,584,,832,,396,,8.21014853244e-36,,Cannot find cue bottom
sec6-res-util-pool-c4m2,,852,,pool,,4,,572,,635,,88,,1.0,,Cannot find cue top
sec6-res-util-pool-c4m2,,855,,pool,,4,,562,,778,,289,,6.28687504455e-23,,Cannot find cue bottom
sec6-res-util-pool-c4m2,,864,,pool,,4,,572,,780,,293,,2.07389533883e-23,,Cannot find cue top
sec6-res-util-pool-c4m2,,873,,pool,,4,,560,,620,,73,,1.0,,Cannot find cue top
sec6-res-util-pool-c4m2,,876,,pool,,4,,558,,677,,130,,0.00087890625,,Cannot find cue top
sec6-res-util-pool-c4m2,,880,,pool,,4,,558,,740,,265,,4.87890977618e-20,,Cannot find cue top
sec6-res-util-pool-c4m2,,889,,pool,,4,,562,,767,,287,,1.09460852228e-22,,Cannot find object ball
sec6-res-util-pool-c4m2,,898,,pool,,4,,851,,1166,,705,,5.09381948184e-73,,Cannot find cue bottom
sec6-res-util-pool-c4m2,,919,,pool,,4,,558,,838,,394,,1.42946988593e-35,,Cannot find cue ball
sec6-res-util-pool-c4m2,,932,,pool,,4,,558,,840,,399,,3.57367471483e-36,,Cannot find cue bottom
sec6-res-util-pool-c4m2,,944,,pool,,4,,563,,748,,202,,1.88052312205e-12,,Cannot find cue top
sec6-res-util-pool-c4m2,,951,,pool,,4,,581,,806,,276,,2.31095136696e-21,,Cannot find cue top
sec6-res-util-pool-c4m2,,959,,pool,,4,,563,,698,,151,,2.60189992878e-06,,Cannot find cue top
sec6-res-util-pool-c4m2,,964,,pool,,4,,559,,846,,334,,2.39825250418e-28,,Cannot find cue ball
sec6-res-util-pool-c4m2,,975,,pool,,4,,579,,807,,292,,2.7365213057e-23,,Cannot find cue bottom
sec6-res-util-pool-c4m2,,984,,pool,,4,,571,,719,,172,,7.70262270791e-09,,speech: left
sec6-res-util-pool-c4m2,,990,,pool,,4,,583,,792,,309,,2.45581056428e-25,,speech: left
sec6-res-util-pool-c4m2,,999,,pool,,4,,559,,778,,294,,1.57171876114e-23,,speech: right
sec6-res-util-pool-c4m2,,1009,,pool,,4,,560,,889,,395,,1.08333559372e-35,,Cannot find cue bottom
sec6-res-util-pool-c4m2,,1021,,pool,,4,,561,,706,,160,,2.14576721191e-07,,Cannot find cue ball
sec6-res-util-pool-c4m2,,1026,,pool,,4,,568,,719,,172,,7.70262270791e-09,,Cannot find cue ball
sec6-res-util-pool-c4m2,,1032,,pool,,4,,582,,706,,159,,2.8313568108e-07,,Cannot find cue bottom
sec6-res-util-pool-c4m2,,1037,,pool,,4,,559,,742,,197,,7.5220924882e-12,,Cannot find cue bottom
sec6-res-util-pool-c4m2,,1043,,pool,,4,,565,,727,,181,,6.35229474799e-10,,Cannot find cue bottom
sec6-res-util-pool-c4m2,,1049,,pool,,4,,558,,659,,113,,0.0979369383708,,Cannot find cue bottom
sec6-res-util-pool-c4m2,,1053,,pool,,4,,580,,694,,147,,7.8874856529e-06,,Cannot find cue top
sec6-res-util-pool-c4m2,,1058,,pool,,4,,559,,635,,88,,1.0,,Cannot find cue top
sec6-res-util-pool-c4m2,,1061,,pool,,4,,558,,733,,197,,7.5220924882e-12,,Cannot find cue top
sec6-res-util-pool-c4m2,,1067,,pool,,4,,558,,727,,181,,6.35229474799e-10,,Cannot find cue top
sec6-res-util-pool-c4m2,,1073,,pool,,4,,558,,763,,307,,4.27581454016e-25,,Cannot find cue top
sec6-res-util-pool-c4m2,,1082,,pool,,4,,560,,717,,170,,1.34110450745e-08,,Cannot find cue top
sec6-res-util-pool-c4m2,,5,,pool,,4,,559,,760,,312,,1.06895363504e-25,,Cannot find cue ball
sec6-res-util-pool-c4m2,,15,,pool,,4,,560,,731,,184,,2.76499688554e-10,,Cannot find object ball
sec6-res-util-pool-c4m2,,21,,pool,,4,,580,,725,,180,,8.38190317154e-10,,Cannot find cue bottom
sec6-res-util-pool-c4m2,,27,,pool,,4,,585,,790,,306,,5.64197111074e-25,,Cannot find cue ball
sec6-res-util-pool-c4m2,,36,,pool,,4,,564,,779,,292,,2.7365213057e-23,,Cannot find cue bottom
sec6-res-util-pool-c4m2,,45,,pool,,4,,561,,695,,148,,5.97759633611e-06,,Cannot find cue bottom
sec6-res-util-pool-c4m2,,50,,pool,,4,,593,,695,,149,,4.53017089728e-06,,Cannot find cue bottom
sec6-res-util-pool-c4m2,,55,,pool,,4,,560,,683,,137,,0.000126199770446,,Cannot find cue bottom
sec6-res-util-pool-c4m2,,60,,pool,,4,,558,,701,,155,,8.58306884766e-07,,Cannot find cue top
sec6-res-util-pool-c4m2,,65,,pool,,4,,560,,749,,254,,1.0300416073e-18,,Cannot find object ball
sec6-res-util-pool-c4m2,,73,,pool,,4,,559,,670,,125,,0.003515625,,Cannot find object ball
sec6-res-util-pool-c4m2,,77,,pool,,4,,559,,831,,461,,1.22340746707e-43,,speech: right
sec6-res-util-pool-c4m2,,91,,pool,,4,,560,,753,,216,,3.8771330249e-14,,Cannot find cue bottom
sec6-res-util-pool-c4m2,,98,,pool,,4,,594,,800,,269,,1.60944001141e-20,,speech: left
sec6-res-util-pool-c4m2,,107,,pool,,4,,559,,921,,497,,5.65899342479e-48,,speech: left
sec6-res-util-pool-c4m2,,122,,pool,,4,,560,,646,,102,,0.97599,,Cannot find cue bottom
sec6-res-util-pool-c4m2,,126,,pool,,4,,558,,719,,173,,5.83749642198e-09,,Cannot find cue top
sec6-res-util-pool-c4m2,,131,,pool,,4,,558,,742,,331,,5.50973741283e-28,,Cannot find cue top
sec6-res-util-pool-c4m2,,142,,pool,,4,,622,,707,,206,,6.20341283984e-13,,Cannot find cue top
sec6-res-util-pool-c4m2,,148,,pool,,4,,643,,775,,349,,3.74726953778e-30,,Cannot find cue bottom
sec6-res-util-pool-c4m2,,159,,pool,,4,,618,,674,,136,,0.000166521595442,,Cannot find cue top
sec6-res-util-pool-c4m2,,164,,pool,,4,,600,,665,,121,,0.0106573821083,,speech: left
sec6-res-util-pool-c4m2,,168,,pool,,4,,586,,708,,164,,7.07839202699e-08,,speech: left
sec6-res-util-pool-c4m2,,173,,pool,,4,,602,,829,,362,,1.01943362717e-31,,speech: left
sec6-res-util-pool-c4m2,,184,,pool,,4,,567,,667,,125,,0.003515625,,Cannot find cue top
sec6-res-util-pool-c4m2,,188,,pool,,4,,589,,744,,334,,2.39825250418e-28,,Cannot find cue top
sec6-res-util-pool-c4m2,,199,,pool,,4,,562,,667,,120,,0.0140625,,Cannot find cue top
sec6-res-util-pool-c4m2,,203,,pool,,4,,558,,821,,469,,1.3312975745e-44,,speech: left
sec6-res-util-pool-c4m2,,218,,pool,,4,,565,,817,,285,,1.90582413132e-22,,speech: right
sec6-res-util-pool-c4m2,,227,,pool,,4,,561,,786,,302,,1.71032581607e-24,,speech: left
sec6-res-util-pool-c4m2,,236,,pool,,4,,706,,1005,,520,,9.62195295633e-51,,speech: right
sec6-res-util-pool-c4m2,,252,,pool,,4,,582,,683,,136,,0.000166521595442,,speech: right
sec6-res-util-pool-c4m2,,257,,pool,,4,,577,,834,,417,,2.43051916878e-38,,Cannot find object ball
sec6-res-util-pool-c4m2,,270,,pool,,4,,576,,734,,197,,7.5220924882e-12,,speech: right
sec6-res-util-pool-c4m2,,276,,pool,,4,,632,,729,,182,,4.81413919245e-10,,speech: right
sec6-res-util-pool-c4m2,,282,,pool,,4,,585,,795,,265,,4.87890977618e-20,,Cannot find object ball
sec6-res-util-pool-c4m2,,290,,pool,,4,,635,,736,,193,,2.28027203984e-11,,Cannot find cue top
sec6-res-util-pool-c4m2,,296,,pool,,4,,681,,761,,215,,5.11590769747e-14,,Cannot find cue top
sec6-res-util-pool-c4m2,,303,,pool,,4,,565,,682,,136,,0.000166521595442,,Cannot find cue bottom
sec6-res-util-pool-c4m2,,308,,pool,,4,,571,,848,,304,,9.82324225712e-25,,Cannot find cue bottom
sec6-res-util-pool-c4m2,,317,,pool,,4,,665,,750,,206,,6.20341283984e-13,,Cannot find cue top
sec6-res-util-pool-c4m2,,324,,pool,,4,,572,,703,,160,,2.14576721191e-07,,Cannot find cue top
sec6-res-util-pool-c4m2,,329,,pool,,4,,594,,704,,167,,3.08104908317e-08,,Cannot find cue top
sec6-res-util-pool-c4m2,,335,,pool,,4,,565,,650,,109,,0.296889279924,,Cannot find cue top
sec6-res-util-pool-c4m2,,338,,pool,,4,,617,,731,,186,,1.588073687e-10,,Cannot find cue top
sec6-res-util-pool-c4m2,,345,,pool,,4,,585,,693,,163,,9.33999427517e-08,,Cannot find cue bottom
sec6-res-util-pool-c4m2,,350,,pool,,4,,614,,691,,148,,5.97759633611e-06,,Cannot find cue top
sec6-res-util-pool-c4m2,,355,,pool,,4,,592,,698,,151,,2.60189992878e-06,,Cannot find cue bottom
sec6-res-util-pool-c4m2,,360,,pool,,4,,577,,779,,256,,5.91603549942e-19,,Cannot find cue bottom
sec6-res-util-pool-c4m2,,368,,pool,,4,,558,,665,,119,,0.0185555799952,,Cannot find cue top
sec6-res-util-pool-c4m2,,372,,pool,,4,,570,,683,,136,,0.000166521595442,,Cannot find cue top
sec6-res-util-pool-c4m2,,376,,pool,,4,,563,,770,,316,,3.52623194421e-26,,Cannot find cue top
sec6-res-util-pool-c4m2,,386,,pool,,4,,558,,638,,90,,1.0,,Cannot find cue top
sec6-res-util-pool-c4m2,,390,,pool,,4,,584,,799,,290,,4.76456032831e-23,,Cannot find cue bottom
sec6-res-util-pool-c4m2,,399,,pool,,4,,565,,823,,291,,3.61086151088e-23,,Cannot find cue bottom
sec6-res-util-pool-c4m2,,408,,pool,,4,,574,,741,,196,,9.92546054374e-12,,Cannot find cue bottom
sec6-res-util-pool-c4m2,,414,,pool,,4,,591,,776,,229,,1.05476260587e-15,,Cannot find cue bottom
sec6-res-util-pool-c4m2,,422,,pool,,4,,563,,859,,348,,4.9445517989e-30,,Cannot find cue ball
sec6-res-util-pool-c4m2,,432,,pool,,4,,560,,790,,292,,2.7365213057e-23,,Cannot find cue ball
sec6-res-util-pool-c4m2,,442,,pool,,4,,568,,783,,394,,1.42946988593e-35,,Cannot find cue top
sec6-res-util-pool-c4m2,,454,,pool,,4,,560,,755,,215,,5.11590769747e-14,,Cannot find cue top
sec6-res-util-pool-c4m2,,461,,pool,,4,,584,,679,,134,,0.000289930937426,,speech: left
sec6-res-util-pool-c4m2,,465,,pool,,4,,570,,783,,427,,1.51907448049e-39,,speech: left
sec6-res-util-pool-c4m2,,478,,pool,,4,,588,,831,,292,,2.7365213057e-23,,Cannot find cue ball
sec6-res-util-pool-c4m2,,488,,pool,,4,,625,,857,,398,,4.71549205675e-36,,Cannot find cue ball
sec6-res-util-pool-c4m2,,500,,pool,,4,,603,,911,,409,,2.23354669677e-37,,Cannot find cue ball
sec6-res-util-pool-c4m2,,513,,pool,,4,,580,,811,,279,,1.00590000713e-21,,Cannot find cue bottom
sec6-res-util-pool-c4m2,,522,,pool,,4,,582,,825,,287,,1.09460852228e-22,,Cannot find cue ball
sec6-res-util-pool-c4m2,,531,,pool,,4,,599,,747,,201,,2.48136513594e-12,,Cannot find cue bottom
sec6-res-util-pool-c4m2,,537,,pool,,4,,574,,808,,281,,5.7773784174e-22,,Cannot find cue bottom
sec6-res-util-pool-c4m2,,546,,pool,,4,,568,,658,,112,,0.129228564937,,Cannot find cue bottom
sec6-res-util-pool-c4m2,,550,,pool,,4,,559,,688,,142,,3.15499426116e-05,,Cannot find cue top
sec6-res-util-pool-c4m2,,555,,pool,,4,,587,,702,,155,,8.58306884766e-07,,Cannot find cue top
sec6-res-util-pool-c4m2,,560,,pool,,4,,561,,741,,255,,7.8062556419e-19,,Cannot find cue bottom
sec6-res-util-pool-c4m2,,568,,pool,,4,,563,,616,,72,,1.0,,Cannot find cue ball
sec6-res-util-pool-c4m2,,570,,pool,,4,,560,,700,,159,,2.8313568108e-07,,Cannot find cue ball
sec6-res-util-pool-c4m2,,575,,pool,,4,,592,,808,,345,,1.13595970352e-29,,Cannot find cue bottom
sec6-res-util-pool-c4m2,,586,,pool,,4,,564,,683,,136,,0.000166521595442,,Cannot find cue bottom
sec6-res-util-pool-c4m2,,591,,pool,,4,,558,,691,,144,,1.81206835891e-05,,Cannot find cue top
sec6-res-util-pool-c4m2,,595,,pool,,4,,563,,638,,91,,1.0,,Cannot find cue top
sec6-res-util-pool-c4m2,,599,,pool,,4,,560,,725,,178,,1.4593741055e-09,,Cannot find cue top
sec6-res-util-pool-c4m2,,604,,pool,,4,,558,,676,,193,,2.28027203984e-11,,Cannot find cue top
sec6-res-util-pool-c4m2,,611,,pool,,4,,563,,722,,175,,3.35276126862e-09,,Cannot find cue top
sec6-res-util-pool-c4m2,,616,,pool,,4,,559,,834,,313,,8.10115366731e-26,,Cannot find cue top
sec6-res-util-pool-c4m2,,626,,pool,,4,,563,,712,,165,,5.36441802979e-08,,Cannot find cue top
sec6-res-util-pool-c4m2,,631,,pool,,4,,559,,763,,318,,2.02528841683e-26,,Cannot find cue top
sec6-res-util-pool-c4m2,,641,,pool,,4,,563,,722,,177,,1.92565567698e-09,,Cannot find cue top
sec6-res-util-pool-c4m2,,647,,pool,,4,,600,,833,,305,,7.44462551298e-25,,Cannot find cue bottom
sec6-res-util-pool-c4m2,,657,,pool,,4,,580,,805,,259,,2.57510401825e-19,,Cannot find cue bottom
sec6-res-util-pool-c4m2,,665,,pool,,4,,606,,746,,201,,2.48136513594e-12,,Cannot find cue top
sec6-res-util-pool-c4m2,,671,,pool,,4,,590,,694,,148,,5.97759633611e-06,,Cannot find cue top
sec6-res-util-pool-c4m2,,676,,pool,,4,,563,,782,,266,,3.69752218714e-20,,Cannot find cue bottom
sec6-res-util-pool-c4m2,,685,,pool,,4,,580,,756,,209,,2.70019227104e-13,,Cannot find cue bottom
sec6-res-util-pool-c4m2,,691,,pool,,4,,571,,668,,124,,0.00463889499881,,Cannot find cue bottom
sec6-res-util-pool-c4m2,,696,,pool,,4,,569,,806,,337,,1.04390003422e-28,,Cannot find cue bottom
sec6-res-util-pool-c4m2,,706,,pool,,4,,578,,676,,139,,7.24827343564e-05,,Cannot find object ball
sec6-res-util-pool-c4m2,,711,,pool,,4,,573,,812,,454,,8.52030447681e-43,,Cannot find object ball
sec6-res-util-pool-c4m2,,725,,pool,,4,,563,,636,,110,,0.225,,Cannot find cue ball
sec6-res-util-pool-c4m2,,729,,pool,,4,,582,,654,,113,,0.0979369383708,,Cannot find cue ball
sec6-res-util-pool-c4m2,,732,,pool,,4,,577,,665,,121,,0.0106573821083,,Cannot find cue top
sec6-res-util-pool-c4m2,,736,,pool,,4,,577,,674,,201,,2.48136513594e-12,,Cannot find cue ball
sec6-res-util-pool-c4m2,,743,,pool,,4,,566,,758,,216,,3.8771330249e-14,,Cannot find cue ball
sec6-res-util-pool-c4m2,,750,,pool,,4,,1027,,1125,,591,,2.71651027689e-59,,Cannot find cue top
sec6-res-util-pool-c4m2,,768,,pool,,4,,610,,786,,244,,1.64806657168e-17,,Cannot find cue ball
sec6-res-util-pool-c4m2,,776,,pool,,4,,667,,777,,233,,3.4794190061e-16,,Cannot find cue ball
sec6-res-util-pool-c4m2,,783,,pool,,4,,654,,729,,220,,1.27897692437e-14,,Cannot find cue bottom
sec6-res-util-pool-c4m2,,790,,pool,,4,,581,,936,,456,,4.89362986829e-43,,Cannot find cue ball
sec6-res-util-pool-c4m2,,804,,pool,,4,,569,,697,,150,,3.43322753906e-06,,Cannot find cue bottom
sec6-res-util-pool-c4m2,,809,,pool,,4,,598,,805,,435,,1.65303893084e-40,,Cannot find cue bottom
sec6-res-util-pool-c4m2,,823,,pool,,4,,580,,788,,290,,4.76456032831e-23,,Cannot find cue bottom
sec6-res-util-pool-c4m2,,832,,pool,,4,,559,,870,,401,,2.05253713311e-36,,Cannot find cue bottom
sec6-res-util-pool-c4m2,,844,,pool,,4,,564,,772,,292,,2.7365213057e-23,,Cannot find cue bottom
sec6-res-util-pool-c4m2,,853,,pool,,4,,567,,653,,108,,0.391747753483,,Cannot find cue bottom
sec6-res-util-pool-c4m2,,857,,pool,,4,,561,,637,,93,,1.0,,Cannot find cue top
sec6-res-util-pool-c4m2,,860,,pool,,4,,592,,722,,175,,3.35276126862e-09,,Cannot find cue top
sec6-res-util-pool-c4m2,,866,,pool,,4,,559,,731,,184,,2.76499688554e-10,,Cannot find cue top
sec6-res-util-pool-c4m2,,872,,pool,,4,,558,,732,,185,,2.09547579288e-10,,Cannot find cue top
sec6-res-util-pool-c4m2,,878,,pool,,4,,560,,712,,165,,5.36441802979e-08,,Cannot find cue top
sec6-res-util-pool-c4m2,,883,,pool,,4,,560,,664,,119,,0.0185555799952,,speech: left
sec6-res-util-pool-c4m2,,887,,pool,,4,,591,,704,,161,,1.62618745549e-07,,Cannot find cue ball
sec6-res-util-pool-c4m2,,893,,pool,,4,,559,,667,,122,,0.00807678530857,,Cannot find cue ball
sec6-res-util-pool-c4m2,,897,,pool,,4,,561,,723,,178,,1.4593741055e-09,,Cannot find cue bottom
sec6-res-util-pool-c4m2,,902,,pool,,4,,587,,826,,295,,1.19114008208e-23,,Cannot find cue bottom
sec6-res-util-pool-c4m2,,912,,pool,,4,,583,,831,,284,,2.51475001782e-22,,Cannot find cue bottom
sec6-res-util-pool-c4m2,,921,,pool,,4,,577,,981,,501,,1.86677164776e-48,,speech: right
sec6-res-util-pool-c4m2,,936,,pool,,4,,560,,671,,125,,0.003515625,,Cannot find cue top
sec6-res-util-pool-c4m2,,940,,pool,,4,,559,,843,,355,,7.09974814699e-31,,Cannot find cue top
sec6-res-util-pool-c4m2,,952,,pool,,4,,569,,674,,128,,0.00153026466204,,Cannot find cue top
sec6-res-util-pool-c4m2,,956,,pool,,4,,608,,739,,192,,3.00883699528e-11,,Cannot find cue top
sec6-res-util-pool-c4m2,,962,,pool,,4,,558,,759,,254,,1.0300416073e-18,,Cannot find object ball
sec6-res-util-pool-c4m2,,970,,pool,,4,,563,,759,,212,,1.17532695128e-13,,Cannot find cue top
sec6-res-util-pool-c4m2,,977,,pool,,4,,560,,724,,370,,1.10933564797e-32,,Cannot find cue ball
sec6-res-util-pool-c4m2,,988,,pool,,4,,560,,769,,295,,1.19114008208e-23,,Cannot find cue ball
sec6-res-util-pool-c4m2,,998,,pool,,4,,560,,722,,176,,2.5409178992e-09,,speech: good
sec6-res-util-pool-c4m2,,1003,,pool,,4,,559,,664,,117,,0.0323071412343,,speech: right
sec6-res-util-pool-c4m2,,1007,,pool,,4,,593,,710,,163,,9.33999427517e-08,,speech: right
sec6-res-util-pool-c4m2,,1013,,pool,,4,,559,,716,,168,,2.33499856879e-08,,Cannot find cue bottom
sec6-res-util-pool-c4m2,,1018,,pool,,4,,559,,662,,116,,0.0426295284331,,Cannot find cue ball
sec6-res-util-pool-c4m2,,1022,,pool,,4,,558,,629,,83,,1.0,,Cannot find cue ball
sec6-res-util-pool-c4m2,,1025,,pool,,4,,558,,641,,94,,1.0,,Cannot find cue bottom
sec6-res-util-pool-c4m2,,1028,,pool,,4,,592,,706,,159,,2.8313568108e-07,,Cannot find cue bottom
sec6-res-util-pool-c4m2,,1034,,pool,,4,,559,,679,,139,,7.24827343564e-05,,Cannot find cue bottom
sec6-res-util-pool-c4m2,,1038,,pool,,4,,565,,771,,303,,1.29618458677e-24,,Cannot find cue bottom
sec6-res-util-pool-c4m2,,1048,,pool,,4,,564,,776,,266,,3.69752218714e-20,,Cannot find cue bottom
sec6-res-util-pool-c4m2,,1056,,pool,,4,,568,,718,,187,,1.20353479811e-10,,Cannot find cue top
sec6-res-util-pool-c4m2,,1062,,pool,,4,,572,,722,,296,,9.02715377719e-24,,Cannot find cue top
sec6-res-util-pool-c4m2,,1071,,pool,,4,,617,,785,,240,,4.99600361081e-17,,Cannot find cue bottom
sec6-res-util-pool-c4m2,,1079,,pool,,4,,565,,725,,179,,1.10599875422e-09,,Cannot find cue top
sec6-res-util-pool-c4m2,,2,,pool,,4,,606,,708,,162,,1.23241963327e-07,,Cannot find cue ball
sec6-res-util-pool-c4m2,,7,,pool,,4,,559,,847,,485,,1.57646077237e-46,,Cannot find cue ball
sec6-res-util-pool-c4m2,,22,,pool,,4,,571,,765,,222,,7.3457934455e-15,,Cannot find cue ball
sec6-res-util-pool-c4m2,,29,,pool,,4,,804,,1059,,571,,6.95426630883e-57,,Cannot find cue ball
sec6-res-util-pool-c4m2,,47,,pool,,4,,568,,651,,108,,0.391747753483,,Cannot find cue top
sec6-res-util-pool-c4m2,,51,,pool,,4,,585,,701,,156,,6.50474982195e-07,,Cannot find cue top
sec6-res-util-pool-c4m2,,56,,pool,,4,,559,,752,,307,,4.27581454016e-25,,Cannot find cue bottom
sec6-res-util-pool-c4m2,,65,,pool,,4,,560,,821,,277,,1.75137363565e-21,,Cannot find object ball
sec6-res-util-pool-c4m2,,74,,pool,,4,,559,,714,,167,,3.08104908317e-08,,Cannot find object ball
sec6-res-util-pool-c4m2,,80,,pool,,4,,574,,777,,230,,7.9936057773e-16,,Cannot find cue ball
sec6-res-util-pool-c4m2,,87,,pool,,4,,560,,778,,290,,4.76456032831e-23,,Cannot find cue top
sec6-res-util-pool-c4m2,,96,,pool,,4,,564,,780,,292,,2.7365213057e-23,,Cannot find cue ball
sec6-res-util-pool-c4m2,,105,,pool,,4,,563,,810,,264,,6.43776004562e-20,,Cannot find cue bottom
sec6-res-util-pool-c4m2,,114,,pool,,4,,598,,887,,421,,8.01772317621e-39,,speech: good
sec6-res-util-pool-c4m2,,127,,pool,,4,,561,,778,,233,,3.4794190061e-16,,Cannot find cue top
sec6-res-util-pool-c4m2,,134,,pool,,4,,632,,710,,166,,4.06546863872e-08,,Cannot find cue top
sec6-res-util-pool-c4m2,,140,,pool,,4,,560,,659,,115,,0.05625,,Cannot find cue top
sec6-res-util-pool-c4m2,,143,,pool,,4,,565,,808,,262,,1.12087912682e-19,,Cannot find cue top
sec6-res-util-pool-c4m2,,152,,pool,,4,,563,,664,,121,,0.0106573821083,,Cannot find cue top
sec6-res-util-pool-c4m2,,156,,pool,,4,,573,,710,,166,,4.06546863872e-08,,Cannot find cue top
sec6-res-util-pool-c4m2,,161,,pool,,4,,570,,818,,368,,1.93146554644e-32,,Cannot find cue bottom
sec6-res-util-pool-c4m2,,173,,pool,,4,,562,,861,,397,,6.22212907207e-36,,speech: left
sec6-res-util-pool-c4m2,,185,,pool,,4,,563,,636,,91,,1.0,,Cannot find cue top
sec6-res-util-pool-c4m2,,188,,pool,,4,,593,,731,,187,,1.20353479811e-10,,Cannot find cue top
sec6-res-util-pool-c4m2,,194,,pool,,4,,571,,729,,184,,2.76499688554e-10,,speech: left
sec6-res-util-pool-c4m2,,200,,pool,,4,,591,,810,,399,,3.57367471483e-36,,Cannot find cue top
sec6-res-util-pool-c4m2,,213,,pool,,4,,564,,695,,151,,2.60189992878e-06,,speech: right
sec6-res-util-pool-c4m2,,218,,pool,,4,,573,,659,,115,,0.05625,,speech: right
sec6-res-util-pool-c4m2,,222,,pool,,4,,584,,824,,280,,7.62329652529e-22,,Cannot find object ball
sec6-res-util-pool-c4m2,,230,,pool,,4,,563,,734,,188,,9.12108815935e-11,,Cannot find cue ball
sec6-res-util-pool-c4m2,,237,,pool,,4,,573,,791,,318,,2.02528841683e-26,,Cannot find cue ball
sec6-res-util-pool-c4m2,,246,,pool,,4,,577,,679,,133,,0.000382566165511,,Cannot find cue ball
sec6-res-util-pool-c4m2,,251,,pool,,4,,568,,843,,456,,4.89362986829e-43,,speech: right
sec6-res-util-pool-c4m2,,265,,pool,,4,,650,,881,,336,,1.37743435321e-28,,Cannot find object ball
sec6-res-util-pool-c4m2,,275,,pool,,4,,592,,847,,372,,6.3714601698e-33,,speech: right
sec6-res-util-pool-c4m2,,287,,pool,,4,,564,,643,,100,,0.99375,,Cannot find cue top
sec6-res-util-pool-c4m2,,290,,pool,,4,,580,,735,,195,,1.30967237055e-11,,Cannot find cue top
sec6-res-util-pool-c4m2,,297,,pool,,4,,584,,728,,182,,4.81413919245e-10,,Cannot find cue top
sec6-res-util-pool-c4m2,,302,,pool,,4,,621,,742,,208,,3.56292506224e-13,,Cannot find cue bottom
sec6-res-util-pool-c4m2,,309,,pool,,4,,576,,675,,128,,0.00153026466204,,Cannot find cue bottom
sec6-res-util-pool-c4m2,,313,,pool,,4,,578,,739,,191,,3.9701842175e-11,,Cannot find cue bottom
sec6-res-util-pool-c4m2,,319,,pool,,4,,559,,750,,203,,1.4251700249e-12,,Cannot find cue top
sec6-res-util-pool-c4m2,,326,,pool,,4,,603,,760,,212,,1.17532695128e-13,,Cannot find cue top
sec6-res-util-pool-c4m2,,333,,pool,,4,,574,,728,,282,,4.37843408913e-22,,Cannot find cue top
sec6-res-util-pool-c4m2,,342,,pool,,4,,588,,783,,236,,1.51450508785e-16,,Cannot find cue top
sec6-res-util-pool-c4m2,,349,,pool,,4,,560,,659,,113,,0.0979369383708,,Cannot find cue top
sec6-res-util-pool-c4m2,,353,,pool,,4,,592,,816,,328,,1.26580526052e-27,,Cannot find cue top
sec6-res-util-pool-c4m2,,364,,pool,,4,,559,,780,,278,,1.32729301685e-21,,Cannot find cue bottom
sec6-res-util-pool-c4m2,,372,,pool,,4,,637,,859,,404,,8.93418678708e-37,,Cannot find cue top
sec6-res-util-pool-c4m2,,385,,pool,,4,,561,,654,,107,,0.516914259749,,Cannot find cue bottom
sec6-res-util-pool-c4m2,,389,,pool,,4,,582,,743,,196,,9.92546054374e-12,,Cannot find cue bottom
sec6-res-util-pool-c4m2,,395,,pool,,4,,559,,812,,355,,7.09974814699e-31,,Cannot find cue bottom
sec6-res-util-pool-c4m2,,406,,pool,,4,,564,,763,,216,,3.8771330249e-14,,Cannot find cue bottom
sec6-res-util-pool-c4m2,,413,,pool,,4,,560,,665,,119,,0.0185555799952,,Cannot find cue bottom
sec6-res-util-pool-c4m2,,417,,pool,,4,,562,,712,,165,,5.36441802979e-08,,Cannot find cue ball
sec6-res-util-pool-c4m2,,423,,pool,,4,,584,,813,,361,,1.34515073556e-31,,Cannot find object ball
sec6-res-util-pool-c4m2,,434,,pool,,4,,560,,742,,202,,1.88052312205e-12,,Cannot find cue ball
sec6-res-util-pool-c4m2,,440,,pool,,4,,586,,828,,394,,1.42946988593e-35,,Cannot find cue ball
sec6-res-util-pool-c4m2,,453,,pool,,4,,566,,690,,145,,1.37329101563e-05,,Cannot find cue top
sec6-res-util-pool-c4m2,,457,,pool,,4,,566,,740,,201,,2.48136513594e-12,,Cannot find cue top
sec6-res-util-pool-c4m2,,464,,pool,,4,,683,,844,,298,,5.18473834708e-24,,speech: good
sec6-res-util-pool-c4m2,,473,,pool,,4,,739,,840,,300,,2.97785020519e-24,,Cannot find cue ball
sec6-res-util-pool-c4m2,,483,,pool,,4,,728,,934,,396,,8.21014853244e-36,,Cannot find cue ball
sec6-res-util-pool-c4m2,,495,,pool,,4,,764,,979,,438,,7.19526986198e-41,,Cannot find cue ball
sec6-res-util-pool-c4m2,,509,,pool,,4,,745,,866,,320,,1.1632227364e-26,,Cannot find cue bottom
sec6-res-util-pool-c4m2,,519,,pool,,4,,953,,1086,,541,,2.8484674801e-53,,Cannot find cue bottom
sec6-res-util-pool-c4m2,,535,,pool,,4,,573,,640,,95,,1.0,,Cannot find cue top
sec6-res-util-pool-c4m2,,539,,pool,,4,,623,,683,,142,,3.15499426116e-05,,Cannot find cue bottom
sec6-res-util-pool-c4m2,,543,,pool,,4,,672,,732,,192,,3.00883699528e-11,,Cannot find cue bottom
sec6-res-util-pool-c4m2,,550,,pool,,4,,603,,669,,130,,0.00087890625,,Cannot find cue top
sec6-res-util-pool-c4m2,,554,,pool,,4,,620,,750,,212,,1.17532695128e-13,,Cannot find cue top
sec6-res-util-pool-c4m2,,561,,pool,,4,,586,,707,,164,,7.07839202699e-08,,Cannot find cue bottom
sec6-res-util-pool-c4m2,,566,,pool,,4,,568,,823,,287,,1.09460852228e-22,,Cannot find cue bottom
sec6-res-util-pool-c4m2,,575,,pool,,4,,637,,760,,221,,9.69283256225e-15,,Cannot find cue bottom
sec6-res-util-pool-c4m2,,582,,pool,,4,,616,,710,,173,,5.83749642198e-09,,Cannot find cue bottom
sec6-res-util-pool-c4m2,,588,,pool,,4,,599,,647,,100,,0.99375,,Cannot find cue top
sec6-res-util-pool-c4m2,,591,,pool,,4,,683,,874,,330,,7.27014210252e-28,,Cannot find cue top
sec6-res-util-pool-c4m2,,602,,pool,,4,,579,,641,,102,,0.97599,,Cannot find cue top
sec6-res-util-pool-c4m2,,605,,pool,,4,,591,,706,,331,,5.50973741283e-28,,Cannot find cue top
sec6-res-util-pool-c4m2,,616,,pool,,4,,592,,669,,127,,0.00201919632714,,Cannot find cue top
sec6-res-util-pool-c4m2,,620,,pool,,4,,597,,820,,428,,1.15124317792e-39,,Cannot find cue top
sec6-res-util-pool-c4m2,,634,,pool,,4,,573,,663,,119,,0.0185555799952,,Cannot find cue top
sec6-res-util-pool-c4m2,,638,,pool,,4,,576,,684,,141,,4.16303988605e-05,,Cannot find cue top
sec6-res-util-pool-c4m2,,642,,pool,,4,,561,,694,,147,,7.8874856529e-06,,Cannot find cue top
sec6-res-util-pool-c4m2,,647,,pool,,4,,559,,810,,462,,9.27169482718e-44,,Cannot find cue bottom
sec6-res-util-pool-c4m2,,661,,pool,,4,,566,,733,,188,,9.12108815935e-11,,Cannot find cue top
sec6-res-util-pool-c4m2,,667,,pool,,4,,565,,696,,186,,1.588073687e-10,,Cannot find cue top
sec6-res-util-pool-c4m2,,673,,pool,,4,,597,,685,,142,,3.15499426116e-05,,Cannot find cue top
sec6-res-util-pool-c4m2,,678,,pool,,4,,654,,806,,260,,1.95156391047e-19,,Cannot find cue bottom
sec6-res-util-pool-c4m2,,686,,pool,,4,,594,,837,,381,,5.25449506076e-34,,Cannot find cue bottom
sec6-res-util-pool-c4m2,,698,,pool,,4,,568,,726,,183,,3.64843526374e-10,,Cannot find cue bottom
sec6-res-util-pool-c4m2,,704,,pool,,4,,572,,803,,404,,8.93418678708e-37,,speech: left
sec6-res-util-pool-c4m2,,717,,pool,,4,,579,,817,,394,,1.42946988593e-35,,Cannot find cue ball
sec6-res-util-pool-c4m2,,729,,pool,,4,,573,,725,,179,,1.10599875422e-09,,Cannot find cue ball
sec6-res-util-pool-c4m2,,735,,pool,,4,,564,,790,,407,,3.88883067004e-37,,Cannot find cue ball
sec6-res-util-pool-c4m2,,747,,pool,,4,,563,,788,,296,,9.02715377719e-24,,Cannot find cue ball
sec6-res-util-pool-c4m2,,757,,pool,,4,,631,,800,,254,,1.0300416073e-18,,Cannot find cue bottom
sec6-res-util-pool-c4m2,,765,,pool,,4,,582,,891,,428,,1.15124317792e-39,,Cannot find cue ball
sec6-res-util-pool-c4m2,,778,,pool,,4,,561,,757,,210,,2.04636307899e-13,,Cannot find cue ball
sec6-res-util-pool-c4m2,,785,,pool,,4,,559,,856,,373,,4.82866386611e-33,,Cannot find cue bottom
sec6-res-util-pool-c4m2,,796,,pool,,4,,561,,666,,119,,0.0185555799952,,Cannot find cue ball
sec6-res-util-pool-c4m2,,800,,pool,,4,,558,,824,,363,,7.72586218578e-32,,Cannot find cue bottom
sec6-res-util-pool-c4m2,,812,,pool,,4,,562,,725,,179,,1.10599875422e-09,,Cannot find cue bottom
sec6-res-util-pool-c4m2,,817,,pool,,4,,575,,837,,304,,9.82324225712e-25,,Cannot find cue bottom
sec6-res-util-pool-c4m2,,827,,pool,,4,,567,,753,,316,,3.52623194421e-26,,Cannot find cue bottom
sec6-res-util-pool-c4m2,,837,,pool,,4,,565,,777,,272,,7.0054945426e-21,,Cannot find cue bottom
sec6-res-util-pool-c4m2,,846,,pool,,4,,562,,639,,136,,0.000166521595442,,Cannot find cue top
sec6-res-util-pool-c4m2,,850,,pool,,4,,558,,744,,196,,9.92546054374e-12,,Cannot find cue top
sec6-res-util-pool-c4m2,,856,,pool,,4,,558,,763,,234,,2.63690651469e-16,,Cannot find cue top
sec6-res-util-pool-c4m2,,864,,pool,,4,,575,,705,,158,,3.73599771007e-07,,Cannot find cue top
sec6-res-util-pool-c4m2,,869,,pool,,4,,560,,806,,325,,2.90805684101e-27,,Cannot find cue top
sec6-res-util-pool-c4m2,,879,,pool,,4,,577,,637,,147,,7.8874856529e-06,,Cannot find cue top
sec6-res-util-pool-c4m2,,884,,pool,,4,,560,,803,,257,,4.48351650727e-19,,Cannot find object ball
sec6-res-util-pool-c4m2,,892,,pool,,4,,565,,670,,131,,0.000666086381767,,Cannot find object ball
sec6-res-util-pool-c4m2,,897,,pool,,4,,566,,688,,142,,3.15499426116e-05,,Cannot find cue bottom
sec6-res-util-pool-c4m2,,901,,pool,,4,,623,,852,,311,,1.41049277769e-25,,Cannot find cue bottom
sec6-res-util-pool-c4m2,,911,,pool,,4,,598,,703,,160,,2.14576721191e-07,,Cannot find cue bottom
sec6-res-util-pool-c4m2,,916,,pool,,4,,575,,682,,138,,9.56415413777e-05,,Cannot find cue bottom
sec6-res-util-pool-c4m2,,921,,pool,,4,,568,,778,,433,,2.87810794479e-40,,speech: right
sec6-res-util-pool-c4m2,,935,,pool,,4,,563,,754,,207,,4.70130780512e-13,,Cannot find cue top
sec6-res-util-pool-c4m2,,941,,pool,,4,,564,,710,,164,,7.07839202699e-08,,Cannot find cue top
sec6-res-util-pool-c4m2,,947,,pool,,4,,679,,762,,216,,3.8771330249e-14,,Cannot find cue top
sec6-res-util-pool-c4m2,,954,,pool,,4,,588,,838,,377,,1.59286504245e-33,,Cannot find cue bottom
sec6-res-util-pool-c4m2,,965,,pool,,4,,613,,679,,132,,0.000504799081786,,Cannot find cue ball
sec6-res-util-pool-c4m2,,970,,pool,,4,,640,,708,,163,,9.33999427517e-08,,Cannot find cue top
sec6-res-util-pool-c4m2,,975,,pool,,4,,584,,805,,370,,1.10933564797e-32,,Cannot find cue bottom
sec6-res-util-pool-c4m2,,987,,pool,,4,,572,,701,,158,,3.73599771007e-07,,speech: right
sec6-res-util-pool-c4m2,,992,,pool,,4,,603,,904,,361,,1.34515073556e-31,,speech: right
sec6-res-util-pool-c4m2,,1003,,pool,,4,,606,,776,,280,,7.62329652529e-22,,speech: right
sec6-res-util-pool-c4m2,,1012,,pool,,4,,571,,760,,213,,8.90731265561e-14,,Cannot find cue bottom
sec6-res-util-pool-c4m2,,1019,,pool,,4,,604,,833,,451,,1.95745194732e-42,,Cannot find cue bottom
sec6-res-util-pool-c4m2,,1033,,pool,,4,,572,,765,,221,,9.69283256225e-15,,Cannot find cue bottom
sec6-res-util-pool-c4m2,,1040,,pool,,4,,626,,740,,194,,1.72812305347e-11,,Cannot find cue bottom
sec6-res-util-pool-c4m2,,1046,,pool,,4,,563,,717,,173,,5.83749642198e-09,,Cannot find cue bottom
sec6-res-util-pool-c4m2,,1052,,pool,,4,,570,,649,,103,,0.95904,,Cannot find cue top
sec6-res-util-pool-c4m2,,1055,,pool,,4,,575,,712,,362,,1.01943362717e-31,,Cannot find cue top
sec6-res-util-pool-c4m2,,1067,,pool,,4,,566,,738,,191,,3.9701842175e-11,,Cannot find cue top
sec6-res-util-pool-c4m2,,1073,,pool,,4,,559,,657,,111,,0.170518113732,,Cannot find cue top
sec6-res-util-pool-c4m2,,1077,,pool,,4,,559,,713,,166,,4.06546863872e-08,,Cannot find cue top
sec6-res-util-pool-c4m2,,1082,,pool,,4,,570,,802,,397,,6.22212907207e-36,,Cannot find cue top
sec6-res-util-pool-c4m2,,11,,pool,,4,,568,,919,,400,,2.70833898429e-36,,Cannot find cue ball
sec6-res-util-pool-c4m2,,24,,pool,,4,,565,,818,,286,,1.44434460435e-22,,Cannot find cue ball
sec6-res-util-pool-c4m2,,33,,pool,,4,,565,,727,,180,,8.38190317154e-10,,Cannot find cue ball
sec6-res-util-pool-c4m2,,39,,pool,,4,,582,,914,,410,,1.69271186518e-37,,Cannot find cue bottom
sec6-res-util-pool-c4m2,,51,,pool,,4,,564,,681,,135,,0.0002197265625,,Cannot find cue top
sec6-res-util-pool-c4m2,,56,,pool,,4,,558,,808,,346,,8.60896470755e-30,,Cannot find cue bottom
sec6-res-util-pool-c4m2,,67,,pool,,4,,566,,690,,143,,2.39103853444e-05,,Cannot find cue ball
sec6-res-util-pool-c4m2,,71,,pool,,4,,589,,724,,177,,1.92565567698e-09,,Cannot find cue ball
sec6-res-util-pool-c4m2,,77,,pool,,4,,560,,804,,351,,2.15224117689e-30,,speech: right
sec6-res-util-pool-c4m2,,88,,pool,,4,,559,,752,,205,,8.18545231596e-13,,Cannot find cue ball
sec6-res-util-pool-c4m2,,95,,pool,,4,,558,,761,,214,,6.7504806776e-14,,Cannot find object ball
sec6-res-util-pool-c4m2,,96,,pool,,4,,562,,728,,180,,8.38190317154e-10,,Cannot find cue ball
sec6-res-util-pool-c4m2,,101,,pool,,4,,586,,798,,262,,1.12087912682e-19,,speech: right
sec6-res-util-pool-c4m2,,110,,pool,,4,,561,,739,,192,,3.00883699528e-11,,speech: good
sec6-res-util-pool-c4m2,,116,,pool,,4,,560,,912,,391,,3.28405941298e-35,,speech: left
sec6-res-util-pool-c4m2,,128,,pool,,4,,563,,657,,111,,0.170518113732,,Cannot find cue top
sec6-res-util-pool-c4m2,,132,,pool,,4,,568,,710,,162,,1.23241963327e-07,,Cannot find cue top
sec6-res-util-pool-c4m2,,137,,pool,,4,,593,,668,,121,,0.0106573821083,,Cannot find cue top
sec6-res-util-pool-c4m2,,141,,pool,,4,,559,,635,,88,,1.0,,Cannot find cue top
sec6-res-util-pool-c4m2,,144,,pool,,4,,559,,611,,64,,1.0,,Cannot find cue top
sec6-res-util-pool-c4m2,,146,,pool,,4,,568,,708,,161,,1.62618745549e-07,,Cannot find cue top
sec6-res-util-pool-c4m2,,152,,pool,,4,,606,,711,,218,,2.2268281639e-14,,Cannot find cue top
sec6-res-util-pool-c4m2,,159,,pool,,4,,573,,790,,298,,5.18473834708e-24,,Cannot find cue top
sec6-res-util-pool-c4m2,,168,,pool,,4,,563,,797,,288,,8.29558135533e-23,,speech: left
sec6-res-util-pool-c4m2,,177,,pool,,4,,563,,808,,295,,1.19114008208e-23,,speech: left
sec6-res-util-pool-c4m2,,186,,pool,,4,,563,,758,,210,,2.04636307899e-13,,Cannot find cue ball
sec6-res-util-pool-c4m2,,193,,pool,,4,,561,,751,,204,,1.08007690842e-12,,speech: left
sec6-res-util-pool-c4m2,,200,,pool,,4,,560,,813,,364,,5.85510865278e-32,,Cannot find cue top
sec6-res-util-pool-c4m2,,211,,pool,,4,,562,,655,,107,,0.516914259749,,Cannot find cue ball
sec6-res-util-pool-c4m2,,215,,pool,,4,,558,,738,,191,,3.9701842175e-11,,speech: right
sec6-res-util-pool-c4m2,,221,,pool,,4,,603,,816,,373,,4.82866386611e-33,,speech: right
sec6-res-util-pool-c4m2,,232,,pool,,4,,560,,869,,500,,2.46321995682e-48,,speech: right
sec6-res-util-pool-c4m2,,248,,pool,,4,,566,,838,,397,,6.22212907207e-36,,speech: right
sec6-res-util-pool-c4m2,,260,,pool,,4,,564,,827,,293,,2.07389533883e-23,,Cannot find object ball
sec6-res-util-pool-c4m2,,269,,pool,,4,,587,,819,,294,,1.57171876114e-23,,Cannot find object ball
sec6-res-util-pool-c4m2,,278,,pool,,4,,567,,881,,396,,8.21014853244e-36,,Cannot find cue ball
sec6-res-util-pool-c4m2,,291,,pool,,4,,561,,783,,294,,1.57171876114e-23,,Cannot find cue top
sec6-res-util-pool-c4m2,,300,,pool,,4,,563,,809,,291,,3.61086151088e-23,,Cannot find cue bottom
sec6-res-util-pool-c4m2,,309,,pool,,4,,563,,889,,393,,1.8861968227e-35,,Cannot find cue bottom
sec6-res-util-pool-c4m2,,321,,pool,,4,,561,,672,,125,,0.003515625,,Cannot find cue top
sec6-res-util-pool-c4m2,,326,,pool,,4,,560,,730,,183,,3.64843526374e-10,,Cannot find cue top
sec6-res-util-pool-c4m2,,332,,pool,,4,,560,,713,,165,,5.36441802979e-08,,Cannot find cue top
sec6-res-util-pool-c4m2,,337,,pool,,4,,559,,754,,206,,6.20341283984e-13,,Cannot find cue top
sec6-res-util-pool-c4m2,,344,,pool,,4,,560,,654,,107,,0.516914259749,,Cannot find cue bottom
sec6-res-util-pool-c4m2,,347,,pool,,4,,560,,623,,76,,1.0,,Cannot find cue top
sec6-res-util-pool-c4m2,,350,,pool,,4,,560,,748,,201,,2.48136513594e-12,,Cannot find cue top
sec6-res-util-pool-c4m2,,357,,pool,,4,,573,,722,,249,,4.1201664292e-18,,Cannot find cue bottom
sec6-res-util-pool-c4m2,,365,,pool,,4,,560,,742,,195,,1.30967237055e-11,,Cannot find cue bottom
sec6-res-util-pool-c4m2,,371,,pool,,4,,560,,804,,291,,3.61086151088e-23,,Cannot find cue top
sec6-res-util-pool-c4m2,,380,,pool,,4,,562,,714,,167,,3.08104908317e-08,,Cannot find cue top
sec6-res-util-pool-c4m2,,385,,pool,,4,,559,,747,,200,,3.27418092638e-12,,Cannot find cue bottom
sec6-res-util-pool-c4m2,,392,,pool,,4,,596,,806,,303,,1.29618458677e-24,,Cannot find cue top
sec6-res-util-pool-c4m2,,401,,pool,,4,,562,,812,,288,,8.29558135533e-23,,Cannot find cue top
sec6-res-util-pool-c4m2,,411,,pool,,4,,575,,784,,292,,2.7365213057e-23,,Cannot find cue bottom
sec6-res-util-pool-c4m2,,420,,pool,,4,,572,,778,,291,,3.61086151088e-23,,Cannot find cue ball
sec6-res-util-pool-c4m2,,429,,pool,,4,,560,,795,,287,,1.09460852228e-22,,Cannot find cue ball
sec6-res-util-pool-c4m2,,438,,pool,,4,,561,,710,,162,,1.23241963327e-07,,Cannot find cue ball
sec6-res-util-pool-c4m2,,444,,pool,,4,,574,,691,,145,,1.37329101563e-05,,Cannot find cue top
sec6-res-util-pool-c4m2,,448,,pool,,4,,559,,766,,260,,1.95156391047e-19,,Cannot find cue top
sec6-res-util-pool-c4m2,,457,,pool,,4,,561,,759,,213,,8.90731265561e-14,,Cannot find cue top
sec6-res-util-pool-c4m2,,463,,pool,,4,,559,,728,,181,,6.35229474799e-10,,Cannot find cue ball
sec6-res-util-pool-c4m2,,469,,pool,,4,,559,,745,,198,,5.70068009959e-12,,Cannot find object ball
sec6-res-util-pool-c4m2,,476,,pool,,4,,607,,927,,479,,8.32060984064e-46,,Cannot find cue ball
sec6-res-util-pool-c4m2,,490,,pool,,4,,563,,765,,218,,2.2268281639e-14,,Cannot find cue bottom
sec6-res-util-pool-c4m2,,497,,pool,,4,,563,,792,,267,,2.80219781704e-20,,speech: good
sec6-res-util-pool-c4m2,,506,,pool,,4,,562,,740,,192,,3.00883699528e-11,,Cannot find cue bottom
sec6-res-util-pool-c4m2,,512,,pool,,4,,560,,833,,395,,1.08333559372e-35,,Cannot find cue bottom
sec6-res-util-pool-c4m2,,524,,pool,,4,,584,,838,,392,,2.48885162883e-35,,Cannot find cue ball
sec6-res-util-pool-c4m2,,536,,pool,,4,,577,,726,,178,,1.4593741055e-09,,Cannot find cue top
sec6-res-util-pool-c4m2,,542,,pool,,4,,559,,713,,166,,4.06546863872e-08,,Cannot find cue top
sec6-res-util-pool-c4m2,,548,,pool,,4,,559,,808,,331,,5.50973741283e-28,,Cannot find cue top
sec6-res-util-pool-c4m2,,558,,pool,,4,,561,,758,,212,,1.17532695128e-13,,Cannot find cue top
sec6-res-util-pool-c4m2,,565,,pool,,4,,559,,773,,268,,2.12366882696e-20,,Cannot find cue bottom
sec6-res-util-pool-c4m2,,573,,pool,,4,,561,,700,,152,,1.97187141323e-06,,Cannot find cue bottom
sec6-res-util-pool-c4m2,,578,,pool,,4,,584,,798,,327,,1.67024005475e-27,,Cannot find cue bottom
sec6-res-util-pool-c4m2,,589,,pool,,4,,560,,655,,107,,0.516914259749,,Cannot find cue top
sec6-res-util-pool-c4m2,,592,,pool,,4,,559,,715,,168,,2.33499856879e-08,,Cannot find cue top
sec6-res-util-pool-c4m2,,598,,pool,,4,,561,,770,,291,,3.61086151088e-23,,Cannot find cue top
sec6-res-util-pool-c4m2,,607,,pool,,4,,562,,638,,91,,1.0,,Cannot find cue top
sec6-res-util-pool-c4m2,,610,,pool,,4,,563,,763,,216,,3.8771330249e-14,,Cannot find cue top
sec6-res-util-pool-c4m2,,617,,pool,,4,,559,,726,,268,,2.12366882696e-20,,Cannot find cue top
sec6-res-util-pool-c4m2,,626,,pool,,4,,561,,654,,107,,0.516914259749,,Cannot find cue top
sec6-res-util-pool-c4m2,,629,,pool,,4,,582,,734,,187,,1.20353479811e-10,,Cannot find cue top
sec6-res-util-pool-c4m2,,635,,pool,,4,,558,,718,,281,,5.7773784174e-22,,Cannot find cue top
sec6-res-util-pool-c4m2,,644,,pool,,4,,561,,730,,182,,4.81413919245e-10,,Cannot find cue bottom
sec6-res-util-pool-c4m2,,650,,pool,,4,,560,,709,,161,,1.62618745549e-07,,Cannot find cue top
sec6-res-util-pool-c4m2,,655,,pool,,4,,558,,714,,166,,4.06546863872e-08,,Cannot find cue bottom
sec6-res-util-pool-c4m2,,661,,pool,,4,,558,,761,,240,,4.99600361081e-17,,Cannot find cue top
sec6-res-util-pool-c4m2,,669,,pool,,4,,561,,791,,292,,2.7365213057e-23,,Cannot find cue top
sec6-res-util-pool-c4m2,,678,,pool,,4,,560,,781,,295,,1.19114008208e-23,,Cannot find cue bottom
sec6-res-util-pool-c4m2,,687,,pool,,4,,569,,706,,159,,2.8313568108e-07,,Cannot find cue bottom
sec6-res-util-pool-c4m2,,692,,pool,,4,,581,,814,,323,,5.06322104207e-27,,Cannot find cue bottom
sec6-res-util-pool-c4m2,,703,,pool,,4,,563,,860,,393,,1.8861968227e-35,,speech: left
sec6-res-util-pool-c4m2,,715,,pool,,4,,567,,766,,219,,1.6876201694e-14,,Cannot find cue ball
sec6-res-util-pool-c4m2,,722,,pool,,4,,559,,756,,271,,9.24380546784e-21,,speech: left
sec6-res-util-pool-c4m2,,730,,pool,,4,,558,,841,,385,,1.73333694995e-34,,Cannot find cue ball
sec6-res-util-pool-c4m2,,742,,pool,,4,,560,,815,,292,,2.7365213057e-23,,Cannot find cue ball
sec6-res-util-pool-c4m2,,752,,pool,,4,,561,,719,,172,,7.70262270791e-09,,Cannot find cue top
sec6-res-util-pool-c4m2,,757,,pool,,4,,560,,773,,312,,1.06895363504e-25,,Cannot find cue bottom
sec6-res-util-pool-c4m2,,767,,pool,,4,,561,,644,,97,,0.99984,,Cannot find cue ball
sec6-res-util-pool-c4m2,,770,,pool,,4,,560,,797,,589,,4.72971910349e-59,,Cannot find cue ball
sec6-res-util-pool-c4m2,,788,,pool,,4,,583,,696,,150,,3.43322753906e-06,,Cannot find cue top
sec6-res-util-pool-c4m2,,793,,pool,,4,,558,,675,,129,,0.0011597237497,,Cannot find cue ball
sec6-res-util-pool-c4m2,,798,,pool,,4,,571,,805,,292,,2.7365213057e-23,,Cannot find cue ball
sec6-res-util-pool-c4m2,,807,,pool,,4,,564,,666,,118,,0.0244842345927,,Cannot find cue bottom
sec6-res-util-pool-c4m2,,811,,pool,,4,,558,,780,,261,,1.47900887485e-19,,Cannot find cue bottom
sec6-res-util-pool-c4m2,,819,,pool,,4,,568,,861,,314,,6.1395264107e-26,,Cannot find cue bottom
sec6-res-util-pool-c4m2,,829,,pool,,4,,558,,848,,372,,6.3714601698e-33,,Cannot find cue bottom
sec6-res-util-pool-c4m2,,841,,pool,,4,,561,,755,,208,,3.56292506224e-13,,Cannot find cue bottom
sec6-res-util-pool-c4m2,,847,,pool,,4,,566,,748,,200,,3.27418092638e-12,,Cannot find cue top
sec6-res-util-pool-c4m2,,854,,pool,,4,,558,,813,,369,,1.46377716319e-32,,Cannot find cue bottom
sec6-res-util-pool-c4m2,,865,,pool,,4,,566,,727,,180,,8.38190317154e-10,,Cannot find cue top
sec6-res-util-pool-c4m2,,871,,pool,,4,,559,,753,,206,,6.20341283984e-13,,Cannot find cue top
sec6-res-util-pool-c4m2,,878,,pool,,4,,559,,750,,203,,1.4251700249e-12,,Cannot find cue top
sec6-res-util-pool-c4m2,,884,,pool,,4,,559,,905,,377,,1.59286504245e-33,,Cannot find object ball
sec6-res-util-pool-c4m2,,896,,pool,,4,,594,,715,,168,,2.33499856879e-08,,Cannot find cue bottom
sec6-res-util-pool-c4m2,,901,,pool,,4,,559,,826,,313,,8.10115366731e-26,,Cannot find cue bottom
sec6-res-util-pool-c4m2,,911,,pool,,4,,585,,797,,293,,2.07389533883e-23,,Cannot find cue bottom
sec6-res-util-pool-c4m2,,921,,pool,,4,,578,,808,,295,,1.19114008208e-23,,speech: right
sec6-res-util-pool-c4m2,,930,,pool,,4,,559,,727,,291,,3.61086151088e-23,,Cannot find cue bottom
sec6-res-util-pool-c4m2,,939,,pool,,4,,561,,767,,295,,1.19114008208e-23,,Cannot find cue top
sec6-res-util-pool-c4m2,,948,,pool,,4,,562,,700,,152,,1.97187141323e-06,,Cannot find cue bottom
sec6-res-util-pool-c4m2,,953,,pool,,4,,560,,731,,183,,3.64843526374e-10,,Cannot find cue top
sec6-res-util-pool-c4m2,,959,,pool,,4,,588,,638,,89,,1.0,,Cannot find cue top
sec6-res-util-pool-c4m2,,962,,pool,,4,,558,,718,,170,,1.34110450745e-08,,Cannot find object ball
sec6-res-util-pool-c4m2,,968,,pool,,4,,599,,661,,113,,0.0979369383708,,Cannot find cue ball
sec6-res-util-pool-c4m2,,972,,pool,,4,,573,,624,,76,,1.0,,Cannot find cue top
sec6-res-util-pool-c4m2,,974,,pool,,4,,580,,739,,192,,3.00883699528e-11,,Cannot find cue bottom
sec6-res-util-pool-c4m2,,981,,pool,,4,,574,,687,,139,,7.24827343564e-05,,Cannot find cue ball
sec6-res-util-pool-c4m2,,985,,pool,,4,,558,,864,,388,,7.5447872908e-35,,speech: right
sec6-res-util-pool-c4m2,,997,,pool,,4,,561,,620,,74,,1.0,,speech: good
sec6-res-util-pool-c4m2,,1000,,pool,,4,,560,,768,,307,,4.27581454016e-25,,speech: right
sec6-res-util-pool-c4m2,,1010,,pool,,4,,561,,833,,394,,1.42946988593e-35,,Cannot find cue bottom
sec6-res-util-pool-c4m2,,1022,,pool,,4,,567,,737,,190,,5.23868948221e-11,,Cannot find cue ball
sec6-res-util-pool-c4m2,,1028,,pool,,4,,593,,811,,296,,9.02715377719e-24,,Cannot find cue bottom
sec6-res-util-pool-c4m2,,1037,,pool,,4,,564,,803,,291,,3.61086151088e-23,,Cannot find cue bottom
sec6-res-util-pool-c4m2,,1046,,pool,,4,,562,,785,,294,,1.57171876114e-23,,Cannot find cue bottom
sec6-res-util-pool-c4m2,,1056,,pool,,4,,570,,629,,81,,1.0,,Cannot find cue top
sec6-res-util-pool-c4m2,,1059,,pool,,4,,576,,803,,302,,1.71032581607e-24,,Cannot find cue top
sec6-res-util-pool-c4m2,,1068,,pool,,4,,561,,705,,157,,4.92967853306e-07,,Cannot find cue top
sec6-res-util-pool-c4m2,,1073,,pool,,4,,587,,731,,183,,3.64843526374e-10,,Cannot find cue top
sec6-res-util-pool-c4m2,,1079,,pool,,4,,556,,695,,147,,7.8874856529e-06,,Cannot find cue top
sec6-res-util-pool-c4m2,,1,,pool,,4,,557,,788,,373,,4.82866386611e-33,,Cannot find cue ball
sec6-res-util-pool-c4m2,,13,,pool,,4,,559,,685,,137,,0.000126199770446,,Cannot find cue bottom
sec6-res-util-pool-c4m2,,17,,pool,,4,,585,,827,,345,,1.13595970352e-29,,Cannot find cue bottom
sec6-res-util-pool-c4m2,,28,,pool,,4,,567,,758,,210,,2.04636307899e-13,,Cannot find cue ball
sec6-res-util-pool-c4m2,,35,,pool,,4,,559,,759,,274,,4.02360002851e-21,,Cannot find cue bottom
sec6-res-util-pool-c4m2,,43,,pool,,4,,562,,662,,114,,0.074222319981,,Cannot find cue bottom
sec6-res-util-pool-c4m2,,47,,pool,,4,,583,,734,,262,,1.12087912682e-19,,Cannot find cue top
sec6-res-util-pool-c4m2,,56,,pool,,4,,562,,633,,85,,1.0,,Cannot find cue bottom
sec6-res-util-pool-c4m2,,59,,pool,,4,,562,,756,,208,,3.56292506224e-13,,Cannot find cue top
sec6-res-util-pool-c4m2,,65,,pool,,4,,586,,795,,279,,1.00590000713e-21,,Cannot find object ball
sec6-res-util-pool-c4m2,,74,,pool,,4,,563,,659,,112,,0.129228564937,,Cannot find object ball
sec6-res-util-pool-c4m2,,78,,pool,,4,,565,,811,,371,,8.40719209722e-33,,speech: left
sec6-res-util-pool-c4m2,,89,,pool,,4,,578,,821,,291,,3.61086151088e-23,,Cannot find cue top
sec6-res-util-pool-c4m2,,99,,pool,,4,,573,,911,,397,,6.22212907207e-36,,speech: right
sec6-res-util-pool-c4m2,,111,,pool,,4,,561,,871,,326,,2.20389496513e-27,,speech: left
sec6-res-util-pool-c4m2,,121,,pool,,4,,559,,835,,359,,2.34204346111e-31,,Cannot find cue ball
sec6-res-util-pool-c4m2,,132,,pool,,4,,561,,752,,205,,8.18545231596e-13,,Cannot find cue top
sec6-res-util-pool-c4m2,,139,,pool,,4,,559,,738,,278,,1.32729301685e-21,,Cannot find cue top
sec6-res-util-pool-c4m2,,148,,pool,,4,,564,,779,,290,,4.76456032831e-23,,Cannot find cue bottom
sec6-res-util-pool-c4m2,,157,,pool,,4,,561,,727,,181,,6.35229474799e-10,,Cannot find cue top
sec6-res-util-pool-c4m2,,163,,pool,,4,,560,,761,,214,,6.7504806776e-14,,speech: good
sec6-res-util-pool-c4m2,,170,,pool,,4,,599,,756,,275,,3.04931861012e-21,,speech: left
sec6-res-util-pool-c4m2,,179,,pool,,4,,559,,756,,209,,2.70019227104e-13,,Cannot find cue top
sec6-res-util-pool-c4m2,,185,,pool,,4,,586,,739,,274,,4.02360002851e-21,,Cannot find cue top
sec6-res-util-pool-c4m2,,194,,pool,,4,,598,,734,,186,,1.588073687e-10,,speech: left
sec6-res-util-pool-c4m2,,200,,pool,,4,,562,,732,,184,,2.76499688554e-10,,Cannot find cue top
sec6-res-util-pool-c4m2,,206,,pool,,4,,559,,745,,199,,4.32030763366e-12,,Cannot find cue top
sec6-res-util-pool-c4m2,,212,,pool,,4,,561,,807,,296,,9.02715377719e-24,,Cannot find cue ball
sec6-res-util-pool-c4m2,,222,,pool,,4,,566,,711,,163,,9.33999427517e-08,,Cannot find object ball
sec6-res-util-pool-c4m2,,227,,pool,,4,,558,,747,,199,,4.32030763366e-12,,speech: left
sec6-res-util-pool-c4m2,,233,,pool,,4,,585,,831,,310,,1.86115637824e-25,,Cannot find cue ball
sec6-res-util-pool-c4m2,,243,,pool,,4,,560,,886,,396,,8.21014853244e-36,,speech: right
sec6-res-util-pool-c4m2,,255,,pool,,4,,562,,704,,158,,3.73599771007e-07,,Cannot find cue ball
sec6-res-util-pool-c4m2,,260,,pool,,4,,561,,793,,330,,7.27014210252e-28,,Cannot find object ball
sec6-res-util-pool-c4m2,,271,,pool,,4,,559,,771,,291,,3.61086151088e-23,,speech: right
sec6-res-util-pool-c4m2,,280,,pool,,4,,560,,855,,396,,8.21014853244e-36,,speech: right
sec6-res-util-pool-c4m2,,292,,pool,,4,,593,,771,,293,,2.07389533883e-23,,Cannot find cue top
sec6-res-util-pool-c4m2,,301,,pool,,4,,560,,656,,108,,0.391747753483,,Cannot find cue bottom
sec6-res-util-pool-c4m2,,305,,pool,,4,,561,,727,,180,,8.38190317154e-10,,Cannot find cue bottom
sec6-res-util-pool-c4m2,,311,,pool,,4,,559,,703,,156,,6.50474982195e-07,,Cannot find cue top
sec6-res-util-pool-c4m2,,316,,pool,,4,,559,,681,,134,,0.000289930937426,,Cannot find cue top
sec6-res-util-pool-c4m2,,321,,pool,,4,,560,,696,,148,,5.97759633611e-06,,Cannot find cue top
sec6-res-util-pool-c4m2,,325,,pool,,4,,560,,753,,309,,2.45581056428e-25,,Cannot find cue top
sec6-res-util-pool-c4m2,,335,,pool,,4,,568,,639,,92,,1.0,,Cannot find cue top
sec6-res-util-pool-c4m2,,338,,pool,,4,,586,,799,,293,,2.07389533883e-23,,Cannot find cue top
sec6-res-util-pool-c4m2,,348,,pool,,4,,562,,705,,157,,4.92967853306e-07,,Cannot find cue top
sec6-res-util-pool-c4m2,,353,,pool,,4,,603,,680,,133,,0.000382566165511,,Cannot find cue top
sec6-res-util-pool-c4m2,,357,,pool,,4,,567,,864,,380,,6.93334779979e-34,,Cannot find cue bottom
sec6-res-util-pool-c4m2,,369,,pool,,4,,560,,792,,290,,4.76456032831e-23,,Cannot find cue bottom
sec6-res-util-pool-c4m2,,378,,pool,,4,,560,,672,,125,,0.003515625,,Cannot find cue top
sec6-res-util-pool-c4m2,,382,,pool,,4,,561,,679,,132,,0.000504799081786,,Cannot find cue top
sec6-res-util-pool-c4m2,,387,,pool,,4,,567,,690,,142,,3.15499426116e-05,,Cannot find cue top
sec6-res-util-pool-c4m2,,391,,pool,,4,,559,,717,,170,,1.34110450745e-08,,Cannot find cue top
sec6-res-util-pool-c4m2,,397,,pool,,4,,558,,848,,387,,9.95540651531e-35,,Cannot find cue bottom
sec6-res-util-pool-c4m2,,409,,pool,,4,,565,,684,,137,,0.000126199770446,,Cannot find cue bottom
sec6-res-util-pool-c4m2,,414,,pool,,4,,560,,699,,151,,2.60189992878e-06,,Cannot find cue bottom
sec6-res-util-pool-c4m2,,419,,pool,,4,,568,,751,,206,,6.20341283984e-13,,Cannot find cue ball
sec6-res-util-pool-c4m2,,425,,pool,,4,,587,,715,,168,,2.33499856879e-08,,speech: good
sec6-res-util-pool-c4m2,,431,,pool,,4,,560,,837,,389,,5.71787954373e-35,,Cannot find cue ball
sec6-res-util-pool-c4m2,,443,,pool,,4,,563,,810,,392,,2.48885162883e-35,,Cannot find cue top
sec6-res-util-pool-c4m2,,455,,pool,,4,,563,,833,,395,,1.08333559372e-35,,Cannot find cue bottom
sec6-res-util-pool-c4m2,,467,,pool,,4,,584,,816,,295,,1.19114008208e-23,,Cannot find cue ball
sec6-res-util-pool-c4m2,,477,,pool,,4,,577,,820,,291,,3.61086151088e-23,,Cannot find cue ball
sec6-res-util-pool-c4m2,,486,,pool,,4,,572,,794,,294,,1.57171876114e-23,,Cannot find cue ball
sec6-res-util-pool-c4m2,,495,,pool,,4,,565,,816,,268,,2.12366882696e-20,,Cannot find cue ball
sec6-res-util-pool-c4m2,,503,,pool,,4,,581,,786,,318,,2.02528841683e-26,,Cannot find cue ball
sec6-res-util-pool-c4m2,,513,,pool,,4,,564,,763,,216,,3.8771330249e-14,,Cannot find cue bottom
sec6-res-util-pool-c4m2,,520,,pool,,4,,566,,763,,216,,3.8771330249e-14,,Cannot find cue bottom
sec6-res-util-pool-c4m2,,527,,pool,,4,,587,,715,,167,,3.08104908317e-08,,Cannot find cue ball
sec6-res-util-pool-c4m2,,533,,pool,,4,,559,,838,,365,,4.43734259187e-32,,Cannot find cue bottom
sec6-res-util-pool-c4m2,,544,,pool,,4,,564,,740,,193,,2.28027203984e-11,,Cannot find cue top
sec6-res-util-pool-c4m2,,550,,pool,,4,,560,,743,,196,,9.92546054374e-12,,Cannot find cue top
sec6-res-util-pool-c4m2,,557,,pool,,4,,558,,741,,283,,3.31823254213e-22,,Cannot find cue bottom
sec6-res-util-pool-c4m2,,566,,pool,,4,,565,,666,,118,,0.0244842345927,,Cannot find cue bottom
sec6-res-util-pool-c4m2,,570,,pool,,4,,560,,780,,266,,3.69752218714e-20,,Cannot find cue ball
sec6-res-util-pool-c4m2,,578,,pool,,4,,581,,904,,400,,2.70833898429e-36,,Cannot find cue bottom
sec6-res-util-pool-c4m2,,590,,pool,,4,,561,,735,,191,,3.9701842175e-11,,Cannot find cue top
sec6-res-util-pool-c4m2,,596,,pool,,4,,579,,667,,186,,1.588073687e-10,,Cannot find cue top
sec6-res-util-pool-c4m2,,602,,pool,,4,,581,,737,,189,,6.91249221386e-11,,Cannot find cue top
sec6-res-util-pool-c4m2,,609,,pool,,4,,576,,696,,149,,4.53017089728e-06,,Cannot find cue top
sec6-res-util-pool-c4m2,,613,,pool,,4,,559,,658,,110,,0.225,,Cannot find cue top
sec6-res-util-pool-c4m2,,617,,pool,,4,,559,,714,,167,,3.08104908317e-08,,Cannot find cue top
sec6-res-util-pool-c4m2,,623,,pool,,4,,558,,703,,230,,7.9936057773e-16,,Cannot find cue top
sec6-res-util-pool-c4m2,,630,,pool,,4,,559,,769,,291,,3.61086151088e-23,,Cannot find cue top
sec6-res-util-pool-c4m2,,639,,pool,,4,,564,,671,,124,,0.00463889499881,,Cannot find cue top
sec6-res-util-pool-c4m2,,644,,pool,,4,,559,,832,,361,,1.34515073556e-31,,Cannot find cue bottom
sec6-res-util-pool-c4m2,,655,,pool,,4,,564,,757,,210,,2.04636307899e-13,,Cannot find cue bottom
sec6-res-util-pool-c4m2,,662,,pool,,4,,564,,653,,165,,5.36441802979e-08,,Cannot find cue top
sec6-res-util-pool-c4m2,,667,,pool,,4,,560,,677,,129,,0.0011597237497,,Cannot find cue top
sec6-res-util-pool-c4m2,,671,,pool,,4,,584,,741,,193,,2.28027203984e-11,,Cannot find cue top
sec6-res-util-pool-c4m2,,677,,pool,,4,,576,,725,,177,,1.92565567698e-09,,Cannot find cue bottom
sec6-res-util-pool-c4m2,,683,,pool,,4,,584,,728,,264,,6.43776004562e-20,,Cannot find cue bottom
sec6-res-util-pool-c4m2,,692,,pool,,4,,565,,809,,389,,5.71787954373e-35,,Cannot find cue bottom
sec6-res-util-pool-c4m2,,704,,pool,,4,,562,,803,,293,,2.07389533883e-23,,speech: left
sec6-res-util-pool-c4m2,,713,,pool,,4,,592,,801,,291,,3.61086151088e-23,,Cannot find cue ball
sec6-res-util-pool-c4m2,,722,,pool,,4,,562,,923,,399,,3.57367471483e-36,,speech: left
sec6-res-util-pool-c4m2,,735,,pool,,4,,575,,807,,295,,1.19114008208e-23,,Cannot find cue ball
sec6-res-util-pool-c4m2,,744,,pool,,4,,579,,711,,164,,7.07839202699e-08,,Cannot find cue ball
sec6-res-util-pool-c4m2,,749,,pool,,4,,587,,731,,184,,2.76499688554e-10,,Cannot find cue top
sec6-res-util-pool-c4m2,,755,,pool,,4,,587,,802,,322,,6.680960219e-27,,Cannot find cue bottom
sec6-res-util-pool-c4m2,,765,,pool,,4,,564,,789,,290,,4.76456032831e-23,,Cannot find cue ball
sec6-res-util-pool-c4m2,,774,,pool,,4,,567,,770,,292,,2.7365213057e-23,,Cannot find cue ball
sec6-res-util-pool-c4m2,,784,,pool,,4,,561,,681,,134,,0.000289930937426,,Cannot find cue bottom
sec6-res-util-pool-c4m2,,788,,pool,,4,,589,,714,,167,,3.08104908317e-08,,Cannot find cue top
sec6-res-util-pool-c4m2,,794,,pool,,4,,559,,658,,111,,0.170518113732,,Cannot find cue ball
sec6-res-util-pool-c4m2,,797,,pool,,4,,581,,810,,349,,3.74726953778e-30,,Cannot find cue ball
sec6-res-util-pool-c4m2,,808,,pool,,4,,562,,727,,179,,1.10599875422e-09,,Cannot find cue bottom
sec6-res-util-pool-c4m2,,814,,pool,,4,,559,,772,,304,,9.82324225712e-25,,Cannot find cue bottom
sec6-res-util-pool-c4m2,,824,,pool,,4,,560,,821,,292,,2.7365213057e-23,,Cannot find cue bottom
sec6-res-util-pool-c4m2,,833,,pool,,4,,561,,750,,203,,1.4251700249e-12,,Cannot find cue bottom
sec6-res-util-pool-c4m2,,839,,pool,,4,,559,,781,,278,,1.32729301685e-21,,Cannot find cue bottom
sec6-res-util-pool-c4m2,,848,,pool,,4,,586,,735,,190,,5.23868948221e-11,,Cannot find cue top
sec6-res-util-pool-c4m2,,854,,pool,,4,,581,,817,,291,,3.61086151088e-23,,Cannot find cue bottom
sec6-res-util-pool-c4m2,,864,,pool,,4,,574,,675,,127,,0.00201919632714,,Cannot find cue top
sec6-res-util-pool-c4m2,,868,,pool,,4,,570,,761,,213,,8.90731265561e-14,,Cannot find cue top
sec6-res-util-pool-c4m2,,875,,pool,,4,,559,,641,,95,,1.0,,Cannot find cue top
sec6-res-util-pool-c4m2,,878,,pool,,4,,596,,723,,176,,2.5409178992e-09,,Cannot find cue top
sec6-res-util-pool-c4m2,,884,,pool,,4,,560,,828,,341,,3.44358588302e-29,,Cannot find object ball
sec6-res-util-pool-c4m2,,894,,pool,,4,,559,,872,,394,,1.42946988593e-35,,Cannot find cue ball
sec6-res-util-pool-c4m2,,907,,pool,,4,,567,,763,,215,,5.11590769747e-14,,Cannot find cue bottom
sec6-res-util-pool-c4m2,,913,,pool,,4,,562,,719,,172,,7.70262270791e-09,,Cannot find cue bottom
sec6-res-util-pool-c4m2,,919,,pool,,4,,558,,643,,96,,0.99999,,Cannot find cue ball
sec6-res-util-pool-c4m2,,922,,pool,,4,,559,,665,,117,,0.0323071412343,,Cannot find object ball
sec6-res-util-pool-c4m2,,926,,pool,,4,,582,,783,,247,,7.17362641163e-18,,Cannot find cue bottom
sec6-res-util-pool-c4m2,,934,,pool,,4,,560,,725,,178,,1.4593741055e-09,,Cannot find cue top
