sec6-res-util-lego-c2m2,,1377,,lego,,6,,622,,731,,168,,1.0,,Cannot find a large enough foreground near the center of board
sec6-res-util-lego-c2m2,,1382,,lego,,6,,623,,713,,149,,1.0,,Cannot find a large enough foreground near the center of board
sec6-res-util-lego-c2m2,,1387,,lego,,6,,687,,811,,332,,1.0,,Cannot find a large enough foreground near the center of board
sec6-res-util-lego-c2m2,,1397,,lego,,6,,679,,755,,190,,1.0,,Cannot locate board border, maybe not the full board is in the scene. Failed at stage 1
sec6-res-util-lego-c2m2,,1404,,lego,,6,,668,,700,,136,,1.0,,Cannot locate board border, maybe not the full board is in the scene. Failed at stage 1
sec6-res-util-lego-c2m2,,1408,,lego,,6,,674,,706,,141,,1.0,,Cannot locate board border, maybe not the full board is in the scene. Failed at stage 1
sec6-res-util-lego-c2m2,,1413,,lego,,6,,683,,750,,186,,1.0,,Cannot locate board border, maybe not the full board is in the scene. Failed at stage 1
sec6-res-util-lego-c2m2,,1419,,lego,,6,,625,,656,,92,,1.0,,Cannot locate board border, maybe not the full board is in the scene. Failed at stage 1
sec6-res-util-lego-c2m2,,1422,,lego,,6,,740,,780,,273,,1.0,,Cannot locate board border, maybe not the full board is in the scene. Failed at stage 1
sec6-res-util-lego-c2m2,,1431,,lego,,6,,653,,685,,121,,1.0,,Cannot locate board border, maybe not the full board is in the scene. Failed at stage 1
sec6-res-util-lego-c2m2,,1435,,lego,,6,,594,,624,,60,,1.0,,Cannot locate board border, maybe not the full board is in the scene. Failed at stage 1
sec6-res-util-lego-c2m2,,1437,,lego,,6,,663,,727,,163,,1.0,,Cannot locate board border, maybe not the full board is in the scene. Failed at stage 1
sec6-res-util-lego-c2m2,,1443,,lego,,6,,577,,637,,74,,1.0,,Cannot locate board border, maybe not the full board is in the scene. Failed at stage 1
sec6-res-util-lego-c2m2,,1445,,lego,,6,,642,,674,,112,,1.0,,Cannot locate board border, maybe not the full board is in the scene. Failed at stage 1
sec6-res-util-lego-c2m2,,1449,,lego,,6,,753,,785,,300,,1.0,,Cannot locate board border, maybe not the full board is in the scene. Failed at stage 1
sec6-res-util-lego-c2m2,,1459,,lego,,6,,614,,650,,125,,1.0,,Cannot locate board border, maybe not the full board is in the scene. Failed at stage 1
sec6-res-util-lego-c2m2,,1463,,lego,,6,,597,,658,,94,,1.0,,Cannot locate board border, maybe not the full board is in the scene. Failed at stage 1
sec6-res-util-lego-c2m2,,1466,,lego,,6,,581,,653,,90,,1.0,,Cannot locate board border, maybe not the full board is in the scene. Failed at stage 1
sec6-res-util-lego-c2m2,,1469,,lego,,6,,636,,1272,,755,,0.999997032098,,Not confident about reconstruction, maybe too much noise
sec6-res-util-lego-c2m2,,1492,,lego,,6,,594,,1261,,794,,0.999992716674,,Not confident about reconstruction, maybe too much noise
sec6-res-util-lego-c2m2,,1517,,lego,,6,,582,,1167,,693,,0.99999961536,,Not confident about reconstruction, maybe too much noise
sec6-res-util-lego-c2m2,,1539,,lego,,6,,631,,1172,,692,,0.999999631639,,Not confident about reconstruction, maybe too much noise
sec6-res-util-lego-c2m2,,1560,,lego,,6,,633,,1259,,796,,0.999992411654,,Not confident about reconstruction, maybe too much noise
sec6-res-util-lego-c2m2,,1585,,lego,,6,,629,,1257,,802,,0.999991438925,,Not confident about reconstruction, maybe too much noise
sec6-res-util-lego-c2m2,,1609,,lego,,6,,676,,729,,165,,1.0,,Cannot locate board border, maybe not the full board is in the scene. Failed at stage 1
sec6-res-util-lego-c2m2,,1615,,lego,,6,,577,,619,,55,,1.0,,Cannot locate board border, maybe not the full board is in the scene. Failed at stage 1
sec6-res-util-lego-c2m2,,1617,,lego,,6,,665,,730,,166,,1.0,,Cannot locate board border, maybe not the full board is in the scene. Failed at stage 1
sec6-res-util-lego-c2m2,,1623,,lego,,6,,733,,765,,252,,1.0,,Cannot locate board border, maybe not the full board is in the scene. Failed at stage 1
sec6-res-util-lego-c2m2,,1631,,lego,,6,,685,,717,,188,,1.0,,Cannot locate board border, maybe not the full board is in the scene. Failed at stage 1
sec6-res-util-lego-c2m2,,1637,,lego,,6,,651,,699,,135,,1.0,,Cannot locate board border, maybe not the full board is in the scene. Failed at stage 1
sec6-res-util-lego-c2m2,,1641,,lego,,6,,595,,641,,77,,1.0,,Cannot locate board border, maybe not the full board is in the scene. Failed at stage 1
sec6-res-util-lego-c2m2,,1644,,lego,,6,,659,,714,,150,,1.0,,Cannot locate board border, maybe not the full board is in the scene. Failed at stage 1
sec6-res-util-lego-c2m2,,1649,,lego,,6,,671,,707,,143,,1.0,,Cannot locate board border, maybe not the full board is in the scene. Failed at stage 1
sec6-res-util-lego-c2m2,,1654,,lego,,6,,717,,805,,336,,1.0,,Cannot locate board border, maybe not the full board is in the scene. Failed at stage 1
sec6-res-util-lego-c2m2,,1665,,lego,,6,,601,,1156,,687,,0.999999705422,,Not confident about reconstruction, maybe too much noise
sec6-res-util-lego-c2m2,,1686,,lego,,6,,579,,1140,,587,,1.0,,Not confident about reconstruction, maybe too much noise
sec6-res-util-lego-c2m2,,1704,,lego,,6,,822,,1446,,912,,0.999951276195,,Not confident about reconstruction, maybe too much noise
sec6-res-util-lego-c2m2,,1732,,lego,,6,,1192,,1231,,706,,0.999999350848,,Cannot locate board border, maybe not the full board is in the scene. Failed at stage 1
sec6-res-util-lego-c2m2,,1754,,lego,,6,,686,,711,,147,,1.0,,Cannot locate board border, maybe not the full board is in the scene. Failed at stage 1
sec6-res-util-lego-c2m2,,1759,,lego,,6,,1011,,1031,,469,,1.0,,Cannot locate board border, maybe not the full board is in the scene. Failed at stage 1
sec6-res-util-lego-c2m2,,1773,,lego,,6,,708,,761,,198,,1.0,,Cannot locate board border, maybe not the full board is in the scene. Failed at stage 1
sec6-res-util-lego-c2m2,,1780,,lego,,6,,662,,710,,147,,1.0,,Cannot locate board border, maybe not the full board is in the scene. Failed at stage 1
sec6-res-util-lego-c2m2,,1784,,lego,,6,,949,,985,,498,,1.0,,Cannot locate board border, maybe not the full board is in the scene. Failed at stage 1
sec6-res-util-lego-c2m2,,1800,,lego,,6,,771,,827,,294,,1.0,,Cannot locate board border, maybe not the full board is in the scene. Failed at stage 1
sec6-res-util-lego-c2m2,,1809,,lego,,6,,828,,861,,395,,1.0,,Cannot locate board border, maybe not the full board is in the scene. Failed at stage 1
sec6-res-util-lego-c2m2,,1821,,lego,,6,,758,,812,,289,,1.0,,Cannot locate board border, maybe not the full board is in the scene. Failed at stage 1
sec6-res-util-lego-c2m2,,1830,,lego,,6,,814,,865,,386,,1.0,,Cannot locate board border, maybe not the full board is in the scene. Failed at stage 1
sec6-res-util-lego-c2m2,,1843,,lego,,6,,901,,937,,394,,1.0,,Cannot locate board border, maybe not the full board is in the scene. Failed at stage 1
sec6-res-util-lego-c2m2,,1855,,lego,,6,,780,,838,,394,,1.0,,Cannot locate board border, maybe not the full board is in the scene. Failed at stage 1
sec6-res-util-lego-c2m2,,1867,,lego,,6,,577,,637,,74,,1.0,,Cannot locate board border, maybe not the full board is in the scene. Failed at stage 1
sec6-res-util-lego-c2m2,,1870,,lego,,6,,640,,1282,,819,,0.999988172328,,Not confident about reconstruction, maybe too much noise
sec6-res-util-lego-c2m2,,1895,,lego,,6,,602,,1349,,894,,0.999961584,,Not confident about reconstruction, maybe too much noise
sec6-res-util-lego-c2m2,,1922,,lego,,6,,581,,1256,,794,,0.999992716674,,[[0 0 1 6]
 [2 2 2 2]]
sec6-res-util-lego-c2m2,,1947,,lego,,6,,599,,1208,,690,,0.999999662641,,Not confident about reconstruction, maybe too much noise
sec6-res-util-lego-c2m2,,1969,,lego,,6,,594,,635,,71,,1.0,,Cannot locate board border, maybe not the full board is in the scene. Failed at stage 1
sec6-res-util-lego-c2m2,,1971,,lego,,6,,642,,684,,120,,1.0,,Cannot locate board border, maybe not the full board is in the scene. Failed at stage 1
sec6-res-util-lego-c2m2,,1975,,lego,,6,,615,,673,,108,,1.0,,Cannot locate board border, maybe not the full board is in the scene. Failed at stage 1
sec6-res-util-lego-c2m2,,1979,,lego,,6,,596,,658,,93,,1.0,,Cannot locate board border, maybe not the full board is in the scene. Failed at stage 1
sec6-res-util-lego-c2m2,,1983,,lego,,6,,675,,1426,,952,,0.999921060663,,Not confident about reconstruction, maybe too much noise
sec6-res-util-lego-c2m2,,2012,,lego,,6,,584,,1248,,791,,0.999993156846,,Not confident about reconstruction, maybe too much noise
sec6-res-util-lego-c2m2,,2036,,lego,,6,,589,,1241,,691,,0.999999647395,,[[0 0 1 6]
 [2 2 2 2]]
sec6-res-util-lego-c2m2,,2058,,lego,,6,,580,,1211,,689,,0.999999677386,,[[0 0 1 6]
 [2 2 2 2]]
sec6-res-util-lego-c2m2,,2079,,lego,,6,,648,,731,,167,,1.0,,Cannot locate board border, maybe not the full board is in the scene. Failed at stage 1
sec6-res-util-lego-c2m2,,2085,,lego,,6,,944,,1056,,515,,1.0,,Cannot find a large enough foreground near the center of board
sec6-res-util-lego-c2m2,,2101,,lego,,6,,621,,753,,189,,1.0,,Cannot find a large enough foreground near the center of board
sec6-res-util-lego-c2m2,,2107,,lego,,6,,624,,739,,175,,1.0,,Cannot find a large enough foreground near the center of board
sec6-res-util-lego-c2m2,,2112,,lego,,6,,692,,763,,199,,1.0,,Cannot find a large enough foreground near the center of board
sec6-res-util-lego-c2m2,,2119,,lego,,6,,688,,790,,294,,1.0,,Cannot find a large enough foreground near the center of board
sec6-res-util-lego-c2m2,,2128,,lego,,6,,595,,703,,139,,1.0,,Cannot find a large enough foreground near the center of board
sec6-res-util-lego-c2m2,,2133,,lego,,6,,578,,707,,143,,1.0,,Cannot find a large enough foreground near the center of board
sec6-res-util-lego-c2m2,,2138,,lego,,6,,665,,752,,188,,1.0,,Cannot find a large enough foreground near the center of board
sec6-res-util-lego-c2m2,,2144,,lego,,6,,661,,776,,212,,1.0,,Cannot find a large enough foreground near the center of board
sec6-res-util-lego-c2m2,,2151,,lego,,6,,611,,735,,170,,1.0,,Cannot find a large enough foreground near the center of board
sec6-res-util-lego-c2m2,,2157,,lego,,6,,587,,736,,172,,1.0,,Cannot find a large enough foreground near the center of board
sec6-res-util-lego-c2m2,,2162,,lego,,6,,613,,703,,139,,1.0,,Cannot find a large enough foreground near the center of board
sec6-res-util-lego-c2m2,,2167,,lego,,6,,624,,715,,150,,1.0,,Cannot find a large enough foreground near the center of board
sec6-res-util-lego-c2m2,,2172,,lego,,6,,638,,761,,196,,1.0,,Cannot find a large enough foreground near the center of board
sec6-res-util-lego-c2m2,,2178,,lego,,6,,579,,672,,109,,1.0,,Cannot find a large enough foreground near the center of board
sec6-res-util-lego-c2m2,,2182,,lego,,6,,643,,739,,174,,1.0,,Cannot find a large enough foreground near the center of board
sec6-res-util-lego-c2m2,,2187,,lego,,6,,619,,704,,140,,1.0,,Cannot find a large enough foreground near the center of board
sec6-res-util-lego-c2m2,,2192,,lego,,6,,655,,807,,312,,1.0,,Cannot find a large enough foreground near the center of board
sec6-res-util-lego-c2m2,,2202,,lego,,6,,1149,,1239,,693,,0.99999961536,,Cannot locate board border, maybe not the full board is in the scene. Failed at stage 1
sec6-res-util-lego-c2m2,,2224,,lego,,6,,1038,,1139,,597,,1.0,,Cannot locate board border, maybe not the full board is in the scene. Failed at stage 1
sec6-res-util-lego-c2m2,,2242,,lego,,6,,1130,,1215,,703,,0.999999421276,,Cannot locate board border, maybe not the full board is in the scene. Failed at stage 1
sec6-res-util-lego-c2m2,,2264,,lego,,6,,1012,,1104,,601,,1.0,,Cannot locate board border, maybe not the full board is in the scene. Failed at stage 1
sec6-res-util-lego-c2m2,,2282,,lego,,6,,1138,,1757,,1205,,0.999311118821,,Not confident about reconstruction, maybe too much noise
sec6-res-util-lego-c2m2,,2319,,lego,,6,,658,,1351,,804,,0.999991094804,,Not confident about reconstruction, maybe too much noise
sec6-res-util-lego-c2m2,,2343,,lego,,6,,641,,1338,,797,,0.999992255601,,Not confident about reconstruction, maybe too much noise
sec6-res-util-lego-c2m2,,2368,,lego,,6,,692,,1405,,913,,0.999950648521,,Not confident about reconstruction, maybe too much noise
sec6-res-util-lego-c2m2,,2396,,lego,,6,,576,,1205,,701,,0.999999464933,,Not confident about reconstruction, maybe too much noise
sec6-res-util-lego-c2m2,,2417,,lego,,6,,577,,1247,,704,,0.999999398472,,Not confident about reconstruction, maybe too much noise
sec6-res-util-lego-c2m2,,2439,,lego,,6,,579,,1254,,704,,0.999999398472,,[[0 0 1 1]
 [0 0 1 6]
 [2 2 2 2]]
sec6-res-util-lego-c2m2,,2460,,lego,,6,,576,,644,,79,,1.0,,Cannot locate board border, maybe not the full board is in the scene. Failed at stage 1
sec6-res-util-lego-c2m2,,2463,,lego,,6,,579,,652,,87,,1.0,,Cannot locate board border, maybe not the full board is in the scene. Failed at stage 1
sec6-res-util-lego-c2m2,,2466,,lego,,6,,575,,637,,73,,1.0,,Cannot locate board border, maybe not the full board is in the scene. Failed at stage 1
sec6-res-util-lego-c2m2,,2468,,lego,,6,,589,,660,,97,,1.0,,Cannot locate board border, maybe not the full board is in the scene. Failed at stage 1
sec6-res-util-lego-c2m2,,2472,,lego,,6,,590,,643,,78,,1.0,,Cannot locate board border, maybe not the full board is in the scene. Failed at stage 1
sec6-res-util-lego-c2m2,,2474,,lego,,6,,591,,651,,86,,1.0,,Cannot locate board border, maybe not the full board is in the scene. Failed at stage 1
sec6-res-util-lego-c2m2,,2477,,lego,,6,,590,,651,,87,,1.0,,Cannot locate board border, maybe not the full board is in the scene. Failed at stage 1
sec6-res-util-lego-c2m2,,2480,,lego,,6,,585,,643,,78,,1.0,,Cannot locate board border, maybe not the full board is in the scene. Failed at stage 1
sec6-res-util-lego-c2m2,,2483,,lego,,6,,579,,609,,45,,1.0,,Cannot locate board border, maybe not the full board is in the scene. Failed at stage 1
sec6-res-util-lego-c2m2,,2485,,lego,,6,,600,,632,,67,,1.0,,Cannot locate board border, maybe not the full board is in the scene. Failed at stage 1
sec6-res-util-lego-c2m2,,2487,,lego,,6,,626,,670,,105,,1.0,,Cannot locate board border, maybe not the full board is in the scene. Failed at stage 1
sec6-res-util-lego-c2m2,,2491,,lego,,6,,574,,619,,55,,1.0,,Cannot locate board border, maybe not the full board is in the scene. Failed at stage 1
sec6-res-util-lego-c2m2,,2493,,lego,,6,,580,,639,,75,,1.0,,Cannot locate board border, maybe not the full board is in the scene. Failed at stage 1
sec6-res-util-lego-c2m2,,2495,,lego,,6,,653,,684,,119,,1.0,,Cannot locate board border, maybe not the full board is in the scene. Failed at stage 1
sec6-res-util-lego-c2m2,,2499,,lego,,6,,620,,651,,86,,1.0,,Cannot locate board border, maybe not the full board is in the scene. Failed at stage 1
sec6-res-util-lego-c2m2,,2502,,lego,,6,,600,,632,,67,,1.0,,Cannot locate board border, maybe not the full board is in the scene. Failed at stage 1
sec6-res-util-lego-c2m2,,2505,,lego,,6,,822,,871,,335,,1.0,,Cannot locate board border, maybe not the full board is in the scene. Failed at stage 1
sec6-res-util-lego-c2m2,,2515,,lego,,6,,913,,977,,497,,1.0,,Cannot locate board border, maybe not the full board is in the scene. Failed at stage 1
sec6-res-util-lego-c2m2,,2531,,lego,,6,,697,,766,,201,,1.0,,Cannot locate board border, maybe not the full board is in the scene. Failed at stage 1
sec6-res-util-lego-c2m2,,2537,,lego,,6,,955,,1001,,487,,1.0,,Cannot locate board border, maybe not the full board is in the scene. Failed at stage 1
sec6-res-util-lego-c2m2,,2552,,lego,,6,,576,,637,,72,,1.0,,Cannot locate board border, maybe not the full board is in the scene. Failed at stage 1
sec6-res-util-lego-c2m2,,2555,,lego,,6,,607,,770,,206,,1.0,,Cannot find a large enough foreground near the center of board
sec6-res-util-lego-c2m2,,2562,,lego,,6,,875,,995,,486,,1.0,,Cannot locate exact four board corners, probably because of occlusion
sec6-res-util-lego-c2m2,,2577,,lego,,6,,749,,848,,393,,1.0,,Cannot find a large enough foreground near the center of board
sec6-res-util-lego-c2m2,,2589,,lego,,6,,1066,,1160,,707,,0.999999326003,,Cannot find a large enough foreground near the center of board
sec6-res-util-lego-c2m2,,2611,,lego,,6,,1093,,1210,,691,,0.999999647395,,Cannot find a large enough foreground near the center of board
sec6-res-util-lego-c2m2,,2632,,lego,,6,,591,,707,,142,,1.0,,Cannot find a large enough foreground near the center of board
sec6-res-util-lego-c2m2,,2637,,lego,,6,,694,,782,,235,,1.0,,Cannot find a large enough foreground near the center of board
sec6-res-util-lego-c2m2,,2644,,lego,,6,,618,,704,,139,,1.0,,Cannot find a large enough foreground near the center of board
sec6-res-util-lego-c2m2,,2649,,lego,,6,,677,,775,,212,,1.0,,Cannot find a large enough foreground near the center of board
sec6-res-util-lego-c2m2,,2656,,lego,,6,,649,,746,,181,,1.0,,Cannot find a large enough foreground near the center of board
sec6-res-util-lego-c2m2,,2662,,lego,,6,,665,,752,,189,,1.0,,Cannot find a large enough foreground near the center of board
sec6-res-util-lego-c2m2,,2668,,lego,,6,,635,,723,,158,,1.0,,Cannot find a large enough foreground near the center of board
sec6-res-util-lego-c2m2,,2673,,lego,,6,,710,,816,,261,,1.0,,Cannot find a large enough foreground near the center of board
sec6-res-util-lego-c2m2,,2681,,lego,,6,,580,,671,,107,,1.0,,Cannot find a large enough foreground near the center of board
sec6-res-util-lego-c2m2,,2685,,lego,,6,,646,,738,,174,,1.0,,Cannot find a large enough foreground near the center of board
sec6-res-util-lego-c2m2,,2691,,lego,,6,,633,,667,,103,,1.0,,Cannot locate board border, maybe not the full board is in the scene. Failed at stage 1
sec6-res-util-lego-c2m2,,2694,,lego,,6,,631,,664,,99,,1.0,,Cannot locate board border, maybe not the full board is in the scene. Failed at stage 1
sec6-res-util-lego-c2m2,,2697,,lego,,6,,648,,713,,148,,1.0,,Cannot locate board border, maybe not the full board is in the scene. Failed at stage 1
sec6-res-util-lego-c2m2,,2702,,lego,,6,,574,,617,,53,,1.0,,Cannot locate board border, maybe not the full board is in the scene. Failed at stage 1
sec6-res-util-lego-c2m2,,2704,,lego,,6,,582,,613,,48,,1.0,,Cannot locate board border, maybe not the full board is in the scene. Failed at stage 1
sec6-res-util-lego-c2m2,,2706,,lego,,6,,640,,671,,106,,1.0,,Cannot locate board border, maybe not the full board is in the scene. Failed at stage 1
sec6-res-util-lego-c2m2,,2710,,lego,,6,,646,,694,,129,,1.0,,Cannot locate board border, maybe not the full board is in the scene. Failed at stage 1
sec6-res-util-lego-c2m2,,2714,,lego,,6,,621,,666,,102,,1.0,,Cannot locate board border, maybe not the full board is in the scene. Failed at stage 1
sec6-res-util-lego-c2m2,,2717,,lego,,6,,616,,658,,114,,1.0,,Cannot locate board border, maybe not the full board is in the scene. Failed at stage 1
sec6-res-util-lego-c2m2,,2721,,lego,,6,,633,,664,,99,,1.0,,Cannot locate board border, maybe not the full board is in the scene. Failed at stage 1
sec6-res-util-lego-c2m2,,2725,,lego,,6,,596,,635,,70,,1.0,,Cannot locate board border, maybe not the full board is in the scene. Failed at stage 1
sec6-res-util-lego-c2m2,,2727,,lego,,6,,644,,710,,145,,1.0,,Cannot locate board border, maybe not the full board is in the scene. Failed at stage 1
sec6-res-util-lego-c2m2,,2732,,lego,,6,,659,,696,,131,,1.0,,Cannot locate board border, maybe not the full board is in the scene. Failed at stage 1
sec6-res-util-lego-c2m2,,2736,,lego,,6,,574,,619,,54,,1.0,,Cannot locate board border, maybe not the full board is in the scene. Failed at stage 1
sec6-res-util-lego-c2m2,,2738,,lego,,6,,631,,663,,98,,1.0,,Cannot locate board border, maybe not the full board is in the scene. Failed at stage 1
sec6-res-util-lego-c2m2,,2742,,lego,,6,,663,,1265,,725,,0.999998744656,,Not confident about reconstruction, maybe too much noise
sec6-res-util-lego-c2m2,,2764,,lego,,6,,677,,719,,154,,1.0,,Cannot locate board border, maybe not the full board is in the scene. Failed at stage 1
sec6-res-util-lego-c2m2,,2769,,lego,,6,,598,,647,,83,,1.0,,Cannot locate board border, maybe not the full board is in the scene. Failed at stage 1
sec6-res-util-lego-c2m2,,2772,,lego,,6,,577,,1289,,828,,0.999986104883,,Not confident about reconstruction, maybe too much noise
sec6-res-util-lego-c2m2,,2798,,lego,,6,,633,,1278,,795,,0.999992565337,,Not confident about reconstruction, maybe too much noise
sec6-res-util-lego-c2m2,,2823,,lego,,6,,577,,1226,,700,,0.999999485811,,Not confident about reconstruction, maybe too much noise
sec6-res-util-lego-c2m2,,2844,,lego,,6,,613,,1155,,693,,0.99999961536,,[[0 0 1 1]
 [0 2 1 6]
 [2 2 2 2]]
sec6-res-util-lego-c2m2,,2866,,lego,,6,,606,,1227,,687,,0.999999705422,,Not confident about reconstruction, maybe too much noise
sec6-res-util-lego-c2m2,,2887,,lego,,6,,933,,993,,488,,1.0,,Cannot locate board border, maybe not the full board is in the scene. Failed at stage 1
sec6-res-util-lego-c2m2,,2902,,lego,,6,,693,,726,,164,,1.0,,Cannot locate board border, maybe not the full board is in the scene. Failed at stage 1
sec6-res-util-lego-c2m2,,2908,,lego,,6,,575,,624,,59,,1.0,,Cannot locate board border, maybe not the full board is in the scene. Failed at stage 1
sec6-res-util-lego-c2m2,,2910,,lego,,6,,614,,657,,93,,1.0,,Cannot locate board border, maybe not the full board is in the scene. Failed at stage 1
sec6-res-util-lego-c2m2,,2913,,lego,,6,,744,,837,,346,,1.0,,Cannot find a large enough foreground near the center of board
sec6-res-util-lego-c2m2,,2924,,lego,,6,,610,,699,,134,,1.0,,Cannot find a large enough foreground near the center of board
sec6-res-util-lego-c2m2,,2928,,lego,,6,,702,,766,,202,,1.0,,Cannot locate board border, maybe not the full board is in the scene. Failed at stage 1
sec6-res-util-lego-c2m2,,2935,,lego,,6,,645,,708,,143,,1.0,,Cannot locate board border, maybe not the full board is in the scene. Failed at stage 1
sec6-res-util-lego-c2m2,,2940,,lego,,6,,1089,,1138,,592,,1.0,,Cannot locate board border, maybe not the full board is in the scene. Failed at stage 1
sec6-res-util-lego-c2m2,,2958,,lego,,6,,719,,749,,185,,1.0,,Cannot locate board border, maybe not the full board is in the scene. Failed at stage 1
sec6-res-util-lego-c2m2,,2964,,lego,,6,,666,,683,,118,,1.0,,Cannot locate board border, maybe not the full board is in the scene. Failed at stage 1
sec6-res-util-lego-c2m2,,2968,,lego,,6,,646,,661,,96,,1.0,,Cannot locate board border, maybe not the full board is in the scene. Failed at stage 1
sec6-res-util-lego-c2m2,,2971,,lego,,6,,638,,677,,112,,1.0,,Cannot locate board border, maybe not the full board is in the scene. Failed at stage 1
sec6-res-util-lego-c2m2,,2975,,lego,,6,,654,,675,,111,,1.0,,Cannot locate board border, maybe not the full board is in the scene. Failed at stage 1
sec6-res-util-lego-c2m2,,2979,,lego,,6,,576,,594,,29,,1.0,,Cannot locate board border, maybe not the full board is in the scene. Failed at stage 1
sec6-res-util-lego-c2m2,,2980,,lego,,6,,577,,594,,30,,1.0,,Cannot locate board border, maybe not the full board is in the scene. Failed at stage 1
sec6-res-util-lego-c2m2,,2982,,lego,,6,,602,,639,,74,,1.0,,Cannot locate board border, maybe not the full board is in the scene. Failed at stage 1
sec6-res-util-lego-c2m2,,2984,,lego,,6,,685,,702,,135,,1.0,,Cannot locate board border, maybe not the full board is in the scene. Failed at stage 1
sec6-res-util-lego-c2m2,,2989,,lego,,6,,708,,723,,158,,1.0,,Cannot locate board border, maybe not the full board is in the scene. Failed at stage 1
sec6-res-util-lego-c2m2,,2994,,lego,,6,,593,,609,,59,,1.0,,Cannot locate board border, maybe not the full board is in the scene. Failed at stage 1
sec6-res-util-lego-c2m2,,2996,,lego,,6,,673,,694,,132,,1.0,,Cannot locate board border, maybe not the full board is in the scene. Failed at stage 1
sec6-res-util-lego-c2m2,,3000,,lego,,6,,641,,661,,97,,1.0,,Cannot locate board border, maybe not the full board is in the scene. Failed at stage 1
sec6-res-util-lego-c2m2,,3004,,lego,,6,,593,,611,,46,,1.0,,Cannot locate board border, maybe not the full board is in the scene. Failed at stage 1
sec6-res-util-lego-c2m2,,3005,,lego,,6,,596,,612,,67,,1.0,,Cannot locate board border, maybe not the full board is in the scene. Failed at stage 1
sec6-res-util-lego-c2m2,,3008,,lego,,6,,657,,672,,107,,1.0,,Cannot locate board border, maybe not the full board is in the scene. Failed at stage 1
sec6-res-util-lego-c2m2,,3011,,lego,,6,,634,,648,,83,,1.0,,Cannot locate board border, maybe not the full board is in the scene. Failed at stage 1
sec6-res-util-lego-c2m2,,3014,,lego,,6,,615,,647,,82,,1.0,,Cannot locate board border, maybe not the full board is in the scene. Failed at stage 1
sec6-res-util-lego-c2m2,,3017,,lego,,6,,648,,671,,109,,1.0,,Cannot locate board border, maybe not the full board is in the scene. Failed at stage 1
sec6-res-util-lego-c2m2,,3021,,lego,,6,,640,,662,,98,,1.0,,Cannot locate board border, maybe not the full board is in the scene. Failed at stage 1
sec6-res-util-lego-c2m2,,3024,,lego,,6,,605,,628,,63,,1.0,,Cannot locate board border, maybe not the full board is in the scene. Failed at stage 1
sec6-res-util-lego-c2m2,,3027,,lego,,6,,594,,638,,73,,1.0,,Cannot locate board border, maybe not the full board is in the scene. Failed at stage 1
sec6-res-util-lego-c2m2,,3029,,lego,,6,,583,,600,,35,,1.0,,Cannot locate board border, maybe not the full board is in the scene. Failed at stage 1
sec6-res-util-lego-c2m2,,3031,,lego,,6,,625,,643,,79,,1.0,,Cannot locate board border, maybe not the full board is in the scene. Failed at stage 1
sec6-res-util-lego-c2m2,,3033,,lego,,6,,623,,638,,74,,1.0,,Cannot locate board border, maybe not the full board is in the scene. Failed at stage 1
sec6-res-util-lego-c2m2,,3036,,lego,,6,,625,,642,,78,,1.0,,Cannot locate board border, maybe not the full board is in the scene. Failed at stage 1
sec6-res-util-lego-c2m2,,3039,,lego,,6,,590,,632,,68,,1.0,,Cannot locate board border, maybe not the full board is in the scene. Failed at stage 1
sec6-res-util-lego-c2m2,,3041,,lego,,6,,581,,598,,33,,1.0,,Cannot locate board border, maybe not the full board is in the scene. Failed at stage 1
sec6-res-util-lego-c2m2,,3043,,lego,,6,,605,,626,,61,,1.0,,Cannot locate board border, maybe not the full board is in the scene. Failed at stage 1
sec6-res-util-lego-c2m2,,3045,,lego,,6,,592,,630,,65,,1.0,,Cannot locate board border, maybe not the full board is in the scene. Failed at stage 1
sec6-res-util-lego-c2m2,,3047,,lego,,6,,596,,642,,78,,1.0,,Cannot locate board border, maybe not the full board is in the scene. Failed at stage 1
sec6-res-util-lego-c2m2,,3050,,lego,,6,,588,,607,,42,,1.0,,Cannot locate board border, maybe not the full board is in the scene. Failed at stage 1
sec6-res-util-lego-c2m2,,3051,,lego,,6,,619,,637,,73,,1.0,,Cannot locate board border, maybe not the full board is in the scene. Failed at stage 1
sec6-res-util-lego-c2m2,,3054,,lego,,6,,611,,629,,66,,1.0,,Cannot locate board border, maybe not the full board is in the scene. Failed at stage 1
sec6-res-util-lego-c2m2,,3057,,lego,,6,,584,,631,,66,,1.0,,Cannot locate board border, maybe not the full board is in the scene. Failed at stage 1
sec6-res-util-lego-c2m2,,3059,,lego,,6,,590,,607,,42,,1.0,,Cannot locate board border, maybe not the full board is in the scene. Failed at stage 1
sec6-res-util-lego-c2m2,,3061,,lego,,6,,618,,641,,77,,1.0,,Cannot locate board border, maybe not the full board is in the scene. Failed at stage 1
sec6-res-util-lego-c2m2,,3063,,lego,,6,,628,,651,,86,,1.0,,Cannot locate board border, maybe not the full board is in the scene. Failed at stage 1
sec6-res-util-lego-c2m2,,3066,,lego,,6,,667,,703,,138,,1.0,,Cannot locate board border, maybe not the full board is in the scene. Failed at stage 1
sec6-res-util-lego-c2m2,,3071,,lego,,6,,622,,656,,92,,1.0,,Cannot locate board border, maybe not the full board is in the scene. Failed at stage 1
sec6-res-util-lego-c2m2,,3074,,lego,,6,,582,,599,,35,,1.0,,Cannot locate board border, maybe not the full board is in the scene. Failed at stage 1
sec6-res-util-lego-c2m2,,3076,,lego,,6,,646,,666,,101,,1.0,,Cannot locate board border, maybe not the full board is in the scene. Failed at stage 1
sec6-res-util-lego-c2m2,,3079,,lego,,6,,681,,720,,155,,1.0,,Cannot locate board border, maybe not the full board is in the scene. Failed at stage 1
sec6-res-util-lego-c2m2,,3084,,lego,,6,,578,,625,,60,,1.0,,Cannot locate board border, maybe not the full board is in the scene. Failed at stage 1
sec6-res-util-lego-c2m2,,3086,,lego,,6,,653,,673,,108,,1.0,,Cannot locate board border, maybe not the full board is in the scene. Failed at stage 1
sec6-res-util-lego-c2m2,,3090,,lego,,6,,619,,719,,155,,1.0,,Cannot find a large enough foreground near the center of board
sec6-res-util-lego-c2m2,,3095,,lego,,6,,623,,716,,151,,1.0,,Cannot find a large enough foreground near the center of board
sec6-res-util-lego-c2m2,,3100,,lego,,6,,637,,802,,263,,1.0,,Cannot find a large enough foreground near the center of board
sec6-res-util-lego-c2m2,,3108,,lego,,6,,625,,748,,183,,1.0,,Cannot find a large enough foreground near the center of board
sec6-res-util-lego-c2m2,,3115,,lego,,6,,649,,737,,172,,1.0,,Cannot find a large enough foreground near the center of board
sec6-res-util-lego-c2m2,,3120,,lego,,6,,594,,665,,101,,1.0,,Cannot find a large enough foreground near the center of board
sec6-res-util-lego-c2m2,,3124,,lego,,6,,671,,783,,274,,1.0,,Cannot find a large enough foreground near the center of board
sec6-res-util-lego-c2m2,,3133,,lego,,6,,594,,711,,145,,1.0,,Cannot find a large enough foreground near the center of board
sec6-res-util-lego-c2m2,,3138,,lego,,6,,582,,682,,117,,1.0,,Cannot find a large enough foreground near the center of board
sec6-res-util-lego-c2m2,,3142,,lego,,6,,603,,718,,153,,1.0,,Cannot find a large enough foreground near the center of board
sec6-res-util-lego-c2m2,,3147,,lego,,6,,577,,677,,112,,1.0,,Cannot find a large enough foreground near the center of board
sec6-res-util-lego-c2m2,,3151,,lego,,6,,606,,722,,157,,1.0,,Cannot find a large enough foreground near the center of board
sec6-res-util-lego-c2m2,,3156,,lego,,6,,610,,738,,173,,1.0,,Cannot find a large enough foreground near the center of board
sec6-res-util-lego-c2m2,,3162,,lego,,6,,585,,685,,122,,1.0,,Cannot find a large enough foreground near the center of board
sec6-res-util-lego-c2m2,,3166,,lego,,6,,597,,686,,121,,1.0,,Cannot find a large enough foreground near the center of board
sec6-res-util-lego-c2m2,,3170,,lego,,6,,576,,687,,122,,1.0,,Cannot find a large enough foreground near the center of board
sec6-res-util-lego-c2m2,,3174,,lego,,6,,612,,714,,253,,1.0,,Cannot find a large enough foreground near the center of board
sec6-res-util-lego-c2m2,,3182,,lego,,6,,595,,686,,121,,1.0,,Cannot find a large enough foreground near the center of board
sec6-res-util-lego-c2m2,,3186,,lego,,6,,619,,730,,165,,1.0,,Cannot find a large enough foreground near the center of board
sec6-res-util-lego-c2m2,,3192,,lego,,6,,591,,722,,157,,1.0,,Cannot find a large enough foreground near the center of board
sec6-res-util-lego-c2m2,,3197,,lego,,6,,574,,698,,133,,1.0,,Cannot find a large enough foreground near the center of board
sec6-res-util-lego-c2m2,,3202,,lego,,6,,601,,735,,174,,1.0,,Cannot find a large enough foreground near the center of board
sec6-res-util-lego-c2m2,,3207,,lego,,6,,577,,704,,166,,1.0,,Cannot find a large enough foreground near the center of board
sec6-res-util-lego-c2m2,,3213,,lego,,6,,599,,723,,158,,1.0,,Cannot find a large enough foreground near the center of board
sec6-res-util-lego-c2m2,,3218,,lego,,6,,577,,642,,80,,1.0,,Cannot locate board border, maybe not the full board is in the scene. Failed at stage 1
sec6-res-util-lego-c2m2,,3221,,lego,,6,,583,,644,,80,,1.0,,Cannot locate board border, maybe not the full board is in the scene. Failed at stage 1
sec6-res-util-lego-c2m2,,3224,,lego,,6,,610,,673,,108,,1.0,,Cannot locate board border, maybe not the full board is in the scene. Failed at stage 1
sec6-res-util-lego-c2m2,,3228,,lego,,6,,585,,650,,85,,1.0,,Cannot locate board border, maybe not the full board is in the scene. Failed at stage 1
sec6-res-util-lego-c2m2,,3231,,lego,,6,,577,,643,,79,,1.0,,Cannot locate board border, maybe not the full board is in the scene. Failed at stage 1
sec6-res-util-lego-c2m2,,3234,,lego,,6,,581,,637,,73,,1.0,,Cannot locate board border, maybe not the full board is in the scene. Failed at stage 1
sec6-res-util-lego-c2m2,,3236,,lego,,6,,580,,610,,72,,1.0,,Cannot locate board border, maybe not the full board is in the scene. Failed at stage 1
sec6-res-util-lego-c2m2,,3239,,lego,,6,,576,,607,,42,,1.0,,Cannot locate board border, maybe not the full board is in the scene. Failed at stage 1
sec6-res-util-lego-c2m2,,3241,,lego,,6,,611,,642,,78,,1.0,,Cannot locate board border, maybe not the full board is in the scene. Failed at stage 1
sec6-res-util-lego-c2m2,,3243,,lego,,6,,593,,624,,60,,1.0,,Cannot locate board border, maybe not the full board is in the scene. Failed at stage 1
sec6-res-util-lego-c2m2,,3246,,lego,,6,,579,,637,,72,,1.0,,Cannot locate board border, maybe not the full board is in the scene. Failed at stage 1
sec6-res-util-lego-c2m2,,3248,,lego,,6,,577,,636,,71,,1.0,,Cannot locate board border, maybe not the full board is in the scene. Failed at stage 1
sec6-res-util-lego-c2m2,,3251,,lego,,6,,649,,698,,133,,1.0,,Cannot locate board border, maybe not the full board is in the scene. Failed at stage 1
sec6-res-util-lego-c2m2,,3255,,lego,,6,,638,,670,,205,,1.0,,Cannot locate board border, maybe not the full board is in the scene. Failed at stage 1
sec6-res-util-lego-c2m2,,3262,,lego,,6,,608,,639,,74,,1.0,,Cannot locate board border, maybe not the full board is in the scene. Failed at stage 1
sec6-res-util-lego-c2m2,,3265,,lego,,6,,632,,700,,135,,1.0,,Cannot locate board border, maybe not the full board is in the scene. Failed at stage 1
sec6-res-util-lego-c2m2,,3269,,lego,,6,,585,,661,,98,,1.0,,Cannot locate board border, maybe not the full board is in the scene. Failed at stage 1
sec6-res-util-lego-c2m2,,3272,,lego,,6,,645,,680,,116,,1.0,,Cannot locate board border, maybe not the full board is in the scene. Failed at stage 1
sec6-res-util-lego-c2m2,,3276,,lego,,6,,669,,728,,224,,1.0,,Cannot locate board border, maybe not the full board is in the scene. Failed at stage 1
sec6-res-util-lego-c2m2,,3283,,lego,,6,,618,,1305,,804,,0.999991094804,,Not confident about reconstruction, maybe too much noise
sec6-res-util-lego-c2m2,,3308,,lego,,6,,610,,1266,,799,,0.999991936286,,Not confident about reconstruction, maybe too much noise
sec6-res-util-lego-c2m2,,3333,,lego,,6,,595,,1266,,793,,0.999992865689,,Not confident about reconstruction, maybe too much noise
sec6-res-util-lego-c2m2,,3357,,lego,,6,,841,,1433,,892,,0.999962618715,,Not confident about reconstruction, maybe too much noise
sec6-res-util-lego-c2m2,,3385,,lego,,6,,893,,1607,,1113,,0.999643883348,,Not confident about reconstruction, maybe too much noise
sec6-res-util-lego-c2m2,,3419,,lego,,6,,878,,1487,,995,,0.999874826844,,Not confident about reconstruction, maybe too much noise
sec6-res-util-lego-c2m2,,3449,,lego,,6,,580,,1165,,688,,0.999999691643,,Not confident about reconstruction, maybe too much noise
sec6-res-util-lego-c2m2,,3471,,lego,,6,,609,,1167,,690,,0.999999662641,,Not confident about reconstruction, maybe too much noise
sec6-res-util-lego-c2m2,,3492,,lego,,6,,626,,664,,100,,1.0,,Cannot locate board border, maybe not the full board is in the scene. Failed at stage 1
sec6-res-util-lego-c2m2,,3496,,lego,,6,,637,,669,,104,,1.0,,Cannot locate board border, maybe not the full board is in the scene. Failed at stage 1
sec6-res-util-lego-c2m2,,3499,,lego,,6,,629,,698,,133,,1.0,,Cannot locate board border, maybe not the full board is in the scene. Failed at stage 1
sec6-res-util-lego-c2m2,,3504,,lego,,6,,663,,743,,225,,1.0,,Cannot locate board border, maybe not the full board is in the scene. Failed at stage 1
sec6-res-util-lego-c2m2,,3511,,lego,,6,,614,,657,,92,,1.0,,Cannot locate board border, maybe not the full board is in the scene. Failed at stage 1
sec6-res-util-lego-c2m2,,3514,,lego,,6,,636,,698,,133,,1.0,,Cannot locate board border, maybe not the full board is in the scene. Failed at stage 1
sec6-res-util-lego-c2m2,,3519,,lego,,6,,629,,666,,101,,1.0,,Cannot locate board border, maybe not the full board is in the scene. Failed at stage 1
sec6-res-util-lego-c2m2,,3522,,lego,,6,,644,,724,,160,,1.0,,Cannot locate board border, maybe not the full board is in the scene. Failed at stage 1
sec6-res-util-lego-c2m2,,3527,,lego,,6,,576,,635,,70,,1.0,,Cannot locate board border, maybe not the full board is in the scene. Failed at stage 1
sec6-res-util-lego-c2m2,,3530,,lego,,6,,579,,640,,76,,1.0,,Cannot locate board border, maybe not the full board is in the scene. Failed at stage 1
sec6-res-util-lego-c2m2,,3533,,lego,,6,,621,,687,,170,,1.0,,Cannot locate board border, maybe not the full board is in the scene. Failed at stage 1
sec6-res-util-lego-c2m2,,3538,,lego,,6,,606,,659,,95,,1.0,,Cannot locate board border, maybe not the full board is in the scene. Failed at stage 1
sec6-res-util-lego-c2m2,,3542,,lego,,6,,619,,667,,102,,1.0,,Cannot locate board border, maybe not the full board is in the scene. Failed at stage 1
sec6-res-util-lego-c2m2,,3545,,lego,,6,,648,,694,,130,,1.0,,Cannot locate board border, maybe not the full board is in the scene. Failed at stage 1
sec6-res-util-lego-c2m2,,3550,,lego,,6,,620,,658,,94,,1.0,,Cannot locate board border, maybe not the full board is in the scene. Failed at stage 1
sec6-res-util-lego-c2m2,,3553,,lego,,6,,577,,611,,47,,1.0,,Cannot locate board border, maybe not the full board is in the scene. Failed at stage 1
sec6-res-util-lego-c2m2,,3555,,lego,,6,,627,,656,,92,,1.0,,Cannot locate board border, maybe not the full board is in the scene. Failed at stage 1
sec6-res-util-lego-c2m2,,3558,,lego,,6,,666,,719,,155,,1.0,,Cannot locate board border, maybe not the full board is in the scene. Failed at stage 1
sec6-res-util-lego-c2m2,,3563,,lego,,6,,621,,660,,95,,1.0,,Cannot locate board border, maybe not the full board is in the scene. Failed at stage 1
sec6-res-util-lego-c2m2,,3566,,lego,,6,,630,,656,,91,,1.0,,Cannot locate board border, maybe not the full board is in the scene. Failed at stage 1
sec6-res-util-lego-c2m2,,3570,,lego,,6,,632,,653,,89,,1.0,,Cannot locate board border, maybe not the full board is in the scene. Failed at stage 1
sec6-res-util-lego-c2m2,,3573,,lego,,6,,624,,654,,89,,1.0,,Cannot locate board border, maybe not the full board is in the scene. Failed at stage 1
sec6-res-util-lego-c2m2,,3576,,lego,,6,,578,,617,,53,,1.0,,Cannot locate board border, maybe not the full board is in the scene. Failed at stage 1
sec6-res-util-lego-c2m2,,3578,,lego,,6,,579,,596,,31,,1.0,,Cannot locate board border, maybe not the full board is in the scene. Failed at stage 1
sec6-res-util-lego-c2m2,,3579,,lego,,6,,579,,616,,51,,1.0,,Cannot locate board border, maybe not the full board is in the scene. Failed at stage 1
sec6-res-util-lego-c2m2,,3581,,lego,,6,,577,,594,,29,,1.0,,Cannot locate board border, maybe not the full board is in the scene. Failed at stage 1
sec6-res-util-lego-c2m2,,3582,,lego,,6,,670,,708,,144,,1.0,,Cannot locate board border, maybe not the full board is in the scene. Failed at stage 1
sec6-res-util-lego-c2m2,,3587,,lego,,6,,617,,657,,92,,1.0,,Cannot locate board border, maybe not the full board is in the scene. Failed at stage 1
sec6-res-util-lego-c2m2,,3590,,lego,,6,,615,,644,,79,,1.0,,Cannot locate board border, maybe not the full board is in the scene. Failed at stage 1
sec6-res-util-lego-c2m2,,3593,,lego,,6,,613,,658,,94,,1.0,,Cannot locate board border, maybe not the full board is in the scene. Failed at stage 1
sec6-res-util-lego-c2m2,,3596,,lego,,6,,657,,673,,108,,1.0,,Cannot locate board border, maybe not the full board is in the scene. Failed at stage 1
sec6-res-util-lego-c2m2,,3600,,lego,,6,,618,,639,,75,,1.0,,Cannot locate board border, maybe not the full board is in the scene. Failed at stage 1
sec6-res-util-lego-c2m2,,3603,,lego,,6,,576,,597,,33,,1.0,,Cannot locate board border, maybe not the full board is in the scene. Failed at stage 1
sec6-res-util-lego-c2m2,,3604,,lego,,6,,617,,633,,69,,1.0,,Cannot locate board border, maybe not the full board is in the scene. Failed at stage 1
sec6-res-util-lego-c2m2,,3606,,lego,,6,,621,,637,,72,,1.0,,Cannot locate board border, maybe not the full board is in the scene. Failed at stage 1
sec6-res-util-lego-c2m2,,3609,,lego,,6,,616,,629,,65,,1.0,,Cannot locate board border, maybe not the full board is in the scene. Failed at stage 1
sec6-res-util-lego-c2m2,,3611,,lego,,6,,600,,642,,78,,1.0,,Cannot locate board border, maybe not the full board is in the scene. Failed at stage 1
sec6-res-util-lego-c2m2,,3614,,lego,,6,,580,,597,,31,,1.0,,Cannot locate board border, maybe not the full board is in the scene. Failed at stage 1
sec6-res-util-lego-c2m2,,3615,,lego,,6,,613,,625,,60,,1.0,,Cannot locate board border, maybe not the full board is in the scene. Failed at stage 1
sec6-res-util-lego-c2m2,,3618,,lego,,6,,590,,603,,38,,1.0,,Cannot locate board border, maybe not the full board is in the scene. Failed at stage 1
sec6-res-util-lego-c2m2,,3619,,lego,,6,,596,,609,,44,,1.0,,Cannot locate board border, maybe not the full board is in the scene. Failed at stage 1
sec6-res-util-lego-c2m2,,3621,,lego,,6,,590,,619,,54,,1.0,,Cannot locate board border, maybe not the full board is in the scene. Failed at stage 1
sec6-res-util-lego-c2m2,,3623,,lego,,6,,576,,593,,27,,1.0,,Cannot locate board border, maybe not the full board is in the scene. Failed at stage 1
sec6-res-util-lego-c2m2,,3624,,lego,,6,,598,,613,,48,,1.0,,Cannot locate board border, maybe not the full board is in the scene. Failed at stage 1
sec6-res-util-lego-c2m2,,3626,,lego,,6,,583,,596,,32,,1.0,,Cannot locate board border, maybe not the full board is in the scene. Failed at stage 1
sec6-res-util-lego-c2m2,,3628,,lego,,6,,631,,651,,86,,1.0,,Cannot locate board border, maybe not the full board is in the scene. Failed at stage 1
sec6-res-util-lego-c2m2,,3631,,lego,,6,,632,,653,,88,,1.0,,Cannot locate board border, maybe not the full board is in the scene. Failed at stage 1
sec6-res-util-lego-c2m2,,3634,,lego,,6,,621,,637,,73,,1.0,,Cannot locate board border, maybe not the full board is in the scene. Failed at stage 1
sec6-res-util-lego-c2m2,,3636,,lego,,6,,601,,616,,52,,1.0,,Cannot locate board border, maybe not the full board is in the scene. Failed at stage 1
sec6-res-util-lego-c2m2,,3638,,lego,,6,,579,,594,,30,,1.0,,Cannot locate board border, maybe not the full board is in the scene. Failed at stage 1
sec6-res-util-lego-c2m2,,3640,,lego,,6,,627,,644,,79,,1.0,,Cannot locate board border, maybe not the full board is in the scene. Failed at stage 1
sec6-res-util-lego-c2m2,,3643,,lego,,6,,623,,639,,74,,1.0,,Cannot locate board border, maybe not the full board is in the scene. Failed at stage 1
sec6-res-util-lego-c2m2,,3645,,lego,,6,,580,,623,,58,,1.0,,Cannot locate board border, maybe not the full board is in the scene. Failed at stage 1
sec6-res-util-lego-c2m2,,3647,,lego,,6,,576,,593,,28,,1.0,,Cannot locate board border, maybe not the full board is in the scene. Failed at stage 1
sec6-res-util-lego-c2m2,,3649,,lego,,6,,602,,619,,54,,1.0,,Cannot locate board border, maybe not the full board is in the scene. Failed at stage 1
sec6-res-util-lego-c2m2,,3651,,lego,,6,,590,,632,,67,,1.0,,Cannot locate board border, maybe not the full board is in the scene. Failed at stage 1
sec6-res-util-lego-c2m2,,3653,,lego,,6,,590,,606,,42,,1.0,,Cannot locate board border, maybe not the full board is in the scene. Failed at stage 1
sec6-res-util-lego-c2m2,,3655,,lego,,6,,591,,607,,43,,1.0,,Cannot locate board border, maybe not the full board is in the scene. Failed at stage 1
sec6-res-util-lego-c2m2,,3656,,lego,,6,,585,,632,,67,,1.0,,Cannot locate board border, maybe not the full board is in the scene. Failed at stage 1
sec6-res-util-lego-c2m2,,3659,,lego,,6,,586,,602,,37,,1.0,,Cannot locate board border, maybe not the full board is in the scene. Failed at stage 1
sec6-res-util-lego-c2m2,,3661,,lego,,6,,623,,639,,74,,1.0,,Cannot locate board border, maybe not the full board is in the scene. Failed at stage 1
sec6-res-util-lego-c2m2,,3663,,lego,,6,,605,,623,,58,,1.0,,Cannot locate board border, maybe not the full board is in the scene. Failed at stage 1
sec6-res-util-lego-c2m2,,3665,,lego,,6,,575,,591,,26,,1.0,,Cannot locate board border, maybe not the full board is in the scene. Failed at stage 1
sec6-res-util-lego-c2m2,,3667,,lego,,6,,630,,648,,83,,1.0,,Cannot locate board border, maybe not the full board is in the scene. Failed at stage 1
sec6-res-util-lego-c2m2,,3670,,lego,,6,,627,,643,,78,,1.0,,Cannot locate board border, maybe not the full board is in the scene. Failed at stage 1
sec6-res-util-lego-c2m2,,3672,,lego,,6,,629,,646,,81,,1.0,,Cannot locate board border, maybe not the full board is in the scene. Failed at stage 1
sec6-res-util-lego-c2m2,,3675,,lego,,6,,622,,639,,74,,1.0,,Cannot locate board border, maybe not the full board is in the scene. Failed at stage 1
sec6-res-util-lego-c2m2,,3678,,lego,,6,,613,,629,,65,,1.0,,Cannot locate board border, maybe not the full board is in the scene. Failed at stage 1
sec6-res-util-lego-c2m2,,3680,,lego,,6,,576,,592,,27,,1.0,,Cannot locate board border, maybe not the full board is in the scene. Failed at stage 1
sec6-res-util-lego-c2m2,,3682,,lego,,6,,615,,632,,66,,1.0,,Cannot locate board border, maybe not the full board is in the scene. Failed at stage 1
sec6-res-util-lego-c2m2,,3684,,lego,,6,,584,,624,,59,,1.0,,Cannot locate board border, maybe not the full board is in the scene. Failed at stage 1
sec6-res-util-lego-c2m2,,3686,,lego,,6,,592,,607,,42,,1.0,,Cannot locate board border, maybe not the full board is in the scene. Failed at stage 1
sec6-res-util-lego-c2m2,,3688,,lego,,6,,630,,649,,84,,1.0,,Cannot locate board border, maybe not the full board is in the scene. Failed at stage 1
sec6-res-util-lego-c2m2,,3691,,lego,,6,,614,,635,,70,,1.0,,Cannot locate board border, maybe not the full board is in the scene. Failed at stage 1
sec6-res-util-lego-c2m2,,3693,,lego,,6,,604,,624,,60,,1.0,,Cannot locate board border, maybe not the full board is in the scene. Failed at stage 1
sec6-res-util-lego-c2m2,,3695,,lego,,6,,593,,640,,77,,1.0,,Cannot locate board border, maybe not the full board is in the scene. Failed at stage 1
sec6-res-util-lego-c2m2,,3698,,lego,,6,,576,,602,,37,,1.0,,Cannot locate board border, maybe not the full board is in the scene. Failed at stage 1
sec6-res-util-lego-c2m2,,3700,,lego,,6,,648,,702,,138,,1.0,,Cannot locate board border, maybe not the full board is in the scene. Failed at stage 1
sec6-res-util-lego-c2m2,,3704,,lego,,6,,586,,614,,49,,1.0,,Cannot locate board border, maybe not the full board is in the scene. Failed at stage 1
sec6-res-util-lego-c2m2,,3706,,lego,,6,,641,,687,,122,,1.0,,Cannot locate board border, maybe not the full board is in the scene. Failed at stage 1
sec6-res-util-lego-c2m2,,3710,,lego,,6,,644,,692,,128,,1.0,,Cannot locate board border, maybe not the full board is in the scene. Failed at stage 2
sec6-res-util-lego-c2m2,,3714,,lego,,6,,684,,732,,168,,1.0,,Cannot locate board border, maybe not the full board is in the scene. Failed at stage 1
sec6-res-util-lego-c2m2,,3720,,lego,,6,,596,,631,,70,,1.0,,Cannot locate board border, maybe not the full board is in the scene. Failed at stage 1
sec6-res-util-lego-c2m2,,3723,,lego,,6,,643,,711,,147,,1.0,,Cannot locate board border, maybe not the full board is in the scene. Failed at stage 1
sec6-res-util-lego-c2m2,,3728,,lego,,6,,602,,655,,91,,1.0,,Cannot locate board border, maybe not the full board is in the scene. Failed at stage 1
sec6-res-util-lego-c2m2,,3731,,lego,,6,,576,,649,,85,,1.0,,Cannot find a large enough foreground near the center of board
sec6-res-util-lego-c2m2,,3735,,lego,,6,,595,,727,,162,,1.0,,Cannot find a large enough foreground near the center of board
sec6-res-util-lego-c2m2,,3740,,lego,,6,,576,,676,,112,,1.0,,Cannot find a large enough foreground near the center of board
sec6-res-util-lego-c2m2,,3744,,lego,,6,,626,,729,,164,,1.0,,Cannot find a large enough foreground near the center of board
sec6-res-util-lego-c2m2,,3749,,lego,,6,,588,,678,,113,,1.0,,Cannot find a large enough foreground near the center of board
sec6-res-util-lego-c2m2,,3754,,lego,,6,,609,,694,,129,,1.0,,Cannot find a large enough foreground near the center of board
sec6-res-util-lego-c2m2,,3758,,lego,,6,,599,,693,,128,,1.0,,Cannot find a large enough foreground near the center of board
sec6-res-util-lego-c2m2,,3762,,lego,,6,,634,,737,,172,,1.0,,Cannot find a large enough foreground near the center of board
sec6-res-util-lego-c2m2,,3768,,lego,,6,,591,,681,,116,,1.0,,Cannot find a large enough foreground near the center of board
sec6-res-util-lego-c2m2,,3772,,lego,,6,,612,,692,,127,,1.0,,Cannot find a large enough foreground near the center of board
sec6-res-util-lego-c2m2,,3776,,lego,,6,,590,,678,,116,,1.0,,Cannot find a large enough foreground near the center of board
sec6-res-util-lego-c2m2,,3780,,lego,,6,,619,,739,,174,,1.0,,Cannot find a large enough foreground near the center of board
sec6-res-util-lego-c2m2,,3786,,lego,,6,,577,,702,,138,,1.0,,Cannot find a large enough foreground near the center of board
sec6-res-util-lego-c2m2,,3791,,lego,,6,,596,,707,,143,,1.0,,Cannot find a large enough foreground near the center of board
sec6-res-util-lego-c2m2,,3796,,lego,,6,,912,,1020,,516,,1.0,,Cannot find a large enough foreground near the center of board
sec6-res-util-lego-c2m2,,3812,,lego,,6,,698,,850,,393,,1.0,,Cannot find a large enough foreground near the center of board
sec6-res-util-lego-c2m2,,3824,,lego,,6,,779,,906,,384,,1.0,,Cannot find a large enough foreground near the center of board
sec6-res-util-lego-c2m2,,3836,,lego,,6,,589,,670,,105,,1.0,,Cannot locate board border, maybe not the full board is in the scene. Failed at stage 1
sec6-res-util-lego-c2m2,,3840,,lego,,6,,631,,677,,112,,1.0,,Cannot locate board border, maybe not the full board is in the scene. Failed at stage 1
sec6-res-util-lego-c2m2,,3844,,lego,,6,,607,,642,,79,,1.0,,Cannot locate board border, maybe not the full board is in the scene. Failed at stage 1
sec6-res-util-lego-c2m2,,3847,,lego,,6,,646,,719,,155,,1.0,,Cannot locate board border, maybe not the full board is in the scene. Failed at stage 1
sec6-res-util-lego-c2m2,,3852,,lego,,6,,643,,675,,110,,1.0,,Cannot locate board border, maybe not the full board is in the scene. Failed at stage 1
sec6-res-util-lego-c2m2,,3856,,lego,,6,,641,,687,,122,,1.0,,Cannot locate board border, maybe not the full board is in the scene. Failed at stage 1
sec6-res-util-lego-c2m2,,3860,,lego,,6,,653,,686,,122,,1.0,,Cannot locate board border, maybe not the full board is in the scene. Failed at stage 1
sec6-res-util-lego-c2m2,,3864,,lego,,6,,614,,647,,83,,1.0,,Cannot locate board border, maybe not the full board is in the scene. Failed at stage 1
sec6-res-util-lego-c2m2,,3867,,lego,,6,,621,,1245,,781,,0.999994481296,,Not confident about reconstruction, maybe too much noise
sec6-res-util-lego-c2m2,,3892,,lego,,6,,592,,1279,,792,,0.999993012405,,Not confident about reconstruction, maybe too much noise
sec6-res-util-lego-c2m2,,3916,,lego,,6,,613,,1185,,687,,0.999999705422,,Not confident about reconstruction, maybe too much noise
sec6-res-util-lego-c2m2,,3938,,lego,,6,,577,,1194,,703,,0.999999421276,,Not confident about reconstruction, maybe too much noise
sec6-res-util-lego-c2m2,,3959,,lego,,6,,618,,1301,,804,,0.999991094804,,Not confident about reconstruction, maybe too much noise
sec6-res-util-lego-c2m2,,3984,,lego,,6,,582,,1243,,700,,0.999999485811,,Not confident about reconstruction, maybe too much noise
sec6-res-util-lego-c2m2,,4005,,lego,,6,,615,,1227,,689,,0.999999677386,,Not confident about reconstruction, maybe too much noise
sec6-res-util-lego-c2m2,,4027,,lego,,6,,588,,1199,,694,,0.999999598547,,Not confident about reconstruction, maybe too much noise
sec6-res-util-lego-c2m2,,4048,,lego,,6,,606,,1195,,688,,0.999999691643,,Not confident about reconstruction, maybe too much noise
sec6-res-util-lego-c2m2,,4070,,lego,,6,,786,,1310,,803,,0.999991268136,,[[0 6 6 2]
 [0 6 1 1]
 [0 6 1 6]
 [6 6 6 6]]
sec6-res-util-lego-c2m2,,10,,lego,,6,,942,,1032,,489,,1.0,,Cannot find a large enough foreground near the center of board
sec6-res-util-lego-c2m2,,26,,lego,,6,,578,,677,,112,,1.0,,Cannot find a large enough foreground near the center of board
sec6-res-util-lego-c2m2,,30,,lego,,6,,1208,,1341,,867,,0.999973868288,,Cannot find a large enough foreground near the center of board
sec6-res-util-lego-c2m2,,56,,lego,,6,,994,,1096,,587,,1.0,,Cannot find a large enough foreground near the center of board
sec6-res-util-lego-c2m2,,75,,lego,,6,,1197,,1309,,795,,0.999992565337,,Cannot find a large enough foreground near the center of board
sec6-res-util-lego-c2m2,,99,,lego,,6,,1116,,1229,,703,,0.999999421276,,Cannot find a large enough foreground near the center of board
sec6-res-util-lego-c2m2,,121,,lego,,6,,981,,1076,,602,,1.0,,Cannot find a large enough foreground near the center of board
sec6-res-util-lego-c2m2,,140,,lego,,6,,601,,638,,73,,1.0,,Cannot locate board border, maybe not the full board is in the scene. Failed at stage 1
sec6-res-util-lego-c2m2,,142,,lego,,6,,1037,,1086,,613,,0.999999999853,,Cannot locate board border, maybe not the full board is in the scene. Failed at stage 1
sec6-res-util-lego-c2m2,,161,,lego,,6,,614,,662,,97,,1.0,,Cannot locate board border, maybe not the full board is in the scene. Failed at stage 1
sec6-res-util-lego-c2m2,,164,,lego,,6,,656,,715,,150,,1.0,,Cannot locate board border, maybe not the full board is in the scene. Failed at stage 1
sec6-res-util-lego-c2m2,,169,,lego,,6,,667,,699,,134,,1.0,,Cannot locate board border, maybe not the full board is in the scene. Failed at stage 1
sec6-res-util-lego-c2m2,,174,,lego,,6,,684,,722,,168,,1.0,,Cannot locate board border, maybe not the full board is in the scene. Failed at stage 1
sec6-res-util-lego-c2m2,,179,,lego,,6,,649,,1267,,808,,0.999990375545,,[[2 2 2 2]]
sec6-res-util-lego-c2m2,,204,,lego,,6,,605,,1232,,792,,0.999993012405,,[[2 2 2 2]]
sec6-res-util-lego-c2m2,,229,,lego,,6,,589,,1200,,695,,0.99999958119,,[[2 2 2 2]]
sec6-res-util-lego-c2m2,,250,,lego,,6,,578,,1154,,690,,0.999999662641,,[[2 2 2 2]]
sec6-res-util-lego-c2m2,,272,,lego,,6,,610,,1170,,689,,0.999999677386,,[[2 2 2 2]]!!State Change!!
sec6-res-util-lego-c2m2,,293,,lego,,6,,614,,1305,,795,,0.999992565337,,[[2 2 2 2]]
sec6-res-util-lego-c2m2,,318,,lego,,6,,578,,1243,,702,,0.999999443425,,[[2 2 2 2]]
sec6-res-util-lego-c2m2,,339,,lego,,6,,696,,1290,,792,,0.999993012405,,[[2 2 2 2]]
sec6-res-util-lego-c2m2,,364,,lego,,6,,602,,1183,,689,,0.999999677386,,[[2 2 2 2]]
sec6-res-util-lego-c2m2,,385,,lego,,6,,657,,1329,,791,,0.999993156846,,[[2 2 2 2]]
sec6-res-util-lego-c2m2,,410,,lego,,6,,673,,732,,167,,1.0,,Cannot locate board border, maybe not the full board is in the scene. Failed at stage 1
sec6-res-util-lego-c2m2,,415,,lego,,6,,668,,738,,173,,1.0,,Cannot locate board border, maybe not the full board is in the scene. Failed at stage 1
sec6-res-util-lego-c2m2,,421,,lego,,6,,703,,789,,334,,1.0,,Cannot locate board border, maybe not the full board is in the scene. Failed at stage 1
sec6-res-util-lego-c2m2,,431,,lego,,6,,659,,722,,157,,1.0,,Cannot locate board border, maybe not the full board is in the scene. Failed at stage 1
sec6-res-util-lego-c2m2,,436,,lego,,6,,737,,792,,327,,1.0,,Cannot locate board border, maybe not the full board is in the scene. Failed at stage 1
sec6-res-util-lego-c2m2,,447,,lego,,6,,642,,716,,151,,1.0,,Cannot locate board border, maybe not the full board is in the scene. Failed at stage 1
sec6-res-util-lego-c2m2,,452,,lego,,6,,632,,672,,107,,1.0,,Cannot locate board border, maybe not the full board is in the scene. Failed at stage 1
sec6-res-util-lego-c2m2,,456,,lego,,6,,627,,667,,124,,1.0,,Cannot locate board border, maybe not the full board is in the scene. Failed at stage 1
sec6-res-util-lego-c2m2,,460,,lego,,6,,652,,714,,149,,1.0,,Cannot locate board border, maybe not the full board is in the scene. Failed at stage 1
sec6-res-util-lego-c2m2,,465,,lego,,6,,591,,1107,,601,,1.0,,Cannot get rotation degree
sec6-res-util-lego-c2m2,,483,,lego,,6,,761,,1355,,895,,0.999961058661,,[[2 2 2 2]]
sec6-res-util-lego-c2m2,,511,,lego,,6,,576,,614,,49,,1.0,,Cannot locate board border, maybe not the full board is in the scene. Failed at stage 1
sec6-res-util-lego-c2m2,,513,,lego,,6,,922,,980,,434,,1.0,,Cannot locate board border, maybe not the full board is in the scene. Failed at stage 1
sec6-res-util-lego-c2m2,,527,,lego,,6,,578,,612,,47,,1.0,,Cannot locate board border, maybe not the full board is in the scene. Failed at stage 1
sec6-res-util-lego-c2m2,,528,,lego,,6,,718,,803,,335,,1.0,,Cannot locate board border, maybe not the full board is in the scene. Failed at stage 1
sec6-res-util-lego-c2m2,,539,,lego,,6,,892,,952,,499,,1.0,,Cannot locate board border, maybe not the full board is in the scene. Failed at stage 1
sec6-res-util-lego-c2m2,,554,,lego,,6,,630,,664,,98,,1.0,,Cannot locate board border, maybe not the full board is in the scene. Failed at stage 1
sec6-res-util-lego-c2m2,,558,,lego,,6,,647,,701,,136,,1.0,,Cannot locate board border, maybe not the full board is in the scene. Failed at stage 1
sec6-res-util-lego-c2m2,,562,,lego,,6,,618,,659,,94,,1.0,,Cannot locate board border, maybe not the full board is in the scene. Failed at stage 1
sec6-res-util-lego-c2m2,,565,,lego,,6,,612,,656,,91,,1.0,,Cannot locate board border, maybe not the full board is in the scene. Failed at stage 1
sec6-res-util-lego-c2m2,,568,,lego,,6,,661,,737,,226,,1.0,,Cannot locate board border, maybe not the full board is in the scene. Failed at stage 1
sec6-res-util-lego-c2m2,,576,,lego,,6,,580,,619,,54,,1.0,,Cannot locate board border, maybe not the full board is in the scene. Failed at stage 1
sec6-res-util-lego-c2m2,,578,,lego,,6,,649,,706,,142,,1.0,,Cannot locate board border, maybe not the full board is in the scene. Failed at stage 1
sec6-res-util-lego-c2m2,,583,,lego,,6,,681,,712,,146,,1.0,,Cannot locate board border, maybe not the full board is in the scene. Failed at stage 1
sec6-res-util-lego-c2m2,,588,,lego,,6,,700,,732,,167,,1.0,,Cannot locate board border, maybe not the full board is in the scene. Failed at stage 1
sec6-res-util-lego-c2m2,,593,,lego,,6,,639,,669,,104,,1.0,,Cannot locate board border, maybe not the full board is in the scene. Failed at stage 1
sec6-res-util-lego-c2m2,,597,,lego,,6,,590,,625,,63,,1.0,,Cannot locate board border, maybe not the full board is in the scene. Failed at stage 1
sec6-res-util-lego-c2m2,,600,,lego,,6,,742,,802,,317,,1.0,,Cannot locate board border, maybe not the full board is in the scene. Failed at stage 1
sec6-res-util-lego-c2m2,,609,,lego,,6,,825,,890,,395,,1.0,,Cannot locate board border, maybe not the full board is in the scene. Failed at stage 1
sec6-res-util-lego-c2m2,,622,,lego,,6,,856,,905,,394,,1.0,,Cannot locate board border, maybe not the full board is in the scene. Failed at stage 1
sec6-res-util-lego-c2m2,,634,,lego,,6,,643,,682,,117,,1.0,,Cannot locate board border, maybe not the full board is in the scene. Failed at stage 1
sec6-res-util-lego-c2m2,,638,,lego,,6,,670,,749,,184,,1.0,,Cannot locate board border, maybe not the full board is in the scene. Failed at stage 1
sec6-res-util-lego-c2m2,,644,,lego,,6,,677,,733,,168,,1.0,,Cannot locate board border, maybe not the full board is in the scene. Failed at stage 1
sec6-res-util-lego-c2m2,,650,,lego,,6,,679,,730,,165,,1.0,,Cannot locate board border, maybe not the full board is in the scene. Failed at stage 1
sec6-res-util-lego-c2m2,,655,,lego,,6,,652,,728,,164,,1.0,,Cannot locate exact four board corners, probably because of occlusion
sec6-res-util-lego-c2m2,,661,,lego,,6,,577,,1272,,820,,0.999987954813,,[[0 0 1 0]
 [2 2 2 2]]
sec6-res-util-lego-c2m2,,686,,lego,,6,,587,,1239,,786,,0.999993845758,,[[0 0 1 0]
 [2 2 2 2]]
sec6-res-util-lego-c2m2,,711,,lego,,6,,601,,1212,,702,,0.999999443425,,[[0 0 1 0]
 [2 2 2 2]]
sec6-res-util-lego-c2m2,,732,,lego,,6,,716,,1394,,899,,0.999958903241,,[[0 0 1 0]
 [2 2 2 2]]
sec6-res-util-lego-c2m2,,760,,lego,,6,,1040,,1682,,1203,,0.999320182923,,[[0 0 1 0]
 [2 2 2 2]]!!State Change!!
sec6-res-util-lego-c2m2,,797,,lego,,6,,658,,1336,,793,,0.999992865689,,[[0 0 1 0]
 [2 2 2 2]]
sec6-res-util-lego-c2m2,,821,,lego,,6,,660,,721,,156,,1.0,,Cannot locate board border, maybe not the full board is in the scene. Failed at stage 1
sec6-res-util-lego-c2m2,,827,,lego,,6,,641,,682,,116,,1.0,,Cannot locate board border, maybe not the full board is in the scene. Failed at stage 1
sec6-res-util-lego-c2m2,,830,,lego,,6,,600,,641,,76,,1.0,,Cannot locate board border, maybe not the full board is in the scene. Failed at stage 1
sec6-res-util-lego-c2m2,,833,,lego,,6,,656,,739,,174,,1.0,,Cannot locate board border, maybe not the full board is in the scene. Failed at stage 1
sec6-res-util-lego-c2m2,,839,,lego,,6,,587,,650,,85,,1.0,,Cannot locate board border, maybe not the full board is in the scene. Failed at stage 1
sec6-res-util-lego-c2m2,,842,,lego,,6,,652,,714,,149,,1.0,,Cannot locate board border, maybe not the full board is in the scene. Failed at stage 1
sec6-res-util-lego-c2m2,,847,,lego,,6,,645,,688,,122,,1.0,,Cannot locate board border, maybe not the full board is in the scene. Failed at stage 1
sec6-res-util-lego-c2m2,,851,,lego,,6,,648,,689,,142,,1.0,,Cannot locate board border, maybe not the full board is in the scene. Failed at stage 1
sec6-res-util-lego-c2m2,,856,,lego,,6,,653,,1205,,675,,0.999999837307,,[[0 0 1 0]
 [2 2 2 2]]
sec6-res-util-lego-c2m2,,877,,lego,,6,,820,,886,,383,,1.0,,Cannot locate board border, maybe not the full board is in the scene. Failed at stage 1
sec6-res-util-lego-c2m2,,889,,lego,,6,,614,,673,,108,,1.0,,Cannot locate board border, maybe not the full board is in the scene. Failed at stage 1
sec6-res-util-lego-c2m2,,893,,lego,,6,,627,,662,,97,,1.0,,Cannot locate board border, maybe not the full board is in the scene. Failed at stage 1
sec6-res-util-lego-c2m2,,896,,lego,,6,,576,,631,,66,,1.0,,Cannot locate board border, maybe not the full board is in the scene. Failed at stage 1
sec6-res-util-lego-c2m2,,898,,lego,,6,,578,,610,,44,,1.0,,Cannot locate board border, maybe not the full board is in the scene. Failed at stage 1
sec6-res-util-lego-c2m2,,900,,lego,,6,,670,,719,,154,,1.0,,Cannot locate board border, maybe not the full board is in the scene. Failed at stage 1
sec6-res-util-lego-c2m2,,905,,lego,,6,,668,,712,,147,,1.0,,Cannot locate board border, maybe not the full board is in the scene. Failed at stage 1
sec6-res-util-lego-c2m2,,910,,lego,,6,,645,,677,,112,,1.0,,Cannot locate board border, maybe not the full board is in the scene. Failed at stage 1
sec6-res-util-lego-c2m2,,914,,lego,,6,,656,,740,,176,,1.0,,Cannot locate board border, maybe not the full board is in the scene. Failed at stage 1
sec6-res-util-lego-c2m2,,920,,lego,,6,,589,,639,,74,,1.0,,Cannot locate board border, maybe not the full board is in the scene. Failed at stage 1
sec6-res-util-lego-c2m2,,922,,lego,,6,,633,,666,,102,,1.0,,Cannot locate board border, maybe not the full board is in the scene. Failed at stage 1
sec6-res-util-lego-c2m2,,926,,lego,,6,,628,,661,,185,,1.0,,Cannot locate board border, maybe not the full board is in the scene. Failed at stage 1
sec6-res-util-lego-c2m2,,932,,lego,,6,,623,,658,,94,,1.0,,Cannot locate board border, maybe not the full board is in the scene. Failed at stage 1
sec6-res-util-lego-c2m2,,935,,lego,,6,,638,,718,,153,,1.0,,Cannot locate board border, maybe not the full board is in the scene. Failed at stage 1
sec6-res-util-lego-c2m2,,940,,lego,,6,,577,,639,,74,,1.0,,Cannot locate board border, maybe not the full board is in the scene. Failed at stage 1
sec6-res-util-lego-c2m2,,943,,lego,,6,,648,,686,,131,,1.0,,Cannot locate board border, maybe not the full board is in the scene. Failed at stage 1
sec6-res-util-lego-c2m2,,947,,lego,,6,,604,,637,,72,,1.0,,Cannot locate board border, maybe not the full board is in the scene. Failed at stage 1
sec6-res-util-lego-c2m2,,950,,lego,,6,,618,,650,,85,,1.0,,Cannot locate board border, maybe not the full board is in the scene. Failed at stage 1
sec6-res-util-lego-c2m2,,953,,lego,,6,,614,,647,,82,,1.0,,Cannot locate board border, maybe not the full board is in the scene. Failed at stage 1
sec6-res-util-lego-c2m2,,956,,lego,,6,,641,,715,,150,,1.0,,Cannot locate board border, maybe not the full board is in the scene. Failed at stage 1
sec6-res-util-lego-c2m2,,961,,lego,,6,,641,,676,,111,,1.0,,Cannot locate board border, maybe not the full board is in the scene. Failed at stage 1
sec6-res-util-lego-c2m2,,965,,lego,,6,,638,,680,,116,,1.0,,Cannot locate board border, maybe not the full board is in the scene. Failed at stage 1
sec6-res-util-lego-c2m2,,969,,lego,,6,,610,,642,,77,,1.0,,Cannot locate board border, maybe not the full board is in the scene. Failed at stage 1
sec6-res-util-lego-c2m2,,972,,lego,,6,,614,,645,,80,,1.0,,Cannot locate board border, maybe not the full board is in the scene. Failed at stage 1
sec6-res-util-lego-c2m2,,975,,lego,,6,,620,,660,,95,,1.0,,Cannot locate board border, maybe not the full board is in the scene. Failed at stage 1
sec6-res-util-lego-c2m2,,978,,lego,,6,,621,,693,,128,,1.0,,Cannot locate board border, maybe not the full board is in the scene. Failed at stage 1
sec6-res-util-lego-c2m2,,982,,lego,,6,,576,,608,,42,,1.0,,Cannot locate board border, maybe not the full board is in the scene. Failed at stage 1
sec6-res-util-lego-c2m2,,984,,lego,,6,,583,,626,,61,,1.0,,Cannot locate board border, maybe not the full board is in the scene. Failed at stage 1
sec6-res-util-lego-c2m2,,986,,lego,,6,,637,,675,,110,,1.0,,Cannot locate board border, maybe not the full board is in the scene. Failed at stage 1
sec6-res-util-lego-c2m2,,990,,lego,,6,,621,,701,,137,,1.0,,Cannot locate board border, maybe not the full board is in the scene. Failed at stage 1
sec6-res-util-lego-c2m2,,995,,lego,,6,,604,,657,,92,,1.0,,Cannot locate board border, maybe not the full board is in the scene. Failed at stage 1
sec6-res-util-lego-c2m2,,998,,lego,,6,,619,,661,,95,,1.0,,Cannot locate board border, maybe not the full board is in the scene. Failed at stage 1
sec6-res-util-lego-c2m2,,1001,,lego,,6,,608,,640,,77,,1.0,,Cannot locate board border, maybe not the full board is in the scene. Failed at stage 1
sec6-res-util-lego-c2m2,,1004,,lego,,6,,626,,664,,99,,1.0,,Cannot locate board border, maybe not the full board is in the scene. Failed at stage 1
sec6-res-util-lego-c2m2,,1008,,lego,,6,,595,,636,,70,,1.0,,Cannot locate board border, maybe not the full board is in the scene. Failed at stage 1
sec6-res-util-lego-c2m2,,1010,,lego,,6,,602,,651,,86,,1.0,,Cannot locate board border, maybe not the full board is in the scene. Failed at stage 2
sec6-res-util-lego-c2m2,,1014,,lego,,6,,619,,652,,233,,1.0,,Cannot locate board border, maybe not the full board is in the scene. Failed at stage 1
sec6-res-util-lego-c2m2,,1021,,lego,,6,,606,,647,,82,,1.0,,Cannot locate board border, maybe not the full board is in the scene. Failed at stage 1
sec6-res-util-lego-c2m2,,1024,,lego,,6,,628,,659,,94,,1.0,,Cannot locate board border, maybe not the full board is in the scene. Failed at stage 1
sec6-res-util-lego-c2m2,,1028,,lego,,6,,613,,646,,81,,1.0,,Cannot locate board border, maybe not the full board is in the scene. Failed at stage 1
sec6-res-util-lego-c2m2,,1031,,lego,,6,,666,,735,,171,,1.0,,Cannot locate board border, maybe not the full board is in the scene. Failed at stage 1
sec6-res-util-lego-c2m2,,1037,,lego,,6,,577,,629,,63,,1.0,,Cannot locate board border, maybe not the full board is in the scene. Failed at stage 1
sec6-res-util-lego-c2m2,,1039,,lego,,6,,866,,898,,412,,1.0,,Cannot locate board border, maybe not the full board is in the scene. Failed at stage 1
sec6-res-util-lego-c2m2,,1052,,lego,,6,,748,,780,,217,,1.0,,Cannot locate board border, maybe not the full board is in the scene. Failed at stage 1
sec6-res-util-lego-c2m2,,1059,,lego,,6,,834,,889,,370,,1.0,,Cannot locate board border, maybe not the full board is in the scene. Failed at stage 1
sec6-res-util-lego-c2m2,,1070,,lego,,6,,593,,626,,60,,1.0,,Cannot locate board border, maybe not the full board is in the scene. Failed at stage 1
sec6-res-util-lego-c2m2,,1073,,lego,,6,,754,,797,,316,,1.0,,Cannot locate board border, maybe not the full board is in the scene. Failed at stage 1
sec6-res-util-lego-c2m2,,1083,,lego,,6,,628,,714,,149,,1.0,,Cannot find a large enough foreground near the center of board
sec6-res-util-lego-c2m2,,1087,,lego,,6,,618,,745,,180,,1.0,,Cannot find a large enough foreground near the center of board
sec6-res-util-lego-c2m2,,1094,,lego,,6,,585,,722,,156,,1.0,,Cannot find a large enough foreground near the center of board
sec6-res-util-lego-c2m2,,1099,,lego,,6,,674,,774,,265,,1.0,,Cannot find a large enough foreground near the center of board
sec6-res-util-lego-c2m2,,1107,,lego,,6,,614,,710,,144,,1.0,,Cannot find a large enough foreground near the center of board
sec6-res-util-lego-c2m2,,1112,,lego,,6,,662,,800,,327,,1.0,,Cannot find a large enough foreground near the center of board
sec6-res-util-lego-c2m2,,1123,,lego,,6,,610,,714,,150,,1.0,,Cannot find a large enough foreground near the center of board
sec6-res-util-lego-c2m2,,1128,,lego,,6,,600,,709,,143,,1.0,,Cannot find a large enough foreground near the center of board
sec6-res-util-lego-c2m2,,1133,,lego,,6,,612,,726,,160,,1.0,,Cannot find a large enough foreground near the center of board
sec6-res-util-lego-c2m2,,1138,,lego,,6,,588,,736,,171,,1.0,,Cannot find a large enough foreground near the center of board
sec6-res-util-lego-c2m2,,1144,,lego,,6,,606,,747,,182,,1.0,,Cannot find a large enough foreground near the center of board
sec6-res-util-lego-c2m2,,1150,,lego,,6,,579,,675,,110,,1.0,,Cannot find a large enough foreground near the center of board
sec6-res-util-lego-c2m2,,1154,,lego,,6,,646,,739,,174,,1.0,,Cannot find a large enough foreground near the center of board
sec6-res-util-lego-c2m2,,1160,,lego,,6,,651,,770,,279,,1.0,,Cannot find a large enough foreground near the center of board
sec6-res-util-lego-c2m2,,1169,,lego,,6,,578,,659,,94,,1.0,,Cannot find a large enough foreground near the center of board
sec6-res-util-lego-c2m2,,1172,,lego,,6,,621,,716,,150,,1.0,,Cannot find a large enough foreground near the center of board
sec6-res-util-lego-c2m2,,1177,,lego,,6,,590,,691,,126,,1.0,,Cannot find a large enough foreground near the center of board
sec6-res-util-lego-c2m2,,1181,,lego,,6,,599,,664,,99,,1.0,,Cannot find a large enough foreground near the center of board
sec6-res-util-lego-c2m2,,1185,,lego,,6,,606,,702,,137,,1.0,,Cannot find a large enough foreground near the center of board
sec6-res-util-lego-c2m2,,1189,,lego,,6,,583,,679,,113,,1.0,,Cannot find a large enough foreground near the center of board
sec6-res-util-lego-c2m2,,1193,,lego,,6,,604,,727,,162,,1.0,,Cannot find a large enough foreground near the center of board
sec6-res-util-lego-c2m2,,1198,,lego,,6,,597,,737,,218,,1.0,,Cannot find a large enough foreground near the center of board
sec6-res-util-lego-c2m2,,1205,,lego,,6,,599,,666,,101,,1.0,,Cannot find a large enough foreground near the center of board
sec6-res-util-lego-c2m2,,1209,,lego,,6,,603,,689,,123,,1.0,,Cannot find a large enough foreground near the center of board
sec6-res-util-lego-c2m2,,1213,,lego,,6,,591,,706,,141,,1.0,,Cannot find a large enough foreground near the center of board
sec6-res-util-lego-c2m2,,1218,,lego,,6,,615,,713,,195,,1.0,,Cannot find a large enough foreground near the center of board
sec6-res-util-lego-c2m2,,1224,,lego,,6,,588,,704,,138,,1.0,,Cannot find a large enough foreground near the center of board
sec6-res-util-lego-c2m2,,1228,,lego,,6,,640,,726,,160,,1.0,,Cannot find a large enough foreground near the center of board
sec6-res-util-lego-c2m2,,1234,,lego,,6,,615,,702,,136,,1.0,,Cannot find a large enough foreground near the center of board
sec6-res-util-lego-c2m2,,1239,,lego,,6,,641,,790,,311,,1.0,,Cannot find a large enough foreground near the center of board
sec6-res-util-lego-c2m2,,1248,,lego,,6,,672,,773,,209,,1.0,,Cannot find a large enough foreground near the center of board
sec6-res-util-lego-c2m2,,1255,,lego,,6,,656,,757,,264,,1.0,,Cannot find a large enough foreground near the center of board
sec6-res-util-lego-c2m2,,1264,,lego,,6,,585,,717,,152,,1.0,,Cannot find a large enough foreground near the center of board
sec6-res-util-lego-c2m2,,1269,,lego,,6,,615,,735,,170,,1.0,,Cannot find a large enough foreground near the center of board
sec6-res-util-lego-c2m2,,1275,,lego,,6,,1003,,1115,,640,,0.999999986837,,Cannot find a large enough foreground near the center of board
sec6-res-util-lego-c2m2,,1295,,lego,,6,,626,,744,,179,,1.0,,Cannot find a large enough foreground near the center of board
sec6-res-util-lego-c2m2,,1300,,lego,,6,,940,,1064,,596,,1.0,,Cannot find a large enough foreground near the center of board
sec6-res-util-lego-c2m2,,1319,,lego,,6,,770,,876,,392,,1.0,,Cannot find a large enough foreground near the center of board
sec6-res-util-lego-c2m2,,1331,,lego,,6,,844,,921,,396,,1.0,,Cannot find a large enough foreground near the center of board
sec6-res-util-lego-c2m2,,1344,,lego,,6,,763,,855,,389,,1.0,,Cannot find a large enough foreground near the center of board
sec6-res-util-lego-c2m2,,1356,,lego,,6,,796,,862,,496,,1.0,,Cannot locate exact four board corners, probably because of occlusion
sec6-res-util-lego-c2m2,,1371,,lego,,6,,670,,738,,173,,1.0,,Cannot find a large enough foreground near the center of board
sec6-res-util-lego-c2m2,,1377,,lego,,6,,840,,935,,400,,1.0,,Cannot find a large enough foreground near the center of board
sec6-res-util-lego-c2m2,,1390,,lego,,6,,1117,,1189,,623,,0.999999998561,,Cannot locate board border, maybe not the full board is in the scene. Failed at stage 1
sec6-res-util-lego-c2m2,,1409,,lego,,6,,747,,828,,371,,1.0,,Cannot locate board border, maybe not the full board is in the scene. Failed at stage 1
sec6-res-util-lego-c2m2,,1420,,lego,,6,,953,,986,,421,,1.0,,Cannot locate board border, maybe not the full board is in the scene. Failed at stage 1
sec6-res-util-lego-c2m2,,1434,,lego,,6,,628,,698,,133,,1.0,,Cannot locate board border, maybe not the full board is in the scene. Failed at stage 1
sec6-res-util-lego-c2m2,,1438,,lego,,6,,578,,613,,78,,1.0,,Cannot locate board border, maybe not the full board is in the scene. Failed at stage 1
sec6-res-util-lego-c2m2,,1441,,lego,,6,,585,,617,,55,,1.0,,Cannot locate board border, maybe not the full board is in the scene. Failed at stage 1
sec6-res-util-lego-c2m2,,1443,,lego,,6,,615,,646,,81,,1.0,,Cannot locate board border, maybe not the full board is in the scene. Failed at stage 1
sec6-res-util-lego-c2m2,,1446,,lego,,6,,612,,643,,77,,1.0,,Cannot locate board border, maybe not the full board is in the scene. Failed at stage 1
sec6-res-util-lego-c2m2,,1449,,lego,,6,,608,,639,,74,,1.0,,Cannot locate board border, maybe not the full board is in the scene. Failed at stage 1
sec6-res-util-lego-c2m2,,1451,,lego,,6,,608,,639,,74,,1.0,,Cannot locate board border, maybe not the full board is in the scene. Failed at stage 1
sec6-res-util-lego-c2m2,,1454,,lego,,6,,577,,628,,63,,1.0,,Cannot locate board border, maybe not the full board is in the scene. Failed at stage 1
sec6-res-util-lego-c2m2,,1457,,lego,,6,,577,,638,,73,,1.0,,Cannot locate board border, maybe not the full board is in the scene. Failed at stage 1
sec6-res-util-lego-c2m2,,1459,,lego,,6,,591,,661,,96,,1.0,,Cannot locate board border, maybe not the full board is in the scene. Failed at stage 1
sec6-res-util-lego-c2m2,,1463,,lego,,6,,580,,616,,51,,1.0,,Cannot locate board border, maybe not the full board is in the scene. Failed at stage 1
sec6-res-util-lego-c2m2,,1465,,lego,,6,,577,,616,,50,,1.0,,Cannot locate board border, maybe not the full board is in the scene. Failed at stage 1
sec6-res-util-lego-c2m2,,1466,,lego,,6,,578,,630,,66,,1.0,,Cannot locate board border, maybe not the full board is in the scene. Failed at stage 1
sec6-res-util-lego-c2m2,,1469,,lego,,6,,617,,1217,,729,,0.999998576093,,Not confident about reconstruction, maybe too much noise
sec6-res-util-lego-c2m2,,1491,,lego,,6,,590,,1295,,792,,0.999993012405,,Not confident about reconstruction, maybe too much noise
sec6-res-util-lego-c2m2,,1516,,lego,,6,,579,,1187,,689,,0.999999677386,,[[0 0 1 4]
 [2 2 2 2]]
sec6-res-util-lego-c2m2,,1537,,lego,,6,,608,,1254,,702,,0.999999443425,,Not confident about reconstruction, maybe too much noise
sec6-res-util-lego-c2m2,,1559,,lego,,6,,580,,1216,,689,,0.999999677386,,Not confident about reconstruction, maybe too much noise
sec6-res-util-lego-c2m2,,1580,,lego,,6,,607,,1253,,792,,0.999993012405,,Not confident about reconstruction, maybe too much noise
sec6-res-util-lego-c2m2,,1605,,lego,,6,,594,,1172,,607,,0.999999999988,,Not confident about reconstruction, maybe too much noise
sec6-res-util-lego-c2m2,,1624,,lego,,6,,668,,700,,135,,1.0,,Cannot locate board border, maybe not the full board is in the scene. Failed at stage 1
sec6-res-util-lego-c2m2,,1628,,lego,,6,,607,,639,,73,,1.0,,Cannot locate board border, maybe not the full board is in the scene. Failed at stage 1
sec6-res-util-lego-c2m2,,1631,,lego,,6,,660,,723,,157,,1.0,,Cannot locate board border, maybe not the full board is in the scene. Failed at stage 1
sec6-res-util-lego-c2m2,,1636,,lego,,6,,595,,655,,90,,1.0,,Cannot locate board border, maybe not the full board is in the scene. Failed at stage 1
sec6-res-util-lego-c2m2,,1639,,lego,,6,,656,,687,,122,,1.0,,Cannot locate board border, maybe not the full board is in the scene. Failed at stage 1
sec6-res-util-lego-c2m2,,1643,,lego,,6,,601,,632,,66,,1.0,,Cannot locate board border, maybe not the full board is in the scene. Failed at stage 1
sec6-res-util-lego-c2m2,,1646,,lego,,6,,609,,642,,77,,1.0,,Cannot locate board border, maybe not the full board is in the scene. Failed at stage 1
sec6-res-util-lego-c2m2,,1649,,lego,,6,,839,,888,,357,,1.0,,Cannot locate board border, maybe not the full board is in the scene. Failed at stage 1
sec6-res-util-lego-c2m2,,1660,,lego,,6,,888,,1479,,998,,0.999870980573,,[[0 0 1 6]
 [2 2 2 2]]
sec6-res-util-lego-c2m2,,1691,,lego,,6,,1150,,1827,,1309,,0.998700705016,,[[0 0 1 6]
 [2 2 2 2]]
sec6-res-util-lego-c2m2,,1731,,lego,,6,,579,,611,,46,,1.0,,Cannot locate board border, maybe not the full board is in the scene. Failed at stage 1
sec6-res-util-lego-c2m2,,1733,,lego,,6,,1147,,1185,,643,,0.999999982421,,Cannot locate board border, maybe not the full board is in the scene. Failed at stage 1
sec6-res-util-lego-c2m2,,1752,,lego,,6,,659,,696,,130,,1.0,,Cannot locate board border, maybe not the full board is in the scene. Failed at stage 1
sec6-res-util-lego-c2m2,,1757,,lego,,6,,1156,,1227,,764,,0.999996280383,,Cannot locate board border, maybe not the full board is in the scene. Failed at stage 1
sec6-res-util-lego-c2m2,,1780,,lego,,6,,1011,,1068,,597,,1.0,,Cannot locate board border, maybe not the full board is in the scene. Failed at stage 1
sec6-res-util-lego-c2m2,,1798,,lego,,6,,647,,685,,119,,1.0,,Cannot locate board border, maybe not the full board is in the scene. Failed at stage 1
sec6-res-util-lego-c2m2,,1802,,lego,,6,,602,,638,,73,,1.0,,Cannot locate board border, maybe not the full board is in the scene. Failed at stage 1
sec6-res-util-lego-c2m2,,1805,,lego,,6,,579,,636,,72,,1.0,,Cannot locate board border, maybe not the full board is in the scene. Failed at stage 1
sec6-res-util-lego-c2m2,,1808,,lego,,6,,580,,653,,88,,1.0,,Cannot locate board border, maybe not the full board is in the scene. Failed at stage 1
sec6-res-util-lego-c2m2,,1811,,lego,,6,,636,,671,,105,,1.0,,Cannot locate board border, maybe not the full board is in the scene. Failed at stage 1
sec6-res-util-lego-c2m2,,1814,,lego,,6,,644,,677,,113,,1.0,,Cannot locate board border, maybe not the full board is in the scene. Failed at stage 1
sec6-res-util-lego-c2m2,,1818,,lego,,6,,626,,677,,111,,1.0,,Cannot locate board border, maybe not the full board is in the scene. Failed at stage 1
sec6-res-util-lego-c2m2,,1822,,lego,,6,,583,,618,,52,,1.0,,Cannot locate board border, maybe not the full board is in the scene. Failed at stage 1
sec6-res-util-lego-c2m2,,1824,,lego,,6,,634,,723,,158,,1.0,,Cannot locate board border, maybe not the full board is in the scene. Failed at stage 1
sec6-res-util-lego-c2m2,,1829,,lego,,6,,612,,652,,187,,1.0,,Cannot locate board border, maybe not the full board is in the scene. Failed at stage 1
sec6-res-util-lego-c2m2,,1835,,lego,,6,,605,,657,,92,,1.0,,Cannot locate board border, maybe not the full board is in the scene. Failed at stage 1
sec6-res-util-lego-c2m2,,1838,,lego,,6,,602,,640,,75,,1.0,,Cannot locate board border, maybe not the full board is in the scene. Failed at stage 1
sec6-res-util-lego-c2m2,,1841,,lego,,6,,617,,669,,103,,1.0,,Cannot locate board border, maybe not the full board is in the scene. Failed at stage 1
sec6-res-util-lego-c2m2,,1845,,lego,,6,,610,,644,,80,,1.0,,Cannot locate board border, maybe not the full board is in the scene. Failed at stage 1
sec6-res-util-lego-c2m2,,1847,,lego,,6,,612,,648,,82,,1.0,,Cannot locate board border, maybe not the full board is in the scene. Failed at stage 1
sec6-res-util-lego-c2m2,,1850,,lego,,6,,616,,650,,85,,1.0,,Cannot locate board border, maybe not the full board is in the scene. Failed at stage 1
sec6-res-util-lego-c2m2,,1853,,lego,,6,,651,,716,,198,,1.0,,Cannot locate board border, maybe not the full board is in the scene. Failed at stage 1
sec6-res-util-lego-c2m2,,1860,,lego,,6,,604,,643,,78,,1.0,,Cannot locate board border, maybe not the full board is in the scene. Failed at stage 1
sec6-res-util-lego-c2m2,,1863,,lego,,6,,576,,632,,67,,1.0,,Cannot locate board border, maybe not the full board is in the scene. Failed at stage 1
sec6-res-util-lego-c2m2,,1865,,lego,,6,,579,,646,,81,,1.0,,Cannot locate board border, maybe not the full board is in the scene. Failed at stage 1
sec6-res-util-lego-c2m2,,1868,,lego,,6,,588,,651,,86,,1.0,,Cannot locate board border, maybe not the full board is in the scene. Failed at stage 1
sec6-res-util-lego-c2m2,,1871,,lego,,6,,580,,674,,109,,1.0,,Cannot locate board border, maybe not the full board is in the scene. Failed at stage 2
sec6-res-util-lego-c2m2,,1874,,lego,,6,,659,,1331,,825,,0.999986821897,,Not confident about reconstruction, maybe too much noise
sec6-res-util-lego-c2m2,,1900,,lego,,6,,667,,1220,,701,,0.999999464933,,[[0 0 1 6]
 [2 2 2 2]]
sec6-res-util-lego-c2m2,,1921,,lego,,6,,658,,1279,,793,,0.999992865689,,[[0 0 1 6]
 [2 2 2 2]]
sec6-res-util-lego-c2m2,,1946,,lego,,6,,662,,1327,,793,,0.999992865689,,Not confident about reconstruction, maybe too much noise
sec6-res-util-lego-c2m2,,1970,,lego,,6,,616,,663,,98,,1.0,,Cannot locate board border, maybe not the full board is in the scene. Failed at stage 1
sec6-res-util-lego-c2m2,,1974,,lego,,6,,602,,643,,77,,1.0,,Cannot locate board border, maybe not the full board is in the scene. Failed at stage 1
sec6-res-util-lego-c2m2,,1977,,lego,,6,,618,,660,,125,,1.0,,Cannot locate board border, maybe not the full board is in the scene. Failed at stage 1
sec6-res-util-lego-c2m2,,1981,,lego,,6,,590,,677,,113,,1.0,,Cannot locate board border, maybe not the full board is in the scene. Failed at stage 1
sec6-res-util-lego-c2m2,,1985,,lego,,6,,614,,1304,,821,,0.999987734312,,Not confident about reconstruction, maybe too much noise
sec6-res-util-lego-c2m2,,2010,,lego,,6,,609,,1272,,795,,0.999992565337,,Not confident about reconstruction, maybe too much noise
sec6-res-util-lego-c2m2,,2035,,lego,,6,,620,,1263,,803,,0.999991268136,,Not confident about reconstruction, maybe too much noise
sec6-res-util-lego-c2m2,,2059,,lego,,6,,638,,1247,,787,,0.999993712337,,Not confident about reconstruction, maybe too much noise
sec6-res-util-lego-c2m2,,2084,,lego,,6,,580,,659,,93,,1.0,,Cannot find a large enough foreground near the center of board
sec6-res-util-lego-c2m2,,2087,,lego,,6,,605,,672,,136,,1.0,,Cannot find a large enough foreground near the center of board
sec6-res-util-lego-c2m2,,2092,,lego,,6,,593,,708,,143,,1.0,,Cannot find a large enough foreground near the center of board
sec6-res-util-lego-c2m2,,2097,,lego,,6,,597,,692,,126,,1.0,,Cannot find a large enough foreground near the center of board
sec6-res-util-lego-c2m2,,2101,,lego,,6,,663,,732,,244,,1.0,,Cannot find a large enough foreground near the center of board
sec6-res-util-lego-c2m2,,2109,,lego,,6,,910,,1003,,499,,1.0,,Cannot find a large enough foreground near the center of board
sec6-res-util-lego-c2m2,,2124,,lego,,6,,1110,,1287,,805,,0.999990918904,,Cannot find a large enough foreground near the center of board
sec6-res-util-lego-c2m2,,2149,,lego,,6,,1085,,1220,,699,,0.999999506072,,Cannot find a large enough foreground near the center of board
sec6-res-util-lego-c2m2,,2170,,lego,,6,,589,,684,,119,,1.0,,Cannot find a large enough foreground near the center of board
sec6-res-util-lego-c2m2,,2174,,lego,,6,,642,,725,,159,,1.0,,Cannot find a large enough foreground near the center of board
sec6-res-util-lego-c2m2,,2179,,lego,,6,,633,,703,,137,,1.0,,Cannot find a large enough foreground near the center of board
sec6-res-util-lego-c2m2,,2184,,lego,,6,,699,,813,,342,,1.0,,Cannot find a large enough foreground near the center of board
sec6-res-util-lego-c2m2,,2195,,lego,,6,,578,,709,,144,,1.0,,Cannot find a large enough foreground near the center of board
sec6-res-util-lego-c2m2,,2200,,lego,,6,,604,,697,,132,,1.0,,Cannot find a large enough foreground near the center of board
sec6-res-util-lego-c2m2,,2204,,lego,,6,,627,,663,,98,,1.0,,Cannot locate board border, maybe not the full board is in the scene. Failed at stage 1
sec6-res-util-lego-c2m2,,2208,,lego,,6,,610,,647,,82,,1.0,,Cannot locate board border, maybe not the full board is in the scene. Failed at stage 1
sec6-res-util-lego-c2m2,,2211,,lego,,6,,628,,665,,129,,1.0,,Cannot locate board border, maybe not the full board is in the scene. Failed at stage 1
sec6-res-util-lego-c2m2,,2215,,lego,,6,,577,,613,,47,,1.0,,Cannot locate board border, maybe not the full board is in the scene. Failed at stage 1
sec6-res-util-lego-c2m2,,2217,,lego,,6,,592,,628,,63,,1.0,,Cannot locate board border, maybe not the full board is in the scene. Failed at stage 1
sec6-res-util-lego-c2m2,,2219,,lego,,6,,621,,656,,90,,1.0,,Cannot locate board border, maybe not the full board is in the scene. Failed at stage 1
sec6-res-util-lego-c2m2,,2222,,lego,,6,,576,,635,,70,,1.0,,Cannot locate board border, maybe not the full board is in the scene. Failed at stage 1
sec6-res-util-lego-c2m2,,2225,,lego,,6,,579,,635,,69,,1.0,,Cannot locate board border, maybe not the full board is in the scene. Failed at stage 1
sec6-res-util-lego-c2m2,,2227,,lego,,6,,581,,645,,79,,1.0,,Cannot locate board border, maybe not the full board is in the scene. Failed at stage 1
sec6-res-util-lego-c2m2,,2230,,lego,,6,,583,,618,,52,,1.0,,Cannot locate board border, maybe not the full board is in the scene. Failed at stage 1
sec6-res-util-lego-c2m2,,2232,,lego,,6,,602,,636,,70,,1.0,,Cannot locate board border, maybe not the full board is in the scene. Failed at stage 1
sec6-res-util-lego-c2m2,,2235,,lego,,6,,631,,667,,101,,1.0,,Cannot locate board border, maybe not the full board is in the scene. Failed at stage 1
sec6-res-util-lego-c2m2,,2238,,lego,,6,,605,,640,,74,,1.0,,Cannot locate board border, maybe not the full board is in the scene. Failed at stage 1
sec6-res-util-lego-c2m2,,2241,,lego,,6,,600,,633,,68,,1.0,,Cannot locate board border, maybe not the full board is in the scene. Failed at stage 1
sec6-res-util-lego-c2m2,,2243,,lego,,6,,598,,634,,69,,1.0,,Cannot locate board border, maybe not the full board is in the scene. Failed at stage 1
sec6-res-util-lego-c2m2,,2246,,lego,,6,,582,,642,,76,,1.0,,Cannot locate board border, maybe not the full board is in the scene. Failed at stage 1
sec6-res-util-lego-c2m2,,2249,,lego,,6,,584,,636,,70,,1.0,,Cannot locate board border, maybe not the full board is in the scene. Failed at stage 1
sec6-res-util-lego-c2m2,,2251,,lego,,6,,577,,607,,41,,1.0,,Cannot locate board border, maybe not the full board is in the scene. Failed at stage 1
sec6-res-util-lego-c2m2,,2253,,lego,,6,,586,,616,,50,,1.0,,Cannot locate board border, maybe not the full board is in the scene. Failed at stage 1
sec6-res-util-lego-c2m2,,2255,,lego,,6,,579,,636,,70,,1.0,,Cannot locate board border, maybe not the full board is in the scene. Failed at stage 1
sec6-res-util-lego-c2m2,,2257,,lego,,6,,575,,637,,71,,1.0,,Cannot locate board border, maybe not the full board is in the scene. Failed at stage 1
sec6-res-util-lego-c2m2,,2260,,lego,,6,,580,,613,,47,,1.0,,Cannot locate board border, maybe not the full board is in the scene. Failed at stage 1
sec6-res-util-lego-c2m2,,2262,,lego,,6,,598,,634,,68,,1.0,,Cannot locate board border, maybe not the full board is in the scene. Failed at stage 1
