sec6-res-util-pool-c2m2,,102,,pool,,4,,603,,725,,178,,1.4593741055e-09,,speech: right
sec6-res-util-pool-c2m2,,107,,pool,,4,,561,,664,,116,,0.0426295284331,,speech: left
sec6-res-util-pool-c2m2,,111,,pool,,4,,559,,669,,121,,0.0106573821083,,speech: left
sec6-res-util-pool-c2m2,,115,,pool,,4,,559,,685,,137,,0.000126199770446,,Cannot find cue ball
sec6-res-util-pool-c2m2,,120,,pool,,4,,559,,646,,98,,0.99919,,speech: left
sec6-res-util-pool-c2m2,,123,,pool,,4,,559,,662,,114,,0.074222319981,,Cannot find cue bottom
sec6-res-util-pool-c2m2,,127,,pool,,4,,561,,638,,184,,2.76499688554e-10,,Cannot find cue top
sec6-res-util-pool-c2m2,,133,,pool,,4,,561,,638,,91,,1.0,,Cannot find cue top
sec6-res-util-pool-c2m2,,136,,pool,,4,,567,,643,,95,,1.0,,Cannot find cue top
sec6-res-util-pool-c2m2,,139,,pool,,4,,560,,638,,90,,1.0,,Cannot find cue top
sec6-res-util-pool-c2m2,,142,,pool,,4,,560,,620,,72,,1.0,,Cannot find cue top
sec6-res-util-pool-c2m2,,145,,pool,,4,,589,,689,,140,,5.4931640625e-05,,Cannot find cue top
sec6-res-util-pool-c2m2,,150,,pool,,4,,560,,662,,147,,7.8874856529e-06,,Cannot find cue top
sec6-res-util-pool-c2m2,,154,,pool,,4,,575,,712,,164,,7.07839202699e-08,,Cannot find cue top
sec6-res-util-pool-c2m2,,160,,pool,,4,,615,,737,,189,,6.91249221386e-11,,Cannot find cue top
sec6-res-util-pool-c2m2,,166,,pool,,4,,596,,808,,325,,2.90805684101e-27,,speech: left
sec6-res-util-pool-c2m2,,176,,pool,,4,,562,,779,,294,,1.57171876114e-23,,speech: left
sec6-res-util-pool-c2m2,,185,,pool,,4,,560,,752,,205,,8.18545231596e-13,,Cannot find cue top
sec6-res-util-pool-c2m2,,192,,pool,,4,,560,,738,,276,,2.31095136696e-21,,Cannot find cue top
sec6-res-util-pool-c2m2,,200,,pool,,4,,641,,779,,230,,7.9936057773e-16,,Cannot find cue top
sec6-res-util-pool-c2m2,,208,,pool,,4,,592,,806,,357,,4.07773450867e-31,,Cannot find cue bottom
sec6-res-util-pool-c2m2,,219,,pool,,4,,575,,842,,391,,3.28405941298e-35,,speech: right
sec6-res-util-pool-c2m2,,231,,pool,,4,,625,,842,,395,,1.08333559372e-35,,Cannot find cue bottom
sec6-res-util-pool-c2m2,,243,,pool,,4,,559,,824,,291,,3.61086151088e-23,,speech: right
sec6-res-util-pool-c2m2,,253,,pool,,4,,622,,921,,394,,1.42946988593e-35,,speech: left
sec6-res-util-pool-c2m2,,265,,pool,,4,,608,,894,,395,,1.08333559372e-35,,Cannot find object ball
sec6-res-util-pool-c2m2,,277,,pool,,4,,688,,981,,498,,4.28871504187e-48,,speech: right
sec6-res-util-pool-c2m2,,293,,pool,,4,,662,,766,,218,,2.2268281639e-14,,Cannot find cue top
sec6-res-util-pool-c2m2,,300,,pool,,4,,648,,853,,364,,5.85510865278e-32,,Cannot find cue bottom
sec6-res-util-pool-c2m2,,311,,pool,,4,,677,,882,,397,,6.22212907207e-36,,Cannot find cue top
sec6-res-util-pool-c2m2,,323,,pool,,4,,663,,875,,398,,4.71549205675e-36,,Cannot find cue top
sec6-res-util-pool-c2m2,,336,,pool,,4,,744,,944,,496,,7.46708659103e-48,,Cannot find cue top
sec6-res-util-pool-c2m2,,351,,pool,,4,,649,,849,,398,,4.71549205675e-36,,Cannot find cue top
sec6-res-util-pool-c2m2,,363,,pool,,4,,722,,944,,499,,3.250238219e-48,,Cannot find cue bottom
sec6-res-util-pool-c2m2,,379,,pool,,4,,714,,928,,394,,1.42946988593e-35,,Cannot find cue top
sec6-res-util-pool-c2m2,,391,,pool,,4,,794,,988,,497,,5.65899342479e-48,,Cannot find cue top
sec6-res-util-pool-c2m2,,406,,pool,,4,,701,,980,,497,,5.65899342479e-48,,Cannot find cue bottom
sec6-res-util-pool-c2m2,,422,,pool,,4,,674,,889,,395,,1.08333559372e-35,,Cannot find cue ball
sec6-res-util-pool-c2m2,,434,,pool,,4,,766,,974,,498,,4.28871504187e-48,,Cannot find cue ball
sec6-res-util-pool-c2m2,,449,,pool,,4,,663,,862,,395,,1.08333559372e-35,,Cannot find cue top
sec6-res-util-pool-c2m2,,462,,pool,,4,,663,,944,,498,,4.28871504187e-48,,speech: good
sec6-res-util-pool-c2m2,,477,,pool,,4,,650,,938,,494,,1.3000952876e-47,,Cannot find cue ball
sec6-res-util-pool-c2m2,,492,,pool,,4,,644,,924,,396,,8.21014853244e-36,,Cannot find cue ball
sec6-res-util-pool-c2m2,,505,,pool,,4,,717,,1009,,498,,4.28871504187e-48,,Cannot find cue ball
sec6-res-util-pool-c2m2,,520,,pool,,4,,630,,913,,394,,1.42946988593e-35,,Cannot find cue bottom
sec6-res-util-pool-c2m2,,532,,pool,,4,,707,,919,,497,,5.65899342479e-48,,Cannot find cue top
sec6-res-util-pool-c2m2,,548,,pool,,4,,606,,800,,291,,3.61086151088e-23,,Cannot find cue top
sec6-res-util-pool-c2m2,,557,,pool,,4,,667,,877,,397,,6.22212907207e-36,,Cannot find cue bottom
sec6-res-util-pool-c2m2,,569,,pool,,4,,654,,868,,395,,1.08333559372e-35,,Cannot find cue bottom
sec6-res-util-pool-c2m2,,581,,pool,,4,,640,,854,,394,,1.42946988593e-35,,Cannot find cue bottom
sec6-res-util-pool-c2m2,,594,,pool,,4,,647,,747,,199,,4.32030763366e-12,,Cannot find cue top
sec6-res-util-pool-c2m2,,600,,pool,,4,,641,,848,,392,,2.48885162883e-35,,Cannot find cue top
sec6-res-util-pool-c2m2,,612,,pool,,4,,728,,926,,396,,8.21014853244e-36,,Cannot find cue top
sec6-res-util-pool-c2m2,,624,,pool,,4,,808,,947,,499,,3.250238219e-48,,Cannot find cue top
sec6-res-util-pool-c2m2,,640,,pool,,4,,709,,915,,398,,4.71549205675e-36,,Cannot find cue top
sec6-res-util-pool-c2m2,,652,,pool,,4,,791,,994,,497,,5.65899342479e-48,,Cannot find cue top
sec6-res-util-pool-c2m2,,667,,pool,,4,,680,,883,,399,,3.57367471483e-36,,Cannot find cue top
sec6-res-util-pool-c2m2,,680,,pool,,4,,768,,977,,495,,9.85287982728e-48,,Cannot find cue bottom
sec6-res-util-pool-c2m2,,695,,pool,,4,,751,,974,,499,,3.250238219e-48,,Cannot find cue bottom
sec6-res-util-pool-c2m2,,710,,pool,,4,,745,,956,,493,,1.71548601675e-47,,Cannot find object ball
sec6-res-util-pool-c2m2,,726,,pool,,4,,733,,948,,499,,3.250238219e-48,,Cannot find cue ball
sec6-res-util-pool-c2m2,,741,,pool,,4,,716,,829,,291,,3.61086151088e-23,,Cannot find cue ball
sec6-res-util-pool-c2m2,,750,,pool,,4,,640,,810,,292,,2.7365213057e-23,,Cannot find cue top
sec6-res-util-pool-c2m2,,760,,pool,,4,,703,,915,,394,,1.42946988593e-35,,Cannot find cue bottom
sec6-res-util-pool-c2m2,,772,,pool,,4,,699,,894,,396,,8.21014853244e-36,,Cannot find cue ball
sec6-res-util-pool-c2m2,,784,,pool,,4,,608,,818,,290,,4.76456032831e-23,,Cannot find cue bottom
sec6-res-util-pool-c2m2,,793,,pool,,4,,775,,992,,498,,4.28871504187e-48,,Cannot find cue ball
sec6-res-util-pool-c2m2,,809,,pool,,4,,769,,985,,498,,4.28871504187e-48,,Cannot find cue bottom
sec6-res-util-pool-c2m2,,824,,pool,,4,,770,,1056,,602,,1.2867061343e-60,,Cannot find cue bottom
sec6-res-util-pool-c2m2,,843,,pool,,4,,655,,939,,497,,5.65899342479e-48,,Cannot find cue bottom
sec6-res-util-pool-c2m2,,858,,pool,,4,,645,,856,,393,,1.8861968227e-35,,Cannot find cue top
sec6-res-util-pool-c2m2,,870,,pool,,4,,630,,835,,394,,1.42946988593e-35,,Cannot find cue top
sec6-res-util-pool-c2m2,,882,,pool,,4,,627,,839,,396,,8.21014853244e-36,,Cannot find cue top
sec6-res-util-pool-c2m2,,895,,pool,,4,,628,,812,,292,,2.7365213057e-23,,Cannot find cue bottom
sec6-res-util-pool-c2m2,,904,,pool,,4,,804,,1029,,602,,1.2867061343e-60,,Cannot find cue bottom
sec6-res-util-pool-c2m2,,923,,pool,,4,,680,,882,,391,,3.28405941298e-35,,speech: good
sec6-res-util-pool-c2m2,,935,,pool,,4,,688,,876,,393,,1.8861968227e-35,,Cannot find cue top
sec6-res-util-pool-c2m2,,947,,pool,,4,,691,,874,,395,,1.08333559372e-35,,Cannot find cue top
sec6-res-util-pool-c2m2,,959,,pool,,4,,678,,865,,396,,8.21014853244e-36,,Cannot find cue top
sec6-res-util-pool-c2m2,,971,,pool,,4,,735,,872,,397,,6.22212907207e-36,,Cannot find cue top
sec6-res-util-pool-c2m2,,984,,pool,,4,,724,,929,,396,,8.21014853244e-36,,speech: left
sec6-res-util-pool-c2m2,,996,,pool,,4,,728,,941,,495,,9.85287982728e-48,,speech: left
sec6-res-util-pool-c2m2,,1011,,pool,,4,,706,,910,,393,,1.8861968227e-35,,Cannot find cue bottom
sec6-res-util-pool-c2m2,,1024,,pool,,4,,713,,924,,392,,2.48885162883e-35,,Cannot find cue bottom
sec6-res-util-pool-c2m2,,1036,,pool,,4,,785,,920,,395,,1.08333559372e-35,,Cannot find cue bottom
sec6-res-util-pool-c2m2,,1048,,pool,,4,,590,,711,,294,,1.57171876114e-23,,Cannot find cue bottom
sec6-res-util-pool-c2m2,,1058,,pool,,4,,600,,799,,293,,2.07389533883e-23,,Cannot find cue top
sec6-res-util-pool-c2m2,,1067,,pool,,4,,669,,876,,399,,3.57367471483e-36,,Cannot find cue top
sec6-res-util-pool-c2m2,,1079,,pool,,4,,563,,684,,136,,0.000166521595442,,Cannot find cue top
sec6-res-util-pool-c2m2,,1,,pool,,4,,736,,1010,,549,,3.09966871166e-54,,Cannot find cue ball
sec6-res-util-pool-c2m2,,18,,pool,,4,,635,,846,,394,,1.42946988593e-35,,Cannot find cue bottom
sec6-res-util-pool-c2m2,,30,,pool,,4,,651,,866,,394,,1.42946988593e-35,,Cannot find cue ball
sec6-res-util-pool-c2m2,,42,,pool,,4,,717,,929,,399,,3.57367471483e-36,,Cannot find cue bottom
sec6-res-util-pool-c2m2,,54,,pool,,4,,715,,996,,488,,6.86194406698e-47,,Cannot find cue bottom
sec6-res-util-pool-c2m2,,70,,pool,,4,,698,,915,,395,,1.08333559372e-35,,Cannot find cue ball
sec6-res-util-pool-c2m2,,82,,pool,,4,,722,,1005,,498,,4.28871504187e-48,,speech: good
sec6-res-util-pool-c2m2,,97,,pool,,4,,793,,1085,,600,,2.24028550003e-60,,speech: left
sec6-res-util-pool-c2m2,,116,,pool,,4,,661,,878,,392,,2.48885162883e-35,,speech: left
sec6-res-util-pool-c2m2,,128,,pool,,4,,688,,889,,396,,8.21014853244e-36,,Cannot find cue top
sec6-res-util-pool-c2m2,,140,,pool,,4,,762,,958,,499,,3.250238219e-48,,Cannot find cue top
sec6-res-util-pool-c2m2,,156,,pool,,4,,725,,850,,393,,1.8861968227e-35,,Cannot find cue top
sec6-res-util-pool-c2m2,,168,,pool,,4,,643,,917,,396,,8.21014853244e-36,,speech: left
sec6-res-util-pool-c2m2,,180,,pool,,4,,709,,913,,392,,2.48885162883e-35,,Cannot find cue top
sec6-res-util-pool-c2m2,,193,,pool,,4,,705,,933,,500,,2.46321995682e-48,,speech: left
sec6-res-util-pool-c2m2,,208,,pool,,4,,696,,922,,494,,1.3000952876e-47,,Cannot find cue bottom
sec6-res-util-pool-c2m2,,223,,pool,,4,,684,,980,,497,,5.65899342479e-48,,speech: left
sec6-res-util-pool-c2m2,,239,,pool,,4,,682,,966,,494,,1.3000952876e-47,,Cannot find cue ball
sec6-res-util-pool-c2m2,,254,,pool,,4,,674,,887,,396,,8.21014853244e-36,,Cannot find cue ball
sec6-res-util-pool-c2m2,,266,,pool,,4,,642,,855,,395,,1.08333559372e-35,,Cannot find object ball
sec6-res-util-pool-c2m2,,279,,pool,,4,,635,,869,,394,,1.42946988593e-35,,Cannot find cue ball
sec6-res-util-pool-c2m2,,291,,pool,,4,,733,,946,,497,,5.65899342479e-48,,Cannot find cue top
sec6-res-util-pool-c2m2,,306,,pool,,4,,641,,908,,394,,1.42946988593e-35,,Cannot find cue bottom
sec6-res-util-pool-c2m2,,319,,pool,,4,,710,,909,,396,,8.21014853244e-36,,Cannot find cue top
sec6-res-util-pool-c2m2,,331,,pool,,4,,788,,992,,497,,5.65899342479e-48,,Cannot find cue top
sec6-res-util-pool-c2m2,,346,,pool,,4,,786,,993,,493,,1.71548601675e-47,,Cannot find cue bottom
sec6-res-util-pool-c2m2,,362,,pool,,4,,689,,968,,498,,4.28871504187e-48,,Cannot find cue bottom
sec6-res-util-pool-c2m2,,377,,pool,,4,,659,,867,,395,,1.08333559372e-35,,Cannot find cue top
sec6-res-util-pool-c2m2,,389,,pool,,4,,672,,950,,499,,3.250238219e-48,,Cannot find cue bottom
sec6-res-util-pool-c2m2,,405,,pool,,4,,735,,932,,495,,9.85287982728e-48,,Cannot find cue bottom
sec6-res-util-pool-c2m2,,420,,pool,,4,,625,,838,,393,,1.8861968227e-35,,Cannot find cue ball
sec6-res-util-pool-c2m2,,432,,pool,,4,,631,,838,,397,,6.22212907207e-36,,Cannot find cue ball
sec6-res-util-pool-c2m2,,445,,pool,,4,,806,,1004,,495,,9.85287982728e-48,,Cannot find cue top
sec6-res-util-pool-c2m2,,460,,pool,,4,,708,,920,,393,,1.8861968227e-35,,Cannot find cue ball
sec6-res-util-pool-c2m2,,472,,pool,,4,,697,,904,,394,,1.42946988593e-35,,Cannot find cue ball
sec6-res-util-pool-c2m2,,484,,pool,,4,,604,,801,,291,,3.61086151088e-23,,Cannot find cue ball
sec6-res-util-pool-c2m2,,494,,pool,,4,,763,,965,,500,,2.46321995682e-48,,Cannot find cue ball
sec6-res-util-pool-c2m2,,509,,pool,,4,,670,,957,,495,,9.85287982728e-48,,Cannot find cue bottom
sec6-res-util-pool-c2m2,,524,,pool,,4,,642,,856,,395,,1.08333559372e-35,,Cannot find cue ball
sec6-res-util-pool-c2m2,,537,,pool,,4,,638,,852,,394,,1.42946988593e-35,,Cannot find cue bottom
sec6-res-util-pool-c2m2,,549,,pool,,4,,637,,834,,392,,2.48885162883e-35,,Cannot find cue top
sec6-res-util-pool-c2m2,,561,,pool,,4,,632,,749,,201,,2.48136513594e-12,,Cannot find cue bottom
sec6-res-util-pool-c2m2,,568,,pool,,4,,713,,913,,385,,1.73333694995e-34,,Cannot find cue ball
sec6-res-util-pool-c2m2,,580,,pool,,4,,718,,1004,,500,,2.46321995682e-48,,Cannot find cue bottom
sec6-res-util-pool-c2m2,,595,,pool,,4,,708,,980,,495,,9.85287982728e-48,,Cannot find cue top
sec6-res-util-pool-c2m2,,610,,pool,,4,,702,,913,,501,,1.86677164776e-48,,Cannot find cue top
sec6-res-util-pool-c2m2,,626,,pool,,4,,676,,865,,394,,1.42946988593e-35,,Cannot find cue top
sec6-res-util-pool-c2m2,,638,,pool,,4,,661,,858,,397,,6.22212907207e-36,,Cannot find cue top
sec6-res-util-pool-c2m2,,650,,pool,,4,,670,,870,,395,,1.08333559372e-35,,Cannot find cue top
sec6-res-util-pool-c2m2,,663,,pool,,4,,740,,933,,498,,4.28871504187e-48,,Cannot find cue top
sec6-res-util-pool-c2m2,,678,,pool,,4,,724,,944,,495,,9.85287982728e-48,,Cannot find cue bottom
sec6-res-util-pool-c2m2,,693,,pool,,4,,717,,933,,395,,1.08333559372e-35,,Cannot find cue bottom
sec6-res-util-pool-c2m2,,706,,pool,,4,,809,,936,,500,,2.46321995682e-48,,Cannot find object ball
sec6-res-util-pool-c2m2,,721,,pool,,4,,605,,812,,289,,6.28687504455e-23,,Cannot find cue ball
sec6-res-util-pool-c2m2,,730,,pool,,4,,717,,988,,497,,5.65899342479e-48,,Cannot find cue ball
sec6-res-util-pool-c2m2,,746,,pool,,4,,681,,887,,395,,1.08333559372e-35,,Cannot find cue ball
sec6-res-util-pool-c2m2,,758,,pool,,4,,682,,964,,416,,3.20708927049e-38,,Cannot find cue bottom
sec6-res-util-pool-c2m2,,771,,pool,,4,,740,,948,,474,,3.32824393625e-45,,Cannot find cue ball
sec6-res-util-pool-c2m2,,786,,pool,,4,,669,,870,,396,,8.21014853244e-36,,Cannot find cue bottom
sec6-res-util-pool-c2m2,,798,,pool,,4,,725,,931,,395,,1.08333559372e-35,,Cannot find cue ball
sec6-res-util-pool-c2m2,,810,,pool,,4,,640,,817,,292,,2.7365213057e-23,,Cannot find cue bottom
sec6-res-util-pool-c2m2,,819,,pool,,4,,724,,933,,397,,6.22212907207e-36,,Cannot find cue bottom
sec6-res-util-pool-c2m2,,832,,pool,,4,,718,,927,,394,,1.42946988593e-35,,Cannot find cue bottom
sec6-res-util-pool-c2m2,,844,,pool,,4,,787,,929,,496,,7.46708659103e-48,,Cannot find cue bottom
sec6-res-util-pool-c2m2,,859,,pool,,4,,679,,799,,292,,2.7365213057e-23,,Cannot find cue top
sec6-res-util-pool-c2m2,,869,,pool,,4,,593,,703,,155,,8.58306884766e-07,,Cannot find cue top
sec6-res-util-pool-c2m2,,874,,pool,,4,,615,,736,,327,,1.67024005475e-27,,Cannot find cue top
sec6-res-util-pool-c2m2,,884,,pool,,4,,596,,874,,399,,3.57367471483e-36,,Cannot find object ball
sec6-res-util-pool-c2m2,,896,,pool,,4,,585,,781,,290,,4.76456032831e-23,,Cannot find cue bottom
sec6-res-util-pool-c2m2,,905,,pool,,4,,653,,869,,397,,6.22212907207e-36,,Cannot find cue bottom
sec6-res-util-pool-c2m2,,918,,pool,,4,,662,,946,,494,,1.3000952876e-47,,Cannot find cue bottom
sec6-res-util-pool-c2m2,,933,,pool,,4,,656,,828,,292,,2.7365213057e-23,,Cannot find cue bottom
sec6-res-util-pool-c2m2,,942,,pool,,4,,718,,835,,395,,1.08333559372e-35,,Cannot find cue top
sec6-res-util-pool-c2m2,,954,,pool,,4,,625,,829,,291,,3.61086151088e-23,,Cannot find cue bottom
sec6-res-util-pool-c2m2,,964,,pool,,4,,797,,930,,397,,6.22212907207e-36,,Cannot find cue ball
sec6-res-util-pool-c2m2,,976,,pool,,4,,796,,1005,,457,,3.70867793087e-43,,Cannot find cue ball
sec6-res-util-pool-c2m2,,990,,pool,,4,,822,,1023,,540,,3.75857537357e-53,,speech: left
sec6-res-util-pool-c2m2,,1007,,pool,,4,,768,,896,,496,,7.46708659103e-48,,speech: right
sec6-res-util-pool-c2m2,,1022,,pool,,4,,670,,868,,394,,1.42946988593e-35,,Cannot find cue ball
sec6-res-util-pool-c2m2,,1034,,pool,,4,,746,,948,,498,,4.28871504187e-48,,Cannot find cue bottom
sec6-res-util-pool-c2m2,,1050,,pool,,4,,632,,836,,393,,1.8861968227e-35,,Cannot find cue top
sec6-res-util-pool-c2m2,,1062,,pool,,4,,633,,825,,295,,1.19114008208e-23,,Cannot find cue top
sec6-res-util-pool-c2m2,,1071,,pool,,4,,712,,929,,392,,2.48885162883e-35,,Cannot find cue bottom
sec6-res-util-pool-c2m2,,0,,pool,,4,,709,,832,,299,,3.92929690285e-24,,Cannot find cue top
sec6-res-util-pool-c2m2,,10,,pool,,4,,810,,1019,,499,,3.250238219e-48,,Cannot find cue ball
sec6-res-util-pool-c2m2,,25,,pool,,4,,784,,922,,499,,3.250238219e-48,,Cannot find cue ball
sec6-res-util-pool-c2m2,,40,,pool,,4,,671,,886,,397,,6.22212907207e-36,,Cannot find cue bottom
sec6-res-util-pool-c2m2,,53,,pool,,4,,758,,979,,495,,9.85287982728e-48,,Cannot find cue bottom
sec6-res-util-pool-c2m2,,68,,pool,,4,,670,,891,,498,,4.28871504187e-48,,Cannot find cue ball
sec6-res-util-pool-c2m2,,83,,pool,,4,,635,,861,,393,,1.8861968227e-35,,speech: good
sec6-res-util-pool-c2m2,,96,,pool,,4,,661,,947,,499,,3.250238219e-48,,Cannot find cue ball
sec6-res-util-pool-c2m2,,111,,pool,,4,,647,,839,,394,,1.42946988593e-35,,speech: left
sec6-res-util-pool-c2m2,,123,,pool,,4,,729,,1017,,495,,9.85287982728e-48,,Cannot find cue bottom
sec6-res-util-pool-c2m2,,139,,pool,,4,,709,,909,,395,,1.08333559372e-35,,Cannot find cue top
sec6-res-util-pool-c2m2,,151,,pool,,4,,788,,986,,498,,4.28871504187e-48,,Cannot find cue top
sec6-res-util-pool-c2m2,,166,,pool,,4,,791,,1080,,599,,2.95607443968e-60,,speech: left
sec6-res-util-pool-c2m2,,185,,pool,,4,,663,,867,,394,,1.42946988593e-35,,Cannot find cue top
sec6-res-util-pool-c2m2,,197,,pool,,4,,677,,950,,498,,4.28871504187e-48,,Cannot find cue top
sec6-res-util-pool-c2m2,,213,,pool,,4,,656,,953,,496,,7.46708659103e-48,,speech: right
sec6-res-util-pool-c2m2,,228,,pool,,4,,660,,858,,395,,1.08333559372e-35,,speech: right
sec6-res-util-pool-c2m2,,240,,pool,,4,,635,,940,,500,,2.46321995682e-48,,speech: right
sec6-res-util-pool-c2m2,,255,,pool,,4,,618,,908,,398,,4.71549205675e-36,,Cannot find cue ball
sec6-res-util-pool-c2m2,,268,,pool,,4,,593,,808,,291,,3.61086151088e-23,,speech: right
sec6-res-util-pool-c2m2,,277,,pool,,4,,690,,912,,395,,1.08333559372e-35,,speech: right
sec6-res-util-pool-c2m2,,289,,pool,,4,,703,,902,,397,,6.22212907207e-36,,Cannot find cue top
sec6-res-util-pool-c2m2,,302,,pool,,4,,692,,909,,396,,8.21014853244e-36,,Cannot find cue bottom
sec6-res-util-pool-c2m2,,314,,pool,,4,,687,,898,,397,,6.22212907207e-36,,Cannot find cue bottom
sec6-res-util-pool-c2m2,,326,,pool,,4,,677,,886,,395,,1.08333559372e-35,,Cannot find cue top
sec6-res-util-pool-c2m2,,338,,pool,,4,,676,,872,,396,,8.21014853244e-36,,Cannot find cue top
sec6-res-util-pool-c2m2,,351,,pool,,4,,735,,930,,394,,1.42946988593e-35,,Cannot find cue top
sec6-res-util-pool-c2m2,,363,,pool,,4,,730,,945,,497,,5.65899342479e-48,,Cannot find cue bottom
sec6-res-util-pool-c2m2,,379,,pool,,4,,637,,804,,289,,6.28687504455e-23,,Cannot find cue top
sec6-res-util-pool-c2m2,,388,,pool,,4,,620,,744,,195,,1.30967237055e-11,,Cannot find cue top
sec6-res-util-pool-c2m2,,394,,pool,,4,,787,,990,,492,,2.26359736992e-47,,Cannot find cue bottom
sec6-res-util-pool-c2m2,,409,,pool,,4,,711,,982,,499,,3.250238219e-48,,Cannot find cue bottom
sec6-res-util-pool-c2m2,,425,,pool,,4,,696,,985,,496,,7.46708659103e-48,,speech: good
sec6-res-util-pool-c2m2,,440,,pool,,4,,690,,972,,498,,4.28871504187e-48,,Cannot find cue ball
sec6-res-util-pool-c2m2,,455,,pool,,4,,753,,974,,499,,3.250238219e-48,,Cannot find cue bottom
sec6-res-util-pool-c2m2,,471,,pool,,4,,752,,1042,,600,,2.24028550003e-60,,Cannot find cue ball
sec6-res-util-pool-c2m2,,489,,pool,,4,,651,,943,,499,,3.250238219e-48,,Cannot find cue ball
sec6-res-util-pool-c2m2,,504,,pool,,4,,718,,950,,498,,4.28871504187e-48,,Cannot find cue ball
sec6-res-util-pool-c2m2,,520,,pool,,4,,708,,921,,373,,4.82866386611e-33,,Cannot find cue bottom
sec6-res-util-pool-c2m2,,531,,pool,,4,,636,,811,,315,,4.65289094561e-26,,Cannot find cue bottom
sec6-res-util-pool-c2m2,,541,,pool,,4,,698,,889,,395,,1.08333559372e-35,,Cannot find cue top
sec6-res-util-pool-c2m2,,554,,pool,,4,,687,,881,,392,,2.48885162883e-35,,Cannot find cue top
sec6-res-util-pool-c2m2,,566,,pool,,4,,760,,973,,496,,7.46708659103e-48,,Cannot find cue bottom
sec6-res-util-pool-c2m2,,581,,pool,,4,,670,,955,,497,,5.65899342479e-48,,Cannot find cue bottom
sec6-res-util-pool-c2m2,,596,,pool,,4,,646,,838,,393,,1.8861968227e-35,,Cannot find cue top
sec6-res-util-pool-c2m2,,609,,pool,,4,,650,,853,,394,,1.42946988593e-35,,Cannot find cue top
sec6-res-util-pool-c2m2,,621,,pool,,4,,646,,849,,396,,8.21014853244e-36,,Cannot find cue top
sec6-res-util-pool-c2m2,,633,,pool,,4,,708,,841,,395,,1.08333559372e-35,,Cannot find cue top
sec6-res-util-pool-c2m2,,646,,pool,,4,,704,,922,,391,,3.28405941298e-35,,Cannot find cue bottom
sec6-res-util-pool-c2m2,,658,,pool,,4,,721,,993,,497,,5.65899342479e-48,,Cannot find cue top
sec6-res-util-pool-c2m2,,673,,pool,,4,,686,,879,,393,,1.8861968227e-35,,Cannot find cue top
sec6-res-util-pool-c2m2,,685,,pool,,4,,574,,709,,300,,2.97785020519e-24,,Cannot find cue bottom
sec6-res-util-pool-c2m2,,695,,pool,,4,,683,,972,,494,,1.3000952876e-47,,Cannot find cue bottom
sec6-res-util-pool-c2m2,,710,,pool,,4,,655,,869,,394,,1.42946988593e-35,,Cannot find object ball
sec6-res-util-pool-c2m2,,722,,pool,,4,,666,,951,,498,,4.28871504187e-48,,speech: left
sec6-res-util-pool-c2m2,,738,,pool,,4,,664,,932,,394,,1.42946988593e-35,,Cannot find cue ball
sec6-res-util-pool-c2m2,,750,,pool,,4,,720,,922,,395,,1.08333559372e-35,,Cannot find cue top
sec6-res-util-pool-c2m2,,762,,pool,,4,,710,,920,,399,,3.57367471483e-36,,Cannot find cue ball
sec6-res-util-pool-c2m2,,775,,pool,,4,,714,,992,,492,,2.26359736992e-47,,Cannot find cue ball
sec6-res-util-pool-c2m2,,790,,pool,,4,,703,,993,,497,,5.65899342479e-48,,Cannot find cue ball
sec6-res-util-pool-c2m2,,805,,pool,,4,,774,,996,,498,,4.28871504187e-48,,Cannot find cue bottom
sec6-res-util-pool-c2m2,,821,,pool,,4,,705,,975,,498,,4.28871504187e-48,,Cannot find cue bottom
sec6-res-util-pool-c2m2,,836,,pool,,4,,652,,790,,395,,1.08333559372e-35,,Cannot find cue bottom
sec6-res-util-pool-c2m2,,848,,pool,,4,,638,,838,,394,,1.42946988593e-35,,Cannot find cue top
sec6-res-util-pool-c2m2,,861,,pool,,4,,652,,860,,397,,6.22212907207e-36,,Cannot find cue top
sec6-res-util-pool-c2m2,,873,,pool,,4,,652,,851,,396,,8.21014853244e-36,,Cannot find cue top
sec6-res-util-pool-c2m2,,885,,pool,,4,,641,,920,,393,,1.8861968227e-35,,Cannot find object ball
sec6-res-util-pool-c2m2,,898,,pool,,4,,706,,926,,495,,9.85287982728e-48,,Cannot find cue bottom
sec6-res-util-pool-c2m2,,913,,pool,,4,,696,,918,,394,,1.42946988593e-35,,Cannot find cue bottom
sec6-res-util-pool-c2m2,,925,,pool,,4,,778,,909,,393,,1.8861968227e-35,,Cannot find cue bottom
sec6-res-util-pool-c2m2,,937,,pool,,4,,770,,876,,395,,1.08333559372e-35,,Cannot find cue top
sec6-res-util-pool-c2m2,,950,,pool,,4,,667,,786,,292,,2.7365213057e-23,,Cannot find cue top
sec6-res-util-pool-c2m2,,959,,pool,,4,,761,,890,,499,,3.250238219e-48,,Cannot find cue top
sec6-res-util-pool-c2m2,,974,,pool,,4,,742,,875,,396,,8.21014853244e-36,,Cannot find cue bottom
sec6-res-util-pool-c2m2,,987,,pool,,4,,651,,846,,391,,3.28405941298e-35,,speech: right
sec6-res-util-pool-c2m2,,999,,pool,,4,,721,,861,,394,,1.42946988593e-35,,speech: right
sec6-res-util-pool-c2m2,,1011,,pool,,4,,731,,939,,495,,9.85287982728e-48,,Cannot find cue bottom
sec6-res-util-pool-c2m2,,1027,,pool,,4,,627,,837,,397,,6.22212907207e-36,,Cannot find cue ball
sec6-res-util-pool-c2m2,,1039,,pool,,4,,704,,995,,497,,5.65899342479e-48,,Cannot find cue bottom
sec6-res-util-pool-c2m2,,1054,,pool,,4,,778,,978,,495,,9.85287982728e-48,,Cannot find cue top
sec6-res-util-pool-c2m2,,1070,,pool,,4,,765,,967,,497,,5.65899342479e-48,,Cannot find cue top
sec6-res-util-pool-c2m2,,2,,pool,,4,,684,,969,,496,,7.46708659103e-48,,Cannot find cue ball
sec6-res-util-pool-c2m2,,17,,pool,,4,,745,,960,,498,,4.28871504187e-48,,Cannot find cue bottom
sec6-res-util-pool-c2m2,,33,,pool,,4,,750,,1033,,498,,4.28871504187e-48,,Cannot find cue ball
sec6-res-util-pool-c2m2,,48,,pool,,4,,639,,837,,393,,1.8861968227e-35,,Cannot find cue bottom
sec6-res-util-pool-c2m2,,60,,pool,,4,,718,,916,,396,,8.21014853244e-36,,Cannot find cue top
sec6-res-util-pool-c2m2,,73,,pool,,4,,795,,1008,,496,,7.46708659103e-48,,Cannot find object ball
sec6-res-util-pool-c2m2,,88,,pool,,4,,799,,1032,,599,,2.95607443968e-60,,Cannot find cue ball
sec6-res-util-pool-c2m2,,106,,pool,,4,,702,,1001,,599,,2.95607443968e-60,,speech: right
sec6-res-util-pool-c2m2,,125,,pool,,4,,593,,792,,292,,2.7365213057e-23,,Cannot find cue top
sec6-res-util-pool-c2m2,,134,,pool,,4,,688,,955,,496,,7.46708659103e-48,,Cannot find cue top
sec6-res-util-pool-c2m2,,149,,pool,,4,,654,,844,,398,,4.71549205675e-36,,Cannot find cue top
sec6-res-util-pool-c2m2,,162,,pool,,4,,563,,837,,395,,1.08333559372e-35,,Cannot find cue bottom
sec6-res-util-pool-c2m2,,174,,pool,,4,,561,,846,,394,,1.42946988593e-35,,speech: left
sec6-res-util-pool-c2m2,,186,,pool,,4,,629,,910,,395,,1.08333559372e-35,,Cannot find cue ball
sec6-res-util-pool-c2m2,,199,,pool,,4,,606,,737,,292,,2.7365213057e-23,,Cannot find cue top
sec6-res-util-pool-c2m2,,208,,pool,,4,,693,,910,,396,,8.21014853244e-36,,Cannot find cue bottom
sec6-res-util-pool-c2m2,,220,,pool,,4,,702,,990,,493,,1.71548601675e-47,,speech: right
sec6-res-util-pool-c2m2,,235,,pool,,4,,690,,975,,497,,5.65899342479e-48,,speech: left
sec6-res-util-pool-c2m2,,251,,pool,,4,,695,,978,,498,,4.28871504187e-48,,speech: right
sec6-res-util-pool-c2m2,,266,,pool,,4,,764,,1056,,600,,2.24028550003e-60,,Cannot find object ball
sec6-res-util-pool-c2m2,,285,,pool,,4,,658,,950,,497,,5.65899342479e-48,,Cannot find object ball
sec6-res-util-pool-c2m2,,300,,pool,,4,,647,,927,,394,,1.42946988593e-35,,Cannot find cue bottom
sec6-res-util-pool-c2m2,,312,,pool,,4,,735,,1017,,498,,4.28871504187e-48,,Cannot find cue bottom
sec6-res-util-pool-c2m2,,328,,pool,,4,,737,,937,,497,,5.65899342479e-48,,Cannot find cue top
sec6-res-util-pool-c2m2,,343,,pool,,4,,710,,904,,394,,1.42946988593e-35,,Cannot find cue bottom
sec6-res-util-pool-c2m2,,355,,pool,,4,,704,,983,,497,,5.65899342479e-48,,Cannot find cue bottom
sec6-res-util-pool-c2m2,,371,,pool,,4,,671,,875,,396,,8.21014853244e-36,,Cannot find cue top
sec6-res-util-pool-c2m2,,383,,pool,,4,,659,,861,,394,,1.42946988593e-35,,Cannot find cue top
sec6-res-util-pool-c2m2,,395,,pool,,4,,657,,886,,397,,6.22212907207e-36,,Cannot find cue bottom
sec6-res-util-pool-c2m2,,407,,pool,,4,,669,,876,,495,,9.85287982728e-48,,Cannot find cue top
sec6-res-util-pool-c2m2,,423,,pool,,4,,631,,840,,397,,6.22212907207e-36,,Cannot find object ball
sec6-res-util-pool-c2m2,,435,,pool,,4,,617,,836,,394,,1.42946988593e-35,,Cannot find cue ball
sec6-res-util-pool-c2m2,,447,,pool,,4,,638,,823,,292,,2.7365213057e-23,,Cannot find cue top
sec6-res-util-pool-c2m2,,457,,pool,,4,,705,,913,,396,,8.21014853244e-36,,Cannot find cue top
sec6-res-util-pool-c2m2,,469,,pool,,4,,703,,991,,497,,5.65899342479e-48,,Cannot find object ball
sec6-res-util-pool-c2m2,,484,,pool,,4,,678,,903,,396,,8.21014853244e-36,,Cannot find cue ball
sec6-res-util-pool-c2m2,,497,,pool,,4,,682,,876,,394,,1.42946988593e-35,,speech: good
sec6-res-util-pool-c2m2,,509,,pool,,4,,658,,877,,395,,1.08333559372e-35,,Cannot find cue bottom
sec6-res-util-pool-c2m2,,521,,pool,,4,,680,,962,,413,,7.36795633867e-38,,Cannot find cue bottom
sec6-res-util-pool-c2m2,,534,,pool,,4,,740,,1023,,583,,2.49636070911e-58,,Cannot find cue bottom
sec6-res-util-pool-c2m2,,552,,pool,,4,,734,,924,,392,,2.48885162883e-35,,Cannot find cue top
sec6-res-util-pool-c2m2,,564,,pool,,4,,743,,950,,497,,5.65899342479e-48,,Cannot find cue bottom
sec6-res-util-pool-c2m2,,579,,pool,,4,,622,,838,,395,,1.08333559372e-35,,Cannot find cue bottom
sec6-res-util-pool-c2m2,,592,,pool,,4,,708,,920,,396,,8.21014853244e-36,,Cannot find cue top
sec6-res-util-pool-c2m2,,604,,pool,,4,,719,,918,,396,,8.21014853244e-36,,Cannot find cue top
sec6-res-util-pool-c2m2,,616,,pool,,4,,782,,980,,496,,7.46708659103e-48,,Cannot find cue top
sec6-res-util-pool-c2m2,,632,,pool,,4,,662,,800,,312,,1.06895363504e-25,,Cannot find cue top
sec6-res-util-pool-c2m2,,642,,pool,,4,,743,,861,,377,,1.59286504245e-33,,Cannot find cue top
sec6-res-util-pool-c2m2,,653,,pool,,4,,668,,862,,393,,1.8861968227e-35,,Cannot find cue top
sec6-res-util-pool-c2m2,,665,,pool,,4,,737,,871,,396,,8.21014853244e-36,,Cannot find cue top
sec6-res-util-pool-c2m2,,678,,pool,,4,,731,,954,,496,,7.46708659103e-48,,Cannot find cue bottom
sec6-res-util-pool-c2m2,,693,,pool,,4,,726,,952,,502,,1.4147483562e-48,,Cannot find cue bottom
sec6-res-util-pool-c2m2,,709,,pool,,4,,703,,921,,391,,3.28405941298e-35,,Cannot find object ball
sec6-res-util-pool-c2m2,,721,,pool,,4,,802,,1015,,496,,7.46708659103e-48,,Cannot find cue ball
sec6-res-util-pool-c2m2,,736,,pool,,4,,784,,1000,,496,,7.46708659103e-48,,Cannot find cue ball
sec6-res-util-pool-c2m2,,751,,pool,,4,,768,,906,,497,,5.65899342479e-48,,Cannot find cue top
sec6-res-util-pool-c2m2,,767,,pool,,4,,680,,957,,498,,4.28871504187e-48,,Cannot find cue ball
sec6-res-util-pool-c2m2,,782,,pool,,4,,666,,953,,501,,1.86677164776e-48,,Cannot find cue ball
sec6-res-util-pool-c2m2,,798,,pool,,4,,645,,849,,392,,2.48885162883e-35,,Cannot find cue ball
sec6-res-util-pool-c2m2,,810,,pool,,4,,644,,935,,498,,4.28871504187e-48,,Cannot find cue bottom
sec6-res-util-pool-c2m2,,825,,pool,,4,,636,,928,,393,,1.8861968227e-35,,Cannot find cue bottom
sec6-res-util-pool-c2m2,,838,,pool,,4,,805,,1028,,499,,3.250238219e-48,,Cannot find cue bottom
sec6-res-util-pool-c2m2,,853,,pool,,4,,724,,998,,496,,7.46708659103e-48,,Cannot find cue bottom
sec6-res-util-pool-c2m2,,868,,pool,,4,,786,,992,,497,,5.65899342479e-48,,Cannot find cue top
sec6-res-util-pool-c2m2,,884,,pool,,4,,687,,975,,497,,5.65899342479e-48,,Cannot find object ball
sec6-res-util-pool-c2m2,,899,,pool,,4,,674,,953,,497,,5.65899342479e-48,,Cannot find cue bottom
sec6-res-util-pool-c2m2,,914,,pool,,4,,651,,870,,396,,8.21014853244e-36,,Cannot find cue bottom
sec6-res-util-pool-c2m2,,927,,pool,,4,,741,,956,,498,,4.28871504187e-48,,Cannot find cue ball
sec6-res-util-pool-c2m2,,942,,pool,,4,,729,,839,,394,,1.42946988593e-35,,Cannot find cue top
sec6-res-util-pool-c2m2,,954,,pool,,4,,630,,818,,292,,2.7365213057e-23,,Cannot find cue bottom
sec6-res-util-pool-c2m2,,964,,pool,,4,,561,,725,,176,,2.5409178992e-09,,Cannot find cue ball
sec6-res-util-pool-c2m2,,969,,pool,,4,,816,,1029,,508,,2.68044690117e-49,,Cannot find object ball
sec6-res-util-pool-c2m2,,985,,pool,,4,,792,,1002,,496,,7.46708659103e-48,,speech: right
sec6-res-util-pool-c2m2,,1000,,pool,,4,,780,,988,,498,,4.28871504187e-48,,speech: right
sec6-res-util-pool-c2m2,,1016,,pool,,4,,778,,987,,496,,7.46708659103e-48,,Cannot find cue bottom
sec6-res-util-pool-c2m2,,1031,,pool,,4,,768,,991,,497,,5.65899342479e-48,,Cannot find cue bottom
sec6-res-util-pool-c2m2,,1046,,pool,,4,,752,,979,,498,,4.28871504187e-48,,Cannot find cue bottom
sec6-res-util-pool-c2m2,,1062,,pool,,4,,832,,1056,,602,,1.2867061343e-60,,Cannot find cue top
sec6-res-util-pool-c2m2,,1080,,pool,,4,,723,,926,,394,,1.42946988593e-35,,Cannot find cue top
sec6-res-util-pool-c2m2,,10,,pool,,4,,805,,1009,,494,,1.3000952876e-47,,Cannot find cue ball
sec6-res-util-pool-c2m2,,25,,pool,,4,,790,,1011,,497,,5.65899342479e-48,,Cannot find cue ball
sec6-res-util-pool-c2m2,,40,,pool,,4,,786,,997,,497,,5.65899342479e-48,,Cannot find cue bottom
sec6-res-util-pool-c2m2,,56,,pool,,4,,696,,972,,496,,7.46708659103e-48,,Cannot find cue bottom
sec6-res-util-pool-c2m2,,71,,pool,,4,,675,,961,,497,,5.65899342479e-48,,Cannot find cue ball
sec6-res-util-pool-c2m2,,86,,pool,,4,,662,,875,,497,,5.65899342479e-48,,Cannot find cue top
sec6-res-util-pool-c2m2,,102,,pool,,4,,631,,933,,396,,8.21014853244e-36,,speech: right
sec6-res-util-pool-c2m2,,114,,pool,,4,,730,,1035,,497,,5.65899342479e-48,,speech: good
sec6-res-util-pool-c2m2,,129,,pool,,4,,730,,938,,498,,4.28871504187e-48,,Cannot find cue top
sec6-res-util-pool-c2m2,,145,,pool,,4,,621,,812,,293,,2.07389533883e-23,,Cannot find cue top
sec6-res-util-pool-c2m2,,154,,pool,,4,,698,,901,,396,,8.21014853244e-36,,Cannot find cue top
sec6-res-util-pool-c2m2,,166,,pool,,4,,612,,889,,495,,9.85287982728e-48,,speech: left
sec6-res-util-pool-c2m2,,182,,pool,,4,,771,,903,,393,,1.8861968227e-35,,Cannot find cue top
sec6-res-util-pool-c2m2,,194,,pool,,4,,682,,967,,496,,7.46708659103e-48,,speech: left
sec6-res-util-pool-c2m2,,209,,pool,,4,,668,,964,,497,,5.65899342479e-48,,Cannot find cue bottom
sec6-res-util-pool-c2m2,,225,,pool,,4,,734,,1035,,498,,4.28871504187e-48,,speech: left
sec6-res-util-pool-c2m2,,240,,pool,,4,,628,,920,,393,,1.8861968227e-35,,speech: right
sec6-res-util-pool-c2m2,,252,,pool,,4,,643,,844,,396,,8.21014853244e-36,,speech: right
sec6-res-util-pool-c2m2,,264,,pool,,4,,625,,904,,396,,8.21014853244e-36,,speech: left
sec6-res-util-pool-c2m2,,277,,pool,,4,,693,,917,,395,,1.08333559372e-35,,speech: right
sec6-res-util-pool-c2m2,,289,,pool,,4,,796,,1001,,496,,7.46708659103e-48,,Cannot find cue top
sec6-res-util-pool-c2m2,,304,,pool,,4,,713,,977,,499,,3.250238219e-48,,Cannot find cue bottom
sec6-res-util-pool-c2m2,,320,,pool,,4,,664,,867,,396,,8.21014853244e-36,,Cannot find cue bottom
sec6-res-util-pool-c2m2,,332,,pool,,4,,669,,868,,394,,1.42946988593e-35,,Cannot find cue top
sec6-res-util-pool-c2m2,,344,,pool,,4,,648,,865,,395,,1.08333559372e-35,,Cannot find cue bottom
sec6-res-util-pool-c2m2,,357,,pool,,4,,749,,1031,,494,,1.3000952876e-47,,Cannot find cue bottom
sec6-res-util-pool-c2m2,,372,,pool,,4,,740,,1016,,495,,9.85287982728e-48,,Cannot find cue top
sec6-res-util-pool-c2m2,,387,,pool,,4,,733,,940,,499,,3.250238219e-48,,Cannot find cue top
sec6-res-util-pool-c2m2,,403,,pool,,4,,705,,924,,495,,9.85287982728e-48,,Cannot find cue bottom
sec6-res-util-pool-c2m2,,418,,pool,,4,,693,,909,,395,,1.08333559372e-35,,Cannot find cue ball
sec6-res-util-pool-c2m2,,430,,pool,,4,,782,,1000,,499,,3.250238219e-48,,Cannot find cue ball
sec6-res-util-pool-c2m2,,446,,pool,,4,,764,,959,,492,,2.26359736992e-47,,Cannot find cue top
sec6-res-util-pool-c2m2,,461,,pool,,4,,670,,871,,394,,1.42946988593e-35,,speech: left
sec6-res-util-pool-c2m2,,473,,pool,,4,,678,,953,,498,,4.28871504187e-48,,Cannot find cue ball
sec6-res-util-pool-c2m2,,489,,pool,,4,,733,,949,,495,,9.85287982728e-48,,Cannot find cue ball
sec6-res-util-pool-c2m2,,504,,pool,,4,,721,,943,,497,,5.65899342479e-48,,Cannot find cue ball
sec6-res-util-pool-c2m2,,519,,pool,,4,,709,,918,,396,,8.21014853244e-36,,Cannot find cue bottom
sec6-res-util-pool-c2m2,,532,,pool,,4,,792,,923,,392,,2.48885162883e-35,,Cannot find cue top
sec6-res-util-pool-c2m2,,544,,pool,,4,,781,,986,,494,,1.3000952876e-47,,Cannot find cue top
sec6-res-util-pool-c2m2,,559,,pool,,4,,676,,883,,395,,1.08333559372e-35,,Cannot find cue bottom
sec6-res-util-pool-c2m2,,572,,pool,,4,,668,,879,,397,,6.22212907207e-36,,Cannot find cue ball
sec6-res-util-pool-c2m2,,584,,pool,,4,,670,,877,,395,,1.08333559372e-35,,Cannot find cue bottom
sec6-res-util-pool-c2m2,,596,,pool,,4,,675,,880,,397,,6.22212907207e-36,,Cannot find cue top
sec6-res-util-pool-c2m2,,609,,pool,,4,,746,,866,,395,,1.08333559372e-35,,Cannot find cue top
sec6-res-util-pool-c2m2,,621,,pool,,4,,624,,768,,293,,2.07389533883e-23,,Cannot find cue top
sec6-res-util-pool-c2m2,,630,,pool,,4,,738,,949,,502,,1.4147483562e-48,,Cannot find cue top
sec6-res-util-pool-c2m2,,645,,pool,,4,,810,,1029,,494,,1.3000952876e-47,,Cannot find cue bottom
sec6-res-util-pool-c2m2,,661,,pool,,4,,732,,937,,401,,2.05253713311e-36,,Cannot find cue top
sec6-res-util-pool-c2m2,,673,,pool,,4,,715,,989,,503,,1.07217876047e-48,,Cannot find cue top
sec6-res-util-pool-c2m2,,688,,pool,,4,,671,,896,,394,,1.42946988593e-35,,Cannot find cue bottom
sec6-res-util-pool-c2m2,,701,,pool,,4,,676,,966,,497,,5.65899342479e-48,,speech: good
sec6-res-util-pool-c2m2,,716,,pool,,4,,754,,962,,497,,5.65899342479e-48,,Cannot find cue ball
sec6-res-util-pool-c2m2,,731,,pool,,4,,642,,861,,394,,1.42946988593e-35,,Cannot find cue ball
sec6-res-util-pool-c2m2,,744,,pool,,4,,651,,854,,394,,1.42946988593e-35,,Cannot find cue ball
sec6-res-util-pool-c2m2,,756,,pool,,4,,648,,865,,396,,8.21014853244e-36,,Cannot find cue bottom
sec6-res-util-pool-c2m2,,768,,pool,,4,,644,,849,,393,,1.8861968227e-35,,Cannot find cue ball
sec6-res-util-pool-c2m2,,781,,pool,,4,,736,,1010,,498,,4.28871504187e-48,,Cannot find cue ball
sec6-res-util-pool-c2m2,,796,,pool,,4,,712,,904,,396,,8.21014853244e-36,,Cannot find cue ball
sec6-res-util-pool-c2m2,,808,,pool,,4,,677,,898,,394,,1.42946988593e-35,,Cannot find cue bottom
sec6-res-util-pool-c2m2,,820,,pool,,4,,688,,891,,397,,6.22212907207e-36,,Cannot find cue bottom
sec6-res-util-pool-c2m2,,833,,pool,,4,,689,,960,,499,,3.250238219e-48,,Cannot find cue bottom
sec6-res-util-pool-c2m2,,848,,pool,,4,,575,,777,,297,,6.84130326426e-24,,Cannot find cue top
sec6-res-util-pool-c2m2,,857,,pool,,4,,674,,878,,496,,7.46708659103e-48,,Cannot find cue top
sec6-res-util-pool-c2m2,,873,,pool,,4,,650,,845,,397,,6.22212907207e-36,,Cannot find cue top
sec6-res-util-pool-c2m2,,885,,pool,,4,,654,,926,,396,,8.21014853244e-36,,Cannot find object ball
sec6-res-util-pool-c2m2,,897,,pool,,4,,736,,1020,,498,,4.28871504187e-48,,Cannot find cue bottom
sec6-res-util-pool-c2m2,,913,,pool,,4,,721,,1005,,499,,3.250238219e-48,,Cannot find cue bottom
sec6-res-util-pool-c2m2,,928,,pool,,4,,715,,992,,500,,2.46321995682e-48,,Cannot find cue bottom
sec6-res-util-pool-c2m2,,943,,pool,,4,,694,,880,,393,,1.8861968227e-35,,Cannot find cue top
sec6-res-util-pool-c2m2,,956,,pool,,4,,763,,895,,397,,6.22212907207e-36,,Cannot find cue top
sec6-res-util-pool-c2m2,,968,,pool,,4,,763,,971,,493,,1.71548601675e-47,,Cannot find cue ball
